[0.020s] Invoking command in '/home/luka/ws_moveit/build/pick_ik': AMENT_PREFIX_PATH=/home/luka/ws_moveit/install/moveit_core:/home/luka/ws_moveit/install/moveit_resources_panda_moveit_config:/home/luka/ws_moveit/install/moveit_resources_pr2_description:/home/luka/ws_moveit/install/moveit_resources_panda_description:/home/luka/ws_moveit/install/moveit_msgs:/home/luka/ws_moveit/install/moveit_common:${AMENT_PREFIX_PATH} CMAKE_PREFIX_PATH=/home/luka/ws_moveit/install/moveit_core:/home/luka/ws_moveit/install/moveit_resources_panda_moveit_config:/home/luka/ws_moveit/install/moveit_resources_pr2_description:/home/luka/ws_moveit/install/moveit_resources_panda_description:/home/luka/ws_moveit/install/moveit_msgs:/home/luka/ws_moveit/install/moveit_common:/opt/ros/jazzy/opt/gz_sim_vendor:/opt/ros/jazzy/opt/gz_sensors_vendor:/opt/ros/jazzy/opt/gz_physics_vendor:/opt/ros/jazzy/opt/sdformat_vendor:/opt/ros/jazzy/opt/gz_gui_vendor:/opt/ros/jazzy/opt/gz_transport_vendor:/opt/ros/jazzy/opt/gz_rendering_vendor:/opt/ros/jazzy/opt/gz_plugin_vendor:/opt/ros/jazzy/opt/gz_fuel_tools_vendor:/opt/ros/jazzy/opt/gz_msgs_vendor:/opt/ros/jazzy/opt/gz_common_vendor:/opt/ros/jazzy/opt/gz_math_vendor:/opt/ros/jazzy/opt/gz_utils_vendor:/opt/ros/jazzy/opt/gz_tools_vendor:/opt/ros/jazzy/opt/gz_ogre_next_vendor:/opt/ros/jazzy/opt/gz_dartsim_vendor:/opt/ros/jazzy/opt/gz_cmake_vendor:/opt/ros/jazzy DEBUGINFOD_URLS=https://debuginfod.ubuntu.com LD_LIBRARY_PATH=/home/luka/ws_moveit/install/moveit_core/lib:/home/luka/ws_moveit/install/moveit_msgs/lib:${LD_LIBRARY_PATH} PATH=/home/luka/ws_moveit/install/moveit_core/bin:${PATH} PYTHONPATH=/home/luka/ws_moveit/install/moveit_msgs/lib/python3.12/site-packages:${PYTHONPATH} /usr/bin/cmake --build /home/luka/ws_moveit/build/pick_ik -- -j4 -l4
[0.095s] [  2%] Built target pick_ik_parameters
[0.182s] [  2%] [32m[1mLinking CXX shared library libpick_ik_plugin.so[0m
[0.229s] [ 87%] Built target Catch2
[0.262s] [ 89%] Built target Catch2WithMain
[0.448s] [ 95%] Built target pick_ik_plugin
[0.518s] [ 96%] [32m[1mLinking CXX executable test-pick_ik[0m
[1.047s] [100%] Built target test-pick_ik
[1.063s] Invoked command in '/home/luka/ws_moveit/build/pick_ik' returned '0': AMENT_PREFIX_PATH=/home/luka/ws_moveit/install/moveit_core:/home/luka/ws_moveit/install/moveit_resources_panda_moveit_config:/home/luka/ws_moveit/install/moveit_resources_pr2_description:/home/luka/ws_moveit/install/moveit_resources_panda_description:/home/luka/ws_moveit/install/moveit_msgs:/home/luka/ws_moveit/install/moveit_common:${AMENT_PREFIX_PATH} CMAKE_PREFIX_PATH=/home/luka/ws_moveit/install/moveit_core:/home/luka/ws_moveit/install/moveit_resources_panda_moveit_config:/home/luka/ws_moveit/install/moveit_resources_pr2_description:/home/luka/ws_moveit/install/moveit_resources_panda_description:/home/luka/ws_moveit/install/moveit_msgs:/home/luka/ws_moveit/install/moveit_common:/opt/ros/jazzy/opt/gz_sim_vendor:/opt/ros/jazzy/opt/gz_sensors_vendor:/opt/ros/jazzy/opt/gz_physics_vendor:/opt/ros/jazzy/opt/sdformat_vendor:/opt/ros/jazzy/opt/gz_gui_vendor:/opt/ros/jazzy/opt/gz_transport_vendor:/opt/ros/jazzy/opt/gz_rendering_vendor:/opt/ros/jazzy/opt/gz_plugin_vendor:/opt/ros/jazzy/opt/gz_fuel_tools_vendor:/opt/ros/jazzy/opt/gz_msgs_vendor:/opt/ros/jazzy/opt/gz_common_vendor:/opt/ros/jazzy/opt/gz_math_vendor:/opt/ros/jazzy/opt/gz_utils_vendor:/opt/ros/jazzy/opt/gz_tools_vendor:/opt/ros/jazzy/opt/gz_ogre_next_vendor:/opt/ros/jazzy/opt/gz_dartsim_vendor:/opt/ros/jazzy/opt/gz_cmake_vendor:/opt/ros/jazzy DEBUGINFOD_URLS=https://debuginfod.ubuntu.com LD_LIBRARY_PATH=/home/luka/ws_moveit/install/moveit_core/lib:/home/luka/ws_moveit/install/moveit_msgs/lib:${LD_LIBRARY_PATH} PATH=/home/luka/ws_moveit/install/moveit_core/bin:${PATH} PYTHONPATH=/home/luka/ws_moveit/install/moveit_msgs/lib/python3.12/site-packages:${PYTHONPATH} /usr/bin/cmake --build /home/luka/ws_moveit/build/pick_ik -- -j4 -l4
[1.065s] Invoking command in '/home/luka/ws_moveit/build/pick_ik': AMENT_PREFIX_PATH=/home/luka/ws_moveit/install/moveit_core:/home/luka/ws_moveit/install/moveit_resources_panda_moveit_config:/home/luka/ws_moveit/install/moveit_resources_pr2_description:/home/luka/ws_moveit/install/moveit_resources_panda_description:/home/luka/ws_moveit/install/moveit_msgs:/home/luka/ws_moveit/install/moveit_common:${AMENT_PREFIX_PATH} CMAKE_PREFIX_PATH=/home/luka/ws_moveit/install/moveit_core:/home/luka/ws_moveit/install/moveit_resources_panda_moveit_config:/home/luka/ws_moveit/install/moveit_resources_pr2_description:/home/luka/ws_moveit/install/moveit_resources_panda_description:/home/luka/ws_moveit/install/moveit_msgs:/home/luka/ws_moveit/install/moveit_common:/opt/ros/jazzy/opt/gz_sim_vendor:/opt/ros/jazzy/opt/gz_sensors_vendor:/opt/ros/jazzy/opt/gz_physics_vendor:/opt/ros/jazzy/opt/sdformat_vendor:/opt/ros/jazzy/opt/gz_gui_vendor:/opt/ros/jazzy/opt/gz_transport_vendor:/opt/ros/jazzy/opt/gz_rendering_vendor:/opt/ros/jazzy/opt/gz_plugin_vendor:/opt/ros/jazzy/opt/gz_fuel_tools_vendor:/opt/ros/jazzy/opt/gz_msgs_vendor:/opt/ros/jazzy/opt/gz_common_vendor:/opt/ros/jazzy/opt/gz_math_vendor:/opt/ros/jazzy/opt/gz_utils_vendor:/opt/ros/jazzy/opt/gz_tools_vendor:/opt/ros/jazzy/opt/gz_ogre_next_vendor:/opt/ros/jazzy/opt/gz_dartsim_vendor:/opt/ros/jazzy/opt/gz_cmake_vendor:/opt/ros/jazzy DEBUGINFOD_URLS=https://debuginfod.ubuntu.com LD_LIBRARY_PATH=/home/luka/ws_moveit/install/moveit_core/lib:/home/luka/ws_moveit/install/moveit_msgs/lib:${LD_LIBRARY_PATH} PATH=/home/luka/ws_moveit/install/moveit_core/bin:${PATH} PYTHONPATH=/home/luka/ws_moveit/install/moveit_msgs/lib/python3.12/site-packages:${PYTHONPATH} /usr/bin/cmake --install /home/luka/ws_moveit/build/pick_ik
[1.077s] -- Install configuration: "Release"
[1.077s] -- Up-to-date: /home/luka/ws_moveit/install/pick_ik/include/pick_ik
[1.077s] -- Up-to-date: /home/luka/ws_moveit/install/pick_ik/include/pick_ik/pick_ik_parameters.hpp
[1.078s] -- Up-to-date: /home/luka/ws_moveit/install/pick_ik/share/pick_ik/pick_ik_kinematics_description.xml
[1.078s] -- Up-to-date: /home/luka/ws_moveit/install/pick_ik/include/pick_ik
[1.078s] -- Up-to-date: /home/luka/ws_moveit/install/pick_ik/include/pick_ik/pick_ik
[1.079s] -- Up-to-date: /home/luka/ws_moveit/install/pick_ik/include/pick_ik/pick_ik/robot.hpp
[1.079s] -- Up-to-date: /home/luka/ws_moveit/install/pick_ik/include/pick_ik/pick_ik/forward_kinematics.hpp
[1.079s] -- Up-to-date: /home/luka/ws_moveit/install/pick_ik/include/pick_ik/pick_ik/pick_ik_plugin.hpp
[1.079s] -- Up-to-date: /home/luka/ws_moveit/install/pick_ik/include/pick_ik/pick_ik/fk_moveit.hpp
[1.079s] -- Up-to-date: /home/luka/ws_moveit/install/pick_ik/include/pick_ik/pick_ik/ik_gradient.hpp
[1.079s] -- Up-to-date: /home/luka/ws_moveit/install/pick_ik/include/pick_ik/pick_ik/ik_memetic.hpp
[1.080s] -- Up-to-date: /home/luka/ws_moveit/install/pick_ik/include/pick_ik/pick_ik/goal.hpp
[1.080s] -- Installing: /home/luka/ws_moveit/install/pick_ik/lib/libpick_ik_plugin.so
[1.081s] -- Set non-toolchain portion of runtime path of "/home/luka/ws_moveit/install/pick_ik/lib/libpick_ik_plugin.so" to ""
[1.081s] -- Up-to-date: /home/luka/ws_moveit/install/pick_ik/share/pick_ik/environment/library_path.sh
[1.081s] -- Up-to-date: /home/luka/ws_moveit/install/pick_ik/share/pick_ik/environment/library_path.dsv
[1.081s] -- Up-to-date: /home/luka/ws_moveit/install/pick_ik/share/ament_index/resource_index/package_run_dependencies/pick_ik
[1.082s] -- Up-to-date: /home/luka/ws_moveit/install/pick_ik/share/ament_index/resource_index/parent_prefix_path/pick_ik
[1.082s] -- Up-to-date: /home/luka/ws_moveit/install/pick_ik/share/pick_ik/environment/ament_prefix_path.sh
[1.082s] -- Up-to-date: /home/luka/ws_moveit/install/pick_ik/share/pick_ik/environment/ament_prefix_path.dsv
[1.082s] -- Up-to-date: /home/luka/ws_moveit/install/pick_ik/share/pick_ik/environment/path.sh
[1.082s] -- Up-to-date: /home/luka/ws_moveit/install/pick_ik/share/pick_ik/environment/path.dsv
[1.082s] -- Up-to-date: /home/luka/ws_moveit/install/pick_ik/share/pick_ik/local_setup.bash
[1.083s] -- Up-to-date: /home/luka/ws_moveit/install/pick_ik/share/pick_ik/local_setup.sh
[1.083s] -- Up-to-date: /home/luka/ws_moveit/install/pick_ik/share/pick_ik/local_setup.zsh
[1.083s] -- Up-to-date: /home/luka/ws_moveit/install/pick_ik/share/pick_ik/local_setup.dsv
[1.083s] -- Installing: /home/luka/ws_moveit/install/pick_ik/share/pick_ik/package.dsv
[1.083s] -- Up-to-date: /home/luka/ws_moveit/install/pick_ik/share/ament_index/resource_index/packages/pick_ik
[1.083s] -- Up-to-date: /home/luka/ws_moveit/install/pick_ik/share/ament_index/resource_index/moveit_core__pluginlib__plugin/pick_ik
[1.084s] -- Up-to-date: /home/luka/ws_moveit/install/pick_ik/share/pick_ik/cmake/export_pick_ikExport.cmake
[1.084s] -- Up-to-date: /home/luka/ws_moveit/install/pick_ik/share/pick_ik/cmake/export_pick_ikExport-release.cmake
[1.084s] -- Up-to-date: /home/luka/ws_moveit/install/pick_ik/share/pick_ik/cmake/ament_cmake_export_dependencies-extras.cmake
[1.084s] -- Up-to-date: /home/luka/ws_moveit/install/pick_ik/share/pick_ik/cmake/ament_cmake_export_targets-extras.cmake
[1.084s] -- Up-to-date: /home/luka/ws_moveit/install/pick_ik/share/pick_ik/cmake/pick_ikConfig.cmake
[1.084s] -- Up-to-date: /home/luka/ws_moveit/install/pick_ik/share/pick_ik/cmake/pick_ikConfig-version.cmake
[1.085s] -- Up-to-date: /home/luka/ws_moveit/install/pick_ik/share/pick_ik/package.xml
[1.086s] Invoked command in '/home/luka/ws_moveit/build/pick_ik' returned '0': AMENT_PREFIX_PATH=/home/luka/ws_moveit/install/moveit_core:/home/luka/ws_moveit/install/moveit_resources_panda_moveit_config:/home/luka/ws_moveit/install/moveit_resources_pr2_description:/home/luka/ws_moveit/install/moveit_resources_panda_description:/home/luka/ws_moveit/install/moveit_msgs:/home/luka/ws_moveit/install/moveit_common:${AMENT_PREFIX_PATH} CMAKE_PREFIX_PATH=/home/luka/ws_moveit/install/moveit_core:/home/luka/ws_moveit/install/moveit_resources_panda_moveit_config:/home/luka/ws_moveit/install/moveit_resources_pr2_description:/home/luka/ws_moveit/install/moveit_resources_panda_description:/home/luka/ws_moveit/install/moveit_msgs:/home/luka/ws_moveit/install/moveit_common:/opt/ros/jazzy/opt/gz_sim_vendor:/opt/ros/jazzy/opt/gz_sensors_vendor:/opt/ros/jazzy/opt/gz_physics_vendor:/opt/ros/jazzy/opt/sdformat_vendor:/opt/ros/jazzy/opt/gz_gui_vendor:/opt/ros/jazzy/opt/gz_transport_vendor:/opt/ros/jazzy/opt/gz_rendering_vendor:/opt/ros/jazzy/opt/gz_plugin_vendor:/opt/ros/jazzy/opt/gz_fuel_tools_vendor:/opt/ros/jazzy/opt/gz_msgs_vendor:/opt/ros/jazzy/opt/gz_common_vendor:/opt/ros/jazzy/opt/gz_math_vendor:/opt/ros/jazzy/opt/gz_utils_vendor:/opt/ros/jazzy/opt/gz_tools_vendor:/opt/ros/jazzy/opt/gz_ogre_next_vendor:/opt/ros/jazzy/opt/gz_dartsim_vendor:/opt/ros/jazzy/opt/gz_cmake_vendor:/opt/ros/jazzy DEBUGINFOD_URLS=https://debuginfod.ubuntu.com LD_LIBRARY_PATH=/home/luka/ws_moveit/install/moveit_core/lib:/home/luka/ws_moveit/install/moveit_msgs/lib:${LD_LIBRARY_PATH} PATH=/home/luka/ws_moveit/install/moveit_core/bin:${PATH} PYTHONPATH=/home/luka/ws_moveit/install/moveit_msgs/lib/python3.12/site-packages:${PYTHONPATH} /usr/bin/cmake --install /home/luka/ws_moveit/build/pick_ik
