[0.046s] Invoking command in '/home/luka/ws_moveit/build/moveit_hybrid_planning': AMENT_PREFIX_PATH=/home/luka/ws_moveit/install/moveit_ros_planning_interface:/home/luka/ws_moveit/install/moveit_ros_move_group:/home/luka/ws_moveit/install/moveit_ros_warehouse:/home/luka/ws_moveit/install/moveit_planners_ompl:/home/luka/ws_moveit/install/moveit_kinematics:/home/luka/ws_moveit/install/moveit_ros_planning:/home/luka/ws_moveit/install/moveit_simple_controller_manager:/home/luka/ws_moveit/install/moveit_ros_occupancy_map_monitor:/home/luka/ws_moveit/install/moveit_core:/home/luka/ws_moveit/install/moveit_resources_panda_moveit_config:/home/luka/ws_moveit/install/moveit_resources_fanuc_moveit_config:/home/luka/ws_moveit/install/moveit_resources_pr2_description:/home/luka/ws_moveit/install/moveit_resources_panda_description:/home/luka/ws_moveit/install/moveit_resources_fanuc_description:/home/luka/ws_moveit/install/moveit_msgs:/home/luka/ws_moveit/install/moveit_configs_utils:/home/luka/ws_moveit/install/moveit_common:${AMENT_PREFIX_PATH} CMAKE_PREFIX_PATH=/home/luka/ws_moveit/install/moveit_ros_planning_interface:/home/luka/ws_moveit/install/moveit_ros_move_group:/home/luka/ws_moveit/install/moveit_ros_warehouse:/home/luka/ws_moveit/install/moveit_planners_ompl:/home/luka/ws_moveit/install/moveit_kinematics:/home/luka/ws_moveit/install/moveit_ros_planning:/home/luka/ws_moveit/install/moveit_simple_controller_manager:/home/luka/ws_moveit/install/moveit_ros_occupancy_map_monitor:/home/luka/ws_moveit/install/moveit_core:/home/luka/ws_moveit/install/moveit_resources_panda_moveit_config:/home/luka/ws_moveit/install/moveit_resources_fanuc_moveit_config:/home/luka/ws_moveit/install/moveit_resources_pr2_description:/home/luka/ws_moveit/install/moveit_resources_panda_description:/home/luka/ws_moveit/install/moveit_resources_fanuc_description:/home/luka/ws_moveit/install/moveit_msgs:/home/luka/ws_moveit/install/moveit_common:/opt/ros/jazzy/opt/gz_sim_vendor:/opt/ros/jazzy/opt/gz_sensors_vendor:/opt/ros/jazzy/opt/gz_physics_vendor:/opt/ros/jazzy/opt/sdformat_vendor:/opt/ros/jazzy/opt/gz_gui_vendor:/opt/ros/jazzy/opt/gz_transport_vendor:/opt/ros/jazzy/opt/gz_rendering_vendor:/opt/ros/jazzy/opt/gz_plugin_vendor:/opt/ros/jazzy/opt/gz_fuel_tools_vendor:/opt/ros/jazzy/opt/gz_msgs_vendor:/opt/ros/jazzy/opt/gz_common_vendor:/opt/ros/jazzy/opt/gz_math_vendor:/opt/ros/jazzy/opt/gz_utils_vendor:/opt/ros/jazzy/opt/gz_tools_vendor:/opt/ros/jazzy/opt/gz_ogre_next_vendor:/opt/ros/jazzy/opt/gz_dartsim_vendor:/opt/ros/jazzy/opt/gz_cmake_vendor:/opt/ros/jazzy DEBUGINFOD_URLS=https://debuginfod.ubuntu.com LD_LIBRARY_PATH=/home/luka/ws_moveit/install/moveit_ros_planning_interface/lib:/home/luka/ws_moveit/install/moveit_ros_move_group/lib:/home/luka/ws_moveit/install/moveit_ros_warehouse/lib:/home/luka/ws_moveit/install/moveit_planners_ompl/lib:/home/luka/ws_moveit/install/moveit_kinematics/lib:/home/luka/ws_moveit/install/moveit_ros_planning/lib:/home/luka/ws_moveit/install/moveit_simple_controller_manager/lib:/home/luka/ws_moveit/install/moveit_ros_occupancy_map_monitor/lib:/home/luka/ws_moveit/install/moveit_core/lib:/home/luka/ws_moveit/install/moveit_msgs/lib:${LD_LIBRARY_PATH} PATH=/home/luka/ws_moveit/install/moveit_core/bin:${PATH} PYTHONPATH=/home/luka/ws_moveit/install/moveit_msgs/lib/python3.12/site-packages:/home/luka/ws_moveit/install/moveit_configs_utils/lib/python3.12/site-packages:${PYTHONPATH} /usr/bin/cmake --build /home/luka/ws_moveit/build/moveit_hybrid_planning -- -j4 -l4
[0.136s] [  9%] Built target hp_manager_parameters
[0.139s] [ 18%] Built target local_planner_parameters
[0.180s] [ 22%] [32m[1mLinking CXX shared library libmoveit_global_planner_component.so[0m
[0.185s] [ 27%] [32m[1mLinking CXX shared library libmotion_planning_pipeline_plugin.so[0m
[0.209s] [ 31%] [32m[1mLinking CXX shared library libsimple_sampler_plugin.so[0m
[0.227s] [ 36%] [32m[1mLinking CXX shared library libforward_trajectory_plugin.so[0m
[0.823s] [ 40%] Built target simple_sampler_plugin
[0.895s] [ 45%] [32m[1mLinking CXX executable cancel_action[0m
[0.960s] [ 50%] Built target motion_planning_pipeline_plugin
[1.026s] [ 54%] [32m[1mLinking CXX shared library libmoveit_hybrid_planning_manager.so[0m
[1.078s] [ 59%] Built target forward_trajectory_plugin
[1.162s] [ 63%] [32m[1mLinking CXX shared library libmoveit_local_planner_component.so[0m
[1.294s] [ 68%] Built target moveit_global_planner_component
[1.722s] [ 72%] Built target cancel_action
[1.899s] [ 81%] Built target moveit_local_planner_component
[1.899s] [ 81%] Built target moveit_hybrid_planning_manager
[1.941s] [ 86%] [32m[1mLinking CXX shared library libsingle_plan_execution_plugin.so[0m
[7.635s] [ 90%] Built target single_plan_execution_plugin
[7.679s] [ 95%] [32m[1mLinking CXX shared library libreplan_invalidated_trajectory_plugin.so[0m
[13.861s] [100%] Built target replan_invalidated_trajectory_plugin
[13.876s] Invoked command in '/home/luka/ws_moveit/build/moveit_hybrid_planning' returned '0': AMENT_PREFIX_PATH=/home/luka/ws_moveit/install/moveit_ros_planning_interface:/home/luka/ws_moveit/install/moveit_ros_move_group:/home/luka/ws_moveit/install/moveit_ros_warehouse:/home/luka/ws_moveit/install/moveit_planners_ompl:/home/luka/ws_moveit/install/moveit_kinematics:/home/luka/ws_moveit/install/moveit_ros_planning:/home/luka/ws_moveit/install/moveit_simple_controller_manager:/home/luka/ws_moveit/install/moveit_ros_occupancy_map_monitor:/home/luka/ws_moveit/install/moveit_core:/home/luka/ws_moveit/install/moveit_resources_panda_moveit_config:/home/luka/ws_moveit/install/moveit_resources_fanuc_moveit_config:/home/luka/ws_moveit/install/moveit_resources_pr2_description:/home/luka/ws_moveit/install/moveit_resources_panda_description:/home/luka/ws_moveit/install/moveit_resources_fanuc_description:/home/luka/ws_moveit/install/moveit_msgs:/home/luka/ws_moveit/install/moveit_configs_utils:/home/luka/ws_moveit/install/moveit_common:${AMENT_PREFIX_PATH} CMAKE_PREFIX_PATH=/home/luka/ws_moveit/install/moveit_ros_planning_interface:/home/luka/ws_moveit/install/moveit_ros_move_group:/home/luka/ws_moveit/install/moveit_ros_warehouse:/home/luka/ws_moveit/install/moveit_planners_ompl:/home/luka/ws_moveit/install/moveit_kinematics:/home/luka/ws_moveit/install/moveit_ros_planning:/home/luka/ws_moveit/install/moveit_simple_controller_manager:/home/luka/ws_moveit/install/moveit_ros_occupancy_map_monitor:/home/luka/ws_moveit/install/moveit_core:/home/luka/ws_moveit/install/moveit_resources_panda_moveit_config:/home/luka/ws_moveit/install/moveit_resources_fanuc_moveit_config:/home/luka/ws_moveit/install/moveit_resources_pr2_description:/home/luka/ws_moveit/install/moveit_resources_panda_description:/home/luka/ws_moveit/install/moveit_resources_fanuc_description:/home/luka/ws_moveit/install/moveit_msgs:/home/luka/ws_moveit/install/moveit_common:/opt/ros/jazzy/opt/gz_sim_vendor:/opt/ros/jazzy/opt/gz_sensors_vendor:/opt/ros/jazzy/opt/gz_physics_vendor:/opt/ros/jazzy/opt/sdformat_vendor:/opt/ros/jazzy/opt/gz_gui_vendor:/opt/ros/jazzy/opt/gz_transport_vendor:/opt/ros/jazzy/opt/gz_rendering_vendor:/opt/ros/jazzy/opt/gz_plugin_vendor:/opt/ros/jazzy/opt/gz_fuel_tools_vendor:/opt/ros/jazzy/opt/gz_msgs_vendor:/opt/ros/jazzy/opt/gz_common_vendor:/opt/ros/jazzy/opt/gz_math_vendor:/opt/ros/jazzy/opt/gz_utils_vendor:/opt/ros/jazzy/opt/gz_tools_vendor:/opt/ros/jazzy/opt/gz_ogre_next_vendor:/opt/ros/jazzy/opt/gz_dartsim_vendor:/opt/ros/jazzy/opt/gz_cmake_vendor:/opt/ros/jazzy DEBUGINFOD_URLS=https://debuginfod.ubuntu.com LD_LIBRARY_PATH=/home/luka/ws_moveit/install/moveit_ros_planning_interface/lib:/home/luka/ws_moveit/install/moveit_ros_move_group/lib:/home/luka/ws_moveit/install/moveit_ros_warehouse/lib:/home/luka/ws_moveit/install/moveit_planners_ompl/lib:/home/luka/ws_moveit/install/moveit_kinematics/lib:/home/luka/ws_moveit/install/moveit_ros_planning/lib:/home/luka/ws_moveit/install/moveit_simple_controller_manager/lib:/home/luka/ws_moveit/install/moveit_ros_occupancy_map_monitor/lib:/home/luka/ws_moveit/install/moveit_core/lib:/home/luka/ws_moveit/install/moveit_msgs/lib:${LD_LIBRARY_PATH} PATH=/home/luka/ws_moveit/install/moveit_core/bin:${PATH} PYTHONPATH=/home/luka/ws_moveit/install/moveit_msgs/lib/python3.12/site-packages:/home/luka/ws_moveit/install/moveit_configs_utils/lib/python3.12/site-packages:${PYTHONPATH} /usr/bin/cmake --build /home/luka/ws_moveit/build/moveit_hybrid_planning -- -j4 -l4
[13.879s] Invoking command in '/home/luka/ws_moveit/build/moveit_hybrid_planning': AMENT_PREFIX_PATH=/home/luka/ws_moveit/install/moveit_ros_planning_interface:/home/luka/ws_moveit/install/moveit_ros_move_group:/home/luka/ws_moveit/install/moveit_ros_warehouse:/home/luka/ws_moveit/install/moveit_planners_ompl:/home/luka/ws_moveit/install/moveit_kinematics:/home/luka/ws_moveit/install/moveit_ros_planning:/home/luka/ws_moveit/install/moveit_simple_controller_manager:/home/luka/ws_moveit/install/moveit_ros_occupancy_map_monitor:/home/luka/ws_moveit/install/moveit_core:/home/luka/ws_moveit/install/moveit_resources_panda_moveit_config:/home/luka/ws_moveit/install/moveit_resources_fanuc_moveit_config:/home/luka/ws_moveit/install/moveit_resources_pr2_description:/home/luka/ws_moveit/install/moveit_resources_panda_description:/home/luka/ws_moveit/install/moveit_resources_fanuc_description:/home/luka/ws_moveit/install/moveit_msgs:/home/luka/ws_moveit/install/moveit_configs_utils:/home/luka/ws_moveit/install/moveit_common:${AMENT_PREFIX_PATH} CMAKE_PREFIX_PATH=/home/luka/ws_moveit/install/moveit_ros_planning_interface:/home/luka/ws_moveit/install/moveit_ros_move_group:/home/luka/ws_moveit/install/moveit_ros_warehouse:/home/luka/ws_moveit/install/moveit_planners_ompl:/home/luka/ws_moveit/install/moveit_kinematics:/home/luka/ws_moveit/install/moveit_ros_planning:/home/luka/ws_moveit/install/moveit_simple_controller_manager:/home/luka/ws_moveit/install/moveit_ros_occupancy_map_monitor:/home/luka/ws_moveit/install/moveit_core:/home/luka/ws_moveit/install/moveit_resources_panda_moveit_config:/home/luka/ws_moveit/install/moveit_resources_fanuc_moveit_config:/home/luka/ws_moveit/install/moveit_resources_pr2_description:/home/luka/ws_moveit/install/moveit_resources_panda_description:/home/luka/ws_moveit/install/moveit_resources_fanuc_description:/home/luka/ws_moveit/install/moveit_msgs:/home/luka/ws_moveit/install/moveit_common:/opt/ros/jazzy/opt/gz_sim_vendor:/opt/ros/jazzy/opt/gz_sensors_vendor:/opt/ros/jazzy/opt/gz_physics_vendor:/opt/ros/jazzy/opt/sdformat_vendor:/opt/ros/jazzy/opt/gz_gui_vendor:/opt/ros/jazzy/opt/gz_transport_vendor:/opt/ros/jazzy/opt/gz_rendering_vendor:/opt/ros/jazzy/opt/gz_plugin_vendor:/opt/ros/jazzy/opt/gz_fuel_tools_vendor:/opt/ros/jazzy/opt/gz_msgs_vendor:/opt/ros/jazzy/opt/gz_common_vendor:/opt/ros/jazzy/opt/gz_math_vendor:/opt/ros/jazzy/opt/gz_utils_vendor:/opt/ros/jazzy/opt/gz_tools_vendor:/opt/ros/jazzy/opt/gz_ogre_next_vendor:/opt/ros/jazzy/opt/gz_dartsim_vendor:/opt/ros/jazzy/opt/gz_cmake_vendor:/opt/ros/jazzy DEBUGINFOD_URLS=https://debuginfod.ubuntu.com LD_LIBRARY_PATH=/home/luka/ws_moveit/install/moveit_ros_planning_interface/lib:/home/luka/ws_moveit/install/moveit_ros_move_group/lib:/home/luka/ws_moveit/install/moveit_ros_warehouse/lib:/home/luka/ws_moveit/install/moveit_planners_ompl/lib:/home/luka/ws_moveit/install/moveit_kinematics/lib:/home/luka/ws_moveit/install/moveit_ros_planning/lib:/home/luka/ws_moveit/install/moveit_simple_controller_manager/lib:/home/luka/ws_moveit/install/moveit_ros_occupancy_map_monitor/lib:/home/luka/ws_moveit/install/moveit_core/lib:/home/luka/ws_moveit/install/moveit_msgs/lib:${LD_LIBRARY_PATH} PATH=/home/luka/ws_moveit/install/moveit_core/bin:${PATH} PYTHONPATH=/home/luka/ws_moveit/install/moveit_msgs/lib/python3.12/site-packages:/home/luka/ws_moveit/install/moveit_configs_utils/lib/python3.12/site-packages:${PYTHONPATH} /usr/bin/cmake --install /home/luka/ws_moveit/build/moveit_hybrid_planning
[13.889s] -- Install configuration: "Release"
[13.890s] -- Up-to-date: /home/luka/ws_moveit/install/moveit_hybrid_planning/include/moveit_hybrid_planning
[13.890s] -- Up-to-date: /home/luka/ws_moveit/install/moveit_hybrid_planning/include/moveit_hybrid_planning/hp_manager_parameters.hpp
[13.892s] -- Up-to-date: /home/luka/ws_moveit/install/moveit_hybrid_planning/include/moveit_hybrid_planning
[13.892s] -- Up-to-date: /home/luka/ws_moveit/install/moveit_hybrid_planning/include/moveit_hybrid_planning/local_planner_parameters.hpp
[13.894s] -- Installing: /home/luka/ws_moveit/install/moveit_hybrid_planning/lib/libmoveit_global_planner_component.so.2.14.1
[13.895s] -- Set non-toolchain portion of runtime path of "/home/luka/ws_moveit/install/moveit_hybrid_planning/lib/libmoveit_global_planner_component.so.2.14.1" to ""
[13.896s] -- Up-to-date: /home/luka/ws_moveit/install/moveit_hybrid_planning/lib/libmoveit_global_planner_component.so
[13.896s] -- Installing: /home/luka/ws_moveit/install/moveit_hybrid_planning/lib/libmoveit_hybrid_planning_manager.so.2.14.1
[13.898s] -- Set non-toolchain portion of runtime path of "/home/luka/ws_moveit/install/moveit_hybrid_planning/lib/libmoveit_hybrid_planning_manager.so.2.14.1" to ""
[13.899s] -- Up-to-date: /home/luka/ws_moveit/install/moveit_hybrid_planning/lib/libmoveit_hybrid_planning_manager.so
[13.899s] -- Installing: /home/luka/ws_moveit/install/moveit_hybrid_planning/lib/libmoveit_local_planner_component.so.2.14.1
[13.901s] -- Set non-toolchain portion of runtime path of "/home/luka/ws_moveit/install/moveit_hybrid_planning/lib/libmoveit_local_planner_component.so.2.14.1" to ""
[13.901s] -- Up-to-date: /home/luka/ws_moveit/install/moveit_hybrid_planning/lib/libmoveit_local_planner_component.so
[13.902s] -- Installing: /home/luka/ws_moveit/install/moveit_hybrid_planning/lib/libforward_trajectory_plugin.so.2.14.1
[13.903s] -- Set non-toolchain portion of runtime path of "/home/luka/ws_moveit/install/moveit_hybrid_planning/lib/libforward_trajectory_plugin.so.2.14.1" to ""
[13.903s] -- Up-to-date: /home/luka/ws_moveit/install/moveit_hybrid_planning/lib/libforward_trajectory_plugin.so
[13.904s] -- Installing: /home/luka/ws_moveit/install/moveit_hybrid_planning/lib/libmotion_planning_pipeline_plugin.so.2.14.1
[13.905s] -- Set non-toolchain portion of runtime path of "/home/luka/ws_moveit/install/moveit_hybrid_planning/lib/libmotion_planning_pipeline_plugin.so.2.14.1" to ""
[13.905s] -- Up-to-date: /home/luka/ws_moveit/install/moveit_hybrid_planning/lib/libmotion_planning_pipeline_plugin.so
[13.905s] -- Installing: /home/luka/ws_moveit/install/moveit_hybrid_planning/lib/libreplan_invalidated_trajectory_plugin.so.2.14.1
[13.906s] -- Set non-toolchain portion of runtime path of "/home/luka/ws_moveit/install/moveit_hybrid_planning/lib/libreplan_invalidated_trajectory_plugin.so.2.14.1" to ""
[13.906s] -- Up-to-date: /home/luka/ws_moveit/install/moveit_hybrid_planning/lib/libreplan_invalidated_trajectory_plugin.so
[13.907s] -- Installing: /home/luka/ws_moveit/install/moveit_hybrid_planning/lib/libsimple_sampler_plugin.so.2.14.1
[13.907s] -- Set non-toolchain portion of runtime path of "/home/luka/ws_moveit/install/moveit_hybrid_planning/lib/libsimple_sampler_plugin.so.2.14.1" to ""
[13.907s] -- Up-to-date: /home/luka/ws_moveit/install/moveit_hybrid_planning/lib/libsimple_sampler_plugin.so
[13.908s] -- Installing: /home/luka/ws_moveit/install/moveit_hybrid_planning/lib/libsingle_plan_execution_plugin.so.2.14.1
[13.908s] -- Set non-toolchain portion of runtime path of "/home/luka/ws_moveit/install/moveit_hybrid_planning/lib/libsingle_plan_execution_plugin.so.2.14.1" to ""
[13.909s] -- Up-to-date: /home/luka/ws_moveit/install/moveit_hybrid_planning/lib/libsingle_plan_execution_plugin.so
[13.909s] -- Installing: /home/luka/ws_moveit/install/moveit_hybrid_planning/lib/moveit_hybrid_planning/cancel_action
[13.910s] -- Set non-toolchain portion of runtime path of "/home/luka/ws_moveit/install/moveit_hybrid_planning/lib/moveit_hybrid_planning/cancel_action" to ""
[13.910s] -- Up-to-date: /home/luka/ws_moveit/install/moveit_hybrid_planning/include/moveit_hybrid_planning
[13.910s] -- Up-to-date: /home/luka/ws_moveit/install/moveit_hybrid_planning/include/moveit_hybrid_planning/moveit
[13.911s] -- Up-to-date: /home/luka/ws_moveit/install/moveit_hybrid_planning/include/moveit_hybrid_planning/moveit/global_planner
[13.911s] -- Up-to-date: /home/luka/ws_moveit/install/moveit_hybrid_planning/include/moveit_hybrid_planning/moveit/global_planner/global_planner_interface.hpp
[13.911s] -- Up-to-date: /home/luka/ws_moveit/install/moveit_hybrid_planning/include/moveit_hybrid_planning/moveit/global_planner/global_planner_interface.h
[13.911s] -- Up-to-date: /home/luka/ws_moveit/install/moveit_hybrid_planning/include/moveit_hybrid_planning/moveit/global_planner/global_planner_component.h
[13.912s] -- Up-to-date: /home/luka/ws_moveit/install/moveit_hybrid_planning/include/moveit_hybrid_planning/moveit/global_planner/global_planner_component.hpp
[13.912s] -- Up-to-date: /home/luka/ws_moveit/install/moveit_hybrid_planning/include/moveit_hybrid_planning
[13.912s] -- Up-to-date: /home/luka/ws_moveit/install/moveit_hybrid_planning/include/moveit_hybrid_planning/moveit
[13.912s] -- Up-to-date: /home/luka/ws_moveit/install/moveit_hybrid_planning/include/moveit_hybrid_planning/moveit/global_planner
[13.912s] -- Up-to-date: /home/luka/ws_moveit/install/moveit_hybrid_planning/include/moveit_hybrid_planning/moveit/global_planner/moveit_planning_pipeline.h
[13.913s] -- Up-to-date: /home/luka/ws_moveit/install/moveit_hybrid_planning/include/moveit_hybrid_planning/moveit/global_planner/moveit_planning_pipeline.hpp
[13.913s] -- Up-to-date: /home/luka/ws_moveit/install/moveit_hybrid_planning/include/moveit_hybrid_planning
[13.913s] -- Up-to-date: /home/luka/ws_moveit/install/moveit_hybrid_planning/include/moveit_hybrid_planning/moveit
[13.913s] -- Up-to-date: /home/luka/ws_moveit/install/moveit_hybrid_planning/include/moveit_hybrid_planning/moveit/hybrid_planning_manager
[13.913s] -- Up-to-date: /home/luka/ws_moveit/install/moveit_hybrid_planning/include/moveit_hybrid_planning/moveit/hybrid_planning_manager/hybrid_planning_manager.hpp
[13.914s] -- Up-to-date: /home/luka/ws_moveit/install/moveit_hybrid_planning/include/moveit_hybrid_planning/moveit/hybrid_planning_manager/hybrid_planning_manager.h
[13.914s] -- Up-to-date: /home/luka/ws_moveit/install/moveit_hybrid_planning/include/moveit_hybrid_planning/moveit/hybrid_planning_manager/hybrid_planning_events.h
[13.914s] -- Up-to-date: /home/luka/ws_moveit/install/moveit_hybrid_planning/include/moveit_hybrid_planning/moveit/hybrid_planning_manager/planner_logic_interface.h
[13.914s] -- Up-to-date: /home/luka/ws_moveit/install/moveit_hybrid_planning/include/moveit_hybrid_planning/moveit/hybrid_planning_manager/hybrid_planning_events.hpp
[13.915s] -- Up-to-date: /home/luka/ws_moveit/install/moveit_hybrid_planning/include/moveit_hybrid_planning/moveit/hybrid_planning_manager/planner_logic_interface.hpp
[13.915s] -- Up-to-date: /home/luka/ws_moveit/install/moveit_hybrid_planning/include/moveit_hybrid_planning
[13.915s] -- Up-to-date: /home/luka/ws_moveit/install/moveit_hybrid_planning/include/moveit_hybrid_planning/moveit
[13.915s] -- Up-to-date: /home/luka/ws_moveit/install/moveit_hybrid_planning/include/moveit_hybrid_planning/moveit/planner_logic_plugins
[13.915s] -- Up-to-date: /home/luka/ws_moveit/install/moveit_hybrid_planning/include/moveit_hybrid_planning/moveit/planner_logic_plugins/single_plan_execution.h
[13.916s] -- Up-to-date: /home/luka/ws_moveit/install/moveit_hybrid_planning/include/moveit_hybrid_planning/moveit/planner_logic_plugins/replan_invalidated_trajectory.hpp
[13.916s] -- Up-to-date: /home/luka/ws_moveit/install/moveit_hybrid_planning/include/moveit_hybrid_planning/moveit/planner_logic_plugins/single_plan_execution.hpp
[13.916s] -- Up-to-date: /home/luka/ws_moveit/install/moveit_hybrid_planning/include/moveit_hybrid_planning/moveit/planner_logic_plugins/replan_invalidated_trajectory.h
[13.916s] -- Up-to-date: /home/luka/ws_moveit/install/moveit_hybrid_planning/include/moveit_hybrid_planning
[13.916s] -- Up-to-date: /home/luka/ws_moveit/install/moveit_hybrid_planning/include/moveit_hybrid_planning/moveit
[13.917s] -- Up-to-date: /home/luka/ws_moveit/install/moveit_hybrid_planning/include/moveit_hybrid_planning/moveit/local_planner
[13.917s] -- Up-to-date: /home/luka/ws_moveit/install/moveit_hybrid_planning/include/moveit_hybrid_planning/moveit/local_planner/local_planner_component.hpp
[13.917s] -- Up-to-date: /home/luka/ws_moveit/install/moveit_hybrid_planning/include/moveit_hybrid_planning/moveit/local_planner/trajectory_operator_interface.hpp
[13.917s] -- Up-to-date: /home/luka/ws_moveit/install/moveit_hybrid_planning/include/moveit_hybrid_planning/moveit/local_planner/local_planner_component.h
[13.917s] -- Up-to-date: /home/luka/ws_moveit/install/moveit_hybrid_planning/include/moveit_hybrid_planning/moveit/local_planner/trajectory_operator_interface.h
[13.917s] -- Up-to-date: /home/luka/ws_moveit/install/moveit_hybrid_planning/include/moveit_hybrid_planning/moveit/local_planner/feedback_types.h
[13.917s] -- Up-to-date: /home/luka/ws_moveit/install/moveit_hybrid_planning/include/moveit_hybrid_planning/moveit/local_planner/local_constraint_solver_interface.h
[13.917s] -- Up-to-date: /home/luka/ws_moveit/install/moveit_hybrid_planning/include/moveit_hybrid_planning/moveit/local_planner/feedback_types.hpp
[13.918s] -- Up-to-date: /home/luka/ws_moveit/install/moveit_hybrid_planning/include/moveit_hybrid_planning/moveit/local_planner/local_constraint_solver_interface.hpp
[13.918s] -- Up-to-date: /home/luka/ws_moveit/install/moveit_hybrid_planning/include/moveit_hybrid_planning
[13.918s] -- Up-to-date: /home/luka/ws_moveit/install/moveit_hybrid_planning/include/moveit_hybrid_planning/moveit
[13.918s] -- Up-to-date: /home/luka/ws_moveit/install/moveit_hybrid_planning/include/moveit_hybrid_planning/moveit/trajectory_operator_plugins
[13.918s] -- Up-to-date: /home/luka/ws_moveit/install/moveit_hybrid_planning/include/moveit_hybrid_planning/moveit/trajectory_operator_plugins/simple_sampler.hpp
[13.918s] -- Up-to-date: /home/luka/ws_moveit/install/moveit_hybrid_planning/include/moveit_hybrid_planning/moveit/trajectory_operator_plugins/simple_sampler.h
[13.919s] -- Up-to-date: /home/luka/ws_moveit/install/moveit_hybrid_planning/include/moveit_hybrid_planning
[13.919s] -- Up-to-date: /home/luka/ws_moveit/install/moveit_hybrid_planning/include/moveit_hybrid_planning/moveit
[13.919s] -- Up-to-date: /home/luka/ws_moveit/install/moveit_hybrid_planning/include/moveit_hybrid_planning/moveit/local_constraint_solver_plugins
[13.919s] -- Up-to-date: /home/luka/ws_moveit/install/moveit_hybrid_planning/include/moveit_hybrid_planning/moveit/local_constraint_solver_plugins/forward_trajectory.h
[13.919s] -- Up-to-date: /home/luka/ws_moveit/install/moveit_hybrid_planning/include/moveit_hybrid_planning/moveit/local_constraint_solver_plugins/forward_trajectory.hpp
[13.919s] -- Up-to-date: /home/luka/ws_moveit/install/moveit_hybrid_planning/share/moveit_hybrid_planning/launch
[13.919s] -- Up-to-date: /home/luka/ws_moveit/install/moveit_hybrid_planning/share/moveit_hybrid_planning/launch/test_basic_integration.test.py
[13.920s] -- Up-to-date: /home/luka/ws_moveit/install/moveit_hybrid_planning/share/moveit_hybrid_planning/launch/hybrid_planning_common.py
[13.920s] -- Up-to-date: /home/luka/ws_moveit/install/moveit_hybrid_planning/share/moveit_hybrid_planning/config
[13.920s] -- Up-to-date: /home/luka/ws_moveit/install/moveit_hybrid_planning/share/moveit_hybrid_planning/config/hybrid_planning_manager.yaml
[13.920s] -- Up-to-date: /home/luka/ws_moveit/install/moveit_hybrid_planning/share/moveit_hybrid_planning/config/global_planner.yaml
[13.920s] -- Up-to-date: /home/luka/ws_moveit/install/moveit_hybrid_planning/share/moveit_hybrid_planning/config/local_planner.yaml
[13.920s] -- Up-to-date: /home/luka/ws_moveit/install/moveit_hybrid_planning/share/moveit_hybrid_planning/config/demo_controller.yaml
[13.921s] -- Up-to-date: /home/luka/ws_moveit/install/moveit_hybrid_planning/share/moveit_hybrid_planning/config/hybrid_planning_demo.rviz
[13.921s] -- Up-to-date: /home/luka/ws_moveit/install/moveit_hybrid_planning/share/moveit_hybrid_planning/single_plan_execution_plugin.xml
[13.921s] -- Up-to-date: /home/luka/ws_moveit/install/moveit_hybrid_planning/share/moveit_hybrid_planning/moveit_planning_pipeline_plugin.xml
[13.921s] -- Up-to-date: /home/luka/ws_moveit/install/moveit_hybrid_planning/share/moveit_hybrid_planning/simple_sampler_plugin.xml
[13.922s] -- Up-to-date: /home/luka/ws_moveit/install/moveit_hybrid_planning/share/moveit_hybrid_planning/replan_invalidated_trajectory_plugin.xml
[13.922s] -- Up-to-date: /home/luka/ws_moveit/install/moveit_hybrid_planning/share/moveit_hybrid_planning/forward_trajectory_plugin.xml
[13.922s] -- Up-to-date: /home/luka/ws_moveit/install/moveit_hybrid_planning/share/moveit_hybrid_planning/environment/library_path.sh
[13.922s] -- Up-to-date: /home/luka/ws_moveit/install/moveit_hybrid_planning/share/moveit_hybrid_planning/environment/library_path.dsv
[13.922s] -- Up-to-date: /home/luka/ws_moveit/install/moveit_hybrid_planning/share/ament_index/resource_index/package_run_dependencies/moveit_hybrid_planning
[13.923s] -- Up-to-date: /home/luka/ws_moveit/install/moveit_hybrid_planning/share/ament_index/resource_index/parent_prefix_path/moveit_hybrid_planning
[13.923s] -- Up-to-date: /home/luka/ws_moveit/install/moveit_hybrid_planning/share/moveit_hybrid_planning/environment/ament_prefix_path.sh
[13.923s] -- Up-to-date: /home/luka/ws_moveit/install/moveit_hybrid_planning/share/moveit_hybrid_planning/environment/ament_prefix_path.dsv
[13.923s] -- Up-to-date: /home/luka/ws_moveit/install/moveit_hybrid_planning/share/moveit_hybrid_planning/environment/path.sh
[13.923s] -- Up-to-date: /home/luka/ws_moveit/install/moveit_hybrid_planning/share/moveit_hybrid_planning/environment/path.dsv
[13.923s] -- Up-to-date: /home/luka/ws_moveit/install/moveit_hybrid_planning/share/moveit_hybrid_planning/local_setup.bash
[13.923s] -- Up-to-date: /home/luka/ws_moveit/install/moveit_hybrid_planning/share/moveit_hybrid_planning/local_setup.sh
[13.924s] -- Up-to-date: /home/luka/ws_moveit/install/moveit_hybrid_planning/share/moveit_hybrid_planning/local_setup.zsh
[13.924s] -- Up-to-date: /home/luka/ws_moveit/install/moveit_hybrid_planning/share/moveit_hybrid_planning/local_setup.dsv
[13.924s] -- Installing: /home/luka/ws_moveit/install/moveit_hybrid_planning/share/moveit_hybrid_planning/package.dsv
[13.924s] -- Up-to-date: /home/luka/ws_moveit/install/moveit_hybrid_planning/share/ament_index/resource_index/packages/moveit_hybrid_planning
[13.924s] -- Up-to-date: /home/luka/ws_moveit/install/moveit_hybrid_planning/share/ament_index/resource_index/moveit_hybrid_planning__pluginlib__plugin/moveit_hybrid_planning
[13.924s] -- Up-to-date: /home/luka/ws_moveit/install/moveit_hybrid_planning/share/ament_index/resource_index/rclcpp_components/moveit_hybrid_planning
[13.924s] -- Up-to-date: /home/luka/ws_moveit/install/moveit_hybrid_planning/share/moveit_hybrid_planning/cmake/moveit_hybrid_planningTargetsExport.cmake
[13.924s] -- Up-to-date: /home/luka/ws_moveit/install/moveit_hybrid_planning/share/moveit_hybrid_planning/cmake/moveit_hybrid_planningTargetsExport-release.cmake
[13.924s] -- Up-to-date: /home/luka/ws_moveit/install/moveit_hybrid_planning/share/moveit_hybrid_planning/cmake/ament_cmake_export_dependencies-extras.cmake
[13.924s] -- Up-to-date: /home/luka/ws_moveit/install/moveit_hybrid_planning/share/moveit_hybrid_planning/cmake/ament_cmake_export_targets-extras.cmake
[13.925s] -- Up-to-date: /home/luka/ws_moveit/install/moveit_hybrid_planning/share/moveit_hybrid_planning/cmake/moveit_hybrid_planningConfig.cmake
[13.925s] -- Up-to-date: /home/luka/ws_moveit/install/moveit_hybrid_planning/share/moveit_hybrid_planning/cmake/moveit_hybrid_planningConfig-version.cmake
[13.925s] -- Up-to-date: /home/luka/ws_moveit/install/moveit_hybrid_planning/share/moveit_hybrid_planning/package.xml
[13.925s] Invoked command in '/home/luka/ws_moveit/build/moveit_hybrid_planning' returned '0': AMENT_PREFIX_PATH=/home/luka/ws_moveit/install/moveit_ros_planning_interface:/home/luka/ws_moveit/install/moveit_ros_move_group:/home/luka/ws_moveit/install/moveit_ros_warehouse:/home/luka/ws_moveit/install/moveit_planners_ompl:/home/luka/ws_moveit/install/moveit_kinematics:/home/luka/ws_moveit/install/moveit_ros_planning:/home/luka/ws_moveit/install/moveit_simple_controller_manager:/home/luka/ws_moveit/install/moveit_ros_occupancy_map_monitor:/home/luka/ws_moveit/install/moveit_core:/home/luka/ws_moveit/install/moveit_resources_panda_moveit_config:/home/luka/ws_moveit/install/moveit_resources_fanuc_moveit_config:/home/luka/ws_moveit/install/moveit_resources_pr2_description:/home/luka/ws_moveit/install/moveit_resources_panda_description:/home/luka/ws_moveit/install/moveit_resources_fanuc_description:/home/luka/ws_moveit/install/moveit_msgs:/home/luka/ws_moveit/install/moveit_configs_utils:/home/luka/ws_moveit/install/moveit_common:${AMENT_PREFIX_PATH} CMAKE_PREFIX_PATH=/home/luka/ws_moveit/install/moveit_ros_planning_interface:/home/luka/ws_moveit/install/moveit_ros_move_group:/home/luka/ws_moveit/install/moveit_ros_warehouse:/home/luka/ws_moveit/install/moveit_planners_ompl:/home/luka/ws_moveit/install/moveit_kinematics:/home/luka/ws_moveit/install/moveit_ros_planning:/home/luka/ws_moveit/install/moveit_simple_controller_manager:/home/luka/ws_moveit/install/moveit_ros_occupancy_map_monitor:/home/luka/ws_moveit/install/moveit_core:/home/luka/ws_moveit/install/moveit_resources_panda_moveit_config:/home/luka/ws_moveit/install/moveit_resources_fanuc_moveit_config:/home/luka/ws_moveit/install/moveit_resources_pr2_description:/home/luka/ws_moveit/install/moveit_resources_panda_description:/home/luka/ws_moveit/install/moveit_resources_fanuc_description:/home/luka/ws_moveit/install/moveit_msgs:/home/luka/ws_moveit/install/moveit_common:/opt/ros/jazzy/opt/gz_sim_vendor:/opt/ros/jazzy/opt/gz_sensors_vendor:/opt/ros/jazzy/opt/gz_physics_vendor:/opt/ros/jazzy/opt/sdformat_vendor:/opt/ros/jazzy/opt/gz_gui_vendor:/opt/ros/jazzy/opt/gz_transport_vendor:/opt/ros/jazzy/opt/gz_rendering_vendor:/opt/ros/jazzy/opt/gz_plugin_vendor:/opt/ros/jazzy/opt/gz_fuel_tools_vendor:/opt/ros/jazzy/opt/gz_msgs_vendor:/opt/ros/jazzy/opt/gz_common_vendor:/opt/ros/jazzy/opt/gz_math_vendor:/opt/ros/jazzy/opt/gz_utils_vendor:/opt/ros/jazzy/opt/gz_tools_vendor:/opt/ros/jazzy/opt/gz_ogre_next_vendor:/opt/ros/jazzy/opt/gz_dartsim_vendor:/opt/ros/jazzy/opt/gz_cmake_vendor:/opt/ros/jazzy DEBUGINFOD_URLS=https://debuginfod.ubuntu.com LD_LIBRARY_PATH=/home/luka/ws_moveit/install/moveit_ros_planning_interface/lib:/home/luka/ws_moveit/install/moveit_ros_move_group/lib:/home/luka/ws_moveit/install/moveit_ros_warehouse/lib:/home/luka/ws_moveit/install/moveit_planners_ompl/lib:/home/luka/ws_moveit/install/moveit_kinematics/lib:/home/luka/ws_moveit/install/moveit_ros_planning/lib:/home/luka/ws_moveit/install/moveit_simple_controller_manager/lib:/home/luka/ws_moveit/install/moveit_ros_occupancy_map_monitor/lib:/home/luka/ws_moveit/install/moveit_core/lib:/home/luka/ws_moveit/install/moveit_msgs/lib:${LD_LIBRARY_PATH} PATH=/home/luka/ws_moveit/install/moveit_core/bin:${PATH} PYTHONPATH=/home/luka/ws_moveit/install/moveit_msgs/lib/python3.12/site-packages:/home/luka/ws_moveit/install/moveit_configs_utils/lib/python3.12/site-packages:${PYTHONPATH} /usr/bin/cmake --install /home/luka/ws_moveit/build/moveit_hybrid_planning
