[0.053s] Invoking command in '/home/luka/ws_moveit/build/moveit_servo': AMENT_PREFIX_PATH=/home/luka/ws_moveit/install/moveit_ros_visualization:/home/luka/ws_moveit/install/moveit_ros_planning_interface:/home/luka/ws_moveit/install/moveit_ros_move_group:/home/luka/ws_moveit/install/moveit_ros_warehouse:/home/luka/ws_moveit/install/moveit_ros_robot_interaction:/home/luka/ws_moveit/install/moveit_kinematics:/home/luka/ws_moveit/install/moveit_ros_planning:/home/luka/ws_moveit/install/moveit_simple_controller_manager:/home/luka/ws_moveit/install/moveit_ros_occupancy_map_monitor:/home/luka/ws_moveit/install/moveit_core:/home/luka/ws_moveit/install/moveit_resources_panda_moveit_config:/home/luka/ws_moveit/install/moveit_resources_fanuc_moveit_config:/home/luka/ws_moveit/install/moveit_resources_pr2_description:/home/luka/ws_moveit/install/moveit_resources_panda_description:/home/luka/ws_moveit/install/moveit_resources_fanuc_description:/home/luka/ws_moveit/install/moveit_msgs:/home/luka/ws_moveit/install/moveit_configs_utils:/home/luka/ws_moveit/install/moveit_common:${AMENT_PREFIX_PATH} CMAKE_PREFIX_PATH=/home/luka/ws_moveit/install/moveit_ros_visualization:/home/luka/ws_moveit/install/moveit_ros_planning_interface:/home/luka/ws_moveit/install/moveit_ros_move_group:/home/luka/ws_moveit/install/moveit_ros_warehouse:/home/luka/ws_moveit/install/moveit_ros_robot_interaction:/home/luka/ws_moveit/install/moveit_kinematics:/home/luka/ws_moveit/install/moveit_ros_planning:/home/luka/ws_moveit/install/moveit_simple_controller_manager:/home/luka/ws_moveit/install/moveit_ros_occupancy_map_monitor:/home/luka/ws_moveit/install/moveit_core:/home/luka/ws_moveit/install/moveit_resources_panda_moveit_config:/home/luka/ws_moveit/install/moveit_resources_fanuc_moveit_config:/home/luka/ws_moveit/install/moveit_resources_pr2_description:/home/luka/ws_moveit/install/moveit_resources_panda_description:/home/luka/ws_moveit/install/moveit_resources_fanuc_description:/home/luka/ws_moveit/install/moveit_msgs:/home/luka/ws_moveit/install/moveit_common:/opt/ros/jazzy/opt/gz_sim_vendor:/opt/ros/jazzy/opt/gz_sensors_vendor:/opt/ros/jazzy/opt/gz_physics_vendor:/opt/ros/jazzy/opt/sdformat_vendor:/opt/ros/jazzy/opt/gz_gui_vendor:/opt/ros/jazzy/opt/gz_transport_vendor:/opt/ros/jazzy/opt/gz_rendering_vendor:/opt/ros/jazzy/opt/gz_plugin_vendor:/opt/ros/jazzy/opt/gz_fuel_tools_vendor:/opt/ros/jazzy/opt/gz_msgs_vendor:/opt/ros/jazzy/opt/gz_common_vendor:/opt/ros/jazzy/opt/gz_math_vendor:/opt/ros/jazzy/opt/gz_utils_vendor:/opt/ros/jazzy/opt/gz_tools_vendor:/opt/ros/jazzy/opt/gz_ogre_next_vendor:/opt/ros/jazzy/opt/gz_dartsim_vendor:/opt/ros/jazzy/opt/gz_cmake_vendor:/opt/ros/jazzy DEBUGINFOD_URLS=https://debuginfod.ubuntu.com LD_LIBRARY_PATH=/home/luka/ws_moveit/install/moveit_ros_visualization/lib:/home/luka/ws_moveit/install/moveit_ros_planning_interface/lib:/home/luka/ws_moveit/install/moveit_ros_move_group/lib:/home/luka/ws_moveit/install/moveit_ros_warehouse/lib:/home/luka/ws_moveit/install/moveit_ros_robot_interaction/lib:/home/luka/ws_moveit/install/moveit_kinematics/lib:/home/luka/ws_moveit/install/moveit_ros_planning/lib:/home/luka/ws_moveit/install/moveit_simple_controller_manager/lib:/home/luka/ws_moveit/install/moveit_ros_occupancy_map_monitor/lib:/home/luka/ws_moveit/install/moveit_core/lib:/home/luka/ws_moveit/install/moveit_msgs/lib:${LD_LIBRARY_PATH} PATH=/home/luka/ws_moveit/install/moveit_core/bin:${PATH} PYTHONPATH=/home/luka/ws_moveit/install/moveit_msgs/lib/python3.12/site-packages:/home/luka/ws_moveit/install/moveit_configs_utils/lib/python3.12/site-packages:${PYTHONPATH} /usr/bin/cmake --build /home/luka/ws_moveit/build/moveit_servo -- -j4 -l4
[0.139s] [  6%] Built target moveit_servo_lib_parameters
[0.158s] [ 13%] Built target servo_keyboard_input
[0.162s] [ 20%] Built target servo_node
[0.186s] [ 27%] Built target gtest_main
[0.198s] [ 34%] Built target gtest
[0.243s] [ 41%] Built target moveit_servo_ros_integration_test
[0.259s] [ 58%] Built target moveit_servo_lib_cpp
[0.320s] [ 65%] Built target moveit_servo_lib_ros
[0.326s] [ 72%] Built target demo_joint_jog
[0.379s] [ 79%] Built target demo_pose
[0.385s] [ 86%] Built target moveit_servo_utils_test
[0.454s] [ 93%] Built target moveit_servo_cpp_integration_test
[0.456s] [100%] Built target demo_twist
[0.471s] Invoked command in '/home/luka/ws_moveit/build/moveit_servo' returned '0': AMENT_PREFIX_PATH=/home/luka/ws_moveit/install/moveit_ros_visualization:/home/luka/ws_moveit/install/moveit_ros_planning_interface:/home/luka/ws_moveit/install/moveit_ros_move_group:/home/luka/ws_moveit/install/moveit_ros_warehouse:/home/luka/ws_moveit/install/moveit_ros_robot_interaction:/home/luka/ws_moveit/install/moveit_kinematics:/home/luka/ws_moveit/install/moveit_ros_planning:/home/luka/ws_moveit/install/moveit_simple_controller_manager:/home/luka/ws_moveit/install/moveit_ros_occupancy_map_monitor:/home/luka/ws_moveit/install/moveit_core:/home/luka/ws_moveit/install/moveit_resources_panda_moveit_config:/home/luka/ws_moveit/install/moveit_resources_fanuc_moveit_config:/home/luka/ws_moveit/install/moveit_resources_pr2_description:/home/luka/ws_moveit/install/moveit_resources_panda_description:/home/luka/ws_moveit/install/moveit_resources_fanuc_description:/home/luka/ws_moveit/install/moveit_msgs:/home/luka/ws_moveit/install/moveit_configs_utils:/home/luka/ws_moveit/install/moveit_common:${AMENT_PREFIX_PATH} CMAKE_PREFIX_PATH=/home/luka/ws_moveit/install/moveit_ros_visualization:/home/luka/ws_moveit/install/moveit_ros_planning_interface:/home/luka/ws_moveit/install/moveit_ros_move_group:/home/luka/ws_moveit/install/moveit_ros_warehouse:/home/luka/ws_moveit/install/moveit_ros_robot_interaction:/home/luka/ws_moveit/install/moveit_kinematics:/home/luka/ws_moveit/install/moveit_ros_planning:/home/luka/ws_moveit/install/moveit_simple_controller_manager:/home/luka/ws_moveit/install/moveit_ros_occupancy_map_monitor:/home/luka/ws_moveit/install/moveit_core:/home/luka/ws_moveit/install/moveit_resources_panda_moveit_config:/home/luka/ws_moveit/install/moveit_resources_fanuc_moveit_config:/home/luka/ws_moveit/install/moveit_resources_pr2_description:/home/luka/ws_moveit/install/moveit_resources_panda_description:/home/luka/ws_moveit/install/moveit_resources_fanuc_description:/home/luka/ws_moveit/install/moveit_msgs:/home/luka/ws_moveit/install/moveit_common:/opt/ros/jazzy/opt/gz_sim_vendor:/opt/ros/jazzy/opt/gz_sensors_vendor:/opt/ros/jazzy/opt/gz_physics_vendor:/opt/ros/jazzy/opt/sdformat_vendor:/opt/ros/jazzy/opt/gz_gui_vendor:/opt/ros/jazzy/opt/gz_transport_vendor:/opt/ros/jazzy/opt/gz_rendering_vendor:/opt/ros/jazzy/opt/gz_plugin_vendor:/opt/ros/jazzy/opt/gz_fuel_tools_vendor:/opt/ros/jazzy/opt/gz_msgs_vendor:/opt/ros/jazzy/opt/gz_common_vendor:/opt/ros/jazzy/opt/gz_math_vendor:/opt/ros/jazzy/opt/gz_utils_vendor:/opt/ros/jazzy/opt/gz_tools_vendor:/opt/ros/jazzy/opt/gz_ogre_next_vendor:/opt/ros/jazzy/opt/gz_dartsim_vendor:/opt/ros/jazzy/opt/gz_cmake_vendor:/opt/ros/jazzy DEBUGINFOD_URLS=https://debuginfod.ubuntu.com LD_LIBRARY_PATH=/home/luka/ws_moveit/install/moveit_ros_visualization/lib:/home/luka/ws_moveit/install/moveit_ros_planning_interface/lib:/home/luka/ws_moveit/install/moveit_ros_move_group/lib:/home/luka/ws_moveit/install/moveit_ros_warehouse/lib:/home/luka/ws_moveit/install/moveit_ros_robot_interaction/lib:/home/luka/ws_moveit/install/moveit_kinematics/lib:/home/luka/ws_moveit/install/moveit_ros_planning/lib:/home/luka/ws_moveit/install/moveit_simple_controller_manager/lib:/home/luka/ws_moveit/install/moveit_ros_occupancy_map_monitor/lib:/home/luka/ws_moveit/install/moveit_core/lib:/home/luka/ws_moveit/install/moveit_msgs/lib:${LD_LIBRARY_PATH} PATH=/home/luka/ws_moveit/install/moveit_core/bin:${PATH} PYTHONPATH=/home/luka/ws_moveit/install/moveit_msgs/lib/python3.12/site-packages:/home/luka/ws_moveit/install/moveit_configs_utils/lib/python3.12/site-packages:${PYTHONPATH} /usr/bin/cmake --build /home/luka/ws_moveit/build/moveit_servo -- -j4 -l4
[0.472s] Invoking command in '/home/luka/ws_moveit/build/moveit_servo': AMENT_PREFIX_PATH=/home/luka/ws_moveit/install/moveit_ros_visualization:/home/luka/ws_moveit/install/moveit_ros_planning_interface:/home/luka/ws_moveit/install/moveit_ros_move_group:/home/luka/ws_moveit/install/moveit_ros_warehouse:/home/luka/ws_moveit/install/moveit_ros_robot_interaction:/home/luka/ws_moveit/install/moveit_kinematics:/home/luka/ws_moveit/install/moveit_ros_planning:/home/luka/ws_moveit/install/moveit_simple_controller_manager:/home/luka/ws_moveit/install/moveit_ros_occupancy_map_monitor:/home/luka/ws_moveit/install/moveit_core:/home/luka/ws_moveit/install/moveit_resources_panda_moveit_config:/home/luka/ws_moveit/install/moveit_resources_fanuc_moveit_config:/home/luka/ws_moveit/install/moveit_resources_pr2_description:/home/luka/ws_moveit/install/moveit_resources_panda_description:/home/luka/ws_moveit/install/moveit_resources_fanuc_description:/home/luka/ws_moveit/install/moveit_msgs:/home/luka/ws_moveit/install/moveit_configs_utils:/home/luka/ws_moveit/install/moveit_common:${AMENT_PREFIX_PATH} CMAKE_PREFIX_PATH=/home/luka/ws_moveit/install/moveit_ros_visualization:/home/luka/ws_moveit/install/moveit_ros_planning_interface:/home/luka/ws_moveit/install/moveit_ros_move_group:/home/luka/ws_moveit/install/moveit_ros_warehouse:/home/luka/ws_moveit/install/moveit_ros_robot_interaction:/home/luka/ws_moveit/install/moveit_kinematics:/home/luka/ws_moveit/install/moveit_ros_planning:/home/luka/ws_moveit/install/moveit_simple_controller_manager:/home/luka/ws_moveit/install/moveit_ros_occupancy_map_monitor:/home/luka/ws_moveit/install/moveit_core:/home/luka/ws_moveit/install/moveit_resources_panda_moveit_config:/home/luka/ws_moveit/install/moveit_resources_fanuc_moveit_config:/home/luka/ws_moveit/install/moveit_resources_pr2_description:/home/luka/ws_moveit/install/moveit_resources_panda_description:/home/luka/ws_moveit/install/moveit_resources_fanuc_description:/home/luka/ws_moveit/install/moveit_msgs:/home/luka/ws_moveit/install/moveit_common:/opt/ros/jazzy/opt/gz_sim_vendor:/opt/ros/jazzy/opt/gz_sensors_vendor:/opt/ros/jazzy/opt/gz_physics_vendor:/opt/ros/jazzy/opt/sdformat_vendor:/opt/ros/jazzy/opt/gz_gui_vendor:/opt/ros/jazzy/opt/gz_transport_vendor:/opt/ros/jazzy/opt/gz_rendering_vendor:/opt/ros/jazzy/opt/gz_plugin_vendor:/opt/ros/jazzy/opt/gz_fuel_tools_vendor:/opt/ros/jazzy/opt/gz_msgs_vendor:/opt/ros/jazzy/opt/gz_common_vendor:/opt/ros/jazzy/opt/gz_math_vendor:/opt/ros/jazzy/opt/gz_utils_vendor:/opt/ros/jazzy/opt/gz_tools_vendor:/opt/ros/jazzy/opt/gz_ogre_next_vendor:/opt/ros/jazzy/opt/gz_dartsim_vendor:/opt/ros/jazzy/opt/gz_cmake_vendor:/opt/ros/jazzy DEBUGINFOD_URLS=https://debuginfod.ubuntu.com LD_LIBRARY_PATH=/home/luka/ws_moveit/install/moveit_ros_visualization/lib:/home/luka/ws_moveit/install/moveit_ros_planning_interface/lib:/home/luka/ws_moveit/install/moveit_ros_move_group/lib:/home/luka/ws_moveit/install/moveit_ros_warehouse/lib:/home/luka/ws_moveit/install/moveit_ros_robot_interaction/lib:/home/luka/ws_moveit/install/moveit_kinematics/lib:/home/luka/ws_moveit/install/moveit_ros_planning/lib:/home/luka/ws_moveit/install/moveit_simple_controller_manager/lib:/home/luka/ws_moveit/install/moveit_ros_occupancy_map_monitor/lib:/home/luka/ws_moveit/install/moveit_core/lib:/home/luka/ws_moveit/install/moveit_msgs/lib:${LD_LIBRARY_PATH} PATH=/home/luka/ws_moveit/install/moveit_core/bin:${PATH} PYTHONPATH=/home/luka/ws_moveit/install/moveit_msgs/lib/python3.12/site-packages:/home/luka/ws_moveit/install/moveit_configs_utils/lib/python3.12/site-packages:${PYTHONPATH} /usr/bin/cmake --install /home/luka/ws_moveit/build/moveit_servo
[0.484s] -- Install configuration: "Release"
[0.484s] -- Up-to-date: /home/luka/ws_moveit/install/moveit_servo/include/moveit_servo
[0.484s] -- Up-to-date: /home/luka/ws_moveit/install/moveit_servo/include/moveit_servo/moveit_servo_lib_parameters.hpp
[0.485s] -- Up-to-date: /home/luka/ws_moveit/install/moveit_servo/lib/moveit_servo/servo_node
[0.485s] -- Up-to-date: /home/luka/ws_moveit/install/moveit_servo/lib/libmoveit_servo_lib_cpp.so.2.14.1
[0.485s] -- Up-to-date: /home/luka/ws_moveit/install/moveit_servo/lib/libmoveit_servo_lib_cpp.so
[0.486s] -- Up-to-date: /home/luka/ws_moveit/install/moveit_servo/lib/libmoveit_servo_lib_ros.so.2.14.1
[0.486s] -- Up-to-date: /home/luka/ws_moveit/install/moveit_servo/lib/libmoveit_servo_lib_ros.so
[0.486s] -- Up-to-date: /home/luka/ws_moveit/install/moveit_servo/lib/moveit_servo/demo_joint_jog
[0.487s] -- Up-to-date: /home/luka/ws_moveit/install/moveit_servo/lib/moveit_servo/demo_twist
[0.488s] -- Up-to-date: /home/luka/ws_moveit/install/moveit_servo/lib/moveit_servo/demo_pose
[0.488s] -- Up-to-date: /home/luka/ws_moveit/install/moveit_servo/lib/moveit_servo/servo_node
[0.489s] -- Up-to-date: /home/luka/ws_moveit/install/moveit_servo/lib/moveit_servo/servo_keyboard_input
[0.489s] -- Up-to-date: /home/luka/ws_moveit/install/moveit_servo/include/moveit_servo
[0.490s] -- Up-to-date: /home/luka/ws_moveit/install/moveit_servo/include/moveit_servo/moveit_servo
[0.490s] -- Up-to-date: /home/luka/ws_moveit/install/moveit_servo/include/moveit_servo/moveit_servo/servo.h
[0.490s] -- Up-to-date: /home/luka/ws_moveit/install/moveit_servo/include/moveit_servo/moveit_servo/collision_monitor.h
[0.490s] -- Up-to-date: /home/luka/ws_moveit/install/moveit_servo/include/moveit_servo/moveit_servo/servo_node.h
[0.490s] -- Up-to-date: /home/luka/ws_moveit/install/moveit_servo/include/moveit_servo/moveit_servo/utils
[0.491s] -- Up-to-date: /home/luka/ws_moveit/install/moveit_servo/include/moveit_servo/moveit_servo/utils/datatypes.h
[0.491s] -- Up-to-date: /home/luka/ws_moveit/install/moveit_servo/include/moveit_servo/moveit_servo/utils/command.hpp
[0.491s] -- Up-to-date: /home/luka/ws_moveit/install/moveit_servo/include/moveit_servo/moveit_servo/utils/common.hpp
[0.491s] -- Up-to-date: /home/luka/ws_moveit/install/moveit_servo/include/moveit_servo/moveit_servo/utils/command.h
[0.491s] -- Up-to-date: /home/luka/ws_moveit/install/moveit_servo/include/moveit_servo/moveit_servo/utils/datatypes.hpp
[0.491s] -- Up-to-date: /home/luka/ws_moveit/install/moveit_servo/include/moveit_servo/moveit_servo/utils/common.h
[0.492s] -- Up-to-date: /home/luka/ws_moveit/install/moveit_servo/include/moveit_servo/moveit_servo/collision_monitor.hpp
[0.492s] -- Up-to-date: /home/luka/ws_moveit/install/moveit_servo/include/moveit_servo/moveit_servo/servo_node.hpp
[0.492s] -- Up-to-date: /home/luka/ws_moveit/install/moveit_servo/include/moveit_servo/moveit_servo/servo.hpp
[0.492s] -- Up-to-date: /home/luka/ws_moveit/install/moveit_servo/share/moveit_servo/launch
[0.493s] -- Up-to-date: /home/luka/ws_moveit/install/moveit_servo/share/moveit_servo/launch/demo_pose.launch.py
[0.493s] -- Up-to-date: /home/luka/ws_moveit/install/moveit_servo/share/moveit_servo/launch/demo_joint_jog.launch.py
[0.493s] -- Up-to-date: /home/luka/ws_moveit/install/moveit_servo/share/moveit_servo/launch/demo_twist.launch.py
[0.493s] -- Up-to-date: /home/luka/ws_moveit/install/moveit_servo/share/moveit_servo/launch/demo_ros_api.launch.py
[0.493s] -- Up-to-date: /home/luka/ws_moveit/install/moveit_servo/share/moveit_servo/config
[0.494s] -- Up-to-date: /home/luka/ws_moveit/install/moveit_servo/share/moveit_servo/config/servo_parameters.yaml
[0.494s] -- Up-to-date: /home/luka/ws_moveit/install/moveit_servo/share/moveit_servo/config/demo_rviz_config_ros.rviz
[0.494s] -- Up-to-date: /home/luka/ws_moveit/install/moveit_servo/share/moveit_servo/config/test_config_panda.yaml
[0.494s] -- Up-to-date: /home/luka/ws_moveit/install/moveit_servo/share/moveit_servo/config/panda_simulated_config.yaml
[0.494s] -- Up-to-date: /home/luka/ws_moveit/install/moveit_servo/share/moveit_servo/config/demo_rviz_config.rviz
[0.494s] -- Up-to-date: /home/luka/ws_moveit/install/moveit_servo/share/moveit_servo/environment/library_path.sh
[0.495s] -- Up-to-date: /home/luka/ws_moveit/install/moveit_servo/share/moveit_servo/environment/library_path.dsv
[0.495s] -- Up-to-date: /home/luka/ws_moveit/install/moveit_servo/share/ament_index/resource_index/package_run_dependencies/moveit_servo
[0.495s] -- Up-to-date: /home/luka/ws_moveit/install/moveit_servo/share/ament_index/resource_index/parent_prefix_path/moveit_servo
[0.495s] -- Up-to-date: /home/luka/ws_moveit/install/moveit_servo/share/moveit_servo/environment/ament_prefix_path.sh
[0.495s] -- Up-to-date: /home/luka/ws_moveit/install/moveit_servo/share/moveit_servo/environment/ament_prefix_path.dsv
[0.495s] -- Up-to-date: /home/luka/ws_moveit/install/moveit_servo/share/moveit_servo/environment/path.sh
[0.495s] -- Up-to-date: /home/luka/ws_moveit/install/moveit_servo/share/moveit_servo/environment/path.dsv
[0.496s] -- Up-to-date: /home/luka/ws_moveit/install/moveit_servo/share/moveit_servo/local_setup.bash
[0.496s] -- Up-to-date: /home/luka/ws_moveit/install/moveit_servo/share/moveit_servo/local_setup.sh
[0.496s] -- Up-to-date: /home/luka/ws_moveit/install/moveit_servo/share/moveit_servo/local_setup.zsh
[0.496s] -- Up-to-date: /home/luka/ws_moveit/install/moveit_servo/share/moveit_servo/local_setup.dsv
[0.496s] -- Installing: /home/luka/ws_moveit/install/moveit_servo/share/moveit_servo/package.dsv
[0.496s] -- Up-to-date: /home/luka/ws_moveit/install/moveit_servo/share/ament_index/resource_index/packages/moveit_servo
[0.496s] -- Up-to-date: /home/luka/ws_moveit/install/moveit_servo/share/ament_index/resource_index/rclcpp_components/moveit_servo
[0.496s] -- Up-to-date: /home/luka/ws_moveit/install/moveit_servo/share/moveit_servo/cmake/moveit_servoTargetsExport.cmake
[0.497s] -- Up-to-date: /home/luka/ws_moveit/install/moveit_servo/share/moveit_servo/cmake/moveit_servoTargetsExport-release.cmake
[0.497s] -- Up-to-date: /home/luka/ws_moveit/install/moveit_servo/share/moveit_servo/cmake/ament_cmake_export_dependencies-extras.cmake
[0.497s] -- Up-to-date: /home/luka/ws_moveit/install/moveit_servo/share/moveit_servo/cmake/ament_cmake_export_targets-extras.cmake
[0.497s] -- Up-to-date: /home/luka/ws_moveit/install/moveit_servo/share/moveit_servo/cmake/moveit_servoConfig.cmake
[0.497s] -- Up-to-date: /home/luka/ws_moveit/install/moveit_servo/share/moveit_servo/cmake/moveit_servoConfig-version.cmake
[0.497s] -- Up-to-date: /home/luka/ws_moveit/install/moveit_servo/share/moveit_servo/package.xml
[0.498s] Invoked command in '/home/luka/ws_moveit/build/moveit_servo' returned '0': AMENT_PREFIX_PATH=/home/luka/ws_moveit/install/moveit_ros_visualization:/home/luka/ws_moveit/install/moveit_ros_planning_interface:/home/luka/ws_moveit/install/moveit_ros_move_group:/home/luka/ws_moveit/install/moveit_ros_warehouse:/home/luka/ws_moveit/install/moveit_ros_robot_interaction:/home/luka/ws_moveit/install/moveit_kinematics:/home/luka/ws_moveit/install/moveit_ros_planning:/home/luka/ws_moveit/install/moveit_simple_controller_manager:/home/luka/ws_moveit/install/moveit_ros_occupancy_map_monitor:/home/luka/ws_moveit/install/moveit_core:/home/luka/ws_moveit/install/moveit_resources_panda_moveit_config:/home/luka/ws_moveit/install/moveit_resources_fanuc_moveit_config:/home/luka/ws_moveit/install/moveit_resources_pr2_description:/home/luka/ws_moveit/install/moveit_resources_panda_description:/home/luka/ws_moveit/install/moveit_resources_fanuc_description:/home/luka/ws_moveit/install/moveit_msgs:/home/luka/ws_moveit/install/moveit_configs_utils:/home/luka/ws_moveit/install/moveit_common:${AMENT_PREFIX_PATH} CMAKE_PREFIX_PATH=/home/luka/ws_moveit/install/moveit_ros_visualization:/home/luka/ws_moveit/install/moveit_ros_planning_interface:/home/luka/ws_moveit/install/moveit_ros_move_group:/home/luka/ws_moveit/install/moveit_ros_warehouse:/home/luka/ws_moveit/install/moveit_ros_robot_interaction:/home/luka/ws_moveit/install/moveit_kinematics:/home/luka/ws_moveit/install/moveit_ros_planning:/home/luka/ws_moveit/install/moveit_simple_controller_manager:/home/luka/ws_moveit/install/moveit_ros_occupancy_map_monitor:/home/luka/ws_moveit/install/moveit_core:/home/luka/ws_moveit/install/moveit_resources_panda_moveit_config:/home/luka/ws_moveit/install/moveit_resources_fanuc_moveit_config:/home/luka/ws_moveit/install/moveit_resources_pr2_description:/home/luka/ws_moveit/install/moveit_resources_panda_description:/home/luka/ws_moveit/install/moveit_resources_fanuc_description:/home/luka/ws_moveit/install/moveit_msgs:/home/luka/ws_moveit/install/moveit_common:/opt/ros/jazzy/opt/gz_sim_vendor:/opt/ros/jazzy/opt/gz_sensors_vendor:/opt/ros/jazzy/opt/gz_physics_vendor:/opt/ros/jazzy/opt/sdformat_vendor:/opt/ros/jazzy/opt/gz_gui_vendor:/opt/ros/jazzy/opt/gz_transport_vendor:/opt/ros/jazzy/opt/gz_rendering_vendor:/opt/ros/jazzy/opt/gz_plugin_vendor:/opt/ros/jazzy/opt/gz_fuel_tools_vendor:/opt/ros/jazzy/opt/gz_msgs_vendor:/opt/ros/jazzy/opt/gz_common_vendor:/opt/ros/jazzy/opt/gz_math_vendor:/opt/ros/jazzy/opt/gz_utils_vendor:/opt/ros/jazzy/opt/gz_tools_vendor:/opt/ros/jazzy/opt/gz_ogre_next_vendor:/opt/ros/jazzy/opt/gz_dartsim_vendor:/opt/ros/jazzy/opt/gz_cmake_vendor:/opt/ros/jazzy DEBUGINFOD_URLS=https://debuginfod.ubuntu.com LD_LIBRARY_PATH=/home/luka/ws_moveit/install/moveit_ros_visualization/lib:/home/luka/ws_moveit/install/moveit_ros_planning_interface/lib:/home/luka/ws_moveit/install/moveit_ros_move_group/lib:/home/luka/ws_moveit/install/moveit_ros_warehouse/lib:/home/luka/ws_moveit/install/moveit_ros_robot_interaction/lib:/home/luka/ws_moveit/install/moveit_kinematics/lib:/home/luka/ws_moveit/install/moveit_ros_planning/lib:/home/luka/ws_moveit/install/moveit_simple_controller_manager/lib:/home/luka/ws_moveit/install/moveit_ros_occupancy_map_monitor/lib:/home/luka/ws_moveit/install/moveit_core/lib:/home/luka/ws_moveit/install/moveit_msgs/lib:${LD_LIBRARY_PATH} PATH=/home/luka/ws_moveit/install/moveit_core/bin:${PATH} PYTHONPATH=/home/luka/ws_moveit/install/moveit_msgs/lib/python3.12/site-packages:/home/luka/ws_moveit/install/moveit_configs_utils/lib/python3.12/site-packages:${PYTHONPATH} /usr/bin/cmake --install /home/luka/ws_moveit/build/moveit_servo
