[0.021s] Invoking command in '/home/luka/ws_moveit/build/moveit_ros_occupancy_map_monitor': AMENT_PREFIX_PATH=/home/luka/ws_moveit/install/moveit_core:/home/luka/ws_moveit/install/moveit_resources_panda_moveit_config:/home/luka/ws_moveit/install/moveit_resources_pr2_description:/home/luka/ws_moveit/install/moveit_resources_panda_description:/home/luka/ws_moveit/install/moveit_msgs:/home/luka/ws_moveit/install/moveit_common:${AMENT_PREFIX_PATH} CMAKE_PREFIX_PATH=/home/luka/ws_moveit/install/moveit_core:/home/luka/ws_moveit/install/moveit_resources_panda_moveit_config:/home/luka/ws_moveit/install/moveit_resources_pr2_description:/home/luka/ws_moveit/install/moveit_resources_panda_description:/home/luka/ws_moveit/install/moveit_msgs:/home/luka/ws_moveit/install/moveit_common:/opt/ros/jazzy/opt/gz_sim_vendor:/opt/ros/jazzy/opt/gz_sensors_vendor:/opt/ros/jazzy/opt/gz_physics_vendor:/opt/ros/jazzy/opt/sdformat_vendor:/opt/ros/jazzy/opt/gz_gui_vendor:/opt/ros/jazzy/opt/gz_transport_vendor:/opt/ros/jazzy/opt/gz_rendering_vendor:/opt/ros/jazzy/opt/gz_plugin_vendor:/opt/ros/jazzy/opt/gz_fuel_tools_vendor:/opt/ros/jazzy/opt/gz_msgs_vendor:/opt/ros/jazzy/opt/gz_common_vendor:/opt/ros/jazzy/opt/gz_math_vendor:/opt/ros/jazzy/opt/gz_utils_vendor:/opt/ros/jazzy/opt/gz_tools_vendor:/opt/ros/jazzy/opt/gz_ogre_next_vendor:/opt/ros/jazzy/opt/gz_dartsim_vendor:/opt/ros/jazzy/opt/gz_cmake_vendor:/opt/ros/jazzy DEBUGINFOD_URLS=https://debuginfod.ubuntu.com LD_LIBRARY_PATH=/home/luka/ws_moveit/install/moveit_core/lib:/home/luka/ws_moveit/install/moveit_msgs/lib:${LD_LIBRARY_PATH} PATH=/home/luka/ws_moveit/install/moveit_core/bin:${PATH} PYTHONPATH=/home/luka/ws_moveit/install/moveit_msgs/lib/python3.12/site-packages:${PYTHONPATH} /usr/bin/cmake --build /home/luka/ws_moveit/build/moveit_ros_occupancy_map_monitor -- -j4 -l4
[0.097s] [ 15%] Built target gmock_main
[0.114s] [ 23%] [32m[1mLinking CXX shared library libmoveit_ros_occupancy_map_monitor.so[0m
[0.139s] [ 46%] Built target gmock
[0.469s] [ 69%] Built target moveit_ros_occupancy_map_monitor
[0.518s] [ 84%] [32m[1mLinking CXX executable occupancy_map_monitor_tests[0m
[0.518s] [ 84%] [32m[1mLinking CXX executable moveit_ros_occupancy_map_server[0m
[0.980s] [ 92%] Built target moveit_ros_occupancy_map_server
[0.998s] [100%] Built target occupancy_map_monitor_tests
[1.013s] Invoked command in '/home/luka/ws_moveit/build/moveit_ros_occupancy_map_monitor' returned '0': AMENT_PREFIX_PATH=/home/luka/ws_moveit/install/moveit_core:/home/luka/ws_moveit/install/moveit_resources_panda_moveit_config:/home/luka/ws_moveit/install/moveit_resources_pr2_description:/home/luka/ws_moveit/install/moveit_resources_panda_description:/home/luka/ws_moveit/install/moveit_msgs:/home/luka/ws_moveit/install/moveit_common:${AMENT_PREFIX_PATH} CMAKE_PREFIX_PATH=/home/luka/ws_moveit/install/moveit_core:/home/luka/ws_moveit/install/moveit_resources_panda_moveit_config:/home/luka/ws_moveit/install/moveit_resources_pr2_description:/home/luka/ws_moveit/install/moveit_resources_panda_description:/home/luka/ws_moveit/install/moveit_msgs:/home/luka/ws_moveit/install/moveit_common:/opt/ros/jazzy/opt/gz_sim_vendor:/opt/ros/jazzy/opt/gz_sensors_vendor:/opt/ros/jazzy/opt/gz_physics_vendor:/opt/ros/jazzy/opt/sdformat_vendor:/opt/ros/jazzy/opt/gz_gui_vendor:/opt/ros/jazzy/opt/gz_transport_vendor:/opt/ros/jazzy/opt/gz_rendering_vendor:/opt/ros/jazzy/opt/gz_plugin_vendor:/opt/ros/jazzy/opt/gz_fuel_tools_vendor:/opt/ros/jazzy/opt/gz_msgs_vendor:/opt/ros/jazzy/opt/gz_common_vendor:/opt/ros/jazzy/opt/gz_math_vendor:/opt/ros/jazzy/opt/gz_utils_vendor:/opt/ros/jazzy/opt/gz_tools_vendor:/opt/ros/jazzy/opt/gz_ogre_next_vendor:/opt/ros/jazzy/opt/gz_dartsim_vendor:/opt/ros/jazzy/opt/gz_cmake_vendor:/opt/ros/jazzy DEBUGINFOD_URLS=https://debuginfod.ubuntu.com LD_LIBRARY_PATH=/home/luka/ws_moveit/install/moveit_core/lib:/home/luka/ws_moveit/install/moveit_msgs/lib:${LD_LIBRARY_PATH} PATH=/home/luka/ws_moveit/install/moveit_core/bin:${PATH} PYTHONPATH=/home/luka/ws_moveit/install/moveit_msgs/lib/python3.12/site-packages:${PYTHONPATH} /usr/bin/cmake --build /home/luka/ws_moveit/build/moveit_ros_occupancy_map_monitor -- -j4 -l4
[1.015s] Invoking command in '/home/luka/ws_moveit/build/moveit_ros_occupancy_map_monitor': AMENT_PREFIX_PATH=/home/luka/ws_moveit/install/moveit_core:/home/luka/ws_moveit/install/moveit_resources_panda_moveit_config:/home/luka/ws_moveit/install/moveit_resources_pr2_description:/home/luka/ws_moveit/install/moveit_resources_panda_description:/home/luka/ws_moveit/install/moveit_msgs:/home/luka/ws_moveit/install/moveit_common:${AMENT_PREFIX_PATH} CMAKE_PREFIX_PATH=/home/luka/ws_moveit/install/moveit_core:/home/luka/ws_moveit/install/moveit_resources_panda_moveit_config:/home/luka/ws_moveit/install/moveit_resources_pr2_description:/home/luka/ws_moveit/install/moveit_resources_panda_description:/home/luka/ws_moveit/install/moveit_msgs:/home/luka/ws_moveit/install/moveit_common:/opt/ros/jazzy/opt/gz_sim_vendor:/opt/ros/jazzy/opt/gz_sensors_vendor:/opt/ros/jazzy/opt/gz_physics_vendor:/opt/ros/jazzy/opt/sdformat_vendor:/opt/ros/jazzy/opt/gz_gui_vendor:/opt/ros/jazzy/opt/gz_transport_vendor:/opt/ros/jazzy/opt/gz_rendering_vendor:/opt/ros/jazzy/opt/gz_plugin_vendor:/opt/ros/jazzy/opt/gz_fuel_tools_vendor:/opt/ros/jazzy/opt/gz_msgs_vendor:/opt/ros/jazzy/opt/gz_common_vendor:/opt/ros/jazzy/opt/gz_math_vendor:/opt/ros/jazzy/opt/gz_utils_vendor:/opt/ros/jazzy/opt/gz_tools_vendor:/opt/ros/jazzy/opt/gz_ogre_next_vendor:/opt/ros/jazzy/opt/gz_dartsim_vendor:/opt/ros/jazzy/opt/gz_cmake_vendor:/opt/ros/jazzy DEBUGINFOD_URLS=https://debuginfod.ubuntu.com LD_LIBRARY_PATH=/home/luka/ws_moveit/install/moveit_core/lib:/home/luka/ws_moveit/install/moveit_msgs/lib:${LD_LIBRARY_PATH} PATH=/home/luka/ws_moveit/install/moveit_core/bin:${PATH} PYTHONPATH=/home/luka/ws_moveit/install/moveit_msgs/lib/python3.12/site-packages:${PYTHONPATH} /usr/bin/cmake --install /home/luka/ws_moveit/build/moveit_ros_occupancy_map_monitor
[1.025s] -- Install configuration: "Release"
[1.025s] -- Installing: /home/luka/ws_moveit/install/moveit_ros_occupancy_map_monitor/lib/libmoveit_ros_occupancy_map_monitor.so.2.14.1
[1.027s] -- Set non-toolchain portion of runtime path of "/home/luka/ws_moveit/install/moveit_ros_occupancy_map_monitor/lib/libmoveit_ros_occupancy_map_monitor.so.2.14.1" to ""
[1.027s] -- Up-to-date: /home/luka/ws_moveit/install/moveit_ros_occupancy_map_monitor/lib/libmoveit_ros_occupancy_map_monitor.so
[1.027s] -- Installing: /home/luka/ws_moveit/install/moveit_ros_occupancy_map_monitor/lib/moveit_ros_occupancy_map_monitor/moveit_ros_occupancy_map_server
[1.029s] -- Set non-toolchain portion of runtime path of "/home/luka/ws_moveit/install/moveit_ros_occupancy_map_monitor/lib/moveit_ros_occupancy_map_monitor/moveit_ros_occupancy_map_server" to ""
[1.029s] -- Up-to-date: /home/luka/ws_moveit/install/moveit_ros_occupancy_map_monitor/include/moveit_ros_occupancy_map_monitor
[1.029s] -- Up-to-date: /home/luka/ws_moveit/install/moveit_ros_occupancy_map_monitor/include/moveit_ros_occupancy_map_monitor/moveit
[1.030s] -- Up-to-date: /home/luka/ws_moveit/install/moveit_ros_occupancy_map_monitor/include/moveit_ros_occupancy_map_monitor/moveit/occupancy_map_monitor
[1.030s] -- Up-to-date: /home/luka/ws_moveit/install/moveit_ros_occupancy_map_monitor/include/moveit_ros_occupancy_map_monitor/moveit/occupancy_map_monitor/occupancy_map_monitor.hpp
[1.030s] -- Up-to-date: /home/luka/ws_moveit/install/moveit_ros_occupancy_map_monitor/include/moveit_ros_occupancy_map_monitor/moveit/occupancy_map_monitor/occupancy_map_monitor_middleware_handle.hpp
[1.030s] -- Up-to-date: /home/luka/ws_moveit/install/moveit_ros_occupancy_map_monitor/include/moveit_ros_occupancy_map_monitor/moveit/occupancy_map_monitor/occupancy_map_updater.hpp
[1.030s] -- Up-to-date: /home/luka/ws_moveit/install/moveit_ros_occupancy_map_monitor/include/moveit_ros_occupancy_map_monitor/moveit/occupancy_map_monitor/occupancy_map_monitor_middleware_handle.h
[1.031s] -- Up-to-date: /home/luka/ws_moveit/install/moveit_ros_occupancy_map_monitor/include/moveit_ros_occupancy_map_monitor/moveit/occupancy_map_monitor/occupancy_map_monitor.h
[1.031s] -- Up-to-date: /home/luka/ws_moveit/install/moveit_ros_occupancy_map_monitor/include/moveit_ros_occupancy_map_monitor/moveit/occupancy_map_monitor/occupancy_map_updater.h
[1.031s] -- Up-to-date: /home/luka/ws_moveit/install/moveit_ros_occupancy_map_monitor/share/moveit_ros_occupancy_map_monitor/environment/library_path.sh
[1.031s] -- Up-to-date: /home/luka/ws_moveit/install/moveit_ros_occupancy_map_monitor/share/moveit_ros_occupancy_map_monitor/environment/library_path.dsv
[1.031s] -- Up-to-date: /home/luka/ws_moveit/install/moveit_ros_occupancy_map_monitor/share/ament_index/resource_index/package_run_dependencies/moveit_ros_occupancy_map_monitor
[1.031s] -- Up-to-date: /home/luka/ws_moveit/install/moveit_ros_occupancy_map_monitor/share/ament_index/resource_index/parent_prefix_path/moveit_ros_occupancy_map_monitor
[1.032s] -- Up-to-date: /home/luka/ws_moveit/install/moveit_ros_occupancy_map_monitor/share/moveit_ros_occupancy_map_monitor/environment/ament_prefix_path.sh
[1.032s] -- Up-to-date: /home/luka/ws_moveit/install/moveit_ros_occupancy_map_monitor/share/moveit_ros_occupancy_map_monitor/environment/ament_prefix_path.dsv
[1.032s] -- Up-to-date: /home/luka/ws_moveit/install/moveit_ros_occupancy_map_monitor/share/moveit_ros_occupancy_map_monitor/environment/path.sh
[1.032s] -- Up-to-date: /home/luka/ws_moveit/install/moveit_ros_occupancy_map_monitor/share/moveit_ros_occupancy_map_monitor/environment/path.dsv
[1.032s] -- Up-to-date: /home/luka/ws_moveit/install/moveit_ros_occupancy_map_monitor/share/moveit_ros_occupancy_map_monitor/local_setup.bash
[1.032s] -- Up-to-date: /home/luka/ws_moveit/install/moveit_ros_occupancy_map_monitor/share/moveit_ros_occupancy_map_monitor/local_setup.sh
[1.032s] -- Up-to-date: /home/luka/ws_moveit/install/moveit_ros_occupancy_map_monitor/share/moveit_ros_occupancy_map_monitor/local_setup.zsh
[1.033s] -- Up-to-date: /home/luka/ws_moveit/install/moveit_ros_occupancy_map_monitor/share/moveit_ros_occupancy_map_monitor/local_setup.dsv
[1.033s] -- Installing: /home/luka/ws_moveit/install/moveit_ros_occupancy_map_monitor/share/moveit_ros_occupancy_map_monitor/package.dsv
[1.033s] -- Up-to-date: /home/luka/ws_moveit/install/moveit_ros_occupancy_map_monitor/share/ament_index/resource_index/packages/moveit_ros_occupancy_map_monitor
[1.033s] -- Up-to-date: /home/luka/ws_moveit/install/moveit_ros_occupancy_map_monitor/share/moveit_ros_occupancy_map_monitor/cmake/moveit_ros_occupancy_map_monitorTargetsExport.cmake
[1.033s] -- Up-to-date: /home/luka/ws_moveit/install/moveit_ros_occupancy_map_monitor/share/moveit_ros_occupancy_map_monitor/cmake/moveit_ros_occupancy_map_monitorTargetsExport-release.cmake
[1.033s] -- Up-to-date: /home/luka/ws_moveit/install/moveit_ros_occupancy_map_monitor/share/moveit_ros_occupancy_map_monitor/cmake/ament_cmake_export_targets-extras.cmake
[1.034s] -- Up-to-date: /home/luka/ws_moveit/install/moveit_ros_occupancy_map_monitor/share/moveit_ros_occupancy_map_monitor/cmake/ament_cmake_export_dependencies-extras.cmake
[1.034s] -- Up-to-date: /home/luka/ws_moveit/install/moveit_ros_occupancy_map_monitor/share/moveit_ros_occupancy_map_monitor/cmake/moveit_ros_occupancy_map_monitorConfig.cmake
[1.034s] -- Up-to-date: /home/luka/ws_moveit/install/moveit_ros_occupancy_map_monitor/share/moveit_ros_occupancy_map_monitor/cmake/moveit_ros_occupancy_map_monitorConfig-version.cmake
[1.034s] -- Up-to-date: /home/luka/ws_moveit/install/moveit_ros_occupancy_map_monitor/share/moveit_ros_occupancy_map_monitor/package.xml
[1.035s] Invoked command in '/home/luka/ws_moveit/build/moveit_ros_occupancy_map_monitor' returned '0': AMENT_PREFIX_PATH=/home/luka/ws_moveit/install/moveit_core:/home/luka/ws_moveit/install/moveit_resources_panda_moveit_config:/home/luka/ws_moveit/install/moveit_resources_pr2_description:/home/luka/ws_moveit/install/moveit_resources_panda_description:/home/luka/ws_moveit/install/moveit_msgs:/home/luka/ws_moveit/install/moveit_common:${AMENT_PREFIX_PATH} CMAKE_PREFIX_PATH=/home/luka/ws_moveit/install/moveit_core:/home/luka/ws_moveit/install/moveit_resources_panda_moveit_config:/home/luka/ws_moveit/install/moveit_resources_pr2_description:/home/luka/ws_moveit/install/moveit_resources_panda_description:/home/luka/ws_moveit/install/moveit_msgs:/home/luka/ws_moveit/install/moveit_common:/opt/ros/jazzy/opt/gz_sim_vendor:/opt/ros/jazzy/opt/gz_sensors_vendor:/opt/ros/jazzy/opt/gz_physics_vendor:/opt/ros/jazzy/opt/sdformat_vendor:/opt/ros/jazzy/opt/gz_gui_vendor:/opt/ros/jazzy/opt/gz_transport_vendor:/opt/ros/jazzy/opt/gz_rendering_vendor:/opt/ros/jazzy/opt/gz_plugin_vendor:/opt/ros/jazzy/opt/gz_fuel_tools_vendor:/opt/ros/jazzy/opt/gz_msgs_vendor:/opt/ros/jazzy/opt/gz_common_vendor:/opt/ros/jazzy/opt/gz_math_vendor:/opt/ros/jazzy/opt/gz_utils_vendor:/opt/ros/jazzy/opt/gz_tools_vendor:/opt/ros/jazzy/opt/gz_ogre_next_vendor:/opt/ros/jazzy/opt/gz_dartsim_vendor:/opt/ros/jazzy/opt/gz_cmake_vendor:/opt/ros/jazzy DEBUGINFOD_URLS=https://debuginfod.ubuntu.com LD_LIBRARY_PATH=/home/luka/ws_moveit/install/moveit_core/lib:/home/luka/ws_moveit/install/moveit_msgs/lib:${LD_LIBRARY_PATH} PATH=/home/luka/ws_moveit/install/moveit_core/bin:${PATH} PYTHONPATH=/home/luka/ws_moveit/install/moveit_msgs/lib/python3.12/site-packages:${PYTHONPATH} /usr/bin/cmake --install /home/luka/ws_moveit/build/moveit_ros_occupancy_map_monitor
