[0.098s] Invoking command in '/home/luka/ws_moveit/build/moveit_task_constructor_core': AMENT_PREFIX_PATH=/home/luka/ws_moveit/install/moveit_planners:/home/luka/ws_moveit/install/pilz_industrial_motion_planner:/home/luka/ws_moveit/install/moveit_resources_prbt_pg70_support:/home/luka/ws_moveit/install/moveit_py:/home/luka/ws_moveit/install/moveit_ros_planning_interface:/home/luka/ws_moveit/install/moveit_resources_prbt_moveit_config:/home/luka/ws_moveit/install/moveit_ros_move_group:/home/luka/ws_moveit/install/moveit_ros_warehouse:/home/luka/ws_moveit/install/moveit_planners_ompl:/home/luka/ws_moveit/install/moveit_kinematics:/home/luka/ws_moveit/install/moveit_ros_planning:/home/luka/ws_moveit/install/moveit_planners_chomp:/home/luka/ws_moveit/install/pilz_industrial_motion_planner_testutils:/home/luka/ws_moveit/install/moveit_simple_controller_manager:/home/luka/ws_moveit/install/moveit_ros_occupancy_map_monitor:/home/luka/ws_moveit/install/moveit_resources_prbt_ikfast_manipulator_plugin:/home/luka/ws_moveit/install/moveit_planners_stomp:/home/luka/ws_moveit/install/chomp_motion_planner:/home/luka/ws_moveit/install/moveit_core:/home/luka/ws_moveit/install/rviz_marker_tools:/home/luka/ws_moveit/install/moveit_task_constructor_msgs:/home/luka/ws_moveit/install/moveit_resources_panda_moveit_config:/home/luka/ws_moveit/install/moveit_resources_fanuc_moveit_config:/home/luka/ws_moveit/install/moveit_resources_prbt_support:/home/luka/ws_moveit/install/moveit_resources_pr2_description:/home/luka/ws_moveit/install/moveit_resources_panda_description:/home/luka/ws_moveit/install/moveit_resources_fanuc_description:/home/luka/ws_moveit/install/moveit_msgs:/home/luka/ws_moveit/install/moveit_configs_utils:/home/luka/ws_moveit/install/moveit_common:${AMENT_PREFIX_PATH} CMAKE_PREFIX_PATH=/home/luka/ws_moveit/install/moveit_planners:/home/luka/ws_moveit/install/pilz_industrial_motion_planner:/home/luka/ws_moveit/install/moveit_resources_prbt_pg70_support:/home/luka/ws_moveit/install/moveit_py:/home/luka/ws_moveit/install/moveit_ros_planning_interface:/home/luka/ws_moveit/install/moveit_resources_prbt_moveit_config:/home/luka/ws_moveit/install/moveit_ros_move_group:/home/luka/ws_moveit/install/moveit_ros_warehouse:/home/luka/ws_moveit/install/moveit_planners_ompl:/home/luka/ws_moveit/install/moveit_kinematics:/home/luka/ws_moveit/install/moveit_ros_planning:/home/luka/ws_moveit/install/moveit_planners_chomp:/home/luka/ws_moveit/install/pilz_industrial_motion_planner_testutils:/home/luka/ws_moveit/install/moveit_simple_controller_manager:/home/luka/ws_moveit/install/moveit_ros_occupancy_map_monitor:/home/luka/ws_moveit/install/moveit_resources_prbt_ikfast_manipulator_plugin:/home/luka/ws_moveit/install/moveit_planners_stomp:/home/luka/ws_moveit/install/chomp_motion_planner:/home/luka/ws_moveit/install/moveit_core:/home/luka/ws_moveit/install/rviz_marker_tools:/home/luka/ws_moveit/install/moveit_task_constructor_msgs:/home/luka/ws_moveit/install/moveit_resources_panda_moveit_config:/home/luka/ws_moveit/install/moveit_resources_fanuc_moveit_config:/home/luka/ws_moveit/install/moveit_resources_prbt_support:/home/luka/ws_moveit/install/moveit_resources_pr2_description:/home/luka/ws_moveit/install/moveit_resources_panda_description:/home/luka/ws_moveit/install/moveit_resources_fanuc_description:/home/luka/ws_moveit/install/moveit_msgs:/home/luka/ws_moveit/install/moveit_common:/opt/ros/jazzy/opt/gz_sim_vendor:/opt/ros/jazzy/opt/gz_sensors_vendor:/opt/ros/jazzy/opt/gz_physics_vendor:/opt/ros/jazzy/opt/sdformat_vendor:/opt/ros/jazzy/opt/gz_gui_vendor:/opt/ros/jazzy/opt/gz_transport_vendor:/opt/ros/jazzy/opt/gz_rendering_vendor:/opt/ros/jazzy/opt/gz_plugin_vendor:/opt/ros/jazzy/opt/gz_fuel_tools_vendor:/opt/ros/jazzy/opt/gz_msgs_vendor:/opt/ros/jazzy/opt/gz_common_vendor:/opt/ros/jazzy/opt/gz_math_vendor:/opt/ros/jazzy/opt/gz_utils_vendor:/opt/ros/jazzy/opt/gz_tools_vendor:/opt/ros/jazzy/opt/gz_ogre_next_vendor:/opt/ros/jazzy/opt/gz_dartsim_vendor:/opt/ros/jazzy/opt/gz_cmake_vendor:/opt/ros/jazzy DEBUGINFOD_URLS=https://debuginfod.ubuntu.com LD_LIBRARY_PATH=/home/luka/ws_moveit/install/pilz_industrial_motion_planner/lib:/home/luka/ws_moveit/install/moveit_py/lib:/home/luka/ws_moveit/install/moveit_ros_planning_interface/lib:/home/luka/ws_moveit/install/moveit_ros_move_group/lib:/home/luka/ws_moveit/install/moveit_ros_warehouse/lib:/home/luka/ws_moveit/install/moveit_planners_ompl/lib:/home/luka/ws_moveit/install/moveit_kinematics/lib:/home/luka/ws_moveit/install/moveit_ros_planning/lib:/home/luka/ws_moveit/install/moveit_planners_chomp/lib:/home/luka/ws_moveit/install/pilz_industrial_motion_planner_testutils/lib:/home/luka/ws_moveit/install/moveit_simple_controller_manager/lib:/home/luka/ws_moveit/install/moveit_ros_occupancy_map_monitor/lib:/home/luka/ws_moveit/install/moveit_resources_prbt_ikfast_manipulator_plugin/lib:/home/luka/ws_moveit/install/moveit_planners_stomp/lib:/home/luka/ws_moveit/install/chomp_motion_planner/lib:/home/luka/ws_moveit/install/moveit_core/lib:/home/luka/ws_moveit/install/rviz_marker_tools/lib:/home/luka/ws_moveit/install/moveit_task_constructor_msgs/lib:/home/luka/ws_moveit/install/moveit_msgs/lib:${LD_LIBRARY_PATH} PATH=/home/luka/ws_moveit/install/moveit_core/bin:${PATH} PYTHONPATH=/home/luka/ws_moveit/install/moveit_py/lib/python3.12/site-packages:/home/luka/ws_moveit/install/moveit_task_constructor_msgs/lib/python3.12/site-packages:/home/luka/ws_moveit/install/moveit_msgs/lib/python3.12/site-packages:/home/luka/ws_moveit/install/moveit_configs_utils/lib/python3.12/site-packages:${PYTHONPATH} /usr/bin/cmake --build /home/luka/ws_moveit/build/moveit_task_constructor_core -- -j4 -l4
[0.214s] [  3%] Built target gmock
[0.214s] [  5%] Built target gtest_main
[0.238s] [  5%] Built target ament_cmake_python_copy_moveit
[0.281s] [  7%] Built target gtest
[0.289s] [  9%] Built target gmock_main
[0.335s] [ 10%] [32m[1mLinking CXX shared library libmoveit_task_constructor_core.so[0m
[0.799s] running egg_info
[0.869s] writing moveit.egg-info/PKG-INFO
[0.870s] writing dependency_links to moveit.egg-info/dependency_links.txt
[0.870s] writing top-level names to moveit.egg-info/top_level.txt
[1.058s] [ 26%] Built target moveit_task_constructor_core
[1.074s] reading manifest file 'moveit.egg-info/SOURCES.txt'
[1.076s] writing manifest file 'moveit.egg-info/SOURCES.txt'
[1.143s] [ 27%] [32m[1mLinking CXX shared library libmoveit_task_constructor_core_python_tools.so[0m
[1.160s] [ 27%] Built target ament_cmake_python_build_moveit_egg
[1.164s] [ 29%] [32m[1mLinking CXX shared library libgtest_utils.so[0m
[1.243s] [ 30%] [32m[1mLinking CXX shared library libmoveit_task_constructor_core_stages.so[0m
[1.642s] [ 31%] Built target moveit_task_constructor_core_python_tools
[1.907s] [ 34%] Built target gtest_utils
[2.044s] [ 53%] Built target moveit_task_constructor_core_stages
[2.167s] [ 54%] [32m[1mLinking CXX executable moveit_task_constructor_core-test-stage[0m
[2.168s] [ 55%] [32m[1mLinking CXX shared library libmoveit_task_constructor_core_stage_plugins.so[0m
[2.186s] [ 56%] [32m[1mLinking CXX executable moveit_task_constructor_core-test-mockups[0m
[2.202s] [ 58%] [32m[1mLinking CXX shared module pymoveit_mtc.cpython-312-x86_64-linux-gnu.so[0m
[2.930s] [ 59%] Built target moveit_task_constructor_core_stage_plugins
[3.064s] [ 60%] [32m[1mLinking CXX executable moveit_task_constructor_core-test-limit-solutions[0m
[3.582s] [ 61%] Built target moveit_task_constructor_core-test-mockups
[3.677s] [ 62%] [32m[1mLinking CXX executable moveit_task_constructor_core-test-container[0m
[4.143s] [ 63%] Built target moveit_task_constructor_core-test-stage
[4.405s] [ 64%] [32m[1mLinking CXX executable moveit_task_constructor_core-test-serial[0m
[4.531s] [ 65%] Built target moveit_task_constructor_core-test-limit-solutions
[4.709s] [ 66%] [32m[1mLinking CXX executable moveit_task_constructor_core-test-pruning[0m
[5.228s] [ 67%] Built target moveit_task_constructor_core-test-container
[5.296s] [ 68%] [32m[1mLinking CXX executable moveit_task_constructor_core-test-properties[0m
[5.514s] [ 69%] Built target moveit_task_constructor_core-test-serial
[5.530s] [ 70%] Built target moveit_task_constructor_core-test-pruning
[5.605s] [ 72%] [32m[1mLinking CXX executable moveit_task_constructor_core-test-storage[0m
[5.606s] [ 73%] [32m[1mLinking CXX executable moveit_task_constructor_core-test-cost-terms[0m
[6.285s] [ 74%] Built target moveit_task_constructor_core-test-properties
[6.383s] [ 75%] [32m[1mLinking CXX executable moveit_task_constructor_core-test-fallback[0m
[6.580s] [ 76%] Built target moveit_task_constructor_core-test-storage
[6.671s] [ 77%] [32m[1mLinking CXX executable moveit_task_constructor_core-test-cost-queue[0m
[6.732s] [ 78%] Built target moveit_task_constructor_core-test-cost-terms
[6.832s] [ 79%] [32m[1mLinking CXX executable moveit_task_constructor_core-test-interface-state[0m
[7.503s] [ 80%] Built target moveit_task_constructor_core-test-fallback
[7.582s] [ 81%] [32m[1mLinking CXX executable moveit_task_constructor_core-test-move-to[0m
[7.720s] [ 82%] Built target moveit_task_constructor_core-test-cost-queue
[7.888s] [ 83%] [32m[1mLinking CXX executable moveit_task_constructor_core-test-move-relative[0m
[7.956s] [ 84%] Built target moveit_task_constructor_core-test-interface-state
[8.051s] [ 86%] [32m[1mLinking CXX executable moveit_task_constructor_core-test-pipeline-planner[0m
[8.298s] [01m[Klto-wrapper:[m[K [01;35m[Kwarning: [m[Kusing serial compilation of 12 LTRANS jobs
[8.298s] [01m[Klto-wrapper:[m[K [01;36m[Knote: [m[Ksee the ]8;;https://gcc.gnu.org/onlinedocs/gcc/Optimize-Options.html#index-flto‘[01m[K-flto[m[K’ option documentation]8;; for more information
[8.843s] [ 87%] Built target moveit_task_constructor_core-test-move-to
[8.963s] [ 88%] [32m[1mLinking CXX executable pick_ur5[0m
[9.262s] [ 89%] Built target moveit_task_constructor_core-test-move-relative
[9.358s] [ 90%] [32m[1mLinking CXX executable pick_pr2[0m
[9.385s] [ 91%] Built target moveit_task_constructor_core-test-pipeline-planner
[9.476s] [ 92%] [32m[1mLinking CXX executable pick_pa10[0m
[10.049s] [ 93%] Built target pick_ur5
[10.462s] [ 94%] Built target pick_pr2
[10.594s] [ 95%] Built target pick_pa10
[26.253s] [100%] Built target pymoveit_mtc
[26.271s] Invoked command in '/home/luka/ws_moveit/build/moveit_task_constructor_core' returned '0': AMENT_PREFIX_PATH=/home/luka/ws_moveit/install/moveit_planners:/home/luka/ws_moveit/install/pilz_industrial_motion_planner:/home/luka/ws_moveit/install/moveit_resources_prbt_pg70_support:/home/luka/ws_moveit/install/moveit_py:/home/luka/ws_moveit/install/moveit_ros_planning_interface:/home/luka/ws_moveit/install/moveit_resources_prbt_moveit_config:/home/luka/ws_moveit/install/moveit_ros_move_group:/home/luka/ws_moveit/install/moveit_ros_warehouse:/home/luka/ws_moveit/install/moveit_planners_ompl:/home/luka/ws_moveit/install/moveit_kinematics:/home/luka/ws_moveit/install/moveit_ros_planning:/home/luka/ws_moveit/install/moveit_planners_chomp:/home/luka/ws_moveit/install/pilz_industrial_motion_planner_testutils:/home/luka/ws_moveit/install/moveit_simple_controller_manager:/home/luka/ws_moveit/install/moveit_ros_occupancy_map_monitor:/home/luka/ws_moveit/install/moveit_resources_prbt_ikfast_manipulator_plugin:/home/luka/ws_moveit/install/moveit_planners_stomp:/home/luka/ws_moveit/install/chomp_motion_planner:/home/luka/ws_moveit/install/moveit_core:/home/luka/ws_moveit/install/rviz_marker_tools:/home/luka/ws_moveit/install/moveit_task_constructor_msgs:/home/luka/ws_moveit/install/moveit_resources_panda_moveit_config:/home/luka/ws_moveit/install/moveit_resources_fanuc_moveit_config:/home/luka/ws_moveit/install/moveit_resources_prbt_support:/home/luka/ws_moveit/install/moveit_resources_pr2_description:/home/luka/ws_moveit/install/moveit_resources_panda_description:/home/luka/ws_moveit/install/moveit_resources_fanuc_description:/home/luka/ws_moveit/install/moveit_msgs:/home/luka/ws_moveit/install/moveit_configs_utils:/home/luka/ws_moveit/install/moveit_common:${AMENT_PREFIX_PATH} CMAKE_PREFIX_PATH=/home/luka/ws_moveit/install/moveit_planners:/home/luka/ws_moveit/install/pilz_industrial_motion_planner:/home/luka/ws_moveit/install/moveit_resources_prbt_pg70_support:/home/luka/ws_moveit/install/moveit_py:/home/luka/ws_moveit/install/moveit_ros_planning_interface:/home/luka/ws_moveit/install/moveit_resources_prbt_moveit_config:/home/luka/ws_moveit/install/moveit_ros_move_group:/home/luka/ws_moveit/install/moveit_ros_warehouse:/home/luka/ws_moveit/install/moveit_planners_ompl:/home/luka/ws_moveit/install/moveit_kinematics:/home/luka/ws_moveit/install/moveit_ros_planning:/home/luka/ws_moveit/install/moveit_planners_chomp:/home/luka/ws_moveit/install/pilz_industrial_motion_planner_testutils:/home/luka/ws_moveit/install/moveit_simple_controller_manager:/home/luka/ws_moveit/install/moveit_ros_occupancy_map_monitor:/home/luka/ws_moveit/install/moveit_resources_prbt_ikfast_manipulator_plugin:/home/luka/ws_moveit/install/moveit_planners_stomp:/home/luka/ws_moveit/install/chomp_motion_planner:/home/luka/ws_moveit/install/moveit_core:/home/luka/ws_moveit/install/rviz_marker_tools:/home/luka/ws_moveit/install/moveit_task_constructor_msgs:/home/luka/ws_moveit/install/moveit_resources_panda_moveit_config:/home/luka/ws_moveit/install/moveit_resources_fanuc_moveit_config:/home/luka/ws_moveit/install/moveit_resources_prbt_support:/home/luka/ws_moveit/install/moveit_resources_pr2_description:/home/luka/ws_moveit/install/moveit_resources_panda_description:/home/luka/ws_moveit/install/moveit_resources_fanuc_description:/home/luka/ws_moveit/install/moveit_msgs:/home/luka/ws_moveit/install/moveit_common:/opt/ros/jazzy/opt/gz_sim_vendor:/opt/ros/jazzy/opt/gz_sensors_vendor:/opt/ros/jazzy/opt/gz_physics_vendor:/opt/ros/jazzy/opt/sdformat_vendor:/opt/ros/jazzy/opt/gz_gui_vendor:/opt/ros/jazzy/opt/gz_transport_vendor:/opt/ros/jazzy/opt/gz_rendering_vendor:/opt/ros/jazzy/opt/gz_plugin_vendor:/opt/ros/jazzy/opt/gz_fuel_tools_vendor:/opt/ros/jazzy/opt/gz_msgs_vendor:/opt/ros/jazzy/opt/gz_common_vendor:/opt/ros/jazzy/opt/gz_math_vendor:/opt/ros/jazzy/opt/gz_utils_vendor:/opt/ros/jazzy/opt/gz_tools_vendor:/opt/ros/jazzy/opt/gz_ogre_next_vendor:/opt/ros/jazzy/opt/gz_dartsim_vendor:/opt/ros/jazzy/opt/gz_cmake_vendor:/opt/ros/jazzy DEBUGINFOD_URLS=https://debuginfod.ubuntu.com LD_LIBRARY_PATH=/home/luka/ws_moveit/install/pilz_industrial_motion_planner/lib:/home/luka/ws_moveit/install/moveit_py/lib:/home/luka/ws_moveit/install/moveit_ros_planning_interface/lib:/home/luka/ws_moveit/install/moveit_ros_move_group/lib:/home/luka/ws_moveit/install/moveit_ros_warehouse/lib:/home/luka/ws_moveit/install/moveit_planners_ompl/lib:/home/luka/ws_moveit/install/moveit_kinematics/lib:/home/luka/ws_moveit/install/moveit_ros_planning/lib:/home/luka/ws_moveit/install/moveit_planners_chomp/lib:/home/luka/ws_moveit/install/pilz_industrial_motion_planner_testutils/lib:/home/luka/ws_moveit/install/moveit_simple_controller_manager/lib:/home/luka/ws_moveit/install/moveit_ros_occupancy_map_monitor/lib:/home/luka/ws_moveit/install/moveit_resources_prbt_ikfast_manipulator_plugin/lib:/home/luka/ws_moveit/install/moveit_planners_stomp/lib:/home/luka/ws_moveit/install/chomp_motion_planner/lib:/home/luka/ws_moveit/install/moveit_core/lib:/home/luka/ws_moveit/install/rviz_marker_tools/lib:/home/luka/ws_moveit/install/moveit_task_constructor_msgs/lib:/home/luka/ws_moveit/install/moveit_msgs/lib:${LD_LIBRARY_PATH} PATH=/home/luka/ws_moveit/install/moveit_core/bin:${PATH} PYTHONPATH=/home/luka/ws_moveit/install/moveit_py/lib/python3.12/site-packages:/home/luka/ws_moveit/install/moveit_task_constructor_msgs/lib/python3.12/site-packages:/home/luka/ws_moveit/install/moveit_msgs/lib/python3.12/site-packages:/home/luka/ws_moveit/install/moveit_configs_utils/lib/python3.12/site-packages:${PYTHONPATH} /usr/bin/cmake --build /home/luka/ws_moveit/build/moveit_task_constructor_core -- -j4 -l4
[26.273s] Invoking command in '/home/luka/ws_moveit/build/moveit_task_constructor_core': AMENT_PREFIX_PATH=/home/luka/ws_moveit/install/moveit_planners:/home/luka/ws_moveit/install/pilz_industrial_motion_planner:/home/luka/ws_moveit/install/moveit_resources_prbt_pg70_support:/home/luka/ws_moveit/install/moveit_py:/home/luka/ws_moveit/install/moveit_ros_planning_interface:/home/luka/ws_moveit/install/moveit_resources_prbt_moveit_config:/home/luka/ws_moveit/install/moveit_ros_move_group:/home/luka/ws_moveit/install/moveit_ros_warehouse:/home/luka/ws_moveit/install/moveit_planners_ompl:/home/luka/ws_moveit/install/moveit_kinematics:/home/luka/ws_moveit/install/moveit_ros_planning:/home/luka/ws_moveit/install/moveit_planners_chomp:/home/luka/ws_moveit/install/pilz_industrial_motion_planner_testutils:/home/luka/ws_moveit/install/moveit_simple_controller_manager:/home/luka/ws_moveit/install/moveit_ros_occupancy_map_monitor:/home/luka/ws_moveit/install/moveit_resources_prbt_ikfast_manipulator_plugin:/home/luka/ws_moveit/install/moveit_planners_stomp:/home/luka/ws_moveit/install/chomp_motion_planner:/home/luka/ws_moveit/install/moveit_core:/home/luka/ws_moveit/install/rviz_marker_tools:/home/luka/ws_moveit/install/moveit_task_constructor_msgs:/home/luka/ws_moveit/install/moveit_resources_panda_moveit_config:/home/luka/ws_moveit/install/moveit_resources_fanuc_moveit_config:/home/luka/ws_moveit/install/moveit_resources_prbt_support:/home/luka/ws_moveit/install/moveit_resources_pr2_description:/home/luka/ws_moveit/install/moveit_resources_panda_description:/home/luka/ws_moveit/install/moveit_resources_fanuc_description:/home/luka/ws_moveit/install/moveit_msgs:/home/luka/ws_moveit/install/moveit_configs_utils:/home/luka/ws_moveit/install/moveit_common:${AMENT_PREFIX_PATH} CMAKE_PREFIX_PATH=/home/luka/ws_moveit/install/moveit_planners:/home/luka/ws_moveit/install/pilz_industrial_motion_planner:/home/luka/ws_moveit/install/moveit_resources_prbt_pg70_support:/home/luka/ws_moveit/install/moveit_py:/home/luka/ws_moveit/install/moveit_ros_planning_interface:/home/luka/ws_moveit/install/moveit_resources_prbt_moveit_config:/home/luka/ws_moveit/install/moveit_ros_move_group:/home/luka/ws_moveit/install/moveit_ros_warehouse:/home/luka/ws_moveit/install/moveit_planners_ompl:/home/luka/ws_moveit/install/moveit_kinematics:/home/luka/ws_moveit/install/moveit_ros_planning:/home/luka/ws_moveit/install/moveit_planners_chomp:/home/luka/ws_moveit/install/pilz_industrial_motion_planner_testutils:/home/luka/ws_moveit/install/moveit_simple_controller_manager:/home/luka/ws_moveit/install/moveit_ros_occupancy_map_monitor:/home/luka/ws_moveit/install/moveit_resources_prbt_ikfast_manipulator_plugin:/home/luka/ws_moveit/install/moveit_planners_stomp:/home/luka/ws_moveit/install/chomp_motion_planner:/home/luka/ws_moveit/install/moveit_core:/home/luka/ws_moveit/install/rviz_marker_tools:/home/luka/ws_moveit/install/moveit_task_constructor_msgs:/home/luka/ws_moveit/install/moveit_resources_panda_moveit_config:/home/luka/ws_moveit/install/moveit_resources_fanuc_moveit_config:/home/luka/ws_moveit/install/moveit_resources_prbt_support:/home/luka/ws_moveit/install/moveit_resources_pr2_description:/home/luka/ws_moveit/install/moveit_resources_panda_description:/home/luka/ws_moveit/install/moveit_resources_fanuc_description:/home/luka/ws_moveit/install/moveit_msgs:/home/luka/ws_moveit/install/moveit_common:/opt/ros/jazzy/opt/gz_sim_vendor:/opt/ros/jazzy/opt/gz_sensors_vendor:/opt/ros/jazzy/opt/gz_physics_vendor:/opt/ros/jazzy/opt/sdformat_vendor:/opt/ros/jazzy/opt/gz_gui_vendor:/opt/ros/jazzy/opt/gz_transport_vendor:/opt/ros/jazzy/opt/gz_rendering_vendor:/opt/ros/jazzy/opt/gz_plugin_vendor:/opt/ros/jazzy/opt/gz_fuel_tools_vendor:/opt/ros/jazzy/opt/gz_msgs_vendor:/opt/ros/jazzy/opt/gz_common_vendor:/opt/ros/jazzy/opt/gz_math_vendor:/opt/ros/jazzy/opt/gz_utils_vendor:/opt/ros/jazzy/opt/gz_tools_vendor:/opt/ros/jazzy/opt/gz_ogre_next_vendor:/opt/ros/jazzy/opt/gz_dartsim_vendor:/opt/ros/jazzy/opt/gz_cmake_vendor:/opt/ros/jazzy DEBUGINFOD_URLS=https://debuginfod.ubuntu.com LD_LIBRARY_PATH=/home/luka/ws_moveit/install/pilz_industrial_motion_planner/lib:/home/luka/ws_moveit/install/moveit_py/lib:/home/luka/ws_moveit/install/moveit_ros_planning_interface/lib:/home/luka/ws_moveit/install/moveit_ros_move_group/lib:/home/luka/ws_moveit/install/moveit_ros_warehouse/lib:/home/luka/ws_moveit/install/moveit_planners_ompl/lib:/home/luka/ws_moveit/install/moveit_kinematics/lib:/home/luka/ws_moveit/install/moveit_ros_planning/lib:/home/luka/ws_moveit/install/moveit_planners_chomp/lib:/home/luka/ws_moveit/install/pilz_industrial_motion_planner_testutils/lib:/home/luka/ws_moveit/install/moveit_simple_controller_manager/lib:/home/luka/ws_moveit/install/moveit_ros_occupancy_map_monitor/lib:/home/luka/ws_moveit/install/moveit_resources_prbt_ikfast_manipulator_plugin/lib:/home/luka/ws_moveit/install/moveit_planners_stomp/lib:/home/luka/ws_moveit/install/chomp_motion_planner/lib:/home/luka/ws_moveit/install/moveit_core/lib:/home/luka/ws_moveit/install/rviz_marker_tools/lib:/home/luka/ws_moveit/install/moveit_task_constructor_msgs/lib:/home/luka/ws_moveit/install/moveit_msgs/lib:${LD_LIBRARY_PATH} PATH=/home/luka/ws_moveit/install/moveit_core/bin:${PATH} PYTHONPATH=/home/luka/ws_moveit/install/moveit_py/lib/python3.12/site-packages:/home/luka/ws_moveit/install/moveit_task_constructor_msgs/lib/python3.12/site-packages:/home/luka/ws_moveit/install/moveit_msgs/lib/python3.12/site-packages:/home/luka/ws_moveit/install/moveit_configs_utils/lib/python3.12/site-packages:${PYTHONPATH} /usr/bin/cmake --install /home/luka/ws_moveit/build/moveit_task_constructor_core
[26.286s] -- Install configuration: "Release"
[26.288s] -- Installing: /home/luka/ws_moveit/install/moveit_task_constructor_core/lib/libmoveit_task_constructor_core_stages.so
[26.289s] -- Set non-toolchain portion of runtime path of "/home/luka/ws_moveit/install/moveit_task_constructor_core/lib/libmoveit_task_constructor_core_stages.so" to ""
[26.290s] -- Installing: /home/luka/ws_moveit/install/moveit_task_constructor_core/lib/libmoveit_task_constructor_core_stage_plugins.so
[26.290s] -- Set non-toolchain portion of runtime path of "/home/luka/ws_moveit/install/moveit_task_constructor_core/lib/libmoveit_task_constructor_core_stage_plugins.so" to ""
[26.291s] -- Installing: /home/luka/ws_moveit/install/moveit_task_constructor_core/lib/libmoveit_task_constructor_core.so
[26.293s] -- Set non-toolchain portion of runtime path of "/home/luka/ws_moveit/install/moveit_task_constructor_core/lib/libmoveit_task_constructor_core.so" to ""
[26.293s] -- Up-to-date: /home/luka/ws_moveit/install/moveit_task_constructor_core/share/moveit_task_constructor_core/environment/pythonpath.sh
[26.293s] -- Up-to-date: /home/luka/ws_moveit/install/moveit_task_constructor_core/share/moveit_task_constructor_core/environment/pythonpath.dsv
[26.294s] -- Up-to-date: /home/luka/ws_moveit/install/moveit_task_constructor_core/lib/python3.12/site-packages/moveit-0.1.4-py3.12.egg-info
[26.294s] -- Installing: /home/luka/ws_moveit/install/moveit_task_constructor_core/lib/python3.12/site-packages/moveit-0.1.4-py3.12.egg-info/dependency_links.txt
[26.294s] -- Installing: /home/luka/ws_moveit/install/moveit_task_constructor_core/lib/python3.12/site-packages/moveit-0.1.4-py3.12.egg-info/PKG-INFO
[26.294s] -- Installing: /home/luka/ws_moveit/install/moveit_task_constructor_core/lib/python3.12/site-packages/moveit-0.1.4-py3.12.egg-info/SOURCES.txt
[26.294s] -- Installing: /home/luka/ws_moveit/install/moveit_task_constructor_core/lib/python3.12/site-packages/moveit-0.1.4-py3.12.egg-info/top_level.txt
[26.294s] -- Up-to-date: /home/luka/ws_moveit/install/moveit_task_constructor_core/lib/python3.12/site-packages/moveit
[26.294s] -- Up-to-date: /home/luka/ws_moveit/install/moveit_task_constructor_core/lib/python3.12/site-packages/moveit/__init__.py
[26.295s] -- Up-to-date: /home/luka/ws_moveit/install/moveit_task_constructor_core/lib/python3.12/site-packages/moveit/task_constructor
[26.295s] -- Up-to-date: /home/luka/ws_moveit/install/moveit_task_constructor_core/lib/python3.12/site-packages/moveit/task_constructor/__init__.py
[26.295s] -- Up-to-date: /home/luka/ws_moveit/install/moveit_task_constructor_core/lib/python3.12/site-packages/moveit/task_constructor/core.py
[26.295s] -- Up-to-date: /home/luka/ws_moveit/install/moveit_task_constructor_core/lib/python3.12/site-packages/moveit/task_constructor/stages.py
[26.347s] Listing '/home/luka/ws_moveit/install/moveit_task_constructor_core/lib/python3.12/site-packages/moveit'...
[26.347s] Listing '/home/luka/ws_moveit/install/moveit_task_constructor_core/lib/python3.12/site-packages/moveit/task_constructor'...
[26.356s] -- Up-to-date: /home/luka/ws_moveit/install/moveit_task_constructor_core/include/moveit/python/pybind11
[26.357s] -- Up-to-date: /home/luka/ws_moveit/install/moveit_task_constructor_core/include/moveit/python/pybind11/eigen.h
[26.357s] -- Up-to-date: /home/luka/ws_moveit/install/moveit_task_constructor_core/include/moveit/python/pybind11/type_caster_pyobject_ptr.h
[26.357s] -- Up-to-date: /home/luka/ws_moveit/install/moveit_task_constructor_core/include/moveit/python/pybind11/complex.h
[26.357s] -- Up-to-date: /home/luka/ws_moveit/install/moveit_task_constructor_core/include/moveit/python/pybind11/cast.h
[26.357s] -- Up-to-date: /home/luka/ws_moveit/install/moveit_task_constructor_core/include/moveit/python/pybind11/stl_bind.h
[26.357s] -- Up-to-date: /home/luka/ws_moveit/install/moveit_task_constructor_core/include/moveit/python/pybind11/pytypes.h
[26.358s] -- Up-to-date: /home/luka/ws_moveit/install/moveit_task_constructor_core/include/moveit/python/pybind11/buffer_info.h
[26.358s] -- Up-to-date: /home/luka/ws_moveit/install/moveit_task_constructor_core/include/moveit/python/pybind11/iostream.h
[26.358s] -- Up-to-date: /home/luka/ws_moveit/install/moveit_task_constructor_core/include/moveit/python/pybind11/detail
[26.358s] -- Up-to-date: /home/luka/ws_moveit/install/moveit_task_constructor_core/include/moveit/python/pybind11/detail/class.h
[26.358s] -- Up-to-date: /home/luka/ws_moveit/install/moveit_task_constructor_core/include/moveit/python/pybind11/detail/init.h
[26.359s] -- Up-to-date: /home/luka/ws_moveit/install/moveit_task_constructor_core/include/moveit/python/pybind11/detail/dynamic_raw_ptr_cast_if_possible.h
[26.359s] -- Up-to-date: /home/luka/ws_moveit/install/moveit_task_constructor_core/include/moveit/python/pybind11/detail/type_caster_odr_guard.h
[26.359s] -- Up-to-date: /home/luka/ws_moveit/install/moveit_task_constructor_core/include/moveit/python/pybind11/detail/smart_holder_sfinae_hooks_only.h
[26.359s] -- Up-to-date: /home/luka/ws_moveit/install/moveit_task_constructor_core/include/moveit/python/pybind11/detail/smart_holder_type_casters.h
[26.359s] -- Up-to-date: /home/luka/ws_moveit/install/moveit_task_constructor_core/include/moveit/python/pybind11/detail/common.h
[26.359s] -- Up-to-date: /home/luka/ws_moveit/install/moveit_task_constructor_core/include/moveit/python/pybind11/detail/typeid.h
[26.359s] -- Up-to-date: /home/luka/ws_moveit/install/moveit_task_constructor_core/include/moveit/python/pybind11/detail/smart_holder_poc.h
[26.359s] -- Up-to-date: /home/luka/ws_moveit/install/moveit_task_constructor_core/include/moveit/python/pybind11/detail/type_caster_base.h
[26.360s] -- Up-to-date: /home/luka/ws_moveit/install/moveit_task_constructor_core/include/moveit/python/pybind11/detail/descr.h
[26.360s] -- Up-to-date: /home/luka/ws_moveit/install/moveit_task_constructor_core/include/moveit/python/pybind11/detail/internals.h
[26.360s] -- Up-to-date: /home/luka/ws_moveit/install/moveit_task_constructor_core/include/moveit/python/pybind11/pybind11.h
[26.360s] -- Up-to-date: /home/luka/ws_moveit/install/moveit_task_constructor_core/include/moveit/python/pybind11/stl
[26.360s] -- Up-to-date: /home/luka/ws_moveit/install/moveit_task_constructor_core/include/moveit/python/pybind11/stl/filesystem.h
[26.360s] -- Up-to-date: /home/luka/ws_moveit/install/moveit_task_constructor_core/include/moveit/python/pybind11/eigen
[26.361s] -- Up-to-date: /home/luka/ws_moveit/install/moveit_task_constructor_core/include/moveit/python/pybind11/eigen/tensor.h
[26.361s] -- Up-to-date: /home/luka/ws_moveit/install/moveit_task_constructor_core/include/moveit/python/pybind11/eigen/matrix.h
[26.361s] -- Up-to-date: /home/luka/ws_moveit/install/moveit_task_constructor_core/include/moveit/python/pybind11/eigen/common.h
[26.361s] -- Up-to-date: /home/luka/ws_moveit/install/moveit_task_constructor_core/include/moveit/python/pybind11/numpy.h
[26.361s] -- Up-to-date: /home/luka/ws_moveit/install/moveit_task_constructor_core/include/moveit/python/pybind11/gil.h
[26.361s] -- Up-to-date: /home/luka/ws_moveit/install/moveit_task_constructor_core/include/moveit/python/pybind11/typing.h
[26.361s] -- Up-to-date: /home/luka/ws_moveit/install/moveit_task_constructor_core/include/moveit/python/pybind11/trampoline_self_life_support.h
[26.362s] -- Up-to-date: /home/luka/ws_moveit/install/moveit_task_constructor_core/include/moveit/python/pybind11/functional.h
[26.362s] -- Up-to-date: /home/luka/ws_moveit/install/moveit_task_constructor_core/include/moveit/python/pybind11/embed.h
[26.362s] -- Up-to-date: /home/luka/ws_moveit/install/moveit_task_constructor_core/include/moveit/python/pybind11/gil_safe_call_once.h
[26.362s] -- Up-to-date: /home/luka/ws_moveit/install/moveit_task_constructor_core/include/moveit/python/pybind11/common.h
[26.362s] -- Up-to-date: /home/luka/ws_moveit/install/moveit_task_constructor_core/include/moveit/python/pybind11/smart_holder.h
[26.362s] -- Up-to-date: /home/luka/ws_moveit/install/moveit_task_constructor_core/include/moveit/python/pybind11/options.h
[26.362s] -- Up-to-date: /home/luka/ws_moveit/install/moveit_task_constructor_core/include/moveit/python/pybind11/chrono.h
[26.362s] -- Up-to-date: /home/luka/ws_moveit/install/moveit_task_constructor_core/include/moveit/python/pybind11/eval.h
[26.363s] -- Up-to-date: /home/luka/ws_moveit/install/moveit_task_constructor_core/include/moveit/python/pybind11/stl.h
[26.363s] -- Up-to-date: /home/luka/ws_moveit/install/moveit_task_constructor_core/include/moveit/python/pybind11/operators.h
[26.363s] -- Up-to-date: /home/luka/ws_moveit/install/moveit_task_constructor_core/include/moveit/python/pybind11/attr.h
[26.363s] -- Up-to-date: /home/luka/ws_moveit/install/moveit_task_constructor_core/share/moveit_task_constructor_core/cmake/pybind11Config.cmake
[26.363s] -- Up-to-date: /home/luka/ws_moveit/install/moveit_task_constructor_core/share/moveit_task_constructor_core/cmake/pybind11ConfigVersion.cmake
[26.363s] -- Up-to-date: /home/luka/ws_moveit/install/moveit_task_constructor_core/share/moveit_task_constructor_core/cmake/FindPythonLibsNew.cmake
[26.364s] -- Up-to-date: /home/luka/ws_moveit/install/moveit_task_constructor_core/share/moveit_task_constructor_core/cmake/pybind11Common.cmake
[26.364s] -- Up-to-date: /home/luka/ws_moveit/install/moveit_task_constructor_core/share/moveit_task_constructor_core/cmake/pybind11Tools.cmake
[26.364s] -- Up-to-date: /home/luka/ws_moveit/install/moveit_task_constructor_core/share/moveit_task_constructor_core/cmake/pybind11NewTools.cmake
[26.364s] -- Up-to-date: /home/luka/ws_moveit/install/moveit_task_constructor_core/share/moveit_task_constructor_core/cmake/pybind11Targets.cmake
[26.364s] -- Up-to-date: /home/luka/ws_moveit/install/moveit_task_constructor_core/share/pkgconfig/pybind11.pc
[26.364s] -- Installing: /home/luka/ws_moveit/install/moveit_task_constructor_core/lib/libmoveit_task_constructor_core_python_tools.so
[26.364s] -- Set non-toolchain portion of runtime path of "/home/luka/ws_moveit/install/moveit_task_constructor_core/lib/libmoveit_task_constructor_core_python_tools.so" to ""
[26.365s] -- Installing: /home/luka/ws_moveit/install/moveit_task_constructor_core/lib/python3.12/site-packages/pymoveit_mtc.cpython-312-x86_64-linux-gnu.so
[26.365s] -- Set non-toolchain portion of runtime path of "/home/luka/ws_moveit/install/moveit_task_constructor_core/lib/python3.12/site-packages/pymoveit_mtc.cpython-312-x86_64-linux-gnu.so" to ""
[26.365s] -- Up-to-date: /home/luka/ws_moveit/install/moveit_task_constructor_core/include
[26.365s] -- Up-to-date: /home/luka/ws_moveit/install/moveit_task_constructor_core/include/moveit
[26.366s] -- Up-to-date: /home/luka/ws_moveit/install/moveit_task_constructor_core/include/moveit/task_constructor
[26.366s] -- Up-to-date: /home/luka/ws_moveit/install/moveit_task_constructor_core/include/moveit/task_constructor/introspection.h
[26.366s] -- Up-to-date: /home/luka/ws_moveit/install/moveit_task_constructor_core/include/moveit/task_constructor/storage.h
[26.366s] -- Up-to-date: /home/luka/ws_moveit/install/moveit_task_constructor_core/include/moveit/task_constructor/type_traits.h
[26.366s] -- Up-to-date: /home/luka/ws_moveit/install/moveit_task_constructor_core/include/moveit/task_constructor/cost_queue.h
[26.366s] -- Up-to-date: /home/luka/ws_moveit/install/moveit_task_constructor_core/include/moveit/task_constructor/moveit_compat.h
[26.367s] -- Up-to-date: /home/luka/ws_moveit/install/moveit_task_constructor_core/include/moveit/task_constructor/stages
[26.367s] -- Up-to-date: /home/luka/ws_moveit/install/moveit_task_constructor_core/include/moveit/task_constructor/stages/move_to.h
[26.367s] -- Up-to-date: /home/luka/ws_moveit/install/moveit_task_constructor_core/include/moveit/task_constructor/stages/simple_grasp.h
[26.367s] -- Up-to-date: /home/luka/ws_moveit/install/moveit_task_constructor_core/include/moveit/task_constructor/stages/generate_random_pose.h
[26.367s] -- Up-to-date: /home/luka/ws_moveit/install/moveit_task_constructor_core/include/moveit/task_constructor/stages/fixed_state.h
[26.367s] -- Up-to-date: /home/luka/ws_moveit/install/moveit_task_constructor_core/include/moveit/task_constructor/stages/passthrough.h
[26.367s] -- Up-to-date: /home/luka/ws_moveit/install/moveit_task_constructor_core/include/moveit/task_constructor/stages/compute_ik.h
[26.368s] -- Up-to-date: /home/luka/ws_moveit/install/moveit_task_constructor_core/include/moveit/task_constructor/stages/noop.h
[26.368s] -- Up-to-date: /home/luka/ws_moveit/install/moveit_task_constructor_core/include/moveit/task_constructor/stages/generate_place_pose.h
[26.368s] -- Up-to-date: /home/luka/ws_moveit/install/moveit_task_constructor_core/include/moveit/task_constructor/stages/fixed_cartesian_poses.h
[26.368s] -- Up-to-date: /home/luka/ws_moveit/install/moveit_task_constructor_core/include/moveit/task_constructor/stages/generate_pose.h
[26.368s] -- Up-to-date: /home/luka/ws_moveit/install/moveit_task_constructor_core/include/moveit/task_constructor/stages/connect.h
[26.369s] -- Up-to-date: /home/luka/ws_moveit/install/moveit_task_constructor_core/include/moveit/task_constructor/stages/generate_grasp_pose.h
[26.369s] -- Up-to-date: /home/luka/ws_moveit/install/moveit_task_constructor_core/include/moveit/task_constructor/stages/pick.h
[26.369s] -- Up-to-date: /home/luka/ws_moveit/install/moveit_task_constructor_core/include/moveit/task_constructor/stages/predicate_filter.h
[26.369s] -- Up-to-date: /home/luka/ws_moveit/install/moveit_task_constructor_core/include/moveit/task_constructor/stages/fix_collision_objects.h
[26.369s] -- Up-to-date: /home/luka/ws_moveit/install/moveit_task_constructor_core/include/moveit/task_constructor/stages/modify_planning_scene.h
[26.369s] -- Up-to-date: /home/luka/ws_moveit/install/moveit_task_constructor_core/include/moveit/task_constructor/stages/move_relative.h
[26.369s] -- Up-to-date: /home/luka/ws_moveit/install/moveit_task_constructor_core/include/moveit/task_constructor/stages/limit_solutions.h
[26.370s] -- Up-to-date: /home/luka/ws_moveit/install/moveit_task_constructor_core/include/moveit/task_constructor/stages/current_state.h
[26.370s] -- Up-to-date: /home/luka/ws_moveit/install/moveit_task_constructor_core/include/moveit/task_constructor/utils.h
[26.370s] -- Up-to-date: /home/luka/ws_moveit/install/moveit_task_constructor_core/include/moveit/task_constructor/solvers
[26.370s] -- Up-to-date: /home/luka/ws_moveit/install/moveit_task_constructor_core/include/moveit/task_constructor/solvers/multi_planner.h
[26.370s] -- Up-to-date: /home/luka/ws_moveit/install/moveit_task_constructor_core/include/moveit/task_constructor/solvers/joint_interpolation.h
[26.370s] -- Up-to-date: /home/luka/ws_moveit/install/moveit_task_constructor_core/include/moveit/task_constructor/solvers/pipeline_planner.h
[26.370s] -- Up-to-date: /home/luka/ws_moveit/install/moveit_task_constructor_core/include/moveit/task_constructor/solvers/cartesian_path.h
[26.371s] -- Up-to-date: /home/luka/ws_moveit/install/moveit_task_constructor_core/include/moveit/task_constructor/solvers/planner_interface.h
[26.371s] -- Up-to-date: /home/luka/ws_moveit/install/moveit_task_constructor_core/include/moveit/task_constructor/solvers.h
[26.371s] -- Up-to-date: /home/luka/ws_moveit/install/moveit_task_constructor_core/include/moveit/task_constructor/container.h
[26.371s] -- Up-to-date: /home/luka/ws_moveit/install/moveit_task_constructor_core/include/moveit/task_constructor/task.h
[26.371s] -- Up-to-date: /home/luka/ws_moveit/install/moveit_task_constructor_core/include/moveit/task_constructor/stages.h
[26.371s] -- Up-to-date: /home/luka/ws_moveit/install/moveit_task_constructor_core/include/moveit/task_constructor/merge.h
[26.371s] -- Up-to-date: /home/luka/ws_moveit/install/moveit_task_constructor_core/include/moveit/task_constructor/cost_terms.h
[26.372s] -- Up-to-date: /home/luka/ws_moveit/install/moveit_task_constructor_core/include/moveit/task_constructor/stage.h
[26.372s] -- Up-to-date: /home/luka/ws_moveit/install/moveit_task_constructor_core/include/moveit/task_constructor/marker_tools.h
[26.372s] -- Up-to-date: /home/luka/ws_moveit/install/moveit_task_constructor_core/include/moveit/task_constructor/properties.h
[26.372s] -- Up-to-date: /home/luka/ws_moveit/install/moveit_task_constructor_core/include/moveit/task_constructor/trajectory_execution_info.h
[26.372s] -- Up-to-date: /home/luka/ws_moveit/install/moveit_task_constructor_core/include/moveit/python
[26.372s] -- Up-to-date: /home/luka/ws_moveit/install/moveit_task_constructor_core/include/moveit/python/task_constructor
[26.372s] -- Up-to-date: /home/luka/ws_moveit/install/moveit_task_constructor_core/include/moveit/python/task_constructor/properties.h
[26.373s] -- Up-to-date: /home/luka/ws_moveit/install/moveit_task_constructor_core/share/moveit_task_constructor_core/motion_planning_stages_plugin_description.xml
[26.373s] -- Up-to-date: /home/luka/ws_moveit/install/moveit_task_constructor_core/share/moveit_task_constructor_core/environment/library_path.sh
[26.373s] -- Up-to-date: /home/luka/ws_moveit/install/moveit_task_constructor_core/share/moveit_task_constructor_core/environment/library_path.dsv
[26.373s] -- Up-to-date: /home/luka/ws_moveit/install/moveit_task_constructor_core/share/ament_index/resource_index/package_run_dependencies/moveit_task_constructor_core
[26.374s] -- Up-to-date: /home/luka/ws_moveit/install/moveit_task_constructor_core/share/ament_index/resource_index/parent_prefix_path/moveit_task_constructor_core
[26.374s] -- Up-to-date: /home/luka/ws_moveit/install/moveit_task_constructor_core/share/moveit_task_constructor_core/environment/ament_prefix_path.sh
[26.375s] -- Up-to-date: /home/luka/ws_moveit/install/moveit_task_constructor_core/share/moveit_task_constructor_core/environment/ament_prefix_path.dsv
[26.375s] -- Up-to-date: /home/luka/ws_moveit/install/moveit_task_constructor_core/share/moveit_task_constructor_core/environment/path.sh
[26.375s] -- Up-to-date: /home/luka/ws_moveit/install/moveit_task_constructor_core/share/moveit_task_constructor_core/environment/path.dsv
[26.375s] -- Up-to-date: /home/luka/ws_moveit/install/moveit_task_constructor_core/share/moveit_task_constructor_core/local_setup.bash
[26.375s] -- Up-to-date: /home/luka/ws_moveit/install/moveit_task_constructor_core/share/moveit_task_constructor_core/local_setup.sh
[26.375s] -- Up-to-date: /home/luka/ws_moveit/install/moveit_task_constructor_core/share/moveit_task_constructor_core/local_setup.zsh
[26.375s] -- Up-to-date: /home/luka/ws_moveit/install/moveit_task_constructor_core/share/moveit_task_constructor_core/local_setup.dsv
[26.375s] -- Installing: /home/luka/ws_moveit/install/moveit_task_constructor_core/share/moveit_task_constructor_core/package.dsv
[26.375s] -- Up-to-date: /home/luka/ws_moveit/install/moveit_task_constructor_core/share/ament_index/resource_index/packages/moveit_task_constructor_core
[26.375s] -- Up-to-date: /home/luka/ws_moveit/install/moveit_task_constructor_core/share/ament_index/resource_index/moveit_task_constructor_core__pluginlib__plugin/moveit_task_constructor_core
[26.376s] -- Up-to-date: /home/luka/ws_moveit/install/moveit_task_constructor_core/share/moveit_task_constructor_core/cmake/moveit_task_constructor_coreTargetsExport.cmake
[26.376s] -- Up-to-date: /home/luka/ws_moveit/install/moveit_task_constructor_core/share/moveit_task_constructor_core/cmake/moveit_task_constructor_coreTargetsExport-release.cmake
[26.376s] -- Up-to-date: /home/luka/ws_moveit/install/moveit_task_constructor_core/share/moveit_task_constructor_core/cmake/ament_cmake_export_targets-extras.cmake
[26.376s] -- Up-to-date: /home/luka/ws_moveit/install/moveit_task_constructor_core/share/moveit_task_constructor_core/cmake/ament_cmake_export_dependencies-extras.cmake
[26.376s] -- Up-to-date: /home/luka/ws_moveit/install/moveit_task_constructor_core/share/moveit_task_constructor_core/cmake/moveit_task_constructor_coreConfig.cmake
[26.376s] -- Up-to-date: /home/luka/ws_moveit/install/moveit_task_constructor_core/share/moveit_task_constructor_core/cmake/moveit_task_constructor_coreConfig-version.cmake
[26.376s] -- Up-to-date: /home/luka/ws_moveit/install/moveit_task_constructor_core/share/moveit_task_constructor_core/package.xml
[26.376s] Invoked command in '/home/luka/ws_moveit/build/moveit_task_constructor_core' returned '0': AMENT_PREFIX_PATH=/home/luka/ws_moveit/install/moveit_planners:/home/luka/ws_moveit/install/pilz_industrial_motion_planner:/home/luka/ws_moveit/install/moveit_resources_prbt_pg70_support:/home/luka/ws_moveit/install/moveit_py:/home/luka/ws_moveit/install/moveit_ros_planning_interface:/home/luka/ws_moveit/install/moveit_resources_prbt_moveit_config:/home/luka/ws_moveit/install/moveit_ros_move_group:/home/luka/ws_moveit/install/moveit_ros_warehouse:/home/luka/ws_moveit/install/moveit_planners_ompl:/home/luka/ws_moveit/install/moveit_kinematics:/home/luka/ws_moveit/install/moveit_ros_planning:/home/luka/ws_moveit/install/moveit_planners_chomp:/home/luka/ws_moveit/install/pilz_industrial_motion_planner_testutils:/home/luka/ws_moveit/install/moveit_simple_controller_manager:/home/luka/ws_moveit/install/moveit_ros_occupancy_map_monitor:/home/luka/ws_moveit/install/moveit_resources_prbt_ikfast_manipulator_plugin:/home/luka/ws_moveit/install/moveit_planners_stomp:/home/luka/ws_moveit/install/chomp_motion_planner:/home/luka/ws_moveit/install/moveit_core:/home/luka/ws_moveit/install/rviz_marker_tools:/home/luka/ws_moveit/install/moveit_task_constructor_msgs:/home/luka/ws_moveit/install/moveit_resources_panda_moveit_config:/home/luka/ws_moveit/install/moveit_resources_fanuc_moveit_config:/home/luka/ws_moveit/install/moveit_resources_prbt_support:/home/luka/ws_moveit/install/moveit_resources_pr2_description:/home/luka/ws_moveit/install/moveit_resources_panda_description:/home/luka/ws_moveit/install/moveit_resources_fanuc_description:/home/luka/ws_moveit/install/moveit_msgs:/home/luka/ws_moveit/install/moveit_configs_utils:/home/luka/ws_moveit/install/moveit_common:${AMENT_PREFIX_PATH} CMAKE_PREFIX_PATH=/home/luka/ws_moveit/install/moveit_planners:/home/luka/ws_moveit/install/pilz_industrial_motion_planner:/home/luka/ws_moveit/install/moveit_resources_prbt_pg70_support:/home/luka/ws_moveit/install/moveit_py:/home/luka/ws_moveit/install/moveit_ros_planning_interface:/home/luka/ws_moveit/install/moveit_resources_prbt_moveit_config:/home/luka/ws_moveit/install/moveit_ros_move_group:/home/luka/ws_moveit/install/moveit_ros_warehouse:/home/luka/ws_moveit/install/moveit_planners_ompl:/home/luka/ws_moveit/install/moveit_kinematics:/home/luka/ws_moveit/install/moveit_ros_planning:/home/luka/ws_moveit/install/moveit_planners_chomp:/home/luka/ws_moveit/install/pilz_industrial_motion_planner_testutils:/home/luka/ws_moveit/install/moveit_simple_controller_manager:/home/luka/ws_moveit/install/moveit_ros_occupancy_map_monitor:/home/luka/ws_moveit/install/moveit_resources_prbt_ikfast_manipulator_plugin:/home/luka/ws_moveit/install/moveit_planners_stomp:/home/luka/ws_moveit/install/chomp_motion_planner:/home/luka/ws_moveit/install/moveit_core:/home/luka/ws_moveit/install/rviz_marker_tools:/home/luka/ws_moveit/install/moveit_task_constructor_msgs:/home/luka/ws_moveit/install/moveit_resources_panda_moveit_config:/home/luka/ws_moveit/install/moveit_resources_fanuc_moveit_config:/home/luka/ws_moveit/install/moveit_resources_prbt_support:/home/luka/ws_moveit/install/moveit_resources_pr2_description:/home/luka/ws_moveit/install/moveit_resources_panda_description:/home/luka/ws_moveit/install/moveit_resources_fanuc_description:/home/luka/ws_moveit/install/moveit_msgs:/home/luka/ws_moveit/install/moveit_common:/opt/ros/jazzy/opt/gz_sim_vendor:/opt/ros/jazzy/opt/gz_sensors_vendor:/opt/ros/jazzy/opt/gz_physics_vendor:/opt/ros/jazzy/opt/sdformat_vendor:/opt/ros/jazzy/opt/gz_gui_vendor:/opt/ros/jazzy/opt/gz_transport_vendor:/opt/ros/jazzy/opt/gz_rendering_vendor:/opt/ros/jazzy/opt/gz_plugin_vendor:/opt/ros/jazzy/opt/gz_fuel_tools_vendor:/opt/ros/jazzy/opt/gz_msgs_vendor:/opt/ros/jazzy/opt/gz_common_vendor:/opt/ros/jazzy/opt/gz_math_vendor:/opt/ros/jazzy/opt/gz_utils_vendor:/opt/ros/jazzy/opt/gz_tools_vendor:/opt/ros/jazzy/opt/gz_ogre_next_vendor:/opt/ros/jazzy/opt/gz_dartsim_vendor:/opt/ros/jazzy/opt/gz_cmake_vendor:/opt/ros/jazzy DEBUGINFOD_URLS=https://debuginfod.ubuntu.com LD_LIBRARY_PATH=/home/luka/ws_moveit/install/pilz_industrial_motion_planner/lib:/home/luka/ws_moveit/install/moveit_py/lib:/home/luka/ws_moveit/install/moveit_ros_planning_interface/lib:/home/luka/ws_moveit/install/moveit_ros_move_group/lib:/home/luka/ws_moveit/install/moveit_ros_warehouse/lib:/home/luka/ws_moveit/install/moveit_planners_ompl/lib:/home/luka/ws_moveit/install/moveit_kinematics/lib:/home/luka/ws_moveit/install/moveit_ros_planning/lib:/home/luka/ws_moveit/install/moveit_planners_chomp/lib:/home/luka/ws_moveit/install/pilz_industrial_motion_planner_testutils/lib:/home/luka/ws_moveit/install/moveit_simple_controller_manager/lib:/home/luka/ws_moveit/install/moveit_ros_occupancy_map_monitor/lib:/home/luka/ws_moveit/install/moveit_resources_prbt_ikfast_manipulator_plugin/lib:/home/luka/ws_moveit/install/moveit_planners_stomp/lib:/home/luka/ws_moveit/install/chomp_motion_planner/lib:/home/luka/ws_moveit/install/moveit_core/lib:/home/luka/ws_moveit/install/rviz_marker_tools/lib:/home/luka/ws_moveit/install/moveit_task_constructor_msgs/lib:/home/luka/ws_moveit/install/moveit_msgs/lib:${LD_LIBRARY_PATH} PATH=/home/luka/ws_moveit/install/moveit_core/bin:${PATH} PYTHONPATH=/home/luka/ws_moveit/install/moveit_py/lib/python3.12/site-packages:/home/luka/ws_moveit/install/moveit_task_constructor_msgs/lib/python3.12/site-packages:/home/luka/ws_moveit/install/moveit_msgs/lib/python3.12/site-packages:/home/luka/ws_moveit/install/moveit_configs_utils/lib/python3.12/site-packages:${PYTHONPATH} /usr/bin/cmake --install /home/luka/ws_moveit/build/moveit_task_constructor_core
