[0.059s] Invoking command in '/home/luka/ws_moveit/build/moveit_core': AMENT_PREFIX_PATH=/home/luka/ws_moveit/install/moveit_resources_panda_moveit_config:/home/luka/ws_moveit/install/moveit_resources_pr2_description:/home/luka/ws_moveit/install/moveit_resources_panda_description:/home/luka/ws_moveit/install/moveit_msgs:/home/luka/ws_moveit/install/moveit_common:${AMENT_PREFIX_PATH} CMAKE_PREFIX_PATH=/home/luka/ws_moveit/install/moveit_resources_panda_moveit_config:/home/luka/ws_moveit/install/moveit_resources_pr2_description:/home/luka/ws_moveit/install/moveit_resources_panda_description:/home/luka/ws_moveit/install/moveit_msgs:/home/luka/ws_moveit/install/moveit_common:/opt/ros/jazzy/opt/gz_sim_vendor:/opt/ros/jazzy/opt/gz_sensors_vendor:/opt/ros/jazzy/opt/gz_physics_vendor:/opt/ros/jazzy/opt/sdformat_vendor:/opt/ros/jazzy/opt/gz_gui_vendor:/opt/ros/jazzy/opt/gz_transport_vendor:/opt/ros/jazzy/opt/gz_rendering_vendor:/opt/ros/jazzy/opt/gz_plugin_vendor:/opt/ros/jazzy/opt/gz_fuel_tools_vendor:/opt/ros/jazzy/opt/gz_msgs_vendor:/opt/ros/jazzy/opt/gz_common_vendor:/opt/ros/jazzy/opt/gz_math_vendor:/opt/ros/jazzy/opt/gz_utils_vendor:/opt/ros/jazzy/opt/gz_tools_vendor:/opt/ros/jazzy/opt/gz_ogre_next_vendor:/opt/ros/jazzy/opt/gz_dartsim_vendor:/opt/ros/jazzy/opt/gz_cmake_vendor:/opt/ros/jazzy DEBUGINFOD_URLS=https://debuginfod.ubuntu.com LD_LIBRARY_PATH=/home/luka/ws_moveit/install/moveit_msgs/lib:${LD_LIBRARY_PATH} PYTHONPATH=/home/luka/ws_moveit/install/moveit_msgs/lib/python3.12/site-packages:${PYTHONPATH} /usr/bin/cmake /home/luka/ws_moveit/src/moveit2/moveit_core -DCMAKE_BUILD_TYPE=Release -DCMAKE_INSTALL_PREFIX=/home/luka/ws_moveit/install/moveit_core
[0.377s] -- The CXX compiler identification is GNU 13.3.0
[0.452s] -- Detecting CXX compiler ABI info
[0.989s] -- Detecting CXX compiler ABI info - done
[1.033s] -- Check for working CXX compiler: /usr/bin/c++ - skipped
[1.034s] -- Detecting CXX compile features
[1.037s] -- Detecting CXX compile features - done
[1.044s] -- Found moveit_common: 2.14.1 (/home/luka/ws_moveit/install/moveit_common/share/moveit_common/cmake)
[1.064s] -- Found ament_cmake: 2.5.4 (/opt/ros/jazzy/share/ament_cmake/cmake)
[1.916s] -- Found Python3: /usr/bin/python3 (found version "3.12.3") found components: Interpreter 
[3.093s] -- Found angles: 1.16.1 (/opt/ros/jazzy/share/angles/cmake)
[3.295s] -- Found Bullet: /usr/lib/x86_64-linux-gnu/libBulletDynamics.so (Required is at least version "2.87") 
[3.311s] -- Found common_interfaces: 5.3.6 (/opt/ros/jazzy/share/common_interfaces/cmake)
[3.326s] -- Found eigen_stl_containers: 1.1.0 (/opt/ros/jazzy/share/eigen_stl_containers/cmake)
[3.380s] -- Found eigen3_cmake_module: 0.3.0 (/opt/ros/jazzy/share/eigen3_cmake_module/cmake)
[3.428s] -- Found Eigen3: TRUE (found version "3.4.0") 
[3.473s] -- Found generate_parameter_library: 0.5.0 (/opt/ros/jazzy/share/generate_parameter_library/cmake)
[3.503s] -- Found parameter_traits: 0.5.0 (/opt/ros/jazzy/share/parameter_traits/cmake)
[3.714s] -- Found rosidl_generator_c: 4.6.6 (/opt/ros/jazzy/share/rosidl_generator_c/cmake)
[3.793s] -- Found rosidl_generator_cpp: 4.6.6 (/opt/ros/jazzy/share/rosidl_generator_cpp/cmake)
[3.904s] -- Using all available rosidl_typesupport_c: rosidl_typesupport_fastrtps_c;rosidl_typesupport_introspection_c
[4.078s] -- Using all available rosidl_typesupport_cpp: rosidl_typesupport_fastrtps_cpp;rosidl_typesupport_introspection_cpp
[4.510s] -- Found rmw_implementation_cmake: 7.3.2 (/opt/ros/jazzy/share/rmw_implementation_cmake/cmake)
[4.527s] -- Found rmw_fastrtps_cpp: 8.4.3 (/opt/ros/jazzy/share/rmw_fastrtps_cpp/cmake)
[4.925s] -- Found OpenSSL: /usr/lib/x86_64-linux-gnu/libcrypto.so (found version "3.0.13")  
[4.992s] -- Found FastRTPS: /opt/ros/jazzy/include (Required is at least version "2.13") 
[5.108s] -- Using RMW implementation 'rmw_fastrtps_cpp' as default
[5.531s] -- Found rclcpp_lifecycle: 28.1.13 (/opt/ros/jazzy/share/rclcpp_lifecycle/cmake)
[5.762s] -- Found geometric_shapes: 2.3.2 (/opt/ros/jazzy/share/geometric_shapes/cmake)
[5.859s] -- Found Boost: /usr/lib/x86_64-linux-gnu/cmake/Boost-1.83.0/BoostConfig.cmake (found version "1.83.0") found components: filesystem 
[6.589s] -- Found kdl_parser: 2.11.0 (/opt/ros/jazzy/share/kdl_parser/cmake)
[6.635s] -- Ensuring Eigen3 include directory is part of orocos-kdl CMake target
[6.656s] -- Found moveit_msgs: 2.7.1 (/home/luka/ws_moveit/install/moveit_msgs/share/moveit_msgs/cmake)
[7.844s] -- Found pluginlib: 5.4.3 (/opt/ros/jazzy/share/pluginlib/cmake)
[7.920s] -- Found srdfdom: 2.0.7 (/opt/ros/jazzy/share/srdfdom/cmake)
[7.995s] -- Found tf2_eigen: 0.36.16 (/opt/ros/jazzy/share/tf2_eigen/cmake)
[8.417s] -- Found tf2_geometry_msgs: 0.36.16 (/opt/ros/jazzy/share/tf2_geometry_msgs/cmake)
[8.449s] -- Found tf2_kdl: 0.36.16 (/opt/ros/jazzy/share/tf2_kdl/cmake)
[9.149s] -- Found Boost: /usr/lib/x86_64-linux-gnu/cmake/Boost-1.83.0/BoostConfig.cmake (found version "1.83.0") found components: chrono date_time filesystem iostreams program_options regex serialization system thread 
[9.177s] -- Performing Test COMPILER_HAS_HIDDEN_VISIBILITY
[9.683s] -- Performing Test COMPILER_HAS_HIDDEN_VISIBILITY - Success
[9.686s] -- Performing Test COMPILER_HAS_HIDDEN_INLINE_VISIBILITY
[10.150s] -- Performing Test COMPILER_HAS_HIDDEN_INLINE_VISIBILITY - Success
[10.151s] -- Performing Test COMPILER_HAS_DEPRECATED_ATTR
[10.599s] -- Performing Test COMPILER_HAS_DEPRECATED_ATTR - Success
[10.641s] -- Found ament_cmake_gtest: 2.5.4 (/opt/ros/jazzy/share/ament_cmake_gtest/cmake)
[10.658s] -- Found gtest sources under '/opt/ros/jazzy/src/gtest_vendor': C++ tests using 'Google Test' will be built
[10.819s] -- The C compiler identification is GNU 13.3.0
[10.875s] -- Detecting C compiler ABI info
[11.425s] -- Detecting C compiler ABI info - done
[11.463s] -- Check for working C compiler: /usr/bin/cc - skipped
[11.464s] -- Detecting C compile features
[11.466s] -- Detecting C compile features - done
[11.477s] -- Found Threads: TRUE  
[11.524s] -- Found gtest sources under '/opt/ros/jazzy/src/gtest_vendor': C++ tests using 'Google Test' will be built
[11.568s] -- Found gtest sources under '/opt/ros/jazzy/src/gtest_vendor': C++ tests using 'Google Test' will be built
[11.609s] -- Found ament_cmake_gtest: 2.5.4 (/opt/ros/jazzy/share/ament_cmake_gtest/cmake)
[11.615s] -- Found gtest sources under '/opt/ros/jazzy/src/gtest_vendor': C++ tests using 'Google Test' will be built
[11.652s] -- Found ament_cmake_gmock: 2.5.4 (/opt/ros/jazzy/share/ament_cmake_gmock/cmake)
[11.676s] -- Found gmock sources under '/opt/ros/jazzy/src/gmock_vendor': C++ tests using 'Google Mock' will be built
[11.690s] -- Found ament_cmake_gtest: 2.5.4 (/opt/ros/jazzy/share/ament_cmake_gtest/cmake)
[11.693s] -- Found gtest sources under '/opt/ros/jazzy/src/gtest_vendor': C++ tests using 'Google Test' will be built
[11.734s] -- Found ament_cmake_gtest: 2.5.4 (/opt/ros/jazzy/share/ament_cmake_gtest/cmake)
[11.737s] -- Found gtest sources under '/opt/ros/jazzy/src/gtest_vendor': C++ tests using 'Google Test' will be built
[11.837s] -- Found ament_cmake_gtest: 2.5.4 (/opt/ros/jazzy/share/ament_cmake_gtest/cmake)
[11.840s] -- Found gtest sources under '/opt/ros/jazzy/src/gtest_vendor': C++ tests using 'Google Test' will be built
[12.033s] -- Found ament_cmake_gtest: 2.5.4 (/opt/ros/jazzy/share/ament_cmake_gtest/cmake)
[12.037s] -- Found gtest sources under '/opt/ros/jazzy/src/gtest_vendor': C++ tests using 'Google Test' will be built
[12.113s] -- Found ament_cmake_gtest: 2.5.4 (/opt/ros/jazzy/share/ament_cmake_gtest/cmake)
[12.119s] -- Found gtest sources under '/opt/ros/jazzy/src/gtest_vendor': C++ tests using 'Google Test' will be built
[12.187s] -- Found ament_cmake_gtest: 2.5.4 (/opt/ros/jazzy/share/ament_cmake_gtest/cmake)
[12.191s] -- Found gtest sources under '/opt/ros/jazzy/src/gtest_vendor': C++ tests using 'Google Test' will be built
[12.256s] -- Found ament_cmake_google_benchmark: 2.5.4 (/opt/ros/jazzy/share/ament_cmake_google_benchmark/cmake)
[12.261s] -- Found ament_cmake_gtest: 2.5.4 (/opt/ros/jazzy/share/ament_cmake_gtest/cmake)
[12.283s] -- Found gmock sources under '/opt/ros/jazzy/src/gmock_vendor': C++ tests using 'Google Mock' will be built
[12.285s] -- Found gtest sources under '/opt/ros/jazzy/src/gtest_vendor': C++ tests using 'Google Test' will be built
[12.316s] -- Performance tests are disabled by default, so Google Benchmark tests will be skipped. To enable these tests, set the CMake variable 'AMENT_RUN_PERFORMANCE_TESTS'.
[12.331s] -- Found gtest sources under '/opt/ros/jazzy/src/gtest_vendor': C++ tests using 'Google Test' will be built
[12.365s] -- Found ament_cmake_google_benchmark: 2.5.4 (/opt/ros/jazzy/share/ament_cmake_google_benchmark/cmake)
[12.369s] -- Found ament_cmake_gtest: 2.5.4 (/opt/ros/jazzy/share/ament_cmake_gtest/cmake)
[12.375s] -- Found gtest sources under '/opt/ros/jazzy/src/gtest_vendor': C++ tests using 'Google Test' will be built
[12.396s] -- Performance tests are disabled by default, so Google Benchmark tests will be skipped. To enable these tests, set the CMake variable 'AMENT_RUN_PERFORMANCE_TESTS'.
[12.431s] -- Found ament_cmake_gtest: 2.5.4 (/opt/ros/jazzy/share/ament_cmake_gtest/cmake)
[12.434s] -- Found gtest sources under '/opt/ros/jazzy/src/gtest_vendor': C++ tests using 'Google Test' will be built
[12.519s] -- Found launch_testing_ament_cmake: 3.4.9 (/opt/ros/jazzy/share/launch_testing_ament_cmake/cmake)
[12.535s] -- Found python_cmake_module: 0.11.1 (/opt/ros/jazzy/share/python_cmake_module/cmake)
[13.213s] -- Found PythonExtra: /usr/bin/python3  
[13.237s] --  *** Building MoveIt 2.14.1 devel ***
[13.283s] -- Configuring done (13.2s)
[17.586s] -- Generating done (3.7s)
[18.644s] -- Build files have been written to: /home/luka/ws_moveit/build/moveit_core
[18.838s] Invoked command in '/home/luka/ws_moveit/build/moveit_core' returned '0': AMENT_PREFIX_PATH=/home/luka/ws_moveit/install/moveit_resources_panda_moveit_config:/home/luka/ws_moveit/install/moveit_resources_pr2_description:/home/luka/ws_moveit/install/moveit_resources_panda_description:/home/luka/ws_moveit/install/moveit_msgs:/home/luka/ws_moveit/install/moveit_common:${AMENT_PREFIX_PATH} CMAKE_PREFIX_PATH=/home/luka/ws_moveit/install/moveit_resources_panda_moveit_config:/home/luka/ws_moveit/install/moveit_resources_pr2_description:/home/luka/ws_moveit/install/moveit_resources_panda_description:/home/luka/ws_moveit/install/moveit_msgs:/home/luka/ws_moveit/install/moveit_common:/opt/ros/jazzy/opt/gz_sim_vendor:/opt/ros/jazzy/opt/gz_sensors_vendor:/opt/ros/jazzy/opt/gz_physics_vendor:/opt/ros/jazzy/opt/sdformat_vendor:/opt/ros/jazzy/opt/gz_gui_vendor:/opt/ros/jazzy/opt/gz_transport_vendor:/opt/ros/jazzy/opt/gz_rendering_vendor:/opt/ros/jazzy/opt/gz_plugin_vendor:/opt/ros/jazzy/opt/gz_fuel_tools_vendor:/opt/ros/jazzy/opt/gz_msgs_vendor:/opt/ros/jazzy/opt/gz_common_vendor:/opt/ros/jazzy/opt/gz_math_vendor:/opt/ros/jazzy/opt/gz_utils_vendor:/opt/ros/jazzy/opt/gz_tools_vendor:/opt/ros/jazzy/opt/gz_ogre_next_vendor:/opt/ros/jazzy/opt/gz_dartsim_vendor:/opt/ros/jazzy/opt/gz_cmake_vendor:/opt/ros/jazzy DEBUGINFOD_URLS=https://debuginfod.ubuntu.com LD_LIBRARY_PATH=/home/luka/ws_moveit/install/moveit_msgs/lib:${LD_LIBRARY_PATH} PYTHONPATH=/home/luka/ws_moveit/install/moveit_msgs/lib/python3.12/site-packages:${PYTHONPATH} /usr/bin/cmake /home/luka/ws_moveit/src/moveit2/moveit_core -DCMAKE_BUILD_TYPE=Release -DCMAKE_INSTALL_PREFIX=/home/luka/ws_moveit/install/moveit_core
[18.845s] Invoking command in '/home/luka/ws_moveit/build/moveit_core': AMENT_PREFIX_PATH=/home/luka/ws_moveit/install/moveit_resources_panda_moveit_config:/home/luka/ws_moveit/install/moveit_resources_pr2_description:/home/luka/ws_moveit/install/moveit_resources_panda_description:/home/luka/ws_moveit/install/moveit_msgs:/home/luka/ws_moveit/install/moveit_common:${AMENT_PREFIX_PATH} CMAKE_PREFIX_PATH=/home/luka/ws_moveit/install/moveit_resources_panda_moveit_config:/home/luka/ws_moveit/install/moveit_resources_pr2_description:/home/luka/ws_moveit/install/moveit_resources_panda_description:/home/luka/ws_moveit/install/moveit_msgs:/home/luka/ws_moveit/install/moveit_common:/opt/ros/jazzy/opt/gz_sim_vendor:/opt/ros/jazzy/opt/gz_sensors_vendor:/opt/ros/jazzy/opt/gz_physics_vendor:/opt/ros/jazzy/opt/sdformat_vendor:/opt/ros/jazzy/opt/gz_gui_vendor:/opt/ros/jazzy/opt/gz_transport_vendor:/opt/ros/jazzy/opt/gz_rendering_vendor:/opt/ros/jazzy/opt/gz_plugin_vendor:/opt/ros/jazzy/opt/gz_fuel_tools_vendor:/opt/ros/jazzy/opt/gz_msgs_vendor:/opt/ros/jazzy/opt/gz_common_vendor:/opt/ros/jazzy/opt/gz_math_vendor:/opt/ros/jazzy/opt/gz_utils_vendor:/opt/ros/jazzy/opt/gz_tools_vendor:/opt/ros/jazzy/opt/gz_ogre_next_vendor:/opt/ros/jazzy/opt/gz_dartsim_vendor:/opt/ros/jazzy/opt/gz_cmake_vendor:/opt/ros/jazzy DEBUGINFOD_URLS=https://debuginfod.ubuntu.com LD_LIBRARY_PATH=/home/luka/ws_moveit/install/moveit_msgs/lib:${LD_LIBRARY_PATH} PYTHONPATH=/home/luka/ws_moveit/install/moveit_msgs/lib/python3.12/site-packages:${PYTHONPATH} /usr/bin/cmake --build /home/luka/ws_moveit/build/moveit_core -- -j4 -l4
[19.170s] [  0%] [32mBuilding CXX object gtest/CMakeFiles/gtest_main.dir/src/gtest_main.cc.o[0m
[19.173s] [  0%] [32mBuilding CXX object gmock/CMakeFiles/gmock.dir/opt/ros/jazzy/src/gtest_vendor/src/gtest-all.cc.o[0m
[19.237s] [  0%] [32mBuilding CXX object gtest/CMakeFiles/gtest.dir/src/gtest-all.cc.o[0m
[19.250s] [  1%] [32mBuilding CXX object utils/CMakeFiles/moveit_utils.dir/src/lexical_casts.cpp.o[0m
[23.939s] [  1%] [32mBuilding CXX object utils/CMakeFiles/moveit_utils.dir/src/message_checks.cpp.o[0m
[29.598s] [  2%] [32m[1mLinking CXX static library libgtest_main.a[0m
[30.647s] [  2%] Built target gtest_main
[36.534s] [  3%] [32mBuilding CXX object utils/CMakeFiles/moveit_utils.dir/src/rclcpp_utils.cpp.o[0m
[38.856s] [  3%] [32mBuilding CXX object utils/CMakeFiles/moveit_utils.dir/src/logger.cpp.o[0m
[75.685s] [  4%] [32m[1mLinking CXX shared library libmoveit_utils.so[0m
[76.543s] [  4%] Built target moveit_utils
[96.842s] [  5%] [32mBuilding CXX object gmock/CMakeFiles/gmock.dir/src/gmock-all.cc.o[0m
[101.377s] [  6%] [32m[1mLinking CXX static library libgtest.a[0m
[102.129s] [  6%] Built target gtest
[124.016s] [  6%] [32m[1mLinking CXX static library libgmock.a[0m
[125.190s] [  6%] Built target gmock
[125.592s] [  7%] [34m[1mRunning `/opt/ros/jazzy/bin/generate_parameter_library_cpp /home/luka/ws_moveit/build/moveit_core/online_signal_smoothing/include/moveit_core/moveit_acceleration_filter_parameters.hpp /home/luka/ws_moveit/src/moveit2/moveit_core/online_signal_smoothing/src/acceleration_filter_parameters.yaml `[0m
[133.787s] [  7%] [34m[1mCreating deprecated header file /home/luka/ws_moveit/build/moveit_core/online_signal_smoothing/include/moveit_acceleration_filter_parameters.hpp[0m
[133.938s] [  7%] Built target moveit_acceleration_filter_parameters
[134.329s] [  8%] [34m[1mRunning `/opt/ros/jazzy/bin/generate_parameter_library_cpp /home/luka/ws_moveit/build/moveit_core/online_signal_smoothing/include/moveit_core/moveit_butterworth_filter_parameters.hpp /home/luka/ws_moveit/src/moveit2/moveit_core/online_signal_smoothing/src/butterworth_parameters.yaml `[0m
[139.975s] [  8%] [34m[1mCreating deprecated header file /home/luka/ws_moveit/build/moveit_core/online_signal_smoothing/include/moveit_butterworth_filter_parameters.hpp[0m
[140.128s] [  8%] Built target moveit_butterworth_filter_parameters
[140.291s] [  9%] [34m[1mRunning `/opt/ros/jazzy/bin/generate_parameter_library_cpp /home/luka/ws_moveit/build/moveit_core/online_signal_smoothing/include/moveit_core/moveit_ruckig_filter_parameters.hpp /home/luka/ws_moveit/src/moveit2/moveit_core/online_signal_smoothing/src/ruckig_filter_parameters.yaml `[0m
[144.170s] [  9%] [34m[1mCreating deprecated header file /home/luka/ws_moveit/build/moveit_core/online_signal_smoothing/include/moveit_ruckig_filter_parameters.hpp[0m
[144.249s] [  9%] Built target moveit_ruckig_filter_parameters
[144.360s] [  9%] [32mBuilding CXX object utils/test/CMakeFiles/logger_dut.dir/logger_dut.cpp.o[0m
[160.962s] [ 10%] [32m[1mLinking CXX executable logger_dut[0m
[161.817s] [ 10%] Built target logger_dut
[161.905s] [ 11%] [34m[1mGenerate version header[0m
[162.102s] [ 12%] [34m[1mGenerating version.hpp[0m
[162.174s] [ 12%] Built target version_hpp
[162.320s] [ 13%] [32mBuilding CXX object exceptions/CMakeFiles/moveit_exceptions.dir/src/exceptions.cpp.o[0m
[166.263s] [ 14%] [32m[1mLinking CXX shared library libmoveit_exceptions.so[0m
[166.939s] [ 14%] Built target moveit_exceptions
[167.048s] [ 14%] [32mBuilding CXX object transforms/CMakeFiles/moveit_transforms.dir/src/transforms.cpp.o[0m
[222.911s] [ 15%] [32m[1mLinking CXX shared library libmoveit_transforms.so[0m
[224.625s] [ 15%] Built target moveit_transforms
[224.922s] [ 16%] [32mBuilding CXX object distance_field/CMakeFiles/moveit_distance_field.dir/src/distance_field.cpp.o[0m
[299.373s] [ 16%] [32mBuilding CXX object distance_field/CMakeFiles/moveit_distance_field.dir/src/find_internal_points.cpp.o[0m
[313.470s] [ 17%] [32mBuilding CXX object distance_field/CMakeFiles/moveit_distance_field.dir/src/propagation_distance_field.cpp.o[0m
[404.589s] [ 17%] [32m[1mLinking CXX shared library libmoveit_distance_field.so[0m
[407.781s] [ 17%] Built target moveit_distance_field
[408.669s] [ 17%] [32mBuilding CXX object version/CMakeFiles/moveit_version.dir/version.cpp.o[0m
[414.529s] [ 18%] [32m[1mLinking CXX executable moveit_version[0m
[416.012s] [ 18%] Built target moveit_version
[416.877s] [ 19%] [32mBuilding CXX object robot_model/CMakeFiles/moveit_robot_model.dir/src/aabb.cpp.o[0m
[438.560s] [ 19%] [32mBuilding CXX object robot_model/CMakeFiles/moveit_robot_model.dir/src/fixed_joint_model.cpp.o[0m
[453.262s] [ 20%] [32mBuilding CXX object robot_model/CMakeFiles/moveit_robot_model.dir/src/floating_joint_model.cpp.o[0m
[491.723s] [ 20%] [32mBuilding CXX object robot_model/CMakeFiles/moveit_robot_model.dir/src/joint_model.cpp.o[0m
[523.780s] [ 21%] [32mBuilding CXX object robot_model/CMakeFiles/moveit_robot_model.dir/src/joint_model_group.cpp.o[0m
[626.542s] [ 22%] [32mBuilding CXX object robot_model/CMakeFiles/moveit_robot_model.dir/src/link_model.cpp.o[0m
[700.565s] [ 22%] [32mBuilding CXX object robot_model/CMakeFiles/moveit_robot_model.dir/src/planar_joint_model.cpp.o[0m
[734.874s] [ 23%] [32mBuilding CXX object robot_model/CMakeFiles/moveit_robot_model.dir/src/prismatic_joint_model.cpp.o[0m
[756.215s] [ 23%] [32mBuilding CXX object robot_model/CMakeFiles/moveit_robot_model.dir/src/revolute_joint_model.cpp.o[0m
[779.568s] [ 24%] [32mBuilding CXX object robot_model/CMakeFiles/moveit_robot_model.dir/src/robot_model.cpp.o[0m
[859.870s] [ 24%] [32m[1mLinking CXX shared library libmoveit_robot_model.so[0m
[860.672s] [ 24%] Built target moveit_robot_model
[860.771s] [ 25%] [32mBuilding CXX object distance_field/CMakeFiles/test_voxel_grid.dir/test/test_voxel_grid.cpp.o[0m
[892.720s] [ 25%] [32m[1mLinking CXX executable test_voxel_grid[0m
[895.191s] [ 25%] Built target test_voxel_grid
[895.302s] [ 25%] [32mBuilding CXX object distance_field/CMakeFiles/test_distance_field.dir/test/test_distance_field.cpp.o[0m
[946.906s] [ 26%] [32m[1mLinking CXX executable test_distance_field[0m
[948.083s] [ 26%] Built target test_distance_field
[948.226s] [ 27%] [32mBuilding CXX object transforms/CMakeFiles/test_transforms.dir/test/test_transforms.cpp.o[0m
[963.306s] [ 27%] [32m[1mLinking CXX executable test_transforms[0m
[964.149s] [ 27%] Built target test_transforms
[964.244s] [ 28%] [32mBuilding CXX object kinematics_base/CMakeFiles/moveit_kinematics_base.dir/src/kinematics_base.cpp.o[0m
[986.481s] [ 28%] [32m[1mLinking CXX shared library libmoveit_kinematics_base.so[0m
[986.987s] [ 28%] Built target moveit_kinematics_base
[987.080s] [ 29%] [32mBuilding CXX object online_signal_smoothing/CMakeFiles/moveit_smoothing_base.dir/src/smoothing_base_class.cpp.o[0m
[1002.332s] [ 30%] [32m[1mLinking CXX shared library libmoveit_smoothing_base.so[0m
[1004.789s] [ 30%] Built target moveit_smoothing_base
[1004.910s] [ 30%] [32mBuilding CXX object utils/CMakeFiles/moveit_test_utils.dir/src/robot_model_test_utils.cpp.o[0m
[1111.580s] [ 31%] [32m[1mLinking CXX shared library libmoveit_test_utils.so[0m
[1112.622s] [ 31%] Built target moveit_test_utils
[1112.742s] [ 32%] [32mBuilding CXX object online_signal_smoothing/CMakeFiles/moveit_butterworth_filter.dir/src/butterworth_filter.cpp.o[0m
[1165.056s] [ 32%] [32m[1mLinking CXX shared library libmoveit_butterworth_filter.so[0m
[1166.088s] [ 32%] Built target moveit_butterworth_filter
[1166.221s] [ 33%] [32mBuilding CXX object robot_model/CMakeFiles/test_robot_model.dir/test/test.cpp.o[0m
[1205.618s] [ 33%] [32m[1mLinking CXX executable test_robot_model[0m
[1207.480s] [ 33%] Built target test_robot_model
[1207.610s] [ 33%] [32mBuilding CXX object online_signal_smoothing/CMakeFiles/test_butterworth_filter.dir/test/test_butterworth_filter.cpp.o[0m
[1236.980s] [ 34%] [32m[1mLinking CXX executable test_butterworth_filter[0m
[1237.679s] [ 34%] Built target test_butterworth_filter
[1237.767s] [ 35%] [32mBuilding CXX object robot_state/CMakeFiles/moveit_robot_state.dir/src/attached_body.cpp.o[0m
[1252.658s] [ 36%] [32mBuilding CXX object robot_state/CMakeFiles/moveit_robot_state.dir/src/robot_state.cpp.o[0m
[1337.150s] [ 37%] [32mBuilding CXX object robot_state/CMakeFiles/moveit_robot_state.dir/src/cartesian_interpolator.cpp.o[0m
[1385.892s] [ 37%] [32mBuilding CXX object robot_state/CMakeFiles/moveit_robot_state.dir/src/conversions.cpp.o[0m
[1453.064s] [ 37%] [32m[1mLinking CXX shared library libmoveit_robot_state.so[0m
[1454.344s] [ 37%] Built target moveit_robot_state
[1454.487s] [ 38%] [32mBuilding CXX object gmock/CMakeFiles/gmock_main.dir/src/gmock_main.cc.o[0m
[1463.092s] [ 39%] [32m[1mLinking CXX static library libgmock_main.a[0m
[1463.439s] [ 39%] Built target gmock_main
[1463.575s] [ 40%] [32mBuilding CXX object dynamics_solver/CMakeFiles/moveit_dynamics_solver.dir/src/dynamics_solver.cpp.o[0m
[1500.343s] [ 40%] [32m[1mLinking CXX shared library libmoveit_dynamics_solver.so[0m
[1501.048s] [ 40%] Built target moveit_dynamics_solver
[1501.172s] [ 41%] [32mBuilding CXX object kinematics_metrics/CMakeFiles/moveit_kinematics_metrics.dir/src/kinematics_metrics.cpp.o[0m
[1567.341s] [ 41%] [32mBuilding CXX object online_signal_smoothing/CMakeFiles/moveit_acceleration_filter.dir/src/acceleration_filter.cpp.o[0m
[1569.466s] [ 42%] [32mBuilding CXX object robot_trajectory/CMakeFiles/moveit_robot_trajectory.dir/src/robot_trajectory.cpp.o[0m
[1571.621s] [ 43%] [32mBuilding CXX object collision_detection/CMakeFiles/moveit_collision_detection.dir/src/allvalid/collision_env_allvalid.cpp.o[0m
[1603.725s] [ 43%] [32m[1mLinking CXX shared library libmoveit_kinematics_metrics.so[0m
[1605.139s] [ 43%] Built target moveit_kinematics_metrics
[1617.496s] [ 43%] [32mBuilding CXX object collision_detection/CMakeFiles/moveit_collision_detection.dir/src/collision_common.cpp.o[0m
[1634.038s] [ 44%] [32m[1mLinking CXX shared library libmoveit_acceleration_filter.so[0m
[1634.966s] [ 44%] [32m[1mLinking CXX shared library libmoveit_robot_trajectory.so[0m
[1635.160s] [ 44%] Built target moveit_acceleration_filter
[1635.856s] [ 44%] Built target moveit_robot_trajectory
[1638.871s] [ 45%] [32mBuilding CXX object collision_detection/CMakeFiles/moveit_collision_detection.dir/src/collision_matrix.cpp.o[0m
[1657.005s] [ 45%] [32mBuilding CXX object robot_state/CMakeFiles/test_robot_state_complex.dir/test/test_kinematic_complex.cpp.o[0m
[1658.093s] [ 46%] [32mBuilding CXX object robot_state/CMakeFiles/test_robot_state.dir/test/robot_state_test.cpp.o[0m
[1659.241s] [ 47%] [32mBuilding CXX object online_signal_smoothing/CMakeFiles/moveit_ruckig_filter.dir/src/ruckig_filter.cpp.o[0m
[1666.028s] [ 48%] [32mBuilding CXX object collision_detection/CMakeFiles/moveit_collision_detection.dir/src/collision_octomap_filter.cpp.o[0m
[1718.662s] [ 48%] [32mBuilding CXX object collision_detection/CMakeFiles/moveit_collision_detection.dir/src/collision_tools.cpp.o[0m
[1739.919s] [ 49%] [32m[1mLinking CXX executable test_robot_state_complex[0m
[1742.436s] [ 49%] Built target test_robot_state_complex
[1761.266s] [ 49%] [32m[1mLinking CXX shared library libmoveit_ruckig_filter.so[0m
[1762.511s] [ 49%] Built target moveit_ruckig_filter
[1776.634s] [ 50%] [32m[1mLinking CXX executable test_robot_state[0m
[1777.832s] [ 50%] Built target test_robot_state
[1780.443s] [ 51%] [32mBuilding CXX object collision_detection/CMakeFiles/moveit_collision_detection.dir/src/world.cpp.o[0m
[1797.558s] [ 51%] [32mBuilding CXX object collision_detection/CMakeFiles/moveit_collision_detection.dir/src/world_diff.cpp.o[0m
[1805.975s] [ 52%] [32mBuilding CXX object collision_detection/CMakeFiles/moveit_collision_detection.dir/src/collision_env.cpp.o[0m
[1842.077s] [ 52%] [32mBuilding CXX object collision_detection/CMakeFiles/moveit_collision_detection.dir/src/collision_plugin_cache.cpp.o[0m
[1877.607s] [ 52%] [32mBuilding CXX object robot_state/CMakeFiles/robot_state_benchmark.dir/test/robot_state_benchmark.cpp.o[0m
[1878.689s] [ 52%] [32mBuilding CXX object robot_state/CMakeFiles/test_cartesian_interpolator.dir/test/test_cartesian_interpolator.cpp.o[0m
[1878.861s] [ 53%] [32mBuilding CXX object robot_state/CMakeFiles/test_aabb.dir/test/test_aabb.cpp.o[0m
[1897.836s] [ 54%] [32m[1mLinking CXX shared library libmoveit_collision_detection.so[0m
[1901.570s] [ 54%] Built target moveit_collision_detection
[1933.427s] [ 55%] [32m[1mLinking CXX executable test_cartesian_interpolator[0m
[1937.597s] [ 55%] Built target test_cartesian_interpolator
[1950.904s] [ 56%] [32m[1mLinking CXX executable robot_state_benchmark[0m
[1953.181s] [ 56%] Built target robot_state_benchmark
[1955.824s] [ 56%] [32m[1mLinking CXX executable test_aabb[0m
[1957.283s] [ 56%] Built target test_aabb
[1957.394s] [ 57%] [32mBuilding CXX object collision_detection_fcl/CMakeFiles/moveit_collision_detection_fcl.dir/src/collision_common.cpp.o[0m
[1997.098s] [ 57%] [32mBuilding CXX object collision_detection_fcl/CMakeFiles/moveit_collision_detection_fcl.dir/src/collision_env_fcl.cpp.o[0m
[2017.548s] [ 57%] [32mBuilding CXX object trajectory_processing/CMakeFiles/moveit_trajectory_processing.dir/src/ruckig_traj_smoothing.cpp.o[0m
[2018.690s] [ 57%] [32mBuilding CXX object collision_detection_bullet/CMakeFiles/moveit_collision_detection_bullet.dir/src/bullet_integration/bullet_utils.cpp.o[0m
[2018.763s] [ 57%] [32mBuilding CXX object robot_trajectory/CMakeFiles/test_robot_trajectory.dir/test/test_robot_trajectory.cpp.o[0m
[2049.663s] [ 58%] [32m[1mLinking CXX shared library libmoveit_collision_detection_fcl.so[0m
[2051.214s] [ 58%] Built target moveit_collision_detection_fcl
[2085.885s] [ 59%] [32mBuilding CXX object trajectory_processing/CMakeFiles/moveit_trajectory_processing.dir/src/trajectory_tools.cpp.o[0m
[2086.529s] [ 60%] [32mBuilding CXX object collision_detection_bullet/CMakeFiles/moveit_collision_detection_bullet.dir/src/bullet_integration/bullet_discrete_bvh_manager.cpp.o[0m
[2090.559s] [ 61%] [32m[1mLinking CXX executable test_robot_trajectory[0m
[2092.421s] [ 61%] Built target test_robot_trajectory
[2114.929s] [ 61%] [32mBuilding CXX object trajectory_processing/CMakeFiles/moveit_trajectory_processing.dir/src/time_optimal_trajectory_generation.cpp.o[0m
[2115.248s] [ 62%] [32mBuilding CXX object collision_detection_bullet/CMakeFiles/moveit_collision_detection_bullet.dir/src/bullet_integration/bullet_cast_bvh_manager.cpp.o[0m
[2117.336s] [ 63%] [32mBuilding CXX object collision_detection/CMakeFiles/test_world_diff.dir/test/test_world_diff.cpp.o[0m
[2118.423s] [ 64%] [32mBuilding CXX object collision_detection/CMakeFiles/test_world.dir/test/test_world.cpp.o[0m
[2149.472s] [ 64%] [32m[1mLinking CXX executable test_world_diff[0m
[2151.461s] [ 64%] Built target test_world_diff
[2157.406s] [ 64%] [32m[1mLinking CXX executable test_world[0m
[2158.742s] [ 64%] Built target test_world
[2162.200s] [ 64%] [32mBuilding CXX object collision_detection_bullet/CMakeFiles/moveit_collision_detection_bullet.dir/src/collision_env_bullet.cpp.o[0m
[2170.338s] [ 65%] [32m[1mLinking CXX shared library libmoveit_trajectory_processing.so[0m
[2171.202s] [ 65%] Built target moveit_trajectory_processing
[2171.275s] [ 66%] [32mBuilding CXX object collision_detection_bullet/CMakeFiles/moveit_collision_detection_bullet.dir/src/bullet_integration/bullet_bvh_manager.cpp.o[0m
[2171.341s] [ 67%] [32mBuilding CXX object online_signal_smoothing/CMakeFiles/test_acceleration_filter.dir/test/test_acceleration_filter.cpp.o[0m
[2171.352s] [ 68%] [32mBuilding CXX object collision_detection/CMakeFiles/test_all_valid.dir/test/test_all_valid.cpp.o[0m
[2209.802s] [ 68%] [32mBuilding CXX object collision_detection_bullet/CMakeFiles/moveit_collision_detection_bullet.dir/src/bullet_integration/contact_checker_common.cpp.o[0m
[2211.632s] [ 68%] [32m[1mLinking CXX executable test_all_valid[0m
[2212.853s] [ 68%] Built target test_all_valid
[2220.713s] [ 68%] [32m[1mLinking CXX executable test_acceleration_filter[0m
[2221.930s] [ 68%] Built target test_acceleration_filter
[2231.329s] [ 69%] [32mBuilding CXX object collision_detection_bullet/CMakeFiles/moveit_collision_detection_bullet.dir/src/bullet_integration/ros_bullet_utils.cpp.o[0m
[2232.374s] [ 69%] [32mBuilding CXX object collision_detection_fcl/CMakeFiles/test_fcl_collision_detection.dir/test/test_fcl_collision_detection_pr2.cpp.o[0m
[2233.447s] [ 69%] [32mBuilding CXX object collision_detection_fcl/CMakeFiles/test_fcl_collision_env.dir/test/test_fcl_env.cpp.o[0m
[2234.522s] [ 69%] [32mBuilding CXX object kinematic_constraints/CMakeFiles/moveit_kinematic_constraints.dir/src/kinematic_constraint.cpp.o[0m
[2264.428s] [ 69%] [32m[1mLinking CXX shared library libmoveit_collision_detection_bullet.so[0m
[2265.627s] [ 69%] Built target moveit_collision_detection_bullet
[2286.358s] [ 70%] [32m[1mLinking CXX executable test_fcl_collision_env[0m
[2288.072s] [ 70%] Built target test_fcl_collision_env
[2288.205s] [ 70%] [32mBuilding CXX object collision_detection_fcl/CMakeFiles/test_fcl_collision_detection_panda.dir/test/test_fcl_collision_detection_panda.cpp.o[0m
[2289.160s] [ 71%] [32m[1mLinking CXX executable test_fcl_collision_detection[0m
[2291.146s] [ 71%] Built target test_fcl_collision_detection
[2291.261s] [ 71%] [32mBuilding CXX object trajectory_processing/CMakeFiles/test_time_optimal_trajectory_generation.dir/test/test_time_optimal_trajectory_generation.cpp.o[0m
[2315.105s] [ 72%] [32mBuilding CXX object kinematic_constraints/CMakeFiles/moveit_kinematic_constraints.dir/src/utils.cpp.o[0m
[2315.179s] [ 72%] [32mBuilding CXX object trajectory_processing/CMakeFiles/test_ruckig_traj_smoothing.dir/test/test_ruckig_traj_smoothing.cpp.o[0m
[2340.842s] [ 73%] [32m[1mLinking CXX executable test_fcl_collision_detection_panda[0m
[2342.697s] [ 73%] Built target test_fcl_collision_detection_panda
[2342.832s] [ 74%] [32mBuilding CXX object trajectory_processing/CMakeFiles/robot_trajectory_benchmark.dir/test/robot_trajectory_benchmark.cpp.o[0m
[2344.048s] [ 75%] [32m[1mLinking CXX executable test_time_optimal_trajectory_generation[0m
[2345.990s] [ 75%] Built target test_time_optimal_trajectory_generation
[2346.128s] [ 76%] [32mBuilding CXX object collision_detection_bullet/CMakeFiles/test_bullet_collision_detection.dir/test/test_bullet_collision_detection_pr2.cpp.o[0m
[2363.802s] [ 77%] [32m[1mLinking CXX executable test_ruckig_traj_smoothing[0m
[2365.691s] [ 77%] Built target test_ruckig_traj_smoothing
[2381.738s] [ 77%] [32m[1mLinking CXX shared library libmoveit_kinematic_constraints.so[0m
[2383.449s] [ 77%] Built target moveit_kinematic_constraints
[2387.533s] [ 77%] [32m[1mLinking CXX executable robot_trajectory_benchmark[0m
[2388.860s] [ 77%] Built target robot_trajectory_benchmark
[2399.882s] [ 78%] [32m[1mLinking CXX executable test_bullet_collision_detection[0m
[2401.159s] [ 78%] Built target test_bullet_collision_detection
[2401.255s] [ 79%] [32mBuilding CXX object kinematic_constraints/CMakeFiles/test_constraints.dir/test/test_constraints.cpp.o[0m
[2444.541s] [ 80%] [32m[1mLinking CXX executable test_constraints[0m
[2445.778s] [ 80%] Built target test_constraints
[2445.927s] [ 80%] [32mBuilding CXX object collision_detection_bullet/CMakeFiles/test_bullet_continuous_collision_checking.dir/test/test_bullet_continuous_collision_checking.cpp.o[0m
[2445.933s] [ 80%] [32mBuilding CXX object collision_detection_bullet/CMakeFiles/test_bullet_collision_detection_panda.dir/test/test_bullet_collision_detection_panda.cpp.o[0m
[2445.950s] [ 81%] [32mBuilding CXX object kinematic_constraints/CMakeFiles/test_orientation_constraints.dir/test/test_orientation_constraints.cpp.o[0m
[2445.953s] [ 82%] [32mBuilding CXX object planning_scene/CMakeFiles/moveit_planning_scene.dir/src/planning_scene.cpp.o[0m
[2515.535s] [ 83%] [32m[1mLinking CXX executable test_bullet_collision_detection_panda[0m
[2517.426s] [ 83%] Built target test_bullet_collision_detection_panda
[2521.637s] [ 83%] [32m[1mLinking CXX executable test_orientation_constraints[0m
[2522.913s] [ 83%] Built target test_orientation_constraints
[2523.780s] [ 84%] [32m[1mLinking CXX executable test_bullet_continuous_collision_checking[0m
[2525.031s] [ 84%] Built target test_bullet_continuous_collision_checking
[2551.607s] [ 84%] [32m[1mLinking CXX shared library libmoveit_planning_scene.so[0m
[2552.631s] [ 84%] Built target moveit_planning_scene
[2552.721s] [ 84%] [32mBuilding CXX object collision_detection_bullet/CMakeFiles/collision_detector_bullet_plugin.dir/src/collision_detector_bullet_plugin_loader.cpp.o[0m
[2567.821s] [ 84%] [32mBuilding CXX object constraint_samplers/CMakeFiles/moveit_constraint_samplers.dir/src/constraint_sampler.cpp.o[0m
[2568.942s] [ 85%] [32mBuilding CXX object collision_distance_field/CMakeFiles/moveit_collision_distance_field.dir/src/collision_distance_field_types.cpp.o[0m
[2570.040s] [ 85%] [32mBuilding CXX object collision_detection_fcl/CMakeFiles/collision_detector_fcl_plugin.dir/src/collision_detector_fcl_plugin_loader.cpp.o[0m
[2599.079s] [ 86%] [32m[1mLinking CXX shared library libcollision_detector_bullet_plugin.so[0m
[2600.366s] [ 86%] Built target collision_detector_bullet_plugin
[2619.069s] [ 87%] [32mBuilding CXX object constraint_samplers/CMakeFiles/moveit_constraint_samplers.dir/src/constraint_sampler_manager.cpp.o[0m
[2622.076s] [ 87%] [32mBuilding CXX object collision_distance_field/CMakeFiles/moveit_collision_distance_field.dir/src/collision_common_distance_field.cpp.o[0m
[2629.194s] [ 88%] [32m[1mLinking CXX shared library libcollision_detector_fcl_plugin.so[0m
[2630.412s] [ 88%] Built target collision_detector_fcl_plugin
[2666.756s] [ 88%] [32mBuilding CXX object constraint_samplers/CMakeFiles/moveit_constraint_samplers.dir/src/constraint_sampler_tools.cpp.o[0m
[2667.860s] [ 89%] [32mBuilding CXX object collision_distance_field/CMakeFiles/moveit_collision_distance_field.dir/src/collision_env_distance_field.cpp.o[0m
[2700.621s] [ 90%] [32mBuilding CXX object constraint_samplers/CMakeFiles/moveit_constraint_samplers.dir/src/default_constraint_samplers.cpp.o[0m
[2713.013s] [ 91%] [32mBuilding CXX object planning_scene/CMakeFiles/test_planning_scene.dir/test/test_planning_scene.cpp.o[0m
[2715.176s] [ 92%] [32mBuilding CXX object planning_interface/CMakeFiles/moveit_planning_interface.dir/src/planning_interface.cpp.o[0m
[2748.046s] [ 92%] [32mBuilding CXX object collision_distance_field/CMakeFiles/moveit_collision_distance_field.dir/src/collision_env_hybrid.cpp.o[0m
[2771.691s] [ 93%] [32mBuilding CXX object constraint_samplers/CMakeFiles/moveit_constraint_samplers.dir/src/union_constraint_sampler.cpp.o[0m
[2803.195s] [ 94%] [32mBuilding CXX object planning_interface/CMakeFiles/moveit_planning_interface.dir/src/planning_response.cpp.o[0m
[2824.484s] [ 95%] [32m[1mLinking CXX shared library libmoveit_collision_distance_field.so[0m
[2826.191s] [ 95%] Built target moveit_collision_distance_field
[2832.952s] [ 95%] [32m[1mLinking CXX shared library libmoveit_constraint_samplers.so[0m
[2834.243s] [ 95%] Built target moveit_constraint_samplers
[2836.423s] [ 95%] [32m[1mLinking CXX executable test_planning_scene[0m
[2837.720s] [ 95%] Built target test_planning_scene
[2841.597s] [ 95%] [32m[1mLinking CXX shared library libmoveit_planning_interface.so[0m
[2842.076s] [ 95%] Built target moveit_planning_interface
[2842.148s] [ 96%] [32mBuilding CXX object collision_distance_field/CMakeFiles/test_collision_distance_field.dir/test/test_collision_distance_field.cpp.o[0m
[2878.955s] [ 96%] [32m[1mLinking CXX executable test_collision_distance_field[0m
[2880.298s] [ 96%] Built target test_collision_distance_field
[2880.409s] [ 97%] [32mBuilding CXX object constraint_samplers/CMakeFiles/test_constraint_samplers.dir/test/test_constraint_samplers.cpp.o[0m
[2880.420s] [ 97%] [32mBuilding CXX object constraint_samplers/CMakeFiles/test_constraint_samplers.dir/test/pr2_arm_kinematics_plugin.cpp.o[0m
[2880.431s] [ 98%] [32mBuilding CXX object planning_scene/CMakeFiles/test_multi_threaded.dir/test/test_multi_threaded.cpp.o[0m
[2880.438s] [ 99%] [32mBuilding CXX object planning_scene/CMakeFiles/test_collision_objects.dir/test/test_collision_objects.cpp.o[0m
[2949.977s] [ 99%] [32m[1mLinking CXX executable test_multi_threaded[0m
[2951.904s] [ 99%] Built target test_multi_threaded
[2961.287s] [ 99%] [32m[1mLinking CXX executable test_collision_objects[0m
[2962.853s] [ 99%] Built target test_collision_objects
[2977.918s] [100%] [32mBuilding CXX object constraint_samplers/CMakeFiles/test_constraint_samplers.dir/test/pr2_arm_ik.cpp.o[0m
[3006.373s] [100%] [32m[1mLinking CXX executable test_constraint_samplers[0m
[3007.649s] [100%] Built target test_constraint_samplers
[3007.700s] Invoked command in '/home/luka/ws_moveit/build/moveit_core' returned '0': AMENT_PREFIX_PATH=/home/luka/ws_moveit/install/moveit_resources_panda_moveit_config:/home/luka/ws_moveit/install/moveit_resources_pr2_description:/home/luka/ws_moveit/install/moveit_resources_panda_description:/home/luka/ws_moveit/install/moveit_msgs:/home/luka/ws_moveit/install/moveit_common:${AMENT_PREFIX_PATH} CMAKE_PREFIX_PATH=/home/luka/ws_moveit/install/moveit_resources_panda_moveit_config:/home/luka/ws_moveit/install/moveit_resources_pr2_description:/home/luka/ws_moveit/install/moveit_resources_panda_description:/home/luka/ws_moveit/install/moveit_msgs:/home/luka/ws_moveit/install/moveit_common:/opt/ros/jazzy/opt/gz_sim_vendor:/opt/ros/jazzy/opt/gz_sensors_vendor:/opt/ros/jazzy/opt/gz_physics_vendor:/opt/ros/jazzy/opt/sdformat_vendor:/opt/ros/jazzy/opt/gz_gui_vendor:/opt/ros/jazzy/opt/gz_transport_vendor:/opt/ros/jazzy/opt/gz_rendering_vendor:/opt/ros/jazzy/opt/gz_plugin_vendor:/opt/ros/jazzy/opt/gz_fuel_tools_vendor:/opt/ros/jazzy/opt/gz_msgs_vendor:/opt/ros/jazzy/opt/gz_common_vendor:/opt/ros/jazzy/opt/gz_math_vendor:/opt/ros/jazzy/opt/gz_utils_vendor:/opt/ros/jazzy/opt/gz_tools_vendor:/opt/ros/jazzy/opt/gz_ogre_next_vendor:/opt/ros/jazzy/opt/gz_dartsim_vendor:/opt/ros/jazzy/opt/gz_cmake_vendor:/opt/ros/jazzy DEBUGINFOD_URLS=https://debuginfod.ubuntu.com LD_LIBRARY_PATH=/home/luka/ws_moveit/install/moveit_msgs/lib:${LD_LIBRARY_PATH} PYTHONPATH=/home/luka/ws_moveit/install/moveit_msgs/lib/python3.12/site-packages:${PYTHONPATH} /usr/bin/cmake --build /home/luka/ws_moveit/build/moveit_core -- -j4 -l4
[3007.704s] Invoking command in '/home/luka/ws_moveit/build/moveit_core': AMENT_PREFIX_PATH=/home/luka/ws_moveit/install/moveit_resources_panda_moveit_config:/home/luka/ws_moveit/install/moveit_resources_pr2_description:/home/luka/ws_moveit/install/moveit_resources_panda_description:/home/luka/ws_moveit/install/moveit_msgs:/home/luka/ws_moveit/install/moveit_common:${AMENT_PREFIX_PATH} CMAKE_PREFIX_PATH=/home/luka/ws_moveit/install/moveit_resources_panda_moveit_config:/home/luka/ws_moveit/install/moveit_resources_pr2_description:/home/luka/ws_moveit/install/moveit_resources_panda_description:/home/luka/ws_moveit/install/moveit_msgs:/home/luka/ws_moveit/install/moveit_common:/opt/ros/jazzy/opt/gz_sim_vendor:/opt/ros/jazzy/opt/gz_sensors_vendor:/opt/ros/jazzy/opt/gz_physics_vendor:/opt/ros/jazzy/opt/sdformat_vendor:/opt/ros/jazzy/opt/gz_gui_vendor:/opt/ros/jazzy/opt/gz_transport_vendor:/opt/ros/jazzy/opt/gz_rendering_vendor:/opt/ros/jazzy/opt/gz_plugin_vendor:/opt/ros/jazzy/opt/gz_fuel_tools_vendor:/opt/ros/jazzy/opt/gz_msgs_vendor:/opt/ros/jazzy/opt/gz_common_vendor:/opt/ros/jazzy/opt/gz_math_vendor:/opt/ros/jazzy/opt/gz_utils_vendor:/opt/ros/jazzy/opt/gz_tools_vendor:/opt/ros/jazzy/opt/gz_ogre_next_vendor:/opt/ros/jazzy/opt/gz_dartsim_vendor:/opt/ros/jazzy/opt/gz_cmake_vendor:/opt/ros/jazzy DEBUGINFOD_URLS=https://debuginfod.ubuntu.com LD_LIBRARY_PATH=/home/luka/ws_moveit/install/moveit_msgs/lib:${LD_LIBRARY_PATH} PYTHONPATH=/home/luka/ws_moveit/install/moveit_msgs/lib/python3.12/site-packages:${PYTHONPATH} /usr/bin/cmake --install /home/luka/ws_moveit/build/moveit_core
[3007.745s] -- Install configuration: "Release"
[3007.746s] -- Installing: /home/luka/ws_moveit/install/moveit_core/include/moveit_core
[3007.747s] -- Installing: /home/luka/ws_moveit/install/moveit_core/include/moveit_core/moveit
[3007.748s] -- Installing: /home/luka/ws_moveit/install/moveit_core/include/moveit_core/moveit/collision_detection_bullet
[3007.748s] -- Installing: /home/luka/ws_moveit/install/moveit_core/include/moveit_core/moveit/collision_detection_bullet/collision_env_bullet.hpp
[3007.749s] -- Installing: /home/luka/ws_moveit/install/moveit_core/include/moveit_core/moveit/collision_detection_bullet/collision_detector_bullet_plugin_loader.hpp
[3007.750s] -- Installing: /home/luka/ws_moveit/install/moveit_core/include/moveit_core/moveit/collision_detection_bullet/collision_env_bullet.h
[3007.750s] -- Installing: /home/luka/ws_moveit/install/moveit_core/include/moveit_core/moveit/collision_detection_bullet/bullet_integration
[3007.750s] -- Installing: /home/luka/ws_moveit/install/moveit_core/include/moveit_core/moveit/collision_detection_bullet/bullet_integration/bullet_utils.h
[3007.751s] -- Installing: /home/luka/ws_moveit/install/moveit_core/include/moveit_core/moveit/collision_detection_bullet/bullet_integration/contact_checker_common.h
[3007.752s] -- Installing: /home/luka/ws_moveit/install/moveit_core/include/moveit_core/moveit/collision_detection_bullet/bullet_integration/bullet_bvh_manager.h
[3007.752s] -- Installing: /home/luka/ws_moveit/install/moveit_core/include/moveit_core/moveit/collision_detection_bullet/bullet_integration/bullet_cast_bvh_manager.h
[3007.753s] -- Installing: /home/luka/ws_moveit/install/moveit_core/include/moveit_core/moveit/collision_detection_bullet/bullet_integration/bullet_utils.hpp
[3007.754s] -- Installing: /home/luka/ws_moveit/install/moveit_core/include/moveit_core/moveit/collision_detection_bullet/bullet_integration/bullet_discrete_bvh_manager.hpp
[3007.755s] -- Installing: /home/luka/ws_moveit/install/moveit_core/include/moveit_core/moveit/collision_detection_bullet/bullet_integration/basic_types.h
[3007.755s] -- Installing: /home/luka/ws_moveit/install/moveit_core/include/moveit_core/moveit/collision_detection_bullet/bullet_integration/ros_bullet_utils.h
[3007.756s] -- Installing: /home/luka/ws_moveit/install/moveit_core/include/moveit_core/moveit/collision_detection_bullet/bullet_integration/bullet_bvh_manager.hpp
[3007.757s] -- Installing: /home/luka/ws_moveit/install/moveit_core/include/moveit_core/moveit/collision_detection_bullet/bullet_integration/basic_types.hpp
[3007.757s] -- Installing: /home/luka/ws_moveit/install/moveit_core/include/moveit_core/moveit/collision_detection_bullet/bullet_integration/bullet_cast_bvh_manager.hpp
[3007.758s] -- Installing: /home/luka/ws_moveit/install/moveit_core/include/moveit_core/moveit/collision_detection_bullet/bullet_integration/bullet_discrete_bvh_manager.h
[3007.758s] -- Installing: /home/luka/ws_moveit/install/moveit_core/include/moveit_core/moveit/collision_detection_bullet/bullet_integration/contact_checker_common.hpp
[3007.759s] -- Installing: /home/luka/ws_moveit/install/moveit_core/include/moveit_core/moveit/collision_detection_bullet/bullet_integration/ros_bullet_utils.hpp
[3007.760s] -- Installing: /home/luka/ws_moveit/install/moveit_core/include/moveit_core/moveit/collision_detection_bullet/collision_detector_allocator_bullet.hpp
[3007.761s] -- Installing: /home/luka/ws_moveit/install/moveit_core/include/moveit_core/moveit/collision_detection_bullet/collision_detector_allocator_bullet.h
[3007.762s] -- Installing: /home/luka/ws_moveit/install/moveit_core/include/moveit_core/moveit/collision_detection_bullet/collision_detector_bullet_plugin_loader.h
[3007.762s] -- Installing: /home/luka/ws_moveit/install/moveit_core/include/moveit_core/moveit_collision_detection_bullet_export.h
[3007.762s] -- Up-to-date: /home/luka/ws_moveit/install/moveit_core/include/moveit_core
[3007.763s] -- Up-to-date: /home/luka/ws_moveit/install/moveit_core/include/moveit_core/moveit
[3007.763s] -- Installing: /home/luka/ws_moveit/install/moveit_core/include/moveit_core/moveit/collision_detection_fcl
[3007.763s] -- Installing: /home/luka/ws_moveit/install/moveit_core/include/moveit_core/moveit/collision_detection_fcl/collision_env_fcl.h
[3007.764s] -- Installing: /home/luka/ws_moveit/install/moveit_core/include/moveit_core/moveit/collision_detection_fcl/collision_detector_allocator_fcl.h
[3007.765s] -- Installing: /home/luka/ws_moveit/install/moveit_core/include/moveit_core/moveit/collision_detection_fcl/fcl_compat.h
[3007.765s] -- Installing: /home/luka/ws_moveit/install/moveit_core/include/moveit_core/moveit/collision_detection_fcl/collision_detector_fcl_plugin_loader.h
[3007.766s] -- Installing: /home/luka/ws_moveit/install/moveit_core/include/moveit_core/moveit/collision_detection_fcl/collision_common.hpp
[3007.767s] -- Installing: /home/luka/ws_moveit/install/moveit_core/include/moveit_core/moveit/collision_detection_fcl/collision_detector_fcl_plugin_loader.hpp
[3007.767s] -- Installing: /home/luka/ws_moveit/install/moveit_core/include/moveit_core/moveit/collision_detection_fcl/fcl_compat.hpp
[3007.768s] -- Installing: /home/luka/ws_moveit/install/moveit_core/include/moveit_core/moveit/collision_detection_fcl/collision_env_fcl.hpp
[3007.769s] -- Installing: /home/luka/ws_moveit/install/moveit_core/include/moveit_core/moveit/collision_detection_fcl/collision_common.h
[3007.769s] -- Installing: /home/luka/ws_moveit/install/moveit_core/include/moveit_core/moveit/collision_detection_fcl/collision_detector_allocator_fcl.hpp
[3007.770s] -- Installing: /home/luka/ws_moveit/install/moveit_core/include/moveit_core/moveit_collision_detection_fcl_export.h
[3007.771s] -- Up-to-date: /home/luka/ws_moveit/install/moveit_core/include/moveit_core
[3007.771s] -- Up-to-date: /home/luka/ws_moveit/install/moveit_core/include/moveit_core/moveit
[3007.772s] -- Installing: /home/luka/ws_moveit/install/moveit_core/include/moveit_core/moveit/collision_detection
[3007.773s] -- Installing: /home/luka/ws_moveit/install/moveit_core/include/moveit_core/moveit/collision_detection/collision_detector_allocator.hpp
[3007.773s] -- Installing: /home/luka/ws_moveit/install/moveit_core/include/moveit_core/moveit/collision_detection/collision_tools.hpp
[3007.774s] -- Installing: /home/luka/ws_moveit/install/moveit_core/include/moveit_core/moveit/collision_detection/test_collision_common_panda.h
[3007.774s] -- Installing: /home/luka/ws_moveit/install/moveit_core/include/moveit_core/moveit/collision_detection/collision_matrix.h
[3007.775s] -- Installing: /home/luka/ws_moveit/install/moveit_core/include/moveit_core/moveit/collision_detection/allvalid
[3007.775s] -- Installing: /home/luka/ws_moveit/install/moveit_core/include/moveit_core/moveit/collision_detection/allvalid/collision_env_allvalid.hpp
[3007.776s] -- Installing: /home/luka/ws_moveit/install/moveit_core/include/moveit_core/moveit/collision_detection/allvalid/collision_detector_allocator_allvalid.hpp
[3007.776s] -- Installing: /home/luka/ws_moveit/install/moveit_core/include/moveit_core/moveit/collision_detection/allvalid/collision_detector_allocator_allvalid.h
[3007.776s] -- Installing: /home/luka/ws_moveit/install/moveit_core/include/moveit_core/moveit/collision_detection/allvalid/collision_env_allvalid.h
[3007.776s] -- Installing: /home/luka/ws_moveit/install/moveit_core/include/moveit_core/moveit/collision_detection/test_collision_common_pr2.h
[3007.777s] -- Installing: /home/luka/ws_moveit/install/moveit_core/include/moveit_core/moveit/collision_detection/collision_matrix.hpp
[3007.778s] -- Installing: /home/luka/ws_moveit/install/moveit_core/include/moveit_core/moveit/collision_detection/collision_tools.h
[3007.778s] -- Installing: /home/luka/ws_moveit/install/moveit_core/include/moveit_core/moveit/collision_detection/collision_common.hpp
[3007.779s] -- Installing: /home/luka/ws_moveit/install/moveit_core/include/moveit_core/moveit/collision_detection/world_diff.h
[3007.779s] -- Installing: /home/luka/ws_moveit/install/moveit_core/include/moveit_core/moveit/collision_detection/world.h
[3007.779s] -- Installing: /home/luka/ws_moveit/install/moveit_core/include/moveit_core/moveit/collision_detection/occupancy_map.hpp
[3007.779s] -- Installing: /home/luka/ws_moveit/install/moveit_core/include/moveit_core/moveit/collision_detection/collision_plugin_cache.hpp
[3007.780s] -- Installing: /home/luka/ws_moveit/install/moveit_core/include/moveit_core/moveit/collision_detection/collision_detector_allocator.h
[3007.781s] -- Installing: /home/luka/ws_moveit/install/moveit_core/include/moveit_core/moveit/collision_detection/collision_plugin.h
[3007.782s] -- Installing: /home/luka/ws_moveit/install/moveit_core/include/moveit_core/moveit/collision_detection/collision_plugin.hpp
[3007.782s] -- Installing: /home/luka/ws_moveit/install/moveit_core/include/moveit_core/moveit/collision_detection/collision_octomap_filter.hpp
[3007.782s] -- Installing: /home/luka/ws_moveit/install/moveit_core/include/moveit_core/moveit/collision_detection/collision_env.hpp
[3007.783s] -- Installing: /home/luka/ws_moveit/install/moveit_core/include/moveit_core/moveit/collision_detection/test_collision_common_panda.hpp
[3007.783s] -- Installing: /home/luka/ws_moveit/install/moveit_core/include/moveit_core/moveit/collision_detection/collision_env.h
[3007.783s] -- Installing: /home/luka/ws_moveit/install/moveit_core/include/moveit_core/moveit/collision_detection/world_diff.hpp
[3007.784s] -- Installing: /home/luka/ws_moveit/install/moveit_core/include/moveit_core/moveit/collision_detection/test_collision_common_pr2.hpp
[3007.784s] -- Installing: /home/luka/ws_moveit/install/moveit_core/include/moveit_core/moveit/collision_detection/collision_octomap_filter.h
[3007.785s] -- Installing: /home/luka/ws_moveit/install/moveit_core/include/moveit_core/moveit/collision_detection/collision_plugin_cache.h
[3007.785s] -- Installing: /home/luka/ws_moveit/install/moveit_core/include/moveit_core/moveit/collision_detection/collision_common.h
[3007.785s] -- Installing: /home/luka/ws_moveit/install/moveit_core/include/moveit_core/moveit/collision_detection/world.hpp
[3007.785s] -- Installing: /home/luka/ws_moveit/install/moveit_core/include/moveit_core/moveit/collision_detection/occupancy_map.h
[3007.786s] -- Installing: /home/luka/ws_moveit/install/moveit_core/include/moveit_core/moveit_collision_detection_export.h
[3007.786s] -- Up-to-date: /home/luka/ws_moveit/install/moveit_core/include/moveit_core
[3007.787s] -- Up-to-date: /home/luka/ws_moveit/install/moveit_core/include/moveit_core/moveit
[3007.788s] -- Installing: /home/luka/ws_moveit/install/moveit_core/include/moveit_core/moveit/collision_distance_field
[3007.788s] -- Installing: /home/luka/ws_moveit/install/moveit_core/include/moveit_core/moveit/collision_distance_field/collision_detector_allocator_distance_field.h
[3007.790s] -- Installing: /home/luka/ws_moveit/install/moveit_core/include/moveit_core/moveit/collision_distance_field/collision_distance_field_types.hpp
[3007.791s] -- Installing: /home/luka/ws_moveit/install/moveit_core/include/moveit_core/moveit/collision_distance_field/collision_detector_allocator_distance_field.hpp
[3007.791s] -- Installing: /home/luka/ws_moveit/install/moveit_core/include/moveit_core/moveit/collision_distance_field/collision_detector_allocator_hybrid.h
[3007.792s] -- Installing: /home/luka/ws_moveit/install/moveit_core/include/moveit_core/moveit/collision_distance_field/collision_common_distance_field.h
[3007.793s] -- Installing: /home/luka/ws_moveit/install/moveit_core/include/moveit_core/moveit/collision_distance_field/collision_env_distance_field.h
[3007.793s] -- Installing: /home/luka/ws_moveit/install/moveit_core/include/moveit_core/moveit/collision_distance_field/collision_common_distance_field.hpp
[3007.794s] -- Installing: /home/luka/ws_moveit/install/moveit_core/include/moveit_core/moveit/collision_distance_field/collision_env_hybrid.h
[3007.795s] -- Installing: /home/luka/ws_moveit/install/moveit_core/include/moveit_core/moveit/collision_distance_field/collision_env_hybrid.hpp
[3007.795s] -- Installing: /home/luka/ws_moveit/install/moveit_core/include/moveit_core/moveit/collision_distance_field/collision_distance_field_types.h
[3007.796s] -- Installing: /home/luka/ws_moveit/install/moveit_core/include/moveit_core/moveit/collision_distance_field/collision_env_distance_field.hpp
[3007.797s] -- Installing: /home/luka/ws_moveit/install/moveit_core/include/moveit_core/moveit/collision_distance_field/collision_detector_allocator_hybrid.hpp
[3007.798s] -- Installing: /home/luka/ws_moveit/install/moveit_core/include/moveit_core/moveit_collision_distance_field_export.h
[3007.799s] -- Up-to-date: /home/luka/ws_moveit/install/moveit_core/include/moveit_core
[3007.799s] -- Up-to-date: /home/luka/ws_moveit/install/moveit_core/include/moveit_core/moveit
[3007.800s] -- Installing: /home/luka/ws_moveit/install/moveit_core/include/moveit_core/moveit/constraint_samplers
[3007.800s] -- Installing: /home/luka/ws_moveit/install/moveit_core/include/moveit_core/moveit/constraint_samplers/constraint_sampler_allocator.h
[3007.801s] -- Installing: /home/luka/ws_moveit/install/moveit_core/include/moveit_core/moveit/constraint_samplers/constraint_sampler_tools.h
[3007.802s] -- Installing: /home/luka/ws_moveit/install/moveit_core/include/moveit_core/moveit/constraint_samplers/union_constraint_sampler.hpp
[3007.802s] -- Installing: /home/luka/ws_moveit/install/moveit_core/include/moveit_core/moveit/constraint_samplers/constraint_sampler_manager.h
[3007.803s] -- Installing: /home/luka/ws_moveit/install/moveit_core/include/moveit_core/moveit/constraint_samplers/constraint_sampler_manager.hpp
[3007.804s] -- Installing: /home/luka/ws_moveit/install/moveit_core/include/moveit_core/moveit/constraint_samplers/union_constraint_sampler.h
[3007.805s] -- Installing: /home/luka/ws_moveit/install/moveit_core/include/moveit_core/moveit/constraint_samplers/constraint_sampler_tools.hpp
[3007.807s] -- Installing: /home/luka/ws_moveit/install/moveit_core/include/moveit_core/moveit/constraint_samplers/default_constraint_samplers.hpp
[3007.808s] -- Installing: /home/luka/ws_moveit/install/moveit_core/include/moveit_core/moveit/constraint_samplers/constraint_sampler.hpp
[3007.809s] -- Installing: /home/luka/ws_moveit/install/moveit_core/include/moveit_core/moveit/constraint_samplers/constraint_sampler_allocator.hpp
[3007.810s] -- Installing: /home/luka/ws_moveit/install/moveit_core/include/moveit_core/moveit/constraint_samplers/default_constraint_samplers.h
[3007.811s] -- Installing: /home/luka/ws_moveit/install/moveit_core/include/moveit_core/moveit/constraint_samplers/constraint_sampler.h
[3007.812s] -- Up-to-date: /home/luka/ws_moveit/install/moveit_core/include/moveit_core
[3007.813s] -- Up-to-date: /home/luka/ws_moveit/install/moveit_core/include/moveit_core/moveit
[3007.814s] -- Installing: /home/luka/ws_moveit/install/moveit_core/include/moveit_core/moveit/controller_manager
[3007.815s] -- Installing: /home/luka/ws_moveit/install/moveit_core/include/moveit_core/moveit/controller_manager/controller_manager.hpp
[3007.815s] -- Installing: /home/luka/ws_moveit/install/moveit_core/include/moveit_core/moveit/controller_manager/controller_manager.h
[3007.816s] -- Up-to-date: /home/luka/ws_moveit/install/moveit_core/include/moveit_core
[3007.817s] -- Up-to-date: /home/luka/ws_moveit/install/moveit_core/include/moveit_core/moveit
[3007.818s] -- Installing: /home/luka/ws_moveit/install/moveit_core/include/moveit_core/moveit/distance_field
[3007.818s] -- Installing: /home/luka/ws_moveit/install/moveit_core/include/moveit_core/moveit/distance_field/voxel_grid.hpp
[3007.819s] -- Installing: /home/luka/ws_moveit/install/moveit_core/include/moveit_core/moveit/distance_field/find_internal_points.hpp
[3007.820s] -- Installing: /home/luka/ws_moveit/install/moveit_core/include/moveit_core/moveit/distance_field/voxel_grid.h
[3007.821s] -- Installing: /home/luka/ws_moveit/install/moveit_core/include/moveit_core/moveit/distance_field/propagation_distance_field.hpp
[3007.821s] -- Installing: /home/luka/ws_moveit/install/moveit_core/include/moveit_core/moveit/distance_field/distance_field.h
[3007.822s] -- Installing: /home/luka/ws_moveit/install/moveit_core/include/moveit_core/moveit/distance_field/propagation_distance_field.h
[3007.823s] -- Installing: /home/luka/ws_moveit/install/moveit_core/include/moveit_core/moveit/distance_field/find_internal_points.h
[3007.824s] -- Installing: /home/luka/ws_moveit/install/moveit_core/include/moveit_core/moveit/distance_field/distance_field.hpp
[3007.824s] -- Up-to-date: /home/luka/ws_moveit/install/moveit_core/include/moveit_core
[3007.825s] -- Up-to-date: /home/luka/ws_moveit/install/moveit_core/include/moveit_core/moveit
[3007.826s] -- Installing: /home/luka/ws_moveit/install/moveit_core/include/moveit_core/moveit/dynamics_solver
[3007.826s] -- Installing: /home/luka/ws_moveit/install/moveit_core/include/moveit_core/moveit/dynamics_solver/dynamics_solver.hpp
[3007.827s] -- Installing: /home/luka/ws_moveit/install/moveit_core/include/moveit_core/moveit/dynamics_solver/dynamics_solver.h
[3007.828s] -- Up-to-date: /home/luka/ws_moveit/install/moveit_core/include/moveit_core
[3007.828s] -- Up-to-date: /home/luka/ws_moveit/install/moveit_core/include/moveit_core/moveit
[3007.829s] -- Installing: /home/luka/ws_moveit/install/moveit_core/include/moveit_core/moveit/exceptions
[3007.830s] -- Installing: /home/luka/ws_moveit/install/moveit_core/include/moveit_core/moveit/exceptions/exceptions.h
[3007.831s] -- Installing: /home/luka/ws_moveit/install/moveit_core/include/moveit_core/moveit/exceptions/exceptions.hpp
[3007.831s] -- Up-to-date: /home/luka/ws_moveit/install/moveit_core/include/moveit_core
[3007.832s] -- Up-to-date: /home/luka/ws_moveit/install/moveit_core/include/moveit_core/moveit
[3007.833s] -- Installing: /home/luka/ws_moveit/install/moveit_core/include/moveit_core/moveit/kinematic_constraints
[3007.833s] -- Installing: /home/luka/ws_moveit/install/moveit_core/include/moveit_core/moveit/kinematic_constraints/utils.h
[3007.834s] -- Installing: /home/luka/ws_moveit/install/moveit_core/include/moveit_core/moveit/kinematic_constraints/kinematic_constraint.hpp
[3007.834s] -- Installing: /home/luka/ws_moveit/install/moveit_core/include/moveit_core/moveit/kinematic_constraints/utils.hpp
[3007.835s] -- Installing: /home/luka/ws_moveit/install/moveit_core/include/moveit_core/moveit/kinematic_constraints/kinematic_constraint.h
[3007.836s] -- Up-to-date: /home/luka/ws_moveit/install/moveit_core/include/moveit_core
[3007.836s] -- Up-to-date: /home/luka/ws_moveit/install/moveit_core/include/moveit_core/moveit
[3007.837s] -- Installing: /home/luka/ws_moveit/install/moveit_core/include/moveit_core/moveit/kinematics_base
[3007.838s] -- Installing: /home/luka/ws_moveit/install/moveit_core/include/moveit_core/moveit/kinematics_base/kinematics_base.h
[3007.839s] -- Installing: /home/luka/ws_moveit/install/moveit_core/include/moveit_core/moveit/kinematics_base/kinematics_base.hpp
[3007.840s] -- Installing: /home/luka/ws_moveit/install/moveit_core/include/moveit_core/moveit_kinematics_base_export.h
[3007.840s] -- Up-to-date: /home/luka/ws_moveit/install/moveit_core/include/moveit_core
[3007.841s] -- Up-to-date: /home/luka/ws_moveit/install/moveit_core/include/moveit_core/moveit
[3007.842s] -- Installing: /home/luka/ws_moveit/install/moveit_core/include/moveit_core/moveit/kinematics_metrics
[3007.843s] -- Installing: /home/luka/ws_moveit/install/moveit_core/include/moveit_core/moveit/kinematics_metrics/kinematics_metrics.hpp
[3007.843s] -- Installing: /home/luka/ws_moveit/install/moveit_core/include/moveit_core/moveit/kinematics_metrics/kinematics_metrics.h
[3007.844s] -- Up-to-date: /home/luka/ws_moveit/install/moveit_core/include/moveit_core
[3007.845s] -- Up-to-date: /home/luka/ws_moveit/install/moveit_core/include/moveit_core/moveit
[3007.845s] -- Installing: /home/luka/ws_moveit/install/moveit_core/include/moveit_core/moveit/macros
[3007.846s] -- Installing: /home/luka/ws_moveit/install/moveit_core/include/moveit_core/moveit/macros/class_forward.hpp
[3007.846s] -- Installing: /home/luka/ws_moveit/install/moveit_core/include/moveit_core/moveit/macros/console_colors.hpp
[3007.847s] -- Installing: /home/luka/ws_moveit/install/moveit_core/include/moveit_core/moveit/macros/declare_ptr.hpp
[3007.847s] -- Installing: /home/luka/ws_moveit/install/moveit_core/include/moveit_core/moveit/macros/class_forward.h
[3007.848s] -- Installing: /home/luka/ws_moveit/install/moveit_core/include/moveit_core/moveit/macros/declare_ptr.h
[3007.848s] -- Installing: /home/luka/ws_moveit/install/moveit_core/include/moveit_core/moveit/macros/console_colors.h
[3007.849s] -- Up-to-date: /home/luka/ws_moveit/install/moveit_core/include/moveit_core
[3007.849s] -- Installing: /home/luka/ws_moveit/install/moveit_core/include/moveit_core/moveit_butterworth_filter_parameters.hpp
[3007.850s] -- Installing: /home/luka/ws_moveit/install/moveit_core/include/moveit_core/moveit_acceleration_filter_parameters.hpp
[3007.850s] -- Installing: /home/luka/ws_moveit/install/moveit_core/include/moveit_core/moveit_ruckig_filter_parameters.hpp
[3007.851s] -- Up-to-date: /home/luka/ws_moveit/install/moveit_core/include/moveit_core
[3007.851s] -- Up-to-date: /home/luka/ws_moveit/install/moveit_core/include/moveit_core/moveit_butterworth_filter_parameters.hpp
[3007.852s] -- Up-to-date: /home/luka/ws_moveit/install/moveit_core/include/moveit_core/moveit_acceleration_filter_parameters.hpp
[3007.853s] -- Up-to-date: /home/luka/ws_moveit/install/moveit_core/include/moveit_core/moveit_ruckig_filter_parameters.hpp
[3007.853s] -- Up-to-date: /home/luka/ws_moveit/install/moveit_core/include/moveit_core
[3007.854s] -- Up-to-date: /home/luka/ws_moveit/install/moveit_core/include/moveit_core/moveit_butterworth_filter_parameters.hpp
[3007.854s] -- Up-to-date: /home/luka/ws_moveit/install/moveit_core/include/moveit_core/moveit_acceleration_filter_parameters.hpp
[3007.855s] -- Up-to-date: /home/luka/ws_moveit/install/moveit_core/include/moveit_core/moveit_ruckig_filter_parameters.hpp
[3007.855s] -- Up-to-date: /home/luka/ws_moveit/install/moveit_core/include/moveit_core
[3007.857s] -- Up-to-date: /home/luka/ws_moveit/install/moveit_core/include/moveit_core/moveit
[3007.858s] -- Installing: /home/luka/ws_moveit/install/moveit_core/include/moveit_core/moveit/online_signal_smoothing
[3007.859s] -- Installing: /home/luka/ws_moveit/install/moveit_core/include/moveit_core/moveit/online_signal_smoothing/butterworth_filter.hpp
[3007.859s] -- Installing: /home/luka/ws_moveit/install/moveit_core/include/moveit_core/moveit/online_signal_smoothing/ruckig_filter.hpp
[3007.860s] -- Installing: /home/luka/ws_moveit/install/moveit_core/include/moveit_core/moveit/online_signal_smoothing/ruckig_filter.h
[3007.861s] -- Installing: /home/luka/ws_moveit/install/moveit_core/include/moveit_core/moveit/online_signal_smoothing/acceleration_filter.h
[3007.862s] -- Installing: /home/luka/ws_moveit/install/moveit_core/include/moveit_core/moveit/online_signal_smoothing/smoothing_base_class.h
[3007.863s] -- Installing: /home/luka/ws_moveit/install/moveit_core/include/moveit_core/moveit/online_signal_smoothing/butterworth_filter.h
[3007.864s] -- Installing: /home/luka/ws_moveit/install/moveit_core/include/moveit_core/moveit/online_signal_smoothing/acceleration_filter.hpp
[3007.865s] -- Installing: /home/luka/ws_moveit/install/moveit_core/include/moveit_core/moveit/online_signal_smoothing/smoothing_base_class.hpp
[3007.865s] -- Installing: /home/luka/ws_moveit/install/moveit_core/include/moveit_core/moveit_smoothing_base_export.h
[3007.866s] -- Installing: /home/luka/ws_moveit/install/moveit_core/include/moveit_core/moveit_acceleration_filter_export.h
[3007.867s] -- Installing: /home/luka/ws_moveit/install/moveit_core/include/moveit_core/moveit_butterworth_filter_export.h
[3007.867s] -- Installing: /home/luka/ws_moveit/install/moveit_core/include/moveit_core/moveit_ruckig_filter_export.h
[3007.868s] -- Up-to-date: /home/luka/ws_moveit/install/moveit_core/include/moveit_core
[3007.869s] -- Up-to-date: /home/luka/ws_moveit/install/moveit_core/include/moveit_core/moveit
[3007.869s] -- Installing: /home/luka/ws_moveit/install/moveit_core/include/moveit_core/moveit/planning_interface
[3007.870s] -- Installing: /home/luka/ws_moveit/install/moveit_core/include/moveit_core/moveit/planning_interface/planning_request_adapter.hpp
[3007.871s] -- Installing: /home/luka/ws_moveit/install/moveit_core/include/moveit_core/moveit/planning_interface/planning_request_adapter.h
[3007.872s] -- Installing: /home/luka/ws_moveit/install/moveit_core/include/moveit_core/moveit/planning_interface/planning_request.h
[3007.873s] -- Installing: /home/luka/ws_moveit/install/moveit_core/include/moveit_core/moveit/planning_interface/planning_interface.h
[3007.874s] -- Installing: /home/luka/ws_moveit/install/moveit_core/include/moveit_core/moveit/planning_interface/planning_response.hpp
[3007.874s] -- Installing: /home/luka/ws_moveit/install/moveit_core/include/moveit_core/moveit/planning_interface/planning_request.hpp
[3007.875s] -- Installing: /home/luka/ws_moveit/install/moveit_core/include/moveit_core/moveit/planning_interface/planning_response_adapter.h
[3007.875s] -- Installing: /home/luka/ws_moveit/install/moveit_core/include/moveit_core/moveit/planning_interface/planning_interface.hpp
[3007.876s] -- Installing: /home/luka/ws_moveit/install/moveit_core/include/moveit_core/moveit/planning_interface/planning_response.h
[3007.877s] -- Installing: /home/luka/ws_moveit/install/moveit_core/include/moveit_core/moveit/planning_interface/planning_response_adapter.hpp
[3007.877s] -- Up-to-date: /home/luka/ws_moveit/install/moveit_core/include/moveit_core
[3007.878s] -- Up-to-date: /home/luka/ws_moveit/install/moveit_core/include/moveit_core/moveit
[3007.879s] -- Installing: /home/luka/ws_moveit/install/moveit_core/include/moveit_core/moveit/planning_scene
[3007.879s] -- Installing: /home/luka/ws_moveit/install/moveit_core/include/moveit_core/moveit/planning_scene/planning_scene.hpp
[3007.880s] -- Installing: /home/luka/ws_moveit/install/moveit_core/include/moveit_core/moveit/planning_scene/planning_scene.h
[3007.881s] -- Installing: /home/luka/ws_moveit/install/moveit_core/include/moveit_core/moveit_planning_scene_export.h
[3007.882s] -- Up-to-date: /home/luka/ws_moveit/install/moveit_core/include/moveit_core
[3007.882s] -- Up-to-date: /home/luka/ws_moveit/install/moveit_core/include/moveit_core/moveit
[3007.883s] -- Installing: /home/luka/ws_moveit/install/moveit_core/include/moveit_core/moveit/robot_model
[3007.883s] -- Installing: /home/luka/ws_moveit/install/moveit_core/include/moveit_core/moveit/robot_model/revolute_joint_model.h
[3007.884s] -- Installing: /home/luka/ws_moveit/install/moveit_core/include/moveit_core/moveit/robot_model/robot_model.hpp
[3007.885s] -- Installing: /home/luka/ws_moveit/install/moveit_core/include/moveit_core/moveit/robot_model/joint_model_group.hpp
[3007.885s] -- Installing: /home/luka/ws_moveit/install/moveit_core/include/moveit_core/moveit/robot_model/floating_joint_model.h
[3007.886s] -- Installing: /home/luka/ws_moveit/install/moveit_core/include/moveit_core/moveit/robot_model/fixed_joint_model.h
[3007.887s] -- Installing: /home/luka/ws_moveit/install/moveit_core/include/moveit_core/moveit/robot_model/robot_model.h
[3007.888s] -- Installing: /home/luka/ws_moveit/install/moveit_core/include/moveit_core/moveit/robot_model/joint_model_group.h
[3007.888s] -- Installing: /home/luka/ws_moveit/install/moveit_core/include/moveit_core/moveit/robot_model/link_model.h
[3007.889s] -- Installing: /home/luka/ws_moveit/install/moveit_core/include/moveit_core/moveit/robot_model/link_model.hpp
[3007.890s] -- Installing: /home/luka/ws_moveit/install/moveit_core/include/moveit_core/moveit/robot_model/fixed_joint_model.hpp
[3007.891s] -- Installing: /home/luka/ws_moveit/install/moveit_core/include/moveit_core/moveit/robot_model/prismatic_joint_model.h
[3007.892s] -- Installing: /home/luka/ws_moveit/install/moveit_core/include/moveit_core/moveit/robot_model/aabb.hpp
[3007.893s] -- Installing: /home/luka/ws_moveit/install/moveit_core/include/moveit_core/moveit/robot_model/aabb.h
[3007.893s] -- Installing: /home/luka/ws_moveit/install/moveit_core/include/moveit_core/moveit/robot_model/revolute_joint_model.hpp
[3007.894s] -- Installing: /home/luka/ws_moveit/install/moveit_core/include/moveit_core/moveit/robot_model/planar_joint_model.hpp
[3007.894s] -- Installing: /home/luka/ws_moveit/install/moveit_core/include/moveit_core/moveit/robot_model/joint_model.hpp
[3007.895s] -- Installing: /home/luka/ws_moveit/install/moveit_core/include/moveit_core/moveit/robot_model/prismatic_joint_model.hpp
[3007.896s] -- Installing: /home/luka/ws_moveit/install/moveit_core/include/moveit_core/moveit/robot_model/floating_joint_model.hpp
[3007.897s] -- Installing: /home/luka/ws_moveit/install/moveit_core/include/moveit_core/moveit/robot_model/joint_model.h
[3007.897s] -- Installing: /home/luka/ws_moveit/install/moveit_core/include/moveit_core/moveit/robot_model/planar_joint_model.h
[3007.898s] -- Up-to-date: /home/luka/ws_moveit/install/moveit_core/include/moveit_core
[3007.899s] -- Up-to-date: /home/luka/ws_moveit/install/moveit_core/include/moveit_core/moveit
[3007.899s] -- Installing: /home/luka/ws_moveit/install/moveit_core/include/moveit_core/moveit/robot_state
[3007.900s] -- Installing: /home/luka/ws_moveit/install/moveit_core/include/moveit_core/moveit/robot_state/cartesian_interpolator.h
[3007.901s] -- Installing: /home/luka/ws_moveit/install/moveit_core/include/moveit_core/moveit/robot_state/attached_body.h
[3007.901s] -- Installing: /home/luka/ws_moveit/install/moveit_core/include/moveit_core/moveit/robot_state/robot_state.hpp
[3007.902s] -- Installing: /home/luka/ws_moveit/install/moveit_core/include/moveit_core/moveit/robot_state/robot_state.h
[3007.903s] -- Installing: /home/luka/ws_moveit/install/moveit_core/include/moveit_core/moveit/robot_state/attached_body.hpp
[3007.903s] -- Installing: /home/luka/ws_moveit/install/moveit_core/include/moveit_core/moveit/robot_state/conversions.hpp
[3007.904s] -- Installing: /home/luka/ws_moveit/install/moveit_core/include/moveit_core/moveit/robot_state/cartesian_interpolator.hpp
[3007.904s] -- Installing: /home/luka/ws_moveit/install/moveit_core/include/moveit_core/moveit/robot_state/conversions.h
[3007.905s] -- Up-to-date: /home/luka/ws_moveit/install/moveit_core/include/moveit_core
[3007.906s] -- Up-to-date: /home/luka/ws_moveit/install/moveit_core/include/moveit_core/moveit
[3007.907s] -- Installing: /home/luka/ws_moveit/install/moveit_core/include/moveit_core/moveit/robot_trajectory
[3007.908s] -- Installing: /home/luka/ws_moveit/install/moveit_core/include/moveit_core/moveit/robot_trajectory/robot_trajectory.h
[3007.908s] -- Installing: /home/luka/ws_moveit/install/moveit_core/include/moveit_core/moveit/robot_trajectory/robot_trajectory.hpp
[3007.909s] -- Up-to-date: /home/luka/ws_moveit/install/moveit_core/include/moveit_core
[3007.910s] -- Up-to-date: /home/luka/ws_moveit/install/moveit_core/include/moveit_core/moveit
[3007.910s] -- Installing: /home/luka/ws_moveit/install/moveit_core/include/moveit_core/moveit/trajectory_processing
[3007.912s] -- Installing: /home/luka/ws_moveit/install/moveit_core/include/moveit_core/moveit/trajectory_processing/time_parameterization.h
[3007.912s] -- Installing: /home/luka/ws_moveit/install/moveit_core/include/moveit_core/moveit/trajectory_processing/time_parameterization.hpp
[3007.913s] -- Installing: /home/luka/ws_moveit/install/moveit_core/include/moveit_core/moveit/trajectory_processing/trajectory_tools.hpp
[3007.913s] -- Installing: /home/luka/ws_moveit/install/moveit_core/include/moveit_core/moveit/trajectory_processing/ruckig_traj_smoothing.h
[3007.913s] -- Installing: /home/luka/ws_moveit/install/moveit_core/include/moveit_core/moveit/trajectory_processing/ruckig_traj_smoothing.hpp
[3007.913s] -- Installing: /home/luka/ws_moveit/install/moveit_core/include/moveit_core/moveit/trajectory_processing/trajectory_tools.h
[3007.914s] -- Installing: /home/luka/ws_moveit/install/moveit_core/include/moveit_core/moveit/trajectory_processing/time_optimal_trajectory_generation.h
[3007.914s] -- Installing: /home/luka/ws_moveit/install/moveit_core/include/moveit_core/moveit/trajectory_processing/time_optimal_trajectory_generation.hpp
[3007.914s] -- Up-to-date: /home/luka/ws_moveit/install/moveit_core/include/moveit_core
[3007.915s] -- Up-to-date: /home/luka/ws_moveit/install/moveit_core/include/moveit_core/moveit
[3007.916s] -- Installing: /home/luka/ws_moveit/install/moveit_core/include/moveit_core/moveit/transforms
[3007.917s] -- Installing: /home/luka/ws_moveit/install/moveit_core/include/moveit_core/moveit/transforms/transforms.h
[3007.917s] -- Installing: /home/luka/ws_moveit/install/moveit_core/include/moveit_core/moveit/transforms/transforms.hpp
[3007.917s] -- Up-to-date: /home/luka/ws_moveit/install/moveit_core/include/moveit_core
[3007.918s] -- Up-to-date: /home/luka/ws_moveit/install/moveit_core/include/moveit_core/moveit
[3007.918s] -- Installing: /home/luka/ws_moveit/install/moveit_core/include/moveit_core/moveit/utils
[3007.918s] -- Installing: /home/luka/ws_moveit/install/moveit_core/include/moveit_core/moveit/utils/logger.hpp
[3007.918s] -- Installing: /home/luka/ws_moveit/install/moveit_core/include/moveit_core/moveit/utils/lexical_casts.h
[3007.919s] -- Installing: /home/luka/ws_moveit/install/moveit_core/include/moveit_core/moveit/utils/robot_model_test_utils.h
[3007.919s] -- Installing: /home/luka/ws_moveit/install/moveit_core/include/moveit_core/moveit/utils/eigen_test_utils.hpp
[3007.920s] -- Installing: /home/luka/ws_moveit/install/moveit_core/include/moveit_core/moveit/utils/message_checks.hpp
[3007.920s] -- Installing: /home/luka/ws_moveit/install/moveit_core/include/moveit_core/moveit/utils/logger.h
[3007.921s] -- Installing: /home/luka/ws_moveit/install/moveit_core/include/moveit_core/moveit/utils/robot_model_test_utils.hpp
[3007.922s] -- Installing: /home/luka/ws_moveit/install/moveit_core/include/moveit_core/moveit/utils/rclcpp_utils.h
[3007.922s] -- Installing: /home/luka/ws_moveit/install/moveit_core/include/moveit_core/moveit/utils/rclcpp_utils.hpp
[3007.923s] -- Installing: /home/luka/ws_moveit/install/moveit_core/include/moveit_core/moveit/utils/moveit_error_code.hpp
[3007.924s] -- Installing: /home/luka/ws_moveit/install/moveit_core/include/moveit_core/moveit/utils/moveit_error_code.h
[3007.925s] -- Installing: /home/luka/ws_moveit/install/moveit_core/include/moveit_core/moveit/utils/message_checks.h
[3007.926s] -- Installing: /home/luka/ws_moveit/install/moveit_core/include/moveit_core/moveit/utils/lexical_casts.hpp
[3007.927s] -- Installing: /home/luka/ws_moveit/install/moveit_core/include/moveit_core/moveit/utils/eigen_test_utils.h
[3007.928s] -- Installing: /home/luka/ws_moveit/install/moveit_core/lib/moveit_core/logger_dut
[3007.928s] -- Set non-toolchain portion of runtime path of "/home/luka/ws_moveit/install/moveit_core/lib/moveit_core/logger_dut" to ""
[3007.929s] -- Installing: /home/luka/ws_moveit/install/moveit_core/include/moveit_core/moveit/version.hpp
[3007.929s] -- Installing: /home/luka/ws_moveit/install/moveit_core/bin/moveit_version
[3007.930s] -- Installing: /home/luka/ws_moveit/install/moveit_core/lib/libmoveit_collision_detection.so.2.14.1
[3007.931s] -- Set non-toolchain portion of runtime path of "/home/luka/ws_moveit/install/moveit_core/lib/libmoveit_collision_detection.so.2.14.1" to ""
[3007.931s] -- Installing: /home/luka/ws_moveit/install/moveit_core/lib/libmoveit_collision_detection.so
[3007.931s] -- Installing: /home/luka/ws_moveit/install/moveit_core/lib/libmoveit_collision_detection_bullet.so.2.14.1
[3007.932s] -- Set non-toolchain portion of runtime path of "/home/luka/ws_moveit/install/moveit_core/lib/libmoveit_collision_detection_bullet.so.2.14.1" to ""
[3007.933s] -- Installing: /home/luka/ws_moveit/install/moveit_core/lib/libmoveit_collision_detection_bullet.so
[3007.933s] -- Installing: /home/luka/ws_moveit/install/moveit_core/lib/libmoveit_collision_detection_fcl.so.2.14.1
[3007.934s] -- Set non-toolchain portion of runtime path of "/home/luka/ws_moveit/install/moveit_core/lib/libmoveit_collision_detection_fcl.so.2.14.1" to ""
[3007.934s] -- Installing: /home/luka/ws_moveit/install/moveit_core/lib/libmoveit_collision_detection_fcl.so
[3007.935s] -- Installing: /home/luka/ws_moveit/install/moveit_core/lib/libmoveit_collision_distance_field.so.2.14.1
[3007.935s] -- Set non-toolchain portion of runtime path of "/home/luka/ws_moveit/install/moveit_core/lib/libmoveit_collision_distance_field.so.2.14.1" to ""
[3007.935s] -- Installing: /home/luka/ws_moveit/install/moveit_core/lib/libmoveit_collision_distance_field.so
[3007.936s] -- Installing: /home/luka/ws_moveit/install/moveit_core/lib/libmoveit_constraint_samplers.so.2.14.1
[3007.937s] -- Set non-toolchain portion of runtime path of "/home/luka/ws_moveit/install/moveit_core/lib/libmoveit_constraint_samplers.so.2.14.1" to ""
[3007.938s] -- Installing: /home/luka/ws_moveit/install/moveit_core/lib/libmoveit_constraint_samplers.so
[3007.938s] -- Installing: /home/luka/ws_moveit/install/moveit_core/lib/libmoveit_distance_field.so.2.14.1
[3007.939s] -- Set non-toolchain portion of runtime path of "/home/luka/ws_moveit/install/moveit_core/lib/libmoveit_distance_field.so.2.14.1" to ""
[3007.939s] -- Installing: /home/luka/ws_moveit/install/moveit_core/lib/libmoveit_distance_field.so
[3007.940s] -- Installing: /home/luka/ws_moveit/install/moveit_core/lib/libmoveit_dynamics_solver.so.2.14.1
[3007.941s] -- Set non-toolchain portion of runtime path of "/home/luka/ws_moveit/install/moveit_core/lib/libmoveit_dynamics_solver.so.2.14.1" to ""
[3007.941s] -- Installing: /home/luka/ws_moveit/install/moveit_core/lib/libmoveit_dynamics_solver.so
[3007.942s] -- Installing: /home/luka/ws_moveit/install/moveit_core/lib/libmoveit_exceptions.so.2.14.1
[3007.942s] -- Set non-toolchain portion of runtime path of "/home/luka/ws_moveit/install/moveit_core/lib/libmoveit_exceptions.so.2.14.1" to ""
[3007.943s] -- Installing: /home/luka/ws_moveit/install/moveit_core/lib/libmoveit_exceptions.so
[3007.944s] -- Installing: /home/luka/ws_moveit/install/moveit_core/lib/libmoveit_kinematic_constraints.so.2.14.1
[3007.944s] -- Set non-toolchain portion of runtime path of "/home/luka/ws_moveit/install/moveit_core/lib/libmoveit_kinematic_constraints.so.2.14.1" to ""
[3007.945s] -- Installing: /home/luka/ws_moveit/install/moveit_core/lib/libmoveit_kinematic_constraints.so
[3007.945s] -- Installing: /home/luka/ws_moveit/install/moveit_core/lib/libmoveit_kinematics_base.so
[3007.946s] -- Set non-toolchain portion of runtime path of "/home/luka/ws_moveit/install/moveit_core/lib/libmoveit_kinematics_base.so" to ""
[3007.946s] -- Installing: /home/luka/ws_moveit/install/moveit_core/lib/libmoveit_kinematics_metrics.so.2.14.1
[3007.946s] -- Set non-toolchain portion of runtime path of "/home/luka/ws_moveit/install/moveit_core/lib/libmoveit_kinematics_metrics.so.2.14.1" to ""
[3007.947s] -- Installing: /home/luka/ws_moveit/install/moveit_core/lib/libmoveit_kinematics_metrics.so
[3007.947s] -- Installing: /home/luka/ws_moveit/install/moveit_core/lib/libmoveit_planning_interface.so.2.14.1
[3007.949s] -- Set non-toolchain portion of runtime path of "/home/luka/ws_moveit/install/moveit_core/lib/libmoveit_planning_interface.so.2.14.1" to ""
[3007.949s] -- Installing: /home/luka/ws_moveit/install/moveit_core/lib/libmoveit_planning_interface.so
[3007.950s] -- Installing: /home/luka/ws_moveit/install/moveit_core/lib/libmoveit_planning_scene.so.2.14.1
[3007.951s] -- Set non-toolchain portion of runtime path of "/home/luka/ws_moveit/install/moveit_core/lib/libmoveit_planning_scene.so.2.14.1" to ""
[3007.952s] -- Installing: /home/luka/ws_moveit/install/moveit_core/lib/libmoveit_planning_scene.so
[3007.952s] -- Installing: /home/luka/ws_moveit/install/moveit_core/lib/libmoveit_robot_model.so.2.14.1
[3007.955s] -- Set non-toolchain portion of runtime path of "/home/luka/ws_moveit/install/moveit_core/lib/libmoveit_robot_model.so.2.14.1" to ""
[3007.956s] -- Installing: /home/luka/ws_moveit/install/moveit_core/lib/libmoveit_robot_model.so
[3007.957s] -- Installing: /home/luka/ws_moveit/install/moveit_core/lib/libmoveit_robot_state.so.2.14.1
[3007.960s] -- Set non-toolchain portion of runtime path of "/home/luka/ws_moveit/install/moveit_core/lib/libmoveit_robot_state.so.2.14.1" to ""
[3007.961s] -- Installing: /home/luka/ws_moveit/install/moveit_core/lib/libmoveit_robot_state.so
[3007.962s] -- Installing: /home/luka/ws_moveit/install/moveit_core/lib/libmoveit_robot_trajectory.so.2.14.1
[3007.963s] -- Set non-toolchain portion of runtime path of "/home/luka/ws_moveit/install/moveit_core/lib/libmoveit_robot_trajectory.so.2.14.1" to ""
[3007.964s] -- Installing: /home/luka/ws_moveit/install/moveit_core/lib/libmoveit_robot_trajectory.so
[3007.965s] -- Installing: /home/luka/ws_moveit/install/moveit_core/lib/libmoveit_smoothing_base.so.2.14.1
[3007.965s] -- Set non-toolchain portion of runtime path of "/home/luka/ws_moveit/install/moveit_core/lib/libmoveit_smoothing_base.so.2.14.1" to ""
[3007.966s] -- Installing: /home/luka/ws_moveit/install/moveit_core/lib/libmoveit_smoothing_base.so
[3007.966s] -- Installing: /home/luka/ws_moveit/install/moveit_core/lib/libmoveit_test_utils.so.2.14.1
[3007.970s] -- Set non-toolchain portion of runtime path of "/home/luka/ws_moveit/install/moveit_core/lib/libmoveit_test_utils.so.2.14.1" to ""
[3007.970s] -- Installing: /home/luka/ws_moveit/install/moveit_core/lib/libmoveit_test_utils.so
[3007.970s] -- Installing: /home/luka/ws_moveit/install/moveit_core/lib/libmoveit_trajectory_processing.so.2.14.1
[3007.973s] -- Set non-toolchain portion of runtime path of "/home/luka/ws_moveit/install/moveit_core/lib/libmoveit_trajectory_processing.so.2.14.1" to ""
[3007.974s] -- Installing: /home/luka/ws_moveit/install/moveit_core/lib/libmoveit_trajectory_processing.so
[3007.974s] -- Installing: /home/luka/ws_moveit/install/moveit_core/lib/libmoveit_transforms.so.2.14.1
[3007.975s] -- Set non-toolchain portion of runtime path of "/home/luka/ws_moveit/install/moveit_core/lib/libmoveit_transforms.so.2.14.1" to ""
[3007.976s] -- Installing: /home/luka/ws_moveit/install/moveit_core/lib/libmoveit_transforms.so
[3007.976s] -- Installing: /home/luka/ws_moveit/install/moveit_core/lib/libmoveit_utils.so.2.14.1
[3007.978s] -- Set non-toolchain portion of runtime path of "/home/luka/ws_moveit/install/moveit_core/lib/libmoveit_utils.so.2.14.1" to ""
[3007.979s] -- Installing: /home/luka/ws_moveit/install/moveit_core/lib/libmoveit_utils.so
[3007.979s] -- Installing: /home/luka/ws_moveit/install/moveit_core/lib/libcollision_detector_bullet_plugin.so.2.14.1
[3007.981s] -- Set non-toolchain portion of runtime path of "/home/luka/ws_moveit/install/moveit_core/lib/libcollision_detector_bullet_plugin.so.2.14.1" to ""
[3007.982s] -- Installing: /home/luka/ws_moveit/install/moveit_core/lib/libcollision_detector_bullet_plugin.so
[3007.982s] -- Installing: /home/luka/ws_moveit/install/moveit_core/lib/libcollision_detector_fcl_plugin.so.2.14.1
[3007.984s] -- Set non-toolchain portion of runtime path of "/home/luka/ws_moveit/install/moveit_core/lib/libcollision_detector_fcl_plugin.so.2.14.1" to ""
[3007.984s] -- Installing: /home/luka/ws_moveit/install/moveit_core/lib/libcollision_detector_fcl_plugin.so
[3007.985s] -- Installing: /home/luka/ws_moveit/install/moveit_core/lib/libmoveit_acceleration_filter.so.2.14.1
[3007.986s] -- Set non-toolchain portion of runtime path of "/home/luka/ws_moveit/install/moveit_core/lib/libmoveit_acceleration_filter.so.2.14.1" to ""
[3007.987s] -- Installing: /home/luka/ws_moveit/install/moveit_core/lib/libmoveit_acceleration_filter.so
[3007.988s] -- Installing: /home/luka/ws_moveit/install/moveit_core/lib/libmoveit_butterworth_filter.so.2.14.1
[3007.989s] -- Set non-toolchain portion of runtime path of "/home/luka/ws_moveit/install/moveit_core/lib/libmoveit_butterworth_filter.so.2.14.1" to ""
[3007.989s] -- Installing: /home/luka/ws_moveit/install/moveit_core/lib/libmoveit_butterworth_filter.so
[3007.990s] -- Installing: /home/luka/ws_moveit/install/moveit_core/lib/libmoveit_ruckig_filter.so.2.14.1
[3007.992s] -- Set non-toolchain portion of runtime path of "/home/luka/ws_moveit/install/moveit_core/lib/libmoveit_ruckig_filter.so.2.14.1" to ""
[3007.993s] -- Installing: /home/luka/ws_moveit/install/moveit_core/lib/libmoveit_ruckig_filter.so
[3007.994s] -- Installing: /home/luka/ws_moveit/install/moveit_core/share/moveit_core/environment/library_path.sh
[3007.995s] -- Installing: /home/luka/ws_moveit/install/moveit_core/share/moveit_core/environment/library_path.dsv
[3007.996s] -- Installing: /home/luka/ws_moveit/install/moveit_core/share/moveit_core/collision_detector_fcl_description.xml
[3007.996s] -- Installing: /home/luka/ws_moveit/install/moveit_core/share/moveit_core/collision_detector_bullet_description.xml
[3007.996s] -- Installing: /home/luka/ws_moveit/install/moveit_core/share/moveit_core/filter_plugin_acceleration.xml
[3007.997s] -- Installing: /home/luka/ws_moveit/install/moveit_core/share/moveit_core/filter_plugin_butterworth.xml
[3007.997s] -- Installing: /home/luka/ws_moveit/install/moveit_core/share/moveit_core/filter_plugin_ruckig.xml
[3007.998s] -- Installing: /home/luka/ws_moveit/install/moveit_core/share/ament_index/resource_index/package_run_dependencies/moveit_core
[3007.999s] -- Installing: /home/luka/ws_moveit/install/moveit_core/share/ament_index/resource_index/parent_prefix_path/moveit_core
[3008.000s] -- Installing: /home/luka/ws_moveit/install/moveit_core/share/moveit_core/environment/ament_prefix_path.sh
[3008.000s] -- Installing: /home/luka/ws_moveit/install/moveit_core/share/moveit_core/environment/ament_prefix_path.dsv
[3008.001s] -- Installing: /home/luka/ws_moveit/install/moveit_core/share/moveit_core/environment/path.sh
[3008.001s] -- Installing: /home/luka/ws_moveit/install/moveit_core/share/moveit_core/environment/path.dsv
[3008.002s] -- Installing: /home/luka/ws_moveit/install/moveit_core/share/moveit_core/local_setup.bash
[3008.002s] -- Installing: /home/luka/ws_moveit/install/moveit_core/share/moveit_core/local_setup.sh
[3008.003s] -- Installing: /home/luka/ws_moveit/install/moveit_core/share/moveit_core/local_setup.zsh
[3008.004s] -- Installing: /home/luka/ws_moveit/install/moveit_core/share/moveit_core/local_setup.dsv
[3008.005s] -- Installing: /home/luka/ws_moveit/install/moveit_core/share/moveit_core/package.dsv
[3008.006s] -- Installing: /home/luka/ws_moveit/install/moveit_core/share/ament_index/resource_index/packages/moveit_core
[3008.007s] -- Installing: /home/luka/ws_moveit/install/moveit_core/share/ament_index/resource_index/moveit_core__pluginlib__plugin/moveit_core
[3008.008s] -- Installing: /home/luka/ws_moveit/install/moveit_core/share/moveit_core/cmake/moveit_coreTargetsExport.cmake
[3008.009s] -- Installing: /home/luka/ws_moveit/install/moveit_core/share/moveit_core/cmake/moveit_coreTargetsExport-release.cmake
[3008.010s] -- Installing: /home/luka/ws_moveit/install/moveit_core/share/moveit_core/cmake/ConfigExtras.cmake
[3008.010s] -- Installing: /home/luka/ws_moveit/install/moveit_core/share/moveit_core/cmake/ament_cmake_export_targets-extras.cmake
[3008.011s] -- Installing: /home/luka/ws_moveit/install/moveit_core/share/moveit_core/cmake/ament_cmake_export_dependencies-extras.cmake
[3008.012s] -- Installing: /home/luka/ws_moveit/install/moveit_core/share/moveit_core/cmake/moveit_coreConfig.cmake
[3008.013s] -- Installing: /home/luka/ws_moveit/install/moveit_core/share/moveit_core/cmake/moveit_coreConfig-version.cmake
[3008.013s] -- Installing: /home/luka/ws_moveit/install/moveit_core/share/moveit_core/package.xml
[3008.020s] Invoked command in '/home/luka/ws_moveit/build/moveit_core' returned '0': AMENT_PREFIX_PATH=/home/luka/ws_moveit/install/moveit_resources_panda_moveit_config:/home/luka/ws_moveit/install/moveit_resources_pr2_description:/home/luka/ws_moveit/install/moveit_resources_panda_description:/home/luka/ws_moveit/install/moveit_msgs:/home/luka/ws_moveit/install/moveit_common:${AMENT_PREFIX_PATH} CMAKE_PREFIX_PATH=/home/luka/ws_moveit/install/moveit_resources_panda_moveit_config:/home/luka/ws_moveit/install/moveit_resources_pr2_description:/home/luka/ws_moveit/install/moveit_resources_panda_description:/home/luka/ws_moveit/install/moveit_msgs:/home/luka/ws_moveit/install/moveit_common:/opt/ros/jazzy/opt/gz_sim_vendor:/opt/ros/jazzy/opt/gz_sensors_vendor:/opt/ros/jazzy/opt/gz_physics_vendor:/opt/ros/jazzy/opt/sdformat_vendor:/opt/ros/jazzy/opt/gz_gui_vendor:/opt/ros/jazzy/opt/gz_transport_vendor:/opt/ros/jazzy/opt/gz_rendering_vendor:/opt/ros/jazzy/opt/gz_plugin_vendor:/opt/ros/jazzy/opt/gz_fuel_tools_vendor:/opt/ros/jazzy/opt/gz_msgs_vendor:/opt/ros/jazzy/opt/gz_common_vendor:/opt/ros/jazzy/opt/gz_math_vendor:/opt/ros/jazzy/opt/gz_utils_vendor:/opt/ros/jazzy/opt/gz_tools_vendor:/opt/ros/jazzy/opt/gz_ogre_next_vendor:/opt/ros/jazzy/opt/gz_dartsim_vendor:/opt/ros/jazzy/opt/gz_cmake_vendor:/opt/ros/jazzy DEBUGINFOD_URLS=https://debuginfod.ubuntu.com LD_LIBRARY_PATH=/home/luka/ws_moveit/install/moveit_msgs/lib:${LD_LIBRARY_PATH} PYTHONPATH=/home/luka/ws_moveit/install/moveit_msgs/lib/python3.12/site-packages:${PYTHONPATH} /usr/bin/cmake --install /home/luka/ws_moveit/build/moveit_core
