[0.029s] Invoking command in '/home/luka/ws_moveit/build/moveit_planners_ompl': AMENT_PREFIX_PATH=/home/luka/ws_moveit/install/moveit_ros_planning:/home/luka/ws_moveit/install/moveit_ros_occupancy_map_monitor:/home/luka/ws_moveit/install/moveit_core:/home/luka/ws_moveit/install/moveit_resources_panda_moveit_config:/home/luka/ws_moveit/install/moveit_resources_fanuc_moveit_config:/home/luka/ws_moveit/install/moveit_resources_pr2_description:/home/luka/ws_moveit/install/moveit_resources_panda_description:/home/luka/ws_moveit/install/moveit_resources_fanuc_description:/home/luka/ws_moveit/install/moveit_msgs:/home/luka/ws_moveit/install/moveit_configs_utils:/home/luka/ws_moveit/install/moveit_common:${AMENT_PREFIX_PATH} CMAKE_PREFIX_PATH=/home/luka/ws_moveit/install/moveit_ros_planning:/home/luka/ws_moveit/install/moveit_ros_occupancy_map_monitor:/home/luka/ws_moveit/install/moveit_core:/home/luka/ws_moveit/install/moveit_resources_panda_moveit_config:/home/luka/ws_moveit/install/moveit_resources_fanuc_moveit_config:/home/luka/ws_moveit/install/moveit_resources_pr2_description:/home/luka/ws_moveit/install/moveit_resources_panda_description:/home/luka/ws_moveit/install/moveit_resources_fanuc_description:/home/luka/ws_moveit/install/moveit_msgs:/home/luka/ws_moveit/install/moveit_common:/opt/ros/jazzy/opt/gz_sim_vendor:/opt/ros/jazzy/opt/gz_sensors_vendor:/opt/ros/jazzy/opt/gz_physics_vendor:/opt/ros/jazzy/opt/sdformat_vendor:/opt/ros/jazzy/opt/gz_gui_vendor:/opt/ros/jazzy/opt/gz_transport_vendor:/opt/ros/jazzy/opt/gz_rendering_vendor:/opt/ros/jazzy/opt/gz_plugin_vendor:/opt/ros/jazzy/opt/gz_fuel_tools_vendor:/opt/ros/jazzy/opt/gz_msgs_vendor:/opt/ros/jazzy/opt/gz_common_vendor:/opt/ros/jazzy/opt/gz_math_vendor:/opt/ros/jazzy/opt/gz_utils_vendor:/opt/ros/jazzy/opt/gz_tools_vendor:/opt/ros/jazzy/opt/gz_ogre_next_vendor:/opt/ros/jazzy/opt/gz_dartsim_vendor:/opt/ros/jazzy/opt/gz_cmake_vendor:/opt/ros/jazzy DEBUGINFOD_URLS=https://debuginfod.ubuntu.com LD_LIBRARY_PATH=/home/luka/ws_moveit/install/moveit_ros_planning/lib:/home/luka/ws_moveit/install/moveit_ros_occupancy_map_monitor/lib:/home/luka/ws_moveit/install/moveit_core/lib:/home/luka/ws_moveit/install/moveit_msgs/lib:${LD_LIBRARY_PATH} PATH=/home/luka/ws_moveit/install/moveit_core/bin:${PATH} PYTHONPATH=/home/luka/ws_moveit/install/moveit_msgs/lib/python3.12/site-packages:/home/luka/ws_moveit/install/moveit_configs_utils/lib/python3.12/site-packages:${PYTHONPATH} /usr/bin/cmake --build /home/luka/ws_moveit/build/moveit_planners_ompl -- -j4 -l4
[0.206s] [  2%] [32m[1mLinking CXX shared library libmoveit_ompl_interface.so[0m
[1.036s] [ 50%] Built target moveit_ompl_interface
[1.074s] [ 55%] Built target gtest
[1.130s] [ 57%] [32m[1mLinking CXX shared library libmoveit_ompl_planner_plugin.so[0m
[1.729s] [ 60%] Built target moveit_ompl_planner_plugin
[1.789s] [ 62%] [32m[1mLinking CXX executable generate_state_database[0m
[2.441s] [ 65%] Built target moveit_generate_state_database
[2.473s] [ 70%] Built target gtest_main
[2.522s] [ 72%] [32m[1mLinking CXX executable test_state_space[0m
[3.270s] [ 75%] Built target test_state_space
[3.315s] [ 77%] [32m[1mLinking CXX executable test_constrained_planning_state_space[0m
[4.073s] [ 80%] Built target test_constrained_planning_state_space
[4.124s] [ 82%] [32m[1mLinking CXX executable test_constrained_state_validity_checker[0m
[4.873s] [ 85%] Built target test_constrained_state_validity_checker
[4.918s] [ 87%] [32m[1mLinking CXX executable test_threadsafe_state_storage[0m
[4.927s] [ 90%] [32m[1mLinking CXX executable test_planning_context_manager[0m
[5.632s] [ 92%] Built target test_threadsafe_state_storage
[5.696s] [ 95%] [32m[1mLinking CXX executable test_state_validity_checker[0m
[5.755s] [ 97%] Built target test_planning_context_manager
[6.490s] [100%] Built target test_state_validity_checker
[6.505s] Invoked command in '/home/luka/ws_moveit/build/moveit_planners_ompl' returned '0': AMENT_PREFIX_PATH=/home/luka/ws_moveit/install/moveit_ros_planning:/home/luka/ws_moveit/install/moveit_ros_occupancy_map_monitor:/home/luka/ws_moveit/install/moveit_core:/home/luka/ws_moveit/install/moveit_resources_panda_moveit_config:/home/luka/ws_moveit/install/moveit_resources_fanuc_moveit_config:/home/luka/ws_moveit/install/moveit_resources_pr2_description:/home/luka/ws_moveit/install/moveit_resources_panda_description:/home/luka/ws_moveit/install/moveit_resources_fanuc_description:/home/luka/ws_moveit/install/moveit_msgs:/home/luka/ws_moveit/install/moveit_configs_utils:/home/luka/ws_moveit/install/moveit_common:${AMENT_PREFIX_PATH} CMAKE_PREFIX_PATH=/home/luka/ws_moveit/install/moveit_ros_planning:/home/luka/ws_moveit/install/moveit_ros_occupancy_map_monitor:/home/luka/ws_moveit/install/moveit_core:/home/luka/ws_moveit/install/moveit_resources_panda_moveit_config:/home/luka/ws_moveit/install/moveit_resources_fanuc_moveit_config:/home/luka/ws_moveit/install/moveit_resources_pr2_description:/home/luka/ws_moveit/install/moveit_resources_panda_description:/home/luka/ws_moveit/install/moveit_resources_fanuc_description:/home/luka/ws_moveit/install/moveit_msgs:/home/luka/ws_moveit/install/moveit_common:/opt/ros/jazzy/opt/gz_sim_vendor:/opt/ros/jazzy/opt/gz_sensors_vendor:/opt/ros/jazzy/opt/gz_physics_vendor:/opt/ros/jazzy/opt/sdformat_vendor:/opt/ros/jazzy/opt/gz_gui_vendor:/opt/ros/jazzy/opt/gz_transport_vendor:/opt/ros/jazzy/opt/gz_rendering_vendor:/opt/ros/jazzy/opt/gz_plugin_vendor:/opt/ros/jazzy/opt/gz_fuel_tools_vendor:/opt/ros/jazzy/opt/gz_msgs_vendor:/opt/ros/jazzy/opt/gz_common_vendor:/opt/ros/jazzy/opt/gz_math_vendor:/opt/ros/jazzy/opt/gz_utils_vendor:/opt/ros/jazzy/opt/gz_tools_vendor:/opt/ros/jazzy/opt/gz_ogre_next_vendor:/opt/ros/jazzy/opt/gz_dartsim_vendor:/opt/ros/jazzy/opt/gz_cmake_vendor:/opt/ros/jazzy DEBUGINFOD_URLS=https://debuginfod.ubuntu.com LD_LIBRARY_PATH=/home/luka/ws_moveit/install/moveit_ros_planning/lib:/home/luka/ws_moveit/install/moveit_ros_occupancy_map_monitor/lib:/home/luka/ws_moveit/install/moveit_core/lib:/home/luka/ws_moveit/install/moveit_msgs/lib:${LD_LIBRARY_PATH} PATH=/home/luka/ws_moveit/install/moveit_core/bin:${PATH} PYTHONPATH=/home/luka/ws_moveit/install/moveit_msgs/lib/python3.12/site-packages:/home/luka/ws_moveit/install/moveit_configs_utils/lib/python3.12/site-packages:${PYTHONPATH} /usr/bin/cmake --build /home/luka/ws_moveit/build/moveit_planners_ompl -- -j4 -l4
[6.507s] Invoking command in '/home/luka/ws_moveit/build/moveit_planners_ompl': AMENT_PREFIX_PATH=/home/luka/ws_moveit/install/moveit_ros_planning:/home/luka/ws_moveit/install/moveit_ros_occupancy_map_monitor:/home/luka/ws_moveit/install/moveit_core:/home/luka/ws_moveit/install/moveit_resources_panda_moveit_config:/home/luka/ws_moveit/install/moveit_resources_fanuc_moveit_config:/home/luka/ws_moveit/install/moveit_resources_pr2_description:/home/luka/ws_moveit/install/moveit_resources_panda_description:/home/luka/ws_moveit/install/moveit_resources_fanuc_description:/home/luka/ws_moveit/install/moveit_msgs:/home/luka/ws_moveit/install/moveit_configs_utils:/home/luka/ws_moveit/install/moveit_common:${AMENT_PREFIX_PATH} CMAKE_PREFIX_PATH=/home/luka/ws_moveit/install/moveit_ros_planning:/home/luka/ws_moveit/install/moveit_ros_occupancy_map_monitor:/home/luka/ws_moveit/install/moveit_core:/home/luka/ws_moveit/install/moveit_resources_panda_moveit_config:/home/luka/ws_moveit/install/moveit_resources_fanuc_moveit_config:/home/luka/ws_moveit/install/moveit_resources_pr2_description:/home/luka/ws_moveit/install/moveit_resources_panda_description:/home/luka/ws_moveit/install/moveit_resources_fanuc_description:/home/luka/ws_moveit/install/moveit_msgs:/home/luka/ws_moveit/install/moveit_common:/opt/ros/jazzy/opt/gz_sim_vendor:/opt/ros/jazzy/opt/gz_sensors_vendor:/opt/ros/jazzy/opt/gz_physics_vendor:/opt/ros/jazzy/opt/sdformat_vendor:/opt/ros/jazzy/opt/gz_gui_vendor:/opt/ros/jazzy/opt/gz_transport_vendor:/opt/ros/jazzy/opt/gz_rendering_vendor:/opt/ros/jazzy/opt/gz_plugin_vendor:/opt/ros/jazzy/opt/gz_fuel_tools_vendor:/opt/ros/jazzy/opt/gz_msgs_vendor:/opt/ros/jazzy/opt/gz_common_vendor:/opt/ros/jazzy/opt/gz_math_vendor:/opt/ros/jazzy/opt/gz_utils_vendor:/opt/ros/jazzy/opt/gz_tools_vendor:/opt/ros/jazzy/opt/gz_ogre_next_vendor:/opt/ros/jazzy/opt/gz_dartsim_vendor:/opt/ros/jazzy/opt/gz_cmake_vendor:/opt/ros/jazzy DEBUGINFOD_URLS=https://debuginfod.ubuntu.com LD_LIBRARY_PATH=/home/luka/ws_moveit/install/moveit_ros_planning/lib:/home/luka/ws_moveit/install/moveit_ros_occupancy_map_monitor/lib:/home/luka/ws_moveit/install/moveit_core/lib:/home/luka/ws_moveit/install/moveit_msgs/lib:${LD_LIBRARY_PATH} PATH=/home/luka/ws_moveit/install/moveit_core/bin:${PATH} PYTHONPATH=/home/luka/ws_moveit/install/moveit_msgs/lib/python3.12/site-packages:/home/luka/ws_moveit/install/moveit_configs_utils/lib/python3.12/site-packages:${PYTHONPATH} /usr/bin/cmake --install /home/luka/ws_moveit/build/moveit_planners_ompl
[6.517s] -- Install configuration: "Release"
[6.519s] -- Installing: /home/luka/ws_moveit/install/moveit_planners_ompl/lib/moveit_planners_ompl/generate_state_database
[6.520s] -- Set non-toolchain portion of runtime path of "/home/luka/ws_moveit/install/moveit_planners_ompl/lib/moveit_planners_ompl/generate_state_database" to ""
[6.520s] -- Up-to-date: /home/luka/ws_moveit/install/moveit_planners_ompl/include/moveit_planners
[6.520s] -- Up-to-date: /home/luka/ws_moveit/install/moveit_planners_ompl/include/moveit_planners/moveit
[6.520s] -- Up-to-date: /home/luka/ws_moveit/install/moveit_planners_ompl/include/moveit_planners/moveit/ompl_interface
[6.521s] -- Up-to-date: /home/luka/ws_moveit/install/moveit_planners_ompl/include/moveit_planners/moveit/ompl_interface/planning_context_manager.h
[6.521s] -- Up-to-date: /home/luka/ws_moveit/install/moveit_planners_ompl/include/moveit_planners/moveit/ompl_interface/detail
[6.521s] -- Up-to-date: /home/luka/ws_moveit/install/moveit_planners_ompl/include/moveit_planners/moveit/ompl_interface/detail/constraints_library.hpp
[6.521s] -- Up-to-date: /home/luka/ws_moveit/install/moveit_planners_ompl/include/moveit_planners/moveit/ompl_interface/detail/constrained_goal_sampler.h
[6.521s] -- Up-to-date: /home/luka/ws_moveit/install/moveit_planners_ompl/include/moveit_planners/moveit/ompl_interface/detail/projection_evaluators.h
[6.522s] -- Up-to-date: /home/luka/ws_moveit/install/moveit_planners_ompl/include/moveit_planners/moveit/ompl_interface/detail/projection_evaluators.hpp
[6.522s] -- Up-to-date: /home/luka/ws_moveit/install/moveit_planners_ompl/include/moveit_planners/moveit/ompl_interface/detail/state_validity_checker.hpp
[6.522s] -- Up-to-date: /home/luka/ws_moveit/install/moveit_planners_ompl/include/moveit_planners/moveit/ompl_interface/detail/constrained_goal_sampler.hpp
[6.522s] -- Up-to-date: /home/luka/ws_moveit/install/moveit_planners_ompl/include/moveit_planners/moveit/ompl_interface/detail/goal_union.hpp
[6.522s] -- Up-to-date: /home/luka/ws_moveit/install/moveit_planners_ompl/include/moveit_planners/moveit/ompl_interface/detail/constraints_library.h
[6.522s] -- Up-to-date: /home/luka/ws_moveit/install/moveit_planners_ompl/include/moveit_planners/moveit/ompl_interface/detail/constrained_sampler.hpp
[6.523s] -- Up-to-date: /home/luka/ws_moveit/install/moveit_planners_ompl/include/moveit_planners/moveit/ompl_interface/detail/state_validity_checker.h
[6.523s] -- Up-to-date: /home/luka/ws_moveit/install/moveit_planners_ompl/include/moveit_planners/moveit/ompl_interface/detail/threadsafe_state_storage.h
[6.523s] -- Up-to-date: /home/luka/ws_moveit/install/moveit_planners_ompl/include/moveit_planners/moveit/ompl_interface/detail/constraint_approximations.hpp
[6.523s] -- Up-to-date: /home/luka/ws_moveit/install/moveit_planners_ompl/include/moveit_planners/moveit/ompl_interface/detail/ompl_constraints.hpp
[6.523s] -- Up-to-date: /home/luka/ws_moveit/install/moveit_planners_ompl/include/moveit_planners/moveit/ompl_interface/detail/ompl_constraints.h
[6.524s] -- Up-to-date: /home/luka/ws_moveit/install/moveit_planners_ompl/include/moveit_planners/moveit/ompl_interface/detail/goal_union.h
[6.524s] -- Up-to-date: /home/luka/ws_moveit/install/moveit_planners_ompl/include/moveit_planners/moveit/ompl_interface/detail/constrained_sampler.h
[6.524s] -- Up-to-date: /home/luka/ws_moveit/install/moveit_planners_ompl/include/moveit_planners/moveit/ompl_interface/detail/threadsafe_state_storage.hpp
[6.524s] -- Up-to-date: /home/luka/ws_moveit/install/moveit_planners_ompl/include/moveit_planners/moveit/ompl_interface/detail/constraint_approximations.h
[6.524s] -- Up-to-date: /home/luka/ws_moveit/install/moveit_planners_ompl/include/moveit_planners/moveit/ompl_interface/ompl_interface.h
[6.524s] -- Up-to-date: /home/luka/ws_moveit/install/moveit_planners_ompl/include/moveit_planners/moveit/ompl_interface/planning_context_manager.hpp
[6.524s] -- Up-to-date: /home/luka/ws_moveit/install/moveit_planners_ompl/include/moveit_planners/moveit/ompl_interface/ompl_interface.hpp
[6.524s] -- Up-to-date: /home/luka/ws_moveit/install/moveit_planners_ompl/include/moveit_planners/moveit/ompl_interface/model_based_planning_context.h
[6.525s] -- Up-to-date: /home/luka/ws_moveit/install/moveit_planners_ompl/include/moveit_planners/moveit/ompl_interface/parameterization
[6.525s] -- Up-to-date: /home/luka/ws_moveit/install/moveit_planners_ompl/include/moveit_planners/moveit/ompl_interface/parameterization/model_based_state_space_factory.h
[6.525s] -- Up-to-date: /home/luka/ws_moveit/install/moveit_planners_ompl/include/moveit_planners/moveit/ompl_interface/parameterization/joint_space
[6.525s] -- Up-to-date: /home/luka/ws_moveit/install/moveit_planners_ompl/include/moveit_planners/moveit/ompl_interface/parameterization/joint_space/constrained_planning_state_space_factory.h
[6.525s] -- Up-to-date: /home/luka/ws_moveit/install/moveit_planners_ompl/include/moveit_planners/moveit/ompl_interface/parameterization/joint_space/joint_model_state_space_factory.hpp
[6.525s] -- Up-to-date: /home/luka/ws_moveit/install/moveit_planners_ompl/include/moveit_planners/moveit/ompl_interface/parameterization/joint_space/constrained_planning_state_space.h
[6.525s] -- Up-to-date: /home/luka/ws_moveit/install/moveit_planners_ompl/include/moveit_planners/moveit/ompl_interface/parameterization/joint_space/joint_model_state_space_factory.h
[6.525s] -- Up-to-date: /home/luka/ws_moveit/install/moveit_planners_ompl/include/moveit_planners/moveit/ompl_interface/parameterization/joint_space/constrained_planning_state_space_factory.hpp
[6.526s] -- Up-to-date: /home/luka/ws_moveit/install/moveit_planners_ompl/include/moveit_planners/moveit/ompl_interface/parameterization/joint_space/joint_model_state_space.h
[6.526s] -- Up-to-date: /home/luka/ws_moveit/install/moveit_planners_ompl/include/moveit_planners/moveit/ompl_interface/parameterization/joint_space/constrained_planning_state_space.hpp
[6.526s] -- Up-to-date: /home/luka/ws_moveit/install/moveit_planners_ompl/include/moveit_planners/moveit/ompl_interface/parameterization/joint_space/joint_model_state_space.hpp
[6.526s] -- Up-to-date: /home/luka/ws_moveit/install/moveit_planners_ompl/include/moveit_planners/moveit/ompl_interface/parameterization/model_based_state_space_factory.hpp
[6.526s] -- Up-to-date: /home/luka/ws_moveit/install/moveit_planners_ompl/include/moveit_planners/moveit/ompl_interface/parameterization/work_space
[6.526s] -- Up-to-date: /home/luka/ws_moveit/install/moveit_planners_ompl/include/moveit_planners/moveit/ompl_interface/parameterization/work_space/pose_model_state_space_factory.h
[6.527s] -- Up-to-date: /home/luka/ws_moveit/install/moveit_planners_ompl/include/moveit_planners/moveit/ompl_interface/parameterization/work_space/pose_model_state_space_factory.hpp
[6.527s] -- Up-to-date: /home/luka/ws_moveit/install/moveit_planners_ompl/include/moveit_planners/moveit/ompl_interface/parameterization/work_space/pose_model_state_space.h
[6.527s] -- Up-to-date: /home/luka/ws_moveit/install/moveit_planners_ompl/include/moveit_planners/moveit/ompl_interface/parameterization/work_space/pose_model_state_space.hpp
[6.527s] -- Up-to-date: /home/luka/ws_moveit/install/moveit_planners_ompl/include/moveit_planners/moveit/ompl_interface/parameterization/model_based_state_space.hpp
[6.527s] -- Up-to-date: /home/luka/ws_moveit/install/moveit_planners_ompl/include/moveit_planners/moveit/ompl_interface/parameterization/model_based_state_space.h
[6.527s] -- Up-to-date: /home/luka/ws_moveit/install/moveit_planners_ompl/include/moveit_planners/moveit/ompl_interface/model_based_planning_context.hpp
[6.528s] -- Installing: /home/luka/ws_moveit/install/moveit_planners_ompl/lib/libmoveit_ompl_interface.so.2.14.1
[6.528s] -- Set non-toolchain portion of runtime path of "/home/luka/ws_moveit/install/moveit_planners_ompl/lib/libmoveit_ompl_interface.so.2.14.1" to ""
[6.528s] -- Up-to-date: /home/luka/ws_moveit/install/moveit_planners_ompl/lib/libmoveit_ompl_interface.so
[6.528s] -- Installing: /home/luka/ws_moveit/install/moveit_planners_ompl/lib/libmoveit_ompl_planner_plugin.so.2.14.1
[6.528s] -- Set non-toolchain portion of runtime path of "/home/luka/ws_moveit/install/moveit_planners_ompl/lib/libmoveit_ompl_planner_plugin.so.2.14.1" to ""
[6.529s] -- Up-to-date: /home/luka/ws_moveit/install/moveit_planners_ompl/lib/libmoveit_ompl_planner_plugin.so
[6.529s] -- Up-to-date: /home/luka/ws_moveit/install/moveit_planners_ompl/share/moveit_planners_ompl/environment/library_path.sh
[6.529s] -- Up-to-date: /home/luka/ws_moveit/install/moveit_planners_ompl/share/moveit_planners_ompl/environment/library_path.dsv
[6.529s] -- Up-to-date: /home/luka/ws_moveit/install/moveit_planners_ompl/share/moveit_planners_ompl/ompl_interface_plugin_description.xml
[6.529s] -- Up-to-date: /home/luka/ws_moveit/install/moveit_planners_ompl/share/ament_index/resource_index/package_run_dependencies/moveit_planners_ompl
[6.529s] -- Up-to-date: /home/luka/ws_moveit/install/moveit_planners_ompl/share/ament_index/resource_index/parent_prefix_path/moveit_planners_ompl
[6.530s] -- Up-to-date: /home/luka/ws_moveit/install/moveit_planners_ompl/share/moveit_planners_ompl/environment/ament_prefix_path.sh
[6.530s] -- Up-to-date: /home/luka/ws_moveit/install/moveit_planners_ompl/share/moveit_planners_ompl/environment/ament_prefix_path.dsv
[6.530s] -- Up-to-date: /home/luka/ws_moveit/install/moveit_planners_ompl/share/moveit_planners_ompl/environment/path.sh
[6.530s] -- Up-to-date: /home/luka/ws_moveit/install/moveit_planners_ompl/share/moveit_planners_ompl/environment/path.dsv
[6.530s] -- Up-to-date: /home/luka/ws_moveit/install/moveit_planners_ompl/share/moveit_planners_ompl/local_setup.bash
[6.530s] -- Up-to-date: /home/luka/ws_moveit/install/moveit_planners_ompl/share/moveit_planners_ompl/local_setup.sh
[6.531s] -- Up-to-date: /home/luka/ws_moveit/install/moveit_planners_ompl/share/moveit_planners_ompl/local_setup.zsh
[6.531s] -- Up-to-date: /home/luka/ws_moveit/install/moveit_planners_ompl/share/moveit_planners_ompl/local_setup.dsv
[6.531s] -- Installing: /home/luka/ws_moveit/install/moveit_planners_ompl/share/moveit_planners_ompl/package.dsv
[6.531s] -- Up-to-date: /home/luka/ws_moveit/install/moveit_planners_ompl/share/ament_index/resource_index/packages/moveit_planners_ompl
[6.531s] -- Up-to-date: /home/luka/ws_moveit/install/moveit_planners_ompl/share/ament_index/resource_index/moveit_core__pluginlib__plugin/moveit_planners_ompl
[6.531s] -- Up-to-date: /home/luka/ws_moveit/install/moveit_planners_ompl/share/moveit_planners_ompl/cmake/moveit_planners_omplTargetsExport.cmake
[6.532s] -- Up-to-date: /home/luka/ws_moveit/install/moveit_planners_ompl/share/moveit_planners_ompl/cmake/moveit_planners_omplTargetsExport-release.cmake
[6.532s] -- Up-to-date: /home/luka/ws_moveit/install/moveit_planners_ompl/share/moveit_planners_ompl/cmake/ament_cmake_export_targets-extras.cmake
[6.532s] -- Up-to-date: /home/luka/ws_moveit/install/moveit_planners_ompl/share/moveit_planners_ompl/cmake/ament_cmake_export_dependencies-extras.cmake
[6.532s] -- Up-to-date: /home/luka/ws_moveit/install/moveit_planners_ompl/share/moveit_planners_ompl/cmake/moveit_planners_omplConfig.cmake
[6.532s] -- Up-to-date: /home/luka/ws_moveit/install/moveit_planners_ompl/share/moveit_planners_ompl/cmake/moveit_planners_omplConfig-version.cmake
[6.532s] -- Up-to-date: /home/luka/ws_moveit/install/moveit_planners_ompl/share/moveit_planners_ompl/package.xml
[6.534s] Invoked command in '/home/luka/ws_moveit/build/moveit_planners_ompl' returned '0': AMENT_PREFIX_PATH=/home/luka/ws_moveit/install/moveit_ros_planning:/home/luka/ws_moveit/install/moveit_ros_occupancy_map_monitor:/home/luka/ws_moveit/install/moveit_core:/home/luka/ws_moveit/install/moveit_resources_panda_moveit_config:/home/luka/ws_moveit/install/moveit_resources_fanuc_moveit_config:/home/luka/ws_moveit/install/moveit_resources_pr2_description:/home/luka/ws_moveit/install/moveit_resources_panda_description:/home/luka/ws_moveit/install/moveit_resources_fanuc_description:/home/luka/ws_moveit/install/moveit_msgs:/home/luka/ws_moveit/install/moveit_configs_utils:/home/luka/ws_moveit/install/moveit_common:${AMENT_PREFIX_PATH} CMAKE_PREFIX_PATH=/home/luka/ws_moveit/install/moveit_ros_planning:/home/luka/ws_moveit/install/moveit_ros_occupancy_map_monitor:/home/luka/ws_moveit/install/moveit_core:/home/luka/ws_moveit/install/moveit_resources_panda_moveit_config:/home/luka/ws_moveit/install/moveit_resources_fanuc_moveit_config:/home/luka/ws_moveit/install/moveit_resources_pr2_description:/home/luka/ws_moveit/install/moveit_resources_panda_description:/home/luka/ws_moveit/install/moveit_resources_fanuc_description:/home/luka/ws_moveit/install/moveit_msgs:/home/luka/ws_moveit/install/moveit_common:/opt/ros/jazzy/opt/gz_sim_vendor:/opt/ros/jazzy/opt/gz_sensors_vendor:/opt/ros/jazzy/opt/gz_physics_vendor:/opt/ros/jazzy/opt/sdformat_vendor:/opt/ros/jazzy/opt/gz_gui_vendor:/opt/ros/jazzy/opt/gz_transport_vendor:/opt/ros/jazzy/opt/gz_rendering_vendor:/opt/ros/jazzy/opt/gz_plugin_vendor:/opt/ros/jazzy/opt/gz_fuel_tools_vendor:/opt/ros/jazzy/opt/gz_msgs_vendor:/opt/ros/jazzy/opt/gz_common_vendor:/opt/ros/jazzy/opt/gz_math_vendor:/opt/ros/jazzy/opt/gz_utils_vendor:/opt/ros/jazzy/opt/gz_tools_vendor:/opt/ros/jazzy/opt/gz_ogre_next_vendor:/opt/ros/jazzy/opt/gz_dartsim_vendor:/opt/ros/jazzy/opt/gz_cmake_vendor:/opt/ros/jazzy DEBUGINFOD_URLS=https://debuginfod.ubuntu.com LD_LIBRARY_PATH=/home/luka/ws_moveit/install/moveit_ros_planning/lib:/home/luka/ws_moveit/install/moveit_ros_occupancy_map_monitor/lib:/home/luka/ws_moveit/install/moveit_core/lib:/home/luka/ws_moveit/install/moveit_msgs/lib:${LD_LIBRARY_PATH} PATH=/home/luka/ws_moveit/install/moveit_core/bin:${PATH} PYTHONPATH=/home/luka/ws_moveit/install/moveit_msgs/lib/python3.12/site-packages:/home/luka/ws_moveit/install/moveit_configs_utils/lib/python3.12/site-packages:${PYTHONPATH} /usr/bin/cmake --install /home/luka/ws_moveit/build/moveit_planners_ompl
