[0.030s] Invoking command in '/home/luka/ws_moveit/build/moveit_ros_warehouse': AMENT_PREFIX_PATH=/home/luka/ws_moveit/install/moveit_ros_planning:/home/luka/ws_moveit/install/moveit_ros_occupancy_map_monitor:/home/luka/ws_moveit/install/moveit_core:/home/luka/ws_moveit/install/moveit_resources_panda_moveit_config:/home/luka/ws_moveit/install/moveit_resources_pr2_description:/home/luka/ws_moveit/install/moveit_resources_panda_description:/home/luka/ws_moveit/install/moveit_msgs:/home/luka/ws_moveit/install/moveit_configs_utils:/home/luka/ws_moveit/install/moveit_common:${AMENT_PREFIX_PATH} CMAKE_PREFIX_PATH=/home/luka/ws_moveit/install/moveit_ros_planning:/home/luka/ws_moveit/install/moveit_ros_occupancy_map_monitor:/home/luka/ws_moveit/install/moveit_core:/home/luka/ws_moveit/install/moveit_resources_panda_moveit_config:/home/luka/ws_moveit/install/moveit_resources_pr2_description:/home/luka/ws_moveit/install/moveit_resources_panda_description:/home/luka/ws_moveit/install/moveit_msgs:/home/luka/ws_moveit/install/moveit_common:/opt/ros/jazzy/opt/gz_sim_vendor:/opt/ros/jazzy/opt/gz_sensors_vendor:/opt/ros/jazzy/opt/gz_physics_vendor:/opt/ros/jazzy/opt/sdformat_vendor:/opt/ros/jazzy/opt/gz_gui_vendor:/opt/ros/jazzy/opt/gz_transport_vendor:/opt/ros/jazzy/opt/gz_rendering_vendor:/opt/ros/jazzy/opt/gz_plugin_vendor:/opt/ros/jazzy/opt/gz_fuel_tools_vendor:/opt/ros/jazzy/opt/gz_msgs_vendor:/opt/ros/jazzy/opt/gz_common_vendor:/opt/ros/jazzy/opt/gz_math_vendor:/opt/ros/jazzy/opt/gz_utils_vendor:/opt/ros/jazzy/opt/gz_tools_vendor:/opt/ros/jazzy/opt/gz_ogre_next_vendor:/opt/ros/jazzy/opt/gz_dartsim_vendor:/opt/ros/jazzy/opt/gz_cmake_vendor:/opt/ros/jazzy DEBUGINFOD_URLS=https://debuginfod.ubuntu.com LD_LIBRARY_PATH=/home/luka/ws_moveit/install/moveit_ros_planning/lib:/home/luka/ws_moveit/install/moveit_ros_occupancy_map_monitor/lib:/home/luka/ws_moveit/install/moveit_core/lib:/home/luka/ws_moveit/install/moveit_msgs/lib:${LD_LIBRARY_PATH} PATH=/home/luka/ws_moveit/install/moveit_core/bin:${PATH} PYTHONPATH=/home/luka/ws_moveit/install/moveit_msgs/lib/python3.12/site-packages:/home/luka/ws_moveit/install/moveit_configs_utils/lib/python3.12/site-packages:${PYTHONPATH} /usr/bin/cmake --build /home/luka/ws_moveit/build/moveit_ros_warehouse -- -j4 -l4
[0.150s] [ 40%] Built target moveit_warehouse
[0.223s] [ 50%] Built target moveit_warehouse_broadcast
[0.235s] [ 60%] Built target moveit_save_to_warehouse
[0.241s] [ 70%] Built target moveit_warehouse_import_from_text
[0.251s] [ 80%] Built target moveit_warehouse_save_as_text
[0.293s] [ 90%] Built target moveit_warehouse_services
[0.295s] [100%] Built target moveit_init_demo_warehouse
[0.310s] Invoked command in '/home/luka/ws_moveit/build/moveit_ros_warehouse' returned '0': AMENT_PREFIX_PATH=/home/luka/ws_moveit/install/moveit_ros_planning:/home/luka/ws_moveit/install/moveit_ros_occupancy_map_monitor:/home/luka/ws_moveit/install/moveit_core:/home/luka/ws_moveit/install/moveit_resources_panda_moveit_config:/home/luka/ws_moveit/install/moveit_resources_pr2_description:/home/luka/ws_moveit/install/moveit_resources_panda_description:/home/luka/ws_moveit/install/moveit_msgs:/home/luka/ws_moveit/install/moveit_configs_utils:/home/luka/ws_moveit/install/moveit_common:${AMENT_PREFIX_PATH} CMAKE_PREFIX_PATH=/home/luka/ws_moveit/install/moveit_ros_planning:/home/luka/ws_moveit/install/moveit_ros_occupancy_map_monitor:/home/luka/ws_moveit/install/moveit_core:/home/luka/ws_moveit/install/moveit_resources_panda_moveit_config:/home/luka/ws_moveit/install/moveit_resources_pr2_description:/home/luka/ws_moveit/install/moveit_resources_panda_description:/home/luka/ws_moveit/install/moveit_msgs:/home/luka/ws_moveit/install/moveit_common:/opt/ros/jazzy/opt/gz_sim_vendor:/opt/ros/jazzy/opt/gz_sensors_vendor:/opt/ros/jazzy/opt/gz_physics_vendor:/opt/ros/jazzy/opt/sdformat_vendor:/opt/ros/jazzy/opt/gz_gui_vendor:/opt/ros/jazzy/opt/gz_transport_vendor:/opt/ros/jazzy/opt/gz_rendering_vendor:/opt/ros/jazzy/opt/gz_plugin_vendor:/opt/ros/jazzy/opt/gz_fuel_tools_vendor:/opt/ros/jazzy/opt/gz_msgs_vendor:/opt/ros/jazzy/opt/gz_common_vendor:/opt/ros/jazzy/opt/gz_math_vendor:/opt/ros/jazzy/opt/gz_utils_vendor:/opt/ros/jazzy/opt/gz_tools_vendor:/opt/ros/jazzy/opt/gz_ogre_next_vendor:/opt/ros/jazzy/opt/gz_dartsim_vendor:/opt/ros/jazzy/opt/gz_cmake_vendor:/opt/ros/jazzy DEBUGINFOD_URLS=https://debuginfod.ubuntu.com LD_LIBRARY_PATH=/home/luka/ws_moveit/install/moveit_ros_planning/lib:/home/luka/ws_moveit/install/moveit_ros_occupancy_map_monitor/lib:/home/luka/ws_moveit/install/moveit_core/lib:/home/luka/ws_moveit/install/moveit_msgs/lib:${LD_LIBRARY_PATH} PATH=/home/luka/ws_moveit/install/moveit_core/bin:${PATH} PYTHONPATH=/home/luka/ws_moveit/install/moveit_msgs/lib/python3.12/site-packages:/home/luka/ws_moveit/install/moveit_configs_utils/lib/python3.12/site-packages:${PYTHONPATH} /usr/bin/cmake --build /home/luka/ws_moveit/build/moveit_ros_warehouse -- -j4 -l4
[0.311s] Invoking command in '/home/luka/ws_moveit/build/moveit_ros_warehouse': AMENT_PREFIX_PATH=/home/luka/ws_moveit/install/moveit_ros_planning:/home/luka/ws_moveit/install/moveit_ros_occupancy_map_monitor:/home/luka/ws_moveit/install/moveit_core:/home/luka/ws_moveit/install/moveit_resources_panda_moveit_config:/home/luka/ws_moveit/install/moveit_resources_pr2_description:/home/luka/ws_moveit/install/moveit_resources_panda_description:/home/luka/ws_moveit/install/moveit_msgs:/home/luka/ws_moveit/install/moveit_configs_utils:/home/luka/ws_moveit/install/moveit_common:${AMENT_PREFIX_PATH} CMAKE_PREFIX_PATH=/home/luka/ws_moveit/install/moveit_ros_planning:/home/luka/ws_moveit/install/moveit_ros_occupancy_map_monitor:/home/luka/ws_moveit/install/moveit_core:/home/luka/ws_moveit/install/moveit_resources_panda_moveit_config:/home/luka/ws_moveit/install/moveit_resources_pr2_description:/home/luka/ws_moveit/install/moveit_resources_panda_description:/home/luka/ws_moveit/install/moveit_msgs:/home/luka/ws_moveit/install/moveit_common:/opt/ros/jazzy/opt/gz_sim_vendor:/opt/ros/jazzy/opt/gz_sensors_vendor:/opt/ros/jazzy/opt/gz_physics_vendor:/opt/ros/jazzy/opt/sdformat_vendor:/opt/ros/jazzy/opt/gz_gui_vendor:/opt/ros/jazzy/opt/gz_transport_vendor:/opt/ros/jazzy/opt/gz_rendering_vendor:/opt/ros/jazzy/opt/gz_plugin_vendor:/opt/ros/jazzy/opt/gz_fuel_tools_vendor:/opt/ros/jazzy/opt/gz_msgs_vendor:/opt/ros/jazzy/opt/gz_common_vendor:/opt/ros/jazzy/opt/gz_math_vendor:/opt/ros/jazzy/opt/gz_utils_vendor:/opt/ros/jazzy/opt/gz_tools_vendor:/opt/ros/jazzy/opt/gz_ogre_next_vendor:/opt/ros/jazzy/opt/gz_dartsim_vendor:/opt/ros/jazzy/opt/gz_cmake_vendor:/opt/ros/jazzy DEBUGINFOD_URLS=https://debuginfod.ubuntu.com LD_LIBRARY_PATH=/home/luka/ws_moveit/install/moveit_ros_planning/lib:/home/luka/ws_moveit/install/moveit_ros_occupancy_map_monitor/lib:/home/luka/ws_moveit/install/moveit_core/lib:/home/luka/ws_moveit/install/moveit_msgs/lib:${LD_LIBRARY_PATH} PATH=/home/luka/ws_moveit/install/moveit_core/bin:${PATH} PYTHONPATH=/home/luka/ws_moveit/install/moveit_msgs/lib/python3.12/site-packages:/home/luka/ws_moveit/install/moveit_configs_utils/lib/python3.12/site-packages:${PYTHONPATH} /usr/bin/cmake --install /home/luka/ws_moveit/build/moveit_ros_warehouse
[0.322s] -- Install configuration: "Release"
[0.323s] -- Up-to-date: /home/luka/ws_moveit/install/moveit_ros_warehouse/lib/moveit_ros_warehouse/moveit_save_to_warehouse
[0.324s] -- Up-to-date: /home/luka/ws_moveit/install/moveit_ros_warehouse/lib/moveit_ros_warehouse/moveit_warehouse_broadcast
[0.324s] -- Up-to-date: /home/luka/ws_moveit/install/moveit_ros_warehouse/lib/moveit_ros_warehouse/moveit_warehouse_import_from_text
[0.324s] -- Up-to-date: /home/luka/ws_moveit/install/moveit_ros_warehouse/lib/moveit_ros_warehouse/moveit_warehouse_save_as_text
[0.325s] -- Up-to-date: /home/luka/ws_moveit/install/moveit_ros_warehouse/lib/moveit_ros_warehouse/moveit_init_demo_warehouse
[0.325s] -- Up-to-date: /home/luka/ws_moveit/install/moveit_ros_warehouse/lib/moveit_ros_warehouse/moveit_warehouse_services
[0.326s] -- Up-to-date: /home/luka/ws_moveit/install/moveit_ros_warehouse/include/moveit_ros_warehouse
[0.326s] -- Up-to-date: /home/luka/ws_moveit/install/moveit_ros_warehouse/include/moveit_ros_warehouse/moveit
[0.326s] -- Up-to-date: /home/luka/ws_moveit/install/moveit_ros_warehouse/include/moveit_ros_warehouse/moveit/warehouse
[0.327s] -- Up-to-date: /home/luka/ws_moveit/install/moveit_ros_warehouse/include/moveit_ros_warehouse/moveit/warehouse/state_storage.h
[0.327s] -- Up-to-date: /home/luka/ws_moveit/install/moveit_ros_warehouse/include/moveit_ros_warehouse/moveit/warehouse/trajectory_constraints_storage.hpp
[0.327s] -- Up-to-date: /home/luka/ws_moveit/install/moveit_ros_warehouse/include/moveit_ros_warehouse/moveit/warehouse/moveit_message_storage.h
[0.327s] -- Up-to-date: /home/luka/ws_moveit/install/moveit_ros_warehouse/include/moveit_ros_warehouse/moveit/warehouse/planning_scene_world_storage.hpp
[0.328s] -- Up-to-date: /home/luka/ws_moveit/install/moveit_ros_warehouse/include/moveit_ros_warehouse/moveit/warehouse/warehouse_connector.hpp
[0.328s] -- Up-to-date: /home/luka/ws_moveit/install/moveit_ros_warehouse/include/moveit_ros_warehouse/moveit/warehouse/planning_scene_storage.hpp
[0.329s] -- Up-to-date: /home/luka/ws_moveit/install/moveit_ros_warehouse/include/moveit_ros_warehouse/moveit/warehouse/warehouse_connector.h
[0.329s] -- Up-to-date: /home/luka/ws_moveit/install/moveit_ros_warehouse/include/moveit_ros_warehouse/moveit/warehouse/constraints_storage.h
[0.329s] -- Up-to-date: /home/luka/ws_moveit/install/moveit_ros_warehouse/include/moveit_ros_warehouse/moveit/warehouse/moveit_message_storage.hpp
[0.329s] -- Up-to-date: /home/luka/ws_moveit/install/moveit_ros_warehouse/include/moveit_ros_warehouse/moveit/warehouse/planning_scene_storage.h
[0.329s] -- Up-to-date: /home/luka/ws_moveit/install/moveit_ros_warehouse/include/moveit_ros_warehouse/moveit/warehouse/planning_scene_world_storage.h
[0.330s] -- Up-to-date: /home/luka/ws_moveit/install/moveit_ros_warehouse/include/moveit_ros_warehouse/moveit/warehouse/constraints_storage.hpp
[0.330s] -- Up-to-date: /home/luka/ws_moveit/install/moveit_ros_warehouse/include/moveit_ros_warehouse/moveit/warehouse/trajectory_constraints_storage.h
[0.330s] -- Up-to-date: /home/luka/ws_moveit/install/moveit_ros_warehouse/include/moveit_ros_warehouse/moveit/warehouse/state_storage.hpp
[0.330s] -- Up-to-date: /home/luka/ws_moveit/install/moveit_ros_warehouse/include/moveit_ros_warehouse/moveit_warehouse_export.h
[0.330s] -- Up-to-date: /home/luka/ws_moveit/install/moveit_ros_warehouse/lib/libmoveit_warehouse.so.2.14.1
[0.331s] -- Up-to-date: /home/luka/ws_moveit/install/moveit_ros_warehouse/lib/libmoveit_warehouse.so
[0.331s] -- Up-to-date: /home/luka/ws_moveit/install/moveit_ros_warehouse/share/moveit_ros_warehouse/environment/library_path.sh
[0.331s] -- Up-to-date: /home/luka/ws_moveit/install/moveit_ros_warehouse/share/moveit_ros_warehouse/environment/library_path.dsv
[0.331s] -- Up-to-date: /home/luka/ws_moveit/install/moveit_ros_warehouse/share/ament_index/resource_index/package_run_dependencies/moveit_ros_warehouse
[0.331s] -- Up-to-date: /home/luka/ws_moveit/install/moveit_ros_warehouse/share/ament_index/resource_index/parent_prefix_path/moveit_ros_warehouse
[0.331s] -- Up-to-date: /home/luka/ws_moveit/install/moveit_ros_warehouse/share/moveit_ros_warehouse/environment/ament_prefix_path.sh
[0.332s] -- Up-to-date: /home/luka/ws_moveit/install/moveit_ros_warehouse/share/moveit_ros_warehouse/environment/ament_prefix_path.dsv
[0.332s] -- Up-to-date: /home/luka/ws_moveit/install/moveit_ros_warehouse/share/moveit_ros_warehouse/environment/path.sh
[0.332s] -- Up-to-date: /home/luka/ws_moveit/install/moveit_ros_warehouse/share/moveit_ros_warehouse/environment/path.dsv
[0.332s] -- Up-to-date: /home/luka/ws_moveit/install/moveit_ros_warehouse/share/moveit_ros_warehouse/local_setup.bash
[0.332s] -- Up-to-date: /home/luka/ws_moveit/install/moveit_ros_warehouse/share/moveit_ros_warehouse/local_setup.sh
[0.333s] -- Up-to-date: /home/luka/ws_moveit/install/moveit_ros_warehouse/share/moveit_ros_warehouse/local_setup.zsh
[0.333s] -- Up-to-date: /home/luka/ws_moveit/install/moveit_ros_warehouse/share/moveit_ros_warehouse/local_setup.dsv
[0.333s] -- Installing: /home/luka/ws_moveit/install/moveit_ros_warehouse/share/moveit_ros_warehouse/package.dsv
[0.333s] -- Up-to-date: /home/luka/ws_moveit/install/moveit_ros_warehouse/share/ament_index/resource_index/packages/moveit_ros_warehouse
[0.334s] -- Up-to-date: /home/luka/ws_moveit/install/moveit_ros_warehouse/share/moveit_ros_warehouse/cmake/moveit_ros_warehouseTargetsExport.cmake
[0.334s] -- Up-to-date: /home/luka/ws_moveit/install/moveit_ros_warehouse/share/moveit_ros_warehouse/cmake/moveit_ros_warehouseTargetsExport-release.cmake
[0.334s] -- Up-to-date: /home/luka/ws_moveit/install/moveit_ros_warehouse/share/moveit_ros_warehouse/cmake/ConfigExtras.cmake
[0.334s] -- Up-to-date: /home/luka/ws_moveit/install/moveit_ros_warehouse/share/moveit_ros_warehouse/cmake/ament_cmake_export_targets-extras.cmake
[0.334s] -- Up-to-date: /home/luka/ws_moveit/install/moveit_ros_warehouse/share/moveit_ros_warehouse/cmake/ament_cmake_export_dependencies-extras.cmake
[0.334s] -- Up-to-date: /home/luka/ws_moveit/install/moveit_ros_warehouse/share/moveit_ros_warehouse/cmake/moveit_ros_warehouseConfig.cmake
[0.335s] -- Up-to-date: /home/luka/ws_moveit/install/moveit_ros_warehouse/share/moveit_ros_warehouse/cmake/moveit_ros_warehouseConfig-version.cmake
[0.335s] -- Up-to-date: /home/luka/ws_moveit/install/moveit_ros_warehouse/share/moveit_ros_warehouse/package.xml
[0.335s] Invoked command in '/home/luka/ws_moveit/build/moveit_ros_warehouse' returned '0': AMENT_PREFIX_PATH=/home/luka/ws_moveit/install/moveit_ros_planning:/home/luka/ws_moveit/install/moveit_ros_occupancy_map_monitor:/home/luka/ws_moveit/install/moveit_core:/home/luka/ws_moveit/install/moveit_resources_panda_moveit_config:/home/luka/ws_moveit/install/moveit_resources_pr2_description:/home/luka/ws_moveit/install/moveit_resources_panda_description:/home/luka/ws_moveit/install/moveit_msgs:/home/luka/ws_moveit/install/moveit_configs_utils:/home/luka/ws_moveit/install/moveit_common:${AMENT_PREFIX_PATH} CMAKE_PREFIX_PATH=/home/luka/ws_moveit/install/moveit_ros_planning:/home/luka/ws_moveit/install/moveit_ros_occupancy_map_monitor:/home/luka/ws_moveit/install/moveit_core:/home/luka/ws_moveit/install/moveit_resources_panda_moveit_config:/home/luka/ws_moveit/install/moveit_resources_pr2_description:/home/luka/ws_moveit/install/moveit_resources_panda_description:/home/luka/ws_moveit/install/moveit_msgs:/home/luka/ws_moveit/install/moveit_common:/opt/ros/jazzy/opt/gz_sim_vendor:/opt/ros/jazzy/opt/gz_sensors_vendor:/opt/ros/jazzy/opt/gz_physics_vendor:/opt/ros/jazzy/opt/sdformat_vendor:/opt/ros/jazzy/opt/gz_gui_vendor:/opt/ros/jazzy/opt/gz_transport_vendor:/opt/ros/jazzy/opt/gz_rendering_vendor:/opt/ros/jazzy/opt/gz_plugin_vendor:/opt/ros/jazzy/opt/gz_fuel_tools_vendor:/opt/ros/jazzy/opt/gz_msgs_vendor:/opt/ros/jazzy/opt/gz_common_vendor:/opt/ros/jazzy/opt/gz_math_vendor:/opt/ros/jazzy/opt/gz_utils_vendor:/opt/ros/jazzy/opt/gz_tools_vendor:/opt/ros/jazzy/opt/gz_ogre_next_vendor:/opt/ros/jazzy/opt/gz_dartsim_vendor:/opt/ros/jazzy/opt/gz_cmake_vendor:/opt/ros/jazzy DEBUGINFOD_URLS=https://debuginfod.ubuntu.com LD_LIBRARY_PATH=/home/luka/ws_moveit/install/moveit_ros_planning/lib:/home/luka/ws_moveit/install/moveit_ros_occupancy_map_monitor/lib:/home/luka/ws_moveit/install/moveit_core/lib:/home/luka/ws_moveit/install/moveit_msgs/lib:${LD_LIBRARY_PATH} PATH=/home/luka/ws_moveit/install/moveit_core/bin:${PATH} PYTHONPATH=/home/luka/ws_moveit/install/moveit_msgs/lib/python3.12/site-packages:/home/luka/ws_moveit/install/moveit_configs_utils/lib/python3.12/site-packages:${PYTHONPATH} /usr/bin/cmake --install /home/luka/ws_moveit/build/moveit_ros_warehouse
