[0.016s] Invoking command in '/home/luka/ws_moveit/build/moveit_core': AMENT_PREFIX_PATH=/home/luka/ws_moveit/install/moveit_resources_panda_moveit_config:/home/luka/ws_moveit/install/moveit_resources_pr2_description:/home/luka/ws_moveit/install/moveit_resources_panda_description:/home/luka/ws_moveit/install/moveit_msgs:/home/luka/ws_moveit/install/moveit_common:${AMENT_PREFIX_PATH} CMAKE_PREFIX_PATH=/home/luka/ws_moveit/install/moveit_resources_panda_moveit_config:/home/luka/ws_moveit/install/moveit_resources_pr2_description:/home/luka/ws_moveit/install/moveit_resources_panda_description:/home/luka/ws_moveit/install/moveit_msgs:/home/luka/ws_moveit/install/moveit_common:/opt/ros/jazzy/opt/gz_sim_vendor:/opt/ros/jazzy/opt/gz_sensors_vendor:/opt/ros/jazzy/opt/gz_physics_vendor:/opt/ros/jazzy/opt/sdformat_vendor:/opt/ros/jazzy/opt/gz_gui_vendor:/opt/ros/jazzy/opt/gz_transport_vendor:/opt/ros/jazzy/opt/gz_rendering_vendor:/opt/ros/jazzy/opt/gz_plugin_vendor:/opt/ros/jazzy/opt/gz_fuel_tools_vendor:/opt/ros/jazzy/opt/gz_msgs_vendor:/opt/ros/jazzy/opt/gz_common_vendor:/opt/ros/jazzy/opt/gz_math_vendor:/opt/ros/jazzy/opt/gz_utils_vendor:/opt/ros/jazzy/opt/gz_tools_vendor:/opt/ros/jazzy/opt/gz_ogre_next_vendor:/opt/ros/jazzy/opt/gz_dartsim_vendor:/opt/ros/jazzy/opt/gz_cmake_vendor:/opt/ros/jazzy DEBUGINFOD_URLS=https://debuginfod.ubuntu.com LD_LIBRARY_PATH=/home/luka/ws_moveit/install/moveit_msgs/lib:${LD_LIBRARY_PATH} PYTHONPATH=/home/luka/ws_moveit/install/moveit_msgs/lib/python3.12/site-packages:${PYTHONPATH} /usr/bin/cmake --build /home/luka/ws_moveit/build/moveit_core -- -j4 -l4
[0.112s] [  1%] Built target gtest_main
[0.112s] [  2%] Built target gtest
[0.124s] [  3%] Built target gmock
[0.158s] [  6%] Built target moveit_utils
[0.194s] [  7%] Built target moveit_acceleration_filter_parameters
[0.207s] [  9%] Built target gmock_main
[0.216s] [ 10%] Built target moveit_butterworth_filter_parameters
[0.241s] [ 12%] Built target moveit_smoothing_base
[0.252s] [ 13%] Built target moveit_ruckig_filter_parameters
[0.279s] [ 14%] [34m[1mGenerate version header[0m
[0.302s] [ 15%] Built target logger_dut
[0.315s] [ 17%] Built target moveit_exceptions
[0.344s] [ 18%] Built target moveit_transforms
[0.365s] [ 19%] [34m[1mGenerating version.hpp[0m
[0.383s] [ 19%] Built target version_hpp
[0.407s] [ 20%] Built target test_transforms
[0.407s] [ 22%] Built target moveit_distance_field
[0.430s] [ 23%] Built target moveit_version
[0.441s] [ 29%] Built target moveit_robot_model
[0.486s] [ 30%] Built target test_distance_field
[0.495s] [ 31%] Built target test_voxel_grid
[0.501s] [ 32%] Built target moveit_butterworth_filter
[0.505s] [ 33%] Built target moveit_kinematics_base
[0.565s] [ 34%] Built target test_butterworth_filter
[0.580s] [ 35%] Built target moveit_test_utils
[0.591s] [ 38%] Built target moveit_robot_state
[0.648s] [ 39%] Built target test_robot_model
[0.662s] [ 40%] Built target moveit_dynamics_solver
[0.669s] [ 41%] Built target moveit_robot_trajectory
[0.767s] [ 48%] Built target moveit_collision_detection
[0.767s] [ 48%] Built target moveit_kinematics_metrics
[0.768s] [ 49%] Built target moveit_ruckig_filter
[0.784s] [ 50%] Built target moveit_acceleration_filter
[0.839s] [ 52%] Built target test_robot_state
[0.851s] [ 53%] Built target test_aabb
[0.853s] [ 54%] Built target test_cartesian_interpolator
[0.872s] [ 55%] Built target test_robot_state_complex
[0.911s] [ 56%] Built target robot_state_benchmark
[0.914s] [ 57%] Built target test_robot_trajectory
[0.957s] [ 59%] Built target moveit_collision_detection_fcl
[0.968s] [ 60%] Built target test_world
[1.007s] [ 64%] Built target moveit_collision_detection_bullet
[1.011s] [ 65%] Built target test_world_diff
[1.017s] [ 67%] Built target moveit_trajectory_processing
[1.030s] [ 68%] Built target test_all_valid
[1.082s] [ 69%] Built target test_acceleration_filter
[1.104s] [ 70%] Built target test_bullet_collision_detection_panda
[1.105s] [ 71%] Built target moveit_kinematic_constraints
[1.111s] [ 73%] Built target test_bullet_collision_detection
[1.163s] [ 74%] Built target test_bullet_continuous_collision_checking
[1.198s] [ 75%] Built target test_fcl_collision_detection_panda
[1.204s] [ 76%] Built target test_fcl_collision_env
[1.232s] [ 77%] Built target test_fcl_collision_detection
[1.263s] [ 79%] Built target test_constraints
[1.290s] [ 80%] Built target test_orientation_constraints
[1.298s] [ 81%] Built target test_time_optimal_trajectory_generation
[1.310s] [ 82%] Built target test_ruckig_traj_smoothing
[1.334s] [ 83%] Built target robot_trajectory_benchmark
[1.364s] [ 84%] Built target moveit_planning_scene
[1.444s] [ 85%] Built target collision_detector_bullet_plugin
[1.456s] [ 86%] Built target collision_detector_fcl_plugin
[1.494s] [ 89%] Built target moveit_collision_distance_field
[1.497s] [ 92%] Built target moveit_constraint_samplers
[1.561s] [ 94%] Built target moveit_planning_interface
[1.577s] [ 95%] Built target test_planning_scene
[1.599s] [ 96%] Built target test_multi_threaded
[1.609s] [ 97%] Built target test_collision_objects
[1.639s] [ 98%] Built target test_collision_distance_field
[1.658s] [100%] Built target test_constraint_samplers
[1.675s] Invoked command in '/home/luka/ws_moveit/build/moveit_core' returned '0': AMENT_PREFIX_PATH=/home/luka/ws_moveit/install/moveit_resources_panda_moveit_config:/home/luka/ws_moveit/install/moveit_resources_pr2_description:/home/luka/ws_moveit/install/moveit_resources_panda_description:/home/luka/ws_moveit/install/moveit_msgs:/home/luka/ws_moveit/install/moveit_common:${AMENT_PREFIX_PATH} CMAKE_PREFIX_PATH=/home/luka/ws_moveit/install/moveit_resources_panda_moveit_config:/home/luka/ws_moveit/install/moveit_resources_pr2_description:/home/luka/ws_moveit/install/moveit_resources_panda_description:/home/luka/ws_moveit/install/moveit_msgs:/home/luka/ws_moveit/install/moveit_common:/opt/ros/jazzy/opt/gz_sim_vendor:/opt/ros/jazzy/opt/gz_sensors_vendor:/opt/ros/jazzy/opt/gz_physics_vendor:/opt/ros/jazzy/opt/sdformat_vendor:/opt/ros/jazzy/opt/gz_gui_vendor:/opt/ros/jazzy/opt/gz_transport_vendor:/opt/ros/jazzy/opt/gz_rendering_vendor:/opt/ros/jazzy/opt/gz_plugin_vendor:/opt/ros/jazzy/opt/gz_fuel_tools_vendor:/opt/ros/jazzy/opt/gz_msgs_vendor:/opt/ros/jazzy/opt/gz_common_vendor:/opt/ros/jazzy/opt/gz_math_vendor:/opt/ros/jazzy/opt/gz_utils_vendor:/opt/ros/jazzy/opt/gz_tools_vendor:/opt/ros/jazzy/opt/gz_ogre_next_vendor:/opt/ros/jazzy/opt/gz_dartsim_vendor:/opt/ros/jazzy/opt/gz_cmake_vendor:/opt/ros/jazzy DEBUGINFOD_URLS=https://debuginfod.ubuntu.com LD_LIBRARY_PATH=/home/luka/ws_moveit/install/moveit_msgs/lib:${LD_LIBRARY_PATH} PYTHONPATH=/home/luka/ws_moveit/install/moveit_msgs/lib/python3.12/site-packages:${PYTHONPATH} /usr/bin/cmake --build /home/luka/ws_moveit/build/moveit_core -- -j4 -l4
[1.678s] Invoking command in '/home/luka/ws_moveit/build/moveit_core': AMENT_PREFIX_PATH=/home/luka/ws_moveit/install/moveit_resources_panda_moveit_config:/home/luka/ws_moveit/install/moveit_resources_pr2_description:/home/luka/ws_moveit/install/moveit_resources_panda_description:/home/luka/ws_moveit/install/moveit_msgs:/home/luka/ws_moveit/install/moveit_common:${AMENT_PREFIX_PATH} CMAKE_PREFIX_PATH=/home/luka/ws_moveit/install/moveit_resources_panda_moveit_config:/home/luka/ws_moveit/install/moveit_resources_pr2_description:/home/luka/ws_moveit/install/moveit_resources_panda_description:/home/luka/ws_moveit/install/moveit_msgs:/home/luka/ws_moveit/install/moveit_common:/opt/ros/jazzy/opt/gz_sim_vendor:/opt/ros/jazzy/opt/gz_sensors_vendor:/opt/ros/jazzy/opt/gz_physics_vendor:/opt/ros/jazzy/opt/sdformat_vendor:/opt/ros/jazzy/opt/gz_gui_vendor:/opt/ros/jazzy/opt/gz_transport_vendor:/opt/ros/jazzy/opt/gz_rendering_vendor:/opt/ros/jazzy/opt/gz_plugin_vendor:/opt/ros/jazzy/opt/gz_fuel_tools_vendor:/opt/ros/jazzy/opt/gz_msgs_vendor:/opt/ros/jazzy/opt/gz_common_vendor:/opt/ros/jazzy/opt/gz_math_vendor:/opt/ros/jazzy/opt/gz_utils_vendor:/opt/ros/jazzy/opt/gz_tools_vendor:/opt/ros/jazzy/opt/gz_ogre_next_vendor:/opt/ros/jazzy/opt/gz_dartsim_vendor:/opt/ros/jazzy/opt/gz_cmake_vendor:/opt/ros/jazzy DEBUGINFOD_URLS=https://debuginfod.ubuntu.com LD_LIBRARY_PATH=/home/luka/ws_moveit/install/moveit_msgs/lib:${LD_LIBRARY_PATH} PYTHONPATH=/home/luka/ws_moveit/install/moveit_msgs/lib/python3.12/site-packages:${PYTHONPATH} /usr/bin/cmake --install /home/luka/ws_moveit/build/moveit_core
[1.689s] -- Install configuration: "Release"
[1.689s] -- Up-to-date: /home/luka/ws_moveit/install/moveit_core/include/moveit_core
[1.689s] -- Up-to-date: /home/luka/ws_moveit/install/moveit_core/include/moveit_core/moveit
[1.689s] -- Up-to-date: /home/luka/ws_moveit/install/moveit_core/include/moveit_core/moveit/collision_detection_bullet
[1.689s] -- Up-to-date: /home/luka/ws_moveit/install/moveit_core/include/moveit_core/moveit/collision_detection_bullet/collision_env_bullet.hpp
[1.690s] -- Up-to-date: /home/luka/ws_moveit/install/moveit_core/include/moveit_core/moveit/collision_detection_bullet/collision_detector_bullet_plugin_loader.hpp
[1.690s] -- Up-to-date: /home/luka/ws_moveit/install/moveit_core/include/moveit_core/moveit/collision_detection_bullet/collision_env_bullet.h
[1.690s] -- Up-to-date: /home/luka/ws_moveit/install/moveit_core/include/moveit_core/moveit/collision_detection_bullet/bullet_integration
[1.690s] -- Up-to-date: /home/luka/ws_moveit/install/moveit_core/include/moveit_core/moveit/collision_detection_bullet/bullet_integration/bullet_utils.h
[1.691s] -- Up-to-date: /home/luka/ws_moveit/install/moveit_core/include/moveit_core/moveit/collision_detection_bullet/bullet_integration/contact_checker_common.h
[1.691s] -- Up-to-date: /home/luka/ws_moveit/install/moveit_core/include/moveit_core/moveit/collision_detection_bullet/bullet_integration/bullet_bvh_manager.h
[1.691s] -- Up-to-date: /home/luka/ws_moveit/install/moveit_core/include/moveit_core/moveit/collision_detection_bullet/bullet_integration/bullet_cast_bvh_manager.h
[1.691s] -- Up-to-date: /home/luka/ws_moveit/install/moveit_core/include/moveit_core/moveit/collision_detection_bullet/bullet_integration/bullet_utils.hpp
[1.691s] -- Up-to-date: /home/luka/ws_moveit/install/moveit_core/include/moveit_core/moveit/collision_detection_bullet/bullet_integration/bullet_discrete_bvh_manager.hpp
[1.692s] -- Up-to-date: /home/luka/ws_moveit/install/moveit_core/include/moveit_core/moveit/collision_detection_bullet/bullet_integration/basic_types.h
[1.692s] -- Up-to-date: /home/luka/ws_moveit/install/moveit_core/include/moveit_core/moveit/collision_detection_bullet/bullet_integration/ros_bullet_utils.h
[1.692s] -- Up-to-date: /home/luka/ws_moveit/install/moveit_core/include/moveit_core/moveit/collision_detection_bullet/bullet_integration/bullet_bvh_manager.hpp
[1.692s] -- Up-to-date: /home/luka/ws_moveit/install/moveit_core/include/moveit_core/moveit/collision_detection_bullet/bullet_integration/basic_types.hpp
[1.692s] -- Up-to-date: /home/luka/ws_moveit/install/moveit_core/include/moveit_core/moveit/collision_detection_bullet/bullet_integration/bullet_cast_bvh_manager.hpp
[1.693s] -- Up-to-date: /home/luka/ws_moveit/install/moveit_core/include/moveit_core/moveit/collision_detection_bullet/bullet_integration/bullet_discrete_bvh_manager.h
[1.693s] -- Up-to-date: /home/luka/ws_moveit/install/moveit_core/include/moveit_core/moveit/collision_detection_bullet/bullet_integration/contact_checker_common.hpp
[1.693s] -- Up-to-date: /home/luka/ws_moveit/install/moveit_core/include/moveit_core/moveit/collision_detection_bullet/bullet_integration/ros_bullet_utils.hpp
[1.693s] -- Up-to-date: /home/luka/ws_moveit/install/moveit_core/include/moveit_core/moveit/collision_detection_bullet/collision_detector_allocator_bullet.hpp
[1.693s] -- Up-to-date: /home/luka/ws_moveit/install/moveit_core/include/moveit_core/moveit/collision_detection_bullet/collision_detector_allocator_bullet.h
[1.693s] -- Up-to-date: /home/luka/ws_moveit/install/moveit_core/include/moveit_core/moveit/collision_detection_bullet/collision_detector_bullet_plugin_loader.h
[1.693s] -- Up-to-date: /home/luka/ws_moveit/install/moveit_core/include/moveit_core/moveit_collision_detection_bullet_export.h
[1.694s] -- Up-to-date: /home/luka/ws_moveit/install/moveit_core/include/moveit_core
[1.694s] -- Up-to-date: /home/luka/ws_moveit/install/moveit_core/include/moveit_core/moveit
[1.694s] -- Up-to-date: /home/luka/ws_moveit/install/moveit_core/include/moveit_core/moveit/collision_detection_fcl
[1.694s] -- Up-to-date: /home/luka/ws_moveit/install/moveit_core/include/moveit_core/moveit/collision_detection_fcl/collision_env_fcl.h
[1.694s] -- Up-to-date: /home/luka/ws_moveit/install/moveit_core/include/moveit_core/moveit/collision_detection_fcl/collision_detector_allocator_fcl.h
[1.694s] -- Up-to-date: /home/luka/ws_moveit/install/moveit_core/include/moveit_core/moveit/collision_detection_fcl/fcl_compat.h
[1.694s] -- Up-to-date: /home/luka/ws_moveit/install/moveit_core/include/moveit_core/moveit/collision_detection_fcl/collision_detector_fcl_plugin_loader.h
[1.695s] -- Up-to-date: /home/luka/ws_moveit/install/moveit_core/include/moveit_core/moveit/collision_detection_fcl/collision_common.hpp
[1.695s] -- Up-to-date: /home/luka/ws_moveit/install/moveit_core/include/moveit_core/moveit/collision_detection_fcl/collision_detector_fcl_plugin_loader.hpp
[1.695s] -- Up-to-date: /home/luka/ws_moveit/install/moveit_core/include/moveit_core/moveit/collision_detection_fcl/fcl_compat.hpp
[1.695s] -- Up-to-date: /home/luka/ws_moveit/install/moveit_core/include/moveit_core/moveit/collision_detection_fcl/collision_env_fcl.hpp
[1.695s] -- Up-to-date: /home/luka/ws_moveit/install/moveit_core/include/moveit_core/moveit/collision_detection_fcl/collision_common.h
[1.695s] -- Up-to-date: /home/luka/ws_moveit/install/moveit_core/include/moveit_core/moveit/collision_detection_fcl/collision_detector_allocator_fcl.hpp
[1.696s] -- Up-to-date: /home/luka/ws_moveit/install/moveit_core/include/moveit_core/moveit_collision_detection_fcl_export.h
[1.696s] -- Up-to-date: /home/luka/ws_moveit/install/moveit_core/include/moveit_core
[1.696s] -- Up-to-date: /home/luka/ws_moveit/install/moveit_core/include/moveit_core/moveit
[1.696s] -- Up-to-date: /home/luka/ws_moveit/install/moveit_core/include/moveit_core/moveit/collision_detection
[1.696s] -- Up-to-date: /home/luka/ws_moveit/install/moveit_core/include/moveit_core/moveit/collision_detection/collision_detector_allocator.hpp
[1.697s] -- Up-to-date: /home/luka/ws_moveit/install/moveit_core/include/moveit_core/moveit/collision_detection/collision_tools.hpp
[1.697s] -- Up-to-date: /home/luka/ws_moveit/install/moveit_core/include/moveit_core/moveit/collision_detection/test_collision_common_panda.h
[1.697s] -- Up-to-date: /home/luka/ws_moveit/install/moveit_core/include/moveit_core/moveit/collision_detection/collision_matrix.h
[1.697s] -- Up-to-date: /home/luka/ws_moveit/install/moveit_core/include/moveit_core/moveit/collision_detection/allvalid
[1.697s] -- Up-to-date: /home/luka/ws_moveit/install/moveit_core/include/moveit_core/moveit/collision_detection/allvalid/collision_env_allvalid.hpp
[1.697s] -- Up-to-date: /home/luka/ws_moveit/install/moveit_core/include/moveit_core/moveit/collision_detection/allvalid/collision_detector_allocator_allvalid.hpp
[1.698s] -- Up-to-date: /home/luka/ws_moveit/install/moveit_core/include/moveit_core/moveit/collision_detection/allvalid/collision_detector_allocator_allvalid.h
[1.698s] -- Up-to-date: /home/luka/ws_moveit/install/moveit_core/include/moveit_core/moveit/collision_detection/allvalid/collision_env_allvalid.h
[1.698s] -- Up-to-date: /home/luka/ws_moveit/install/moveit_core/include/moveit_core/moveit/collision_detection/test_collision_common_pr2.h
[1.698s] -- Up-to-date: /home/luka/ws_moveit/install/moveit_core/include/moveit_core/moveit/collision_detection/collision_matrix.hpp
[1.698s] -- Up-to-date: /home/luka/ws_moveit/install/moveit_core/include/moveit_core/moveit/collision_detection/collision_tools.h
[1.698s] -- Up-to-date: /home/luka/ws_moveit/install/moveit_core/include/moveit_core/moveit/collision_detection/collision_common.hpp
[1.698s] -- Up-to-date: /home/luka/ws_moveit/install/moveit_core/include/moveit_core/moveit/collision_detection/world_diff.h
[1.699s] -- Up-to-date: /home/luka/ws_moveit/install/moveit_core/include/moveit_core/moveit/collision_detection/world.h
[1.699s] -- Up-to-date: /home/luka/ws_moveit/install/moveit_core/include/moveit_core/moveit/collision_detection/occupancy_map.hpp
[1.699s] -- Up-to-date: /home/luka/ws_moveit/install/moveit_core/include/moveit_core/moveit/collision_detection/collision_plugin_cache.hpp
[1.699s] -- Up-to-date: /home/luka/ws_moveit/install/moveit_core/include/moveit_core/moveit/collision_detection/collision_detector_allocator.h
[1.699s] -- Up-to-date: /home/luka/ws_moveit/install/moveit_core/include/moveit_core/moveit/collision_detection/collision_plugin.h
[1.699s] -- Up-to-date: /home/luka/ws_moveit/install/moveit_core/include/moveit_core/moveit/collision_detection/collision_plugin.hpp
[1.700s] -- Up-to-date: /home/luka/ws_moveit/install/moveit_core/include/moveit_core/moveit/collision_detection/collision_octomap_filter.hpp
[1.700s] -- Up-to-date: /home/luka/ws_moveit/install/moveit_core/include/moveit_core/moveit/collision_detection/collision_env.hpp
[1.700s] -- Up-to-date: /home/luka/ws_moveit/install/moveit_core/include/moveit_core/moveit/collision_detection/test_collision_common_panda.hpp
[1.700s] -- Up-to-date: /home/luka/ws_moveit/install/moveit_core/include/moveit_core/moveit/collision_detection/collision_env.h
[1.700s] -- Up-to-date: /home/luka/ws_moveit/install/moveit_core/include/moveit_core/moveit/collision_detection/world_diff.hpp
[1.700s] -- Up-to-date: /home/luka/ws_moveit/install/moveit_core/include/moveit_core/moveit/collision_detection/test_collision_common_pr2.hpp
[1.701s] -- Up-to-date: /home/luka/ws_moveit/install/moveit_core/include/moveit_core/moveit/collision_detection/collision_octomap_filter.h
[1.701s] -- Up-to-date: /home/luka/ws_moveit/install/moveit_core/include/moveit_core/moveit/collision_detection/collision_plugin_cache.h
[1.701s] -- Up-to-date: /home/luka/ws_moveit/install/moveit_core/include/moveit_core/moveit/collision_detection/collision_common.h
[1.701s] -- Up-to-date: /home/luka/ws_moveit/install/moveit_core/include/moveit_core/moveit/collision_detection/world.hpp
[1.701s] -- Up-to-date: /home/luka/ws_moveit/install/moveit_core/include/moveit_core/moveit/collision_detection/occupancy_map.h
[1.701s] -- Up-to-date: /home/luka/ws_moveit/install/moveit_core/include/moveit_core/moveit_collision_detection_export.h
[1.702s] -- Up-to-date: /home/luka/ws_moveit/install/moveit_core/include/moveit_core
[1.702s] -- Up-to-date: /home/luka/ws_moveit/install/moveit_core/include/moveit_core/moveit
[1.702s] -- Up-to-date: /home/luka/ws_moveit/install/moveit_core/include/moveit_core/moveit/collision_distance_field
[1.702s] -- Up-to-date: /home/luka/ws_moveit/install/moveit_core/include/moveit_core/moveit/collision_distance_field/collision_detector_allocator_distance_field.h
[1.702s] -- Up-to-date: /home/luka/ws_moveit/install/moveit_core/include/moveit_core/moveit/collision_distance_field/collision_distance_field_types.hpp
[1.702s] -- Up-to-date: /home/luka/ws_moveit/install/moveit_core/include/moveit_core/moveit/collision_distance_field/collision_detector_allocator_distance_field.hpp
[1.702s] -- Up-to-date: /home/luka/ws_moveit/install/moveit_core/include/moveit_core/moveit/collision_distance_field/collision_detector_allocator_hybrid.h
[1.703s] -- Up-to-date: /home/luka/ws_moveit/install/moveit_core/include/moveit_core/moveit/collision_distance_field/collision_common_distance_field.h
[1.703s] -- Up-to-date: /home/luka/ws_moveit/install/moveit_core/include/moveit_core/moveit/collision_distance_field/collision_env_distance_field.h
[1.703s] -- Up-to-date: /home/luka/ws_moveit/install/moveit_core/include/moveit_core/moveit/collision_distance_field/collision_common_distance_field.hpp
[1.703s] -- Up-to-date: /home/luka/ws_moveit/install/moveit_core/include/moveit_core/moveit/collision_distance_field/collision_env_hybrid.h
[1.703s] -- Up-to-date: /home/luka/ws_moveit/install/moveit_core/include/moveit_core/moveit/collision_distance_field/collision_env_hybrid.hpp
[1.703s] -- Up-to-date: /home/luka/ws_moveit/install/moveit_core/include/moveit_core/moveit/collision_distance_field/collision_distance_field_types.h
[1.704s] -- Up-to-date: /home/luka/ws_moveit/install/moveit_core/include/moveit_core/moveit/collision_distance_field/collision_env_distance_field.hpp
[1.704s] -- Up-to-date: /home/luka/ws_moveit/install/moveit_core/include/moveit_core/moveit/collision_distance_field/collision_detector_allocator_hybrid.hpp
[1.704s] -- Up-to-date: /home/luka/ws_moveit/install/moveit_core/include/moveit_core/moveit_collision_distance_field_export.h
[1.704s] -- Up-to-date: /home/luka/ws_moveit/install/moveit_core/include/moveit_core
[1.704s] -- Up-to-date: /home/luka/ws_moveit/install/moveit_core/include/moveit_core/moveit
[1.704s] -- Up-to-date: /home/luka/ws_moveit/install/moveit_core/include/moveit_core/moveit/constraint_samplers
[1.705s] -- Up-to-date: /home/luka/ws_moveit/install/moveit_core/include/moveit_core/moveit/constraint_samplers/constraint_sampler_allocator.h
[1.705s] -- Up-to-date: /home/luka/ws_moveit/install/moveit_core/include/moveit_core/moveit/constraint_samplers/constraint_sampler_tools.h
[1.705s] -- Up-to-date: /home/luka/ws_moveit/install/moveit_core/include/moveit_core/moveit/constraint_samplers/union_constraint_sampler.hpp
[1.705s] -- Up-to-date: /home/luka/ws_moveit/install/moveit_core/include/moveit_core/moveit/constraint_samplers/constraint_sampler_manager.h
[1.705s] -- Up-to-date: /home/luka/ws_moveit/install/moveit_core/include/moveit_core/moveit/constraint_samplers/constraint_sampler_manager.hpp
[1.705s] -- Up-to-date: /home/luka/ws_moveit/install/moveit_core/include/moveit_core/moveit/constraint_samplers/union_constraint_sampler.h
[1.705s] -- Up-to-date: /home/luka/ws_moveit/install/moveit_core/include/moveit_core/moveit/constraint_samplers/constraint_sampler_tools.hpp
[1.706s] -- Up-to-date: /home/luka/ws_moveit/install/moveit_core/include/moveit_core/moveit/constraint_samplers/default_constraint_samplers.hpp
[1.706s] -- Up-to-date: /home/luka/ws_moveit/install/moveit_core/include/moveit_core/moveit/constraint_samplers/constraint_sampler.hpp
[1.706s] -- Up-to-date: /home/luka/ws_moveit/install/moveit_core/include/moveit_core/moveit/constraint_samplers/constraint_sampler_allocator.hpp
[1.706s] -- Up-to-date: /home/luka/ws_moveit/install/moveit_core/include/moveit_core/moveit/constraint_samplers/default_constraint_samplers.h
[1.706s] -- Up-to-date: /home/luka/ws_moveit/install/moveit_core/include/moveit_core/moveit/constraint_samplers/constraint_sampler.h
[1.706s] -- Up-to-date: /home/luka/ws_moveit/install/moveit_core/include/moveit_core
[1.706s] -- Up-to-date: /home/luka/ws_moveit/install/moveit_core/include/moveit_core/moveit
[1.707s] -- Up-to-date: /home/luka/ws_moveit/install/moveit_core/include/moveit_core/moveit/controller_manager
[1.707s] -- Up-to-date: /home/luka/ws_moveit/install/moveit_core/include/moveit_core/moveit/controller_manager/controller_manager.hpp
[1.707s] -- Up-to-date: /home/luka/ws_moveit/install/moveit_core/include/moveit_core/moveit/controller_manager/controller_manager.h
[1.707s] -- Up-to-date: /home/luka/ws_moveit/install/moveit_core/include/moveit_core
[1.707s] -- Up-to-date: /home/luka/ws_moveit/install/moveit_core/include/moveit_core/moveit
[1.708s] -- Up-to-date: /home/luka/ws_moveit/install/moveit_core/include/moveit_core/moveit/distance_field
[1.708s] -- Up-to-date: /home/luka/ws_moveit/install/moveit_core/include/moveit_core/moveit/distance_field/voxel_grid.hpp
[1.708s] -- Up-to-date: /home/luka/ws_moveit/install/moveit_core/include/moveit_core/moveit/distance_field/find_internal_points.hpp
[1.708s] -- Up-to-date: /home/luka/ws_moveit/install/moveit_core/include/moveit_core/moveit/distance_field/voxel_grid.h
[1.708s] -- Up-to-date: /home/luka/ws_moveit/install/moveit_core/include/moveit_core/moveit/distance_field/propagation_distance_field.hpp
[1.708s] -- Up-to-date: /home/luka/ws_moveit/install/moveit_core/include/moveit_core/moveit/distance_field/distance_field.h
[1.708s] -- Up-to-date: /home/luka/ws_moveit/install/moveit_core/include/moveit_core/moveit/distance_field/propagation_distance_field.h
[1.709s] -- Up-to-date: /home/luka/ws_moveit/install/moveit_core/include/moveit_core/moveit/distance_field/find_internal_points.h
[1.709s] -- Up-to-date: /home/luka/ws_moveit/install/moveit_core/include/moveit_core/moveit/distance_field/distance_field.hpp
[1.709s] -- Up-to-date: /home/luka/ws_moveit/install/moveit_core/include/moveit_core
[1.709s] -- Up-to-date: /home/luka/ws_moveit/install/moveit_core/include/moveit_core/moveit
[1.709s] -- Up-to-date: /home/luka/ws_moveit/install/moveit_core/include/moveit_core/moveit/dynamics_solver
[1.709s] -- Up-to-date: /home/luka/ws_moveit/install/moveit_core/include/moveit_core/moveit/dynamics_solver/dynamics_solver.hpp
[1.710s] -- Up-to-date: /home/luka/ws_moveit/install/moveit_core/include/moveit_core/moveit/dynamics_solver/dynamics_solver.h
[1.710s] -- Up-to-date: /home/luka/ws_moveit/install/moveit_core/include/moveit_core
[1.710s] -- Up-to-date: /home/luka/ws_moveit/install/moveit_core/include/moveit_core/moveit
[1.710s] -- Up-to-date: /home/luka/ws_moveit/install/moveit_core/include/moveit_core/moveit/exceptions
[1.710s] -- Up-to-date: /home/luka/ws_moveit/install/moveit_core/include/moveit_core/moveit/exceptions/exceptions.h
[1.710s] -- Up-to-date: /home/luka/ws_moveit/install/moveit_core/include/moveit_core/moveit/exceptions/exceptions.hpp
[1.710s] -- Up-to-date: /home/luka/ws_moveit/install/moveit_core/include/moveit_core
[1.711s] -- Up-to-date: /home/luka/ws_moveit/install/moveit_core/include/moveit_core/moveit
[1.711s] -- Up-to-date: /home/luka/ws_moveit/install/moveit_core/include/moveit_core/moveit/kinematic_constraints
[1.711s] -- Up-to-date: /home/luka/ws_moveit/install/moveit_core/include/moveit_core/moveit/kinematic_constraints/utils.h
[1.711s] -- Up-to-date: /home/luka/ws_moveit/install/moveit_core/include/moveit_core/moveit/kinematic_constraints/kinematic_constraint.hpp
[1.711s] -- Up-to-date: /home/luka/ws_moveit/install/moveit_core/include/moveit_core/moveit/kinematic_constraints/utils.hpp
[1.712s] -- Up-to-date: /home/luka/ws_moveit/install/moveit_core/include/moveit_core/moveit/kinematic_constraints/kinematic_constraint.h
[1.712s] -- Up-to-date: /home/luka/ws_moveit/install/moveit_core/include/moveit_core
[1.712s] -- Up-to-date: /home/luka/ws_moveit/install/moveit_core/include/moveit_core/moveit
[1.712s] -- Up-to-date: /home/luka/ws_moveit/install/moveit_core/include/moveit_core/moveit/kinematics_base
[1.712s] -- Up-to-date: /home/luka/ws_moveit/install/moveit_core/include/moveit_core/moveit/kinematics_base/kinematics_base.h
[1.712s] -- Up-to-date: /home/luka/ws_moveit/install/moveit_core/include/moveit_core/moveit/kinematics_base/kinematics_base.hpp
[1.713s] -- Up-to-date: /home/luka/ws_moveit/install/moveit_core/include/moveit_core/moveit_kinematics_base_export.h
[1.713s] -- Up-to-date: /home/luka/ws_moveit/install/moveit_core/include/moveit_core
[1.713s] -- Up-to-date: /home/luka/ws_moveit/install/moveit_core/include/moveit_core/moveit
[1.713s] -- Up-to-date: /home/luka/ws_moveit/install/moveit_core/include/moveit_core/moveit/kinematics_metrics
[1.713s] -- Up-to-date: /home/luka/ws_moveit/install/moveit_core/include/moveit_core/moveit/kinematics_metrics/kinematics_metrics.hpp
[1.714s] -- Up-to-date: /home/luka/ws_moveit/install/moveit_core/include/moveit_core/moveit/kinematics_metrics/kinematics_metrics.h
[1.714s] -- Up-to-date: /home/luka/ws_moveit/install/moveit_core/include/moveit_core
[1.714s] -- Up-to-date: /home/luka/ws_moveit/install/moveit_core/include/moveit_core/moveit
[1.714s] -- Up-to-date: /home/luka/ws_moveit/install/moveit_core/include/moveit_core/moveit/macros
[1.714s] -- Up-to-date: /home/luka/ws_moveit/install/moveit_core/include/moveit_core/moveit/macros/class_forward.hpp
[1.714s] -- Up-to-date: /home/luka/ws_moveit/install/moveit_core/include/moveit_core/moveit/macros/console_colors.hpp
[1.714s] -- Up-to-date: /home/luka/ws_moveit/install/moveit_core/include/moveit_core/moveit/macros/declare_ptr.hpp
[1.715s] -- Up-to-date: /home/luka/ws_moveit/install/moveit_core/include/moveit_core/moveit/macros/class_forward.h
[1.715s] -- Up-to-date: /home/luka/ws_moveit/install/moveit_core/include/moveit_core/moveit/macros/declare_ptr.h
[1.715s] -- Up-to-date: /home/luka/ws_moveit/install/moveit_core/include/moveit_core/moveit/macros/console_colors.h
[1.715s] -- Up-to-date: /home/luka/ws_moveit/install/moveit_core/include/moveit_core
[1.715s] -- Up-to-date: /home/luka/ws_moveit/install/moveit_core/include/moveit_core/moveit_butterworth_filter_parameters.hpp
[1.715s] -- Up-to-date: /home/luka/ws_moveit/install/moveit_core/include/moveit_core/moveit_acceleration_filter_parameters.hpp
[1.716s] -- Up-to-date: /home/luka/ws_moveit/install/moveit_core/include/moveit_core/moveit_ruckig_filter_parameters.hpp
[1.716s] -- Up-to-date: /home/luka/ws_moveit/install/moveit_core/include/moveit_core
[1.716s] -- Up-to-date: /home/luka/ws_moveit/install/moveit_core/include/moveit_core/moveit_butterworth_filter_parameters.hpp
[1.716s] -- Up-to-date: /home/luka/ws_moveit/install/moveit_core/include/moveit_core/moveit_acceleration_filter_parameters.hpp
[1.716s] -- Up-to-date: /home/luka/ws_moveit/install/moveit_core/include/moveit_core/moveit_ruckig_filter_parameters.hpp
[1.716s] -- Up-to-date: /home/luka/ws_moveit/install/moveit_core/include/moveit_core
[1.716s] -- Up-to-date: /home/luka/ws_moveit/install/moveit_core/include/moveit_core/moveit_butterworth_filter_parameters.hpp
[1.717s] -- Up-to-date: /home/luka/ws_moveit/install/moveit_core/include/moveit_core/moveit_acceleration_filter_parameters.hpp
[1.717s] -- Up-to-date: /home/luka/ws_moveit/install/moveit_core/include/moveit_core/moveit_ruckig_filter_parameters.hpp
[1.717s] -- Up-to-date: /home/luka/ws_moveit/install/moveit_core/include/moveit_core
[1.717s] -- Up-to-date: /home/luka/ws_moveit/install/moveit_core/include/moveit_core/moveit
[1.717s] -- Up-to-date: /home/luka/ws_moveit/install/moveit_core/include/moveit_core/moveit/online_signal_smoothing
[1.717s] -- Up-to-date: /home/luka/ws_moveit/install/moveit_core/include/moveit_core/moveit/online_signal_smoothing/butterworth_filter.hpp
[1.717s] -- Up-to-date: /home/luka/ws_moveit/install/moveit_core/include/moveit_core/moveit/online_signal_smoothing/ruckig_filter.hpp
[1.718s] -- Up-to-date: /home/luka/ws_moveit/install/moveit_core/include/moveit_core/moveit/online_signal_smoothing/ruckig_filter.h
[1.718s] -- Up-to-date: /home/luka/ws_moveit/install/moveit_core/include/moveit_core/moveit/online_signal_smoothing/acceleration_filter.h
[1.718s] -- Up-to-date: /home/luka/ws_moveit/install/moveit_core/include/moveit_core/moveit/online_signal_smoothing/smoothing_base_class.h
[1.718s] -- Up-to-date: /home/luka/ws_moveit/install/moveit_core/include/moveit_core/moveit/online_signal_smoothing/butterworth_filter.h
[1.718s] -- Up-to-date: /home/luka/ws_moveit/install/moveit_core/include/moveit_core/moveit/online_signal_smoothing/acceleration_filter.hpp
[1.718s] -- Up-to-date: /home/luka/ws_moveit/install/moveit_core/include/moveit_core/moveit/online_signal_smoothing/smoothing_base_class.hpp
[1.719s] -- Up-to-date: /home/luka/ws_moveit/install/moveit_core/include/moveit_core/moveit_smoothing_base_export.h
[1.719s] -- Up-to-date: /home/luka/ws_moveit/install/moveit_core/include/moveit_core/moveit_acceleration_filter_export.h
[1.719s] -- Up-to-date: /home/luka/ws_moveit/install/moveit_core/include/moveit_core/moveit_butterworth_filter_export.h
[1.719s] -- Up-to-date: /home/luka/ws_moveit/install/moveit_core/include/moveit_core/moveit_ruckig_filter_export.h
[1.719s] -- Up-to-date: /home/luka/ws_moveit/install/moveit_core/include/moveit_core
[1.719s] -- Up-to-date: /home/luka/ws_moveit/install/moveit_core/include/moveit_core/moveit
[1.719s] -- Up-to-date: /home/luka/ws_moveit/install/moveit_core/include/moveit_core/moveit/planning_interface
[1.720s] -- Up-to-date: /home/luka/ws_moveit/install/moveit_core/include/moveit_core/moveit/planning_interface/planning_request_adapter.hpp
[1.720s] -- Up-to-date: /home/luka/ws_moveit/install/moveit_core/include/moveit_core/moveit/planning_interface/planning_request_adapter.h
[1.720s] -- Up-to-date: /home/luka/ws_moveit/install/moveit_core/include/moveit_core/moveit/planning_interface/planning_request.h
[1.720s] -- Up-to-date: /home/luka/ws_moveit/install/moveit_core/include/moveit_core/moveit/planning_interface/planning_interface.h
[1.720s] -- Up-to-date: /home/luka/ws_moveit/install/moveit_core/include/moveit_core/moveit/planning_interface/planning_response.hpp
[1.720s] -- Up-to-date: /home/luka/ws_moveit/install/moveit_core/include/moveit_core/moveit/planning_interface/planning_request.hpp
[1.721s] -- Up-to-date: /home/luka/ws_moveit/install/moveit_core/include/moveit_core/moveit/planning_interface/planning_response_adapter.h
[1.721s] -- Up-to-date: /home/luka/ws_moveit/install/moveit_core/include/moveit_core/moveit/planning_interface/planning_interface.hpp
[1.721s] -- Up-to-date: /home/luka/ws_moveit/install/moveit_core/include/moveit_core/moveit/planning_interface/planning_response.h
[1.721s] -- Up-to-date: /home/luka/ws_moveit/install/moveit_core/include/moveit_core/moveit/planning_interface/planning_response_adapter.hpp
[1.721s] -- Up-to-date: /home/luka/ws_moveit/install/moveit_core/include/moveit_core
[1.721s] -- Up-to-date: /home/luka/ws_moveit/install/moveit_core/include/moveit_core/moveit
[1.721s] -- Up-to-date: /home/luka/ws_moveit/install/moveit_core/include/moveit_core/moveit/planning_scene
[1.722s] -- Up-to-date: /home/luka/ws_moveit/install/moveit_core/include/moveit_core/moveit/planning_scene/planning_scene.hpp
[1.722s] -- Up-to-date: /home/luka/ws_moveit/install/moveit_core/include/moveit_core/moveit/planning_scene/planning_scene.h
[1.722s] -- Up-to-date: /home/luka/ws_moveit/install/moveit_core/include/moveit_core/moveit_planning_scene_export.h
[1.722s] -- Up-to-date: /home/luka/ws_moveit/install/moveit_core/include/moveit_core
[1.722s] -- Up-to-date: /home/luka/ws_moveit/install/moveit_core/include/moveit_core/moveit
[1.722s] -- Up-to-date: /home/luka/ws_moveit/install/moveit_core/include/moveit_core/moveit/robot_model
[1.723s] -- Up-to-date: /home/luka/ws_moveit/install/moveit_core/include/moveit_core/moveit/robot_model/revolute_joint_model.h
[1.723s] -- Up-to-date: /home/luka/ws_moveit/install/moveit_core/include/moveit_core/moveit/robot_model/robot_model.hpp
[1.723s] -- Up-to-date: /home/luka/ws_moveit/install/moveit_core/include/moveit_core/moveit/robot_model/joint_model_group.hpp
[1.723s] -- Up-to-date: /home/luka/ws_moveit/install/moveit_core/include/moveit_core/moveit/robot_model/floating_joint_model.h
[1.723s] -- Up-to-date: /home/luka/ws_moveit/install/moveit_core/include/moveit_core/moveit/robot_model/fixed_joint_model.h
[1.723s] -- Up-to-date: /home/luka/ws_moveit/install/moveit_core/include/moveit_core/moveit/robot_model/robot_model.h
[1.723s] -- Up-to-date: /home/luka/ws_moveit/install/moveit_core/include/moveit_core/moveit/robot_model/joint_model_group.h
[1.724s] -- Up-to-date: /home/luka/ws_moveit/install/moveit_core/include/moveit_core/moveit/robot_model/link_model.h
[1.724s] -- Up-to-date: /home/luka/ws_moveit/install/moveit_core/include/moveit_core/moveit/robot_model/link_model.hpp
[1.724s] -- Up-to-date: /home/luka/ws_moveit/install/moveit_core/include/moveit_core/moveit/robot_model/fixed_joint_model.hpp
[1.724s] -- Up-to-date: /home/luka/ws_moveit/install/moveit_core/include/moveit_core/moveit/robot_model/prismatic_joint_model.h
[1.724s] -- Up-to-date: /home/luka/ws_moveit/install/moveit_core/include/moveit_core/moveit/robot_model/aabb.hpp
[1.724s] -- Up-to-date: /home/luka/ws_moveit/install/moveit_core/include/moveit_core/moveit/robot_model/aabb.h
[1.724s] -- Up-to-date: /home/luka/ws_moveit/install/moveit_core/include/moveit_core/moveit/robot_model/revolute_joint_model.hpp
[1.724s] -- Up-to-date: /home/luka/ws_moveit/install/moveit_core/include/moveit_core/moveit/robot_model/planar_joint_model.hpp
[1.725s] -- Up-to-date: /home/luka/ws_moveit/install/moveit_core/include/moveit_core/moveit/robot_model/joint_model.hpp
[1.725s] -- Up-to-date: /home/luka/ws_moveit/install/moveit_core/include/moveit_core/moveit/robot_model/prismatic_joint_model.hpp
[1.725s] -- Up-to-date: /home/luka/ws_moveit/install/moveit_core/include/moveit_core/moveit/robot_model/floating_joint_model.hpp
[1.725s] -- Up-to-date: /home/luka/ws_moveit/install/moveit_core/include/moveit_core/moveit/robot_model/joint_model.h
[1.725s] -- Up-to-date: /home/luka/ws_moveit/install/moveit_core/include/moveit_core/moveit/robot_model/planar_joint_model.h
[1.725s] -- Up-to-date: /home/luka/ws_moveit/install/moveit_core/include/moveit_core
[1.725s] -- Up-to-date: /home/luka/ws_moveit/install/moveit_core/include/moveit_core/moveit
[1.725s] -- Up-to-date: /home/luka/ws_moveit/install/moveit_core/include/moveit_core/moveit/robot_state
[1.725s] -- Up-to-date: /home/luka/ws_moveit/install/moveit_core/include/moveit_core/moveit/robot_state/cartesian_interpolator.h
[1.725s] -- Up-to-date: /home/luka/ws_moveit/install/moveit_core/include/moveit_core/moveit/robot_state/attached_body.h
[1.725s] -- Up-to-date: /home/luka/ws_moveit/install/moveit_core/include/moveit_core/moveit/robot_state/robot_state.hpp
[1.725s] -- Up-to-date: /home/luka/ws_moveit/install/moveit_core/include/moveit_core/moveit/robot_state/robot_state.h
[1.726s] -- Up-to-date: /home/luka/ws_moveit/install/moveit_core/include/moveit_core/moveit/robot_state/attached_body.hpp
[1.726s] -- Up-to-date: /home/luka/ws_moveit/install/moveit_core/include/moveit_core/moveit/robot_state/conversions.hpp
[1.726s] -- Up-to-date: /home/luka/ws_moveit/install/moveit_core/include/moveit_core/moveit/robot_state/cartesian_interpolator.hpp
[1.726s] -- Up-to-date: /home/luka/ws_moveit/install/moveit_core/include/moveit_core/moveit/robot_state/conversions.h
[1.726s] -- Up-to-date: /home/luka/ws_moveit/install/moveit_core/include/moveit_core
[1.726s] -- Up-to-date: /home/luka/ws_moveit/install/moveit_core/include/moveit_core/moveit
[1.727s] -- Up-to-date: /home/luka/ws_moveit/install/moveit_core/include/moveit_core/moveit/robot_trajectory
[1.727s] -- Up-to-date: /home/luka/ws_moveit/install/moveit_core/include/moveit_core/moveit/robot_trajectory/robot_trajectory.h
[1.727s] -- Up-to-date: /home/luka/ws_moveit/install/moveit_core/include/moveit_core/moveit/robot_trajectory/robot_trajectory.hpp
[1.727s] -- Up-to-date: /home/luka/ws_moveit/install/moveit_core/include/moveit_core
[1.727s] -- Up-to-date: /home/luka/ws_moveit/install/moveit_core/include/moveit_core/moveit
[1.727s] -- Up-to-date: /home/luka/ws_moveit/install/moveit_core/include/moveit_core/moveit/trajectory_processing
[1.727s] -- Up-to-date: /home/luka/ws_moveit/install/moveit_core/include/moveit_core/moveit/trajectory_processing/time_parameterization.h
[1.727s] -- Up-to-date: /home/luka/ws_moveit/install/moveit_core/include/moveit_core/moveit/trajectory_processing/time_parameterization.hpp
[1.728s] -- Up-to-date: /home/luka/ws_moveit/install/moveit_core/include/moveit_core/moveit/trajectory_processing/trajectory_tools.hpp
[1.728s] -- Up-to-date: /home/luka/ws_moveit/install/moveit_core/include/moveit_core/moveit/trajectory_processing/ruckig_traj_smoothing.h
[1.728s] -- Up-to-date: /home/luka/ws_moveit/install/moveit_core/include/moveit_core/moveit/trajectory_processing/ruckig_traj_smoothing.hpp
[1.728s] -- Up-to-date: /home/luka/ws_moveit/install/moveit_core/include/moveit_core/moveit/trajectory_processing/trajectory_tools.h
[1.728s] -- Up-to-date: /home/luka/ws_moveit/install/moveit_core/include/moveit_core/moveit/trajectory_processing/time_optimal_trajectory_generation.h
[1.728s] -- Up-to-date: /home/luka/ws_moveit/install/moveit_core/include/moveit_core/moveit/trajectory_processing/time_optimal_trajectory_generation.hpp
[1.728s] -- Up-to-date: /home/luka/ws_moveit/install/moveit_core/include/moveit_core
[1.728s] -- Up-to-date: /home/luka/ws_moveit/install/moveit_core/include/moveit_core/moveit
[1.729s] -- Up-to-date: /home/luka/ws_moveit/install/moveit_core/include/moveit_core/moveit/transforms
[1.729s] -- Up-to-date: /home/luka/ws_moveit/install/moveit_core/include/moveit_core/moveit/transforms/transforms.h
[1.729s] -- Up-to-date: /home/luka/ws_moveit/install/moveit_core/include/moveit_core/moveit/transforms/transforms.hpp
[1.729s] -- Up-to-date: /home/luka/ws_moveit/install/moveit_core/include/moveit_core
[1.729s] -- Up-to-date: /home/luka/ws_moveit/install/moveit_core/include/moveit_core/moveit
[1.729s] -- Up-to-date: /home/luka/ws_moveit/install/moveit_core/include/moveit_core/moveit/utils
[1.729s] -- Up-to-date: /home/luka/ws_moveit/install/moveit_core/include/moveit_core/moveit/utils/logger.hpp
[1.730s] -- Up-to-date: /home/luka/ws_moveit/install/moveit_core/include/moveit_core/moveit/utils/lexical_casts.h
[1.730s] -- Up-to-date: /home/luka/ws_moveit/install/moveit_core/include/moveit_core/moveit/utils/robot_model_test_utils.h
[1.730s] -- Up-to-date: /home/luka/ws_moveit/install/moveit_core/include/moveit_core/moveit/utils/eigen_test_utils.hpp
[1.730s] -- Up-to-date: /home/luka/ws_moveit/install/moveit_core/include/moveit_core/moveit/utils/message_checks.hpp
[1.730s] -- Up-to-date: /home/luka/ws_moveit/install/moveit_core/include/moveit_core/moveit/utils/logger.h
[1.731s] -- Up-to-date: /home/luka/ws_moveit/install/moveit_core/include/moveit_core/moveit/utils/robot_model_test_utils.hpp
[1.731s] -- Up-to-date: /home/luka/ws_moveit/install/moveit_core/include/moveit_core/moveit/utils/rclcpp_utils.h
[1.731s] -- Up-to-date: /home/luka/ws_moveit/install/moveit_core/include/moveit_core/moveit/utils/rclcpp_utils.hpp
[1.731s] -- Up-to-date: /home/luka/ws_moveit/install/moveit_core/include/moveit_core/moveit/utils/moveit_error_code.hpp
[1.733s] -- Up-to-date: /home/luka/ws_moveit/install/moveit_core/include/moveit_core/moveit/utils/moveit_error_code.h
[1.733s] -- Up-to-date: /home/luka/ws_moveit/install/moveit_core/include/moveit_core/moveit/utils/message_checks.h
[1.733s] -- Up-to-date: /home/luka/ws_moveit/install/moveit_core/include/moveit_core/moveit/utils/lexical_casts.hpp
[1.733s] -- Up-to-date: /home/luka/ws_moveit/install/moveit_core/include/moveit_core/moveit/utils/eigen_test_utils.h
[1.733s] -- Up-to-date: /home/luka/ws_moveit/install/moveit_core/lib/moveit_core/logger_dut
[1.734s] -- Up-to-date: /home/luka/ws_moveit/install/moveit_core/include/moveit_core/moveit/version.hpp
[1.734s] -- Up-to-date: /home/luka/ws_moveit/install/moveit_core/bin/moveit_version
[1.734s] -- Up-to-date: /home/luka/ws_moveit/install/moveit_core/lib/libmoveit_collision_detection.so.2.14.1
[1.734s] -- Up-to-date: /home/luka/ws_moveit/install/moveit_core/lib/libmoveit_collision_detection.so
[1.734s] -- Up-to-date: /home/luka/ws_moveit/install/moveit_core/lib/libmoveit_collision_detection_bullet.so.2.14.1
[1.734s] -- Up-to-date: /home/luka/ws_moveit/install/moveit_core/lib/libmoveit_collision_detection_bullet.so
[1.734s] -- Up-to-date: /home/luka/ws_moveit/install/moveit_core/lib/libmoveit_collision_detection_fcl.so.2.14.1
[1.734s] -- Up-to-date: /home/luka/ws_moveit/install/moveit_core/lib/libmoveit_collision_detection_fcl.so
[1.734s] -- Up-to-date: /home/luka/ws_moveit/install/moveit_core/lib/libmoveit_collision_distance_field.so.2.14.1
[1.735s] -- Up-to-date: /home/luka/ws_moveit/install/moveit_core/lib/libmoveit_collision_distance_field.so
[1.735s] -- Up-to-date: /home/luka/ws_moveit/install/moveit_core/lib/libmoveit_constraint_samplers.so.2.14.1
[1.735s] -- Up-to-date: /home/luka/ws_moveit/install/moveit_core/lib/libmoveit_constraint_samplers.so
[1.735s] -- Up-to-date: /home/luka/ws_moveit/install/moveit_core/lib/libmoveit_distance_field.so.2.14.1
[1.735s] -- Up-to-date: /home/luka/ws_moveit/install/moveit_core/lib/libmoveit_distance_field.so
[1.735s] -- Up-to-date: /home/luka/ws_moveit/install/moveit_core/lib/libmoveit_dynamics_solver.so.2.14.1
[1.735s] -- Up-to-date: /home/luka/ws_moveit/install/moveit_core/lib/libmoveit_dynamics_solver.so
[1.735s] -- Up-to-date: /home/luka/ws_moveit/install/moveit_core/lib/libmoveit_exceptions.so.2.14.1
[1.735s] -- Up-to-date: /home/luka/ws_moveit/install/moveit_core/lib/libmoveit_exceptions.so
[1.735s] -- Up-to-date: /home/luka/ws_moveit/install/moveit_core/lib/libmoveit_kinematic_constraints.so.2.14.1
[1.735s] -- Up-to-date: /home/luka/ws_moveit/install/moveit_core/lib/libmoveit_kinematic_constraints.so
[1.735s] -- Up-to-date: /home/luka/ws_moveit/install/moveit_core/lib/libmoveit_kinematics_base.so
[1.736s] -- Up-to-date: /home/luka/ws_moveit/install/moveit_core/lib/libmoveit_kinematics_metrics.so.2.14.1
[1.736s] -- Up-to-date: /home/luka/ws_moveit/install/moveit_core/lib/libmoveit_kinematics_metrics.so
[1.736s] -- Up-to-date: /home/luka/ws_moveit/install/moveit_core/lib/libmoveit_planning_interface.so.2.14.1
[1.736s] -- Up-to-date: /home/luka/ws_moveit/install/moveit_core/lib/libmoveit_planning_interface.so
[1.736s] -- Up-to-date: /home/luka/ws_moveit/install/moveit_core/lib/libmoveit_planning_scene.so.2.14.1
[1.736s] -- Up-to-date: /home/luka/ws_moveit/install/moveit_core/lib/libmoveit_planning_scene.so
[1.736s] -- Up-to-date: /home/luka/ws_moveit/install/moveit_core/lib/libmoveit_robot_model.so.2.14.1
[1.736s] -- Up-to-date: /home/luka/ws_moveit/install/moveit_core/lib/libmoveit_robot_model.so
[1.736s] -- Up-to-date: /home/luka/ws_moveit/install/moveit_core/lib/libmoveit_robot_state.so.2.14.1
[1.736s] -- Up-to-date: /home/luka/ws_moveit/install/moveit_core/lib/libmoveit_robot_state.so
[1.736s] -- Up-to-date: /home/luka/ws_moveit/install/moveit_core/lib/libmoveit_robot_trajectory.so.2.14.1
[1.737s] -- Up-to-date: /home/luka/ws_moveit/install/moveit_core/lib/libmoveit_robot_trajectory.so
[1.737s] -- Up-to-date: /home/luka/ws_moveit/install/moveit_core/lib/libmoveit_smoothing_base.so.2.14.1
[1.737s] -- Up-to-date: /home/luka/ws_moveit/install/moveit_core/lib/libmoveit_smoothing_base.so
[1.737s] -- Up-to-date: /home/luka/ws_moveit/install/moveit_core/lib/libmoveit_test_utils.so.2.14.1
[1.737s] -- Up-to-date: /home/luka/ws_moveit/install/moveit_core/lib/libmoveit_test_utils.so
[1.737s] -- Up-to-date: /home/luka/ws_moveit/install/moveit_core/lib/libmoveit_trajectory_processing.so.2.14.1
[1.737s] -- Up-to-date: /home/luka/ws_moveit/install/moveit_core/lib/libmoveit_trajectory_processing.so
[1.737s] -- Up-to-date: /home/luka/ws_moveit/install/moveit_core/lib/libmoveit_transforms.so.2.14.1
[1.737s] -- Up-to-date: /home/luka/ws_moveit/install/moveit_core/lib/libmoveit_transforms.so
[1.737s] -- Up-to-date: /home/luka/ws_moveit/install/moveit_core/lib/libmoveit_utils.so.2.14.1
[1.738s] -- Up-to-date: /home/luka/ws_moveit/install/moveit_core/lib/libmoveit_utils.so
[1.738s] -- Up-to-date: /home/luka/ws_moveit/install/moveit_core/lib/libcollision_detector_bullet_plugin.so.2.14.1
[1.738s] -- Up-to-date: /home/luka/ws_moveit/install/moveit_core/lib/libcollision_detector_bullet_plugin.so
[1.738s] -- Up-to-date: /home/luka/ws_moveit/install/moveit_core/lib/libcollision_detector_fcl_plugin.so.2.14.1
[1.738s] -- Up-to-date: /home/luka/ws_moveit/install/moveit_core/lib/libcollision_detector_fcl_plugin.so
[1.738s] -- Up-to-date: /home/luka/ws_moveit/install/moveit_core/lib/libmoveit_acceleration_filter.so.2.14.1
[1.739s] -- Up-to-date: /home/luka/ws_moveit/install/moveit_core/lib/libmoveit_acceleration_filter.so
[1.739s] -- Up-to-date: /home/luka/ws_moveit/install/moveit_core/lib/libmoveit_butterworth_filter.so.2.14.1
[1.739s] -- Up-to-date: /home/luka/ws_moveit/install/moveit_core/lib/libmoveit_butterworth_filter.so
[1.739s] -- Up-to-date: /home/luka/ws_moveit/install/moveit_core/lib/libmoveit_ruckig_filter.so.2.14.1
[1.739s] -- Up-to-date: /home/luka/ws_moveit/install/moveit_core/lib/libmoveit_ruckig_filter.so
[1.739s] -- Up-to-date: /home/luka/ws_moveit/install/moveit_core/share/moveit_core/environment/library_path.sh
[1.739s] -- Up-to-date: /home/luka/ws_moveit/install/moveit_core/share/moveit_core/environment/library_path.dsv
[1.740s] -- Up-to-date: /home/luka/ws_moveit/install/moveit_core/share/moveit_core/collision_detector_fcl_description.xml
[1.740s] -- Up-to-date: /home/luka/ws_moveit/install/moveit_core/share/moveit_core/collision_detector_bullet_description.xml
[1.740s] -- Up-to-date: /home/luka/ws_moveit/install/moveit_core/share/moveit_core/filter_plugin_acceleration.xml
[1.740s] -- Up-to-date: /home/luka/ws_moveit/install/moveit_core/share/moveit_core/filter_plugin_butterworth.xml
[1.740s] -- Up-to-date: /home/luka/ws_moveit/install/moveit_core/share/moveit_core/filter_plugin_ruckig.xml
[1.740s] -- Up-to-date: /home/luka/ws_moveit/install/moveit_core/share/ament_index/resource_index/package_run_dependencies/moveit_core
[1.740s] -- Up-to-date: /home/luka/ws_moveit/install/moveit_core/share/ament_index/resource_index/parent_prefix_path/moveit_core
[1.741s] -- Up-to-date: /home/luka/ws_moveit/install/moveit_core/share/moveit_core/environment/ament_prefix_path.sh
[1.741s] -- Up-to-date: /home/luka/ws_moveit/install/moveit_core/share/moveit_core/environment/ament_prefix_path.dsv
[1.741s] -- Up-to-date: /home/luka/ws_moveit/install/moveit_core/share/moveit_core/environment/path.sh
[1.741s] -- Up-to-date: /home/luka/ws_moveit/install/moveit_core/share/moveit_core/environment/path.dsv
[1.741s] -- Up-to-date: /home/luka/ws_moveit/install/moveit_core/share/moveit_core/local_setup.bash
[1.741s] -- Up-to-date: /home/luka/ws_moveit/install/moveit_core/share/moveit_core/local_setup.sh
[1.741s] -- Up-to-date: /home/luka/ws_moveit/install/moveit_core/share/moveit_core/local_setup.zsh
[1.741s] -- Up-to-date: /home/luka/ws_moveit/install/moveit_core/share/moveit_core/local_setup.dsv
[1.742s] -- Installing: /home/luka/ws_moveit/install/moveit_core/share/moveit_core/package.dsv
[1.742s] -- Up-to-date: /home/luka/ws_moveit/install/moveit_core/share/ament_index/resource_index/packages/moveit_core
[1.742s] -- Up-to-date: /home/luka/ws_moveit/install/moveit_core/share/ament_index/resource_index/moveit_core__pluginlib__plugin/moveit_core
[1.742s] -- Up-to-date: /home/luka/ws_moveit/install/moveit_core/share/moveit_core/cmake/moveit_coreTargetsExport.cmake
[1.742s] -- Up-to-date: /home/luka/ws_moveit/install/moveit_core/share/moveit_core/cmake/moveit_coreTargetsExport-release.cmake
[1.742s] -- Up-to-date: /home/luka/ws_moveit/install/moveit_core/share/moveit_core/cmake/ConfigExtras.cmake
[1.742s] -- Up-to-date: /home/luka/ws_moveit/install/moveit_core/share/moveit_core/cmake/ament_cmake_export_targets-extras.cmake
[1.742s] -- Up-to-date: /home/luka/ws_moveit/install/moveit_core/share/moveit_core/cmake/ament_cmake_export_dependencies-extras.cmake
[1.743s] -- Up-to-date: /home/luka/ws_moveit/install/moveit_core/share/moveit_core/cmake/moveit_coreConfig.cmake
[1.743s] -- Up-to-date: /home/luka/ws_moveit/install/moveit_core/share/moveit_core/cmake/moveit_coreConfig-version.cmake
[1.743s] -- Up-to-date: /home/luka/ws_moveit/install/moveit_core/share/moveit_core/package.xml
[1.743s] Invoked command in '/home/luka/ws_moveit/build/moveit_core' returned '0': AMENT_PREFIX_PATH=/home/luka/ws_moveit/install/moveit_resources_panda_moveit_config:/home/luka/ws_moveit/install/moveit_resources_pr2_description:/home/luka/ws_moveit/install/moveit_resources_panda_description:/home/luka/ws_moveit/install/moveit_msgs:/home/luka/ws_moveit/install/moveit_common:${AMENT_PREFIX_PATH} CMAKE_PREFIX_PATH=/home/luka/ws_moveit/install/moveit_resources_panda_moveit_config:/home/luka/ws_moveit/install/moveit_resources_pr2_description:/home/luka/ws_moveit/install/moveit_resources_panda_description:/home/luka/ws_moveit/install/moveit_msgs:/home/luka/ws_moveit/install/moveit_common:/opt/ros/jazzy/opt/gz_sim_vendor:/opt/ros/jazzy/opt/gz_sensors_vendor:/opt/ros/jazzy/opt/gz_physics_vendor:/opt/ros/jazzy/opt/sdformat_vendor:/opt/ros/jazzy/opt/gz_gui_vendor:/opt/ros/jazzy/opt/gz_transport_vendor:/opt/ros/jazzy/opt/gz_rendering_vendor:/opt/ros/jazzy/opt/gz_plugin_vendor:/opt/ros/jazzy/opt/gz_fuel_tools_vendor:/opt/ros/jazzy/opt/gz_msgs_vendor:/opt/ros/jazzy/opt/gz_common_vendor:/opt/ros/jazzy/opt/gz_math_vendor:/opt/ros/jazzy/opt/gz_utils_vendor:/opt/ros/jazzy/opt/gz_tools_vendor:/opt/ros/jazzy/opt/gz_ogre_next_vendor:/opt/ros/jazzy/opt/gz_dartsim_vendor:/opt/ros/jazzy/opt/gz_cmake_vendor:/opt/ros/jazzy DEBUGINFOD_URLS=https://debuginfod.ubuntu.com LD_LIBRARY_PATH=/home/luka/ws_moveit/install/moveit_msgs/lib:${LD_LIBRARY_PATH} PYTHONPATH=/home/luka/ws_moveit/install/moveit_msgs/lib/python3.12/site-packages:${PYTHONPATH} /usr/bin/cmake --install /home/luka/ws_moveit/build/moveit_core
