[0.019s] Invoking command in '/home/luka/ws_moveit/build/pick_ik': AMENT_PREFIX_PATH=/home/luka/ws_moveit/install/moveit_core:/home/luka/ws_moveit/install/moveit_resources_panda_moveit_config:/home/luka/ws_moveit/install/moveit_resources_pr2_description:/home/luka/ws_moveit/install/moveit_resources_panda_description:/home/luka/ws_moveit/install/moveit_msgs:/home/luka/ws_moveit/install/moveit_common:${AMENT_PREFIX_PATH} CMAKE_PREFIX_PATH=/home/luka/ws_moveit/install/moveit_core:/home/luka/ws_moveit/install/moveit_resources_panda_moveit_config:/home/luka/ws_moveit/install/moveit_resources_pr2_description:/home/luka/ws_moveit/install/moveit_resources_panda_description:/home/luka/ws_moveit/install/moveit_msgs:/home/luka/ws_moveit/install/moveit_common:/opt/ros/jazzy/opt/gz_sim_vendor:/opt/ros/jazzy/opt/gz_sensors_vendor:/opt/ros/jazzy/opt/gz_physics_vendor:/opt/ros/jazzy/opt/sdformat_vendor:/opt/ros/jazzy/opt/gz_gui_vendor:/opt/ros/jazzy/opt/gz_transport_vendor:/opt/ros/jazzy/opt/gz_rendering_vendor:/opt/ros/jazzy/opt/gz_plugin_vendor:/opt/ros/jazzy/opt/gz_fuel_tools_vendor:/opt/ros/jazzy/opt/gz_msgs_vendor:/opt/ros/jazzy/opt/gz_common_vendor:/opt/ros/jazzy/opt/gz_math_vendor:/opt/ros/jazzy/opt/gz_utils_vendor:/opt/ros/jazzy/opt/gz_tools_vendor:/opt/ros/jazzy/opt/gz_ogre_next_vendor:/opt/ros/jazzy/opt/gz_dartsim_vendor:/opt/ros/jazzy/opt/gz_cmake_vendor:/opt/ros/jazzy DEBUGINFOD_URLS=https://debuginfod.ubuntu.com LD_LIBRARY_PATH=/home/luka/ws_moveit/install/moveit_core/lib:/home/luka/ws_moveit/install/moveit_msgs/lib:${LD_LIBRARY_PATH} PATH=/home/luka/ws_moveit/install/moveit_core/bin:${PATH} PYTHONPATH=/home/luka/ws_moveit/install/moveit_msgs/lib/python3.12/site-packages:${PYTHONPATH} /usr/bin/cmake /home/luka/ws_moveit/src/pick_ik -DCMAKE_BUILD_TYPE=Release -DCMAKE_INSTALL_PREFIX=/home/luka/ws_moveit/install/pick_ik
[0.087s] -- The C compiler identification is GNU 13.3.0
[0.159s] -- The CXX compiler identification is GNU 13.3.0
[0.180s] -- Detecting C compiler ABI info
[0.289s] -- Detecting C compiler ABI info - done
[0.301s] -- Check for working C compiler: /usr/bin/cc - skipped
[0.302s] -- Detecting C compile features
[0.302s] -- Detecting C compile features - done
[0.314s] -- Detecting CXX compiler ABI info
[0.439s] -- Detecting CXX compiler ABI info - done
[0.451s] -- Check for working CXX compiler: /usr/bin/c++ - skipped
[0.452s] -- Detecting CXX compile features
[0.452s] -- Detecting CXX compile features - done
[0.458s] -- Found ament_cmake: 2.5.4 (/opt/ros/jazzy/share/ament_cmake/cmake)
[0.669s] -- Found Python3: /usr/bin/python3 (found version "3.12.3") found components: Interpreter 
[0.840s] -- Found ament_cmake_ros: 0.12.0 (/opt/ros/jazzy/share/ament_cmake_ros/cmake)
[0.867s] -- Found generate_parameter_library: 0.5.0 (/opt/ros/jazzy/share/generate_parameter_library/cmake)
[0.873s] -- Found parameter_traits: 0.5.0 (/opt/ros/jazzy/share/parameter_traits/cmake)
[0.952s] -- Found rosidl_generator_c: 4.6.6 (/opt/ros/jazzy/share/rosidl_generator_c/cmake)
[0.981s] -- Found rosidl_generator_cpp: 4.6.6 (/opt/ros/jazzy/share/rosidl_generator_cpp/cmake)
[1.013s] -- Using all available rosidl_typesupport_c: rosidl_typesupport_fastrtps_c;rosidl_typesupport_introspection_c
[1.043s] -- Using all available rosidl_typesupport_cpp: rosidl_typesupport_fastrtps_cpp;rosidl_typesupport_introspection_cpp
[1.176s] -- Found rmw_implementation_cmake: 7.3.2 (/opt/ros/jazzy/share/rmw_implementation_cmake/cmake)
[1.183s] -- Found rmw_fastrtps_cpp: 8.4.3 (/opt/ros/jazzy/share/rmw_fastrtps_cpp/cmake)
[1.313s] -- Found OpenSSL: /usr/lib/x86_64-linux-gnu/libcrypto.so (found version "3.0.13")  
[1.340s] -- Found FastRTPS: /opt/ros/jazzy/include (Required is at least version "2.13") 
[1.369s] -- Using RMW implementation 'rmw_fastrtps_cpp' as default
[1.533s] -- Found rclcpp_lifecycle: 28.1.13 (/opt/ros/jazzy/share/rclcpp_lifecycle/cmake)
[1.579s] -- Found moveit_core: 2.14.1 (/home/luka/ws_moveit/install/moveit_core/share/moveit_core/cmake)
[1.769s] -- Found Boost: /usr/lib/x86_64-linux-gnu/cmake/Boost-1.83.0/BoostConfig.cmake (found version "1.83.0") found components: chrono date_time filesystem iostreams program_options regex serialization system thread 
[1.876s] -- Found Boost: /usr/lib/x86_64-linux-gnu/cmake/Boost-1.83.0/BoostConfig.cmake (found version "1.83.0") found components: filesystem 
[2.109s] -- Found Eigen3: TRUE (found version "3.4.0") 
[2.109s] -- Ensuring Eigen3 include directory is part of orocos-kdl CMake target
[20.822s] -- Performing Test HAVE_FLAG__ffile_prefix_map__home_luka_ws_moveit_build_pick_ik__deps_catch2_src__
[20.942s] -- Performing Test HAVE_FLAG__ffile_prefix_map__home_luka_ws_moveit_build_pick_ik__deps_catch2_src__ - Success
[21.063s] -- Configuring done (21.0s)
[21.140s] -- Generating done (0.1s)
[21.158s] -- Build files have been written to: /home/luka/ws_moveit/build/pick_ik
[21.179s] Invoked command in '/home/luka/ws_moveit/build/pick_ik' returned '0': AMENT_PREFIX_PATH=/home/luka/ws_moveit/install/moveit_core:/home/luka/ws_moveit/install/moveit_resources_panda_moveit_config:/home/luka/ws_moveit/install/moveit_resources_pr2_description:/home/luka/ws_moveit/install/moveit_resources_panda_description:/home/luka/ws_moveit/install/moveit_msgs:/home/luka/ws_moveit/install/moveit_common:${AMENT_PREFIX_PATH} CMAKE_PREFIX_PATH=/home/luka/ws_moveit/install/moveit_core:/home/luka/ws_moveit/install/moveit_resources_panda_moveit_config:/home/luka/ws_moveit/install/moveit_resources_pr2_description:/home/luka/ws_moveit/install/moveit_resources_panda_description:/home/luka/ws_moveit/install/moveit_msgs:/home/luka/ws_moveit/install/moveit_common:/opt/ros/jazzy/opt/gz_sim_vendor:/opt/ros/jazzy/opt/gz_sensors_vendor:/opt/ros/jazzy/opt/gz_physics_vendor:/opt/ros/jazzy/opt/sdformat_vendor:/opt/ros/jazzy/opt/gz_gui_vendor:/opt/ros/jazzy/opt/gz_transport_vendor:/opt/ros/jazzy/opt/gz_rendering_vendor:/opt/ros/jazzy/opt/gz_plugin_vendor:/opt/ros/jazzy/opt/gz_fuel_tools_vendor:/opt/ros/jazzy/opt/gz_msgs_vendor:/opt/ros/jazzy/opt/gz_common_vendor:/opt/ros/jazzy/opt/gz_math_vendor:/opt/ros/jazzy/opt/gz_utils_vendor:/opt/ros/jazzy/opt/gz_tools_vendor:/opt/ros/jazzy/opt/gz_ogre_next_vendor:/opt/ros/jazzy/opt/gz_dartsim_vendor:/opt/ros/jazzy/opt/gz_cmake_vendor:/opt/ros/jazzy DEBUGINFOD_URLS=https://debuginfod.ubuntu.com LD_LIBRARY_PATH=/home/luka/ws_moveit/install/moveit_core/lib:/home/luka/ws_moveit/install/moveit_msgs/lib:${LD_LIBRARY_PATH} PATH=/home/luka/ws_moveit/install/moveit_core/bin:${PATH} PYTHONPATH=/home/luka/ws_moveit/install/moveit_msgs/lib/python3.12/site-packages:${PYTHONPATH} /usr/bin/cmake /home/luka/ws_moveit/src/pick_ik -DCMAKE_BUILD_TYPE=Release -DCMAKE_INSTALL_PREFIX=/home/luka/ws_moveit/install/pick_ik
[21.180s] Invoking command in '/home/luka/ws_moveit/build/pick_ik': AMENT_PREFIX_PATH=/home/luka/ws_moveit/install/moveit_core:/home/luka/ws_moveit/install/moveit_resources_panda_moveit_config:/home/luka/ws_moveit/install/moveit_resources_pr2_description:/home/luka/ws_moveit/install/moveit_resources_panda_description:/home/luka/ws_moveit/install/moveit_msgs:/home/luka/ws_moveit/install/moveit_common:${AMENT_PREFIX_PATH} CMAKE_PREFIX_PATH=/home/luka/ws_moveit/install/moveit_core:/home/luka/ws_moveit/install/moveit_resources_panda_moveit_config:/home/luka/ws_moveit/install/moveit_resources_pr2_description:/home/luka/ws_moveit/install/moveit_resources_panda_description:/home/luka/ws_moveit/install/moveit_msgs:/home/luka/ws_moveit/install/moveit_common:/opt/ros/jazzy/opt/gz_sim_vendor:/opt/ros/jazzy/opt/gz_sensors_vendor:/opt/ros/jazzy/opt/gz_physics_vendor:/opt/ros/jazzy/opt/sdformat_vendor:/opt/ros/jazzy/opt/gz_gui_vendor:/opt/ros/jazzy/opt/gz_transport_vendor:/opt/ros/jazzy/opt/gz_rendering_vendor:/opt/ros/jazzy/opt/gz_plugin_vendor:/opt/ros/jazzy/opt/gz_fuel_tools_vendor:/opt/ros/jazzy/opt/gz_msgs_vendor:/opt/ros/jazzy/opt/gz_common_vendor:/opt/ros/jazzy/opt/gz_math_vendor:/opt/ros/jazzy/opt/gz_utils_vendor:/opt/ros/jazzy/opt/gz_tools_vendor:/opt/ros/jazzy/opt/gz_ogre_next_vendor:/opt/ros/jazzy/opt/gz_dartsim_vendor:/opt/ros/jazzy/opt/gz_cmake_vendor:/opt/ros/jazzy DEBUGINFOD_URLS=https://debuginfod.ubuntu.com LD_LIBRARY_PATH=/home/luka/ws_moveit/install/moveit_core/lib:/home/luka/ws_moveit/install/moveit_msgs/lib:${LD_LIBRARY_PATH} PATH=/home/luka/ws_moveit/install/moveit_core/bin:${PATH} PYTHONPATH=/home/luka/ws_moveit/install/moveit_msgs/lib/python3.12/site-packages:${PYTHONPATH} /usr/bin/cmake --build /home/luka/ws_moveit/build/pick_ik -- -j4 -l4
[21.251s] [  1%] [34m[1mRunning `/opt/ros/jazzy/bin/generate_parameter_library_cpp /home/luka/ws_moveit/build/pick_ik/include/pick_ik/pick_ik_parameters.hpp /home/luka/ws_moveit/src/pick_ik/src/pick_ik_parameters.yaml `[0m
[21.266s] [  2%] [32mBuilding CXX object _deps/catch2-build/src/CMakeFiles/Catch2.dir/catch2/benchmark/catch_chronometer.cpp.o[0m
[21.266s] [  2%] [32mBuilding CXX object _deps/catch2-build/src/CMakeFiles/Catch2.dir/catch2/benchmark/detail/catch_benchmark_function.cpp.o[0m
[21.266s] [  3%] [32mBuilding CXX object _deps/catch2-build/src/CMakeFiles/Catch2.dir/catch2/benchmark/detail/catch_run_for_at_least.cpp.o[0m
[21.745s] [  4%] [32mBuilding CXX object _deps/catch2-build/src/CMakeFiles/Catch2.dir/catch2/benchmark/detail/catch_stats.cpp.o[0m
[21.784s] [  5%] [32mBuilding CXX object _deps/catch2-build/src/CMakeFiles/Catch2.dir/catch2/generators/catch_generator_exception.cpp.o[0m
[21.876s] [  5%] [32mBuilding CXX object _deps/catch2-build/src/CMakeFiles/Catch2.dir/catch2/generators/catch_generators.cpp.o[0m
[21.893s] [  6%] [32mBuilding CXX object _deps/catch2-build/src/CMakeFiles/Catch2.dir/catch2/generators/catch_generators_random.cpp.o[0m
[22.504s] [  7%] [32mBuilding CXX object _deps/catch2-build/src/CMakeFiles/Catch2.dir/catch2/reporters/catch_reporter_automake.cpp.o[0m
[23.012s] [  8%] [32mBuilding CXX object _deps/catch2-build/src/CMakeFiles/Catch2.dir/catch2/reporters/catch_reporter_common_base.cpp.o[0m
[23.339s] [  9%] [32mBuilding CXX object _deps/catch2-build/src/CMakeFiles/Catch2.dir/catch2/reporters/catch_reporter_compact.cpp.o[0m
[23.361s] [ 10%] [32mBuilding CXX object _deps/catch2-build/src/CMakeFiles/Catch2.dir/catch2/reporters/catch_reporter_console.cpp.o[0m
[23.772s] [ 11%] [34m[1mCreating deprecated header file /home/luka/ws_moveit/build/pick_ik/include/pick_ik_parameters.hpp[0m
[23.809s] [ 11%] Built target pick_ik_parameters
[23.826s] [ 11%] [32mBuilding CXX object _deps/catch2-build/src/CMakeFiles/Catch2.dir/catch2/reporters/catch_reporter_cumulative_base.cpp.o[0m
[23.948s] [ 12%] [32mBuilding CXX object CMakeFiles/pick_ik_plugin.dir/src/fk_moveit.cpp.o[0m
[25.157s] [ 13%] [32mBuilding CXX object _deps/catch2-build/src/CMakeFiles/Catch2.dir/catch2/reporters/catch_reporter_event_listener.cpp.o[0m
[25.348s] [ 13%] [32mBuilding CXX object CMakeFiles/pick_ik_plugin.dir/src/forward_kinematics.cpp.o[0m
[25.759s] [ 14%] [32mBuilding CXX object CMakeFiles/pick_ik_plugin.dir/src/pick_ik_plugin.cpp.o[0m
[25.893s] [ 15%] [32mBuilding CXX object _deps/catch2-build/src/CMakeFiles/Catch2.dir/catch2/reporters/catch_reporter_helpers.cpp.o[0m
[26.604s] In file included from [01m[K/home/luka/ws_moveit/src/pick_ik/include/pick_ik/fk_moveit.hpp:6[m[K,
[26.604s]                  from [01m[K/home/luka/ws_moveit/src/pick_ik/src/fk_moveit.cpp:1[m[K:
[26.604s] [01m[K/home/luka/ws_moveit/install/moveit_core/include/moveit_core/moveit/robot_model/joint_model_group.h:51:77:[m[K [01;36m[Knote: [m[K‘[01m[K#pragma message: .h header is obsolete. Please use the .hpp header instead.[m[K’
[26.604s]    51 | #pragma message(".h header is obsolete. Please use the .hpp header instead."[01;36m[K)[m[K
[26.604s]       |                                                                             [01;36m[K^[m[K
[26.827s] In file included from [01m[K/home/luka/ws_moveit/src/pick_ik/include/pick_ik/forward_kinematics.hpp:4[m[K,
[26.827s]                  from [01m[K/home/luka/ws_moveit/src/pick_ik/src/forward_kinematics.cpp:1[m[K:
[26.827s] [01m[K/home/luka/ws_moveit/install/moveit_core/include/moveit_core/moveit/robot_model/joint_model.h:51:77:[m[K [01;36m[Knote: [m[K‘[01m[K#pragma message: .h header is obsolete. Please use the .hpp header instead.[m[K’
[26.827s]    51 | #pragma message(".h header is obsolete. Please use the .hpp header instead."[01;36m[K)[m[K
[26.827s]       |                                                                             [01;36m[K^[m[K
[28.454s] In file included from [01m[K/home/luka/ws_moveit/src/pick_ik/include/pick_ik/forward_kinematics.hpp:5[m[K:
[28.454s] [01m[K/home/luka/ws_moveit/install/moveit_core/include/moveit_core/moveit/robot_model/robot_model.h:51:77:[m[K [01;36m[Knote: [m[K‘[01m[K#pragma message: .h header is obsolete. Please use the .hpp header instead.[m[K’
[28.454s]    51 | #pragma message(".h header is obsolete. Please use the .hpp header instead."[01;36m[K)[m[K
[28.454s]       |                                                                             [01;36m[K^[m[K
[28.582s] [ 16%] [32mBuilding CXX object _deps/catch2-build/src/CMakeFiles/Catch2.dir/catch2/reporters/catch_reporter_junit.cpp.o[0m
[28.952s] In file included from [01m[K/home/luka/ws_moveit/src/pick_ik/include/pick_ik/fk_moveit.hpp:6[m[K,
[28.952s]                  from [01m[K/home/luka/ws_moveit/src/pick_ik/src/pick_ik_plugin.cpp:1[m[K:
[28.952s] [01m[K/home/luka/ws_moveit/install/moveit_core/include/moveit_core/moveit/robot_model/joint_model_group.h:51:77:[m[K [01;36m[Knote: [m[K‘[01m[K#pragma message: .h header is obsolete. Please use the .hpp header instead.[m[K’
[28.952s]    51 | #pragma message(".h header is obsolete. Please use the .hpp header instead."[01;36m[K)[m[K
[28.953s]       |                                                                             [01;36m[K^[m[K
[29.570s] In file included from [01m[K/home/luka/ws_moveit/src/pick_ik/include/pick_ik/fk_moveit.hpp:7[m[K:
[29.570s] [01m[K/home/luka/ws_moveit/install/moveit_core/include/moveit_core/moveit/robot_model/robot_model.h:51:77:[m[K [01;36m[Knote: [m[K‘[01m[K#pragma message: .h header is obsolete. Please use the .hpp header instead.[m[K’
[29.573s]    51 | #pragma message(".h header is obsolete. Please use the .hpp header instead."[01;36m[K)[m[K
[29.573s]       |                                                                             [01;36m[K^[m[K
[29.627s] In file included from [01m[K/home/luka/ws_moveit/src/pick_ik/src/fk_moveit.cpp:6[m[K:
[29.627s] [01m[K/home/luka/ws_moveit/install/moveit_core/include/moveit_core/moveit/robot_state/robot_state.h:51:77:[m[K [01;36m[Knote: [m[K‘[01m[K#pragma message: .h header is obsolete. Please use the .hpp header instead.[m[K’
[29.628s]    51 | #pragma message(".h header is obsolete. Please use the .hpp header instead."[01;36m[K)[m[K
[29.628s]       |                                                                             [01;36m[K^[m[K
[30.495s] [ 17%] [32mBuilding CXX object _deps/catch2-build/src/CMakeFiles/Catch2.dir/catch2/reporters/catch_reporter_multi.cpp.o[0m
[31.569s] In file included from [01m[K/home/luka/ws_moveit/src/pick_ik/include/pick_ik/fk_moveit.hpp:7[m[K:
[31.569s] [01m[K/home/luka/ws_moveit/install/moveit_core/include/moveit_core/moveit/robot_model/robot_model.h:51:77:[m[K [01;36m[Knote: [m[K‘[01m[K#pragma message: .h header is obsolete. Please use the .hpp header instead.[m[K’
[31.569s]    51 | #pragma message(".h header is obsolete. Please use the .hpp header instead."[01;36m[K)[m[K
[31.569s]       |                                                                             [01;36m[K^[m[K
[31.648s] In file included from [01m[K/home/luka/ws_moveit/src/pick_ik/include/pick_ik/robot.hpp:6[m[K,
[31.648s]                  from [01m[K/home/luka/ws_moveit/src/pick_ik/include/pick_ik/goal.hpp:4[m[K,
[31.648s]                  from [01m[K/home/luka/ws_moveit/src/pick_ik/src/pick_ik_plugin.cpp:2[m[K:
[31.648s] [01m[K/home/luka/ws_moveit/install/moveit_core/include/moveit_core/moveit/robot_model/joint_model.h:51:77:[m[K [01;36m[Knote: [m[K‘[01m[K#pragma message: .h header is obsolete. Please use the .hpp header instead.[m[K’
[31.648s]    51 | #pragma message(".h header is obsolete. Please use the .hpp header instead."[01;36m[K)[m[K
[31.648s]       |                                                                             [01;36m[K^[m[K
[31.652s] In file included from [01m[K/home/luka/ws_moveit/src/pick_ik/include/pick_ik/goal.hpp:8[m[K:
[31.652s] [01m[K/home/luka/ws_moveit/install/moveit_core/include/moveit_core/moveit/kinematics_base/kinematics_base.h:50:77:[m[K [01;36m[Knote: [m[K‘[01m[K#pragma message: .h header is obsolete. Please use the .hpp header instead.[m[K’
[31.652s]    50 | #pragma message(".h header is obsolete. Please use the .hpp header instead."[01;36m[K)[m[K
[31.652s]       |                                                                             [01;36m[K^[m[K
[31.788s] In file included from [01m[K/home/luka/ws_moveit/src/pick_ik/src/pick_ik_plugin.cpp:7[m[K:
[31.788s] [01m[K/home/luka/ws_moveit/build/pick_ik/include/pick_ik_parameters.hpp:1:124:[m[K [01;36m[Knote: [m[K‘[01m[K#pragma message: #include "pick_ik_parameters.hpp" is deprecated. Use #include <pick_ik/pick_ik_parameters.hpp> instead.[m[K’
[31.788s]     1 | #pragma message("#include \"pick_ik_parameters.hpp\" is deprecated. Use #include <pick_ik/pick_ik_parameters.hpp> instead."[01;36m[K)[m[K
[31.788s]       |                                                                                                                            [01;36m[K^[m[K
[32.705s] [ 18%] [32mBuilding CXX object _deps/catch2-build/src/CMakeFiles/Catch2.dir/catch2/reporters/catch_reporter_registrars.cpp.o[0m
[33.285s] [ 18%] [32mBuilding CXX object _deps/catch2-build/src/CMakeFiles/Catch2.dir/catch2/reporters/catch_reporter_sonarqube.cpp.o[0m
[33.885s] [ 19%] [32mBuilding CXX object _deps/catch2-build/src/CMakeFiles/Catch2.dir/catch2/reporters/catch_reporter_streaming_base.cpp.o[0m
[33.983s] In file included from [01m[K/home/luka/ws_moveit/src/pick_ik/src/pick_ik_plugin.cpp:13[m[K:
[33.984s] [01m[K/home/luka/ws_moveit/install/moveit_core/include/moveit_core/moveit/robot_state/robot_state.h:51:77:[m[K [01;36m[Knote: [m[K‘[01m[K#pragma message: .h header is obsolete. Please use the .hpp header instead.[m[K’
[33.985s]    51 | #pragma message(".h header is obsolete. Please use the .hpp header instead."[01;36m[K)[m[K
[33.986s]       |                                                                             [01;36m[K^[m[K
[34.636s] [ 20%] [32mBuilding CXX object CMakeFiles/pick_ik_plugin.dir/src/goal.cpp.o[0m
[34.678s] [ 21%] [32mBuilding CXX object _deps/catch2-build/src/CMakeFiles/Catch2.dir/catch2/reporters/catch_reporter_tap.cpp.o[0m
[34.916s] [ 22%] [32mBuilding CXX object _deps/catch2-build/src/CMakeFiles/Catch2.dir/catch2/reporters/catch_reporter_teamcity.cpp.o[0m
[36.064s] [ 23%] [32mBuilding CXX object CMakeFiles/pick_ik_plugin.dir/src/ik_memetic.cpp.o[0m
[36.245s] [ 24%] [32mBuilding CXX object _deps/catch2-build/src/CMakeFiles/Catch2.dir/catch2/reporters/catch_reporter_xml.cpp.o[0m
[37.619s] In file included from [01m[K/home/luka/ws_moveit/src/pick_ik/include/pick_ik/fk_moveit.hpp:6[m[K,
[37.619s]                  from [01m[K/home/luka/ws_moveit/src/pick_ik/src/goal.cpp:1[m[K:
[37.619s] [01m[K/home/luka/ws_moveit/install/moveit_core/include/moveit_core/moveit/robot_model/joint_model_group.h:51:77:[m[K [01;36m[Knote: [m[K‘[01m[K#pragma message: .h header is obsolete. Please use the .hpp header instead.[m[K’
[37.620s]    51 | #pragma message(".h header is obsolete. Please use the .hpp header instead."[01;36m[K)[m[K
[37.620s]       |                                                                             [01;36m[K^[m[K
[37.975s] [ 25%] [32mBuilding CXX object _deps/catch2-build/src/CMakeFiles/Catch2.dir/catch2/interfaces/catch_interfaces_capture.cpp.o[0m
[38.413s] [ 25%] [32mBuilding CXX object _deps/catch2-build/src/CMakeFiles/Catch2.dir/catch2/interfaces/catch_interfaces_config.cpp.o[0m
[38.913s] [ 26%] [32mBuilding CXX object _deps/catch2-build/src/CMakeFiles/Catch2.dir/catch2/interfaces/catch_interfaces_exception.cpp.o[0m
[39.175s] In file included from [01m[K/home/luka/ws_moveit/src/pick_ik/include/pick_ik/fk_moveit.hpp:6[m[K,
[39.175s]                  from [01m[K/home/luka/ws_moveit/src/pick_ik/include/pick_ik/goal.hpp:3[m[K,
[39.175s]                  from [01m[K/home/luka/ws_moveit/src/pick_ik/src/ik_memetic.cpp:1[m[K:
[39.175s] [01m[K/home/luka/ws_moveit/install/moveit_core/include/moveit_core/moveit/robot_model/joint_model_group.h:51:77:[m[K [01;36m[Knote: [m[K‘[01m[K#pragma message: .h header is obsolete. Please use the .hpp header instead.[m[K’
[39.175s]    51 | #pragma message(".h header is obsolete. Please use the .hpp header instead."[01;36m[K)[m[K
[39.175s]       |                                                                             [01;36m[K^[m[K
[39.350s] [ 27%] [32mBuilding CXX object _deps/catch2-build/src/CMakeFiles/Catch2.dir/catch2/interfaces/catch_interfaces_generatortracker.cpp.o[0m
[39.803s] [ 28%] [32mBuilding CXX object _deps/catch2-build/src/CMakeFiles/Catch2.dir/catch2/interfaces/catch_interfaces_registry_hub.cpp.o[0m
[40.190s] [ 29%] [32mBuilding CXX object _deps/catch2-build/src/CMakeFiles/Catch2.dir/catch2/interfaces/catch_interfaces_reporter.cpp.o[0m
[40.277s] In file included from [01m[K/home/luka/ws_moveit/src/pick_ik/include/pick_ik/fk_moveit.hpp:7[m[K:
[40.278s] [01m[K/home/luka/ws_moveit/install/moveit_core/include/moveit_core/moveit/robot_model/robot_model.h:51:77:[m[K [01;36m[Knote: [m[K‘[01m[K#pragma message: .h header is obsolete. Please use the .hpp header instead.[m[K’
[40.278s]    51 | #pragma message(".h header is obsolete. Please use the .hpp header instead."[01;36m[K)[m[K
[40.278s]       |                                                                             [01;36m[K^[m[K
[40.353s] In file included from [01m[K/home/luka/ws_moveit/src/pick_ik/include/pick_ik/robot.hpp:6[m[K,
[40.354s]                  from [01m[K/home/luka/ws_moveit/src/pick_ik/include/pick_ik/goal.hpp:4[m[K,
[40.354s]                  from [01m[K/home/luka/ws_moveit/src/pick_ik/src/goal.cpp:2[m[K:
[40.354s] [01m[K/home/luka/ws_moveit/install/moveit_core/include/moveit_core/moveit/robot_model/joint_model.h:51:77:[m[K [01;36m[Knote: [m[K‘[01m[K#pragma message: .h header is obsolete. Please use the .hpp header instead.[m[K’
[40.354s]    51 | #pragma message(".h header is obsolete. Please use the .hpp header instead."[01;36m[K)[m[K
[40.354s]       |                                                                             [01;36m[K^[m[K
[40.358s] In file included from [01m[K/home/luka/ws_moveit/src/pick_ik/include/pick_ik/goal.hpp:8[m[K:
[40.358s] [01m[K/home/luka/ws_moveit/install/moveit_core/include/moveit_core/moveit/kinematics_base/kinematics_base.h:50:77:[m[K [01;36m[Knote: [m[K‘[01m[K#pragma message: .h header is obsolete. Please use the .hpp header instead.[m[K’
[40.358s]    50 | #pragma message(".h header is obsolete. Please use the .hpp header instead."[01;36m[K)[m[K
[40.358s]       |                                                                             [01;36m[K^[m[K
[40.364s] In file included from [01m[K/home/luka/ws_moveit/src/pick_ik/src/goal.cpp:11[m[K:
[40.364s] [01m[K/home/luka/ws_moveit/install/moveit_core/include/moveit_core/moveit/robot_state/robot_state.h:51:77:[m[K [01;36m[Knote: [m[K‘[01m[K#pragma message: .h header is obsolete. Please use the .hpp header instead.[m[K’
[40.364s]    51 | #pragma message(".h header is obsolete. Please use the .hpp header instead."[01;36m[K)[m[K
[40.364s]       |                                                                             [01;36m[K^[m[K
[41.487s] [ 29%] [32mBuilding CXX object _deps/catch2-build/src/CMakeFiles/Catch2.dir/catch2/interfaces/catch_interfaces_reporter_factory.cpp.o[0m
[41.883s] [ 30%] [32mBuilding CXX object _deps/catch2-build/src/CMakeFiles/Catch2.dir/catch2/interfaces/catch_interfaces_reporter_registry.cpp.o[0m
[41.916s] In file included from [01m[K/home/luka/ws_moveit/src/pick_ik/include/pick_ik/fk_moveit.hpp:7[m[K:
[41.917s] [01m[K/home/luka/ws_moveit/install/moveit_core/include/moveit_core/moveit/robot_model/robot_model.h:51:77:[m[K [01;36m[Knote: [m[K‘[01m[K#pragma message: .h header is obsolete. Please use the .hpp header instead.[m[K’
[41.917s]    51 | #pragma message(".h header is obsolete. Please use the .hpp header instead."[01;36m[K)[m[K
[41.917s]       |                                                                             [01;36m[K^[m[K
[41.994s] In file included from [01m[K/home/luka/ws_moveit/src/pick_ik/include/pick_ik/robot.hpp:6[m[K,
[41.995s]                  from [01m[K/home/luka/ws_moveit/src/pick_ik/include/pick_ik/goal.hpp:4[m[K:
[41.995s] [01m[K/home/luka/ws_moveit/install/moveit_core/include/moveit_core/moveit/robot_model/joint_model.h:51:77:[m[K [01;36m[Knote: [m[K‘[01m[K#pragma message: .h header is obsolete. Please use the .hpp header instead.[m[K’
[41.995s]    51 | #pragma message(".h header is obsolete. Please use the .hpp header instead."[01;36m[K)[m[K
[41.995s]       |                                                                             [01;36m[K^[m[K
[41.999s] In file included from [01m[K/home/luka/ws_moveit/src/pick_ik/include/pick_ik/goal.hpp:8[m[K:
[41.999s] [01m[K/home/luka/ws_moveit/install/moveit_core/include/moveit_core/moveit/kinematics_base/kinematics_base.h:50:77:[m[K [01;36m[Knote: [m[K‘[01m[K#pragma message: .h header is obsolete. Please use the .hpp header instead.[m[K’
[41.999s]    50 | #pragma message(".h header is obsolete. Please use the .hpp header instead."[01;36m[K)[m[K
[41.999s]       |                                                                             [01;36m[K^[m[K
[42.369s] [ 31%] [32mBuilding CXX object _deps/catch2-build/src/CMakeFiles/Catch2.dir/catch2/interfaces/catch_interfaces_testcase.cpp.o[0m
[42.681s] [ 32%] [32mBuilding CXX object _deps/catch2-build/src/CMakeFiles/Catch2.dir/catch2/catch_approx.cpp.o[0m
[43.585s] [ 33%] [32mBuilding CXX object _deps/catch2-build/src/CMakeFiles/Catch2.dir/catch2/catch_assertion_result.cpp.o[0m
[44.274s] [ 34%] [32mBuilding CXX object _deps/catch2-build/src/CMakeFiles/Catch2.dir/catch2/catch_config.cpp.o[0m
[46.222s] [ 34%] [32mBuilding CXX object _deps/catch2-build/src/CMakeFiles/Catch2.dir/catch2/catch_get_random_seed.cpp.o[0m
[46.768s] [ 35%] [32mBuilding CXX object CMakeFiles/pick_ik_plugin.dir/src/ik_gradient.cpp.o[0m
[46.876s] [ 36%] [32mBuilding CXX object _deps/catch2-build/src/CMakeFiles/Catch2.dir/catch2/catch_message.cpp.o[0m
[48.197s] [ 37%] [32mBuilding CXX object _deps/catch2-build/src/CMakeFiles/Catch2.dir/catch2/catch_registry_hub.cpp.o[0m
[48.689s] [ 38%] [32mBuilding CXX object _deps/catch2-build/src/CMakeFiles/Catch2.dir/catch2/catch_session.cpp.o[0m
[49.950s] [ 39%] [32mBuilding CXX object CMakeFiles/pick_ik_plugin.dir/src/robot.cpp.o[0m
[50.022s] In file included from [01m[K/home/luka/ws_moveit/src/pick_ik/include/pick_ik/fk_moveit.hpp:6[m[K,
[50.022s]                  from [01m[K/home/luka/ws_moveit/src/pick_ik/include/pick_ik/goal.hpp:3[m[K,
[50.023s]                  from [01m[K/home/luka/ws_moveit/src/pick_ik/src/ik_gradient.cpp:1[m[K:
[50.023s] [01m[K/home/luka/ws_moveit/install/moveit_core/include/moveit_core/moveit/robot_model/joint_model_group.h:51:77:[m[K [01;36m[Knote: [m[K‘[01m[K#pragma message: .h header is obsolete. Please use the .hpp header instead.[m[K’
[50.023s]    51 | #pragma message(".h header is obsolete. Please use the .hpp header instead."[01;36m[K)[m[K
[50.024s]       |                                                                             [01;36m[K^[m[K
[50.295s] [ 40%] [32mBuilding CXX object _deps/catch2-build/src/CMakeFiles/Catch2.dir/catch2/catch_tag_alias_autoregistrar.cpp.o[0m
[50.788s] [ 41%] [32mBuilding CXX object _deps/catch2-build/src/CMakeFiles/Catch2.dir/catch2/catch_test_case_info.cpp.o[0m
[52.237s] [ 41%] [32mBuilding CXX object _deps/catch2-build/src/CMakeFiles/Catch2.dir/catch2/catch_test_spec.cpp.o[0m
[52.711s] [ 42%] [32mBuilding CXX object _deps/catch2-build/src/CMakeFiles/Catch2.dir/catch2/catch_timer.cpp.o[0m
[52.869s] [ 43%] [32mBuilding CXX object _deps/catch2-build/src/CMakeFiles/Catch2.dir/catch2/catch_tostring.cpp.o[0m
[53.065s] In file included from [01m[K/home/luka/ws_moveit/src/pick_ik/include/pick_ik/robot.hpp:6[m[K,
[53.065s]                  from [01m[K/home/luka/ws_moveit/src/pick_ik/src/robot.cpp:1[m[K:
[53.066s] [01m[K/home/luka/ws_moveit/install/moveit_core/include/moveit_core/moveit/robot_model/joint_model.h:51:77:[m[K [01;36m[Knote: [m[K‘[01m[K#pragma message: .h header is obsolete. Please use the .hpp header instead.[m[K’
[53.066s]    51 | #pragma message(".h header is obsolete. Please use the .hpp header instead."[01;36m[K)[m[K
[53.066s]       |                                                                             [01;36m[K^[m[K
[53.093s] In file included from [01m[K/home/luka/ws_moveit/src/pick_ik/include/pick_ik/fk_moveit.hpp:7[m[K:
[53.093s] [01m[K/home/luka/ws_moveit/install/moveit_core/include/moveit_core/moveit/robot_model/robot_model.h:51:77:[m[K [01;36m[Knote: [m[K‘[01m[K#pragma message: .h header is obsolete. Please use the .hpp header instead.[m[K’
[53.093s]    51 | #pragma message(".h header is obsolete. Please use the .hpp header instead."[01;36m[K)[m[K
[53.093s]       |                                                                             [01;36m[K^[m[K
[53.169s] In file included from [01m[K/home/luka/ws_moveit/src/pick_ik/include/pick_ik/robot.hpp:6[m[K,
[53.169s]                  from [01m[K/home/luka/ws_moveit/src/pick_ik/include/pick_ik/goal.hpp:4[m[K:
[53.169s] [01m[K/home/luka/ws_moveit/install/moveit_core/include/moveit_core/moveit/robot_model/joint_model.h:51:77:[m[K [01;36m[Knote: [m[K‘[01m[K#pragma message: .h header is obsolete. Please use the .hpp header instead.[m[K’
[53.169s]    51 | #pragma message(".h header is obsolete. Please use the .hpp header instead."[01;36m[K)[m[K
[53.169s]       |                                                                             [01;36m[K^[m[K
[53.175s] In file included from [01m[K/home/luka/ws_moveit/src/pick_ik/include/pick_ik/goal.hpp:8[m[K:
[53.175s] [01m[K/home/luka/ws_moveit/install/moveit_core/include/moveit_core/moveit/kinematics_base/kinematics_base.h:50:77:[m[K [01;36m[Knote: [m[K‘[01m[K#pragma message: .h header is obsolete. Please use the .hpp header instead.[m[K’
[53.175s]    50 | #pragma message(".h header is obsolete. Please use the .hpp header instead."[01;36m[K)[m[K
[53.175s]       |                                                                             [01;36m[K^[m[K
[53.409s] In file included from [01m[K/home/luka/ws_moveit/src/pick_ik/include/pick_ik/robot.hpp:7[m[K:
[53.409s] [01m[K/home/luka/ws_moveit/install/moveit_core/include/moveit_core/moveit/robot_model/joint_model_group.h:51:77:[m[K [01;36m[Knote: [m[K‘[01m[K#pragma message: .h header is obsolete. Please use the .hpp header instead.[m[K’
[53.409s]    51 | #pragma message(".h header is obsolete. Please use the .hpp header instead."[01;36m[K)[m[K
[53.414s]       |                                                                             [01;36m[K^[m[K
[53.564s] [ 44%] [32mBuilding CXX object _deps/catch2-build/src/CMakeFiles/Catch2.dir/catch2/catch_totals.cpp.o[0m
[53.667s] [ 45%] [32mBuilding CXX object _deps/catch2-build/src/CMakeFiles/Catch2.dir/catch2/catch_version.cpp.o[0m
[54.365s] [ 46%] [32mBuilding CXX object _deps/catch2-build/src/CMakeFiles/Catch2.dir/catch2/internal/catch_assertion_handler.cpp.o[0m
[54.527s] [ 46%] [32mBuilding CXX object _deps/catch2-build/src/CMakeFiles/Catch2.dir/catch2/internal/catch_case_insensitive_comparisons.cpp.o[0m
[55.246s] [ 47%] [32mBuilding CXX object _deps/catch2-build/src/CMakeFiles/Catch2.dir/catch2/internal/catch_clara.cpp.o[0m
[55.287s] [ 48%] [32mBuilding CXX object _deps/catch2-build/src/CMakeFiles/Catch2.dir/catch2/internal/catch_commandline.cpp.o[0m
[55.826s] In file included from [01m[K/home/luka/ws_moveit/src/pick_ik/include/pick_ik/robot.hpp:8[m[K:
[55.827s] [01m[K/home/luka/ws_moveit/install/moveit_core/include/moveit_core/moveit/robot_model/robot_model.h:51:77:[m[K [01;36m[Knote: [m[K‘[01m[K#pragma message: .h header is obsolete. Please use the .hpp header instead.[m[K’
[55.827s]    51 | #pragma message(".h header is obsolete. Please use the .hpp header instead."[01;36m[K)[m[K
[55.827s]       |                                                                             [01;36m[K^[m[K
[57.465s] [ 49%] [32mBuilding CXX object _deps/catch2-build/src/CMakeFiles/Catch2.dir/catch2/internal/catch_console_colour.cpp.o[0m
[58.541s] [ 50%] [32mBuilding CXX object _deps/catch2-build/src/CMakeFiles/Catch2.dir/catch2/internal/catch_context.cpp.o[0m
[58.631s] [ 50%] [32mBuilding CXX object _deps/catch2-build/src/CMakeFiles/Catch2.dir/catch2/internal/catch_debug_console.cpp.o[0m
[59.069s] In file included from [01m[K/home/luka/ws_moveit/src/pick_ik/src/robot.cpp:14[m[K:
[59.069s] [01m[K/home/luka/ws_moveit/install/moveit_core/include/moveit_core/moveit/robot_state/robot_state.h:51:77:[m[K [01;36m[Knote: [m[K‘[01m[K#pragma message: .h header is obsolete. Please use the .hpp header instead.[m[K’
[59.069s]    51 | #pragma message(".h header is obsolete. Please use the .hpp header instead."[01;36m[K)[m[K
[59.070s]       |                                                                             [01;36m[K^[m[K
[59.165s] [ 51%] [32mBuilding CXX object _deps/catch2-build/src/CMakeFiles/Catch2.dir/catch2/internal/catch_debugger.cpp.o[0m
[61.227s] [ 52%] [32mBuilding CXX object _deps/catch2-build/src/CMakeFiles/Catch2.dir/catch2/internal/catch_enforce.cpp.o[0m
[61.585s] [ 53%] [32mBuilding CXX object _deps/catch2-build/src/CMakeFiles/Catch2.dir/catch2/internal/catch_enum_values_registry.cpp.o[0m
[62.126s] [ 54%] [32mBuilding CXX object _deps/catch2-build/src/CMakeFiles/Catch2.dir/catch2/internal/catch_errno_guard.cpp.o[0m
[62.166s] [ 54%] [32mBuilding CXX object _deps/catch2-build/src/CMakeFiles/Catch2.dir/catch2/internal/catch_exception_translator_registry.cpp.o[0m
[62.637s] [ 55%] [32mBuilding CXX object _deps/catch2-build/src/CMakeFiles/Catch2.dir/catch2/internal/catch_fatal_condition_handler.cpp.o[0m
[63.097s] [ 56%] [32mBuilding CXX object _deps/catch2-build/src/CMakeFiles/Catch2.dir/catch2/internal/catch_floating_point_helpers.cpp.o[0m
[63.308s] [ 57%] [32mBuilding CXX object _deps/catch2-build/src/CMakeFiles/Catch2.dir/catch2/internal/catch_getenv.cpp.o[0m
[63.361s] [ 58%] [32mBuilding CXX object _deps/catch2-build/src/CMakeFiles/Catch2.dir/catch2/internal/catch_istream.cpp.o[0m
[63.538s] [ 58%] [32m[1mLinking CXX shared library libpick_ik_plugin.so[0m
[63.804s] [ 58%] Built target pick_ik_plugin
[64.007s] [ 58%] [32mBuilding CXX object _deps/catch2-build/src/CMakeFiles/Catch2.dir/catch2/internal/catch_leak_detector.cpp.o[0m
[64.245s] [ 59%] [32mBuilding CXX object _deps/catch2-build/src/CMakeFiles/Catch2.dir/catch2/internal/catch_list.cpp.o[0m
[65.230s] [ 60%] [32mBuilding CXX object _deps/catch2-build/src/CMakeFiles/Catch2.dir/catch2/internal/catch_lazy_expr.cpp.o[0m
[65.231s] [ 61%] [32mBuilding CXX object _deps/catch2-build/src/CMakeFiles/Catch2.dir/catch2/internal/catch_message_info.cpp.o[0m
[65.530s] [ 62%] [32mBuilding CXX object _deps/catch2-build/src/CMakeFiles/Catch2.dir/catch2/internal/catch_output_redirect.cpp.o[0m
[65.695s] [ 63%] [32mBuilding CXX object _deps/catch2-build/src/CMakeFiles/Catch2.dir/catch2/internal/catch_parse_numbers.cpp.o[0m
[65.952s] [ 64%] [32mBuilding CXX object _deps/catch2-build/src/CMakeFiles/Catch2.dir/catch2/internal/catch_polyfills.cpp.o[0m
[66.057s] [ 64%] [32mBuilding CXX object _deps/catch2-build/src/CMakeFiles/Catch2.dir/catch2/internal/catch_random_number_generator.cpp.o[0m
[66.149s] [ 65%] [32mBuilding CXX object _deps/catch2-build/src/CMakeFiles/Catch2.dir/catch2/internal/catch_random_seed_generation.cpp.o[0m
[66.232s] [ 66%] [32mBuilding CXX object _deps/catch2-build/src/CMakeFiles/Catch2.dir/catch2/internal/catch_reporter_registry.cpp.o[0m
[66.727s] [ 67%] [32mBuilding CXX object _deps/catch2-build/src/CMakeFiles/Catch2.dir/catch2/internal/catch_reporter_spec_parser.cpp.o[0m
[67.334s] [ 68%] [32mBuilding CXX object _deps/catch2-build/src/CMakeFiles/Catch2.dir/catch2/internal/catch_result_type.cpp.o[0m
[67.377s] [ 68%] [32mBuilding CXX object _deps/catch2-build/src/CMakeFiles/Catch2.dir/catch2/internal/catch_reusable_string_stream.cpp.o[0m
[67.737s] [ 69%] [32mBuilding CXX object _deps/catch2-build/src/CMakeFiles/Catch2.dir/catch2/internal/catch_run_context.cpp.o[0m
[68.025s] [ 70%] [32mBuilding CXX object _deps/catch2-build/src/CMakeFiles/Catch2.dir/catch2/internal/catch_section.cpp.o[0m
[68.545s] [ 71%] [32mBuilding CXX object _deps/catch2-build/src/CMakeFiles/Catch2.dir/catch2/internal/catch_singletons.cpp.o[0m
[68.749s] [ 72%] [32mBuilding CXX object _deps/catch2-build/src/CMakeFiles/Catch2.dir/catch2/internal/catch_source_line_info.cpp.o[0m
[69.092s] [ 73%] [32mBuilding CXX object _deps/catch2-build/src/CMakeFiles/Catch2.dir/catch2/internal/catch_startup_exception_registry.cpp.o[0m
[69.155s] [ 73%] [32mBuilding CXX object _deps/catch2-build/src/CMakeFiles/Catch2.dir/catch2/internal/catch_stdstreams.cpp.o[0m
[69.294s] [ 74%] [32mBuilding CXX object _deps/catch2-build/src/CMakeFiles/Catch2.dir/catch2/internal/catch_string_manip.cpp.o[0m
[69.516s] [ 75%] [32mBuilding CXX object _deps/catch2-build/src/CMakeFiles/Catch2.dir/catch2/internal/catch_decomposer.cpp.o[0m
[69.521s] [ 76%] [32mBuilding CXX object _deps/catch2-build/src/CMakeFiles/Catch2.dir/catch2/internal/catch_stringref.cpp.o[0m
[69.983s] [ 78%] [32mBuilding CXX object _deps/catch2-build/src/CMakeFiles/Catch2.dir/catch2/internal/catch_tag_alias_registry.cpp.o[0m
[69.983s] [ 78%] [32mBuilding CXX object _deps/catch2-build/src/CMakeFiles/Catch2.dir/catch2/internal/catch_test_case_info_hasher.cpp.o[0m
[70.183s] [ 79%] [32mBuilding CXX object _deps/catch2-build/src/CMakeFiles/Catch2.dir/catch2/internal/catch_test_case_registry_impl.cpp.o[0m
[70.239s] [ 79%] [32mBuilding CXX object _deps/catch2-build/src/CMakeFiles/Catch2.dir/catch2/internal/catch_test_case_tracker.cpp.o[0m
[70.547s] [ 80%] [32mBuilding CXX object _deps/catch2-build/src/CMakeFiles/Catch2.dir/catch2/internal/catch_test_failure_exception.cpp.o[0m
[71.076s] [ 81%] [32mBuilding CXX object _deps/catch2-build/src/CMakeFiles/Catch2.dir/catch2/internal/catch_test_registry.cpp.o[0m
[71.105s] [ 82%] [32mBuilding CXX object _deps/catch2-build/src/CMakeFiles/Catch2.dir/catch2/internal/catch_test_spec_parser.cpp.o[0m
[71.655s] [ 83%] [32mBuilding CXX object _deps/catch2-build/src/CMakeFiles/Catch2.dir/catch2/internal/catch_textflow.cpp.o[0m
[72.015s] [ 84%] [32mBuilding CXX object _deps/catch2-build/src/CMakeFiles/Catch2.dir/catch2/internal/catch_uncaught_exceptions.cpp.o[0m
[72.112s] [ 84%] [32mBuilding CXX object _deps/catch2-build/src/CMakeFiles/Catch2.dir/catch2/internal/catch_wildcard_pattern.cpp.o[0m
[72.430s] [ 85%] [32mBuilding CXX object _deps/catch2-build/src/CMakeFiles/Catch2.dir/catch2/internal/catch_xmlwriter.cpp.o[0m
[72.693s] [ 86%] [32mBuilding CXX object _deps/catch2-build/src/CMakeFiles/Catch2.dir/catch2/matchers/catch_matchers.cpp.o[0m
[72.912s] [ 87%] [32mBuilding CXX object _deps/catch2-build/src/CMakeFiles/Catch2.dir/catch2/matchers/catch_matchers_container_properties.cpp.o[0m
[73.051s] [ 88%] [32mBuilding CXX object _deps/catch2-build/src/CMakeFiles/Catch2.dir/catch2/matchers/catch_matchers_exception.cpp.o[0m
[73.412s] [ 88%] [32mBuilding CXX object _deps/catch2-build/src/CMakeFiles/Catch2.dir/catch2/matchers/catch_matchers_floating_point.cpp.o[0m
[73.629s] [ 89%] [32mBuilding CXX object _deps/catch2-build/src/CMakeFiles/Catch2.dir/catch2/matchers/catch_matchers_predicate.cpp.o[0m
[73.698s] [ 90%] [32mBuilding CXX object _deps/catch2-build/src/CMakeFiles/Catch2.dir/catch2/matchers/catch_matchers_quantifiers.cpp.o[0m
[73.936s] [ 91%] [32mBuilding CXX object _deps/catch2-build/src/CMakeFiles/Catch2.dir/catch2/matchers/catch_matchers_string.cpp.o[0m
[74.366s] [ 92%] [32mBuilding CXX object _deps/catch2-build/src/CMakeFiles/Catch2.dir/catch2/matchers/catch_matchers_templated.cpp.o[0m
[74.507s] [ 93%] [32mBuilding CXX object _deps/catch2-build/src/CMakeFiles/Catch2.dir/catch2/matchers/internal/catch_matchers_impl.cpp.o[0m
[78.977s] [ 93%] [32m[1mLinking CXX shared library libCatch2.so[0m
[79.171s] [ 93%] Built target Catch2
[79.201s] [ 94%] [32mBuilding CXX object _deps/catch2-build/src/CMakeFiles/Catch2WithMain.dir/catch2/internal/catch_main.cpp.o[0m
[79.831s] [ 95%] [32m[1mLinking CXX shared library libCatch2Main.so[0m
[79.958s] [ 95%] Built target Catch2WithMain
[79.987s] [ 96%] [32mBuilding CXX object tests/CMakeFiles/test-pick_ik.dir/ik_tests.cpp.o[0m
[79.990s] [ 98%] [32mBuilding CXX object tests/CMakeFiles/test-pick_ik.dir/goal_tests.cpp.o[0m
[79.990s] [ 98%] [32mBuilding CXX object tests/CMakeFiles/test-pick_ik.dir/ik_memetic_tests.cpp.o[0m
[82.074s] In file included from [01m[K/home/luka/ws_moveit/src/pick_ik/include/pick_ik/fk_moveit.hpp:6[m[K,
[82.074s]                  from [01m[K/home/luka/ws_moveit/src/pick_ik/tests/ik_tests.cpp:1[m[K:
[82.074s] [01m[K/home/luka/ws_moveit/install/moveit_core/include/moveit_core/moveit/robot_model/joint_model_group.h:51:77:[m[K [01;36m[Knote: [m[K‘[01m[K#pragma message: .h header is obsolete. Please use the .hpp header instead.[m[K’
[82.074s]    51 | #pragma message(".h header is obsolete. Please use the .hpp header instead."[01;36m[K)[m[K
[82.075s]       |                                                                             [01;36m[K^[m[K
[82.727s] In file included from [01m[K/home/luka/ws_moveit/src/pick_ik/include/pick_ik/fk_moveit.hpp:6[m[K,
[82.727s]                  from [01m[K/home/luka/ws_moveit/src/pick_ik/include/pick_ik/goal.hpp:3[m[K,
[82.727s]                  from [01m[K/home/luka/ws_moveit/src/pick_ik/tests/goal_tests.cpp:1[m[K:
[82.727s] [01m[K/home/luka/ws_moveit/install/moveit_core/include/moveit_core/moveit/robot_model/joint_model_group.h:51:77:[m[K [01;36m[Knote: [m[K‘[01m[K#pragma message: .h header is obsolete. Please use the .hpp header instead.[m[K’
[82.727s]    51 | #pragma message(".h header is obsolete. Please use the .hpp header instead."[01;36m[K)[m[K
[82.728s]       |                                                                             [01;36m[K^[m[K
[82.852s] In file included from [01m[K/home/luka/ws_moveit/src/pick_ik/include/pick_ik/fk_moveit.hpp:6[m[K,
[82.852s]                  from [01m[K/home/luka/ws_moveit/src/pick_ik/tests/ik_memetic_tests.cpp:1[m[K:
[82.853s] [01m[K/home/luka/ws_moveit/install/moveit_core/include/moveit_core/moveit/robot_model/joint_model_group.h:51:77:[m[K [01;36m[Knote: [m[K‘[01m[K#pragma message: .h header is obsolete. Please use the .hpp header instead.[m[K’
[82.853s]    51 | #pragma message(".h header is obsolete. Please use the .hpp header instead."[01;36m[K)[m[K
[82.853s]       |                                                                             [01;36m[K^[m[K
[84.341s] In file included from [01m[K/home/luka/ws_moveit/src/pick_ik/include/pick_ik/fk_moveit.hpp:7[m[K:
[84.341s] [01m[K/home/luka/ws_moveit/install/moveit_core/include/moveit_core/moveit/robot_model/robot_model.h:51:77:[m[K [01;36m[Knote: [m[K‘[01m[K#pragma message: .h header is obsolete. Please use the .hpp header instead.[m[K’
[84.341s]    51 | #pragma message(".h header is obsolete. Please use the .hpp header instead."[01;36m[K)[m[K
[84.341s]       |                                                                             [01;36m[K^[m[K
[84.445s] In file included from [01m[K/home/luka/ws_moveit/src/pick_ik/include/pick_ik/robot.hpp:6[m[K,
[84.448s]                  from [01m[K/home/luka/ws_moveit/src/pick_ik/include/pick_ik/goal.hpp:4[m[K,
[84.448s]                  from [01m[K/home/luka/ws_moveit/src/pick_ik/tests/ik_tests.cpp:2[m[K:
[84.448s] [01m[K/home/luka/ws_moveit/install/moveit_core/include/moveit_core/moveit/robot_model/joint_model.h:51:77:[m[K [01;36m[Knote: [m[K‘[01m[K#pragma message: .h header is obsolete. Please use the .hpp header instead.[m[K’
[84.448s]    51 | #pragma message(".h header is obsolete. Please use the .hpp header instead."[01;36m[K)[m[K
[84.448s]       |                                                                             [01;36m[K^[m[K
[84.451s] In file included from [01m[K/home/luka/ws_moveit/src/pick_ik/include/pick_ik/goal.hpp:8[m[K:
[84.451s] [01m[K/home/luka/ws_moveit/install/moveit_core/include/moveit_core/moveit/kinematics_base/kinematics_base.h:50:77:[m[K [01;36m[Knote: [m[K‘[01m[K#pragma message: .h header is obsolete. Please use the .hpp header instead.[m[K’
[84.454s]    50 | #pragma message(".h header is obsolete. Please use the .hpp header instead."[01;36m[K)[m[K
[84.454s]       |                                                                             [01;36m[K^[m[K
[85.057s] In file included from [01m[K/home/luka/ws_moveit/src/pick_ik/include/pick_ik/fk_moveit.hpp:7[m[K:
[85.057s] [01m[K/home/luka/ws_moveit/install/moveit_core/include/moveit_core/moveit/robot_model/robot_model.h:51:77:[m[K [01;36m[Knote: [m[K‘[01m[K#pragma message: .h header is obsolete. Please use the .hpp header instead.[m[K’
[85.058s]    51 | #pragma message(".h header is obsolete. Please use the .hpp header instead."[01;36m[K)[m[K
[85.058s]       |                                                                             [01;36m[K^[m[K
[85.103s] In file included from [01m[K/home/luka/ws_moveit/src/pick_ik/include/pick_ik/robot.hpp:6[m[K,
[85.104s]                  from [01m[K/home/luka/ws_moveit/src/pick_ik/include/pick_ik/goal.hpp:4[m[K,
[85.104s]                  from [01m[K/home/luka/ws_moveit/src/pick_ik/tests/ik_memetic_tests.cpp:2[m[K:
[85.104s] [01m[K/home/luka/ws_moveit/install/moveit_core/include/moveit_core/moveit/robot_model/joint_model.h:51:77:[m[K [01;36m[Knote: [m[K‘[01m[K#pragma message: .h header is obsolete. Please use the .hpp header instead.[m[K’
[85.104s]    51 | #pragma message(".h header is obsolete. Please use the .hpp header instead."[01;36m[K)[m[K
[85.104s]       |                                                                             [01;36m[K^[m[K
[85.106s] In file included from [01m[K/home/luka/ws_moveit/src/pick_ik/include/pick_ik/goal.hpp:8[m[K:
[85.107s] [01m[K/home/luka/ws_moveit/install/moveit_core/include/moveit_core/moveit/kinematics_base/kinematics_base.h:50:77:[m[K [01;36m[Knote: [m[K‘[01m[K#pragma message: .h header is obsolete. Please use the .hpp header instead.[m[K’
[85.107s]    50 | #pragma message(".h header is obsolete. Please use the .hpp header instead."[01;36m[K)[m[K
[85.107s]       |                                                                             [01;36m[K^[m[K
[85.229s] In file included from [01m[K/home/luka/ws_moveit/src/pick_ik/include/pick_ik/fk_moveit.hpp:7[m[K:
[85.229s] [01m[K/home/luka/ws_moveit/install/moveit_core/include/moveit_core/moveit/robot_model/robot_model.h:51:77:[m[K [01;36m[Knote: [m[K‘[01m[K#pragma message: .h header is obsolete. Please use the .hpp header instead.[m[K’
[85.229s]    51 | #pragma message(".h header is obsolete. Please use the .hpp header instead."[01;36m[K)[m[K
[85.229s]       |                                                                             [01;36m[K^[m[K
[85.309s] In file included from [01m[K/home/luka/ws_moveit/src/pick_ik/include/pick_ik/robot.hpp:6[m[K,
[85.312s]                  from [01m[K/home/luka/ws_moveit/src/pick_ik/include/pick_ik/goal.hpp:4[m[K:
[85.312s] [01m[K/home/luka/ws_moveit/install/moveit_core/include/moveit_core/moveit/robot_model/joint_model.h:51:77:[m[K [01;36m[Knote: [m[K‘[01m[K#pragma message: .h header is obsolete. Please use the .hpp header instead.[m[K’
[85.312s]    51 | #pragma message(".h header is obsolete. Please use the .hpp header instead."[01;36m[K)[m[K
[85.312s]       |                                                                             [01;36m[K^[m[K
[85.318s] In file included from [01m[K/home/luka/ws_moveit/src/pick_ik/include/pick_ik/goal.hpp:8[m[K:
[85.321s] [01m[K/home/luka/ws_moveit/install/moveit_core/include/moveit_core/moveit/kinematics_base/kinematics_base.h:50:77:[m[K [01;36m[Knote: [m[K‘[01m[K#pragma message: .h header is obsolete. Please use the .hpp header instead.[m[K’
[85.321s]    50 | #pragma message(".h header is obsolete. Please use the .hpp header instead."[01;36m[K)[m[K
[85.321s]       |                                                                             [01;36m[K^[m[K
[86.114s] In file included from [01m[K/home/luka/ws_moveit/src/pick_ik/tests/ik_tests.cpp:13[m[K:
[86.115s] [01m[K/home/luka/ws_moveit/install/moveit_core/include/moveit_core/moveit/utils/robot_model_test_utils.h:51:77:[m[K [01;36m[Knote: [m[K‘[01m[K#pragma message: .h header is obsolete. Please use the .hpp header instead.[m[K’
[86.115s]    51 | #pragma message(".h header is obsolete. Please use the .hpp header instead."[01;36m[K)[m[K
[86.115s]       |                                                                             [01;36m[K^[m[K
[87.226s] In file included from [01m[K/home/luka/ws_moveit/src/pick_ik/tests/ik_memetic_tests.cpp:14[m[K:
[87.226s] [01m[K/home/luka/ws_moveit/install/moveit_core/include/moveit_core/moveit/utils/robot_model_test_utils.h:51:77:[m[K [01;36m[Knote: [m[K‘[01m[K#pragma message: .h header is obsolete. Please use the .hpp header instead.[m[K’
[87.226s]    51 | #pragma message(".h header is obsolete. Please use the .hpp header instead."[01;36m[K)[m[K
[87.226s]       |                                                                             [01;36m[K^[m[K
[91.231s] [ 99%] [32mBuilding CXX object tests/CMakeFiles/test-pick_ik.dir/robot_tests.cpp.o[0m
[93.121s] In file included from [01m[K/home/luka/ws_moveit/src/pick_ik/include/pick_ik/robot.hpp:6[m[K,
[93.122s]                  from [01m[K/home/luka/ws_moveit/src/pick_ik/tests/robot_tests.cpp:1[m[K:
[93.122s] [01m[K/home/luka/ws_moveit/install/moveit_core/include/moveit_core/moveit/robot_model/joint_model.h:51:77:[m[K [01;36m[Knote: [m[K‘[01m[K#pragma message: .h header is obsolete. Please use the .hpp header instead.[m[K’
[93.122s]    51 | #pragma message(".h header is obsolete. Please use the .hpp header instead."[01;36m[K)[m[K
[93.122s]       |                                                                             [01;36m[K^[m[K
[93.325s] In file included from [01m[K/home/luka/ws_moveit/src/pick_ik/include/pick_ik/robot.hpp:7[m[K:
[93.326s] [01m[K/home/luka/ws_moveit/install/moveit_core/include/moveit_core/moveit/robot_model/joint_model_group.h:51:77:[m[K [01;36m[Knote: [m[K‘[01m[K#pragma message: .h header is obsolete. Please use the .hpp header instead.[m[K’
[93.326s]    51 | #pragma message(".h header is obsolete. Please use the .hpp header instead."[01;36m[K)[m[K
[93.326s]       |                                                                             [01;36m[K^[m[K
[94.764s] In file included from [01m[K/home/luka/ws_moveit/src/pick_ik/include/pick_ik/robot.hpp:8[m[K:
[94.764s] [01m[K/home/luka/ws_moveit/install/moveit_core/include/moveit_core/moveit/robot_model/robot_model.h:51:77:[m[K [01;36m[Knote: [m[K‘[01m[K#pragma message: .h header is obsolete. Please use the .hpp header instead.[m[K’
[94.764s]    51 | #pragma message(".h header is obsolete. Please use the .hpp header instead."[01;36m[K)[m[K
[94.803s]       |                                                                             [01;36m[K^[m[K
[96.065s] In file included from [01m[K/home/luka/ws_moveit/src/pick_ik/tests/robot_tests.cpp:7[m[K:
[96.066s] [01m[K/home/luka/ws_moveit/install/moveit_core/include/moveit_core/moveit/utils/robot_model_test_utils.h:51:77:[m[K [01;36m[Knote: [m[K‘[01m[K#pragma message: .h header is obsolete. Please use the .hpp header instead.[m[K’
[96.066s]    51 | #pragma message(".h header is obsolete. Please use the .hpp header instead."[01;36m[K)[m[K
[96.066s]       |                                                                             [01;36m[K^[m[K
[98.640s] [100%] [32m[1mLinking CXX executable test-pick_ik[0m
[99.112s] [100%] Built target test-pick_ik
[99.131s] Invoked command in '/home/luka/ws_moveit/build/pick_ik' returned '0': AMENT_PREFIX_PATH=/home/luka/ws_moveit/install/moveit_core:/home/luka/ws_moveit/install/moveit_resources_panda_moveit_config:/home/luka/ws_moveit/install/moveit_resources_pr2_description:/home/luka/ws_moveit/install/moveit_resources_panda_description:/home/luka/ws_moveit/install/moveit_msgs:/home/luka/ws_moveit/install/moveit_common:${AMENT_PREFIX_PATH} CMAKE_PREFIX_PATH=/home/luka/ws_moveit/install/moveit_core:/home/luka/ws_moveit/install/moveit_resources_panda_moveit_config:/home/luka/ws_moveit/install/moveit_resources_pr2_description:/home/luka/ws_moveit/install/moveit_resources_panda_description:/home/luka/ws_moveit/install/moveit_msgs:/home/luka/ws_moveit/install/moveit_common:/opt/ros/jazzy/opt/gz_sim_vendor:/opt/ros/jazzy/opt/gz_sensors_vendor:/opt/ros/jazzy/opt/gz_physics_vendor:/opt/ros/jazzy/opt/sdformat_vendor:/opt/ros/jazzy/opt/gz_gui_vendor:/opt/ros/jazzy/opt/gz_transport_vendor:/opt/ros/jazzy/opt/gz_rendering_vendor:/opt/ros/jazzy/opt/gz_plugin_vendor:/opt/ros/jazzy/opt/gz_fuel_tools_vendor:/opt/ros/jazzy/opt/gz_msgs_vendor:/opt/ros/jazzy/opt/gz_common_vendor:/opt/ros/jazzy/opt/gz_math_vendor:/opt/ros/jazzy/opt/gz_utils_vendor:/opt/ros/jazzy/opt/gz_tools_vendor:/opt/ros/jazzy/opt/gz_ogre_next_vendor:/opt/ros/jazzy/opt/gz_dartsim_vendor:/opt/ros/jazzy/opt/gz_cmake_vendor:/opt/ros/jazzy DEBUGINFOD_URLS=https://debuginfod.ubuntu.com LD_LIBRARY_PATH=/home/luka/ws_moveit/install/moveit_core/lib:/home/luka/ws_moveit/install/moveit_msgs/lib:${LD_LIBRARY_PATH} PATH=/home/luka/ws_moveit/install/moveit_core/bin:${PATH} PYTHONPATH=/home/luka/ws_moveit/install/moveit_msgs/lib/python3.12/site-packages:${PYTHONPATH} /usr/bin/cmake --build /home/luka/ws_moveit/build/pick_ik -- -j4 -l4
[99.132s] Invoking command in '/home/luka/ws_moveit/build/pick_ik': AMENT_PREFIX_PATH=/home/luka/ws_moveit/install/moveit_core:/home/luka/ws_moveit/install/moveit_resources_panda_moveit_config:/home/luka/ws_moveit/install/moveit_resources_pr2_description:/home/luka/ws_moveit/install/moveit_resources_panda_description:/home/luka/ws_moveit/install/moveit_msgs:/home/luka/ws_moveit/install/moveit_common:${AMENT_PREFIX_PATH} CMAKE_PREFIX_PATH=/home/luka/ws_moveit/install/moveit_core:/home/luka/ws_moveit/install/moveit_resources_panda_moveit_config:/home/luka/ws_moveit/install/moveit_resources_pr2_description:/home/luka/ws_moveit/install/moveit_resources_panda_description:/home/luka/ws_moveit/install/moveit_msgs:/home/luka/ws_moveit/install/moveit_common:/opt/ros/jazzy/opt/gz_sim_vendor:/opt/ros/jazzy/opt/gz_sensors_vendor:/opt/ros/jazzy/opt/gz_physics_vendor:/opt/ros/jazzy/opt/sdformat_vendor:/opt/ros/jazzy/opt/gz_gui_vendor:/opt/ros/jazzy/opt/gz_transport_vendor:/opt/ros/jazzy/opt/gz_rendering_vendor:/opt/ros/jazzy/opt/gz_plugin_vendor:/opt/ros/jazzy/opt/gz_fuel_tools_vendor:/opt/ros/jazzy/opt/gz_msgs_vendor:/opt/ros/jazzy/opt/gz_common_vendor:/opt/ros/jazzy/opt/gz_math_vendor:/opt/ros/jazzy/opt/gz_utils_vendor:/opt/ros/jazzy/opt/gz_tools_vendor:/opt/ros/jazzy/opt/gz_ogre_next_vendor:/opt/ros/jazzy/opt/gz_dartsim_vendor:/opt/ros/jazzy/opt/gz_cmake_vendor:/opt/ros/jazzy DEBUGINFOD_URLS=https://debuginfod.ubuntu.com LD_LIBRARY_PATH=/home/luka/ws_moveit/install/moveit_core/lib:/home/luka/ws_moveit/install/moveit_msgs/lib:${LD_LIBRARY_PATH} PATH=/home/luka/ws_moveit/install/moveit_core/bin:${PATH} PYTHONPATH=/home/luka/ws_moveit/install/moveit_msgs/lib/python3.12/site-packages:${PYTHONPATH} /usr/bin/cmake --install /home/luka/ws_moveit/build/pick_ik
[99.144s] -- Install configuration: "Release"
[99.144s] -- Installing: /home/luka/ws_moveit/install/pick_ik/include/pick_ik
[99.145s] -- Installing: /home/luka/ws_moveit/install/pick_ik/include/pick_ik/pick_ik_parameters.hpp
[99.145s] -- Installing: /home/luka/ws_moveit/install/pick_ik/share/pick_ik/pick_ik_kinematics_description.xml
[99.147s] -- Up-to-date: /home/luka/ws_moveit/install/pick_ik/include/pick_ik
[99.147s] -- Installing: /home/luka/ws_moveit/install/pick_ik/include/pick_ik/pick_ik
[99.147s] -- Installing: /home/luka/ws_moveit/install/pick_ik/include/pick_ik/pick_ik/robot.hpp
[99.148s] -- Installing: /home/luka/ws_moveit/install/pick_ik/include/pick_ik/pick_ik/forward_kinematics.hpp
[99.148s] -- Installing: /home/luka/ws_moveit/install/pick_ik/include/pick_ik/pick_ik/pick_ik_plugin.hpp
[99.148s] -- Installing: /home/luka/ws_moveit/install/pick_ik/include/pick_ik/pick_ik/fk_moveit.hpp
[99.148s] -- Installing: /home/luka/ws_moveit/install/pick_ik/include/pick_ik/pick_ik/ik_gradient.hpp
[99.148s] -- Installing: /home/luka/ws_moveit/install/pick_ik/include/pick_ik/pick_ik/ik_memetic.hpp
[99.148s] -- Installing: /home/luka/ws_moveit/install/pick_ik/include/pick_ik/pick_ik/goal.hpp
[99.149s] -- Installing: /home/luka/ws_moveit/install/pick_ik/lib/libpick_ik_plugin.so
[99.149s] -- Set non-toolchain portion of runtime path of "/home/luka/ws_moveit/install/pick_ik/lib/libpick_ik_plugin.so" to ""
[99.149s] -- Installing: /home/luka/ws_moveit/install/pick_ik/share/pick_ik/environment/library_path.sh
[99.149s] -- Installing: /home/luka/ws_moveit/install/pick_ik/share/pick_ik/environment/library_path.dsv
[99.149s] -- Installing: /home/luka/ws_moveit/install/pick_ik/share/ament_index/resource_index/package_run_dependencies/pick_ik
[99.150s] -- Installing: /home/luka/ws_moveit/install/pick_ik/share/ament_index/resource_index/parent_prefix_path/pick_ik
[99.150s] -- Installing: /home/luka/ws_moveit/install/pick_ik/share/pick_ik/environment/ament_prefix_path.sh
[99.150s] -- Installing: /home/luka/ws_moveit/install/pick_ik/share/pick_ik/environment/ament_prefix_path.dsv
[99.150s] -- Installing: /home/luka/ws_moveit/install/pick_ik/share/pick_ik/environment/path.sh
[99.150s] -- Installing: /home/luka/ws_moveit/install/pick_ik/share/pick_ik/environment/path.dsv
[99.150s] -- Installing: /home/luka/ws_moveit/install/pick_ik/share/pick_ik/local_setup.bash
[99.151s] -- Installing: /home/luka/ws_moveit/install/pick_ik/share/pick_ik/local_setup.sh
[99.151s] -- Installing: /home/luka/ws_moveit/install/pick_ik/share/pick_ik/local_setup.zsh
[99.151s] -- Installing: /home/luka/ws_moveit/install/pick_ik/share/pick_ik/local_setup.dsv
[99.151s] -- Installing: /home/luka/ws_moveit/install/pick_ik/share/pick_ik/package.dsv
[99.151s] -- Installing: /home/luka/ws_moveit/install/pick_ik/share/ament_index/resource_index/packages/pick_ik
[99.151s] -- Installing: /home/luka/ws_moveit/install/pick_ik/share/ament_index/resource_index/moveit_core__pluginlib__plugin/pick_ik
[99.152s] -- Installing: /home/luka/ws_moveit/install/pick_ik/share/pick_ik/cmake/export_pick_ikExport.cmake
[99.152s] -- Installing: /home/luka/ws_moveit/install/pick_ik/share/pick_ik/cmake/export_pick_ikExport-release.cmake
[99.152s] -- Installing: /home/luka/ws_moveit/install/pick_ik/share/pick_ik/cmake/ament_cmake_export_dependencies-extras.cmake
[99.152s] -- Installing: /home/luka/ws_moveit/install/pick_ik/share/pick_ik/cmake/ament_cmake_export_targets-extras.cmake
[99.153s] -- Installing: /home/luka/ws_moveit/install/pick_ik/share/pick_ik/cmake/pick_ikConfig.cmake
[99.153s] -- Installing: /home/luka/ws_moveit/install/pick_ik/share/pick_ik/cmake/pick_ikConfig-version.cmake
[99.153s] -- Installing: /home/luka/ws_moveit/install/pick_ik/share/pick_ik/package.xml
[99.156s] Invoked command in '/home/luka/ws_moveit/build/pick_ik' returned '0': AMENT_PREFIX_PATH=/home/luka/ws_moveit/install/moveit_core:/home/luka/ws_moveit/install/moveit_resources_panda_moveit_config:/home/luka/ws_moveit/install/moveit_resources_pr2_description:/home/luka/ws_moveit/install/moveit_resources_panda_description:/home/luka/ws_moveit/install/moveit_msgs:/home/luka/ws_moveit/install/moveit_common:${AMENT_PREFIX_PATH} CMAKE_PREFIX_PATH=/home/luka/ws_moveit/install/moveit_core:/home/luka/ws_moveit/install/moveit_resources_panda_moveit_config:/home/luka/ws_moveit/install/moveit_resources_pr2_description:/home/luka/ws_moveit/install/moveit_resources_panda_description:/home/luka/ws_moveit/install/moveit_msgs:/home/luka/ws_moveit/install/moveit_common:/opt/ros/jazzy/opt/gz_sim_vendor:/opt/ros/jazzy/opt/gz_sensors_vendor:/opt/ros/jazzy/opt/gz_physics_vendor:/opt/ros/jazzy/opt/sdformat_vendor:/opt/ros/jazzy/opt/gz_gui_vendor:/opt/ros/jazzy/opt/gz_transport_vendor:/opt/ros/jazzy/opt/gz_rendering_vendor:/opt/ros/jazzy/opt/gz_plugin_vendor:/opt/ros/jazzy/opt/gz_fuel_tools_vendor:/opt/ros/jazzy/opt/gz_msgs_vendor:/opt/ros/jazzy/opt/gz_common_vendor:/opt/ros/jazzy/opt/gz_math_vendor:/opt/ros/jazzy/opt/gz_utils_vendor:/opt/ros/jazzy/opt/gz_tools_vendor:/opt/ros/jazzy/opt/gz_ogre_next_vendor:/opt/ros/jazzy/opt/gz_dartsim_vendor:/opt/ros/jazzy/opt/gz_cmake_vendor:/opt/ros/jazzy DEBUGINFOD_URLS=https://debuginfod.ubuntu.com LD_LIBRARY_PATH=/home/luka/ws_moveit/install/moveit_core/lib:/home/luka/ws_moveit/install/moveit_msgs/lib:${LD_LIBRARY_PATH} PATH=/home/luka/ws_moveit/install/moveit_core/bin:${PATH} PYTHONPATH=/home/luka/ws_moveit/install/moveit_msgs/lib/python3.12/site-packages:${PYTHONPATH} /usr/bin/cmake --install /home/luka/ws_moveit/build/pick_ik
