[0.029s] Invoking command in '/home/luka/ws_moveit/build/moveit_kinematics': AMENT_PREFIX_PATH=/home/luka/ws_moveit/install/moveit_ros_planning:/home/luka/ws_moveit/install/moveit_ros_occupancy_map_monitor:/home/luka/ws_moveit/install/moveit_core:/home/luka/ws_moveit/install/moveit_resources_panda_moveit_config:/home/luka/ws_moveit/install/moveit_resources_fanuc_moveit_config:/home/luka/ws_moveit/install/moveit_resources_pr2_description:/home/luka/ws_moveit/install/moveit_resources_panda_description:/home/luka/ws_moveit/install/moveit_resources_fanuc_description:/home/luka/ws_moveit/install/moveit_msgs:/home/luka/ws_moveit/install/moveit_configs_utils:/home/luka/ws_moveit/install/moveit_common:${AMENT_PREFIX_PATH} CMAKE_PREFIX_PATH=/home/luka/ws_moveit/install/moveit_ros_planning:/home/luka/ws_moveit/install/moveit_ros_occupancy_map_monitor:/home/luka/ws_moveit/install/moveit_core:/home/luka/ws_moveit/install/moveit_resources_panda_moveit_config:/home/luka/ws_moveit/install/moveit_resources_fanuc_moveit_config:/home/luka/ws_moveit/install/moveit_resources_pr2_description:/home/luka/ws_moveit/install/moveit_resources_panda_description:/home/luka/ws_moveit/install/moveit_resources_fanuc_description:/home/luka/ws_moveit/install/moveit_msgs:/home/luka/ws_moveit/install/moveit_common:/opt/ros/jazzy/opt/gz_sim_vendor:/opt/ros/jazzy/opt/gz_sensors_vendor:/opt/ros/jazzy/opt/gz_physics_vendor:/opt/ros/jazzy/opt/sdformat_vendor:/opt/ros/jazzy/opt/gz_gui_vendor:/opt/ros/jazzy/opt/gz_transport_vendor:/opt/ros/jazzy/opt/gz_rendering_vendor:/opt/ros/jazzy/opt/gz_plugin_vendor:/opt/ros/jazzy/opt/gz_fuel_tools_vendor:/opt/ros/jazzy/opt/gz_msgs_vendor:/opt/ros/jazzy/opt/gz_common_vendor:/opt/ros/jazzy/opt/gz_math_vendor:/opt/ros/jazzy/opt/gz_utils_vendor:/opt/ros/jazzy/opt/gz_tools_vendor:/opt/ros/jazzy/opt/gz_ogre_next_vendor:/opt/ros/jazzy/opt/gz_dartsim_vendor:/opt/ros/jazzy/opt/gz_cmake_vendor:/opt/ros/jazzy DEBUGINFOD_URLS=https://debuginfod.ubuntu.com LD_LIBRARY_PATH=/home/luka/ws_moveit/install/moveit_ros_planning/lib:/home/luka/ws_moveit/install/moveit_ros_occupancy_map_monitor/lib:/home/luka/ws_moveit/install/moveit_core/lib:/home/luka/ws_moveit/install/moveit_msgs/lib:${LD_LIBRARY_PATH} PATH=/home/luka/ws_moveit/install/moveit_core/bin:${PATH} PYTHONPATH=/home/luka/ws_moveit/install/moveit_msgs/lib/python3.12/site-packages:/home/luka/ws_moveit/install/moveit_configs_utils/lib/python3.12/site-packages:${PYTHONPATH} /usr/bin/cmake --build /home/luka/ws_moveit/build/moveit_kinematics -- -j4 -l4
[0.103s] [  8%] Built target kdl_kinematics_parameters
[0.135s] [ 17%] Built target gtest_main
[0.168s] [ 26%] Built target gtest
[0.214s] [ 30%] [32m[1mLinking CXX executable benchmark_ik[0m
[0.662s] [ 34%] Built target benchmark_ik
[0.705s] [ 39%] [32m[1mLinking CXX shared library libmoveit_kdl_kinematics_plugin.so[0m
[0.963s] [ 47%] Built target moveit_kdl_kinematics_plugin
[1.006s] [ 56%] Built target srv_kinematics_parameters
[1.069s] [ 60%] [32m[1mLinking CXX executable test_kinematics_plugin[0m
[1.689s] [ 65%] Built target test_kinematics_plugin
[1.732s] [ 69%] [32m[1mLinking CXX shared library libmoveit_srv_kinematics_plugin.so[0m
[2.028s] [ 73%] Built target moveit_srv_kinematics_plugin
[2.060s] [ 82%] Built target cached_ik_kinematics_parameters
[2.107s] [ 86%] [32m[1mLinking CXX shared library libmoveit_cached_ik_kinematics_base.so[0m
[2.344s] [ 91%] Built target moveit_cached_ik_kinematics_base
[2.389s] [ 95%] [32m[1mLinking CXX shared library libmoveit_cached_ik_kinematics_plugin.so[0m
[2.682s] [100%] Built target moveit_cached_ik_kinematics_plugin
[2.698s] Invoked command in '/home/luka/ws_moveit/build/moveit_kinematics' returned '0': AMENT_PREFIX_PATH=/home/luka/ws_moveit/install/moveit_ros_planning:/home/luka/ws_moveit/install/moveit_ros_occupancy_map_monitor:/home/luka/ws_moveit/install/moveit_core:/home/luka/ws_moveit/install/moveit_resources_panda_moveit_config:/home/luka/ws_moveit/install/moveit_resources_fanuc_moveit_config:/home/luka/ws_moveit/install/moveit_resources_pr2_description:/home/luka/ws_moveit/install/moveit_resources_panda_description:/home/luka/ws_moveit/install/moveit_resources_fanuc_description:/home/luka/ws_moveit/install/moveit_msgs:/home/luka/ws_moveit/install/moveit_configs_utils:/home/luka/ws_moveit/install/moveit_common:${AMENT_PREFIX_PATH} CMAKE_PREFIX_PATH=/home/luka/ws_moveit/install/moveit_ros_planning:/home/luka/ws_moveit/install/moveit_ros_occupancy_map_monitor:/home/luka/ws_moveit/install/moveit_core:/home/luka/ws_moveit/install/moveit_resources_panda_moveit_config:/home/luka/ws_moveit/install/moveit_resources_fanuc_moveit_config:/home/luka/ws_moveit/install/moveit_resources_pr2_description:/home/luka/ws_moveit/install/moveit_resources_panda_description:/home/luka/ws_moveit/install/moveit_resources_fanuc_description:/home/luka/ws_moveit/install/moveit_msgs:/home/luka/ws_moveit/install/moveit_common:/opt/ros/jazzy/opt/gz_sim_vendor:/opt/ros/jazzy/opt/gz_sensors_vendor:/opt/ros/jazzy/opt/gz_physics_vendor:/opt/ros/jazzy/opt/sdformat_vendor:/opt/ros/jazzy/opt/gz_gui_vendor:/opt/ros/jazzy/opt/gz_transport_vendor:/opt/ros/jazzy/opt/gz_rendering_vendor:/opt/ros/jazzy/opt/gz_plugin_vendor:/opt/ros/jazzy/opt/gz_fuel_tools_vendor:/opt/ros/jazzy/opt/gz_msgs_vendor:/opt/ros/jazzy/opt/gz_common_vendor:/opt/ros/jazzy/opt/gz_math_vendor:/opt/ros/jazzy/opt/gz_utils_vendor:/opt/ros/jazzy/opt/gz_tools_vendor:/opt/ros/jazzy/opt/gz_ogre_next_vendor:/opt/ros/jazzy/opt/gz_dartsim_vendor:/opt/ros/jazzy/opt/gz_cmake_vendor:/opt/ros/jazzy DEBUGINFOD_URLS=https://debuginfod.ubuntu.com LD_LIBRARY_PATH=/home/luka/ws_moveit/install/moveit_ros_planning/lib:/home/luka/ws_moveit/install/moveit_ros_occupancy_map_monitor/lib:/home/luka/ws_moveit/install/moveit_core/lib:/home/luka/ws_moveit/install/moveit_msgs/lib:${LD_LIBRARY_PATH} PATH=/home/luka/ws_moveit/install/moveit_core/bin:${PATH} PYTHONPATH=/home/luka/ws_moveit/install/moveit_msgs/lib/python3.12/site-packages:/home/luka/ws_moveit/install/moveit_configs_utils/lib/python3.12/site-packages:${PYTHONPATH} /usr/bin/cmake --build /home/luka/ws_moveit/build/moveit_kinematics -- -j4 -l4
[2.700s] Invoking command in '/home/luka/ws_moveit/build/moveit_kinematics': AMENT_PREFIX_PATH=/home/luka/ws_moveit/install/moveit_ros_planning:/home/luka/ws_moveit/install/moveit_ros_occupancy_map_monitor:/home/luka/ws_moveit/install/moveit_core:/home/luka/ws_moveit/install/moveit_resources_panda_moveit_config:/home/luka/ws_moveit/install/moveit_resources_fanuc_moveit_config:/home/luka/ws_moveit/install/moveit_resources_pr2_description:/home/luka/ws_moveit/install/moveit_resources_panda_description:/home/luka/ws_moveit/install/moveit_resources_fanuc_description:/home/luka/ws_moveit/install/moveit_msgs:/home/luka/ws_moveit/install/moveit_configs_utils:/home/luka/ws_moveit/install/moveit_common:${AMENT_PREFIX_PATH} CMAKE_PREFIX_PATH=/home/luka/ws_moveit/install/moveit_ros_planning:/home/luka/ws_moveit/install/moveit_ros_occupancy_map_monitor:/home/luka/ws_moveit/install/moveit_core:/home/luka/ws_moveit/install/moveit_resources_panda_moveit_config:/home/luka/ws_moveit/install/moveit_resources_fanuc_moveit_config:/home/luka/ws_moveit/install/moveit_resources_pr2_description:/home/luka/ws_moveit/install/moveit_resources_panda_description:/home/luka/ws_moveit/install/moveit_resources_fanuc_description:/home/luka/ws_moveit/install/moveit_msgs:/home/luka/ws_moveit/install/moveit_common:/opt/ros/jazzy/opt/gz_sim_vendor:/opt/ros/jazzy/opt/gz_sensors_vendor:/opt/ros/jazzy/opt/gz_physics_vendor:/opt/ros/jazzy/opt/sdformat_vendor:/opt/ros/jazzy/opt/gz_gui_vendor:/opt/ros/jazzy/opt/gz_transport_vendor:/opt/ros/jazzy/opt/gz_rendering_vendor:/opt/ros/jazzy/opt/gz_plugin_vendor:/opt/ros/jazzy/opt/gz_fuel_tools_vendor:/opt/ros/jazzy/opt/gz_msgs_vendor:/opt/ros/jazzy/opt/gz_common_vendor:/opt/ros/jazzy/opt/gz_math_vendor:/opt/ros/jazzy/opt/gz_utils_vendor:/opt/ros/jazzy/opt/gz_tools_vendor:/opt/ros/jazzy/opt/gz_ogre_next_vendor:/opt/ros/jazzy/opt/gz_dartsim_vendor:/opt/ros/jazzy/opt/gz_cmake_vendor:/opt/ros/jazzy DEBUGINFOD_URLS=https://debuginfod.ubuntu.com LD_LIBRARY_PATH=/home/luka/ws_moveit/install/moveit_ros_planning/lib:/home/luka/ws_moveit/install/moveit_ros_occupancy_map_monitor/lib:/home/luka/ws_moveit/install/moveit_core/lib:/home/luka/ws_moveit/install/moveit_msgs/lib:${LD_LIBRARY_PATH} PATH=/home/luka/ws_moveit/install/moveit_core/bin:${PATH} PYTHONPATH=/home/luka/ws_moveit/install/moveit_msgs/lib/python3.12/site-packages:/home/luka/ws_moveit/install/moveit_configs_utils/lib/python3.12/site-packages:${PYTHONPATH} /usr/bin/cmake --install /home/luka/ws_moveit/build/moveit_kinematics
[2.711s] -- Install configuration: "Release"
[2.712s] -- Up-to-date: /home/luka/ws_moveit/install/moveit_kinematics/share/moveit_kinematics/kdl_kinematics_plugin_description.xml
[2.712s] -- Up-to-date: /home/luka/ws_moveit/install/moveit_kinematics/share/moveit_kinematics/srv_kinematics_plugin_description.xml
[2.712s] -- Up-to-date: /home/luka/ws_moveit/install/moveit_kinematics/share/moveit_kinematics/cached_ik_kinematics_plugin_description.xml
[2.712s] -- Up-to-date: /home/luka/ws_moveit/install/moveit_kinematics/include/moveit_kinematics
[2.712s] -- Up-to-date: /home/luka/ws_moveit/install/moveit_kinematics/include/moveit_kinematics/cached_ik_kinematics_parameters.hpp
[2.712s] -- Up-to-date: /home/luka/ws_moveit/install/moveit_kinematics/include/moveit_kinematics
[2.713s] -- Up-to-date: /home/luka/ws_moveit/install/moveit_kinematics/include/moveit_kinematics/moveit
[2.713s] -- Up-to-date: /home/luka/ws_moveit/install/moveit_kinematics/include/moveit_kinematics/moveit/cached_ik_kinematics_plugin
[2.713s] -- Up-to-date: /home/luka/ws_moveit/install/moveit_kinematics/include/moveit_kinematics/moveit/cached_ik_kinematics_plugin/cached_ik_kinematics_plugin.hpp
[2.713s] -- Up-to-date: /home/luka/ws_moveit/install/moveit_kinematics/include/moveit_kinematics/moveit/cached_ik_kinematics_plugin/cached_ik_kinematics_plugin-inl.hpp
[2.713s] -- Up-to-date: /home/luka/ws_moveit/install/moveit_kinematics/include/moveit_kinematics/moveit/cached_ik_kinematics_plugin/detail
[2.713s] -- Up-to-date: /home/luka/ws_moveit/install/moveit_kinematics/include/moveit_kinematics/moveit/cached_ik_kinematics_plugin/detail/GreedyKCenters.hpp
[2.714s] -- Up-to-date: /home/luka/ws_moveit/install/moveit_kinematics/include/moveit_kinematics/moveit/cached_ik_kinematics_plugin/detail/NearestNeighborsGNAT.hpp
[2.714s] -- Up-to-date: /home/luka/ws_moveit/install/moveit_kinematics/include/moveit_kinematics/moveit/cached_ik_kinematics_plugin/detail/GreedyKCenters.h
[2.714s] -- Up-to-date: /home/luka/ws_moveit/install/moveit_kinematics/include/moveit_kinematics/moveit/cached_ik_kinematics_plugin/detail/NearestNeighborsGNAT.h
[2.714s] -- Up-to-date: /home/luka/ws_moveit/install/moveit_kinematics/include/moveit_kinematics/moveit/cached_ik_kinematics_plugin/detail/NearestNeighbors.hpp
[2.714s] -- Up-to-date: /home/luka/ws_moveit/install/moveit_kinematics/include/moveit_kinematics/moveit/cached_ik_kinematics_plugin/detail/NearestNeighbors.h
[2.714s] -- Up-to-date: /home/luka/ws_moveit/install/moveit_kinematics/include/moveit_kinematics/moveit/cached_ik_kinematics_plugin/cached_ik_kinematics_plugin.h
[2.714s] -- Up-to-date: /home/luka/ws_moveit/install/moveit_kinematics/include/moveit_kinematics/moveit/cached_ik_kinematics_plugin/cached_ik_kinematics_plugin-inl.h
[2.714s] -- Up-to-date: /home/luka/ws_moveit/install/moveit_kinematics/include/moveit_kinematics/moveit/cached_ik_kinematics_plugin/cached_ik_kinematics_parameters.yaml
[2.715s] -- Up-to-date: /home/luka/ws_moveit/install/moveit_kinematics/share/moveit_kinematics/launch
[2.715s] -- Up-to-date: /home/luka/ws_moveit/install/moveit_kinematics/share/moveit_kinematics/launch/measure_ik_call_cost.launch
[2.715s] -- Up-to-date: /home/luka/ws_moveit/install/moveit_kinematics/lib/moveit_kinematics/auto_create_ikfast_moveit_plugin.sh
[2.715s] -- Up-to-date: /home/luka/ws_moveit/install/moveit_kinematics/lib/moveit_kinematics/create_ikfast_moveit_plugin.py
[2.715s] -- Up-to-date: /home/luka/ws_moveit/install/moveit_kinematics/lib/moveit_kinematics/round_collada_numbers.py
[2.715s] -- Up-to-date: /home/luka/ws_moveit/install/moveit_kinematics/share/moveit_kinematics/ikfast_kinematics_plugin/templates
[2.716s] -- Up-to-date: /home/luka/ws_moveit/install/moveit_kinematics/share/moveit_kinematics/ikfast_kinematics_plugin/templates/ikfast.h
[2.716s] -- Up-to-date: /home/luka/ws_moveit/install/moveit_kinematics/share/moveit_kinematics/ikfast_kinematics_plugin/templates/ikfast61_moveit_plugin_template.cpp
[2.716s] -- Up-to-date: /home/luka/ws_moveit/install/moveit_kinematics/share/moveit_kinematics/ikfast_kinematics_plugin/templates/ikfast_kinematics_parameters.yaml
[2.716s] -- Up-to-date: /home/luka/ws_moveit/install/moveit_kinematics/share/moveit_kinematics/ikfast_kinematics_plugin/templates/CMakeLists.txt
[2.716s] -- Up-to-date: /home/luka/ws_moveit/install/moveit_kinematics/include/moveit_kinematics
[2.716s] -- Up-to-date: /home/luka/ws_moveit/install/moveit_kinematics/include/moveit_kinematics/kdl_kinematics_parameters.hpp
[2.717s] -- Up-to-date: /home/luka/ws_moveit/install/moveit_kinematics/include/moveit_kinematics
[2.717s] -- Up-to-date: /home/luka/ws_moveit/install/moveit_kinematics/include/moveit_kinematics/moveit
[2.717s] -- Up-to-date: /home/luka/ws_moveit/install/moveit_kinematics/include/moveit_kinematics/moveit/kdl_kinematics_plugin
[2.717s] -- Up-to-date: /home/luka/ws_moveit/install/moveit_kinematics/include/moveit_kinematics/moveit/kdl_kinematics_plugin/joint_mimic.hpp
[2.717s] -- Up-to-date: /home/luka/ws_moveit/install/moveit_kinematics/include/moveit_kinematics/moveit/kdl_kinematics_plugin/joint_mimic.h
[2.717s] -- Up-to-date: /home/luka/ws_moveit/install/moveit_kinematics/include/moveit_kinematics/moveit/kdl_kinematics_plugin/chainiksolver_vel_mimic_svd.hpp
[2.718s] -- Up-to-date: /home/luka/ws_moveit/install/moveit_kinematics/include/moveit_kinematics/moveit/kdl_kinematics_plugin/chainiksolver_vel_mimic_svd.h
[2.718s] -- Up-to-date: /home/luka/ws_moveit/install/moveit_kinematics/include/moveit_kinematics/moveit/kdl_kinematics_plugin/kdl_kinematics_plugin.hpp
[2.718s] -- Up-to-date: /home/luka/ws_moveit/install/moveit_kinematics/include/moveit_kinematics/moveit/kdl_kinematics_plugin/kdl_kinematics_plugin.h
[2.718s] -- Up-to-date: /home/luka/ws_moveit/install/moveit_kinematics/include/moveit_kinematics
[2.719s] -- Up-to-date: /home/luka/ws_moveit/install/moveit_kinematics/include/moveit_kinematics/srv_kinematics_parameters.hpp
[2.719s] -- Up-to-date: /home/luka/ws_moveit/install/moveit_kinematics/include/moveit_kinematics
[2.719s] -- Up-to-date: /home/luka/ws_moveit/install/moveit_kinematics/include/moveit_kinematics/moveit
[2.719s] -- Up-to-date: /home/luka/ws_moveit/install/moveit_kinematics/include/moveit_kinematics/moveit/srv_kinematics_plugin
[2.719s] -- Up-to-date: /home/luka/ws_moveit/install/moveit_kinematics/include/moveit_kinematics/moveit/srv_kinematics_plugin/srv_kinematics_plugin.h
[2.719s] -- Up-to-date: /home/luka/ws_moveit/install/moveit_kinematics/include/moveit_kinematics/moveit/srv_kinematics_plugin/srv_kinematics_plugin.hpp
[2.719s] -- Up-to-date: /home/luka/ws_moveit/install/moveit_kinematics/share/moveit_kinematics/config
[2.720s] -- Up-to-date: /home/luka/ws_moveit/install/moveit_kinematics/share/moveit_kinematics/config/fanuc-kdl-singular-test.yaml
[2.720s] -- Up-to-date: /home/luka/ws_moveit/install/moveit_kinematics/share/moveit_kinematics/config/panda-kdl-singular-test.yaml
[2.720s] -- Up-to-date: /home/luka/ws_moveit/install/moveit_kinematics/share/moveit_kinematics/config/panda-kdl-test.yaml
[2.720s] -- Up-to-date: /home/luka/ws_moveit/install/moveit_kinematics/share/moveit_kinematics/config/fanuc-kdl-test.yaml
[2.720s] -- Up-to-date: /home/luka/ws_moveit/install/moveit_kinematics/share/moveit_kinematics/launch
[2.720s] -- Up-to-date: /home/luka/ws_moveit/install/moveit_kinematics/share/moveit_kinematics/launch/fanuc-kdl.test.py
[2.721s] -- Up-to-date: /home/luka/ws_moveit/install/moveit_kinematics/share/moveit_kinematics/launch/panda-kdl-singular.test.py
[2.721s] -- Up-to-date: /home/luka/ws_moveit/install/moveit_kinematics/share/moveit_kinematics/launch/panda-kdl.test.py
[2.721s] -- Up-to-date: /home/luka/ws_moveit/install/moveit_kinematics/share/moveit_kinematics/launch/fanuc-kdl-singular.test.py
[2.721s] -- Installing: /home/luka/ws_moveit/install/moveit_kinematics/lib/moveit_kinematics/benchmark_ik
[2.721s] -- Set non-toolchain portion of runtime path of "/home/luka/ws_moveit/install/moveit_kinematics/lib/moveit_kinematics/benchmark_ik" to ""
[2.721s] -- Installing: /home/luka/ws_moveit/install/moveit_kinematics/lib/moveit_kinematics/test_kinematics_plugin
[2.723s] -- Set non-toolchain portion of runtime path of "/home/luka/ws_moveit/install/moveit_kinematics/lib/moveit_kinematics/test_kinematics_plugin" to ""
[2.724s] -- Installing: /home/luka/ws_moveit/install/moveit_kinematics/lib/libmoveit_cached_ik_kinematics_base.so.2.14.1
[2.724s] -- Set non-toolchain portion of runtime path of "/home/luka/ws_moveit/install/moveit_kinematics/lib/libmoveit_cached_ik_kinematics_base.so.2.14.1" to ""
[2.725s] -- Up-to-date: /home/luka/ws_moveit/install/moveit_kinematics/lib/libmoveit_cached_ik_kinematics_base.so
[2.725s] -- Installing: /home/luka/ws_moveit/install/moveit_kinematics/lib/libmoveit_cached_ik_kinematics_plugin.so.2.14.1
[2.726s] -- Set non-toolchain portion of runtime path of "/home/luka/ws_moveit/install/moveit_kinematics/lib/libmoveit_cached_ik_kinematics_plugin.so.2.14.1" to ""
[2.727s] -- Up-to-date: /home/luka/ws_moveit/install/moveit_kinematics/lib/libmoveit_cached_ik_kinematics_plugin.so
[2.727s] -- Installing: /home/luka/ws_moveit/install/moveit_kinematics/lib/libmoveit_kdl_kinematics_plugin.so
[2.728s] -- Set non-toolchain portion of runtime path of "/home/luka/ws_moveit/install/moveit_kinematics/lib/libmoveit_kdl_kinematics_plugin.so" to ""
[2.729s] -- Installing: /home/luka/ws_moveit/install/moveit_kinematics/lib/libmoveit_srv_kinematics_plugin.so.2.14.1
[2.729s] -- Set non-toolchain portion of runtime path of "/home/luka/ws_moveit/install/moveit_kinematics/lib/libmoveit_srv_kinematics_plugin.so.2.14.1" to ""
[2.730s] -- Up-to-date: /home/luka/ws_moveit/install/moveit_kinematics/lib/libmoveit_srv_kinematics_plugin.so
[2.730s] -- Up-to-date: /home/luka/ws_moveit/install/moveit_kinematics/share/moveit_kinematics/environment/library_path.sh
[2.730s] -- Up-to-date: /home/luka/ws_moveit/install/moveit_kinematics/share/moveit_kinematics/environment/library_path.dsv
[2.730s] -- Up-to-date: /home/luka/ws_moveit/install/moveit_kinematics/share/ament_index/resource_index/package_run_dependencies/moveit_kinematics
[2.730s] -- Up-to-date: /home/luka/ws_moveit/install/moveit_kinematics/share/ament_index/resource_index/parent_prefix_path/moveit_kinematics
[2.731s] -- Up-to-date: /home/luka/ws_moveit/install/moveit_kinematics/share/moveit_kinematics/environment/ament_prefix_path.sh
[2.731s] -- Up-to-date: /home/luka/ws_moveit/install/moveit_kinematics/share/moveit_kinematics/environment/ament_prefix_path.dsv
[2.731s] -- Up-to-date: /home/luka/ws_moveit/install/moveit_kinematics/share/moveit_kinematics/environment/path.sh
[2.731s] -- Up-to-date: /home/luka/ws_moveit/install/moveit_kinematics/share/moveit_kinematics/environment/path.dsv
[2.731s] -- Up-to-date: /home/luka/ws_moveit/install/moveit_kinematics/share/moveit_kinematics/local_setup.bash
[2.731s] -- Up-to-date: /home/luka/ws_moveit/install/moveit_kinematics/share/moveit_kinematics/local_setup.sh
[2.732s] -- Up-to-date: /home/luka/ws_moveit/install/moveit_kinematics/share/moveit_kinematics/local_setup.zsh
[2.732s] -- Up-to-date: /home/luka/ws_moveit/install/moveit_kinematics/share/moveit_kinematics/local_setup.dsv
[2.732s] -- Installing: /home/luka/ws_moveit/install/moveit_kinematics/share/moveit_kinematics/package.dsv
[2.732s] -- Up-to-date: /home/luka/ws_moveit/install/moveit_kinematics/share/ament_index/resource_index/packages/moveit_kinematics
[2.732s] -- Up-to-date: /home/luka/ws_moveit/install/moveit_kinematics/share/ament_index/resource_index/moveit_core__pluginlib__plugin/moveit_kinematics
[2.732s] -- Up-to-date: /home/luka/ws_moveit/install/moveit_kinematics/share/moveit_kinematics/cmake/moveit_kinematicsTargetsExport.cmake
[2.733s] -- Up-to-date: /home/luka/ws_moveit/install/moveit_kinematics/share/moveit_kinematics/cmake/moveit_kinematicsTargetsExport-release.cmake
[2.733s] -- Up-to-date: /home/luka/ws_moveit/install/moveit_kinematics/share/moveit_kinematics/cmake/ConfigExtras.cmake
[2.733s] -- Up-to-date: /home/luka/ws_moveit/install/moveit_kinematics/share/moveit_kinematics/cmake/ament_cmake_export_targets-extras.cmake
[2.733s] -- Up-to-date: /home/luka/ws_moveit/install/moveit_kinematics/share/moveit_kinematics/cmake/ament_cmake_export_dependencies-extras.cmake
[2.733s] -- Up-to-date: /home/luka/ws_moveit/install/moveit_kinematics/share/moveit_kinematics/cmake/moveit_kinematicsConfig.cmake
[2.733s] -- Up-to-date: /home/luka/ws_moveit/install/moveit_kinematics/share/moveit_kinematics/cmake/moveit_kinematicsConfig-version.cmake
[2.733s] -- Up-to-date: /home/luka/ws_moveit/install/moveit_kinematics/share/moveit_kinematics/package.xml
[2.735s] Invoked command in '/home/luka/ws_moveit/build/moveit_kinematics' returned '0': AMENT_PREFIX_PATH=/home/luka/ws_moveit/install/moveit_ros_planning:/home/luka/ws_moveit/install/moveit_ros_occupancy_map_monitor:/home/luka/ws_moveit/install/moveit_core:/home/luka/ws_moveit/install/moveit_resources_panda_moveit_config:/home/luka/ws_moveit/install/moveit_resources_fanuc_moveit_config:/home/luka/ws_moveit/install/moveit_resources_pr2_description:/home/luka/ws_moveit/install/moveit_resources_panda_description:/home/luka/ws_moveit/install/moveit_resources_fanuc_description:/home/luka/ws_moveit/install/moveit_msgs:/home/luka/ws_moveit/install/moveit_configs_utils:/home/luka/ws_moveit/install/moveit_common:${AMENT_PREFIX_PATH} CMAKE_PREFIX_PATH=/home/luka/ws_moveit/install/moveit_ros_planning:/home/luka/ws_moveit/install/moveit_ros_occupancy_map_monitor:/home/luka/ws_moveit/install/moveit_core:/home/luka/ws_moveit/install/moveit_resources_panda_moveit_config:/home/luka/ws_moveit/install/moveit_resources_fanuc_moveit_config:/home/luka/ws_moveit/install/moveit_resources_pr2_description:/home/luka/ws_moveit/install/moveit_resources_panda_description:/home/luka/ws_moveit/install/moveit_resources_fanuc_description:/home/luka/ws_moveit/install/moveit_msgs:/home/luka/ws_moveit/install/moveit_common:/opt/ros/jazzy/opt/gz_sim_vendor:/opt/ros/jazzy/opt/gz_sensors_vendor:/opt/ros/jazzy/opt/gz_physics_vendor:/opt/ros/jazzy/opt/sdformat_vendor:/opt/ros/jazzy/opt/gz_gui_vendor:/opt/ros/jazzy/opt/gz_transport_vendor:/opt/ros/jazzy/opt/gz_rendering_vendor:/opt/ros/jazzy/opt/gz_plugin_vendor:/opt/ros/jazzy/opt/gz_fuel_tools_vendor:/opt/ros/jazzy/opt/gz_msgs_vendor:/opt/ros/jazzy/opt/gz_common_vendor:/opt/ros/jazzy/opt/gz_math_vendor:/opt/ros/jazzy/opt/gz_utils_vendor:/opt/ros/jazzy/opt/gz_tools_vendor:/opt/ros/jazzy/opt/gz_ogre_next_vendor:/opt/ros/jazzy/opt/gz_dartsim_vendor:/opt/ros/jazzy/opt/gz_cmake_vendor:/opt/ros/jazzy DEBUGINFOD_URLS=https://debuginfod.ubuntu.com LD_LIBRARY_PATH=/home/luka/ws_moveit/install/moveit_ros_planning/lib:/home/luka/ws_moveit/install/moveit_ros_occupancy_map_monitor/lib:/home/luka/ws_moveit/install/moveit_core/lib:/home/luka/ws_moveit/install/moveit_msgs/lib:${LD_LIBRARY_PATH} PATH=/home/luka/ws_moveit/install/moveit_core/bin:${PATH} PYTHONPATH=/home/luka/ws_moveit/install/moveit_msgs/lib/python3.12/site-packages:/home/luka/ws_moveit/install/moveit_configs_utils/lib/python3.12/site-packages:${PYTHONPATH} /usr/bin/cmake --install /home/luka/ws_moveit/build/moveit_kinematics
