[0.000000] (-) TimerEvent: {}
[0.000487] (-) JobUnselected: {'identifier': 'chomp_motion_planner'}
[0.000749] (-) JobUnselected: {'identifier': 'dual_arm_panda_moveit_config'}
[0.000792] (-) JobUnselected: {'identifier': 'hello_moveit'}
[0.000825] (-) JobUnselected: {'identifier': 'hello_moveit_1st'}
[0.000857] (-) JobUnselected: {'identifier': 'hello_moveit_py'}
[0.000888] (-) JobUnselected: {'identifier': 'kinova_gen3_6dof_robotiq_2f_85_moveit_config'}
[0.000919] (-) JobUnselected: {'identifier': 'kinova_gen3_7dof_robotiq_2f_85_moveit_config'}
[0.000949] (-) JobUnselected: {'identifier': 'kinova_gen3_lite_moveit_config'}
[0.000980] (-) JobUnselected: {'identifier': 'kortex_api'}
[0.001011] (-) JobUnselected: {'identifier': 'kortex_bringup'}
[0.001041] (-) JobUnselected: {'identifier': 'kortex_description'}
[0.001072] (-) JobUnselected: {'identifier': 'kortex_driver'}
[0.001102] (-) JobUnselected: {'identifier': 'moveit'}
[0.001132] (-) JobUnselected: {'identifier': 'moveit2_tutorials'}
[0.001162] (-) JobUnselected: {'identifier': 'moveit_common'}
[0.001193] (-) JobUnselected: {'identifier': 'moveit_configs_utils'}
[0.001223] (-) JobUnselected: {'identifier': 'moveit_core'}
[0.001253] (-) JobUnselected: {'identifier': 'moveit_hybrid_planning'}
[0.001284] (-) JobUnselected: {'identifier': 'moveit_kinematics'}
[0.001330] (-) JobUnselected: {'identifier': 'moveit_msgs'}
[0.001362] (-) JobUnselected: {'identifier': 'moveit_planners'}
[0.001393] (-) JobUnselected: {'identifier': 'moveit_planners_chomp'}
[0.001441] (-) JobUnselected: {'identifier': 'moveit_planners_ompl'}
[0.001472] (-) JobUnselected: {'identifier': 'moveit_planners_stomp'}
[0.001503] (-) JobUnselected: {'identifier': 'moveit_plugins'}
[0.001534] (-) JobUnselected: {'identifier': 'moveit_py'}
[0.001565] (-) JobUnselected: {'identifier': 'moveit_resources'}
[0.001595] (-) JobUnselected: {'identifier': 'moveit_resources_fanuc_description'}
[0.001626] (-) JobUnselected: {'identifier': 'moveit_resources_fanuc_moveit_config'}
[0.001656] (-) JobUnselected: {'identifier': 'moveit_resources_panda_description'}
[0.001685] (-) JobUnselected: {'identifier': 'moveit_resources_panda_moveit_config'}
[0.001716] (-) JobUnselected: {'identifier': 'moveit_resources_pr2_description'}
[0.001749] (-) JobUnselected: {'identifier': 'moveit_resources_prbt_ikfast_manipulator_plugin'}
[0.001780] (-) JobUnselected: {'identifier': 'moveit_resources_prbt_moveit_config'}
[0.001810] (-) JobUnselected: {'identifier': 'moveit_resources_prbt_pg70_support'}
[0.001841] (-) JobUnselected: {'identifier': 'moveit_resources_prbt_support'}
[0.001871] (-) JobUnselected: {'identifier': 'moveit_ros'}
[0.001901] (-) JobUnselected: {'identifier': 'moveit_ros_benchmarks'}
[0.001932] (-) JobUnselected: {'identifier': 'moveit_ros_control_interface'}
[0.001963] (-) JobUnselected: {'identifier': 'moveit_ros_move_group'}
[0.001997] (-) JobUnselected: {'identifier': 'moveit_ros_occupancy_map_monitor'}
[0.002028] (-) JobUnselected: {'identifier': 'moveit_ros_perception'}
[0.002059] (-) JobUnselected: {'identifier': 'moveit_ros_planning'}
[0.002089] (-) JobUnselected: {'identifier': 'moveit_ros_planning_interface'}
[0.002119] (-) JobUnselected: {'identifier': 'moveit_ros_robot_interaction'}
[0.002149] (-) JobUnselected: {'identifier': 'moveit_ros_tests'}
[0.002178] (-) JobUnselected: {'identifier': 'moveit_ros_trajectory_cache'}
[0.002208] (-) JobUnselected: {'identifier': 'moveit_ros_visualization'}
[0.002237] (-) JobUnselected: {'identifier': 'moveit_ros_warehouse'}
[0.002267] (-) JobUnselected: {'identifier': 'moveit_runtime'}
[0.002296] (-) JobUnselected: {'identifier': 'moveit_servo'}
[0.002325] (-) JobUnselected: {'identifier': 'moveit_setup_app_plugins'}
[0.002354] (-) JobUnselected: {'identifier': 'moveit_setup_assistant'}
[0.002385] (-) JobUnselected: {'identifier': 'moveit_setup_controllers'}
[0.002425] (-) JobUnselected: {'identifier': 'moveit_setup_core_plugins'}
[0.002545] (-) JobUnselected: {'identifier': 'moveit_setup_framework'}
[0.002579] (-) JobUnselected: {'identifier': 'moveit_setup_srdf_plugins'}
[0.002738] (-) JobUnselected: {'identifier': 'moveit_simple_controller_manager'}
[0.002771] (-) JobUnselected: {'identifier': 'moveit_task_constructor_capabilities'}
[0.002801] (-) JobUnselected: {'identifier': 'moveit_task_constructor_core'}
[0.002830] (-) JobUnselected: {'identifier': 'moveit_task_constructor_demo'}
[0.002861] (-) JobUnselected: {'identifier': 'moveit_task_constructor_msgs'}
[0.002890] (-) JobUnselected: {'identifier': 'moveit_task_constructor_visualization'}
[0.002920] (-) JobUnselected: {'identifier': 'moveit_visual_tools'}
[0.002950] (-) JobUnselected: {'identifier': 'mtc_tutorial'}
[0.002980] (-) JobUnselected: {'identifier': 'panda_moveit_config'}
[0.003010] (-) JobUnselected: {'identifier': 'pick_ik'}
[0.003040] (-) JobUnselected: {'identifier': 'pilz_industrial_motion_planner'}
[0.003071] (-) JobUnselected: {'identifier': 'pilz_industrial_motion_planner_testutils'}
[0.003103] (-) JobUnselected: {'identifier': 'plan_around_obj'}
[0.003133] (-) JobUnselected: {'identifier': 'robot_description'}
[0.003163] (-) JobUnselected: {'identifier': 'robotiq_controllers'}
[0.003196] (-) JobUnselected: {'identifier': 'robotiq_description'}
[0.003225] (-) JobUnselected: {'identifier': 'robotiq_driver'}
[0.003255] (-) JobUnselected: {'identifier': 'robotiq_hardware_tests'}
[0.003285] (-) JobUnselected: {'identifier': 'rviz_marker_tools'}
[0.003315] (-) JobUnselected: {'identifier': 'rviz_visual_tools'}
[0.003363] (-) JobUnselected: {'identifier': 'serial'}
[0.003394] (-) JobUnselected: {'identifier': 'yolov8_msgs'}
[0.003498] (-) JobUnselected: {'identifier': 'yolov8_obb'}
[0.003824] (-) EventReactorShutdown: {}
