[0.063s] Invoking command in '/home/luka/ws_moveit/build/moveit_common': CMAKE_PREFIX_PATH=${CMAKE_PREFIX_PATH}:/home/luka/ws_moveit/install/hello_moveit_py:/home/luka/ws_moveit/install/moveit_configs_utils:/opt/ros/jazzy DEBUGINFOD_URLS=https://debuginfod.ubuntu.com /usr/bin/cmake --build /home/luka/ws_moveit/build/moveit_common -- -j4 -l4
[0.195s] Invoked command in '/home/luka/ws_moveit/build/moveit_common' returned '0': CMAKE_PREFIX_PATH=${CMAKE_PREFIX_PATH}:/home/luka/ws_moveit/install/hello_moveit_py:/home/luka/ws_moveit/install/moveit_configs_utils:/opt/ros/jazzy DEBUGINFOD_URLS=https://debuginfod.ubuntu.com /usr/bin/cmake --build /home/luka/ws_moveit/build/moveit_common -- -j4 -l4
[0.224s] Invoking command in '/home/luka/ws_moveit/build/moveit_common': CMAKE_PREFIX_PATH=${CMAKE_PREFIX_PATH}:/home/luka/ws_moveit/install/hello_moveit_py:/home/luka/ws_moveit/install/moveit_configs_utils:/opt/ros/jazzy DEBUGINFOD_URLS=https://debuginfod.ubuntu.com /usr/bin/cmake --install /home/luka/ws_moveit/build/moveit_common
[0.249s] -- Install configuration: "Release"
[0.250s] -- Up-to-date: /home/luka/ws_moveit/install/moveit_common/share/ament_index/resource_index/package_run_dependencies/moveit_common
[0.250s] -- Up-to-date: /home/luka/ws_moveit/install/moveit_common/share/ament_index/resource_index/parent_prefix_path/moveit_common
[0.251s] -- Up-to-date: /home/luka/ws_moveit/install/moveit_common/share/moveit_common/environment/ament_prefix_path.sh
[0.251s] -- Up-to-date: /home/luka/ws_moveit/install/moveit_common/share/moveit_common/environment/ament_prefix_path.dsv
[0.252s] -- Up-to-date: /home/luka/ws_moveit/install/moveit_common/share/moveit_common/environment/path.sh
[0.252s] -- Up-to-date: /home/luka/ws_moveit/install/moveit_common/share/moveit_common/environment/path.dsv
[0.253s] -- Up-to-date: /home/luka/ws_moveit/install/moveit_common/share/moveit_common/local_setup.bash
[0.253s] -- Up-to-date: /home/luka/ws_moveit/install/moveit_common/share/moveit_common/local_setup.sh
[0.254s] -- Up-to-date: /home/luka/ws_moveit/install/moveit_common/share/moveit_common/local_setup.zsh
[0.254s] -- Up-to-date: /home/luka/ws_moveit/install/moveit_common/share/moveit_common/local_setup.dsv
[0.254s] -- Installing: /home/luka/ws_moveit/install/moveit_common/share/moveit_common/package.dsv
[0.257s] -- Up-to-date: /home/luka/ws_moveit/install/moveit_common/share/ament_index/resource_index/packages/moveit_common
[0.257s] -- Up-to-date: /home/luka/ws_moveit/install/moveit_common/share/moveit_common/cmake/moveit_common-extras.cmake
[0.257s] -- Up-to-date: /home/luka/ws_moveit/install/moveit_common/share/moveit_common/cmake/moveit_commonConfig.cmake
[0.258s] -- Up-to-date: /home/luka/ws_moveit/install/moveit_common/share/moveit_common/cmake/moveit_commonConfig-version.cmake
[0.259s] -- Up-to-date: /home/luka/ws_moveit/install/moveit_common/share/moveit_common/package.xml
[0.259s] -- Up-to-date: /home/luka/ws_moveit/install/moveit_common/share/moveit_common/cmake
[0.260s] -- Up-to-date: /home/luka/ws_moveit/install/moveit_common/share/moveit_common/cmake/moveit_package.cmake
[0.264s] Invoked command in '/home/luka/ws_moveit/build/moveit_common' returned '0': CMAKE_PREFIX_PATH=${CMAKE_PREFIX_PATH}:/home/luka/ws_moveit/install/hello_moveit_py:/home/luka/ws_moveit/install/moveit_configs_utils:/opt/ros/jazzy DEBUGINFOD_URLS=https://debuginfod.ubuntu.com /usr/bin/cmake --install /home/luka/ws_moveit/build/moveit_common
