[0.026s] Invoking command in '/home/luka/ws_moveit/build/moveit_ros_planning': AMENT_PREFIX_PATH=/home/luka/ws_moveit/install/moveit_ros_occupancy_map_monitor:/home/luka/ws_moveit/install/moveit_core:/home/luka/ws_moveit/install/moveit_resources_panda_moveit_config:/home/luka/ws_moveit/install/moveit_resources_pr2_description:/home/luka/ws_moveit/install/moveit_resources_panda_description:/home/luka/ws_moveit/install/moveit_msgs:/home/luka/ws_moveit/install/moveit_configs_utils:/home/luka/ws_moveit/install/moveit_common:${AMENT_PREFIX_PATH} CMAKE_PREFIX_PATH=/home/luka/ws_moveit/install/moveit_ros_occupancy_map_monitor:/home/luka/ws_moveit/install/moveit_core:/home/luka/ws_moveit/install/moveit_resources_panda_moveit_config:/home/luka/ws_moveit/install/moveit_resources_pr2_description:/home/luka/ws_moveit/install/moveit_resources_panda_description:/home/luka/ws_moveit/install/moveit_msgs:/home/luka/ws_moveit/install/moveit_common:/opt/ros/jazzy/opt/gz_sim_vendor:/opt/ros/jazzy/opt/gz_sensors_vendor:/opt/ros/jazzy/opt/gz_physics_vendor:/opt/ros/jazzy/opt/sdformat_vendor:/opt/ros/jazzy/opt/gz_gui_vendor:/opt/ros/jazzy/opt/gz_transport_vendor:/opt/ros/jazzy/opt/gz_rendering_vendor:/opt/ros/jazzy/opt/gz_plugin_vendor:/opt/ros/jazzy/opt/gz_fuel_tools_vendor:/opt/ros/jazzy/opt/gz_msgs_vendor:/opt/ros/jazzy/opt/gz_common_vendor:/opt/ros/jazzy/opt/gz_math_vendor:/opt/ros/jazzy/opt/gz_utils_vendor:/opt/ros/jazzy/opt/gz_tools_vendor:/opt/ros/jazzy/opt/gz_ogre_next_vendor:/opt/ros/jazzy/opt/gz_dartsim_vendor:/opt/ros/jazzy/opt/gz_cmake_vendor:/opt/ros/jazzy DEBUGINFOD_URLS=https://debuginfod.ubuntu.com LD_LIBRARY_PATH=/home/luka/ws_moveit/install/moveit_ros_occupancy_map_monitor/lib:/home/luka/ws_moveit/install/moveit_core/lib:/home/luka/ws_moveit/install/moveit_msgs/lib:${LD_LIBRARY_PATH} PATH=/home/luka/ws_moveit/install/moveit_core/bin:${PATH} PYTHONPATH=/home/luka/ws_moveit/install/moveit_msgs/lib/python3.12/site-packages:/home/luka/ws_moveit/install/moveit_configs_utils/lib/python3.12/site-packages:${PYTHONPATH} /usr/bin/cmake --build /home/luka/ws_moveit/build/moveit_ros_planning -- -j4 -l4
[0.115s] [  2%] Built target kinematics_parameters
[0.134s] [  4%] Built target srdf_publisher
[0.141s] [  7%] Built target moveit_rdf_loader
[0.154s] [ 10%] Built target moveit_collision_plugin_loader
[0.171s] [ 12%] Built target planning_pipeline_parameters
[0.195s] [ 14%] Built target gtest_main
[0.210s] [ 16%] Built target gtest
[0.215s] [ 21%] Built target default_request_adapter_parameters
[0.215s] [ 21%] Built target moveit_pipeline_test_plugins
[0.253s] [ 23%] Built target default_response_adapter_parameters
[0.257s] [ 25%] Built target gmock_main
[0.265s] [ 29%] Built target gmock
[0.271s] [ 31%] Built target srdf_publisher_node
[0.322s] [ 33%] Built target moveit_kinematics_plugin_loader
[0.326s] [ 35%] Built target moveit_constraint_sampler_manager_loader
[0.336s] [ 38%] Built target moveit_planning_pipeline
[0.407s] [ 40%] Built target moveit_robot_model_loader
[0.411s] [ 47%] Built target moveit_default_planning_request_adapter_plugins
[0.437s] [ 52%] Built target moveit_default_planning_response_adapter_plugins
[0.473s] [ 58%] Built target moveit_planning_pipeline_interfaces
[0.499s] [ 60%] Built target moveit_planning_pipeline_test
[0.512s] [ 62%] Built target moveit_print_planning_model_info
[0.538s] [ 65%] Built target test_check_start_state_bounds
[0.549s] [ 71%] Built target moveit_planning_scene_monitor
[0.616s] [ 74%] Built target moveit_display_random_state
[0.620s] [ 76%] Built target moveit_trajectory_execution_manager
[0.630s] [ 78%] Built target moveit_print_planning_scene_info
[0.683s] [ 80%] Built target moveit_visualize_robot_collision_volume
[0.706s] [ 83%] Built target moveit_evaluate_collision_checking_speed
[0.715s] [ 85%] Built target moveit_publish_scene_from_text
[0.760s] [ 87%] Built target demo_scene
[0.790s] [ 89%] Built target current_state_monitor_tests
[0.795s] [ 92%] Built target trajectory_monitor_tests
[0.836s] [ 94%] Built target planning_scene_monitor_test
[0.865s] [ 96%] Built target moveit_plan_execution
[0.871s] [100%] Built target moveit_cpp
[0.887s] Invoked command in '/home/luka/ws_moveit/build/moveit_ros_planning' returned '0': AMENT_PREFIX_PATH=/home/luka/ws_moveit/install/moveit_ros_occupancy_map_monitor:/home/luka/ws_moveit/install/moveit_core:/home/luka/ws_moveit/install/moveit_resources_panda_moveit_config:/home/luka/ws_moveit/install/moveit_resources_pr2_description:/home/luka/ws_moveit/install/moveit_resources_panda_description:/home/luka/ws_moveit/install/moveit_msgs:/home/luka/ws_moveit/install/moveit_configs_utils:/home/luka/ws_moveit/install/moveit_common:${AMENT_PREFIX_PATH} CMAKE_PREFIX_PATH=/home/luka/ws_moveit/install/moveit_ros_occupancy_map_monitor:/home/luka/ws_moveit/install/moveit_core:/home/luka/ws_moveit/install/moveit_resources_panda_moveit_config:/home/luka/ws_moveit/install/moveit_resources_pr2_description:/home/luka/ws_moveit/install/moveit_resources_panda_description:/home/luka/ws_moveit/install/moveit_msgs:/home/luka/ws_moveit/install/moveit_common:/opt/ros/jazzy/opt/gz_sim_vendor:/opt/ros/jazzy/opt/gz_sensors_vendor:/opt/ros/jazzy/opt/gz_physics_vendor:/opt/ros/jazzy/opt/sdformat_vendor:/opt/ros/jazzy/opt/gz_gui_vendor:/opt/ros/jazzy/opt/gz_transport_vendor:/opt/ros/jazzy/opt/gz_rendering_vendor:/opt/ros/jazzy/opt/gz_plugin_vendor:/opt/ros/jazzy/opt/gz_fuel_tools_vendor:/opt/ros/jazzy/opt/gz_msgs_vendor:/opt/ros/jazzy/opt/gz_common_vendor:/opt/ros/jazzy/opt/gz_math_vendor:/opt/ros/jazzy/opt/gz_utils_vendor:/opt/ros/jazzy/opt/gz_tools_vendor:/opt/ros/jazzy/opt/gz_ogre_next_vendor:/opt/ros/jazzy/opt/gz_dartsim_vendor:/opt/ros/jazzy/opt/gz_cmake_vendor:/opt/ros/jazzy DEBUGINFOD_URLS=https://debuginfod.ubuntu.com LD_LIBRARY_PATH=/home/luka/ws_moveit/install/moveit_ros_occupancy_map_monitor/lib:/home/luka/ws_moveit/install/moveit_core/lib:/home/luka/ws_moveit/install/moveit_msgs/lib:${LD_LIBRARY_PATH} PATH=/home/luka/ws_moveit/install/moveit_core/bin:${PATH} PYTHONPATH=/home/luka/ws_moveit/install/moveit_msgs/lib/python3.12/site-packages:/home/luka/ws_moveit/install/moveit_configs_utils/lib/python3.12/site-packages:${PYTHONPATH} /usr/bin/cmake --build /home/luka/ws_moveit/build/moveit_ros_planning -- -j4 -l4
[0.889s] Invoking command in '/home/luka/ws_moveit/build/moveit_ros_planning': AMENT_PREFIX_PATH=/home/luka/ws_moveit/install/moveit_ros_occupancy_map_monitor:/home/luka/ws_moveit/install/moveit_core:/home/luka/ws_moveit/install/moveit_resources_panda_moveit_config:/home/luka/ws_moveit/install/moveit_resources_pr2_description:/home/luka/ws_moveit/install/moveit_resources_panda_description:/home/luka/ws_moveit/install/moveit_msgs:/home/luka/ws_moveit/install/moveit_configs_utils:/home/luka/ws_moveit/install/moveit_common:${AMENT_PREFIX_PATH} CMAKE_PREFIX_PATH=/home/luka/ws_moveit/install/moveit_ros_occupancy_map_monitor:/home/luka/ws_moveit/install/moveit_core:/home/luka/ws_moveit/install/moveit_resources_panda_moveit_config:/home/luka/ws_moveit/install/moveit_resources_pr2_description:/home/luka/ws_moveit/install/moveit_resources_panda_description:/home/luka/ws_moveit/install/moveit_msgs:/home/luka/ws_moveit/install/moveit_common:/opt/ros/jazzy/opt/gz_sim_vendor:/opt/ros/jazzy/opt/gz_sensors_vendor:/opt/ros/jazzy/opt/gz_physics_vendor:/opt/ros/jazzy/opt/sdformat_vendor:/opt/ros/jazzy/opt/gz_gui_vendor:/opt/ros/jazzy/opt/gz_transport_vendor:/opt/ros/jazzy/opt/gz_rendering_vendor:/opt/ros/jazzy/opt/gz_plugin_vendor:/opt/ros/jazzy/opt/gz_fuel_tools_vendor:/opt/ros/jazzy/opt/gz_msgs_vendor:/opt/ros/jazzy/opt/gz_common_vendor:/opt/ros/jazzy/opt/gz_math_vendor:/opt/ros/jazzy/opt/gz_utils_vendor:/opt/ros/jazzy/opt/gz_tools_vendor:/opt/ros/jazzy/opt/gz_ogre_next_vendor:/opt/ros/jazzy/opt/gz_dartsim_vendor:/opt/ros/jazzy/opt/gz_cmake_vendor:/opt/ros/jazzy DEBUGINFOD_URLS=https://debuginfod.ubuntu.com LD_LIBRARY_PATH=/home/luka/ws_moveit/install/moveit_ros_occupancy_map_monitor/lib:/home/luka/ws_moveit/install/moveit_core/lib:/home/luka/ws_moveit/install/moveit_msgs/lib:${LD_LIBRARY_PATH} PATH=/home/luka/ws_moveit/install/moveit_core/bin:${PATH} PYTHONPATH=/home/luka/ws_moveit/install/moveit_msgs/lib/python3.12/site-packages:/home/luka/ws_moveit/install/moveit_configs_utils/lib/python3.12/site-packages:${PYTHONPATH} /usr/bin/cmake --install /home/luka/ws_moveit/build/moveit_ros_planning
[0.901s] -- Install configuration: "Release"
[0.901s] -- Up-to-date: /home/luka/ws_moveit/install/moveit_ros_planning/include/moveit_ros_planning
[0.901s] -- Up-to-date: /home/luka/ws_moveit/install/moveit_ros_planning/include/moveit_ros_planning/moveit
[0.901s] -- Up-to-date: /home/luka/ws_moveit/install/moveit_ros_planning/include/moveit_ros_planning/moveit/collision_plugin_loader
[0.902s] -- Up-to-date: /home/luka/ws_moveit/install/moveit_ros_planning/include/moveit_ros_planning/moveit/collision_plugin_loader/collision_plugin_loader.h
[0.902s] -- Up-to-date: /home/luka/ws_moveit/install/moveit_ros_planning/include/moveit_ros_planning/moveit/collision_plugin_loader/collision_plugin_loader.hpp
[0.902s] -- Up-to-date: /home/luka/ws_moveit/install/moveit_ros_planning/include/moveit_ros_planning
[0.902s] -- Up-to-date: /home/luka/ws_moveit/install/moveit_ros_planning/include/moveit_ros_planning/moveit
[0.902s] -- Up-to-date: /home/luka/ws_moveit/install/moveit_ros_planning/include/moveit_ros_planning/moveit/constraint_sampler_manager_loader
[0.902s] -- Up-to-date: /home/luka/ws_moveit/install/moveit_ros_planning/include/moveit_ros_planning/moveit/constraint_sampler_manager_loader/constraint_sampler_manager_loader.hpp
[0.902s] -- Up-to-date: /home/luka/ws_moveit/install/moveit_ros_planning/include/moveit_ros_planning/moveit/constraint_sampler_manager_loader/constraint_sampler_manager_loader.h
[0.903s] -- Up-to-date: /home/luka/ws_moveit/install/moveit_ros_planning/include/moveit_ros_planning
[0.903s] -- Up-to-date: /home/luka/ws_moveit/install/moveit_ros_planning/include/moveit_ros_planning/kinematics_parameters.hpp
[0.903s] -- Up-to-date: /home/luka/ws_moveit/install/moveit_ros_planning/include/moveit_ros_planning
[0.903s] -- Up-to-date: /home/luka/ws_moveit/install/moveit_ros_planning/include/moveit_ros_planning/moveit
[0.903s] -- Up-to-date: /home/luka/ws_moveit/install/moveit_ros_planning/include/moveit_ros_planning/moveit/kinematics_plugin_loader
[0.903s] -- Up-to-date: /home/luka/ws_moveit/install/moveit_ros_planning/include/moveit_ros_planning/moveit/kinematics_plugin_loader/kinematics_plugin_loader.h
[0.904s] -- Up-to-date: /home/luka/ws_moveit/install/moveit_ros_planning/include/moveit_ros_planning/moveit/kinematics_plugin_loader/kinematics_plugin_loader.hpp
[0.904s] -- Up-to-date: /home/luka/ws_moveit/install/moveit_ros_planning/include/moveit_ros_planning
[0.904s] -- Up-to-date: /home/luka/ws_moveit/install/moveit_ros_planning/include/moveit_ros_planning/moveit
[0.904s] -- Up-to-date: /home/luka/ws_moveit/install/moveit_ros_planning/include/moveit_ros_planning/moveit/moveit_cpp
[0.904s] -- Up-to-date: /home/luka/ws_moveit/install/moveit_ros_planning/include/moveit_ros_planning/moveit/moveit_cpp/moveit_cpp.hpp
[0.904s] -- Up-to-date: /home/luka/ws_moveit/install/moveit_ros_planning/include/moveit_ros_planning/moveit/moveit_cpp/planning_component.h
[0.904s] -- Up-to-date: /home/luka/ws_moveit/install/moveit_ros_planning/include/moveit_ros_planning/moveit/moveit_cpp/planning_component.hpp
[0.905s] -- Up-to-date: /home/luka/ws_moveit/install/moveit_ros_planning/include/moveit_ros_planning/moveit/moveit_cpp/moveit_cpp.h
[0.905s] -- Up-to-date: /home/luka/ws_moveit/install/moveit_ros_planning/include/moveit_ros_planning
[0.905s] -- Up-to-date: /home/luka/ws_moveit/install/moveit_ros_planning/include/moveit_ros_planning/moveit
[0.905s] -- Up-to-date: /home/luka/ws_moveit/install/moveit_ros_planning/include/moveit_ros_planning/moveit/plan_execution
[0.905s] -- Up-to-date: /home/luka/ws_moveit/install/moveit_ros_planning/include/moveit_ros_planning/moveit/plan_execution/plan_execution.h
[0.905s] -- Up-to-date: /home/luka/ws_moveit/install/moveit_ros_planning/include/moveit_ros_planning/moveit/plan_execution/plan_execution.hpp
[0.905s] -- Up-to-date: /home/luka/ws_moveit/install/moveit_ros_planning/include/moveit_ros_planning/moveit/plan_execution/plan_representation.h
[0.906s] -- Up-to-date: /home/luka/ws_moveit/install/moveit_ros_planning/include/moveit_ros_planning/moveit/plan_execution/plan_representation.hpp
[0.906s] -- Up-to-date: /home/luka/ws_moveit/install/moveit_ros_planning/lib/moveit_ros_planning/moveit_print_planning_model_info
[0.906s] -- Up-to-date: /home/luka/ws_moveit/install/moveit_ros_planning/lib/moveit_ros_planning/moveit_print_planning_scene_info
[0.906s] -- Up-to-date: /home/luka/ws_moveit/install/moveit_ros_planning/lib/moveit_ros_planning/moveit_display_random_state
[0.907s] -- Up-to-date: /home/luka/ws_moveit/install/moveit_ros_planning/lib/moveit_ros_planning/moveit_visualize_robot_collision_volume
[0.908s] -- Up-to-date: /home/luka/ws_moveit/install/moveit_ros_planning/lib/moveit_ros_planning/moveit_evaluate_collision_checking_speed
[0.908s] -- Up-to-date: /home/luka/ws_moveit/install/moveit_ros_planning/lib/moveit_ros_planning/moveit_publish_scene_from_text
[0.909s] -- Up-to-date: /home/luka/ws_moveit/install/moveit_ros_planning/include/moveit_ros_planning
[0.909s] -- Up-to-date: /home/luka/ws_moveit/install/moveit_ros_planning/include/moveit_ros_planning/moveit
[0.909s] -- Up-to-date: /home/luka/ws_moveit/install/moveit_ros_planning/include/moveit_ros_planning/moveit/planning_pipeline_interfaces
[0.909s] -- Up-to-date: /home/luka/ws_moveit/install/moveit_ros_planning/include/moveit_ros_planning/moveit/planning_pipeline_interfaces/plan_responses_container.hpp
[0.909s] -- Up-to-date: /home/luka/ws_moveit/install/moveit_ros_planning/include/moveit_ros_planning/moveit/planning_pipeline_interfaces/planning_pipeline_interfaces.hpp
[0.909s] -- Up-to-date: /home/luka/ws_moveit/install/moveit_ros_planning/include/moveit_ros_planning/moveit/planning_pipeline_interfaces/solution_selection_functions.h
[0.909s] -- Up-to-date: /home/luka/ws_moveit/install/moveit_ros_planning/include/moveit_ros_planning/moveit/planning_pipeline_interfaces/planning_pipeline_interfaces.h
[0.910s] -- Up-to-date: /home/luka/ws_moveit/install/moveit_ros_planning/include/moveit_ros_planning/moveit/planning_pipeline_interfaces/plan_responses_container.h
[0.910s] -- Up-to-date: /home/luka/ws_moveit/install/moveit_ros_planning/include/moveit_ros_planning/moveit/planning_pipeline_interfaces/stopping_criterion_functions.h
[0.910s] -- Up-to-date: /home/luka/ws_moveit/install/moveit_ros_planning/include/moveit_ros_planning/moveit/planning_pipeline_interfaces/solution_selection_functions.hpp
[0.910s] -- Up-to-date: /home/luka/ws_moveit/install/moveit_ros_planning/include/moveit_ros_planning/moveit/planning_pipeline_interfaces/stopping_criterion_functions.hpp
[0.910s] -- Up-to-date: /home/luka/ws_moveit/install/moveit_ros_planning/include/moveit_ros_planning/moveit_planning_pipeline_interfaces_export.h
[0.910s] -- Up-to-date: /home/luka/ws_moveit/install/moveit_ros_planning/include/moveit_ros_planning
[0.910s] -- Up-to-date: /home/luka/ws_moveit/install/moveit_ros_planning/include/moveit_ros_planning/planning_pipeline_parameters.hpp
[0.910s] -- Up-to-date: /home/luka/ws_moveit/install/moveit_ros_planning/lib/libmoveit_pipeline_test_plugins.so.2.14.1
[0.911s] -- Up-to-date: /home/luka/ws_moveit/install/moveit_ros_planning/lib/libmoveit_pipeline_test_plugins.so
[0.911s] -- Up-to-date: /home/luka/ws_moveit/install/moveit_ros_planning/include/moveit_ros_planning
[0.911s] -- Up-to-date: /home/luka/ws_moveit/install/moveit_ros_planning/include/moveit_ros_planning/moveit
[0.911s] -- Up-to-date: /home/luka/ws_moveit/install/moveit_ros_planning/include/moveit_ros_planning/moveit/planning_pipeline
[0.911s] -- Up-to-date: /home/luka/ws_moveit/install/moveit_ros_planning/include/moveit_ros_planning/moveit/planning_pipeline/planning_pipeline.h
[0.911s] -- Up-to-date: /home/luka/ws_moveit/install/moveit_ros_planning/include/moveit_ros_planning/moveit/planning_pipeline/planning_pipeline.hpp
[0.911s] -- Up-to-date: /home/luka/ws_moveit/install/moveit_ros_planning/include/moveit_ros_planning/moveit_planning_pipeline_export.h
[0.911s] -- Up-to-date: /home/luka/ws_moveit/install/moveit_ros_planning/include/moveit_ros_planning
[0.912s] -- Up-to-date: /home/luka/ws_moveit/install/moveit_ros_planning/include/moveit_ros_planning/default_request_adapter_parameters.hpp
[0.912s] -- Up-to-date: /home/luka/ws_moveit/install/moveit_ros_planning/include/moveit_ros_planning
[0.912s] -- Up-to-date: /home/luka/ws_moveit/install/moveit_ros_planning/include/moveit_ros_planning/default_response_adapter_parameters.hpp
[0.912s] -- Up-to-date: /home/luka/ws_moveit/install/moveit_ros_planning/lib/moveit_ros_planning/demo_scene
[0.913s] -- Up-to-date: /home/luka/ws_moveit/install/moveit_ros_planning/include/moveit_ros_planning
[0.913s] -- Up-to-date: /home/luka/ws_moveit/install/moveit_ros_planning/include/moveit_ros_planning/moveit
[0.913s] -- Up-to-date: /home/luka/ws_moveit/install/moveit_ros_planning/include/moveit_ros_planning/moveit/planning_scene_monitor
[0.913s] -- Up-to-date: /home/luka/ws_moveit/install/moveit_ros_planning/include/moveit_ros_planning/moveit/planning_scene_monitor/planning_scene_monitor.h
[0.913s] -- Up-to-date: /home/luka/ws_moveit/install/moveit_ros_planning/include/moveit_ros_planning/moveit/planning_scene_monitor/current_state_monitor_middleware_handle.hpp
[0.913s] -- Up-to-date: /home/luka/ws_moveit/install/moveit_ros_planning/include/moveit_ros_planning/moveit/planning_scene_monitor/current_state_monitor.h
[0.913s] -- Up-to-date: /home/luka/ws_moveit/install/moveit_ros_planning/include/moveit_ros_planning/moveit/planning_scene_monitor/trajectory_monitor_middleware_handle.hpp
[0.914s] -- Up-to-date: /home/luka/ws_moveit/install/moveit_ros_planning/include/moveit_ros_planning/moveit/planning_scene_monitor/trajectory_monitor.h
[0.914s] -- Up-to-date: /home/luka/ws_moveit/install/moveit_ros_planning/include/moveit_ros_planning/moveit/planning_scene_monitor/planning_scene_monitor.hpp
[0.914s] -- Up-to-date: /home/luka/ws_moveit/install/moveit_ros_planning/include/moveit_ros_planning/moveit/planning_scene_monitor/current_state_monitor.hpp
[0.914s] -- Up-to-date: /home/luka/ws_moveit/install/moveit_ros_planning/include/moveit_ros_planning/moveit/planning_scene_monitor/trajectory_monitor.hpp
[0.914s] -- Up-to-date: /home/luka/ws_moveit/install/moveit_ros_planning/include/moveit_ros_planning/moveit/planning_scene_monitor/current_state_monitor_middleware_handle.h
[0.914s] -- Up-to-date: /home/luka/ws_moveit/install/moveit_ros_planning/include/moveit_ros_planning/moveit/planning_scene_monitor/trajectory_monitor_middleware_handle.h
[0.914s] -- Up-to-date: /home/luka/ws_moveit/install/moveit_ros_planning/include/moveit_ros_planning/moveit_planning_scene_monitor_export.h
[0.915s] -- Up-to-date: /home/luka/ws_moveit/install/moveit_ros_planning/include/moveit_ros_planning
[0.915s] -- Up-to-date: /home/luka/ws_moveit/install/moveit_ros_planning/include/moveit_ros_planning/moveit
[0.915s] -- Up-to-date: /home/luka/ws_moveit/install/moveit_ros_planning/include/moveit_ros_planning/moveit/rdf_loader
[0.915s] -- Up-to-date: /home/luka/ws_moveit/install/moveit_ros_planning/include/moveit_ros_planning/moveit/rdf_loader/synchronized_string_parameter.h
[0.915s] -- Up-to-date: /home/luka/ws_moveit/install/moveit_ros_planning/include/moveit_ros_planning/moveit/rdf_loader/synchronized_string_parameter.hpp
[0.916s] -- Up-to-date: /home/luka/ws_moveit/install/moveit_ros_planning/include/moveit_ros_planning/moveit/rdf_loader/rdf_loader.hpp
[0.916s] -- Up-to-date: /home/luka/ws_moveit/install/moveit_ros_planning/include/moveit_ros_planning/moveit/rdf_loader/rdf_loader.h
[0.916s] -- Up-to-date: /home/luka/ws_moveit/install/moveit_ros_planning/share/moveit_ros_planning/rdf_loader/test/data
[0.916s] -- Up-to-date: /home/luka/ws_moveit/install/moveit_ros_planning/share/moveit_ros_planning/rdf_loader/test/data/kermit.srdf
[0.916s] -- Up-to-date: /home/luka/ws_moveit/install/moveit_ros_planning/share/moveit_ros_planning/rdf_loader/test/data/gonzo.urdf
[0.916s] -- Up-to-date: /home/luka/ws_moveit/install/moveit_ros_planning/share/moveit_ros_planning/rdf_loader/test/data/gonzo.srdf
[0.916s] -- Up-to-date: /home/luka/ws_moveit/install/moveit_ros_planning/share/moveit_ros_planning/rdf_loader/test/data/robin.srdf.xacro
[0.917s] -- Up-to-date: /home/luka/ws_moveit/install/moveit_ros_planning/share/moveit_ros_planning/rdf_loader/test/data/kermit.urdf
[0.917s] -- Up-to-date: /home/luka/ws_moveit/install/moveit_ros_planning/share/moveit_ros_planning/rdf_loader/test/launch
[0.917s] -- Up-to-date: /home/luka/ws_moveit/install/moveit_ros_planning/share/moveit_ros_planning/rdf_loader/test/launch/test_rdf_integration.test.py
[0.917s] -- Up-to-date: /home/luka/ws_moveit/install/moveit_ros_planning/include/moveit_ros_planning
[0.917s] -- Up-to-date: /home/luka/ws_moveit/install/moveit_ros_planning/include/moveit_ros_planning/moveit
[0.917s] -- Up-to-date: /home/luka/ws_moveit/install/moveit_ros_planning/include/moveit_ros_planning/moveit/robot_model_loader
[0.917s] -- Up-to-date: /home/luka/ws_moveit/install/moveit_ros_planning/include/moveit_ros_planning/moveit/robot_model_loader/robot_model_loader.hpp
[0.918s] -- Up-to-date: /home/luka/ws_moveit/install/moveit_ros_planning/include/moveit_ros_planning/moveit/robot_model_loader/robot_model_loader.h
[0.918s] -- Up-to-date: /home/luka/ws_moveit/install/moveit_ros_planning/include/moveit_ros_planning
[0.918s] -- Up-to-date: /home/luka/ws_moveit/install/moveit_ros_planning/include/moveit_ros_planning/moveit
[0.918s] -- Up-to-date: /home/luka/ws_moveit/install/moveit_ros_planning/include/moveit_ros_planning/moveit/trajectory_execution_manager
[0.918s] -- Up-to-date: /home/luka/ws_moveit/install/moveit_ros_planning/include/moveit_ros_planning/moveit/trajectory_execution_manager/trajectory_execution_manager.hpp
[0.918s] -- Up-to-date: /home/luka/ws_moveit/install/moveit_ros_planning/include/moveit_ros_planning/moveit/trajectory_execution_manager/trajectory_execution_manager.h
[0.918s] -- Up-to-date: /home/luka/ws_moveit/install/moveit_ros_planning/include/moveit_ros_planning/moveit_trajectory_execution_manager_export.h
[0.919s] -- Up-to-date: /home/luka/ws_moveit/install/moveit_ros_planning/lib/libmoveit_collision_plugin_loader.so.2.14.1
[0.919s] -- Up-to-date: /home/luka/ws_moveit/install/moveit_ros_planning/lib/libmoveit_collision_plugin_loader.so
[0.919s] -- Up-to-date: /home/luka/ws_moveit/install/moveit_ros_planning/lib/libmoveit_constraint_sampler_manager_loader.so.2.14.1
[0.919s] -- Up-to-date: /home/luka/ws_moveit/install/moveit_ros_planning/lib/libmoveit_constraint_sampler_manager_loader.so
[0.919s] -- Up-to-date: /home/luka/ws_moveit/install/moveit_ros_planning/lib/libmoveit_cpp.so.2.14.1
[0.919s] -- Up-to-date: /home/luka/ws_moveit/install/moveit_ros_planning/lib/libmoveit_cpp.so
[0.920s] -- Up-to-date: /home/luka/ws_moveit/install/moveit_ros_planning/lib/libmoveit_kinematics_plugin_loader.so.2.14.1
[0.920s] -- Up-to-date: /home/luka/ws_moveit/install/moveit_ros_planning/lib/libmoveit_kinematics_plugin_loader.so
[0.920s] -- Up-to-date: /home/luka/ws_moveit/install/moveit_ros_planning/lib/libmoveit_plan_execution.so.2.14.1
[0.920s] -- Up-to-date: /home/luka/ws_moveit/install/moveit_ros_planning/lib/libmoveit_plan_execution.so
[0.920s] -- Up-to-date: /home/luka/ws_moveit/install/moveit_ros_planning/lib/libmoveit_planning_pipeline.so.2.14.1
[0.920s] -- Up-to-date: /home/luka/ws_moveit/install/moveit_ros_planning/lib/libmoveit_planning_pipeline.so
[0.921s] -- Up-to-date: /home/luka/ws_moveit/install/moveit_ros_planning/lib/libmoveit_planning_pipeline_interfaces.so.2.14.1
[0.921s] -- Up-to-date: /home/luka/ws_moveit/install/moveit_ros_planning/lib/libmoveit_planning_pipeline_interfaces.so
[0.921s] -- Up-to-date: /home/luka/ws_moveit/install/moveit_ros_planning/lib/libmoveit_planning_scene_monitor.so.2.14.1
[0.921s] -- Up-to-date: /home/luka/ws_moveit/install/moveit_ros_planning/lib/libmoveit_planning_scene_monitor.so
[0.921s] -- Up-to-date: /home/luka/ws_moveit/install/moveit_ros_planning/lib/libmoveit_rdf_loader.so.2.14.1
[0.921s] -- Up-to-date: /home/luka/ws_moveit/install/moveit_ros_planning/lib/libmoveit_rdf_loader.so
[0.922s] -- Up-to-date: /home/luka/ws_moveit/install/moveit_ros_planning/lib/libmoveit_robot_model_loader.so.2.14.1
[0.922s] -- Up-to-date: /home/luka/ws_moveit/install/moveit_ros_planning/lib/libmoveit_robot_model_loader.so
[0.922s] -- Up-to-date: /home/luka/ws_moveit/install/moveit_ros_planning/lib/libmoveit_trajectory_execution_manager.so.2.14.1
[0.922s] -- Up-to-date: /home/luka/ws_moveit/install/moveit_ros_planning/lib/libmoveit_trajectory_execution_manager.so
[0.922s] -- Up-to-date: /home/luka/ws_moveit/install/moveit_ros_planning/lib/libsrdf_publisher_node.so
[0.923s] -- Up-to-date: /home/luka/ws_moveit/install/moveit_ros_planning/lib/libmoveit_default_planning_response_adapter_plugins.so.2.14.1
[0.923s] -- Up-to-date: /home/luka/ws_moveit/install/moveit_ros_planning/lib/libmoveit_default_planning_response_adapter_plugins.so
[0.923s] -- Up-to-date: /home/luka/ws_moveit/install/moveit_ros_planning/lib/libmoveit_default_planning_request_adapter_plugins.so.2.14.1
[0.924s] -- Up-to-date: /home/luka/ws_moveit/install/moveit_ros_planning/lib/libmoveit_default_planning_request_adapter_plugins.so
[0.924s] -- Up-to-date: /home/luka/ws_moveit/install/moveit_ros_planning/share/moveit_ros_planning/environment/library_path.sh
[0.924s] -- Up-to-date: /home/luka/ws_moveit/install/moveit_ros_planning/share/moveit_ros_planning/environment/library_path.dsv
[0.924s] -- Up-to-date: /home/luka/ws_moveit/install/moveit_ros_planning/lib/moveit_ros_planning/srdf_publisher
[0.924s] -- Up-to-date: /home/luka/ws_moveit/install/moveit_ros_planning/share/moveit_ros_planning/default_request_adapters_plugin_description.xml
[0.925s] -- Up-to-date: /home/luka/ws_moveit/install/moveit_ros_planning/share/moveit_ros_planning/default_response_adapters_plugin_description.xml
[0.925s] -- Up-to-date: /home/luka/ws_moveit/install/moveit_ros_planning/share/moveit_ros_planning/planning_pipeline_test_plugins_description.xml
[0.925s] -- Up-to-date: /home/luka/ws_moveit/install/moveit_ros_planning/share/ament_index/resource_index/package_run_dependencies/moveit_ros_planning
[0.925s] -- Up-to-date: /home/luka/ws_moveit/install/moveit_ros_planning/share/ament_index/resource_index/parent_prefix_path/moveit_ros_planning
[0.925s] -- Up-to-date: /home/luka/ws_moveit/install/moveit_ros_planning/share/moveit_ros_planning/environment/ament_prefix_path.sh
[0.925s] -- Up-to-date: /home/luka/ws_moveit/install/moveit_ros_planning/share/moveit_ros_planning/environment/ament_prefix_path.dsv
[0.926s] -- Up-to-date: /home/luka/ws_moveit/install/moveit_ros_planning/share/moveit_ros_planning/environment/path.sh
[0.926s] -- Up-to-date: /home/luka/ws_moveit/install/moveit_ros_planning/share/moveit_ros_planning/environment/path.dsv
[0.926s] -- Up-to-date: /home/luka/ws_moveit/install/moveit_ros_planning/share/moveit_ros_planning/local_setup.bash
[0.926s] -- Up-to-date: /home/luka/ws_moveit/install/moveit_ros_planning/share/moveit_ros_planning/local_setup.sh
[0.926s] -- Up-to-date: /home/luka/ws_moveit/install/moveit_ros_planning/share/moveit_ros_planning/local_setup.zsh
[0.926s] -- Up-to-date: /home/luka/ws_moveit/install/moveit_ros_planning/share/moveit_ros_planning/local_setup.dsv
[0.926s] -- Installing: /home/luka/ws_moveit/install/moveit_ros_planning/share/moveit_ros_planning/package.dsv
[0.927s] -- Up-to-date: /home/luka/ws_moveit/install/moveit_ros_planning/share/ament_index/resource_index/packages/moveit_ros_planning
[0.927s] -- Up-to-date: /home/luka/ws_moveit/install/moveit_ros_planning/share/ament_index/resource_index/moveit_core__pluginlib__plugin/moveit_ros_planning
[0.927s] -- Up-to-date: /home/luka/ws_moveit/install/moveit_ros_planning/share/moveit_ros_planning/cmake/moveit_ros_planningTargetsExport.cmake
[0.927s] -- Up-to-date: /home/luka/ws_moveit/install/moveit_ros_planning/share/moveit_ros_planning/cmake/moveit_ros_planningTargetsExport-release.cmake
[0.927s] -- Up-to-date: /home/luka/ws_moveit/install/moveit_ros_planning/share/ament_index/resource_index/rclcpp_components/moveit_ros_planning
[0.927s] -- Up-to-date: /home/luka/ws_moveit/install/moveit_ros_planning/share/moveit_ros_planning/cmake/ConfigExtras.cmake
[0.927s] -- Up-to-date: /home/luka/ws_moveit/install/moveit_ros_planning/share/moveit_ros_planning/cmake/ament_cmake_export_targets-extras.cmake
[0.928s] -- Up-to-date: /home/luka/ws_moveit/install/moveit_ros_planning/share/moveit_ros_planning/cmake/ament_cmake_export_dependencies-extras.cmake
[0.928s] -- Up-to-date: /home/luka/ws_moveit/install/moveit_ros_planning/share/moveit_ros_planning/cmake/moveit_ros_planningConfig.cmake
[0.928s] -- Up-to-date: /home/luka/ws_moveit/install/moveit_ros_planning/share/moveit_ros_planning/cmake/moveit_ros_planningConfig-version.cmake
[0.928s] -- Up-to-date: /home/luka/ws_moveit/install/moveit_ros_planning/share/moveit_ros_planning/package.xml
[0.930s] Invoked command in '/home/luka/ws_moveit/build/moveit_ros_planning' returned '0': AMENT_PREFIX_PATH=/home/luka/ws_moveit/install/moveit_ros_occupancy_map_monitor:/home/luka/ws_moveit/install/moveit_core:/home/luka/ws_moveit/install/moveit_resources_panda_moveit_config:/home/luka/ws_moveit/install/moveit_resources_pr2_description:/home/luka/ws_moveit/install/moveit_resources_panda_description:/home/luka/ws_moveit/install/moveit_msgs:/home/luka/ws_moveit/install/moveit_configs_utils:/home/luka/ws_moveit/install/moveit_common:${AMENT_PREFIX_PATH} CMAKE_PREFIX_PATH=/home/luka/ws_moveit/install/moveit_ros_occupancy_map_monitor:/home/luka/ws_moveit/install/moveit_core:/home/luka/ws_moveit/install/moveit_resources_panda_moveit_config:/home/luka/ws_moveit/install/moveit_resources_pr2_description:/home/luka/ws_moveit/install/moveit_resources_panda_description:/home/luka/ws_moveit/install/moveit_msgs:/home/luka/ws_moveit/install/moveit_common:/opt/ros/jazzy/opt/gz_sim_vendor:/opt/ros/jazzy/opt/gz_sensors_vendor:/opt/ros/jazzy/opt/gz_physics_vendor:/opt/ros/jazzy/opt/sdformat_vendor:/opt/ros/jazzy/opt/gz_gui_vendor:/opt/ros/jazzy/opt/gz_transport_vendor:/opt/ros/jazzy/opt/gz_rendering_vendor:/opt/ros/jazzy/opt/gz_plugin_vendor:/opt/ros/jazzy/opt/gz_fuel_tools_vendor:/opt/ros/jazzy/opt/gz_msgs_vendor:/opt/ros/jazzy/opt/gz_common_vendor:/opt/ros/jazzy/opt/gz_math_vendor:/opt/ros/jazzy/opt/gz_utils_vendor:/opt/ros/jazzy/opt/gz_tools_vendor:/opt/ros/jazzy/opt/gz_ogre_next_vendor:/opt/ros/jazzy/opt/gz_dartsim_vendor:/opt/ros/jazzy/opt/gz_cmake_vendor:/opt/ros/jazzy DEBUGINFOD_URLS=https://debuginfod.ubuntu.com LD_LIBRARY_PATH=/home/luka/ws_moveit/install/moveit_ros_occupancy_map_monitor/lib:/home/luka/ws_moveit/install/moveit_core/lib:/home/luka/ws_moveit/install/moveit_msgs/lib:${LD_LIBRARY_PATH} PATH=/home/luka/ws_moveit/install/moveit_core/bin:${PATH} PYTHONPATH=/home/luka/ws_moveit/install/moveit_msgs/lib/python3.12/site-packages:/home/luka/ws_moveit/install/moveit_configs_utils/lib/python3.12/site-packages:${PYTHONPATH} /usr/bin/cmake --install /home/luka/ws_moveit/build/moveit_ros_planning
