-- The C compiler identification is GNU 13.3.0
-- The CXX compiler identification is GNU 13.3.0
-- Detecting C compiler ABI info
-- Detecting C compiler ABI info - done
-- Check for working C compiler: /usr/bin/cc - skipped
-- Detecting C compile features
-- Detecting C compile features - done
-- Detecting CXX compiler ABI info
-- Detecting CXX compiler ABI info - done
-- Check for working CXX compiler: /usr/bin/c++ - skipped
-- Detecting CXX compile features
-- Detecting CXX compile features - done
-- Found moveit_common: 2.14.1 (/home/luka/ws_moveit/install/moveit_common/share/moveit_common/cmake)
-- Found ament_cmake: 2.5.4 (/opt/ros/jazzy/share/ament_cmake/cmake)
-- Found Python3: /usr/bin/python3 (found version "3.12.3") found components: Interpreter 
-- Found Boost: /usr/lib/x86_64-linux-gnu/cmake/Boost-1.83.0/BoostConfig.cmake (found version "1.83.0")  
-- Found control_msgs: 5.5.0 (/opt/ros/jazzy/share/control_msgs/cmake)
-- Found rosidl_generator_c: 4.6.6 (/opt/ros/jazzy/share/rosidl_generator_c/cmake)
-- Found rosidl_generator_cpp: 4.6.6 (/opt/ros/jazzy/share/rosidl_generator_cpp/cmake)
-- Using all available rosidl_typesupport_c: rosidl_typesupport_fastrtps_c;rosidl_typesupport_introspection_c
-- Using all available rosidl_typesupport_cpp: rosidl_typesupport_fastrtps_cpp;rosidl_typesupport_introspection_cpp
-- Found interactive_markers: 2.5.5 (/opt/ros/jazzy/share/interactive_markers/cmake)
-- Found rmw_implementation_cmake: 7.3.2 (/opt/ros/jazzy/share/rmw_implementation_cmake/cmake)
-- Found rmw_fastrtps_cpp: 8.4.3 (/opt/ros/jazzy/share/rmw_fastrtps_cpp/cmake)
-- Found OpenSSL: /usr/lib/x86_64-linux-gnu/libcrypto.so (found version "3.0.13")  
-- Found FastRTPS: /opt/ros/jazzy/include (Required is at least version "2.13") 
-- Using RMW implementation 'rmw_fastrtps_cpp' as default
-- Found moveit_core: 2.14.1 (/home/luka/ws_moveit/install/moveit_core/share/moveit_core/cmake)
-- Found Boost: /usr/lib/x86_64-linux-gnu/cmake/Boost-1.83.0/BoostConfig.cmake (found version "1.83.0") found components: chrono date_time filesystem iostreams program_options regex serialization system thread 
-- Found parameter_traits: 0.5.0 (/opt/ros/jazzy/share/parameter_traits/cmake)
-- Found rclcpp_lifecycle: 28.1.13 (/opt/ros/jazzy/share/rclcpp_lifecycle/cmake)
-- Found Boost: /usr/lib/x86_64-linux-gnu/cmake/Boost-1.83.0/BoostConfig.cmake (found version "1.83.0") found components: filesystem 
-- Found Eigen3: TRUE (found version "3.4.0") 
-- Ensuring Eigen3 include directory is part of orocos-kdl CMake target
-- Found moveit_ros_planning: 2.14.1 (/home/luka/ws_moveit/install/moveit_ros_planning/share/moveit_ros_planning/cmake)
-- Found Boost: /usr/lib/x86_64-linux-gnu/cmake/Boost-1.83.0/BoostConfig.cmake (found version "1.83.0") found components: system filesystem date_time program_options thread chrono 
-- Found moveit_ros_planning_interface: 2.14.1 (/home/luka/ws_moveit/install/moveit_ros_planning_interface/share/moveit_ros_planning_interface/cmake)
-- Found Boost: /usr/lib/x86_64-linux-gnu/cmake/Boost-1.83.0/BoostConfig.cmake (found version "1.83.0") found components: date_time filesystem program_options system thread 
-- Found Boost: /usr/lib/x86_64-linux-gnu/cmake/Boost-1.83.0/BoostConfig.cmake (found version "1.83.0") found components: thread system filesystem regex date_time program_options 
-- Found Boost: /usr/lib/x86_64-linux-gnu/cmake/Boost-1.83.0/BoostConfig.cmake (found version "1.83.0") found components: system filesystem date_time program_options thread 
-- Found moveit_ros_trajectory_cache: 2.14.1 (/home/luka/ws_moveit/install/moveit_ros_trajectory_cache/share/moveit_ros_trajectory_cache/cmake)
-- Found moveit_servo: 2.14.1 (/home/luka/ws_moveit/install/moveit_servo/share/moveit_servo/cmake)
-- Found moveit_task_constructor_core: 0.1.4 (/home/luka/ws_moveit/install/moveit_task_constructor_core/share/moveit_task_constructor_core/cmake)
-- Found moveit_visual_tools: 4.1.2 (/home/luka/ws_moveit/install/moveit_visual_tools/share/moveit_visual_tools/cmake)
-- Setting OGRE_DIR to: '/opt/ros/jazzy/share/rviz_ogre_vendor/cmake/../../../opt/rviz_ogre_vendor/lib/OGRE/cmake'
-- Found OGRE
--   static     : OFF
--   components : MeshLodGenerator;Overlay;Paging;Property;RTShaderSystem;Terrain;Volume
--   plugins    : Plugin_BSPSceneManager;Plugin_OctreeSceneManager;Plugin_PCZSceneManager;Plugin_ParticleFX;RenderSystem_GL;RenderSystem_GL3Plus;Codec_STBI
--   media      : /opt/ros/jazzy/opt/rviz_ogre_vendor/share/OGRE/Media
-- OGRE_LIBRARIES: OgreMeshLodGenerator;OgreOverlay;OgrePaging;OgreProperty;OgreRTShaderSystem;OgreTerrain;OgreVolume;OgreMain
-- OGRE_LIBRARY_DIRS: /opt/ros/jazzy/opt/rviz_ogre_vendor/lib
-- OGRE_PLUGINS: Plugin_BSPSceneManager;Plugin_OctreeSceneManager;Plugin_PCZSceneManager;Plugin_ParticleFX;RenderSystem_GL;RenderSystem_GL3Plus;Codec_STBI
-- OGRE_PLUGIN_DIR: /opt/ros/jazzy/opt/rviz_ogre_vendor/lib/OGRE
-- rviz_ogre_vendor::OgreOverlay for IMPORTED_LOCATION_RELEASE: /opt/ros/jazzy/opt/rviz_ogre_vendor/lib/libOgreOverlay.so
-- rviz_ogre_vendor::OgreOverlay for IMPORTED_LOCATION_DEBUG: /opt/ros/jazzy/opt/rviz_ogre_vendor/lib/libOgreOverlay.so
-- rviz_ogre_vendor::OgreMain for IMPORTED_LOCATION_RELEASE: /opt/ros/jazzy/opt/rviz_ogre_vendor/lib/libOgreMain.so
-- rviz_ogre_vendor::OgreMain for IMPORTED_LOCATION_DEBUG: /opt/ros/jazzy/opt/rviz_ogre_vendor/lib/libOgreMain.so
-- Found ZLIB: /usr/lib/x86_64-linux-gnu/libz.so (found version "1.3")  
-- Found OpenGL: /usr/lib/x86_64-linux-gnu/libOpenGL.so   
-- Found X11: /usr/include   
-- Looking for XOpenDisplay in /usr/lib/x86_64-linux-gnu/libX11.so;/usr/lib/x86_64-linux-gnu/libXext.so
-- Looking for XOpenDisplay in /usr/lib/x86_64-linux-gnu/libX11.so;/usr/lib/x86_64-linux-gnu/libXext.so - found
-- Looking for gethostbyname
-- Looking for gethostbyname - found
-- Looking for connect
-- Looking for connect - found
-- Looking for remove
-- Looking for remove - found
-- Looking for shmat
-- Looking for shmat - found
-- Looking for IceConnectionNumber in ICE
-- Looking for IceConnectionNumber in ICE - found
-- Setting yaml-cpp_DIR to: '/opt/ros/jazzy/share/yaml_cpp_vendor/cmake/../../../opt/yaml_cpp_vendor/share/cmake/yaml-cpp'
-- Found warehouse_ros_sqlite: 1.0.5 (/opt/ros/jazzy/share/warehouse_ros_sqlite/cmake)
-- Found ament_lint_auto: 0.17.3 (/opt/ros/jazzy/share/ament_lint_auto/cmake)
-- Found ament_cmake_gtest: 2.5.4 (/opt/ros/jazzy/share/ament_cmake_gtest/cmake)
-- Found ros_testing: 0.6.0 (/opt/ros/jazzy/share/ros_testing/cmake)
-- Found launch_testing_ament_cmake: 3.4.9 (/opt/ros/jazzy/share/launch_testing_ament_cmake/cmake)
-- Found python_cmake_module: 0.11.1 (/opt/ros/jazzy/share/python_cmake_module/cmake)
-- Found PythonExtra: /usr/bin/python3  
-- Found Boost: /usr/lib/x86_64-linux-gnu/cmake/Boost-1.83.0/BoostConfig.cmake (found version "1.83.0") found components: filesystem 
-- Found gtest sources under '/opt/ros/jazzy/src/gtest_vendor': C++ tests using 'Google Test' will be built
-- Found Threads: TRUE  
-- Configuring done (26.8s)
-- Generating done (4.7s)
-- Build files have been written to: /home/luka/ws_moveit/build/moveit2_tutorials
[  2%] [32mBuilding CXX object doc/examples/collision_environments/CMakeFiles/collision_scene_example.dir/src/collision_scene_example.cpp.o[0m
[  4%] [32mBuilding CXX object doc/examples/motion_planning_pipeline/CMakeFiles/motion_planning_pipeline_tutorial.dir/src/motion_planning_pipeline_tutorial.cpp.o[0m
[  7%] [32mBuilding CXX object doc/examples/motion_planning_api/CMakeFiles/motion_planning_api_tutorial.dir/src/motion_planning_api_tutorial.cpp.o[0m
[  9%] [32mBuilding CXX object doc/examples/move_group_interface/CMakeFiles/move_group_interface_tutorial.dir/src/move_group_interface_tutorial.cpp.o[0m
[ 11%] [32m[1mLinking CXX executable collision_scene_example[0m
[ 11%] Built target collision_scene_example
[ 14%] [32m[1mLinking CXX executable move_group_interface_tutorial[0m
[ 14%] Built target move_group_interface_tutorial
[ 16%] [32m[1mLinking CXX executable motion_planning_api_tutorial[0m
[ 19%] [32m[1mLinking CXX executable motion_planning_pipeline_tutorial[0m
[ 19%] Built target motion_planning_api_tutorial
[ 19%] Built target motion_planning_pipeline_tutorial
[ 21%] [32mBuilding CXX object doc/examples/planning_scene_ros_api/CMakeFiles/planning_scene_ros_api_tutorial.dir/src/planning_scene_ros_api_tutorial.cpp.o[0m
[ 23%] [32m[1mLinking CXX executable planning_scene_ros_api_tutorial[0m
[ 23%] Built target planning_scene_ros_api_tutorial
[ 26%] [32mBuilding CXX object doc/examples/realtime_servo/CMakeFiles/pose_tracking_tutorial.dir/src/pose_tracking_tutorial.cpp.o[0m
[ 28%] [32mBuilding CXX object doc/examples/robot_model_and_robot_state/CMakeFiles/robot_model_and_robot_state_tutorial.dir/src/robot_model_and_robot_state_tutorial.cpp.o[0m
[ 30%] [32mBuilding CXX object doc/examples/planning_scene/CMakeFiles/planning_scene_tutorial.dir/src/planning_scene_tutorial.cpp.o[0m
[ 33%] [32mBuilding CXX object doc/examples/moveit_cpp/CMakeFiles/moveit_cpp_tutorial.dir/src/moveit_cpp_tutorial.cpp.o[0m
[ 35%] [32m[1mLinking CXX executable robot_model_and_robot_state_tutorial[0m
[ 35%] Built target robot_model_and_robot_state_tutorial
[ 38%] [32m[1mLinking CXX executable planning_scene_tutorial[0m
[ 38%] Built target planning_scene_tutorial
[ 40%] [32m[1mLinking CXX executable moveit_cpp_tutorial[0m
[ 40%] Built target moveit_cpp_tutorial
[ 42%] [32m[1mLinking CXX executable pose_tracking_tutorial[0m
[ 45%] [32mBuilding CXX object doc/how_to_guides/pilz_industrial_motion_planner/CMakeFiles/pilz_move_group.dir/src/pilz_move_group.cpp.o[0m
[ 45%] Built target pose_tracking_tutorial
[ 47%] [32mBuilding CXX object doc/how_to_guides/parallel_planning/CMakeFiles/parallel_planning_example.dir/src/parallel_planning_main.cpp.o[0m
[ 50%] [32mBuilding CXX object doc/how_to_guides/pilz_industrial_motion_planner/CMakeFiles/pilz_mtc.dir/src/pilz_mtc.cpp.o[0m
[ 52%] [32mBuilding CXX object doc/how_to_guides/kinematics_cost_function/CMakeFiles/kinematics_cost_function_tutorial.dir/src/kinematics_cost_function_tutorial.cpp.o[0m
[ 54%] [32m[1mLinking CXX executable pilz_mtc[0m
[ 57%] [32m[1mLinking CXX executable pilz_move_group[0m
[ 57%] Built target pilz_mtc
[ 57%] Built target pilz_move_group
[ 59%] [32m[1mLinking CXX executable kinematics_cost_function_tutorial[0m
[ 59%] Built target kinematics_cost_function_tutorial
[ 61%] [32m[1mLinking CXX executable parallel_planning_example[0m
[ 64%] [32mBuilding CXX object doc/how_to_guides/using_ompl_constrained_planning/CMakeFiles/ompl_constrained_planning.dir/src/ompl_constrained_planning_tutorial.cpp.o[0m
[ 64%] Built target parallel_planning_example
[ 66%] [32mBuilding CXX object doc/tutorials/pick_and_place_with_moveit_task_constructor/CMakeFiles/mtc_tutorial.dir/src/mtc_node.cpp.o[0m
[ 69%] [32mBuilding CXX object doc/how_to_guides/trajectory_cache/CMakeFiles/trajectory_cache_demo.dir/src/trajectory_cache_demo.cpp.o[0m
[ 71%] [32mBuilding CXX object doc/how_to_guides/pilz_industrial_motion_planner/CMakeFiles/pilz_sequence.dir/src/pilz_sequence.cpp.o[0m
In file included from [01m[K/home/luka/ws_moveit/src/moveit2_tutorials/doc/how_to_guides/trajectory_cache/src/trajectory_cache_demo.cpp:97[m[K:
[01m[K/home/luka/ws_moveit/install/moveit_ros_planning_interface/include/moveit_ros_planning_interface/moveit/move_group_interface/move_group_interface.h:51:77:[m[K [01;36m[Knote: [m[K‘[01m[K#pragma message: .h header is obsolete. Please use the .hpp header instead.[m[K’
   51 | #pragma message(".h header is obsolete. Please use the .hpp header instead."[01;36m[K)[m[K
      |                                                                             [01;36m[K^[m[K
[01m[K/home/luka/ws_moveit/src/moveit2_tutorials/doc/how_to_guides/trajectory_cache/src/trajectory_cache_demo.cpp:[m[K In function ‘[01m[Kint[01;32m[K main[m[K(int, char**)[m[K’:
[01m[K/home/luka/ws_moveit/src/moveit2_tutorials/doc/how_to_guides/trajectory_cache/src/trajectory_cache_demo.cpp:981:44:[m[K [01;35m[Kwarning: [m[K‘[01m[Kdouble moveit::planning_interface::MoveGroupInterface::[01;32m[KcomputeCartesianPath[m[K(const std::vector<geometry_msgs::msg::Pose_<std::allocator<void> > >&, double, double, moveit_msgs::msg::RobotTrajectory&, bool, moveit_msgs::msg::MoveItErrorCodes*)[m[K’ is deprecated: Drop jump_threshold [[01;35m[K]8;;https://gcc.gnu.org/onlinedocs/gcc/Warning-Options.html#index-Wdeprecated-declarations-Wdeprecated-declarations]8;;[m[K]
  981 |             [01;35m[Kmove_group.computeCartesianPath(cartesian_path_request.waypoints, cartesian_max_step,[m[K
      |             [01;35m[K~~~~~~~~~~~~~~~~~~~~~~~~~~~~~~~^~~~~~~~~~~~~~~~~~~~~~~~~~~~~~~~~~~~~~~~~~~~~~~~~~~~~~[m[K
  982 | [01;35m[K                                            cartesian_jump_threshold, cartesian_path_response.solution)[m[K;
      |                                             [01;35m[K~~~~~~~~~~~~~~~~~~~~~~~~~~~~~~~~~~~~~~~~~~~~~~~~~~~~~~~~~~~[m[K
In file included from [01m[K/home/luka/ws_moveit/install/moveit_ros_planning_interface/include/moveit_ros_planning_interface/moveit/move_group_interface/move_group_interface.h:52[m[K:
[01m[K/home/luka/ws_moveit/install/moveit_ros_planning_interface/include/moveit_ros_planning_interface/moveit/move_group_interface/move_group_interface.hpp:772:3:[m[K [01;36m[Knote: [m[Kdeclared here
  772 |   [01;36m[KcomputeCartesianPath[m[K(const std::vector<geometry_msgs::msg::Pose>& waypoints, double eef_step,
      |   [01;36m[K^~~~~~~~~~~~~~~~~~~~[m[K
[ 73%] [32m[1mLinking CXX executable ompl_constrained_planning[0m
[ 73%] Built target ompl_constrained_planning
[ 76%] [32m[1mLinking CXX executable mtc_tutorial[0m
[ 76%] Built target mtc_tutorial
[ 78%] [32mBuilding CXX object gtest/CMakeFiles/gtest_main.dir/src/gtest_main.cc.o[0m
[ 80%] [32mBuilding CXX object doc/tutorials/pick_and_place_with_moveit_task_constructor/CMakeFiles/minimal_mtc_tutorial.dir/src/minimal.cpp.o[0m
[ 83%] [32m[1mLinking CXX executable trajectory_cache_demo[0m
[ 85%] [32m[1mLinking CXX static library libgtest_main.a[0m
[ 85%] Built target trajectory_cache_demo
[ 85%] Built target gtest_main
[ 88%] [32mBuilding CXX object gtest/CMakeFiles/gtest.dir/src/gtest-all.cc.o[0m
[ 90%] [32m[1mLinking CXX executable pilz_sequence[0m
[ 90%] Built target pilz_sequence
[ 92%] [32m[1mLinking CXX static library libgtest.a[0m
[ 92%] Built target gtest
[ 95%] [32mBuilding CXX object doc/tutorials/quickstart_in_rviz/CMakeFiles/bringup_test.dir/test/bringup_test.cpp.o[0m
[ 97%] [32m[1mLinking CXX executable minimal_mtc_tutorial[0m
[ 97%] Built target minimal_mtc_tutorial
[100%] [32m[1mLinking CXX executable bringup_test[0m
[100%] Built target bringup_test
-- Install configuration: "Release"
-- Installing: /home/luka/ws_moveit/install/moveit2_tutorials/lib/moveit2_tutorials/collision_scene_example
-- Set non-toolchain portion of runtime path of "/home/luka/ws_moveit/install/moveit2_tutorials/lib/moveit2_tutorials/collision_scene_example" to ""
-- Installing: /home/luka/ws_moveit/install/moveit2_tutorials/share/moveit2_tutorials/urdf
-- Installing: /home/luka/ws_moveit/install/moveit2_tutorials/share/moveit2_tutorials/urdf/realsense_d435
-- Installing: /home/luka/ws_moveit/install/moveit2_tutorials/share/moveit2_tutorials/urdf/realsense_d435/macros.xacro
-- Installing: /home/luka/ws_moveit/install/moveit2_tutorials/share/moveit2_tutorials/urdf/realsense_d435/camera.urdf.xacro
-- Installing: /home/luka/ws_moveit/install/moveit2_tutorials/share/moveit2_tutorials/launch
-- Installing: /home/luka/ws_moveit/install/moveit2_tutorials/share/moveit2_tutorials/launch/depth_camera_environment.launch.py
-- Installing: /home/luka/ws_moveit/install/moveit2_tutorials/share/moveit2_tutorials/launch/perception_pipeline_demo.launch.py
-- Installing: /home/luka/ws_moveit/install/moveit2_tutorials/share/moveit2_tutorials/meshes
-- Installing: /home/luka/ws_moveit/install/moveit2_tutorials/share/moveit2_tutorials/meshes/d435.dae
-- Installing: /home/luka/ws_moveit/install/moveit2_tutorials/share/moveit2_tutorials/config
-- Installing: /home/luka/ws_moveit/install/moveit2_tutorials/share/moveit2_tutorials/config/sensors_3d.yaml
-- Installing: /home/luka/ws_moveit/install/moveit2_tutorials/share/moveit2_tutorials/worlds
-- Installing: /home/luka/ws_moveit/install/moveit2_tutorials/share/moveit2_tutorials/worlds/perception_pipeline_demo.world
-- Installing: /home/luka/ws_moveit/install/moveit2_tutorials/share/moveit2_tutorials/rviz2
-- Installing: /home/luka/ws_moveit/install/moveit2_tutorials/share/moveit2_tutorials/rviz2/depth_camera_environment.rviz
-- Up-to-date: /home/luka/ws_moveit/install/moveit2_tutorials/share/moveit2_tutorials/config
-- Installing: /home/luka/ws_moveit/install/moveit2_tutorials/share/moveit2_tutorials/config/jupyter_notebook_prototyping.yaml
-- Installing: /home/luka/ws_moveit/install/moveit2_tutorials/share/moveit2_tutorials/config/jupyter_notebook_prototyping.rviz
-- Up-to-date: /home/luka/ws_moveit/install/moveit2_tutorials/share/moveit2_tutorials/launch
-- Installing: /home/luka/ws_moveit/install/moveit2_tutorials/share/moveit2_tutorials/launch/jupyter_notebook_prototyping.launch.py
-- Installing: /home/luka/ws_moveit/install/moveit2_tutorials/share/moveit2_tutorials/src
-- Installing: /home/luka/ws_moveit/install/moveit2_tutorials/share/moveit2_tutorials/src/moveit_notebook_tutorial.ipynb
-- Installing: /home/luka/ws_moveit/install/moveit2_tutorials/lib/moveit2_tutorials/motion_planning_api_tutorial
-- Set non-toolchain portion of runtime path of "/home/luka/ws_moveit/install/moveit2_tutorials/lib/moveit2_tutorials/motion_planning_api_tutorial" to ""
-- Up-to-date: /home/luka/ws_moveit/install/moveit2_tutorials/share/moveit2_tutorials/launch
-- Installing: /home/luka/ws_moveit/install/moveit2_tutorials/share/moveit2_tutorials/launch/motion_planning_api_tutorial.launch.py
-- Installing: /home/luka/ws_moveit/install/moveit2_tutorials/lib/moveit2_tutorials/motion_planning_pipeline_tutorial
-- Set non-toolchain portion of runtime path of "/home/luka/ws_moveit/install/moveit2_tutorials/lib/moveit2_tutorials/motion_planning_pipeline_tutorial" to ""
-- Up-to-date: /home/luka/ws_moveit/install/moveit2_tutorials/share/moveit2_tutorials/launch
-- Installing: /home/luka/ws_moveit/install/moveit2_tutorials/share/moveit2_tutorials/launch/motion_planning_pipeline_tutorial.launch.py
-- Installing: /home/luka/ws_moveit/install/moveit2_tutorials/lib/moveit2_tutorials/motion_planning_python_api_tutorial.py
-- Installing: /home/luka/ws_moveit/install/moveit2_tutorials/lib/moveit2_tutorials/motion_planning_python_api_planning_scene.py
-- Up-to-date: /home/luka/ws_moveit/install/moveit2_tutorials/share/moveit2_tutorials/config
-- Installing: /home/luka/ws_moveit/install/moveit2_tutorials/share/moveit2_tutorials/config/motion_planning_python_api_tutorial.rviz
-- Installing: /home/luka/ws_moveit/install/moveit2_tutorials/share/moveit2_tutorials/config/motion_planning_python_api_tutorial.yaml
-- Up-to-date: /home/luka/ws_moveit/install/moveit2_tutorials/share/moveit2_tutorials/launch
-- Installing: /home/luka/ws_moveit/install/moveit2_tutorials/share/moveit2_tutorials/launch/motion_planning_python_api_tutorial.launch.py
-- Installing: /home/luka/ws_moveit/install/moveit2_tutorials/lib/moveit2_tutorials/move_group_interface_tutorial
-- Set non-toolchain portion of runtime path of "/home/luka/ws_moveit/install/moveit2_tutorials/lib/moveit2_tutorials/move_group_interface_tutorial" to ""
-- Up-to-date: /home/luka/ws_moveit/install/moveit2_tutorials/share/moveit2_tutorials/launch
-- Installing: /home/luka/ws_moveit/install/moveit2_tutorials/share/moveit2_tutorials/launch/move_group.launch.py
-- Installing: /home/luka/ws_moveit/install/moveit2_tutorials/share/moveit2_tutorials/launch/move_group_interface_tutorial.launch.py
-- Installing: /home/luka/ws_moveit/install/moveit2_tutorials/share/moveit2_tutorials/launch/move_group.rviz
-- Installing: /home/luka/ws_moveit/install/moveit2_tutorials/lib/moveit2_tutorials/moveit_cpp_tutorial
-- Set non-toolchain portion of runtime path of "/home/luka/ws_moveit/install/moveit2_tutorials/lib/moveit2_tutorials/moveit_cpp_tutorial" to ""
-- Up-to-date: /home/luka/ws_moveit/install/moveit2_tutorials/share/moveit2_tutorials/launch
-- Installing: /home/luka/ws_moveit/install/moveit2_tutorials/share/moveit2_tutorials/launch/moveit_cpp_tutorial.rviz
-- Installing: /home/luka/ws_moveit/install/moveit2_tutorials/share/moveit2_tutorials/launch/moveit_cpp_tutorial.launch.py
-- Up-to-date: /home/luka/ws_moveit/install/moveit2_tutorials/share/moveit2_tutorials/config
-- Installing: /home/luka/ws_moveit/install/moveit2_tutorials/share/moveit2_tutorials/config/moveit_cpp.yaml
-- Installing: /home/luka/ws_moveit/install/moveit2_tutorials/lib/moveit2_tutorials/planning_scene_tutorial
-- Set non-toolchain portion of runtime path of "/home/luka/ws_moveit/install/moveit2_tutorials/lib/moveit2_tutorials/planning_scene_tutorial" to ""
-- Up-to-date: /home/luka/ws_moveit/install/moveit2_tutorials/share/moveit2_tutorials/launch
-- Installing: /home/luka/ws_moveit/install/moveit2_tutorials/share/moveit2_tutorials/launch/planning_scene_tutorial.launch.py
-- Installing: /home/luka/ws_moveit/install/moveit2_tutorials/lib/moveit2_tutorials/planning_scene_ros_api_tutorial
-- Set non-toolchain portion of runtime path of "/home/luka/ws_moveit/install/moveit2_tutorials/lib/moveit2_tutorials/planning_scene_ros_api_tutorial" to ""
-- Up-to-date: /home/luka/ws_moveit/install/moveit2_tutorials/share/moveit2_tutorials/launch
-- Installing: /home/luka/ws_moveit/install/moveit2_tutorials/share/moveit2_tutorials/launch/planning_scene_ros_api_tutorial.launch.py
-- Installing: /home/luka/ws_moveit/install/moveit2_tutorials/lib/moveit2_tutorials/pose_tracking_tutorial
-- Set non-toolchain portion of runtime path of "/home/luka/ws_moveit/install/moveit2_tutorials/lib/moveit2_tutorials/pose_tracking_tutorial" to ""
-- Up-to-date: /home/luka/ws_moveit/install/moveit2_tutorials/share/moveit2_tutorials/launch
-- Installing: /home/luka/ws_moveit/install/moveit2_tutorials/share/moveit2_tutorials/launch/pose_tracking_tutorial.launch.py
-- Up-to-date: /home/luka/ws_moveit/install/moveit2_tutorials/share/moveit2_tutorials/config
-- Installing: /home/luka/ws_moveit/install/moveit2_tutorials/share/moveit2_tutorials/config/panda_simulated_config.yaml
-- Installing: /home/luka/ws_moveit/install/moveit2_tutorials/share/moveit2_tutorials/config/demo_rviz_config.rviz
-- Installing: /home/luka/ws_moveit/install/moveit2_tutorials/lib/moveit2_tutorials/robot_model_and_robot_state_tutorial
-- Set non-toolchain portion of runtime path of "/home/luka/ws_moveit/install/moveit2_tutorials/lib/moveit2_tutorials/robot_model_and_robot_state_tutorial" to ""
-- Up-to-date: /home/luka/ws_moveit/install/moveit2_tutorials/share/moveit2_tutorials/launch
-- Installing: /home/luka/ws_moveit/install/moveit2_tutorials/share/moveit2_tutorials/launch/robot_model_and_robot_state_tutorial.launch.py
-- Up-to-date: /home/luka/ws_moveit/install/moveit2_tutorials/share/moveit2_tutorials/launch
-- Installing: /home/luka/ws_moveit/install/moveit2_tutorials/share/moveit2_tutorials/launch/run_benchmarks.launch.py
-- Up-to-date: /home/luka/ws_moveit/install/moveit2_tutorials/share/moveit2_tutorials/config
-- Installing: /home/luka/ws_moveit/install/moveit2_tutorials/share/moveit2_tutorials/config/benchmarking_moveit_cpp.yaml
-- Installing: /home/luka/ws_moveit/install/moveit2_tutorials/share/moveit2_tutorials/config/benchmarks.yaml
-- Up-to-date: /home/luka/ws_moveit/install/moveit2_tutorials/share/moveit2_tutorials/launch
-- Installing: /home/luka/ws_moveit/install/moveit2_tutorials/share/moveit2_tutorials/launch/isaac_demo.launch.py
-- Installing: /home/luka/ws_moveit/install/moveit2_tutorials/share/moveit2_tutorials/launch/python.sh
-- Installing: /home/luka/ws_moveit/install/moveit2_tutorials/share/moveit2_tutorials/launch/isaac_moveit.py
-- Up-to-date: /home/luka/ws_moveit/install/moveit2_tutorials/share/moveit2_tutorials/config
-- Installing: /home/luka/ws_moveit/install/moveit2_tutorials/share/moveit2_tutorials/config/panda_moveit_config.rviz
-- Installing: /home/luka/ws_moveit/install/moveit2_tutorials/lib/moveit2_tutorials/kinematics_cost_function_tutorial
-- Set non-toolchain portion of runtime path of "/home/luka/ws_moveit/install/moveit2_tutorials/lib/moveit2_tutorials/kinematics_cost_function_tutorial" to ""
-- Up-to-date: /home/luka/ws_moveit/install/moveit2_tutorials/share/moveit2_tutorials/launch
-- Installing: /home/luka/ws_moveit/install/moveit2_tutorials/share/moveit2_tutorials/launch/kinematics_cost_function_tutorial.launch.py
-- Installing: /home/luka/ws_moveit/install/moveit2_tutorials/lib/moveit2_tutorials/parallel_planning_example
-- Set non-toolchain portion of runtime path of "/home/luka/ws_moveit/install/moveit2_tutorials/lib/moveit2_tutorials/parallel_planning_example" to ""
-- Up-to-date: /home/luka/ws_moveit/install/moveit2_tutorials/share/moveit2_tutorials/launch
-- Installing: /home/luka/ws_moveit/install/moveit2_tutorials/share/moveit2_tutorials/launch/parallel_planning_example.launch.py
-- Up-to-date: /home/luka/ws_moveit/install/moveit2_tutorials/share/moveit2_tutorials/config
-- Installing: /home/luka/ws_moveit/install/moveit2_tutorials/share/moveit2_tutorials/config/parallel_planning_moveit_cpp.yaml
-- Installing: /home/luka/ws_moveit/install/moveit2_tutorials/share/moveit2_tutorials/config/panda_test_db.sqlite
-- Installing: /home/luka/ws_moveit/install/moveit2_tutorials/share/moveit2_tutorials/config/parallel_planning_config.rviz
-- Up-to-date: /home/luka/ws_moveit/install/moveit2_tutorials/share/moveit2_tutorials/launch
-- Installing: /home/luka/ws_moveit/install/moveit2_tutorials/share/moveit2_tutorials/launch/chomp_demo.launch.py
-- Up-to-date: /home/luka/ws_moveit/install/moveit2_tutorials/share/moveit2_tutorials/config
-- Installing: /home/luka/ws_moveit/install/moveit2_tutorials/share/moveit2_tutorials/config/moveit_chomp.rviz
-- Up-to-date: /home/luka/ws_moveit/install/moveit2_tutorials/share/moveit2_tutorials/launch
-- Installing: /home/luka/ws_moveit/install/moveit2_tutorials/share/moveit2_tutorials/launch/persistent_scenes_demo.launch.py
-- Installing: /home/luka/ws_moveit/install/moveit2_tutorials/lib/moveit2_tutorials/pilz_move_group
-- Set non-toolchain portion of runtime path of "/home/luka/ws_moveit/install/moveit2_tutorials/lib/moveit2_tutorials/pilz_move_group" to ""
-- Installing: /home/luka/ws_moveit/install/moveit2_tutorials/lib/moveit2_tutorials/pilz_mtc
-- Set non-toolchain portion of runtime path of "/home/luka/ws_moveit/install/moveit2_tutorials/lib/moveit2_tutorials/pilz_mtc" to ""
-- Installing: /home/luka/ws_moveit/install/moveit2_tutorials/lib/moveit2_tutorials/pilz_sequence
-- Set non-toolchain portion of runtime path of "/home/luka/ws_moveit/install/moveit2_tutorials/lib/moveit2_tutorials/pilz_sequence" to ""
-- Up-to-date: /home/luka/ws_moveit/install/moveit2_tutorials/share/moveit2_tutorials/launch
-- Installing: /home/luka/ws_moveit/install/moveit2_tutorials/share/moveit2_tutorials/launch/pilz_mtc.launch.py
-- Installing: /home/luka/ws_moveit/install/moveit2_tutorials/share/moveit2_tutorials/launch/pilz_moveit.launch.py
-- Installing: /home/luka/ws_moveit/install/moveit2_tutorials/lib/moveit2_tutorials/trajectory_cache_demo
-- Set non-toolchain portion of runtime path of "/home/luka/ws_moveit/install/moveit2_tutorials/lib/moveit2_tutorials/trajectory_cache_demo" to ""
-- Up-to-date: /home/luka/ws_moveit/install/moveit2_tutorials/share/moveit2_tutorials/launch
-- Installing: /home/luka/ws_moveit/install/moveit2_tutorials/share/moveit2_tutorials/launch/trajectory_cache_move_group.launch.py
-- Installing: /home/luka/ws_moveit/install/moveit2_tutorials/share/moveit2_tutorials/launch/trajectory_cache.rviz
-- Installing: /home/luka/ws_moveit/install/moveit2_tutorials/share/moveit2_tutorials/launch/trajectory_cache_demo.launch.py
-- Up-to-date: /home/luka/ws_moveit/install/moveit2_tutorials/share/moveit2_tutorials/config
-- Installing: /home/luka/ws_moveit/install/moveit2_tutorials/share/moveit2_tutorials/config/trajectory_cache_joint_limits.yaml
-- Installing: /home/luka/ws_moveit/install/moveit2_tutorials/lib/moveit2_tutorials/ompl_constrained_planning
-- Set non-toolchain portion of runtime path of "/home/luka/ws_moveit/install/moveit2_tutorials/lib/moveit2_tutorials/ompl_constrained_planning" to ""
-- Up-to-date: /home/luka/ws_moveit/install/moveit2_tutorials/share/moveit2_tutorials/launch
-- Installing: /home/luka/ws_moveit/install/moveit2_tutorials/share/moveit2_tutorials/launch/ompl_constrained_planning.launch.py
-- Installing: /home/luka/ws_moveit/install/moveit2_tutorials/share/moveit2_tutorials/launch/ompl_constrained_planning.rviz
-- Installing: /home/luka/ws_moveit/install/moveit2_tutorials/lib/moveit2_tutorials/mtc_tutorial
-- Set non-toolchain portion of runtime path of "/home/luka/ws_moveit/install/moveit2_tutorials/lib/moveit2_tutorials/mtc_tutorial" to ""
-- Installing: /home/luka/ws_moveit/install/moveit2_tutorials/lib/moveit2_tutorials/minimal_mtc_tutorial
-- Set non-toolchain portion of runtime path of "/home/luka/ws_moveit/install/moveit2_tutorials/lib/moveit2_tutorials/minimal_mtc_tutorial" to ""
-- Up-to-date: /home/luka/ws_moveit/install/moveit2_tutorials/share/moveit2_tutorials/launch
-- Installing: /home/luka/ws_moveit/install/moveit2_tutorials/share/moveit2_tutorials/launch/pick_place_demo.launch.py
-- Installing: /home/luka/ws_moveit/install/moveit2_tutorials/share/moveit2_tutorials/launch/mtc_demo.launch.py
-- Installing: /home/luka/ws_moveit/install/moveit2_tutorials/share/moveit2_tutorials/launch/mtc_demo_minimal.launch.py
-- Installing: /home/luka/ws_moveit/install/moveit2_tutorials/share/moveit2_tutorials/launch/mtc.rviz
-- Up-to-date: /home/luka/ws_moveit/install/moveit2_tutorials/share/moveit2_tutorials/launch
-- Installing: /home/luka/ws_moveit/install/moveit2_tutorials/share/moveit2_tutorials/launch/kinova_moveit_config_demo.rviz
-- Installing: /home/luka/ws_moveit/install/moveit2_tutorials/share/moveit2_tutorials/launch/kinova_hello_moveit.rviz
-- Installing: /home/luka/ws_moveit/install/moveit2_tutorials/share/moveit2_tutorials/launch/kinova_moveit_config_demo_empty.rviz
-- Installing: /home/luka/ws_moveit/install/moveit2_tutorials/share/moveit2_tutorials/launch/demo.launch.py
-- Up-to-date: /home/luka/ws_moveit/install/moveit2_tutorials/share/moveit2_tutorials/launch
-- Installing: /home/luka/ws_moveit/install/moveit2_tutorials/share/moveit2_tutorials/launch/demo_pick_ik.launch.py
-- Up-to-date: /home/luka/ws_moveit/install/moveit2_tutorials/share/moveit2_tutorials/config
-- Installing: /home/luka/ws_moveit/install/moveit2_tutorials/share/moveit2_tutorials/config/kinematics_pick_ik.yaml
-- Installing: /home/luka/ws_moveit/install/moveit2_tutorials/share/ament_index/resource_index/package_run_dependencies/moveit2_tutorials
-- Installing: /home/luka/ws_moveit/install/moveit2_tutorials/share/ament_index/resource_index/parent_prefix_path/moveit2_tutorials
-- Installing: /home/luka/ws_moveit/install/moveit2_tutorials/share/moveit2_tutorials/environment/ament_prefix_path.sh
-- Installing: /home/luka/ws_moveit/install/moveit2_tutorials/share/moveit2_tutorials/environment/ament_prefix_path.dsv
-- Installing: /home/luka/ws_moveit/install/moveit2_tutorials/share/moveit2_tutorials/environment/path.sh
-- Installing: /home/luka/ws_moveit/install/moveit2_tutorials/share/moveit2_tutorials/environment/path.dsv
-- Installing: /home/luka/ws_moveit/install/moveit2_tutorials/share/moveit2_tutorials/local_setup.bash
-- Installing: /home/luka/ws_moveit/install/moveit2_tutorials/share/moveit2_tutorials/local_setup.sh
-- Installing: /home/luka/ws_moveit/install/moveit2_tutorials/share/moveit2_tutorials/local_setup.zsh
-- Installing: /home/luka/ws_moveit/install/moveit2_tutorials/share/moveit2_tutorials/local_setup.dsv
-- Installing: /home/luka/ws_moveit/install/moveit2_tutorials/share/moveit2_tutorials/package.dsv
-- Installing: /home/luka/ws_moveit/install/moveit2_tutorials/share/ament_index/resource_index/packages/moveit2_tutorials
-- Installing: /home/luka/ws_moveit/install/moveit2_tutorials/share/moveit2_tutorials/cmake/ament_cmake_export_dependencies-extras.cmake
-- Installing: /home/luka/ws_moveit/install/moveit2_tutorials/share/moveit2_tutorials/cmake/ament_cmake_export_include_directories-extras.cmake
-- Installing: /home/luka/ws_moveit/install/moveit2_tutorials/share/moveit2_tutorials/cmake/moveit2_tutorialsConfig.cmake
-- Installing: /home/luka/ws_moveit/install/moveit2_tutorials/share/moveit2_tutorials/cmake/moveit2_tutorialsConfig-version.cmake
-- Installing: /home/luka/ws_moveit/install/moveit2_tutorials/share/moveit2_tutorials/package.xml
