[0.097s] Invoking command in '/home/luka/ws_moveit/build/moveit_resources_prbt_support': CMAKE_PREFIX_PATH=${CMAKE_PREFIX_PATH}:/opt/ros/jazzy DEBUGINFOD_URLS=https://debuginfod.ubuntu.com /usr/bin/cmake /home/luka/ws_moveit/src/moveit2/moveit_planners/test_configs/prbt_support -DCMAKE_BUILD_TYPE=Release -DCMAKE_INSTALL_PREFIX=/home/luka/ws_moveit/install/moveit_resources_prbt_support
[0.628s] -- The C compiler identification is GNU 13.3.0
[1.220s] -- The CXX compiler identification is GNU 13.3.0
[1.372s] -- Detecting C compiler ABI info
[2.180s] -- Detecting C compiler ABI info - done
[2.331s] -- Check for working C compiler: /usr/bin/cc - skipped
[2.334s] -- Detecting C compile features
[2.340s] -- Detecting C compile features - done
[2.431s] -- Detecting CXX compiler ABI info
[3.392s] -- Detecting CXX compiler ABI info - done
[3.547s] -- Check for working CXX compiler: /usr/bin/c++ - skipped
[3.553s] -- Detecting CXX compile features
[3.563s] -- Detecting CXX compile features - done
[3.598s] -- Found ament_cmake: 2.5.4 (/opt/ros/jazzy/share/ament_cmake/cmake)
[5.351s] -- Found Python3: /usr/bin/python3 (found version "3.12.3") found components: Interpreter 
[8.300s] -- Configuring done (8.1s)
[8.356s] -- Generating done (0.0s)
[8.375s] -- Build files have been written to: /home/luka/ws_moveit/build/moveit_resources_prbt_support
[8.414s] Invoked command in '/home/luka/ws_moveit/build/moveit_resources_prbt_support' returned '0': CMAKE_PREFIX_PATH=${CMAKE_PREFIX_PATH}:/opt/ros/jazzy DEBUGINFOD_URLS=https://debuginfod.ubuntu.com /usr/bin/cmake /home/luka/ws_moveit/src/moveit2/moveit_planners/test_configs/prbt_support -DCMAKE_BUILD_TYPE=Release -DCMAKE_INSTALL_PREFIX=/home/luka/ws_moveit/install/moveit_resources_prbt_support
[8.418s] Invoking command in '/home/luka/ws_moveit/build/moveit_resources_prbt_support': CMAKE_PREFIX_PATH=${CMAKE_PREFIX_PATH}:/opt/ros/jazzy DEBUGINFOD_URLS=https://debuginfod.ubuntu.com /usr/bin/cmake --build /home/luka/ws_moveit/build/moveit_resources_prbt_support -- -j4 -l4
[8.760s] Invoked command in '/home/luka/ws_moveit/build/moveit_resources_prbt_support' returned '0': CMAKE_PREFIX_PATH=${CMAKE_PREFIX_PATH}:/opt/ros/jazzy DEBUGINFOD_URLS=https://debuginfod.ubuntu.com /usr/bin/cmake --build /home/luka/ws_moveit/build/moveit_resources_prbt_support -- -j4 -l4
[8.769s] Invoking command in '/home/luka/ws_moveit/build/moveit_resources_prbt_support': CMAKE_PREFIX_PATH=${CMAKE_PREFIX_PATH}:/opt/ros/jazzy DEBUGINFOD_URLS=https://debuginfod.ubuntu.com /usr/bin/cmake --install /home/luka/ws_moveit/build/moveit_resources_prbt_support
[8.869s] -- Install configuration: "Release"
[8.870s] -- Installing: /home/luka/ws_moveit/install/moveit_resources_prbt_support/share/ament_index/resource_index/package_run_dependencies/moveit_resources_prbt_support
[8.872s] -- Installing: /home/luka/ws_moveit/install/moveit_resources_prbt_support/share/ament_index/resource_index/parent_prefix_path/moveit_resources_prbt_support
[8.875s] -- Installing: /home/luka/ws_moveit/install/moveit_resources_prbt_support/share/moveit_resources_prbt_support/environment/ament_prefix_path.sh
[8.877s] -- Installing: /home/luka/ws_moveit/install/moveit_resources_prbt_support/share/moveit_resources_prbt_support/environment/ament_prefix_path.dsv
[8.879s] -- Installing: /home/luka/ws_moveit/install/moveit_resources_prbt_support/share/moveit_resources_prbt_support/environment/path.sh
[8.880s] -- Installing: /home/luka/ws_moveit/install/moveit_resources_prbt_support/share/moveit_resources_prbt_support/environment/path.dsv
[8.883s] -- Installing: /home/luka/ws_moveit/install/moveit_resources_prbt_support/share/moveit_resources_prbt_support/local_setup.bash
[8.887s] -- Installing: /home/luka/ws_moveit/install/moveit_resources_prbt_support/share/moveit_resources_prbt_support/local_setup.sh
[8.889s] -- Installing: /home/luka/ws_moveit/install/moveit_resources_prbt_support/share/moveit_resources_prbt_support/local_setup.zsh
[8.891s] -- Installing: /home/luka/ws_moveit/install/moveit_resources_prbt_support/share/moveit_resources_prbt_support/local_setup.dsv
[8.893s] -- Installing: /home/luka/ws_moveit/install/moveit_resources_prbt_support/share/moveit_resources_prbt_support/package.dsv
[8.894s] -- Installing: /home/luka/ws_moveit/install/moveit_resources_prbt_support/share/ament_index/resource_index/packages/moveit_resources_prbt_support
[8.896s] -- Installing: /home/luka/ws_moveit/install/moveit_resources_prbt_support/share/moveit_resources_prbt_support/cmake/moveit_resources_prbt_supportConfig.cmake
[8.897s] -- Installing: /home/luka/ws_moveit/install/moveit_resources_prbt_support/share/moveit_resources_prbt_support/cmake/moveit_resources_prbt_supportConfig-version.cmake
[8.900s] -- Installing: /home/luka/ws_moveit/install/moveit_resources_prbt_support/share/moveit_resources_prbt_support/package.xml
[8.901s] -- Installing: /home/luka/ws_moveit/install/moveit_resources_prbt_support/share/moveit_resources_prbt_support/urdf
[8.902s] -- Installing: /home/luka/ws_moveit/install/moveit_resources_prbt_support/share/moveit_resources_prbt_support/urdf/prbt.xacro
[8.902s] -- Installing: /home/luka/ws_moveit/install/moveit_resources_prbt_support/share/moveit_resources_prbt_support/urdf/prbt.ros2_control.xacro
[8.906s] -- Installing: /home/luka/ws_moveit/install/moveit_resources_prbt_support/share/moveit_resources_prbt_support/urdf/prbt_macro.xacro
[8.907s] -- Installing: /home/luka/ws_moveit/install/moveit_resources_prbt_support/share/moveit_resources_prbt_support/urdf/simple_gripper_brackets.urdf.xacro
[8.909s] -- Installing: /home/luka/ws_moveit/install/moveit_resources_prbt_support/share/moveit_resources_prbt_support/meshes
[8.909s] -- Installing: /home/luka/ws_moveit/install/moveit_resources_prbt_support/share/moveit_resources_prbt_support/meshes/link_1.stl
[8.910s] -- Installing: /home/luka/ws_moveit/install/moveit_resources_prbt_support/share/moveit_resources_prbt_support/meshes/link_3.dae
[8.915s] -- Installing: /home/luka/ws_moveit/install/moveit_resources_prbt_support/share/moveit_resources_prbt_support/meshes/flange.dae
[8.916s] -- Installing: /home/luka/ws_moveit/install/moveit_resources_prbt_support/share/moveit_resources_prbt_support/meshes/foot.stl
[8.918s] -- Installing: /home/luka/ws_moveit/install/moveit_resources_prbt_support/share/moveit_resources_prbt_support/meshes/link_2.stl
[8.921s] -- Installing: /home/luka/ws_moveit/install/moveit_resources_prbt_support/share/moveit_resources_prbt_support/meshes/link_4.dae
[8.922s] -- Installing: /home/luka/ws_moveit/install/moveit_resources_prbt_support/share/moveit_resources_prbt_support/meshes/link_3.stl
[8.923s] -- Installing: /home/luka/ws_moveit/install/moveit_resources_prbt_support/share/moveit_resources_prbt_support/meshes/link_2.dae
[8.925s] -- Installing: /home/luka/ws_moveit/install/moveit_resources_prbt_support/share/moveit_resources_prbt_support/meshes/flange.stl
[8.929s] -- Installing: /home/luka/ws_moveit/install/moveit_resources_prbt_support/share/moveit_resources_prbt_support/meshes/foot.dae
[8.930s] -- Installing: /home/luka/ws_moveit/install/moveit_resources_prbt_support/share/moveit_resources_prbt_support/meshes/link_5.stl
[8.931s] -- Installing: /home/luka/ws_moveit/install/moveit_resources_prbt_support/share/moveit_resources_prbt_support/meshes/link_5.dae
[8.931s] -- Installing: /home/luka/ws_moveit/install/moveit_resources_prbt_support/share/moveit_resources_prbt_support/meshes/link_4.stl
[8.935s] -- Installing: /home/luka/ws_moveit/install/moveit_resources_prbt_support/share/moveit_resources_prbt_support/meshes/link_1.dae
[8.946s] -- Installing: /home/luka/ws_moveit/install/moveit_resources_prbt_support/share/moveit_resources_prbt_support/config
[8.947s] -- Installing: /home/luka/ws_moveit/install/moveit_resources_prbt_support/share/moveit_resources_prbt_support/config/manipulator_controller.yaml
[8.948s] -- Installing: /home/luka/ws_moveit/install/moveit_resources_prbt_support/share/moveit_resources_prbt_support/config/manipulator_driver.yaml
[8.948s] -- Installing: /home/luka/ws_moveit/install/moveit_resources_prbt_support/share/moveit_resources_prbt_support/config/prbt_0_1.dcf
[8.956s] Invoked command in '/home/luka/ws_moveit/build/moveit_resources_prbt_support' returned '0': CMAKE_PREFIX_PATH=${CMAKE_PREFIX_PATH}:/opt/ros/jazzy DEBUGINFOD_URLS=https://debuginfod.ubuntu.com /usr/bin/cmake --install /home/luka/ws_moveit/build/moveit_resources_prbt_support
