[0.239s] Invoking command in '/home/luka/ws_moveit/build/moveit_setup_core_plugins': AMENT_PREFIX_PATH=/home/luka/ws_moveit/install/moveit_setup_framework:/home/luka/ws_moveit/install/moveit_ros_visualization:/home/luka/ws_moveit/install/moveit_ros_planning_interface:/home/luka/ws_moveit/install/moveit_ros_move_group:/home/luka/ws_moveit/install/moveit_ros_warehouse:/home/luka/ws_moveit/install/moveit_ros_robot_interaction:/home/luka/ws_moveit/install/moveit_kinematics:/home/luka/ws_moveit/install/moveit_ros_planning:/home/luka/ws_moveit/install/moveit_simple_controller_manager:/home/luka/ws_moveit/install/moveit_ros_occupancy_map_monitor:/home/luka/ws_moveit/install/moveit_core:/home/luka/ws_moveit/install/moveit_resources_panda_moveit_config:/home/luka/ws_moveit/install/moveit_resources_fanuc_moveit_config:/home/luka/ws_moveit/install/moveit_resources_pr2_description:/home/luka/ws_moveit/install/moveit_resources_panda_description:/home/luka/ws_moveit/install/moveit_resources_fanuc_description:/home/luka/ws_moveit/install/moveit_msgs:/home/luka/ws_moveit/install/moveit_configs_utils:/home/luka/ws_moveit/install/moveit_common:${AMENT_PREFIX_PATH} CMAKE_PREFIX_PATH=/home/luka/ws_moveit/install/moveit_setup_framework:/home/luka/ws_moveit/install/moveit_ros_visualization:/home/luka/ws_moveit/install/moveit_ros_planning_interface:/home/luka/ws_moveit/install/moveit_ros_move_group:/home/luka/ws_moveit/install/moveit_ros_warehouse:/home/luka/ws_moveit/install/moveit_ros_robot_interaction:/home/luka/ws_moveit/install/moveit_kinematics:/home/luka/ws_moveit/install/moveit_ros_planning:/home/luka/ws_moveit/install/moveit_simple_controller_manager:/home/luka/ws_moveit/install/moveit_ros_occupancy_map_monitor:/home/luka/ws_moveit/install/moveit_core:/home/luka/ws_moveit/install/moveit_resources_panda_moveit_config:/home/luka/ws_moveit/install/moveit_resources_fanuc_moveit_config:/home/luka/ws_moveit/install/moveit_resources_pr2_description:/home/luka/ws_moveit/install/moveit_resources_panda_description:/home/luka/ws_moveit/install/moveit_resources_fanuc_description:/home/luka/ws_moveit/install/moveit_msgs:/home/luka/ws_moveit/install/moveit_common:/opt/ros/jazzy/opt/gz_sim_vendor:/opt/ros/jazzy/opt/gz_sensors_vendor:/opt/ros/jazzy/opt/gz_physics_vendor:/opt/ros/jazzy/opt/sdformat_vendor:/opt/ros/jazzy/opt/gz_gui_vendor:/opt/ros/jazzy/opt/gz_transport_vendor:/opt/ros/jazzy/opt/gz_rendering_vendor:/opt/ros/jazzy/opt/gz_plugin_vendor:/opt/ros/jazzy/opt/gz_fuel_tools_vendor:/opt/ros/jazzy/opt/gz_msgs_vendor:/opt/ros/jazzy/opt/gz_common_vendor:/opt/ros/jazzy/opt/gz_math_vendor:/opt/ros/jazzy/opt/gz_utils_vendor:/opt/ros/jazzy/opt/gz_tools_vendor:/opt/ros/jazzy/opt/gz_ogre_next_vendor:/opt/ros/jazzy/opt/gz_dartsim_vendor:/opt/ros/jazzy/opt/gz_cmake_vendor:/opt/ros/jazzy DEBUGINFOD_URLS=https://debuginfod.ubuntu.com LD_LIBRARY_PATH=/home/luka/ws_moveit/install/moveit_setup_framework/lib:/home/luka/ws_moveit/install/moveit_ros_visualization/lib:/home/luka/ws_moveit/install/moveit_ros_planning_interface/lib:/home/luka/ws_moveit/install/moveit_ros_move_group/lib:/home/luka/ws_moveit/install/moveit_ros_warehouse/lib:/home/luka/ws_moveit/install/moveit_ros_robot_interaction/lib:/home/luka/ws_moveit/install/moveit_kinematics/lib:/home/luka/ws_moveit/install/moveit_ros_planning/lib:/home/luka/ws_moveit/install/moveit_simple_controller_manager/lib:/home/luka/ws_moveit/install/moveit_ros_occupancy_map_monitor/lib:/home/luka/ws_moveit/install/moveit_core/lib:/home/luka/ws_moveit/install/moveit_msgs/lib:${LD_LIBRARY_PATH} PATH=/home/luka/ws_moveit/install/moveit_core/bin:${PATH} PYTHONPATH=/home/luka/ws_moveit/install/moveit_msgs/lib/python3.12/site-packages:/home/luka/ws_moveit/install/moveit_configs_utils/lib/python3.12/site-packages:${PYTHONPATH} /usr/bin/cmake /home/luka/ws_moveit/src/moveit2/moveit_setup_assistant/moveit_setup_core_plugins -DCMAKE_BUILD_TYPE=Release -DCMAKE_INSTALL_PREFIX=/home/luka/ws_moveit/install/moveit_setup_core_plugins
[0.652s] -- The CXX compiler identification is GNU 13.3.0
[0.755s] -- Detecting CXX compiler ABI info
[1.403s] -- Detecting CXX compiler ABI info - done
[1.475s] -- Check for working CXX compiler: /usr/bin/c++ - skipped
[1.477s] -- Detecting CXX compile features
[1.480s] -- Detecting CXX compile features - done
[1.494s] -- Found moveit_common: 2.14.1 (/home/luka/ws_moveit/install/moveit_common/share/moveit_common/cmake)
[1.524s] -- Found ament_cmake: 2.5.4 (/opt/ros/jazzy/share/ament_cmake/cmake)
[2.564s] -- Found Python3: /usr/bin/python3 (found version "3.12.3") found components: Interpreter 
[3.996s] -- Found ament_cmake_ros: 0.12.0 (/opt/ros/jazzy/share/ament_cmake_ros/cmake)
[4.121s] -- Found ament_index_cpp: 1.8.1 (/opt/ros/jazzy/share/ament_index_cpp/cmake)
[4.127s] -- Found moveit_ros_visualization: 2.14.1 (/home/luka/ws_moveit/install/moveit_ros_visualization/share/moveit_ros_visualization/cmake)
[5.139s] -- Found Boost: /usr/lib/x86_64-linux-gnu/cmake/Boost-1.83.0/BoostConfig.cmake (found version "1.83.0") found components: thread date_time system filesystem 
[5.446s] -- Found Boost: /usr/lib/x86_64-linux-gnu/cmake/Boost-1.83.0/BoostConfig.cmake (found version "1.83.0") found components: filesystem 
[5.993s] -- Found rosidl_generator_c: 4.6.6 (/opt/ros/jazzy/share/rosidl_generator_c/cmake)
[6.138s] -- Found rosidl_generator_cpp: 4.6.6 (/opt/ros/jazzy/share/rosidl_generator_cpp/cmake)
[6.299s] -- Using all available rosidl_typesupport_c: rosidl_typesupport_fastrtps_c;rosidl_typesupport_introspection_c
[6.445s] -- Using all available rosidl_typesupport_cpp: rosidl_typesupport_fastrtps_cpp;rosidl_typesupport_introspection_cpp
[7.603s] -- Found rmw_implementation_cmake: 7.3.2 (/opt/ros/jazzy/share/rmw_implementation_cmake/cmake)
[7.641s] -- Found rmw_fastrtps_cpp: 8.4.3 (/opt/ros/jazzy/share/rmw_fastrtps_cpp/cmake)
[8.283s] -- Found OpenSSL: /usr/lib/x86_64-linux-gnu/libcrypto.so (found version "3.0.13")  
[8.458s] -- Found FastRTPS: /opt/ros/jazzy/include (Required is at least version "2.13") 
[8.646s] -- Using RMW implementation 'rmw_fastrtps_cpp' as default
[9.709s] -- Found Boost: /usr/lib/x86_64-linux-gnu/cmake/Boost-1.83.0/BoostConfig.cmake (found version "1.83.0") found components: system filesystem date_time program_options thread chrono 
[9.793s] -- Found parameter_traits: 0.5.0 (/opt/ros/jazzy/share/parameter_traits/cmake)
[9.903s] -- Found rclcpp_lifecycle: 28.1.13 (/opt/ros/jazzy/share/rclcpp_lifecycle/cmake)
[10.274s] -- Found Boost: /usr/lib/x86_64-linux-gnu/cmake/Boost-1.83.0/BoostConfig.cmake (found version "1.83.0") found components: chrono date_time filesystem iostreams program_options regex serialization system thread 
[10.624s] -- Found Eigen3: TRUE (found version "3.4.0") 
[10.625s] -- Ensuring Eigen3 include directory is part of orocos-kdl CMake target
[12.672s] -- Found Boost: /usr/lib/x86_64-linux-gnu/cmake/Boost-1.83.0/BoostConfig.cmake (found version "1.83.0") found components: date_time filesystem program_options system thread 
[12.745s] -- Found Boost: /usr/lib/x86_64-linux-gnu/cmake/Boost-1.83.0/BoostConfig.cmake (found version "1.83.0") found components: thread system filesystem regex date_time program_options 
[12.876s] -- Found Boost: /usr/lib/x86_64-linux-gnu/cmake/Boost-1.83.0/BoostConfig.cmake (found version "1.83.0") found components: system filesystem date_time program_options thread 
[13.284s] -- Setting OGRE_DIR to: '/opt/ros/jazzy/share/rviz_ogre_vendor/cmake/../../../opt/rviz_ogre_vendor/lib/OGRE/cmake'
[13.289s] -- Found OGRE
[13.293s] --   static     : OFF
[13.293s] --   components : MeshLodGenerator;Overlay;Paging;Property;RTShaderSystem;Terrain;Volume
[13.294s] --   plugins    : Plugin_BSPSceneManager;Plugin_OctreeSceneManager;Plugin_PCZSceneManager;Plugin_ParticleFX;RenderSystem_GL;RenderSystem_GL3Plus;Codec_STBI
[13.294s] --   media      : /opt/ros/jazzy/opt/rviz_ogre_vendor/share/OGRE/Media
[13.295s] -- OGRE_LIBRARIES: OgreMeshLodGenerator;OgreOverlay;OgrePaging;OgreProperty;OgreRTShaderSystem;OgreTerrain;OgreVolume;OgreMain
[13.295s] -- OGRE_LIBRARY_DIRS: /opt/ros/jazzy/opt/rviz_ogre_vendor/lib
[13.298s] -- OGRE_PLUGINS: Plugin_BSPSceneManager;Plugin_OctreeSceneManager;Plugin_PCZSceneManager;Plugin_ParticleFX;RenderSystem_GL;RenderSystem_GL3Plus;Codec_STBI
[13.301s] -- OGRE_PLUGIN_DIR: /opt/ros/jazzy/opt/rviz_ogre_vendor/lib/OGRE
[13.301s] -- rviz_ogre_vendor::OgreOverlay for IMPORTED_LOCATION_RELEASE: /opt/ros/jazzy/opt/rviz_ogre_vendor/lib/libOgreOverlay.so
[13.302s] -- rviz_ogre_vendor::OgreOverlay for IMPORTED_LOCATION_DEBUG: /opt/ros/jazzy/opt/rviz_ogre_vendor/lib/libOgreOverlay.so
[13.302s] -- rviz_ogre_vendor::OgreMain for IMPORTED_LOCATION_RELEASE: /opt/ros/jazzy/opt/rviz_ogre_vendor/lib/libOgreMain.so
[13.303s] -- rviz_ogre_vendor::OgreMain for IMPORTED_LOCATION_DEBUG: /opt/ros/jazzy/opt/rviz_ogre_vendor/lib/libOgreMain.so
[13.458s] -- Found ZLIB: /usr/lib/x86_64-linux-gnu/libz.so (found version "1.3")  
[13.521s] -- Found OpenGL: /usr/lib/x86_64-linux-gnu/libOpenGL.so   
[14.398s] -- Found X11: /usr/include   
[14.399s] -- Looking for XOpenDisplay in /usr/lib/x86_64-linux-gnu/libX11.so;/usr/lib/x86_64-linux-gnu/libXext.so
[14.917s] -- Looking for XOpenDisplay in /usr/lib/x86_64-linux-gnu/libX11.so;/usr/lib/x86_64-linux-gnu/libXext.so - found
[14.918s] -- Looking for gethostbyname
[15.477s] -- Looking for gethostbyname - found
[15.478s] -- Looking for connect
[16.039s] -- Looking for connect - found
[16.040s] -- Looking for remove
[16.611s] -- Looking for remove - found
[16.613s] -- Looking for shmat
[17.199s] -- Looking for shmat - found
[17.199s] -- Looking for IceConnectionNumber in ICE
[17.835s] -- Looking for IceConnectionNumber in ICE - found
[18.042s] -- Setting yaml-cpp_DIR to: '/opt/ros/jazzy/share/yaml_cpp_vendor/cmake/../../../opt/yaml_cpp_vendor/share/cmake/yaml-cpp'
[18.627s] -- Found moveit_setup_framework: 2.14.1 (/home/luka/ws_moveit/install/moveit_setup_framework/share/moveit_setup_framework/cmake)
[18.775s] -- Configuring done (18.5s)
[19.075s] -- Generating done (0.2s)
[19.108s] -- Build files have been written to: /home/luka/ws_moveit/build/moveit_setup_core_plugins
[19.179s] Invoked command in '/home/luka/ws_moveit/build/moveit_setup_core_plugins' returned '0': AMENT_PREFIX_PATH=/home/luka/ws_moveit/install/moveit_setup_framework:/home/luka/ws_moveit/install/moveit_ros_visualization:/home/luka/ws_moveit/install/moveit_ros_planning_interface:/home/luka/ws_moveit/install/moveit_ros_move_group:/home/luka/ws_moveit/install/moveit_ros_warehouse:/home/luka/ws_moveit/install/moveit_ros_robot_interaction:/home/luka/ws_moveit/install/moveit_kinematics:/home/luka/ws_moveit/install/moveit_ros_planning:/home/luka/ws_moveit/install/moveit_simple_controller_manager:/home/luka/ws_moveit/install/moveit_ros_occupancy_map_monitor:/home/luka/ws_moveit/install/moveit_core:/home/luka/ws_moveit/install/moveit_resources_panda_moveit_config:/home/luka/ws_moveit/install/moveit_resources_fanuc_moveit_config:/home/luka/ws_moveit/install/moveit_resources_pr2_description:/home/luka/ws_moveit/install/moveit_resources_panda_description:/home/luka/ws_moveit/install/moveit_resources_fanuc_description:/home/luka/ws_moveit/install/moveit_msgs:/home/luka/ws_moveit/install/moveit_configs_utils:/home/luka/ws_moveit/install/moveit_common:${AMENT_PREFIX_PATH} CMAKE_PREFIX_PATH=/home/luka/ws_moveit/install/moveit_setup_framework:/home/luka/ws_moveit/install/moveit_ros_visualization:/home/luka/ws_moveit/install/moveit_ros_planning_interface:/home/luka/ws_moveit/install/moveit_ros_move_group:/home/luka/ws_moveit/install/moveit_ros_warehouse:/home/luka/ws_moveit/install/moveit_ros_robot_interaction:/home/luka/ws_moveit/install/moveit_kinematics:/home/luka/ws_moveit/install/moveit_ros_planning:/home/luka/ws_moveit/install/moveit_simple_controller_manager:/home/luka/ws_moveit/install/moveit_ros_occupancy_map_monitor:/home/luka/ws_moveit/install/moveit_core:/home/luka/ws_moveit/install/moveit_resources_panda_moveit_config:/home/luka/ws_moveit/install/moveit_resources_fanuc_moveit_config:/home/luka/ws_moveit/install/moveit_resources_pr2_description:/home/luka/ws_moveit/install/moveit_resources_panda_description:/home/luka/ws_moveit/install/moveit_resources_fanuc_description:/home/luka/ws_moveit/install/moveit_msgs:/home/luka/ws_moveit/install/moveit_common:/opt/ros/jazzy/opt/gz_sim_vendor:/opt/ros/jazzy/opt/gz_sensors_vendor:/opt/ros/jazzy/opt/gz_physics_vendor:/opt/ros/jazzy/opt/sdformat_vendor:/opt/ros/jazzy/opt/gz_gui_vendor:/opt/ros/jazzy/opt/gz_transport_vendor:/opt/ros/jazzy/opt/gz_rendering_vendor:/opt/ros/jazzy/opt/gz_plugin_vendor:/opt/ros/jazzy/opt/gz_fuel_tools_vendor:/opt/ros/jazzy/opt/gz_msgs_vendor:/opt/ros/jazzy/opt/gz_common_vendor:/opt/ros/jazzy/opt/gz_math_vendor:/opt/ros/jazzy/opt/gz_utils_vendor:/opt/ros/jazzy/opt/gz_tools_vendor:/opt/ros/jazzy/opt/gz_ogre_next_vendor:/opt/ros/jazzy/opt/gz_dartsim_vendor:/opt/ros/jazzy/opt/gz_cmake_vendor:/opt/ros/jazzy DEBUGINFOD_URLS=https://debuginfod.ubuntu.com LD_LIBRARY_PATH=/home/luka/ws_moveit/install/moveit_setup_framework/lib:/home/luka/ws_moveit/install/moveit_ros_visualization/lib:/home/luka/ws_moveit/install/moveit_ros_planning_interface/lib:/home/luka/ws_moveit/install/moveit_ros_move_group/lib:/home/luka/ws_moveit/install/moveit_ros_warehouse/lib:/home/luka/ws_moveit/install/moveit_ros_robot_interaction/lib:/home/luka/ws_moveit/install/moveit_kinematics/lib:/home/luka/ws_moveit/install/moveit_ros_planning/lib:/home/luka/ws_moveit/install/moveit_simple_controller_manager/lib:/home/luka/ws_moveit/install/moveit_ros_occupancy_map_monitor/lib:/home/luka/ws_moveit/install/moveit_core/lib:/home/luka/ws_moveit/install/moveit_msgs/lib:${LD_LIBRARY_PATH} PATH=/home/luka/ws_moveit/install/moveit_core/bin:${PATH} PYTHONPATH=/home/luka/ws_moveit/install/moveit_msgs/lib/python3.12/site-packages:/home/luka/ws_moveit/install/moveit_configs_utils/lib/python3.12/site-packages:${PYTHONPATH} /usr/bin/cmake /home/luka/ws_moveit/src/moveit2/moveit_setup_assistant/moveit_setup_core_plugins -DCMAKE_BUILD_TYPE=Release -DCMAKE_INSTALL_PREFIX=/home/luka/ws_moveit/install/moveit_setup_core_plugins
[19.189s] Invoking command in '/home/luka/ws_moveit/build/moveit_setup_core_plugins': AMENT_PREFIX_PATH=/home/luka/ws_moveit/install/moveit_setup_framework:/home/luka/ws_moveit/install/moveit_ros_visualization:/home/luka/ws_moveit/install/moveit_ros_planning_interface:/home/luka/ws_moveit/install/moveit_ros_move_group:/home/luka/ws_moveit/install/moveit_ros_warehouse:/home/luka/ws_moveit/install/moveit_ros_robot_interaction:/home/luka/ws_moveit/install/moveit_kinematics:/home/luka/ws_moveit/install/moveit_ros_planning:/home/luka/ws_moveit/install/moveit_simple_controller_manager:/home/luka/ws_moveit/install/moveit_ros_occupancy_map_monitor:/home/luka/ws_moveit/install/moveit_core:/home/luka/ws_moveit/install/moveit_resources_panda_moveit_config:/home/luka/ws_moveit/install/moveit_resources_fanuc_moveit_config:/home/luka/ws_moveit/install/moveit_resources_pr2_description:/home/luka/ws_moveit/install/moveit_resources_panda_description:/home/luka/ws_moveit/install/moveit_resources_fanuc_description:/home/luka/ws_moveit/install/moveit_msgs:/home/luka/ws_moveit/install/moveit_configs_utils:/home/luka/ws_moveit/install/moveit_common:${AMENT_PREFIX_PATH} CMAKE_PREFIX_PATH=/home/luka/ws_moveit/install/moveit_setup_framework:/home/luka/ws_moveit/install/moveit_ros_visualization:/home/luka/ws_moveit/install/moveit_ros_planning_interface:/home/luka/ws_moveit/install/moveit_ros_move_group:/home/luka/ws_moveit/install/moveit_ros_warehouse:/home/luka/ws_moveit/install/moveit_ros_robot_interaction:/home/luka/ws_moveit/install/moveit_kinematics:/home/luka/ws_moveit/install/moveit_ros_planning:/home/luka/ws_moveit/install/moveit_simple_controller_manager:/home/luka/ws_moveit/install/moveit_ros_occupancy_map_monitor:/home/luka/ws_moveit/install/moveit_core:/home/luka/ws_moveit/install/moveit_resources_panda_moveit_config:/home/luka/ws_moveit/install/moveit_resources_fanuc_moveit_config:/home/luka/ws_moveit/install/moveit_resources_pr2_description:/home/luka/ws_moveit/install/moveit_resources_panda_description:/home/luka/ws_moveit/install/moveit_resources_fanuc_description:/home/luka/ws_moveit/install/moveit_msgs:/home/luka/ws_moveit/install/moveit_common:/opt/ros/jazzy/opt/gz_sim_vendor:/opt/ros/jazzy/opt/gz_sensors_vendor:/opt/ros/jazzy/opt/gz_physics_vendor:/opt/ros/jazzy/opt/sdformat_vendor:/opt/ros/jazzy/opt/gz_gui_vendor:/opt/ros/jazzy/opt/gz_transport_vendor:/opt/ros/jazzy/opt/gz_rendering_vendor:/opt/ros/jazzy/opt/gz_plugin_vendor:/opt/ros/jazzy/opt/gz_fuel_tools_vendor:/opt/ros/jazzy/opt/gz_msgs_vendor:/opt/ros/jazzy/opt/gz_common_vendor:/opt/ros/jazzy/opt/gz_math_vendor:/opt/ros/jazzy/opt/gz_utils_vendor:/opt/ros/jazzy/opt/gz_tools_vendor:/opt/ros/jazzy/opt/gz_ogre_next_vendor:/opt/ros/jazzy/opt/gz_dartsim_vendor:/opt/ros/jazzy/opt/gz_cmake_vendor:/opt/ros/jazzy DEBUGINFOD_URLS=https://debuginfod.ubuntu.com LD_LIBRARY_PATH=/home/luka/ws_moveit/install/moveit_setup_framework/lib:/home/luka/ws_moveit/install/moveit_ros_visualization/lib:/home/luka/ws_moveit/install/moveit_ros_planning_interface/lib:/home/luka/ws_moveit/install/moveit_ros_move_group/lib:/home/luka/ws_moveit/install/moveit_ros_warehouse/lib:/home/luka/ws_moveit/install/moveit_ros_robot_interaction/lib:/home/luka/ws_moveit/install/moveit_kinematics/lib:/home/luka/ws_moveit/install/moveit_ros_planning/lib:/home/luka/ws_moveit/install/moveit_simple_controller_manager/lib:/home/luka/ws_moveit/install/moveit_ros_occupancy_map_monitor/lib:/home/luka/ws_moveit/install/moveit_core/lib:/home/luka/ws_moveit/install/moveit_msgs/lib:${LD_LIBRARY_PATH} PATH=/home/luka/ws_moveit/install/moveit_core/bin:${PATH} PYTHONPATH=/home/luka/ws_moveit/install/moveit_msgs/lib/python3.12/site-packages:/home/luka/ws_moveit/install/moveit_configs_utils/lib/python3.12/site-packages:${PYTHONPATH} /usr/bin/cmake --build /home/luka/ws_moveit/build/moveit_setup_core_plugins -- -j4 -l4
[19.495s] [  0%] Built target moveit_setup_core_plugins_autogen_timestamp_deps
[19.587s] [  6%] [34m[1mAutomatic MOC for target moveit_setup_core_plugins[0m
[19.778s] [  6%] Built target moveit_setup_core_plugins_autogen
[19.839s] [ 13%] [34m[1mGenerating include/moveit_setup_core_plugins/moc_start_screen_widget.cpp[0m
[19.913s] [ 20%] [34m[1mGenerating include/moveit_setup_core_plugins/moc_configuration_files_widget.cpp[0m
[19.985s] [ 26%] [34m[1mGenerating include/moveit_setup_core_plugins/moc_author_information_widget.cpp[0m
[20.129s] [ 33%] [32mBuilding CXX object CMakeFiles/moveit_setup_core_plugins.dir/moveit_setup_core_plugins_autogen/mocs_compilation.cpp.o[0m
[20.248s] [ 40%] [32mBuilding CXX object CMakeFiles/moveit_setup_core_plugins.dir/src/configuration_files.cpp.o[0m
[49.392s] [ 46%] [32mBuilding CXX object CMakeFiles/moveit_setup_core_plugins.dir/src/configuration_files_widget.cpp.o[0m
[51.513s] [ 53%] [32mBuilding CXX object CMakeFiles/moveit_setup_core_plugins.dir/src/start_screen_widget.cpp.o[0m
[53.690s] [ 60%] [32mBuilding CXX object CMakeFiles/moveit_setup_core_plugins.dir/src/start_screen.cpp.o[0m
[199.615s] [ 66%] [32mBuilding CXX object CMakeFiles/moveit_setup_core_plugins.dir/include/moveit_setup_core_plugins/moc_start_screen_widget.cpp.o[0m
[265.947s] [ 73%] [32mBuilding CXX object CMakeFiles/moveit_setup_core_plugins.dir/include/moveit_setup_core_plugins/moc_configuration_files_widget.cpp.o[0m
[311.610s] [ 80%] [32mBuilding CXX object CMakeFiles/moveit_setup_core_plugins.dir/include/moveit_setup_core_plugins/moc_author_information_widget.cpp.o[0m
[419.600s] [ 86%] [32mBuilding CXX object CMakeFiles/moveit_setup_core_plugins.dir/src/author_information_widget.cpp.o[0m
[479.821s] [ 93%] [32mBuilding CXX object CMakeFiles/moveit_setup_core_plugins.dir/src/author_information.cpp.o[0m
[501.466s] [100%] [32m[1mLinking CXX shared library libmoveit_setup_core_plugins.so[0m
[504.177s] [100%] Built target moveit_setup_core_plugins
[504.252s] Invoked command in '/home/luka/ws_moveit/build/moveit_setup_core_plugins' returned '0': AMENT_PREFIX_PATH=/home/luka/ws_moveit/install/moveit_setup_framework:/home/luka/ws_moveit/install/moveit_ros_visualization:/home/luka/ws_moveit/install/moveit_ros_planning_interface:/home/luka/ws_moveit/install/moveit_ros_move_group:/home/luka/ws_moveit/install/moveit_ros_warehouse:/home/luka/ws_moveit/install/moveit_ros_robot_interaction:/home/luka/ws_moveit/install/moveit_kinematics:/home/luka/ws_moveit/install/moveit_ros_planning:/home/luka/ws_moveit/install/moveit_simple_controller_manager:/home/luka/ws_moveit/install/moveit_ros_occupancy_map_monitor:/home/luka/ws_moveit/install/moveit_core:/home/luka/ws_moveit/install/moveit_resources_panda_moveit_config:/home/luka/ws_moveit/install/moveit_resources_fanuc_moveit_config:/home/luka/ws_moveit/install/moveit_resources_pr2_description:/home/luka/ws_moveit/install/moveit_resources_panda_description:/home/luka/ws_moveit/install/moveit_resources_fanuc_description:/home/luka/ws_moveit/install/moveit_msgs:/home/luka/ws_moveit/install/moveit_configs_utils:/home/luka/ws_moveit/install/moveit_common:${AMENT_PREFIX_PATH} CMAKE_PREFIX_PATH=/home/luka/ws_moveit/install/moveit_setup_framework:/home/luka/ws_moveit/install/moveit_ros_visualization:/home/luka/ws_moveit/install/moveit_ros_planning_interface:/home/luka/ws_moveit/install/moveit_ros_move_group:/home/luka/ws_moveit/install/moveit_ros_warehouse:/home/luka/ws_moveit/install/moveit_ros_robot_interaction:/home/luka/ws_moveit/install/moveit_kinematics:/home/luka/ws_moveit/install/moveit_ros_planning:/home/luka/ws_moveit/install/moveit_simple_controller_manager:/home/luka/ws_moveit/install/moveit_ros_occupancy_map_monitor:/home/luka/ws_moveit/install/moveit_core:/home/luka/ws_moveit/install/moveit_resources_panda_moveit_config:/home/luka/ws_moveit/install/moveit_resources_fanuc_moveit_config:/home/luka/ws_moveit/install/moveit_resources_pr2_description:/home/luka/ws_moveit/install/moveit_resources_panda_description:/home/luka/ws_moveit/install/moveit_resources_fanuc_description:/home/luka/ws_moveit/install/moveit_msgs:/home/luka/ws_moveit/install/moveit_common:/opt/ros/jazzy/opt/gz_sim_vendor:/opt/ros/jazzy/opt/gz_sensors_vendor:/opt/ros/jazzy/opt/gz_physics_vendor:/opt/ros/jazzy/opt/sdformat_vendor:/opt/ros/jazzy/opt/gz_gui_vendor:/opt/ros/jazzy/opt/gz_transport_vendor:/opt/ros/jazzy/opt/gz_rendering_vendor:/opt/ros/jazzy/opt/gz_plugin_vendor:/opt/ros/jazzy/opt/gz_fuel_tools_vendor:/opt/ros/jazzy/opt/gz_msgs_vendor:/opt/ros/jazzy/opt/gz_common_vendor:/opt/ros/jazzy/opt/gz_math_vendor:/opt/ros/jazzy/opt/gz_utils_vendor:/opt/ros/jazzy/opt/gz_tools_vendor:/opt/ros/jazzy/opt/gz_ogre_next_vendor:/opt/ros/jazzy/opt/gz_dartsim_vendor:/opt/ros/jazzy/opt/gz_cmake_vendor:/opt/ros/jazzy DEBUGINFOD_URLS=https://debuginfod.ubuntu.com LD_LIBRARY_PATH=/home/luka/ws_moveit/install/moveit_setup_framework/lib:/home/luka/ws_moveit/install/moveit_ros_visualization/lib:/home/luka/ws_moveit/install/moveit_ros_planning_interface/lib:/home/luka/ws_moveit/install/moveit_ros_move_group/lib:/home/luka/ws_moveit/install/moveit_ros_warehouse/lib:/home/luka/ws_moveit/install/moveit_ros_robot_interaction/lib:/home/luka/ws_moveit/install/moveit_kinematics/lib:/home/luka/ws_moveit/install/moveit_ros_planning/lib:/home/luka/ws_moveit/install/moveit_simple_controller_manager/lib:/home/luka/ws_moveit/install/moveit_ros_occupancy_map_monitor/lib:/home/luka/ws_moveit/install/moveit_core/lib:/home/luka/ws_moveit/install/moveit_msgs/lib:${LD_LIBRARY_PATH} PATH=/home/luka/ws_moveit/install/moveit_core/bin:${PATH} PYTHONPATH=/home/luka/ws_moveit/install/moveit_msgs/lib/python3.12/site-packages:/home/luka/ws_moveit/install/moveit_configs_utils/lib/python3.12/site-packages:${PYTHONPATH} /usr/bin/cmake --build /home/luka/ws_moveit/build/moveit_setup_core_plugins -- -j4 -l4
[504.260s] Invoking command in '/home/luka/ws_moveit/build/moveit_setup_core_plugins': AMENT_PREFIX_PATH=/home/luka/ws_moveit/install/moveit_setup_framework:/home/luka/ws_moveit/install/moveit_ros_visualization:/home/luka/ws_moveit/install/moveit_ros_planning_interface:/home/luka/ws_moveit/install/moveit_ros_move_group:/home/luka/ws_moveit/install/moveit_ros_warehouse:/home/luka/ws_moveit/install/moveit_ros_robot_interaction:/home/luka/ws_moveit/install/moveit_kinematics:/home/luka/ws_moveit/install/moveit_ros_planning:/home/luka/ws_moveit/install/moveit_simple_controller_manager:/home/luka/ws_moveit/install/moveit_ros_occupancy_map_monitor:/home/luka/ws_moveit/install/moveit_core:/home/luka/ws_moveit/install/moveit_resources_panda_moveit_config:/home/luka/ws_moveit/install/moveit_resources_fanuc_moveit_config:/home/luka/ws_moveit/install/moveit_resources_pr2_description:/home/luka/ws_moveit/install/moveit_resources_panda_description:/home/luka/ws_moveit/install/moveit_resources_fanuc_description:/home/luka/ws_moveit/install/moveit_msgs:/home/luka/ws_moveit/install/moveit_configs_utils:/home/luka/ws_moveit/install/moveit_common:${AMENT_PREFIX_PATH} CMAKE_PREFIX_PATH=/home/luka/ws_moveit/install/moveit_setup_framework:/home/luka/ws_moveit/install/moveit_ros_visualization:/home/luka/ws_moveit/install/moveit_ros_planning_interface:/home/luka/ws_moveit/install/moveit_ros_move_group:/home/luka/ws_moveit/install/moveit_ros_warehouse:/home/luka/ws_moveit/install/moveit_ros_robot_interaction:/home/luka/ws_moveit/install/moveit_kinematics:/home/luka/ws_moveit/install/moveit_ros_planning:/home/luka/ws_moveit/install/moveit_simple_controller_manager:/home/luka/ws_moveit/install/moveit_ros_occupancy_map_monitor:/home/luka/ws_moveit/install/moveit_core:/home/luka/ws_moveit/install/moveit_resources_panda_moveit_config:/home/luka/ws_moveit/install/moveit_resources_fanuc_moveit_config:/home/luka/ws_moveit/install/moveit_resources_pr2_description:/home/luka/ws_moveit/install/moveit_resources_panda_description:/home/luka/ws_moveit/install/moveit_resources_fanuc_description:/home/luka/ws_moveit/install/moveit_msgs:/home/luka/ws_moveit/install/moveit_common:/opt/ros/jazzy/opt/gz_sim_vendor:/opt/ros/jazzy/opt/gz_sensors_vendor:/opt/ros/jazzy/opt/gz_physics_vendor:/opt/ros/jazzy/opt/sdformat_vendor:/opt/ros/jazzy/opt/gz_gui_vendor:/opt/ros/jazzy/opt/gz_transport_vendor:/opt/ros/jazzy/opt/gz_rendering_vendor:/opt/ros/jazzy/opt/gz_plugin_vendor:/opt/ros/jazzy/opt/gz_fuel_tools_vendor:/opt/ros/jazzy/opt/gz_msgs_vendor:/opt/ros/jazzy/opt/gz_common_vendor:/opt/ros/jazzy/opt/gz_math_vendor:/opt/ros/jazzy/opt/gz_utils_vendor:/opt/ros/jazzy/opt/gz_tools_vendor:/opt/ros/jazzy/opt/gz_ogre_next_vendor:/opt/ros/jazzy/opt/gz_dartsim_vendor:/opt/ros/jazzy/opt/gz_cmake_vendor:/opt/ros/jazzy DEBUGINFOD_URLS=https://debuginfod.ubuntu.com LD_LIBRARY_PATH=/home/luka/ws_moveit/install/moveit_setup_framework/lib:/home/luka/ws_moveit/install/moveit_ros_visualization/lib:/home/luka/ws_moveit/install/moveit_ros_planning_interface/lib:/home/luka/ws_moveit/install/moveit_ros_move_group/lib:/home/luka/ws_moveit/install/moveit_ros_warehouse/lib:/home/luka/ws_moveit/install/moveit_ros_robot_interaction/lib:/home/luka/ws_moveit/install/moveit_kinematics/lib:/home/luka/ws_moveit/install/moveit_ros_planning/lib:/home/luka/ws_moveit/install/moveit_simple_controller_manager/lib:/home/luka/ws_moveit/install/moveit_ros_occupancy_map_monitor/lib:/home/luka/ws_moveit/install/moveit_core/lib:/home/luka/ws_moveit/install/moveit_msgs/lib:${LD_LIBRARY_PATH} PATH=/home/luka/ws_moveit/install/moveit_core/bin:${PATH} PYTHONPATH=/home/luka/ws_moveit/install/moveit_msgs/lib/python3.12/site-packages:/home/luka/ws_moveit/install/moveit_configs_utils/lib/python3.12/site-packages:${PYTHONPATH} /usr/bin/cmake --install /home/luka/ws_moveit/build/moveit_setup_core_plugins
[504.321s] -- Install configuration: "Release"
[504.322s] -- Installing: /home/luka/ws_moveit/install/moveit_setup_core_plugins/lib/libmoveit_setup_core_plugins.so
[504.326s] -- Set non-toolchain portion of runtime path of "/home/luka/ws_moveit/install/moveit_setup_core_plugins/lib/libmoveit_setup_core_plugins.so" to ""
[504.327s] -- Installing: /home/luka/ws_moveit/install/moveit_setup_core_plugins/share/moveit_setup_core_plugins/moveit_setup_framework_plugins.xml
[504.327s] -- Installing: /home/luka/ws_moveit/install/moveit_setup_core_plugins/include/moveit_setup_core_plugins
[504.328s] -- Installing: /home/luka/ws_moveit/install/moveit_setup_core_plugins/include/moveit_setup_core_plugins/moveit_setup_core_plugins
[504.329s] -- Installing: /home/luka/ws_moveit/install/moveit_setup_core_plugins/include/moveit_setup_core_plugins/moveit_setup_core_plugins/start_screen.hpp
[504.330s] -- Installing: /home/luka/ws_moveit/install/moveit_setup_core_plugins/include/moveit_setup_core_plugins/moveit_setup_core_plugins/start_screen.h
[504.331s] -- Installing: /home/luka/ws_moveit/install/moveit_setup_core_plugins/include/moveit_setup_core_plugins/moveit_setup_core_plugins/start_screen_widget.hpp
[504.331s] -- Installing: /home/luka/ws_moveit/install/moveit_setup_core_plugins/include/moveit_setup_core_plugins/moveit_setup_core_plugins/author_information.hpp
[504.332s] -- Installing: /home/luka/ws_moveit/install/moveit_setup_core_plugins/include/moveit_setup_core_plugins/moveit_setup_core_plugins/author_information.h
[504.333s] -- Installing: /home/luka/ws_moveit/install/moveit_setup_core_plugins/include/moveit_setup_core_plugins/moveit_setup_core_plugins/configuration_files.h
[504.334s] -- Installing: /home/luka/ws_moveit/install/moveit_setup_core_plugins/include/moveit_setup_core_plugins/moveit_setup_core_plugins/author_information_widget.h
[504.334s] -- Installing: /home/luka/ws_moveit/install/moveit_setup_core_plugins/include/moveit_setup_core_plugins/moveit_setup_core_plugins/configuration_files_widget.h
[504.335s] -- Installing: /home/luka/ws_moveit/install/moveit_setup_core_plugins/include/moveit_setup_core_plugins/moveit_setup_core_plugins/author_information_widget.hpp
[504.336s] -- Installing: /home/luka/ws_moveit/install/moveit_setup_core_plugins/include/moveit_setup_core_plugins/moveit_setup_core_plugins/start_screen_widget.h
[504.337s] -- Installing: /home/luka/ws_moveit/install/moveit_setup_core_plugins/include/moveit_setup_core_plugins/moveit_setup_core_plugins/configuration_files_widget.hpp
[504.338s] -- Installing: /home/luka/ws_moveit/install/moveit_setup_core_plugins/include/moveit_setup_core_plugins/moveit_setup_core_plugins/configuration_files.hpp
[504.339s] -- Installing: /home/luka/ws_moveit/install/moveit_setup_core_plugins/share/moveit_setup_core_plugins/environment/library_path.sh
[504.340s] -- Installing: /home/luka/ws_moveit/install/moveit_setup_core_plugins/share/moveit_setup_core_plugins/environment/library_path.dsv
[504.340s] -- Up-to-date: /home/luka/ws_moveit/install/moveit_setup_core_plugins/share/moveit_setup_core_plugins/moveit_setup_framework_plugins.xml
[504.341s] -- Installing: /home/luka/ws_moveit/install/moveit_setup_core_plugins/share/ament_index/resource_index/package_run_dependencies/moveit_setup_core_plugins
[504.342s] -- Installing: /home/luka/ws_moveit/install/moveit_setup_core_plugins/share/ament_index/resource_index/parent_prefix_path/moveit_setup_core_plugins
[504.343s] -- Installing: /home/luka/ws_moveit/install/moveit_setup_core_plugins/share/moveit_setup_core_plugins/environment/ament_prefix_path.sh
[504.344s] -- Installing: /home/luka/ws_moveit/install/moveit_setup_core_plugins/share/moveit_setup_core_plugins/environment/ament_prefix_path.dsv
[504.344s] -- Installing: /home/luka/ws_moveit/install/moveit_setup_core_plugins/share/moveit_setup_core_plugins/environment/path.sh
[504.345s] -- Installing: /home/luka/ws_moveit/install/moveit_setup_core_plugins/share/moveit_setup_core_plugins/environment/path.dsv
[504.346s] -- Installing: /home/luka/ws_moveit/install/moveit_setup_core_plugins/share/moveit_setup_core_plugins/local_setup.bash
[504.346s] -- Installing: /home/luka/ws_moveit/install/moveit_setup_core_plugins/share/moveit_setup_core_plugins/local_setup.sh
[504.347s] -- Installing: /home/luka/ws_moveit/install/moveit_setup_core_plugins/share/moveit_setup_core_plugins/local_setup.zsh
[504.348s] -- Installing: /home/luka/ws_moveit/install/moveit_setup_core_plugins/share/moveit_setup_core_plugins/local_setup.dsv
[504.348s] -- Installing: /home/luka/ws_moveit/install/moveit_setup_core_plugins/share/moveit_setup_core_plugins/package.dsv
[504.349s] -- Installing: /home/luka/ws_moveit/install/moveit_setup_core_plugins/share/ament_index/resource_index/packages/moveit_setup_core_plugins
[504.350s] -- Installing: /home/luka/ws_moveit/install/moveit_setup_core_plugins/share/ament_index/resource_index/moveit_setup_framework__pluginlib__plugin/moveit_setup_core_plugins
[504.351s] -- Installing: /home/luka/ws_moveit/install/moveit_setup_core_plugins/share/moveit_setup_core_plugins/cmake/moveit_setup_core_pluginsTargetsExport.cmake
[504.352s] -- Installing: /home/luka/ws_moveit/install/moveit_setup_core_plugins/share/moveit_setup_core_plugins/cmake/moveit_setup_core_pluginsTargetsExport-release.cmake
[504.353s] -- Installing: /home/luka/ws_moveit/install/moveit_setup_core_plugins/share/moveit_setup_core_plugins/cmake/ament_cmake_export_targets-extras.cmake
[504.354s] -- Installing: /home/luka/ws_moveit/install/moveit_setup_core_plugins/share/moveit_setup_core_plugins/cmake/moveit_setup_core_pluginsConfig.cmake
[504.355s] -- Installing: /home/luka/ws_moveit/install/moveit_setup_core_plugins/share/moveit_setup_core_plugins/cmake/moveit_setup_core_pluginsConfig-version.cmake
[504.356s] -- Installing: /home/luka/ws_moveit/install/moveit_setup_core_plugins/share/moveit_setup_core_plugins/package.xml
[504.371s] Invoked command in '/home/luka/ws_moveit/build/moveit_setup_core_plugins' returned '0': AMENT_PREFIX_PATH=/home/luka/ws_moveit/install/moveit_setup_framework:/home/luka/ws_moveit/install/moveit_ros_visualization:/home/luka/ws_moveit/install/moveit_ros_planning_interface:/home/luka/ws_moveit/install/moveit_ros_move_group:/home/luka/ws_moveit/install/moveit_ros_warehouse:/home/luka/ws_moveit/install/moveit_ros_robot_interaction:/home/luka/ws_moveit/install/moveit_kinematics:/home/luka/ws_moveit/install/moveit_ros_planning:/home/luka/ws_moveit/install/moveit_simple_controller_manager:/home/luka/ws_moveit/install/moveit_ros_occupancy_map_monitor:/home/luka/ws_moveit/install/moveit_core:/home/luka/ws_moveit/install/moveit_resources_panda_moveit_config:/home/luka/ws_moveit/install/moveit_resources_fanuc_moveit_config:/home/luka/ws_moveit/install/moveit_resources_pr2_description:/home/luka/ws_moveit/install/moveit_resources_panda_description:/home/luka/ws_moveit/install/moveit_resources_fanuc_description:/home/luka/ws_moveit/install/moveit_msgs:/home/luka/ws_moveit/install/moveit_configs_utils:/home/luka/ws_moveit/install/moveit_common:${AMENT_PREFIX_PATH} CMAKE_PREFIX_PATH=/home/luka/ws_moveit/install/moveit_setup_framework:/home/luka/ws_moveit/install/moveit_ros_visualization:/home/luka/ws_moveit/install/moveit_ros_planning_interface:/home/luka/ws_moveit/install/moveit_ros_move_group:/home/luka/ws_moveit/install/moveit_ros_warehouse:/home/luka/ws_moveit/install/moveit_ros_robot_interaction:/home/luka/ws_moveit/install/moveit_kinematics:/home/luka/ws_moveit/install/moveit_ros_planning:/home/luka/ws_moveit/install/moveit_simple_controller_manager:/home/luka/ws_moveit/install/moveit_ros_occupancy_map_monitor:/home/luka/ws_moveit/install/moveit_core:/home/luka/ws_moveit/install/moveit_resources_panda_moveit_config:/home/luka/ws_moveit/install/moveit_resources_fanuc_moveit_config:/home/luka/ws_moveit/install/moveit_resources_pr2_description:/home/luka/ws_moveit/install/moveit_resources_panda_description:/home/luka/ws_moveit/install/moveit_resources_fanuc_description:/home/luka/ws_moveit/install/moveit_msgs:/home/luka/ws_moveit/install/moveit_common:/opt/ros/jazzy/opt/gz_sim_vendor:/opt/ros/jazzy/opt/gz_sensors_vendor:/opt/ros/jazzy/opt/gz_physics_vendor:/opt/ros/jazzy/opt/sdformat_vendor:/opt/ros/jazzy/opt/gz_gui_vendor:/opt/ros/jazzy/opt/gz_transport_vendor:/opt/ros/jazzy/opt/gz_rendering_vendor:/opt/ros/jazzy/opt/gz_plugin_vendor:/opt/ros/jazzy/opt/gz_fuel_tools_vendor:/opt/ros/jazzy/opt/gz_msgs_vendor:/opt/ros/jazzy/opt/gz_common_vendor:/opt/ros/jazzy/opt/gz_math_vendor:/opt/ros/jazzy/opt/gz_utils_vendor:/opt/ros/jazzy/opt/gz_tools_vendor:/opt/ros/jazzy/opt/gz_ogre_next_vendor:/opt/ros/jazzy/opt/gz_dartsim_vendor:/opt/ros/jazzy/opt/gz_cmake_vendor:/opt/ros/jazzy DEBUGINFOD_URLS=https://debuginfod.ubuntu.com LD_LIBRARY_PATH=/home/luka/ws_moveit/install/moveit_setup_framework/lib:/home/luka/ws_moveit/install/moveit_ros_visualization/lib:/home/luka/ws_moveit/install/moveit_ros_planning_interface/lib:/home/luka/ws_moveit/install/moveit_ros_move_group/lib:/home/luka/ws_moveit/install/moveit_ros_warehouse/lib:/home/luka/ws_moveit/install/moveit_ros_robot_interaction/lib:/home/luka/ws_moveit/install/moveit_kinematics/lib:/home/luka/ws_moveit/install/moveit_ros_planning/lib:/home/luka/ws_moveit/install/moveit_simple_controller_manager/lib:/home/luka/ws_moveit/install/moveit_ros_occupancy_map_monitor/lib:/home/luka/ws_moveit/install/moveit_core/lib:/home/luka/ws_moveit/install/moveit_msgs/lib:${LD_LIBRARY_PATH} PATH=/home/luka/ws_moveit/install/moveit_core/bin:${PATH} PYTHONPATH=/home/luka/ws_moveit/install/moveit_msgs/lib/python3.12/site-packages:/home/luka/ws_moveit/install/moveit_configs_utils/lib/python3.12/site-packages:${PYTHONPATH} /usr/bin/cmake --install /home/luka/ws_moveit/build/moveit_setup_core_plugins
