[0.027s] Invoking command in '/home/luka/ws_moveit/build/moveit_common': CMAKE_PREFIX_PATH=${CMAKE_PREFIX_PATH}:/opt/ros/jazzy DEBUGINFOD_URLS=https://debuginfod.ubuntu.com /usr/bin/cmake /home/luka/ws_moveit/src/moveit2/moveit_common -DCMAKE_BUILD_TYPE=Release -DCMAKE_INSTALL_PREFIX=/home/luka/ws_moveit/install/moveit_common
[0.073s] -- Found ament_cmake: 2.5.4 (/opt/ros/jazzy/share/ament_cmake/cmake)
[0.481s] -- Configuring done (0.4s)
[0.490s] -- Generating done (0.0s)
[0.493s] -- Build files have been written to: /home/luka/ws_moveit/build/moveit_common
[0.780s] Invoked command in '/home/luka/ws_moveit/build/moveit_common' returned '0': CMAKE_PREFIX_PATH=${CMAKE_PREFIX_PATH}:/opt/ros/jazzy DEBUGINFOD_URLS=https://debuginfod.ubuntu.com /usr/bin/cmake /home/luka/ws_moveit/src/moveit2/moveit_common -DCMAKE_BUILD_TYPE=Release -DCMAKE_INSTALL_PREFIX=/home/luka/ws_moveit/install/moveit_common
[0.784s] Invoking command in '/home/luka/ws_moveit/build/moveit_common': CMAKE_PREFIX_PATH=${CMAKE_PREFIX_PATH}:/opt/ros/jazzy DEBUGINFOD_URLS=https://debuginfod.ubuntu.com /usr/bin/cmake --build /home/luka/ws_moveit/build/moveit_common -- -j4 -l4
[0.852s] Invoked command in '/home/luka/ws_moveit/build/moveit_common' returned '0': CMAKE_PREFIX_PATH=${CMAKE_PREFIX_PATH}:/opt/ros/jazzy DEBUGINFOD_URLS=https://debuginfod.ubuntu.com /usr/bin/cmake --build /home/luka/ws_moveit/build/moveit_common -- -j4 -l4
[0.854s] Invoking command in '/home/luka/ws_moveit/build/moveit_common': CMAKE_PREFIX_PATH=${CMAKE_PREFIX_PATH}:/opt/ros/jazzy DEBUGINFOD_URLS=https://debuginfod.ubuntu.com /usr/bin/cmake --install /home/luka/ws_moveit/build/moveit_common
[0.868s] -- Install configuration: "Release"
[0.868s] -- Up-to-date: /home/luka/ws_moveit/install/moveit_common/share/ament_index/resource_index/package_run_dependencies/moveit_common
[0.869s] -- Up-to-date: /home/luka/ws_moveit/install/moveit_common/share/ament_index/resource_index/parent_prefix_path/moveit_common
[0.869s] -- Up-to-date: /home/luka/ws_moveit/install/moveit_common/share/moveit_common/environment/ament_prefix_path.sh
[0.870s] -- Up-to-date: /home/luka/ws_moveit/install/moveit_common/share/moveit_common/environment/ament_prefix_path.dsv
[0.870s] -- Up-to-date: /home/luka/ws_moveit/install/moveit_common/share/moveit_common/environment/path.sh
[0.871s] -- Up-to-date: /home/luka/ws_moveit/install/moveit_common/share/moveit_common/environment/path.dsv
[0.871s] -- Up-to-date: /home/luka/ws_moveit/install/moveit_common/share/moveit_common/local_setup.bash
[0.871s] -- Up-to-date: /home/luka/ws_moveit/install/moveit_common/share/moveit_common/local_setup.sh
[0.872s] -- Up-to-date: /home/luka/ws_moveit/install/moveit_common/share/moveit_common/local_setup.zsh
[0.872s] -- Up-to-date: /home/luka/ws_moveit/install/moveit_common/share/moveit_common/local_setup.dsv
[0.873s] -- Installing: /home/luka/ws_moveit/install/moveit_common/share/moveit_common/package.dsv
[0.873s] -- Up-to-date: /home/luka/ws_moveit/install/moveit_common/share/ament_index/resource_index/packages/moveit_common
[0.873s] -- Up-to-date: /home/luka/ws_moveit/install/moveit_common/share/moveit_common/cmake/moveit_common-extras.cmake
[0.873s] -- Up-to-date: /home/luka/ws_moveit/install/moveit_common/share/moveit_common/cmake/moveit_commonConfig.cmake
[0.873s] -- Up-to-date: /home/luka/ws_moveit/install/moveit_common/share/moveit_common/cmake/moveit_commonConfig-version.cmake
[0.873s] -- Up-to-date: /home/luka/ws_moveit/install/moveit_common/share/moveit_common/package.xml
[0.873s] -- Up-to-date: /home/luka/ws_moveit/install/moveit_common/share/moveit_common/cmake
[0.875s] -- Up-to-date: /home/luka/ws_moveit/install/moveit_common/share/moveit_common/cmake/moveit_package.cmake
[0.879s] Invoked command in '/home/luka/ws_moveit/build/moveit_common' returned '0': CMAKE_PREFIX_PATH=${CMAKE_PREFIX_PATH}:/opt/ros/jazzy DEBUGINFOD_URLS=https://debuginfod.ubuntu.com /usr/bin/cmake --install /home/luka/ws_moveit/build/moveit_common
