[0.021s] Invoking command in '/home/luka/ws_moveit/build/chomp_motion_planner': AMENT_PREFIX_PATH=/home/luka/ws_moveit/install/moveit_core:/home/luka/ws_moveit/install/moveit_resources_panda_moveit_config:/home/luka/ws_moveit/install/moveit_resources_pr2_description:/home/luka/ws_moveit/install/moveit_resources_panda_description:/home/luka/ws_moveit/install/moveit_msgs:/home/luka/ws_moveit/install/moveit_common:${AMENT_PREFIX_PATH} CMAKE_PREFIX_PATH=/home/luka/ws_moveit/install/moveit_core:/home/luka/ws_moveit/install/moveit_resources_panda_moveit_config:/home/luka/ws_moveit/install/moveit_resources_pr2_description:/home/luka/ws_moveit/install/moveit_resources_panda_description:/home/luka/ws_moveit/install/moveit_msgs:/home/luka/ws_moveit/install/moveit_common:/opt/ros/jazzy/opt/gz_sim_vendor:/opt/ros/jazzy/opt/gz_sensors_vendor:/opt/ros/jazzy/opt/gz_physics_vendor:/opt/ros/jazzy/opt/sdformat_vendor:/opt/ros/jazzy/opt/gz_gui_vendor:/opt/ros/jazzy/opt/gz_transport_vendor:/opt/ros/jazzy/opt/gz_rendering_vendor:/opt/ros/jazzy/opt/gz_plugin_vendor:/opt/ros/jazzy/opt/gz_fuel_tools_vendor:/opt/ros/jazzy/opt/gz_msgs_vendor:/opt/ros/jazzy/opt/gz_common_vendor:/opt/ros/jazzy/opt/gz_math_vendor:/opt/ros/jazzy/opt/gz_utils_vendor:/opt/ros/jazzy/opt/gz_tools_vendor:/opt/ros/jazzy/opt/gz_ogre_next_vendor:/opt/ros/jazzy/opt/gz_dartsim_vendor:/opt/ros/jazzy/opt/gz_cmake_vendor:/opt/ros/jazzy DEBUGINFOD_URLS=https://debuginfod.ubuntu.com LD_LIBRARY_PATH=/home/luka/ws_moveit/install/moveit_core/lib:/home/luka/ws_moveit/install/moveit_msgs/lib:${LD_LIBRARY_PATH} PATH=/home/luka/ws_moveit/install/moveit_core/bin:${PATH} PYTHONPATH=/home/luka/ws_moveit/install/moveit_msgs/lib/python3.12/site-packages:${PYTHONPATH} /usr/bin/cmake --build /home/luka/ws_moveit/build/chomp_motion_planner -- -j4 -l4
[0.123s] [ 16%] [32m[1mLinking CXX shared library libchomp_motion_planner.so[0m
[0.389s] [100%] Built target chomp_motion_planner
[0.403s] Invoked command in '/home/luka/ws_moveit/build/chomp_motion_planner' returned '0': AMENT_PREFIX_PATH=/home/luka/ws_moveit/install/moveit_core:/home/luka/ws_moveit/install/moveit_resources_panda_moveit_config:/home/luka/ws_moveit/install/moveit_resources_pr2_description:/home/luka/ws_moveit/install/moveit_resources_panda_description:/home/luka/ws_moveit/install/moveit_msgs:/home/luka/ws_moveit/install/moveit_common:${AMENT_PREFIX_PATH} CMAKE_PREFIX_PATH=/home/luka/ws_moveit/install/moveit_core:/home/luka/ws_moveit/install/moveit_resources_panda_moveit_config:/home/luka/ws_moveit/install/moveit_resources_pr2_description:/home/luka/ws_moveit/install/moveit_resources_panda_description:/home/luka/ws_moveit/install/moveit_msgs:/home/luka/ws_moveit/install/moveit_common:/opt/ros/jazzy/opt/gz_sim_vendor:/opt/ros/jazzy/opt/gz_sensors_vendor:/opt/ros/jazzy/opt/gz_physics_vendor:/opt/ros/jazzy/opt/sdformat_vendor:/opt/ros/jazzy/opt/gz_gui_vendor:/opt/ros/jazzy/opt/gz_transport_vendor:/opt/ros/jazzy/opt/gz_rendering_vendor:/opt/ros/jazzy/opt/gz_plugin_vendor:/opt/ros/jazzy/opt/gz_fuel_tools_vendor:/opt/ros/jazzy/opt/gz_msgs_vendor:/opt/ros/jazzy/opt/gz_common_vendor:/opt/ros/jazzy/opt/gz_math_vendor:/opt/ros/jazzy/opt/gz_utils_vendor:/opt/ros/jazzy/opt/gz_tools_vendor:/opt/ros/jazzy/opt/gz_ogre_next_vendor:/opt/ros/jazzy/opt/gz_dartsim_vendor:/opt/ros/jazzy/opt/gz_cmake_vendor:/opt/ros/jazzy DEBUGINFOD_URLS=https://debuginfod.ubuntu.com LD_LIBRARY_PATH=/home/luka/ws_moveit/install/moveit_core/lib:/home/luka/ws_moveit/install/moveit_msgs/lib:${LD_LIBRARY_PATH} PATH=/home/luka/ws_moveit/install/moveit_core/bin:${PATH} PYTHONPATH=/home/luka/ws_moveit/install/moveit_msgs/lib/python3.12/site-packages:${PYTHONPATH} /usr/bin/cmake --build /home/luka/ws_moveit/build/chomp_motion_planner -- -j4 -l4
[0.406s] Invoking command in '/home/luka/ws_moveit/build/chomp_motion_planner': AMENT_PREFIX_PATH=/home/luka/ws_moveit/install/moveit_core:/home/luka/ws_moveit/install/moveit_resources_panda_moveit_config:/home/luka/ws_moveit/install/moveit_resources_pr2_description:/home/luka/ws_moveit/install/moveit_resources_panda_description:/home/luka/ws_moveit/install/moveit_msgs:/home/luka/ws_moveit/install/moveit_common:${AMENT_PREFIX_PATH} CMAKE_PREFIX_PATH=/home/luka/ws_moveit/install/moveit_core:/home/luka/ws_moveit/install/moveit_resources_panda_moveit_config:/home/luka/ws_moveit/install/moveit_resources_pr2_description:/home/luka/ws_moveit/install/moveit_resources_panda_description:/home/luka/ws_moveit/install/moveit_msgs:/home/luka/ws_moveit/install/moveit_common:/opt/ros/jazzy/opt/gz_sim_vendor:/opt/ros/jazzy/opt/gz_sensors_vendor:/opt/ros/jazzy/opt/gz_physics_vendor:/opt/ros/jazzy/opt/sdformat_vendor:/opt/ros/jazzy/opt/gz_gui_vendor:/opt/ros/jazzy/opt/gz_transport_vendor:/opt/ros/jazzy/opt/gz_rendering_vendor:/opt/ros/jazzy/opt/gz_plugin_vendor:/opt/ros/jazzy/opt/gz_fuel_tools_vendor:/opt/ros/jazzy/opt/gz_msgs_vendor:/opt/ros/jazzy/opt/gz_common_vendor:/opt/ros/jazzy/opt/gz_math_vendor:/opt/ros/jazzy/opt/gz_utils_vendor:/opt/ros/jazzy/opt/gz_tools_vendor:/opt/ros/jazzy/opt/gz_ogre_next_vendor:/opt/ros/jazzy/opt/gz_dartsim_vendor:/opt/ros/jazzy/opt/gz_cmake_vendor:/opt/ros/jazzy DEBUGINFOD_URLS=https://debuginfod.ubuntu.com LD_LIBRARY_PATH=/home/luka/ws_moveit/install/moveit_core/lib:/home/luka/ws_moveit/install/moveit_msgs/lib:${LD_LIBRARY_PATH} PATH=/home/luka/ws_moveit/install/moveit_core/bin:${PATH} PYTHONPATH=/home/luka/ws_moveit/install/moveit_msgs/lib/python3.12/site-packages:${PYTHONPATH} /usr/bin/cmake --install /home/luka/ws_moveit/build/chomp_motion_planner
[0.417s] -- Install configuration: "Release"
[0.418s] -- Installing: /home/luka/ws_moveit/install/chomp_motion_planner/lib/libchomp_motion_planner.so.2.14.1
[0.419s] -- Set non-toolchain portion of runtime path of "/home/luka/ws_moveit/install/chomp_motion_planner/lib/libchomp_motion_planner.so.2.14.1" to ""
[0.419s] -- Up-to-date: /home/luka/ws_moveit/install/chomp_motion_planner/lib/libchomp_motion_planner.so
[0.419s] -- Up-to-date: /home/luka/ws_moveit/install/chomp_motion_planner/include/chomp_motion_planner
[0.420s] -- Up-to-date: /home/luka/ws_moveit/install/chomp_motion_planner/include/chomp_motion_planner/chomp_motion_planner
[0.420s] -- Up-to-date: /home/luka/ws_moveit/install/chomp_motion_planner/include/chomp_motion_planner/chomp_motion_planner/chomp_trajectory.hpp
[0.420s] -- Up-to-date: /home/luka/ws_moveit/install/chomp_motion_planner/include/chomp_motion_planner/chomp_motion_planner/chomp_cost.h
[0.421s] -- Up-to-date: /home/luka/ws_moveit/install/chomp_motion_planner/include/chomp_motion_planner/chomp_motion_planner/multivariate_gaussian.hpp
[0.421s] -- Up-to-date: /home/luka/ws_moveit/install/chomp_motion_planner/include/chomp_motion_planner/chomp_motion_planner/chomp_optimizer.hpp
[0.421s] -- Up-to-date: /home/luka/ws_moveit/install/chomp_motion_planner/include/chomp_motion_planner/chomp_motion_planner/chomp_utils.hpp
[0.421s] -- Up-to-date: /home/luka/ws_moveit/install/chomp_motion_planner/include/chomp_motion_planner/chomp_motion_planner/chomp_utils.h
[0.421s] -- Up-to-date: /home/luka/ws_moveit/install/chomp_motion_planner/include/chomp_motion_planner/chomp_motion_planner/chomp_planner.hpp
[0.422s] -- Up-to-date: /home/luka/ws_moveit/install/chomp_motion_planner/include/chomp_motion_planner/chomp_motion_planner/chomp_cost.hpp
[0.422s] -- Up-to-date: /home/luka/ws_moveit/install/chomp_motion_planner/include/chomp_motion_planner/chomp_motion_planner/multivariate_gaussian.h
[0.422s] -- Up-to-date: /home/luka/ws_moveit/install/chomp_motion_planner/include/chomp_motion_planner/chomp_motion_planner/chomp_trajectory.h
[0.422s] -- Up-to-date: /home/luka/ws_moveit/install/chomp_motion_planner/include/chomp_motion_planner/chomp_motion_planner/chomp_parameters.h
[0.422s] -- Up-to-date: /home/luka/ws_moveit/install/chomp_motion_planner/include/chomp_motion_planner/chomp_motion_planner/chomp_parameters.hpp
[0.422s] -- Up-to-date: /home/luka/ws_moveit/install/chomp_motion_planner/include/chomp_motion_planner/chomp_motion_planner/chomp_optimizer.h
[0.423s] -- Up-to-date: /home/luka/ws_moveit/install/chomp_motion_planner/include/chomp_motion_planner/chomp_motion_planner/chomp_planner.h
[0.423s] -- Up-to-date: /home/luka/ws_moveit/install/chomp_motion_planner/share/chomp_motion_planner/environment/library_path.sh
[0.423s] -- Up-to-date: /home/luka/ws_moveit/install/chomp_motion_planner/share/chomp_motion_planner/environment/library_path.dsv
[0.423s] -- Up-to-date: /home/luka/ws_moveit/install/chomp_motion_planner/share/ament_index/resource_index/package_run_dependencies/chomp_motion_planner
[0.424s] -- Up-to-date: /home/luka/ws_moveit/install/chomp_motion_planner/share/ament_index/resource_index/parent_prefix_path/chomp_motion_planner
[0.424s] -- Up-to-date: /home/luka/ws_moveit/install/chomp_motion_planner/share/chomp_motion_planner/environment/ament_prefix_path.sh
[0.424s] -- Up-to-date: /home/luka/ws_moveit/install/chomp_motion_planner/share/chomp_motion_planner/environment/ament_prefix_path.dsv
[0.424s] -- Up-to-date: /home/luka/ws_moveit/install/chomp_motion_planner/share/chomp_motion_planner/environment/path.sh
[0.425s] -- Up-to-date: /home/luka/ws_moveit/install/chomp_motion_planner/share/chomp_motion_planner/environment/path.dsv
[0.425s] -- Up-to-date: /home/luka/ws_moveit/install/chomp_motion_planner/share/chomp_motion_planner/local_setup.bash
[0.425s] -- Up-to-date: /home/luka/ws_moveit/install/chomp_motion_planner/share/chomp_motion_planner/local_setup.sh
[0.425s] -- Up-to-date: /home/luka/ws_moveit/install/chomp_motion_planner/share/chomp_motion_planner/local_setup.zsh
[0.425s] -- Up-to-date: /home/luka/ws_moveit/install/chomp_motion_planner/share/chomp_motion_planner/local_setup.dsv
[0.425s] -- Installing: /home/luka/ws_moveit/install/chomp_motion_planner/share/chomp_motion_planner/package.dsv
[0.426s] -- Up-to-date: /home/luka/ws_moveit/install/chomp_motion_planner/share/ament_index/resource_index/packages/chomp_motion_planner
[0.426s] -- Up-to-date: /home/luka/ws_moveit/install/chomp_motion_planner/share/chomp_motion_planner/cmake/chomp_motion_plannerTargetsExport.cmake
[0.426s] -- Up-to-date: /home/luka/ws_moveit/install/chomp_motion_planner/share/chomp_motion_planner/cmake/chomp_motion_plannerTargetsExport-release.cmake
[0.426s] -- Up-to-date: /home/luka/ws_moveit/install/chomp_motion_planner/share/chomp_motion_planner/cmake/ament_cmake_export_targets-extras.cmake
[0.426s] -- Up-to-date: /home/luka/ws_moveit/install/chomp_motion_planner/share/chomp_motion_planner/cmake/chomp_motion_plannerConfig.cmake
[0.426s] -- Up-to-date: /home/luka/ws_moveit/install/chomp_motion_planner/share/chomp_motion_planner/cmake/chomp_motion_plannerConfig-version.cmake
[0.426s] -- Up-to-date: /home/luka/ws_moveit/install/chomp_motion_planner/share/chomp_motion_planner/package.xml
[0.427s] Invoked command in '/home/luka/ws_moveit/build/chomp_motion_planner' returned '0': AMENT_PREFIX_PATH=/home/luka/ws_moveit/install/moveit_core:/home/luka/ws_moveit/install/moveit_resources_panda_moveit_config:/home/luka/ws_moveit/install/moveit_resources_pr2_description:/home/luka/ws_moveit/install/moveit_resources_panda_description:/home/luka/ws_moveit/install/moveit_msgs:/home/luka/ws_moveit/install/moveit_common:${AMENT_PREFIX_PATH} CMAKE_PREFIX_PATH=/home/luka/ws_moveit/install/moveit_core:/home/luka/ws_moveit/install/moveit_resources_panda_moveit_config:/home/luka/ws_moveit/install/moveit_resources_pr2_description:/home/luka/ws_moveit/install/moveit_resources_panda_description:/home/luka/ws_moveit/install/moveit_msgs:/home/luka/ws_moveit/install/moveit_common:/opt/ros/jazzy/opt/gz_sim_vendor:/opt/ros/jazzy/opt/gz_sensors_vendor:/opt/ros/jazzy/opt/gz_physics_vendor:/opt/ros/jazzy/opt/sdformat_vendor:/opt/ros/jazzy/opt/gz_gui_vendor:/opt/ros/jazzy/opt/gz_transport_vendor:/opt/ros/jazzy/opt/gz_rendering_vendor:/opt/ros/jazzy/opt/gz_plugin_vendor:/opt/ros/jazzy/opt/gz_fuel_tools_vendor:/opt/ros/jazzy/opt/gz_msgs_vendor:/opt/ros/jazzy/opt/gz_common_vendor:/opt/ros/jazzy/opt/gz_math_vendor:/opt/ros/jazzy/opt/gz_utils_vendor:/opt/ros/jazzy/opt/gz_tools_vendor:/opt/ros/jazzy/opt/gz_ogre_next_vendor:/opt/ros/jazzy/opt/gz_dartsim_vendor:/opt/ros/jazzy/opt/gz_cmake_vendor:/opt/ros/jazzy DEBUGINFOD_URLS=https://debuginfod.ubuntu.com LD_LIBRARY_PATH=/home/luka/ws_moveit/install/moveit_core/lib:/home/luka/ws_moveit/install/moveit_msgs/lib:${LD_LIBRARY_PATH} PATH=/home/luka/ws_moveit/install/moveit_core/bin:${PATH} PYTHONPATH=/home/luka/ws_moveit/install/moveit_msgs/lib/python3.12/site-packages:${PYTHONPATH} /usr/bin/cmake --install /home/luka/ws_moveit/build/chomp_motion_planner
