[0.106s] Invoking command in '/home/luka/ws_moveit/build/moveit_common': CMAKE_PREFIX_PATH=${CMAKE_PREFIX_PATH}:/opt/ros/jazzy DEBUGINFOD_URLS=https://debuginfod.ubuntu.com /usr/bin/cmake /home/luka/ws_moveit/src/moveit2/moveit_common -DCMAKE_BUILD_TYPE=Release -DCMAKE_INSTALL_PREFIX=/home/luka/ws_moveit/install/moveit_common
[0.302s] -- Found ament_cmake: 2.5.4 (/opt/ros/jazzy/share/ament_cmake/cmake)
[1.883s] -- Found Python3: /usr/bin/python3 (found version "3.12.3") found components: Interpreter 
[4.124s] -- Configuring done (4.0s)
[4.145s] -- Generating done (0.0s)
[4.157s] -- Build files have been written to: /home/luka/ws_moveit/build/moveit_common
[4.173s] Invoked command in '/home/luka/ws_moveit/build/moveit_common' returned '0': CMAKE_PREFIX_PATH=${CMAKE_PREFIX_PATH}:/opt/ros/jazzy DEBUGINFOD_URLS=https://debuginfod.ubuntu.com /usr/bin/cmake /home/luka/ws_moveit/src/moveit2/moveit_common -DCMAKE_BUILD_TYPE=Release -DCMAKE_INSTALL_PREFIX=/home/luka/ws_moveit/install/moveit_common
[4.181s] Invoking command in '/home/luka/ws_moveit/build/moveit_common': CMAKE_PREFIX_PATH=${CMAKE_PREFIX_PATH}:/opt/ros/jazzy DEBUGINFOD_URLS=https://debuginfod.ubuntu.com /usr/bin/cmake --build /home/luka/ws_moveit/build/moveit_common -- -j4 -l4
[4.450s] Invoked command in '/home/luka/ws_moveit/build/moveit_common' returned '0': CMAKE_PREFIX_PATH=${CMAKE_PREFIX_PATH}:/opt/ros/jazzy DEBUGINFOD_URLS=https://debuginfod.ubuntu.com /usr/bin/cmake --build /home/luka/ws_moveit/build/moveit_common -- -j4 -l4
[4.524s] Invoking command in '/home/luka/ws_moveit/build/moveit_common': CMAKE_PREFIX_PATH=${CMAKE_PREFIX_PATH}:/opt/ros/jazzy DEBUGINFOD_URLS=https://debuginfod.ubuntu.com /usr/bin/cmake --install /home/luka/ws_moveit/build/moveit_common
[4.597s] -- Install configuration: "Release"
[4.598s] -- Installing: /home/luka/ws_moveit/install/moveit_common/share/ament_index/resource_index/package_run_dependencies/moveit_common
[4.601s] -- Installing: /home/luka/ws_moveit/install/moveit_common/share/ament_index/resource_index/parent_prefix_path/moveit_common
[4.603s] -- Installing: /home/luka/ws_moveit/install/moveit_common/share/moveit_common/environment/ament_prefix_path.sh
[4.605s] -- Installing: /home/luka/ws_moveit/install/moveit_common/share/moveit_common/environment/ament_prefix_path.dsv
[4.608s] -- Installing: /home/luka/ws_moveit/install/moveit_common/share/moveit_common/environment/path.sh
[4.611s] -- Installing: /home/luka/ws_moveit/install/moveit_common/share/moveit_common/environment/path.dsv
[4.612s] -- Installing: /home/luka/ws_moveit/install/moveit_common/share/moveit_common/local_setup.bash
[4.614s] -- Installing: /home/luka/ws_moveit/install/moveit_common/share/moveit_common/local_setup.sh
[4.615s] -- Installing: /home/luka/ws_moveit/install/moveit_common/share/moveit_common/local_setup.zsh
[4.618s] -- Installing: /home/luka/ws_moveit/install/moveit_common/share/moveit_common/local_setup.dsv
[4.622s] -- Installing: /home/luka/ws_moveit/install/moveit_common/share/moveit_common/package.dsv
[4.624s] -- Installing: /home/luka/ws_moveit/install/moveit_common/share/ament_index/resource_index/packages/moveit_common
[4.629s] -- Installing: /home/luka/ws_moveit/install/moveit_common/share/moveit_common/cmake/moveit_common-extras.cmake
[4.632s] -- Installing: /home/luka/ws_moveit/install/moveit_common/share/moveit_common/cmake/moveit_commonConfig.cmake
[4.634s] -- Installing: /home/luka/ws_moveit/install/moveit_common/share/moveit_common/cmake/moveit_commonConfig-version.cmake
[4.638s] -- Installing: /home/luka/ws_moveit/install/moveit_common/share/moveit_common/package.xml
[4.639s] -- Up-to-date: /home/luka/ws_moveit/install/moveit_common/share/moveit_common/cmake
[4.645s] -- Installing: /home/luka/ws_moveit/install/moveit_common/share/moveit_common/cmake/moveit_package.cmake
[4.659s] Invoked command in '/home/luka/ws_moveit/build/moveit_common' returned '0': CMAKE_PREFIX_PATH=${CMAKE_PREFIX_PATH}:/opt/ros/jazzy DEBUGINFOD_URLS=https://debuginfod.ubuntu.com /usr/bin/cmake --install /home/luka/ws_moveit/build/moveit_common
