[0.257s] Invoking command in '/home/luka/ws_moveit/build/moveit_hybrid_planning': AMENT_PREFIX_PATH=/home/luka/ws_moveit/install/moveit_ros_planning_interface:/home/luka/ws_moveit/install/moveit_ros_move_group:/home/luka/ws_moveit/install/moveit_ros_warehouse:/home/luka/ws_moveit/install/moveit_planners_ompl:/home/luka/ws_moveit/install/moveit_kinematics:/home/luka/ws_moveit/install/moveit_ros_planning:/home/luka/ws_moveit/install/moveit_simple_controller_manager:/home/luka/ws_moveit/install/moveit_ros_occupancy_map_monitor:/home/luka/ws_moveit/install/moveit_core:/home/luka/ws_moveit/install/moveit_resources_panda_moveit_config:/home/luka/ws_moveit/install/moveit_resources_fanuc_moveit_config:/home/luka/ws_moveit/install/moveit_resources_pr2_description:/home/luka/ws_moveit/install/moveit_resources_panda_description:/home/luka/ws_moveit/install/moveit_resources_fanuc_description:/home/luka/ws_moveit/install/moveit_msgs:/home/luka/ws_moveit/install/moveit_configs_utils:/home/luka/ws_moveit/install/moveit_common:${AMENT_PREFIX_PATH} CMAKE_PREFIX_PATH=/home/luka/ws_moveit/install/moveit_ros_planning_interface:/home/luka/ws_moveit/install/moveit_ros_move_group:/home/luka/ws_moveit/install/moveit_ros_warehouse:/home/luka/ws_moveit/install/moveit_planners_ompl:/home/luka/ws_moveit/install/moveit_kinematics:/home/luka/ws_moveit/install/moveit_ros_planning:/home/luka/ws_moveit/install/moveit_simple_controller_manager:/home/luka/ws_moveit/install/moveit_ros_occupancy_map_monitor:/home/luka/ws_moveit/install/moveit_core:/home/luka/ws_moveit/install/moveit_resources_panda_moveit_config:/home/luka/ws_moveit/install/moveit_resources_fanuc_moveit_config:/home/luka/ws_moveit/install/moveit_resources_pr2_description:/home/luka/ws_moveit/install/moveit_resources_panda_description:/home/luka/ws_moveit/install/moveit_resources_fanuc_description:/home/luka/ws_moveit/install/moveit_msgs:/home/luka/ws_moveit/install/moveit_common:/opt/ros/jazzy/opt/gz_sim_vendor:/opt/ros/jazzy/opt/gz_sensors_vendor:/opt/ros/jazzy/opt/gz_physics_vendor:/opt/ros/jazzy/opt/sdformat_vendor:/opt/ros/jazzy/opt/gz_gui_vendor:/opt/ros/jazzy/opt/gz_transport_vendor:/opt/ros/jazzy/opt/gz_rendering_vendor:/opt/ros/jazzy/opt/gz_plugin_vendor:/opt/ros/jazzy/opt/gz_fuel_tools_vendor:/opt/ros/jazzy/opt/gz_msgs_vendor:/opt/ros/jazzy/opt/gz_common_vendor:/opt/ros/jazzy/opt/gz_math_vendor:/opt/ros/jazzy/opt/gz_utils_vendor:/opt/ros/jazzy/opt/gz_tools_vendor:/opt/ros/jazzy/opt/gz_ogre_next_vendor:/opt/ros/jazzy/opt/gz_dartsim_vendor:/opt/ros/jazzy/opt/gz_cmake_vendor:/opt/ros/jazzy DEBUGINFOD_URLS=https://debuginfod.ubuntu.com LD_LIBRARY_PATH=/home/luka/ws_moveit/install/moveit_ros_planning_interface/lib:/home/luka/ws_moveit/install/moveit_ros_move_group/lib:/home/luka/ws_moveit/install/moveit_ros_warehouse/lib:/home/luka/ws_moveit/install/moveit_planners_ompl/lib:/home/luka/ws_moveit/install/moveit_kinematics/lib:/home/luka/ws_moveit/install/moveit_ros_planning/lib:/home/luka/ws_moveit/install/moveit_simple_controller_manager/lib:/home/luka/ws_moveit/install/moveit_ros_occupancy_map_monitor/lib:/home/luka/ws_moveit/install/moveit_core/lib:/home/luka/ws_moveit/install/moveit_msgs/lib:${LD_LIBRARY_PATH} PATH=/home/luka/ws_moveit/install/moveit_core/bin:${PATH} PYTHONPATH=/home/luka/ws_moveit/install/moveit_msgs/lib/python3.12/site-packages:/home/luka/ws_moveit/install/moveit_configs_utils/lib/python3.12/site-packages:${PYTHONPATH} /usr/bin/cmake /home/luka/ws_moveit/src/moveit2/moveit_ros/hybrid_planning -DCMAKE_BUILD_TYPE=Release -DCMAKE_INSTALL_PREFIX=/home/luka/ws_moveit/install/moveit_hybrid_planning
[0.647s] -- The CXX compiler identification is GNU 13.3.0
[0.742s] -- Detecting CXX compiler ABI info
[1.508s] -- Detecting CXX compiler ABI info - done
[1.573s] -- Check for working CXX compiler: /usr/bin/c++ - skipped
[1.575s] -- Detecting CXX compile features
[1.577s] -- Detecting CXX compile features - done
[1.588s] -- Found moveit_common: 2.14.1 (/home/luka/ws_moveit/install/moveit_common/share/moveit_common/cmake)
[1.620s] -- Found ament_cmake: 2.5.4 (/opt/ros/jazzy/share/ament_cmake/cmake)
[2.480s] -- Found Python3: /usr/bin/python3 (found version "3.12.3") found components: Interpreter 
[3.731s] -- Found generate_parameter_library: 0.5.0 (/opt/ros/jazzy/share/generate_parameter_library/cmake)
[3.796s] -- Found parameter_traits: 0.5.0 (/opt/ros/jazzy/share/parameter_traits/cmake)
[4.130s] -- Found rosidl_generator_c: 4.6.6 (/opt/ros/jazzy/share/rosidl_generator_c/cmake)
[4.247s] -- Found rosidl_generator_cpp: 4.6.6 (/opt/ros/jazzy/share/rosidl_generator_cpp/cmake)
[4.386s] -- Using all available rosidl_typesupport_c: rosidl_typesupport_fastrtps_c;rosidl_typesupport_introspection_c
[4.539s] -- Using all available rosidl_typesupport_cpp: rosidl_typesupport_fastrtps_cpp;rosidl_typesupport_introspection_cpp
[5.089s] -- Found rmw_implementation_cmake: 7.3.2 (/opt/ros/jazzy/share/rmw_implementation_cmake/cmake)
[5.116s] -- Found rmw_fastrtps_cpp: 8.4.3 (/opt/ros/jazzy/share/rmw_fastrtps_cpp/cmake)
[5.598s] -- Found OpenSSL: /usr/lib/x86_64-linux-gnu/libcrypto.so (found version "3.0.13")  
[5.698s] -- Found FastRTPS: /opt/ros/jazzy/include (Required is at least version "2.13") 
[5.808s] -- Using RMW implementation 'rmw_fastrtps_cpp' as default
[6.347s] -- Found rclcpp_lifecycle: 28.1.13 (/opt/ros/jazzy/share/rclcpp_lifecycle/cmake)
[6.562s] -- Found moveit_core: 2.14.1 (/home/luka/ws_moveit/install/moveit_core/share/moveit_core/cmake)
[7.946s] -- Found Boost: /usr/lib/x86_64-linux-gnu/cmake/Boost-1.83.0/BoostConfig.cmake (found version "1.83.0") found components: chrono date_time filesystem iostreams program_options regex serialization system thread 
[8.577s] -- Found Boost: /usr/lib/x86_64-linux-gnu/cmake/Boost-1.83.0/BoostConfig.cmake (found version "1.83.0") found components: filesystem 
[10.057s] -- Found Eigen3: TRUE (found version "3.4.0") 
[10.058s] -- Ensuring Eigen3 include directory is part of orocos-kdl CMake target
[14.058s] -- Found moveit_ros_planning: 2.14.1 (/home/luka/ws_moveit/install/moveit_ros_planning/share/moveit_ros_planning/cmake)
[14.096s] -- Found Boost: /usr/lib/x86_64-linux-gnu/cmake/Boost-1.83.0/BoostConfig.cmake (found version "1.83.0") found components: system filesystem date_time program_options thread chrono 
[14.485s] -- Found moveit_ros_planning_interface: 2.14.1 (/home/luka/ws_moveit/install/moveit_ros_planning_interface/share/moveit_ros_planning_interface/cmake)
[14.521s] -- Found Boost: /usr/lib/x86_64-linux-gnu/cmake/Boost-1.83.0/BoostConfig.cmake (found version "1.83.0") found components: date_time filesystem program_options system thread 
[14.695s] -- Found Boost: /usr/lib/x86_64-linux-gnu/cmake/Boost-1.83.0/BoostConfig.cmake (found version "1.83.0") found components: thread system filesystem regex date_time program_options 
[15.009s] -- Found Boost: /usr/lib/x86_64-linux-gnu/cmake/Boost-1.83.0/BoostConfig.cmake (found version "1.83.0") found components: system filesystem date_time program_options thread 
[16.395s] -- Found ament_cmake_gtest: 2.5.4 (/opt/ros/jazzy/share/ament_cmake_gtest/cmake)
[16.430s] -- Found ros_testing: 0.6.0 (/opt/ros/jazzy/share/ros_testing/cmake)
[16.464s] -- Found launch_testing_ament_cmake: 3.4.9 (/opt/ros/jazzy/share/launch_testing_ament_cmake/cmake)
[16.508s] -- Found python_cmake_module: 0.11.1 (/opt/ros/jazzy/share/python_cmake_module/cmake)
[17.544s] -- Found PythonExtra: /usr/bin/python3  
[17.579s] -- Found Boost: /usr/lib/x86_64-linux-gnu/cmake/Boost-1.83.0/BoostConfig.cmake (found version "1.83.0") found components: filesystem 
[17.645s] -- Configuring done (17.3s)
[19.344s] -- Generating done (1.3s)
[19.642s] -- Build files have been written to: /home/luka/ws_moveit/build/moveit_hybrid_planning
[19.760s] Invoked command in '/home/luka/ws_moveit/build/moveit_hybrid_planning' returned '0': AMENT_PREFIX_PATH=/home/luka/ws_moveit/install/moveit_ros_planning_interface:/home/luka/ws_moveit/install/moveit_ros_move_group:/home/luka/ws_moveit/install/moveit_ros_warehouse:/home/luka/ws_moveit/install/moveit_planners_ompl:/home/luka/ws_moveit/install/moveit_kinematics:/home/luka/ws_moveit/install/moveit_ros_planning:/home/luka/ws_moveit/install/moveit_simple_controller_manager:/home/luka/ws_moveit/install/moveit_ros_occupancy_map_monitor:/home/luka/ws_moveit/install/moveit_core:/home/luka/ws_moveit/install/moveit_resources_panda_moveit_config:/home/luka/ws_moveit/install/moveit_resources_fanuc_moveit_config:/home/luka/ws_moveit/install/moveit_resources_pr2_description:/home/luka/ws_moveit/install/moveit_resources_panda_description:/home/luka/ws_moveit/install/moveit_resources_fanuc_description:/home/luka/ws_moveit/install/moveit_msgs:/home/luka/ws_moveit/install/moveit_configs_utils:/home/luka/ws_moveit/install/moveit_common:${AMENT_PREFIX_PATH} CMAKE_PREFIX_PATH=/home/luka/ws_moveit/install/moveit_ros_planning_interface:/home/luka/ws_moveit/install/moveit_ros_move_group:/home/luka/ws_moveit/install/moveit_ros_warehouse:/home/luka/ws_moveit/install/moveit_planners_ompl:/home/luka/ws_moveit/install/moveit_kinematics:/home/luka/ws_moveit/install/moveit_ros_planning:/home/luka/ws_moveit/install/moveit_simple_controller_manager:/home/luka/ws_moveit/install/moveit_ros_occupancy_map_monitor:/home/luka/ws_moveit/install/moveit_core:/home/luka/ws_moveit/install/moveit_resources_panda_moveit_config:/home/luka/ws_moveit/install/moveit_resources_fanuc_moveit_config:/home/luka/ws_moveit/install/moveit_resources_pr2_description:/home/luka/ws_moveit/install/moveit_resources_panda_description:/home/luka/ws_moveit/install/moveit_resources_fanuc_description:/home/luka/ws_moveit/install/moveit_msgs:/home/luka/ws_moveit/install/moveit_common:/opt/ros/jazzy/opt/gz_sim_vendor:/opt/ros/jazzy/opt/gz_sensors_vendor:/opt/ros/jazzy/opt/gz_physics_vendor:/opt/ros/jazzy/opt/sdformat_vendor:/opt/ros/jazzy/opt/gz_gui_vendor:/opt/ros/jazzy/opt/gz_transport_vendor:/opt/ros/jazzy/opt/gz_rendering_vendor:/opt/ros/jazzy/opt/gz_plugin_vendor:/opt/ros/jazzy/opt/gz_fuel_tools_vendor:/opt/ros/jazzy/opt/gz_msgs_vendor:/opt/ros/jazzy/opt/gz_common_vendor:/opt/ros/jazzy/opt/gz_math_vendor:/opt/ros/jazzy/opt/gz_utils_vendor:/opt/ros/jazzy/opt/gz_tools_vendor:/opt/ros/jazzy/opt/gz_ogre_next_vendor:/opt/ros/jazzy/opt/gz_dartsim_vendor:/opt/ros/jazzy/opt/gz_cmake_vendor:/opt/ros/jazzy DEBUGINFOD_URLS=https://debuginfod.ubuntu.com LD_LIBRARY_PATH=/home/luka/ws_moveit/install/moveit_ros_planning_interface/lib:/home/luka/ws_moveit/install/moveit_ros_move_group/lib:/home/luka/ws_moveit/install/moveit_ros_warehouse/lib:/home/luka/ws_moveit/install/moveit_planners_ompl/lib:/home/luka/ws_moveit/install/moveit_kinematics/lib:/home/luka/ws_moveit/install/moveit_ros_planning/lib:/home/luka/ws_moveit/install/moveit_simple_controller_manager/lib:/home/luka/ws_moveit/install/moveit_ros_occupancy_map_monitor/lib:/home/luka/ws_moveit/install/moveit_core/lib:/home/luka/ws_moveit/install/moveit_msgs/lib:${LD_LIBRARY_PATH} PATH=/home/luka/ws_moveit/install/moveit_core/bin:${PATH} PYTHONPATH=/home/luka/ws_moveit/install/moveit_msgs/lib/python3.12/site-packages:/home/luka/ws_moveit/install/moveit_configs_utils/lib/python3.12/site-packages:${PYTHONPATH} /usr/bin/cmake /home/luka/ws_moveit/src/moveit2/moveit_ros/hybrid_planning -DCMAKE_BUILD_TYPE=Release -DCMAKE_INSTALL_PREFIX=/home/luka/ws_moveit/install/moveit_hybrid_planning
[19.768s] Invoking command in '/home/luka/ws_moveit/build/moveit_hybrid_planning': AMENT_PREFIX_PATH=/home/luka/ws_moveit/install/moveit_ros_planning_interface:/home/luka/ws_moveit/install/moveit_ros_move_group:/home/luka/ws_moveit/install/moveit_ros_warehouse:/home/luka/ws_moveit/install/moveit_planners_ompl:/home/luka/ws_moveit/install/moveit_kinematics:/home/luka/ws_moveit/install/moveit_ros_planning:/home/luka/ws_moveit/install/moveit_simple_controller_manager:/home/luka/ws_moveit/install/moveit_ros_occupancy_map_monitor:/home/luka/ws_moveit/install/moveit_core:/home/luka/ws_moveit/install/moveit_resources_panda_moveit_config:/home/luka/ws_moveit/install/moveit_resources_fanuc_moveit_config:/home/luka/ws_moveit/install/moveit_resources_pr2_description:/home/luka/ws_moveit/install/moveit_resources_panda_description:/home/luka/ws_moveit/install/moveit_resources_fanuc_description:/home/luka/ws_moveit/install/moveit_msgs:/home/luka/ws_moveit/install/moveit_configs_utils:/home/luka/ws_moveit/install/moveit_common:${AMENT_PREFIX_PATH} CMAKE_PREFIX_PATH=/home/luka/ws_moveit/install/moveit_ros_planning_interface:/home/luka/ws_moveit/install/moveit_ros_move_group:/home/luka/ws_moveit/install/moveit_ros_warehouse:/home/luka/ws_moveit/install/moveit_planners_ompl:/home/luka/ws_moveit/install/moveit_kinematics:/home/luka/ws_moveit/install/moveit_ros_planning:/home/luka/ws_moveit/install/moveit_simple_controller_manager:/home/luka/ws_moveit/install/moveit_ros_occupancy_map_monitor:/home/luka/ws_moveit/install/moveit_core:/home/luka/ws_moveit/install/moveit_resources_panda_moveit_config:/home/luka/ws_moveit/install/moveit_resources_fanuc_moveit_config:/home/luka/ws_moveit/install/moveit_resources_pr2_description:/home/luka/ws_moveit/install/moveit_resources_panda_description:/home/luka/ws_moveit/install/moveit_resources_fanuc_description:/home/luka/ws_moveit/install/moveit_msgs:/home/luka/ws_moveit/install/moveit_common:/opt/ros/jazzy/opt/gz_sim_vendor:/opt/ros/jazzy/opt/gz_sensors_vendor:/opt/ros/jazzy/opt/gz_physics_vendor:/opt/ros/jazzy/opt/sdformat_vendor:/opt/ros/jazzy/opt/gz_gui_vendor:/opt/ros/jazzy/opt/gz_transport_vendor:/opt/ros/jazzy/opt/gz_rendering_vendor:/opt/ros/jazzy/opt/gz_plugin_vendor:/opt/ros/jazzy/opt/gz_fuel_tools_vendor:/opt/ros/jazzy/opt/gz_msgs_vendor:/opt/ros/jazzy/opt/gz_common_vendor:/opt/ros/jazzy/opt/gz_math_vendor:/opt/ros/jazzy/opt/gz_utils_vendor:/opt/ros/jazzy/opt/gz_tools_vendor:/opt/ros/jazzy/opt/gz_ogre_next_vendor:/opt/ros/jazzy/opt/gz_dartsim_vendor:/opt/ros/jazzy/opt/gz_cmake_vendor:/opt/ros/jazzy DEBUGINFOD_URLS=https://debuginfod.ubuntu.com LD_LIBRARY_PATH=/home/luka/ws_moveit/install/moveit_ros_planning_interface/lib:/home/luka/ws_moveit/install/moveit_ros_move_group/lib:/home/luka/ws_moveit/install/moveit_ros_warehouse/lib:/home/luka/ws_moveit/install/moveit_planners_ompl/lib:/home/luka/ws_moveit/install/moveit_kinematics/lib:/home/luka/ws_moveit/install/moveit_ros_planning/lib:/home/luka/ws_moveit/install/moveit_simple_controller_manager/lib:/home/luka/ws_moveit/install/moveit_ros_occupancy_map_monitor/lib:/home/luka/ws_moveit/install/moveit_core/lib:/home/luka/ws_moveit/install/moveit_msgs/lib:${LD_LIBRARY_PATH} PATH=/home/luka/ws_moveit/install/moveit_core/bin:${PATH} PYTHONPATH=/home/luka/ws_moveit/install/moveit_msgs/lib/python3.12/site-packages:/home/luka/ws_moveit/install/moveit_configs_utils/lib/python3.12/site-packages:${PYTHONPATH} /usr/bin/cmake --build /home/luka/ws_moveit/build/moveit_hybrid_planning -- -j4 -l4
[20.202s] [  4%] [34m[1mRunning `/opt/ros/jazzy/bin/generate_parameter_library_cpp /home/luka/ws_moveit/build/moveit_hybrid_planning/hybrid_planning_manager/hybrid_planning_manager_component/include/moveit_hybrid_planning/hp_manager_parameters.hpp /home/luka/ws_moveit/src/moveit2/moveit_ros/hybrid_planning/hybrid_planning_manager/hybrid_planning_manager_component/res/hp_manager_parameters.yaml `[0m
[24.887s] [  9%] [34m[1mCreating deprecated header file /home/luka/ws_moveit/build/moveit_hybrid_planning/hybrid_planning_manager/hybrid_planning_manager_component/include/hp_manager_parameters.hpp[0m
[25.007s] [  9%] Built target hp_manager_parameters
[25.140s] [ 13%] [34m[1mRunning `/opt/ros/jazzy/bin/generate_parameter_library_cpp /home/luka/ws_moveit/build/moveit_hybrid_planning/local_planner/local_planner_component/include/moveit_hybrid_planning/local_planner_parameters.hpp /home/luka/ws_moveit/src/moveit2/moveit_ros/hybrid_planning/local_planner/local_planner_component/res/local_planner_parameters.yaml `[0m
[30.813s] [ 18%] [34m[1mCreating deprecated header file /home/luka/ws_moveit/build/moveit_hybrid_planning/local_planner/local_planner_component/include/local_planner_parameters.hpp[0m
[30.928s] [ 18%] Built target local_planner_parameters
[31.071s] [ 22%] [32mBuilding CXX object local_planner/trajectory_operator_plugins/CMakeFiles/simple_sampler_plugin.dir/src/simple_sampler.cpp.o[0m
[77.829s] [ 27%] [32m[1mLinking CXX shared library libsimple_sampler_plugin.so[0m
[78.846s] [ 27%] Built target simple_sampler_plugin
[78.954s] [ 31%] [32mBuilding CXX object local_planner/local_constraint_solver_plugins/CMakeFiles/forward_trajectory_plugin.dir/src/forward_trajectory.cpp.o[0m
[137.488s] [ 36%] [32m[1mLinking CXX shared library libforward_trajectory_plugin.so[0m
[139.196s] [ 36%] Built target forward_trajectory_plugin
[139.340s] [ 40%] [32mBuilding CXX object test/CMakeFiles/cancel_action.dir/cancel_action.cpp.o[0m
[162.029s] [ 45%] [32m[1mLinking CXX executable cancel_action[0m
[164.060s] [ 45%] Built target cancel_action
[164.214s] [ 50%] [32mBuilding CXX object hybrid_planning_manager/hybrid_planning_manager_component/CMakeFiles/moveit_hybrid_planning_manager.dir/src/hybrid_planning_manager.cpp.o[0m
[456.236s] [ 54%] [32m[1mLinking CXX shared library libmoveit_hybrid_planning_manager.so[0m
[461.647s] [ 54%] Built target moveit_hybrid_planning_manager
[462.099s] [ 59%] [32mBuilding CXX object local_planner/local_planner_component/CMakeFiles/moveit_local_planner_component.dir/src/local_planner_component.cpp.o[0m
[666.102s] [ 63%] [32m[1mLinking CXX shared library libmoveit_local_planner_component.so[0m
[668.427s] [ 63%] Built target moveit_local_planner_component
[668.575s] [ 68%] [32mBuilding CXX object hybrid_planning_manager/planner_logic_plugins/CMakeFiles/single_plan_execution_plugin.dir/src/single_plan_execution.cpp.o[0m
[710.737s] [ 72%] [32m[1mLinking CXX shared library libsingle_plan_execution_plugin.so[0m
[756.319s] [ 72%] Built target single_plan_execution_plugin
[756.557s] [ 77%] [32mBuilding CXX object global_planner/global_planner_plugins/CMakeFiles/motion_planning_pipeline_plugin.dir/src/moveit_planning_pipeline.cpp.o[0m
[874.748s] [ 81%] [32m[1mLinking CXX shared library libmotion_planning_pipeline_plugin.so[0m
[876.709s] [ 81%] Built target motion_planning_pipeline_plugin
[876.955s] [ 86%] [32mBuilding CXX object hybrid_planning_manager/planner_logic_plugins/CMakeFiles/replan_invalidated_trajectory_plugin.dir/src/replan_invalidated_trajectory.cpp.o[0m
[908.935s] [ 90%] [32m[1mLinking CXX shared library libreplan_invalidated_trajectory_plugin.so[0m
[932.855s] [ 90%] Built target replan_invalidated_trajectory_plugin
[932.970s] [ 95%] [32mBuilding CXX object global_planner/global_planner_component/CMakeFiles/moveit_global_planner_component.dir/src/global_planner_component.cpp.o[0m
[1050.524s] [100%] [32m[1mLinking CXX shared library libmoveit_global_planner_component.so[0m
[1053.309s] [100%] Built target moveit_global_planner_component
[1053.385s] Invoked command in '/home/luka/ws_moveit/build/moveit_hybrid_planning' returned '0': AMENT_PREFIX_PATH=/home/luka/ws_moveit/install/moveit_ros_planning_interface:/home/luka/ws_moveit/install/moveit_ros_move_group:/home/luka/ws_moveit/install/moveit_ros_warehouse:/home/luka/ws_moveit/install/moveit_planners_ompl:/home/luka/ws_moveit/install/moveit_kinematics:/home/luka/ws_moveit/install/moveit_ros_planning:/home/luka/ws_moveit/install/moveit_simple_controller_manager:/home/luka/ws_moveit/install/moveit_ros_occupancy_map_monitor:/home/luka/ws_moveit/install/moveit_core:/home/luka/ws_moveit/install/moveit_resources_panda_moveit_config:/home/luka/ws_moveit/install/moveit_resources_fanuc_moveit_config:/home/luka/ws_moveit/install/moveit_resources_pr2_description:/home/luka/ws_moveit/install/moveit_resources_panda_description:/home/luka/ws_moveit/install/moveit_resources_fanuc_description:/home/luka/ws_moveit/install/moveit_msgs:/home/luka/ws_moveit/install/moveit_configs_utils:/home/luka/ws_moveit/install/moveit_common:${AMENT_PREFIX_PATH} CMAKE_PREFIX_PATH=/home/luka/ws_moveit/install/moveit_ros_planning_interface:/home/luka/ws_moveit/install/moveit_ros_move_group:/home/luka/ws_moveit/install/moveit_ros_warehouse:/home/luka/ws_moveit/install/moveit_planners_ompl:/home/luka/ws_moveit/install/moveit_kinematics:/home/luka/ws_moveit/install/moveit_ros_planning:/home/luka/ws_moveit/install/moveit_simple_controller_manager:/home/luka/ws_moveit/install/moveit_ros_occupancy_map_monitor:/home/luka/ws_moveit/install/moveit_core:/home/luka/ws_moveit/install/moveit_resources_panda_moveit_config:/home/luka/ws_moveit/install/moveit_resources_fanuc_moveit_config:/home/luka/ws_moveit/install/moveit_resources_pr2_description:/home/luka/ws_moveit/install/moveit_resources_panda_description:/home/luka/ws_moveit/install/moveit_resources_fanuc_description:/home/luka/ws_moveit/install/moveit_msgs:/home/luka/ws_moveit/install/moveit_common:/opt/ros/jazzy/opt/gz_sim_vendor:/opt/ros/jazzy/opt/gz_sensors_vendor:/opt/ros/jazzy/opt/gz_physics_vendor:/opt/ros/jazzy/opt/sdformat_vendor:/opt/ros/jazzy/opt/gz_gui_vendor:/opt/ros/jazzy/opt/gz_transport_vendor:/opt/ros/jazzy/opt/gz_rendering_vendor:/opt/ros/jazzy/opt/gz_plugin_vendor:/opt/ros/jazzy/opt/gz_fuel_tools_vendor:/opt/ros/jazzy/opt/gz_msgs_vendor:/opt/ros/jazzy/opt/gz_common_vendor:/opt/ros/jazzy/opt/gz_math_vendor:/opt/ros/jazzy/opt/gz_utils_vendor:/opt/ros/jazzy/opt/gz_tools_vendor:/opt/ros/jazzy/opt/gz_ogre_next_vendor:/opt/ros/jazzy/opt/gz_dartsim_vendor:/opt/ros/jazzy/opt/gz_cmake_vendor:/opt/ros/jazzy DEBUGINFOD_URLS=https://debuginfod.ubuntu.com LD_LIBRARY_PATH=/home/luka/ws_moveit/install/moveit_ros_planning_interface/lib:/home/luka/ws_moveit/install/moveit_ros_move_group/lib:/home/luka/ws_moveit/install/moveit_ros_warehouse/lib:/home/luka/ws_moveit/install/moveit_planners_ompl/lib:/home/luka/ws_moveit/install/moveit_kinematics/lib:/home/luka/ws_moveit/install/moveit_ros_planning/lib:/home/luka/ws_moveit/install/moveit_simple_controller_manager/lib:/home/luka/ws_moveit/install/moveit_ros_occupancy_map_monitor/lib:/home/luka/ws_moveit/install/moveit_core/lib:/home/luka/ws_moveit/install/moveit_msgs/lib:${LD_LIBRARY_PATH} PATH=/home/luka/ws_moveit/install/moveit_core/bin:${PATH} PYTHONPATH=/home/luka/ws_moveit/install/moveit_msgs/lib/python3.12/site-packages:/home/luka/ws_moveit/install/moveit_configs_utils/lib/python3.12/site-packages:${PYTHONPATH} /usr/bin/cmake --build /home/luka/ws_moveit/build/moveit_hybrid_planning -- -j4 -l4
[1053.391s] Invoking command in '/home/luka/ws_moveit/build/moveit_hybrid_planning': AMENT_PREFIX_PATH=/home/luka/ws_moveit/install/moveit_ros_planning_interface:/home/luka/ws_moveit/install/moveit_ros_move_group:/home/luka/ws_moveit/install/moveit_ros_warehouse:/home/luka/ws_moveit/install/moveit_planners_ompl:/home/luka/ws_moveit/install/moveit_kinematics:/home/luka/ws_moveit/install/moveit_ros_planning:/home/luka/ws_moveit/install/moveit_simple_controller_manager:/home/luka/ws_moveit/install/moveit_ros_occupancy_map_monitor:/home/luka/ws_moveit/install/moveit_core:/home/luka/ws_moveit/install/moveit_resources_panda_moveit_config:/home/luka/ws_moveit/install/moveit_resources_fanuc_moveit_config:/home/luka/ws_moveit/install/moveit_resources_pr2_description:/home/luka/ws_moveit/install/moveit_resources_panda_description:/home/luka/ws_moveit/install/moveit_resources_fanuc_description:/home/luka/ws_moveit/install/moveit_msgs:/home/luka/ws_moveit/install/moveit_configs_utils:/home/luka/ws_moveit/install/moveit_common:${AMENT_PREFIX_PATH} CMAKE_PREFIX_PATH=/home/luka/ws_moveit/install/moveit_ros_planning_interface:/home/luka/ws_moveit/install/moveit_ros_move_group:/home/luka/ws_moveit/install/moveit_ros_warehouse:/home/luka/ws_moveit/install/moveit_planners_ompl:/home/luka/ws_moveit/install/moveit_kinematics:/home/luka/ws_moveit/install/moveit_ros_planning:/home/luka/ws_moveit/install/moveit_simple_controller_manager:/home/luka/ws_moveit/install/moveit_ros_occupancy_map_monitor:/home/luka/ws_moveit/install/moveit_core:/home/luka/ws_moveit/install/moveit_resources_panda_moveit_config:/home/luka/ws_moveit/install/moveit_resources_fanuc_moveit_config:/home/luka/ws_moveit/install/moveit_resources_pr2_description:/home/luka/ws_moveit/install/moveit_resources_panda_description:/home/luka/ws_moveit/install/moveit_resources_fanuc_description:/home/luka/ws_moveit/install/moveit_msgs:/home/luka/ws_moveit/install/moveit_common:/opt/ros/jazzy/opt/gz_sim_vendor:/opt/ros/jazzy/opt/gz_sensors_vendor:/opt/ros/jazzy/opt/gz_physics_vendor:/opt/ros/jazzy/opt/sdformat_vendor:/opt/ros/jazzy/opt/gz_gui_vendor:/opt/ros/jazzy/opt/gz_transport_vendor:/opt/ros/jazzy/opt/gz_rendering_vendor:/opt/ros/jazzy/opt/gz_plugin_vendor:/opt/ros/jazzy/opt/gz_fuel_tools_vendor:/opt/ros/jazzy/opt/gz_msgs_vendor:/opt/ros/jazzy/opt/gz_common_vendor:/opt/ros/jazzy/opt/gz_math_vendor:/opt/ros/jazzy/opt/gz_utils_vendor:/opt/ros/jazzy/opt/gz_tools_vendor:/opt/ros/jazzy/opt/gz_ogre_next_vendor:/opt/ros/jazzy/opt/gz_dartsim_vendor:/opt/ros/jazzy/opt/gz_cmake_vendor:/opt/ros/jazzy DEBUGINFOD_URLS=https://debuginfod.ubuntu.com LD_LIBRARY_PATH=/home/luka/ws_moveit/install/moveit_ros_planning_interface/lib:/home/luka/ws_moveit/install/moveit_ros_move_group/lib:/home/luka/ws_moveit/install/moveit_ros_warehouse/lib:/home/luka/ws_moveit/install/moveit_planners_ompl/lib:/home/luka/ws_moveit/install/moveit_kinematics/lib:/home/luka/ws_moveit/install/moveit_ros_planning/lib:/home/luka/ws_moveit/install/moveit_simple_controller_manager/lib:/home/luka/ws_moveit/install/moveit_ros_occupancy_map_monitor/lib:/home/luka/ws_moveit/install/moveit_core/lib:/home/luka/ws_moveit/install/moveit_msgs/lib:${LD_LIBRARY_PATH} PATH=/home/luka/ws_moveit/install/moveit_core/bin:${PATH} PYTHONPATH=/home/luka/ws_moveit/install/moveit_msgs/lib/python3.12/site-packages:/home/luka/ws_moveit/install/moveit_configs_utils/lib/python3.12/site-packages:${PYTHONPATH} /usr/bin/cmake --install /home/luka/ws_moveit/build/moveit_hybrid_planning
[1053.443s] -- Install configuration: "Release"
[1053.444s] -- Installing: /home/luka/ws_moveit/install/moveit_hybrid_planning/include/moveit_hybrid_planning
[1053.445s] -- Installing: /home/luka/ws_moveit/install/moveit_hybrid_planning/include/moveit_hybrid_planning/hp_manager_parameters.hpp
[1053.450s] -- Up-to-date: /home/luka/ws_moveit/install/moveit_hybrid_planning/include/moveit_hybrid_planning
[1053.450s] -- Installing: /home/luka/ws_moveit/install/moveit_hybrid_planning/include/moveit_hybrid_planning/local_planner_parameters.hpp
[1053.453s] -- Installing: /home/luka/ws_moveit/install/moveit_hybrid_planning/lib/libmoveit_global_planner_component.so.2.14.1
[1053.458s] -- Set non-toolchain portion of runtime path of "/home/luka/ws_moveit/install/moveit_hybrid_planning/lib/libmoveit_global_planner_component.so.2.14.1" to ""
[1053.460s] -- Installing: /home/luka/ws_moveit/install/moveit_hybrid_planning/lib/libmoveit_global_planner_component.so
[1053.460s] -- Installing: /home/luka/ws_moveit/install/moveit_hybrid_planning/lib/libmoveit_hybrid_planning_manager.so.2.14.1
[1053.468s] -- Set non-toolchain portion of runtime path of "/home/luka/ws_moveit/install/moveit_hybrid_planning/lib/libmoveit_hybrid_planning_manager.so.2.14.1" to ""
[1053.469s] -- Installing: /home/luka/ws_moveit/install/moveit_hybrid_planning/lib/libmoveit_hybrid_planning_manager.so
[1053.469s] -- Installing: /home/luka/ws_moveit/install/moveit_hybrid_planning/lib/libmoveit_local_planner_component.so.2.14.1
[1053.478s] -- Set non-toolchain portion of runtime path of "/home/luka/ws_moveit/install/moveit_hybrid_planning/lib/libmoveit_local_planner_component.so.2.14.1" to ""
[1053.479s] -- Installing: /home/luka/ws_moveit/install/moveit_hybrid_planning/lib/libmoveit_local_planner_component.so
[1053.479s] -- Installing: /home/luka/ws_moveit/install/moveit_hybrid_planning/lib/libforward_trajectory_plugin.so.2.14.1
[1053.482s] -- Set non-toolchain portion of runtime path of "/home/luka/ws_moveit/install/moveit_hybrid_planning/lib/libforward_trajectory_plugin.so.2.14.1" to ""
[1053.483s] -- Installing: /home/luka/ws_moveit/install/moveit_hybrid_planning/lib/libforward_trajectory_plugin.so
[1053.483s] -- Installing: /home/luka/ws_moveit/install/moveit_hybrid_planning/lib/libmotion_planning_pipeline_plugin.so.2.14.1
[1053.484s] -- Set non-toolchain portion of runtime path of "/home/luka/ws_moveit/install/moveit_hybrid_planning/lib/libmotion_planning_pipeline_plugin.so.2.14.1" to ""
[1053.485s] -- Installing: /home/luka/ws_moveit/install/moveit_hybrid_planning/lib/libmotion_planning_pipeline_plugin.so
[1053.486s] -- Installing: /home/luka/ws_moveit/install/moveit_hybrid_planning/lib/libreplan_invalidated_trajectory_plugin.so.2.14.1
[1053.488s] -- Set non-toolchain portion of runtime path of "/home/luka/ws_moveit/install/moveit_hybrid_planning/lib/libreplan_invalidated_trajectory_plugin.so.2.14.1" to ""
[1053.489s] -- Installing: /home/luka/ws_moveit/install/moveit_hybrid_planning/lib/libreplan_invalidated_trajectory_plugin.so
[1053.489s] -- Installing: /home/luka/ws_moveit/install/moveit_hybrid_planning/lib/libsimple_sampler_plugin.so.2.14.1
[1053.492s] -- Set non-toolchain portion of runtime path of "/home/luka/ws_moveit/install/moveit_hybrid_planning/lib/libsimple_sampler_plugin.so.2.14.1" to ""
[1053.493s] -- Installing: /home/luka/ws_moveit/install/moveit_hybrid_planning/lib/libsimple_sampler_plugin.so
[1053.493s] -- Installing: /home/luka/ws_moveit/install/moveit_hybrid_planning/lib/libsingle_plan_execution_plugin.so.2.14.1
[1053.495s] -- Set non-toolchain portion of runtime path of "/home/luka/ws_moveit/install/moveit_hybrid_planning/lib/libsingle_plan_execution_plugin.so.2.14.1" to ""
[1053.496s] -- Installing: /home/luka/ws_moveit/install/moveit_hybrid_planning/lib/libsingle_plan_execution_plugin.so
[1053.496s] -- Installing: /home/luka/ws_moveit/install/moveit_hybrid_planning/lib/moveit_hybrid_planning/cancel_action
[1053.499s] -- Set non-toolchain portion of runtime path of "/home/luka/ws_moveit/install/moveit_hybrid_planning/lib/moveit_hybrid_planning/cancel_action" to ""
[1053.500s] -- Up-to-date: /home/luka/ws_moveit/install/moveit_hybrid_planning/include/moveit_hybrid_planning
[1053.501s] -- Installing: /home/luka/ws_moveit/install/moveit_hybrid_planning/include/moveit_hybrid_planning/moveit
[1053.502s] -- Installing: /home/luka/ws_moveit/install/moveit_hybrid_planning/include/moveit_hybrid_planning/moveit/global_planner
[1053.503s] -- Installing: /home/luka/ws_moveit/install/moveit_hybrid_planning/include/moveit_hybrid_planning/moveit/global_planner/global_planner_interface.hpp
[1053.504s] -- Installing: /home/luka/ws_moveit/install/moveit_hybrid_planning/include/moveit_hybrid_planning/moveit/global_planner/global_planner_interface.h
[1053.505s] -- Installing: /home/luka/ws_moveit/install/moveit_hybrid_planning/include/moveit_hybrid_planning/moveit/global_planner/global_planner_component.h
[1053.506s] -- Installing: /home/luka/ws_moveit/install/moveit_hybrid_planning/include/moveit_hybrid_planning/moveit/global_planner/global_planner_component.hpp
[1053.507s] -- Up-to-date: /home/luka/ws_moveit/install/moveit_hybrid_planning/include/moveit_hybrid_planning
[1053.508s] -- Up-to-date: /home/luka/ws_moveit/install/moveit_hybrid_planning/include/moveit_hybrid_planning/moveit
[1053.509s] -- Up-to-date: /home/luka/ws_moveit/install/moveit_hybrid_planning/include/moveit_hybrid_planning/moveit/global_planner
[1053.510s] -- Installing: /home/luka/ws_moveit/install/moveit_hybrid_planning/include/moveit_hybrid_planning/moveit/global_planner/moveit_planning_pipeline.h
[1053.511s] -- Installing: /home/luka/ws_moveit/install/moveit_hybrid_planning/include/moveit_hybrid_planning/moveit/global_planner/moveit_planning_pipeline.hpp
[1053.512s] -- Up-to-date: /home/luka/ws_moveit/install/moveit_hybrid_planning/include/moveit_hybrid_planning
[1053.513s] -- Up-to-date: /home/luka/ws_moveit/install/moveit_hybrid_planning/include/moveit_hybrid_planning/moveit
[1053.514s] -- Installing: /home/luka/ws_moveit/install/moveit_hybrid_planning/include/moveit_hybrid_planning/moveit/hybrid_planning_manager
[1053.515s] -- Installing: /home/luka/ws_moveit/install/moveit_hybrid_planning/include/moveit_hybrid_planning/moveit/hybrid_planning_manager/hybrid_planning_manager.hpp
[1053.516s] -- Installing: /home/luka/ws_moveit/install/moveit_hybrid_planning/include/moveit_hybrid_planning/moveit/hybrid_planning_manager/hybrid_planning_manager.h
[1053.517s] -- Installing: /home/luka/ws_moveit/install/moveit_hybrid_planning/include/moveit_hybrid_planning/moveit/hybrid_planning_manager/hybrid_planning_events.h
[1053.518s] -- Installing: /home/luka/ws_moveit/install/moveit_hybrid_planning/include/moveit_hybrid_planning/moveit/hybrid_planning_manager/planner_logic_interface.h
[1053.519s] -- Installing: /home/luka/ws_moveit/install/moveit_hybrid_planning/include/moveit_hybrid_planning/moveit/hybrid_planning_manager/hybrid_planning_events.hpp
[1053.520s] -- Installing: /home/luka/ws_moveit/install/moveit_hybrid_planning/include/moveit_hybrid_planning/moveit/hybrid_planning_manager/planner_logic_interface.hpp
[1053.521s] -- Up-to-date: /home/luka/ws_moveit/install/moveit_hybrid_planning/include/moveit_hybrid_planning
[1053.522s] -- Up-to-date: /home/luka/ws_moveit/install/moveit_hybrid_planning/include/moveit_hybrid_planning/moveit
[1053.523s] -- Installing: /home/luka/ws_moveit/install/moveit_hybrid_planning/include/moveit_hybrid_planning/moveit/planner_logic_plugins
[1053.524s] -- Installing: /home/luka/ws_moveit/install/moveit_hybrid_planning/include/moveit_hybrid_planning/moveit/planner_logic_plugins/single_plan_execution.h
[1053.525s] -- Installing: /home/luka/ws_moveit/install/moveit_hybrid_planning/include/moveit_hybrid_planning/moveit/planner_logic_plugins/replan_invalidated_trajectory.hpp
[1053.525s] -- Installing: /home/luka/ws_moveit/install/moveit_hybrid_planning/include/moveit_hybrid_planning/moveit/planner_logic_plugins/single_plan_execution.hpp
[1053.526s] -- Installing: /home/luka/ws_moveit/install/moveit_hybrid_planning/include/moveit_hybrid_planning/moveit/planner_logic_plugins/replan_invalidated_trajectory.h
[1053.527s] -- Up-to-date: /home/luka/ws_moveit/install/moveit_hybrid_planning/include/moveit_hybrid_planning
[1053.528s] -- Up-to-date: /home/luka/ws_moveit/install/moveit_hybrid_planning/include/moveit_hybrid_planning/moveit
[1053.529s] -- Installing: /home/luka/ws_moveit/install/moveit_hybrid_planning/include/moveit_hybrid_planning/moveit/local_planner
[1053.531s] -- Installing: /home/luka/ws_moveit/install/moveit_hybrid_planning/include/moveit_hybrid_planning/moveit/local_planner/local_planner_component.hpp
[1053.534s] -- Installing: /home/luka/ws_moveit/install/moveit_hybrid_planning/include/moveit_hybrid_planning/moveit/local_planner/trajectory_operator_interface.hpp
[1053.536s] -- Installing: /home/luka/ws_moveit/install/moveit_hybrid_planning/include/moveit_hybrid_planning/moveit/local_planner/local_planner_component.h
[1053.539s] -- Installing: /home/luka/ws_moveit/install/moveit_hybrid_planning/include/moveit_hybrid_planning/moveit/local_planner/trajectory_operator_interface.h
[1053.539s] -- Installing: /home/luka/ws_moveit/install/moveit_hybrid_planning/include/moveit_hybrid_planning/moveit/local_planner/feedback_types.h
[1053.541s] -- Installing: /home/luka/ws_moveit/install/moveit_hybrid_planning/include/moveit_hybrid_planning/moveit/local_planner/local_constraint_solver_interface.h
[1053.542s] -- Installing: /home/luka/ws_moveit/install/moveit_hybrid_planning/include/moveit_hybrid_planning/moveit/local_planner/feedback_types.hpp
[1053.549s] -- Installing: /home/luka/ws_moveit/install/moveit_hybrid_planning/include/moveit_hybrid_planning/moveit/local_planner/local_constraint_solver_interface.hpp
[1053.550s] -- Up-to-date: /home/luka/ws_moveit/install/moveit_hybrid_planning/include/moveit_hybrid_planning
[1053.551s] -- Up-to-date: /home/luka/ws_moveit/install/moveit_hybrid_planning/include/moveit_hybrid_planning/moveit
[1053.552s] -- Installing: /home/luka/ws_moveit/install/moveit_hybrid_planning/include/moveit_hybrid_planning/moveit/trajectory_operator_plugins
[1053.552s] -- Installing: /home/luka/ws_moveit/install/moveit_hybrid_planning/include/moveit_hybrid_planning/moveit/trajectory_operator_plugins/simple_sampler.hpp
[1053.553s] -- Installing: /home/luka/ws_moveit/install/moveit_hybrid_planning/include/moveit_hybrid_planning/moveit/trajectory_operator_plugins/simple_sampler.h
[1053.555s] -- Up-to-date: /home/luka/ws_moveit/install/moveit_hybrid_planning/include/moveit_hybrid_planning
[1053.556s] -- Up-to-date: /home/luka/ws_moveit/install/moveit_hybrid_planning/include/moveit_hybrid_planning/moveit
[1053.557s] -- Installing: /home/luka/ws_moveit/install/moveit_hybrid_planning/include/moveit_hybrid_planning/moveit/local_constraint_solver_plugins
[1053.561s] -- Installing: /home/luka/ws_moveit/install/moveit_hybrid_planning/include/moveit_hybrid_planning/moveit/local_constraint_solver_plugins/forward_trajectory.h
[1053.562s] -- Installing: /home/luka/ws_moveit/install/moveit_hybrid_planning/include/moveit_hybrid_planning/moveit/local_constraint_solver_plugins/forward_trajectory.hpp
[1053.563s] -- Installing: /home/luka/ws_moveit/install/moveit_hybrid_planning/share/moveit_hybrid_planning/launch
[1053.564s] -- Installing: /home/luka/ws_moveit/install/moveit_hybrid_planning/share/moveit_hybrid_planning/launch/test_basic_integration.test.py
[1053.565s] -- Installing: /home/luka/ws_moveit/install/moveit_hybrid_planning/share/moveit_hybrid_planning/launch/hybrid_planning_common.py
[1053.566s] -- Installing: /home/luka/ws_moveit/install/moveit_hybrid_planning/share/moveit_hybrid_planning/config
[1053.567s] -- Installing: /home/luka/ws_moveit/install/moveit_hybrid_planning/share/moveit_hybrid_planning/config/hybrid_planning_manager.yaml
[1053.568s] -- Installing: /home/luka/ws_moveit/install/moveit_hybrid_planning/share/moveit_hybrid_planning/config/global_planner.yaml
[1053.569s] -- Installing: /home/luka/ws_moveit/install/moveit_hybrid_planning/share/moveit_hybrid_planning/config/local_planner.yaml
[1053.570s] -- Installing: /home/luka/ws_moveit/install/moveit_hybrid_planning/share/moveit_hybrid_planning/config/demo_controller.yaml
[1053.570s] -- Installing: /home/luka/ws_moveit/install/moveit_hybrid_planning/share/moveit_hybrid_planning/config/hybrid_planning_demo.rviz
[1053.571s] -- Installing: /home/luka/ws_moveit/install/moveit_hybrid_planning/share/moveit_hybrid_planning/single_plan_execution_plugin.xml
[1053.572s] -- Installing: /home/luka/ws_moveit/install/moveit_hybrid_planning/share/moveit_hybrid_planning/moveit_planning_pipeline_plugin.xml
[1053.573s] -- Installing: /home/luka/ws_moveit/install/moveit_hybrid_planning/share/moveit_hybrid_planning/simple_sampler_plugin.xml
[1053.573s] -- Installing: /home/luka/ws_moveit/install/moveit_hybrid_planning/share/moveit_hybrid_planning/replan_invalidated_trajectory_plugin.xml
[1053.574s] -- Installing: /home/luka/ws_moveit/install/moveit_hybrid_planning/share/moveit_hybrid_planning/forward_trajectory_plugin.xml
[1053.575s] -- Installing: /home/luka/ws_moveit/install/moveit_hybrid_planning/share/moveit_hybrid_planning/environment/library_path.sh
[1053.575s] -- Installing: /home/luka/ws_moveit/install/moveit_hybrid_planning/share/moveit_hybrid_planning/environment/library_path.dsv
[1053.576s] -- Installing: /home/luka/ws_moveit/install/moveit_hybrid_planning/share/ament_index/resource_index/package_run_dependencies/moveit_hybrid_planning
[1053.577s] -- Installing: /home/luka/ws_moveit/install/moveit_hybrid_planning/share/ament_index/resource_index/parent_prefix_path/moveit_hybrid_planning
[1053.578s] -- Installing: /home/luka/ws_moveit/install/moveit_hybrid_planning/share/moveit_hybrid_planning/environment/ament_prefix_path.sh
[1053.578s] -- Installing: /home/luka/ws_moveit/install/moveit_hybrid_planning/share/moveit_hybrid_planning/environment/ament_prefix_path.dsv
[1053.579s] -- Installing: /home/luka/ws_moveit/install/moveit_hybrid_planning/share/moveit_hybrid_planning/environment/path.sh
[1053.582s] -- Installing: /home/luka/ws_moveit/install/moveit_hybrid_planning/share/moveit_hybrid_planning/environment/path.dsv
[1053.582s] -- Installing: /home/luka/ws_moveit/install/moveit_hybrid_planning/share/moveit_hybrid_planning/local_setup.bash
[1053.583s] -- Installing: /home/luka/ws_moveit/install/moveit_hybrid_planning/share/moveit_hybrid_planning/local_setup.sh
[1053.583s] -- Installing: /home/luka/ws_moveit/install/moveit_hybrid_planning/share/moveit_hybrid_planning/local_setup.zsh
[1053.585s] -- Installing: /home/luka/ws_moveit/install/moveit_hybrid_planning/share/moveit_hybrid_planning/local_setup.dsv
[1053.587s] -- Installing: /home/luka/ws_moveit/install/moveit_hybrid_planning/share/moveit_hybrid_planning/package.dsv
[1053.588s] -- Installing: /home/luka/ws_moveit/install/moveit_hybrid_planning/share/ament_index/resource_index/packages/moveit_hybrid_planning
[1053.589s] -- Installing: /home/luka/ws_moveit/install/moveit_hybrid_planning/share/ament_index/resource_index/moveit_hybrid_planning__pluginlib__plugin/moveit_hybrid_planning
[1053.590s] -- Installing: /home/luka/ws_moveit/install/moveit_hybrid_planning/share/ament_index/resource_index/rclcpp_components/moveit_hybrid_planning
[1053.591s] -- Installing: /home/luka/ws_moveit/install/moveit_hybrid_planning/share/moveit_hybrid_planning/cmake/moveit_hybrid_planningTargetsExport.cmake
[1053.592s] -- Installing: /home/luka/ws_moveit/install/moveit_hybrid_planning/share/moveit_hybrid_planning/cmake/moveit_hybrid_planningTargetsExport-release.cmake
[1053.593s] -- Installing: /home/luka/ws_moveit/install/moveit_hybrid_planning/share/moveit_hybrid_planning/cmake/ament_cmake_export_dependencies-extras.cmake
[1053.593s] -- Installing: /home/luka/ws_moveit/install/moveit_hybrid_planning/share/moveit_hybrid_planning/cmake/ament_cmake_export_targets-extras.cmake
[1053.595s] -- Installing: /home/luka/ws_moveit/install/moveit_hybrid_planning/share/moveit_hybrid_planning/cmake/moveit_hybrid_planningConfig.cmake
[1053.596s] -- Installing: /home/luka/ws_moveit/install/moveit_hybrid_planning/share/moveit_hybrid_planning/cmake/moveit_hybrid_planningConfig-version.cmake
[1053.598s] -- Installing: /home/luka/ws_moveit/install/moveit_hybrid_planning/share/moveit_hybrid_planning/package.xml
[1053.599s] Invoked command in '/home/luka/ws_moveit/build/moveit_hybrid_planning' returned '0': AMENT_PREFIX_PATH=/home/luka/ws_moveit/install/moveit_ros_planning_interface:/home/luka/ws_moveit/install/moveit_ros_move_group:/home/luka/ws_moveit/install/moveit_ros_warehouse:/home/luka/ws_moveit/install/moveit_planners_ompl:/home/luka/ws_moveit/install/moveit_kinematics:/home/luka/ws_moveit/install/moveit_ros_planning:/home/luka/ws_moveit/install/moveit_simple_controller_manager:/home/luka/ws_moveit/install/moveit_ros_occupancy_map_monitor:/home/luka/ws_moveit/install/moveit_core:/home/luka/ws_moveit/install/moveit_resources_panda_moveit_config:/home/luka/ws_moveit/install/moveit_resources_fanuc_moveit_config:/home/luka/ws_moveit/install/moveit_resources_pr2_description:/home/luka/ws_moveit/install/moveit_resources_panda_description:/home/luka/ws_moveit/install/moveit_resources_fanuc_description:/home/luka/ws_moveit/install/moveit_msgs:/home/luka/ws_moveit/install/moveit_configs_utils:/home/luka/ws_moveit/install/moveit_common:${AMENT_PREFIX_PATH} CMAKE_PREFIX_PATH=/home/luka/ws_moveit/install/moveit_ros_planning_interface:/home/luka/ws_moveit/install/moveit_ros_move_group:/home/luka/ws_moveit/install/moveit_ros_warehouse:/home/luka/ws_moveit/install/moveit_planners_ompl:/home/luka/ws_moveit/install/moveit_kinematics:/home/luka/ws_moveit/install/moveit_ros_planning:/home/luka/ws_moveit/install/moveit_simple_controller_manager:/home/luka/ws_moveit/install/moveit_ros_occupancy_map_monitor:/home/luka/ws_moveit/install/moveit_core:/home/luka/ws_moveit/install/moveit_resources_panda_moveit_config:/home/luka/ws_moveit/install/moveit_resources_fanuc_moveit_config:/home/luka/ws_moveit/install/moveit_resources_pr2_description:/home/luka/ws_moveit/install/moveit_resources_panda_description:/home/luka/ws_moveit/install/moveit_resources_fanuc_description:/home/luka/ws_moveit/install/moveit_msgs:/home/luka/ws_moveit/install/moveit_common:/opt/ros/jazzy/opt/gz_sim_vendor:/opt/ros/jazzy/opt/gz_sensors_vendor:/opt/ros/jazzy/opt/gz_physics_vendor:/opt/ros/jazzy/opt/sdformat_vendor:/opt/ros/jazzy/opt/gz_gui_vendor:/opt/ros/jazzy/opt/gz_transport_vendor:/opt/ros/jazzy/opt/gz_rendering_vendor:/opt/ros/jazzy/opt/gz_plugin_vendor:/opt/ros/jazzy/opt/gz_fuel_tools_vendor:/opt/ros/jazzy/opt/gz_msgs_vendor:/opt/ros/jazzy/opt/gz_common_vendor:/opt/ros/jazzy/opt/gz_math_vendor:/opt/ros/jazzy/opt/gz_utils_vendor:/opt/ros/jazzy/opt/gz_tools_vendor:/opt/ros/jazzy/opt/gz_ogre_next_vendor:/opt/ros/jazzy/opt/gz_dartsim_vendor:/opt/ros/jazzy/opt/gz_cmake_vendor:/opt/ros/jazzy DEBUGINFOD_URLS=https://debuginfod.ubuntu.com LD_LIBRARY_PATH=/home/luka/ws_moveit/install/moveit_ros_planning_interface/lib:/home/luka/ws_moveit/install/moveit_ros_move_group/lib:/home/luka/ws_moveit/install/moveit_ros_warehouse/lib:/home/luka/ws_moveit/install/moveit_planners_ompl/lib:/home/luka/ws_moveit/install/moveit_kinematics/lib:/home/luka/ws_moveit/install/moveit_ros_planning/lib:/home/luka/ws_moveit/install/moveit_simple_controller_manager/lib:/home/luka/ws_moveit/install/moveit_ros_occupancy_map_monitor/lib:/home/luka/ws_moveit/install/moveit_core/lib:/home/luka/ws_moveit/install/moveit_msgs/lib:${LD_LIBRARY_PATH} PATH=/home/luka/ws_moveit/install/moveit_core/bin:${PATH} PYTHONPATH=/home/luka/ws_moveit/install/moveit_msgs/lib/python3.12/site-packages:/home/luka/ws_moveit/install/moveit_configs_utils/lib/python3.12/site-packages:${PYTHONPATH} /usr/bin/cmake --install /home/luka/ws_moveit/build/moveit_hybrid_planning
