[0.011s] Invoking command in '/home/luka/ws_moveit/build/robotiq_driver': AMENT_PREFIX_PATH=/home/luka/ws_moveit/install/serial:${AMENT_PREFIX_PATH} CMAKE_PREFIX_PATH=/home/luka/ws_moveit/install/serial:/opt/ros/jazzy/opt/gz_sim_vendor:/opt/ros/jazzy/opt/gz_sensors_vendor:/opt/ros/jazzy/opt/gz_physics_vendor:/opt/ros/jazzy/opt/sdformat_vendor:/opt/ros/jazzy/opt/gz_gui_vendor:/opt/ros/jazzy/opt/gz_transport_vendor:/opt/ros/jazzy/opt/gz_rendering_vendor:/opt/ros/jazzy/opt/gz_plugin_vendor:/opt/ros/jazzy/opt/gz_fuel_tools_vendor:/opt/ros/jazzy/opt/gz_msgs_vendor:/opt/ros/jazzy/opt/gz_common_vendor:/opt/ros/jazzy/opt/gz_math_vendor:/opt/ros/jazzy/opt/gz_utils_vendor:/opt/ros/jazzy/opt/gz_tools_vendor:/opt/ros/jazzy/opt/gz_ogre_next_vendor:/opt/ros/jazzy/opt/gz_dartsim_vendor:/opt/ros/jazzy/opt/gz_cmake_vendor:/opt/ros/jazzy DEBUGINFOD_URLS=https://debuginfod.ubuntu.com LD_LIBRARY_PATH=/home/luka/ws_moveit/install/serial/lib:${LD_LIBRARY_PATH} /usr/bin/cmake --build /home/luka/ws_moveit/build/robotiq_driver -- -j4 -l4
[0.091s] [  8%] Built target gmock_main
[0.097s] [ 20%] Built target gmock
[0.110s] [ 58%] Built target robotiq_driver
[0.147s] [ 66%] Built target test_default_serial_factory
[0.152s] [ 75%] Built target test_robotiq_gripper_hardware_interface
[0.187s] [ 83%] Built target test_data_utils
[0.188s] [ 91%] Built target test_crc_utils
[0.202s] [100%] Built target test_default_driver_factory
[0.217s] Invoked command in '/home/luka/ws_moveit/build/robotiq_driver' returned '0': AMENT_PREFIX_PATH=/home/luka/ws_moveit/install/serial:${AMENT_PREFIX_PATH} CMAKE_PREFIX_PATH=/home/luka/ws_moveit/install/serial:/opt/ros/jazzy/opt/gz_sim_vendor:/opt/ros/jazzy/opt/gz_sensors_vendor:/opt/ros/jazzy/opt/gz_physics_vendor:/opt/ros/jazzy/opt/sdformat_vendor:/opt/ros/jazzy/opt/gz_gui_vendor:/opt/ros/jazzy/opt/gz_transport_vendor:/opt/ros/jazzy/opt/gz_rendering_vendor:/opt/ros/jazzy/opt/gz_plugin_vendor:/opt/ros/jazzy/opt/gz_fuel_tools_vendor:/opt/ros/jazzy/opt/gz_msgs_vendor:/opt/ros/jazzy/opt/gz_common_vendor:/opt/ros/jazzy/opt/gz_math_vendor:/opt/ros/jazzy/opt/gz_utils_vendor:/opt/ros/jazzy/opt/gz_tools_vendor:/opt/ros/jazzy/opt/gz_ogre_next_vendor:/opt/ros/jazzy/opt/gz_dartsim_vendor:/opt/ros/jazzy/opt/gz_cmake_vendor:/opt/ros/jazzy DEBUGINFOD_URLS=https://debuginfod.ubuntu.com LD_LIBRARY_PATH=/home/luka/ws_moveit/install/serial/lib:${LD_LIBRARY_PATH} /usr/bin/cmake --build /home/luka/ws_moveit/build/robotiq_driver -- -j4 -l4
[0.219s] Invoking command in '/home/luka/ws_moveit/build/robotiq_driver': AMENT_PREFIX_PATH=/home/luka/ws_moveit/install/serial:${AMENT_PREFIX_PATH} CMAKE_PREFIX_PATH=/home/luka/ws_moveit/install/serial:/opt/ros/jazzy/opt/gz_sim_vendor:/opt/ros/jazzy/opt/gz_sensors_vendor:/opt/ros/jazzy/opt/gz_physics_vendor:/opt/ros/jazzy/opt/sdformat_vendor:/opt/ros/jazzy/opt/gz_gui_vendor:/opt/ros/jazzy/opt/gz_transport_vendor:/opt/ros/jazzy/opt/gz_rendering_vendor:/opt/ros/jazzy/opt/gz_plugin_vendor:/opt/ros/jazzy/opt/gz_fuel_tools_vendor:/opt/ros/jazzy/opt/gz_msgs_vendor:/opt/ros/jazzy/opt/gz_common_vendor:/opt/ros/jazzy/opt/gz_math_vendor:/opt/ros/jazzy/opt/gz_utils_vendor:/opt/ros/jazzy/opt/gz_tools_vendor:/opt/ros/jazzy/opt/gz_ogre_next_vendor:/opt/ros/jazzy/opt/gz_dartsim_vendor:/opt/ros/jazzy/opt/gz_cmake_vendor:/opt/ros/jazzy DEBUGINFOD_URLS=https://debuginfod.ubuntu.com LD_LIBRARY_PATH=/home/luka/ws_moveit/install/serial/lib:${LD_LIBRARY_PATH} /usr/bin/cmake --install /home/luka/ws_moveit/build/robotiq_driver
[0.230s] -- Install configuration: "Release"
[0.230s] -- Up-to-date: /home/luka/ws_moveit/install/robotiq_driver/share/robotiq_driver/hardware_interface_plugin.xml
[0.230s] -- Up-to-date: /home/luka/ws_moveit/install/robotiq_driver/share/robotiq_driver/environment/library_path.sh
[0.231s] -- Up-to-date: /home/luka/ws_moveit/install/robotiq_driver/share/robotiq_driver/environment/library_path.dsv
[0.231s] -- Up-to-date: /home/luka/ws_moveit/install/robotiq_driver/include
[0.231s] -- Up-to-date: /home/luka/ws_moveit/install/robotiq_driver/include/robotiq_driver
[0.231s] -- Up-to-date: /home/luka/ws_moveit/install/robotiq_driver/include/robotiq_driver/crc_utils.hpp
[0.231s] -- Up-to-date: /home/luka/ws_moveit/install/robotiq_driver/include/robotiq_driver/serial_factory.hpp
[0.232s] -- Up-to-date: /home/luka/ws_moveit/install/robotiq_driver/include/robotiq_driver/hardware_interface.hpp
[0.232s] -- Up-to-date: /home/luka/ws_moveit/install/robotiq_driver/include/robotiq_driver/default_serial.hpp
[0.232s] -- Up-to-date: /home/luka/ws_moveit/install/robotiq_driver/include/robotiq_driver/driver_exception.hpp
[0.232s] -- Up-to-date: /home/luka/ws_moveit/install/robotiq_driver/include/robotiq_driver/default_driver_factory.hpp
[0.232s] -- Up-to-date: /home/luka/ws_moveit/install/robotiq_driver/include/robotiq_driver/data_utils.hpp
[0.233s] -- Up-to-date: /home/luka/ws_moveit/install/robotiq_driver/include/robotiq_driver/fake
[0.233s] -- Up-to-date: /home/luka/ws_moveit/install/robotiq_driver/include/robotiq_driver/fake/fake_driver.hpp
[0.233s] -- Up-to-date: /home/luka/ws_moveit/install/robotiq_driver/include/robotiq_driver/default_driver.hpp
[0.233s] -- Up-to-date: /home/luka/ws_moveit/install/robotiq_driver/include/robotiq_driver/driver.hpp
[0.233s] -- Up-to-date: /home/luka/ws_moveit/install/robotiq_driver/include/robotiq_driver/driver_factory.hpp
[0.234s] -- Up-to-date: /home/luka/ws_moveit/install/robotiq_driver/include/robotiq_driver/visibility_control.hpp
[0.234s] -- Up-to-date: /home/luka/ws_moveit/install/robotiq_driver/include/robotiq_driver/default_serial_factory.hpp
[0.234s] -- Up-to-date: /home/luka/ws_moveit/install/robotiq_driver/include/robotiq_driver/serial.hpp
[0.234s] -- Up-to-date: /home/luka/ws_moveit/install/robotiq_driver/lib/librobotiq_driver.so
[0.234s] -- Up-to-date: /home/luka/ws_moveit/install/robotiq_driver/share/ament_index/resource_index/package_run_dependencies/robotiq_driver
[0.234s] -- Up-to-date: /home/luka/ws_moveit/install/robotiq_driver/share/ament_index/resource_index/parent_prefix_path/robotiq_driver
[0.234s] -- Up-to-date: /home/luka/ws_moveit/install/robotiq_driver/share/robotiq_driver/environment/ament_prefix_path.sh
[0.235s] -- Up-to-date: /home/luka/ws_moveit/install/robotiq_driver/share/robotiq_driver/environment/ament_prefix_path.dsv
[0.235s] -- Up-to-date: /home/luka/ws_moveit/install/robotiq_driver/share/robotiq_driver/environment/path.sh
[0.235s] -- Up-to-date: /home/luka/ws_moveit/install/robotiq_driver/share/robotiq_driver/environment/path.dsv
[0.235s] -- Up-to-date: /home/luka/ws_moveit/install/robotiq_driver/share/robotiq_driver/local_setup.bash
[0.235s] -- Up-to-date: /home/luka/ws_moveit/install/robotiq_driver/share/robotiq_driver/local_setup.sh
[0.235s] -- Up-to-date: /home/luka/ws_moveit/install/robotiq_driver/share/robotiq_driver/local_setup.zsh
[0.236s] -- Up-to-date: /home/luka/ws_moveit/install/robotiq_driver/share/robotiq_driver/local_setup.dsv
[0.236s] -- Installing: /home/luka/ws_moveit/install/robotiq_driver/share/robotiq_driver/package.dsv
[0.236s] -- Up-to-date: /home/luka/ws_moveit/install/robotiq_driver/share/ament_index/resource_index/packages/robotiq_driver
[0.236s] -- Up-to-date: /home/luka/ws_moveit/install/robotiq_driver/share/ament_index/resource_index/hardware_interface__pluginlib__plugin/robotiq_driver
[0.236s] -- Up-to-date: /home/luka/ws_moveit/install/robotiq_driver/share/robotiq_driver/cmake/robotiq_driver_targetsExport.cmake
[0.236s] -- Up-to-date: /home/luka/ws_moveit/install/robotiq_driver/share/robotiq_driver/cmake/robotiq_driver_targetsExport-release.cmake
[0.237s] -- Up-to-date: /home/luka/ws_moveit/install/robotiq_driver/share/robotiq_driver/cmake/ament_cmake_export_targets-extras.cmake
[0.237s] -- Up-to-date: /home/luka/ws_moveit/install/robotiq_driver/share/robotiq_driver/cmake/ament_cmake_export_dependencies-extras.cmake
[0.237s] -- Up-to-date: /home/luka/ws_moveit/install/robotiq_driver/share/robotiq_driver/cmake/ament_cmake_export_include_directories-extras.cmake
[0.237s] -- Up-to-date: /home/luka/ws_moveit/install/robotiq_driver/share/robotiq_driver/cmake/ament_cmake_export_libraries-extras.cmake
[0.237s] -- Up-to-date: /home/luka/ws_moveit/install/robotiq_driver/share/robotiq_driver/cmake/robotiq_driverConfig.cmake
[0.238s] -- Up-to-date: /home/luka/ws_moveit/install/robotiq_driver/share/robotiq_driver/cmake/robotiq_driverConfig-version.cmake
[0.238s] -- Up-to-date: /home/luka/ws_moveit/install/robotiq_driver/share/robotiq_driver/package.xml
[0.238s] Invoked command in '/home/luka/ws_moveit/build/robotiq_driver' returned '0': AMENT_PREFIX_PATH=/home/luka/ws_moveit/install/serial:${AMENT_PREFIX_PATH} CMAKE_PREFIX_PATH=/home/luka/ws_moveit/install/serial:/opt/ros/jazzy/opt/gz_sim_vendor:/opt/ros/jazzy/opt/gz_sensors_vendor:/opt/ros/jazzy/opt/gz_physics_vendor:/opt/ros/jazzy/opt/sdformat_vendor:/opt/ros/jazzy/opt/gz_gui_vendor:/opt/ros/jazzy/opt/gz_transport_vendor:/opt/ros/jazzy/opt/gz_rendering_vendor:/opt/ros/jazzy/opt/gz_plugin_vendor:/opt/ros/jazzy/opt/gz_fuel_tools_vendor:/opt/ros/jazzy/opt/gz_msgs_vendor:/opt/ros/jazzy/opt/gz_common_vendor:/opt/ros/jazzy/opt/gz_math_vendor:/opt/ros/jazzy/opt/gz_utils_vendor:/opt/ros/jazzy/opt/gz_tools_vendor:/opt/ros/jazzy/opt/gz_ogre_next_vendor:/opt/ros/jazzy/opt/gz_dartsim_vendor:/opt/ros/jazzy/opt/gz_cmake_vendor:/opt/ros/jazzy DEBUGINFOD_URLS=https://debuginfod.ubuntu.com LD_LIBRARY_PATH=/home/luka/ws_moveit/install/serial/lib:${LD_LIBRARY_PATH} /usr/bin/cmake --install /home/luka/ws_moveit/build/robotiq_driver
