[  2%] Built target cartesian_limits_parameters
[  4%] Built target gtest
[  6%] Built target gmock_main
[  9%] Built target gtest_main
[ 12%] Built target gmock
[ 13%] [32m[1mLinking CXX shared library libjoint_limits_common.so[0m
[ 18%] Built target joint_limits_common
[ 19%] [32m[1mLinking CXX executable unittest_joint_limit[0m
[ 20%] [32m[1mLinking CXX shared library libplanning_context_loader_base.so[0m
[ 22%] [32m[1mLinking CXX executable unittest_joint_limits_aggregator[0m
[ 23%] [32m[1mLinking CXX shared library libtrajectory_generation_common.so[0m
[ 24%] Built target planning_context_loader_base
[ 25%] [32m[1mLinking CXX executable unittest_joint_limits_container[0m
[ 29%] Built target trajectory_generation_common
[ 30%] [32m[1mLinking CXX executable unittest_joint_limits_validator[0m
[ 31%] Built target unittest_joint_limit
[ 32%] Built target unittest_joint_limits_aggregator
[ 33%] [32m[1mLinking CXX shared library libcommand_list_manager.so[0m
[ 34%] [32m[1mLinking CXX shared library libpilz_industrial_motion_planner.so[0m
[ 36%] Built target unittest_joint_limits_validator
[ 37%] Built target unittest_joint_limits_container
[ 38%] [32m[1mLinking CXX shared library libplanning_context_loader_ptp.so[0m
[ 39%] [32m[1mLinking CXX shared library libplanning_context_loader_lin.so[0m
[ 41%] Built target command_list_manager
[ 43%] [32m[1mLinking CXX shared library libplanning_context_loader_circ.so[0m
[ 44%] Built target pilz_industrial_motion_planner
[ 45%] [32m[1mLinking CXX shared library libplanning_context_loader_polyline.so[0m
[ 48%] Built target planning_context_loader_ptp
[ 52%] Built target planning_context_loader_lin
[ 53%] [32m[1mLinking CXX shared library libsequence_capability.so[0m
[ 55%] Built target pilz_industrial_motion_planner_test_utils
[ 56%] [32m[1mLinking CXX executable unittest_pilz_industrial_motion_planner_direct[0m
[ 60%] Built target planning_context_loader_circ
[ 61%] [32m[1mLinking CXX executable unittest_velocity_profile_atrap[0m
[ 66%] Built target planning_context_loader_polyline
[ 67%] [32m[1mLinking CXX executable unittest_trajectory_generator[0m
[ 69%] Built target sequence_capability
[ 70%] [32m[1mLinking CXX executable unittest_trajectory_functions[0m
[ 72%] Built target unittest_pilz_industrial_motion_planner_direct
[ 73%] [32m[1mLinking CXX executable unittest_trajectory_blender_transition_window[0m
[ 75%] Built target unittest_trajectory_generator
[ 76%] [32m[1mLinking CXX executable unittest_trajectory_generator_common[0m
[ 77%] Built target unittest_trajectory_functions
[ 79%] [32m[1mLinking CXX executable unittest_trajectory_generator_circ[0m
[ 81%] Built target unittest_trajectory_blender_transition_window
[ 82%] [32m[1mLinking CXX executable unittest_trajectory_generator_lin[0m
[ 83%] Built target unittest_trajectory_generator_common
[ 84%] [32m[1mLinking CXX executable unittest_trajectory_generator_ptp[0m
[ 86%] Built target unittest_trajectory_generator_circ
[ 87%] [32m[1mLinking CXX executable unittest_pilz_industrial_motion_planner[0m
[ 88%] Built target unittest_trajectory_generator_lin
[ 89%] [32m[1mLinking CXX executable unittest_planning_context_loaders[0m
[ 90%] Built target unittest_trajectory_generator_ptp
[ 91%] [32m[1mLinking CXX executable unittest_planning_context[0m
[ 93%] Built target unittest_pilz_industrial_motion_planner
[ 94%] [32m[1mLinking CXX executable unittest_get_solver_tip_frame[0m
[ 95%] Built target unittest_planning_context_loaders
[ 96%] Built target unittest_planning_context
[ 98%] Built target unittest_velocity_profile_atrap
[100%] Built target unittest_get_solver_tip_frame
-- Install configuration: "Release"
-- Up-to-date: /home/luka/ws_moveit/install/pilz_industrial_motion_planner/include/pilz_industrial_motion_planner
-- Up-to-date: /home/luka/ws_moveit/install/pilz_industrial_motion_planner/include/pilz_industrial_motion_planner/cartesian_limits_parameters.hpp
-- Up-to-date: /home/luka/ws_moveit/install/pilz_industrial_motion_planner/share/pilz_industrial_motion_planner/plugins/pilz_industrial_motion_planner_plugin_description.xml
-- Up-to-date: /home/luka/ws_moveit/install/pilz_industrial_motion_planner/share/pilz_industrial_motion_planner/plugins/sequence_capability_plugin_description.xml
-- Up-to-date: /home/luka/ws_moveit/install/pilz_industrial_motion_planner/share/pilz_industrial_motion_planner/plugins/planning_context_plugin_description.xml
-- Installing: /home/luka/ws_moveit/install/pilz_industrial_motion_planner/lib/libpilz_industrial_motion_planner.so
-- Set non-toolchain portion of runtime path of "/home/luka/ws_moveit/install/pilz_industrial_motion_planner/lib/libpilz_industrial_motion_planner.so" to ""
-- Installing: /home/luka/ws_moveit/install/pilz_industrial_motion_planner/lib/libjoint_limits_common.so
-- Set non-toolchain portion of runtime path of "/home/luka/ws_moveit/install/pilz_industrial_motion_planner/lib/libjoint_limits_common.so" to ""
-- Installing: /home/luka/ws_moveit/install/pilz_industrial_motion_planner/lib/libplanning_context_loader_base.so
-- Set non-toolchain portion of runtime path of "/home/luka/ws_moveit/install/pilz_industrial_motion_planner/lib/libplanning_context_loader_base.so" to ""
-- Installing: /home/luka/ws_moveit/install/pilz_industrial_motion_planner/lib/libplanning_context_loader_ptp.so
-- Set non-toolchain portion of runtime path of "/home/luka/ws_moveit/install/pilz_industrial_motion_planner/lib/libplanning_context_loader_ptp.so" to ""
-- Installing: /home/luka/ws_moveit/install/pilz_industrial_motion_planner/lib/libplanning_context_loader_lin.so
-- Set non-toolchain portion of runtime path of "/home/luka/ws_moveit/install/pilz_industrial_motion_planner/lib/libplanning_context_loader_lin.so" to ""
-- Installing: /home/luka/ws_moveit/install/pilz_industrial_motion_planner/lib/libplanning_context_loader_circ.so
-- Set non-toolchain portion of runtime path of "/home/luka/ws_moveit/install/pilz_industrial_motion_planner/lib/libplanning_context_loader_circ.so" to ""
-- Installing: /home/luka/ws_moveit/install/pilz_industrial_motion_planner/lib/libplanning_context_loader_polyline.so
-- Set non-toolchain portion of runtime path of "/home/luka/ws_moveit/install/pilz_industrial_motion_planner/lib/libplanning_context_loader_polyline.so" to ""
-- Installing: /home/luka/ws_moveit/install/pilz_industrial_motion_planner/lib/libcommand_list_manager.so
-- Set non-toolchain portion of runtime path of "/home/luka/ws_moveit/install/pilz_industrial_motion_planner/lib/libcommand_list_manager.so" to ""
-- Installing: /home/luka/ws_moveit/install/pilz_industrial_motion_planner/lib/libsequence_capability.so
-- Set non-toolchain portion of runtime path of "/home/luka/ws_moveit/install/pilz_industrial_motion_planner/lib/libsequence_capability.so" to ""
-- Installing: /home/luka/ws_moveit/install/pilz_industrial_motion_planner/lib/libtrajectory_generation_common.so
-- Set non-toolchain portion of runtime path of "/home/luka/ws_moveit/install/pilz_industrial_motion_planner/lib/libtrajectory_generation_common.so" to ""
-- Up-to-date: /home/luka/ws_moveit/install/pilz_industrial_motion_planner/include/pilz_industrial_motion_planner
-- Up-to-date: /home/luka/ws_moveit/install/pilz_industrial_motion_planner/include/pilz_industrial_motion_planner/joint_limits_copy
-- Up-to-date: /home/luka/ws_moveit/install/pilz_industrial_motion_planner/include/pilz_industrial_motion_planner/joint_limits_copy/joint_limits.h
-- Up-to-date: /home/luka/ws_moveit/install/pilz_industrial_motion_planner/include/pilz_industrial_motion_planner/joint_limits_copy/joint_limits_rosparam.h
-- Up-to-date: /home/luka/ws_moveit/install/pilz_industrial_motion_planner/include/pilz_industrial_motion_planner/joint_limits_copy/joint_limits.hpp
-- Up-to-date: /home/luka/ws_moveit/install/pilz_industrial_motion_planner/include/pilz_industrial_motion_planner/joint_limits_copy/joint_limits_rosparam.hpp
-- Up-to-date: /home/luka/ws_moveit/install/pilz_industrial_motion_planner/include/pilz_industrial_motion_planner/pilz_industrial_motion_planner
-- Up-to-date: /home/luka/ws_moveit/install/pilz_industrial_motion_planner/include/pilz_industrial_motion_planner/pilz_industrial_motion_planner/trajectory_blend_response.h
-- Up-to-date: /home/luka/ws_moveit/install/pilz_industrial_motion_planner/include/pilz_industrial_motion_planner/pilz_industrial_motion_planner/joint_limits_validator.hpp
-- Up-to-date: /home/luka/ws_moveit/install/pilz_industrial_motion_planner/include/pilz_industrial_motion_planner/pilz_industrial_motion_planner/planning_exceptions.hpp
-- Up-to-date: /home/luka/ws_moveit/install/pilz_industrial_motion_planner/include/pilz_industrial_motion_planner/pilz_industrial_motion_planner/trajectory_functions.h
-- Up-to-date: /home/luka/ws_moveit/install/pilz_industrial_motion_planner/include/pilz_industrial_motion_planner/pilz_industrial_motion_planner/planning_context_loader_polyline.hpp
-- Up-to-date: /home/luka/ws_moveit/install/pilz_industrial_motion_planner/include/pilz_industrial_motion_planner/pilz_industrial_motion_planner/capability_names.hpp
-- Up-to-date: /home/luka/ws_moveit/install/pilz_industrial_motion_planner/include/pilz_industrial_motion_planner/pilz_industrial_motion_planner/velocity_profile_atrap.h
-- Up-to-date: /home/luka/ws_moveit/install/pilz_industrial_motion_planner/include/pilz_industrial_motion_planner/pilz_industrial_motion_planner/planning_context_lin.h
-- Up-to-date: /home/luka/ws_moveit/install/pilz_industrial_motion_planner/include/pilz_industrial_motion_planner/pilz_industrial_motion_planner/planning_context_circ.hpp
-- Up-to-date: /home/luka/ws_moveit/install/pilz_industrial_motion_planner/include/pilz_industrial_motion_planner/pilz_industrial_motion_planner/joint_limits_extension.h
-- Up-to-date: /home/luka/ws_moveit/install/pilz_industrial_motion_planner/include/pilz_industrial_motion_planner/pilz_industrial_motion_planner/planning_exceptions.h
-- Up-to-date: /home/luka/ws_moveit/install/pilz_industrial_motion_planner/include/pilz_industrial_motion_planner/pilz_industrial_motion_planner/planning_context_lin.hpp
-- Up-to-date: /home/luka/ws_moveit/install/pilz_industrial_motion_planner/include/pilz_industrial_motion_planner/pilz_industrial_motion_planner/trajectory_blend_response.hpp
-- Up-to-date: /home/luka/ws_moveit/install/pilz_industrial_motion_planner/include/pilz_industrial_motion_planner/pilz_industrial_motion_planner/joint_limits_aggregator.h
-- Up-to-date: /home/luka/ws_moveit/install/pilz_industrial_motion_planner/include/pilz_industrial_motion_planner/pilz_industrial_motion_planner/planning_context_ptp.h
-- Up-to-date: /home/luka/ws_moveit/install/pilz_industrial_motion_planner/include/pilz_industrial_motion_planner/pilz_industrial_motion_planner/plan_components_builder.hpp
-- Up-to-date: /home/luka/ws_moveit/install/pilz_industrial_motion_planner/include/pilz_industrial_motion_planner/pilz_industrial_motion_planner/trajectory_generator_polyline.hpp
-- Up-to-date: /home/luka/ws_moveit/install/pilz_industrial_motion_planner/include/pilz_industrial_motion_planner/pilz_industrial_motion_planner/trajectory_generator_circ.h
-- Up-to-date: /home/luka/ws_moveit/install/pilz_industrial_motion_planner/include/pilz_industrial_motion_planner/pilz_industrial_motion_planner/planning_context_loader.hpp
-- Up-to-date: /home/luka/ws_moveit/install/pilz_industrial_motion_planner/include/pilz_industrial_motion_planner/pilz_industrial_motion_planner/planning_context_base.h
-- Up-to-date: /home/luka/ws_moveit/install/pilz_industrial_motion_planner/include/pilz_industrial_motion_planner/pilz_industrial_motion_planner/planning_context_loader.h
-- Up-to-date: /home/luka/ws_moveit/install/pilz_industrial_motion_planner/include/pilz_industrial_motion_planner/pilz_industrial_motion_planner/trajectory_blender_transition_window.hpp
-- Up-to-date: /home/luka/ws_moveit/install/pilz_industrial_motion_planner/include/pilz_industrial_motion_planner/pilz_industrial_motion_planner/cartesian_trajectory_point.hpp
-- Up-to-date: /home/luka/ws_moveit/install/pilz_industrial_motion_planner/include/pilz_industrial_motion_planner/pilz_industrial_motion_planner/path_circle_generator.h
-- Up-to-date: /home/luka/ws_moveit/install/pilz_industrial_motion_planner/include/pilz_industrial_motion_planner/pilz_industrial_motion_planner/tip_frame_getter.hpp
-- Up-to-date: /home/luka/ws_moveit/install/pilz_industrial_motion_planner/include/pilz_industrial_motion_planner/pilz_industrial_motion_planner/velocity_profile_atrap.hpp
-- Up-to-date: /home/luka/ws_moveit/install/pilz_industrial_motion_planner/include/pilz_industrial_motion_planner/pilz_industrial_motion_planner/command_list_manager.h
-- Up-to-date: /home/luka/ws_moveit/install/pilz_industrial_motion_planner/include/pilz_industrial_motion_planner/pilz_industrial_motion_planner/trajectory_blender.hpp
-- Up-to-date: /home/luka/ws_moveit/install/pilz_industrial_motion_planner/include/pilz_industrial_motion_planner/pilz_industrial_motion_planner/limits_container.h
-- Up-to-date: /home/luka/ws_moveit/install/pilz_industrial_motion_planner/include/pilz_industrial_motion_planner/pilz_industrial_motion_planner/path_circle_generator.hpp
-- Up-to-date: /home/luka/ws_moveit/install/pilz_industrial_motion_planner/include/pilz_industrial_motion_planner/pilz_industrial_motion_planner/trajectory_generator_lin.hpp
-- Up-to-date: /home/luka/ws_moveit/install/pilz_industrial_motion_planner/include/pilz_industrial_motion_planner/pilz_industrial_motion_planner/planning_context_circ.h
-- Up-to-date: /home/luka/ws_moveit/install/pilz_industrial_motion_planner/include/pilz_industrial_motion_planner/pilz_industrial_motion_planner/trajectory_generator.hpp
-- Up-to-date: /home/luka/ws_moveit/install/pilz_industrial_motion_planner/include/pilz_industrial_motion_planner/pilz_industrial_motion_planner/planning_context_base.hpp
-- Up-to-date: /home/luka/ws_moveit/install/pilz_industrial_motion_planner/include/pilz_industrial_motion_planner/pilz_industrial_motion_planner/tip_frame_getter.h
-- Up-to-date: /home/luka/ws_moveit/install/pilz_industrial_motion_planner/include/pilz_industrial_motion_planner/pilz_industrial_motion_planner/trajectory_generator_circ.hpp
-- Up-to-date: /home/luka/ws_moveit/install/pilz_industrial_motion_planner/include/pilz_industrial_motion_planner/pilz_industrial_motion_planner/planning_context_loader_circ.hpp
-- Up-to-date: /home/luka/ws_moveit/install/pilz_industrial_motion_planner/include/pilz_industrial_motion_planner/pilz_industrial_motion_planner/joint_limits_interface_extension.hpp
-- Up-to-date: /home/luka/ws_moveit/install/pilz_industrial_motion_planner/include/pilz_industrial_motion_planner/pilz_industrial_motion_planner/pilz_industrial_motion_planner.hpp
-- Up-to-date: /home/luka/ws_moveit/install/pilz_industrial_motion_planner/include/pilz_industrial_motion_planner/pilz_industrial_motion_planner/trajectory_generator_ptp.hpp
-- Up-to-date: /home/luka/ws_moveit/install/pilz_industrial_motion_planner/include/pilz_industrial_motion_planner/pilz_industrial_motion_planner/joint_limits_extension.hpp
-- Up-to-date: /home/luka/ws_moveit/install/pilz_industrial_motion_planner/include/pilz_industrial_motion_planner/pilz_industrial_motion_planner/limits_container.hpp
-- Up-to-date: /home/luka/ws_moveit/install/pilz_industrial_motion_planner/include/pilz_industrial_motion_planner/pilz_industrial_motion_planner/planning_context_loader_circ.h
-- Up-to-date: /home/luka/ws_moveit/install/pilz_industrial_motion_planner/include/pilz_industrial_motion_planner/pilz_industrial_motion_planner/planning_context_polyline.hpp
-- Up-to-date: /home/luka/ws_moveit/install/pilz_industrial_motion_planner/include/pilz_industrial_motion_planner/pilz_industrial_motion_planner/planning_context_ptp.hpp
-- Up-to-date: /home/luka/ws_moveit/install/pilz_industrial_motion_planner/include/pilz_industrial_motion_planner/pilz_industrial_motion_planner/joint_limits_container.h
-- Up-to-date: /home/luka/ws_moveit/install/pilz_industrial_motion_planner/include/pilz_industrial_motion_planner/pilz_industrial_motion_planner/trajectory_functions.hpp
-- Up-to-date: /home/luka/ws_moveit/install/pilz_industrial_motion_planner/include/pilz_industrial_motion_planner/pilz_industrial_motion_planner/trajectory_generator_ptp.h
-- Up-to-date: /home/luka/ws_moveit/install/pilz_industrial_motion_planner/include/pilz_industrial_motion_planner/pilz_industrial_motion_planner/pilz_industrial_motion_planner.h
-- Up-to-date: /home/luka/ws_moveit/install/pilz_industrial_motion_planner/include/pilz_industrial_motion_planner/pilz_industrial_motion_planner/joint_limits_interface_extension.h
-- Up-to-date: /home/luka/ws_moveit/install/pilz_industrial_motion_planner/include/pilz_industrial_motion_planner/pilz_industrial_motion_planner/joint_limits_aggregator.hpp
-- Up-to-date: /home/luka/ws_moveit/install/pilz_industrial_motion_planner/include/pilz_industrial_motion_planner/pilz_industrial_motion_planner/joint_limits_container.hpp
-- Up-to-date: /home/luka/ws_moveit/install/pilz_industrial_motion_planner/include/pilz_industrial_motion_planner/pilz_industrial_motion_planner/planning_context_loader_ptp.h
-- Up-to-date: /home/luka/ws_moveit/install/pilz_industrial_motion_planner/include/pilz_industrial_motion_planner/pilz_industrial_motion_planner/trajectory_generation_exceptions.h
-- Up-to-date: /home/luka/ws_moveit/install/pilz_industrial_motion_planner/include/pilz_industrial_motion_planner/pilz_industrial_motion_planner/move_group_sequence_action.h
-- Up-to-date: /home/luka/ws_moveit/install/pilz_industrial_motion_planner/include/pilz_industrial_motion_planner/pilz_industrial_motion_planner/cartesian_trajectory.hpp
-- Up-to-date: /home/luka/ws_moveit/install/pilz_industrial_motion_planner/include/pilz_industrial_motion_planner/pilz_industrial_motion_planner/move_group_sequence_service.h
-- Up-to-date: /home/luka/ws_moveit/install/pilz_industrial_motion_planner/include/pilz_industrial_motion_planner/pilz_industrial_motion_planner/trajectory_blender_transition_window.h
-- Up-to-date: /home/luka/ws_moveit/install/pilz_industrial_motion_planner/include/pilz_industrial_motion_planner/pilz_industrial_motion_planner/planning_context_loader_lin.hpp
-- Up-to-date: /home/luka/ws_moveit/install/pilz_industrial_motion_planner/include/pilz_industrial_motion_planner/pilz_industrial_motion_planner/move_group_sequence_service.hpp
-- Up-to-date: /home/luka/ws_moveit/install/pilz_industrial_motion_planner/include/pilz_industrial_motion_planner/pilz_industrial_motion_planner/command_list_manager.hpp
-- Up-to-date: /home/luka/ws_moveit/install/pilz_industrial_motion_planner/include/pilz_industrial_motion_planner/pilz_industrial_motion_planner/cartesian_trajectory.h
-- Up-to-date: /home/luka/ws_moveit/install/pilz_industrial_motion_planner/include/pilz_industrial_motion_planner/pilz_industrial_motion_planner/path_polyline_generator.hpp
-- Up-to-date: /home/luka/ws_moveit/install/pilz_industrial_motion_planner/include/pilz_industrial_motion_planner/pilz_industrial_motion_planner/plan_components_builder.h
-- Up-to-date: /home/luka/ws_moveit/install/pilz_industrial_motion_planner/include/pilz_industrial_motion_planner/pilz_industrial_motion_planner/trajectory_generator.h
-- Up-to-date: /home/luka/ws_moveit/install/pilz_industrial_motion_planner/include/pilz_industrial_motion_planner/pilz_industrial_motion_planner/cartesian_trajectory_point.h
-- Up-to-date: /home/luka/ws_moveit/install/pilz_industrial_motion_planner/include/pilz_industrial_motion_planner/pilz_industrial_motion_planner/trajectory_blender.h
-- Up-to-date: /home/luka/ws_moveit/install/pilz_industrial_motion_planner/include/pilz_industrial_motion_planner/pilz_industrial_motion_planner/planning_context_loader_lin.h
-- Up-to-date: /home/luka/ws_moveit/install/pilz_industrial_motion_planner/include/pilz_industrial_motion_planner/pilz_industrial_motion_planner/planning_context_loader_ptp.hpp
-- Up-to-date: /home/luka/ws_moveit/install/pilz_industrial_motion_planner/include/pilz_industrial_motion_planner/pilz_industrial_motion_planner/joint_limits_validator.h
-- Up-to-date: /home/luka/ws_moveit/install/pilz_industrial_motion_planner/include/pilz_industrial_motion_planner/pilz_industrial_motion_planner/capability_names.h
-- Up-to-date: /home/luka/ws_moveit/install/pilz_industrial_motion_planner/include/pilz_industrial_motion_planner/pilz_industrial_motion_planner/trajectory_blend_request.hpp
-- Up-to-date: /home/luka/ws_moveit/install/pilz_industrial_motion_planner/include/pilz_industrial_motion_planner/pilz_industrial_motion_planner/trajectory_generator_lin.h
-- Up-to-date: /home/luka/ws_moveit/install/pilz_industrial_motion_planner/include/pilz_industrial_motion_planner/pilz_industrial_motion_planner/move_group_sequence_action.hpp
-- Up-to-date: /home/luka/ws_moveit/install/pilz_industrial_motion_planner/include/pilz_industrial_motion_planner/pilz_industrial_motion_planner/trajectory_generation_exceptions.hpp
-- Up-to-date: /home/luka/ws_moveit/install/pilz_industrial_motion_planner/include/pilz_industrial_motion_planner/pilz_industrial_motion_planner/trajectory_blend_request.h
-- Up-to-date: /home/luka/ws_moveit/install/pilz_industrial_motion_planner/share/pilz_industrial_motion_planner/environment/library_path.sh
-- Up-to-date: /home/luka/ws_moveit/install/pilz_industrial_motion_planner/share/pilz_industrial_motion_planner/environment/library_path.dsv
-- Installing: /home/luka/ws_moveit/install/pilz_industrial_motion_planner/lib/pilz_industrial_motion_planner/unittest_pilz_industrial_motion_planner_direct
-- Set non-toolchain portion of runtime path of "/home/luka/ws_moveit/install/pilz_industrial_motion_planner/lib/pilz_industrial_motion_planner/unittest_pilz_industrial_motion_planner_direct" to ""
-- Installing: /home/luka/ws_moveit/install/pilz_industrial_motion_planner/lib/pilz_industrial_motion_planner/unittest_velocity_profile_atrap
-- Set non-toolchain portion of runtime path of "/home/luka/ws_moveit/install/pilz_industrial_motion_planner/lib/pilz_industrial_motion_planner/unittest_velocity_profile_atrap" to ""
-- Installing: /home/luka/ws_moveit/install/pilz_industrial_motion_planner/lib/pilz_industrial_motion_planner/unittest_trajectory_generator
-- Set non-toolchain portion of runtime path of "/home/luka/ws_moveit/install/pilz_industrial_motion_planner/lib/pilz_industrial_motion_planner/unittest_trajectory_generator" to ""
-- Installing: /home/luka/ws_moveit/install/pilz_industrial_motion_planner/lib/pilz_industrial_motion_planner/unittest_trajectory_functions
-- Set non-toolchain portion of runtime path of "/home/luka/ws_moveit/install/pilz_industrial_motion_planner/lib/pilz_industrial_motion_planner/unittest_trajectory_functions" to ""
-- Installing: /home/luka/ws_moveit/install/pilz_industrial_motion_planner/lib/pilz_industrial_motion_planner/unittest_trajectory_blender_transition_window
-- Set non-toolchain portion of runtime path of "/home/luka/ws_moveit/install/pilz_industrial_motion_planner/lib/pilz_industrial_motion_planner/unittest_trajectory_blender_transition_window" to ""
-- Installing: /home/luka/ws_moveit/install/pilz_industrial_motion_planner/lib/pilz_industrial_motion_planner/unittest_trajectory_generator_common
-- Set non-toolchain portion of runtime path of "/home/luka/ws_moveit/install/pilz_industrial_motion_planner/lib/pilz_industrial_motion_planner/unittest_trajectory_generator_common" to ""
-- Installing: /home/luka/ws_moveit/install/pilz_industrial_motion_planner/lib/pilz_industrial_motion_planner/unittest_trajectory_generator_circ
-- Set non-toolchain portion of runtime path of "/home/luka/ws_moveit/install/pilz_industrial_motion_planner/lib/pilz_industrial_motion_planner/unittest_trajectory_generator_circ" to ""
-- Installing: /home/luka/ws_moveit/install/pilz_industrial_motion_planner/lib/pilz_industrial_motion_planner/unittest_trajectory_generator_lin
-- Set non-toolchain portion of runtime path of "/home/luka/ws_moveit/install/pilz_industrial_motion_planner/lib/pilz_industrial_motion_planner/unittest_trajectory_generator_lin" to ""
-- Installing: /home/luka/ws_moveit/install/pilz_industrial_motion_planner/lib/pilz_industrial_motion_planner/unittest_trajectory_generator_ptp
-- Set non-toolchain portion of runtime path of "/home/luka/ws_moveit/install/pilz_industrial_motion_planner/lib/pilz_industrial_motion_planner/unittest_trajectory_generator_ptp" to ""
-- Installing: /home/luka/ws_moveit/install/pilz_industrial_motion_planner/lib/pilz_industrial_motion_planner/unittest_pilz_industrial_motion_planner
-- Set non-toolchain portion of runtime path of "/home/luka/ws_moveit/install/pilz_industrial_motion_planner/lib/pilz_industrial_motion_planner/unittest_pilz_industrial_motion_planner" to ""
-- Installing: /home/luka/ws_moveit/install/pilz_industrial_motion_planner/lib/pilz_industrial_motion_planner/unittest_joint_limit
-- Set non-toolchain portion of runtime path of "/home/luka/ws_moveit/install/pilz_industrial_motion_planner/lib/pilz_industrial_motion_planner/unittest_joint_limit" to ""
-- Installing: /home/luka/ws_moveit/install/pilz_industrial_motion_planner/lib/pilz_industrial_motion_planner/unittest_joint_limits_aggregator
-- Set non-toolchain portion of runtime path of "/home/luka/ws_moveit/install/pilz_industrial_motion_planner/lib/pilz_industrial_motion_planner/unittest_joint_limits_aggregator" to ""
-- Installing: /home/luka/ws_moveit/install/pilz_industrial_motion_planner/lib/pilz_industrial_motion_planner/unittest_joint_limits_container
-- Set non-toolchain portion of runtime path of "/home/luka/ws_moveit/install/pilz_industrial_motion_planner/lib/pilz_industrial_motion_planner/unittest_joint_limits_container" to ""
-- Installing: /home/luka/ws_moveit/install/pilz_industrial_motion_planner/lib/pilz_industrial_motion_planner/unittest_joint_limits_validator
-- Set non-toolchain portion of runtime path of "/home/luka/ws_moveit/install/pilz_industrial_motion_planner/lib/pilz_industrial_motion_planner/unittest_joint_limits_validator" to ""
-- Installing: /home/luka/ws_moveit/install/pilz_industrial_motion_planner/lib/pilz_industrial_motion_planner/unittest_planning_context_loaders
-- Set non-toolchain portion of runtime path of "/home/luka/ws_moveit/install/pilz_industrial_motion_planner/lib/pilz_industrial_motion_planner/unittest_planning_context_loaders" to ""
-- Installing: /home/luka/ws_moveit/install/pilz_industrial_motion_planner/lib/pilz_industrial_motion_planner/unittest_planning_context
-- Set non-toolchain portion of runtime path of "/home/luka/ws_moveit/install/pilz_industrial_motion_planner/lib/pilz_industrial_motion_planner/unittest_planning_context" to ""
-- Installing: /home/luka/ws_moveit/install/pilz_industrial_motion_planner/lib/pilz_industrial_motion_planner/unittest_get_solver_tip_frame
-- Set non-toolchain portion of runtime path of "/home/luka/ws_moveit/install/pilz_industrial_motion_planner/lib/pilz_industrial_motion_planner/unittest_get_solver_tip_frame" to ""
-- Up-to-date: /home/luka/ws_moveit/install/pilz_industrial_motion_planner/share/pilz_industrial_motion_planner/config
-- Up-to-date: /home/luka/ws_moveit/install/pilz_industrial_motion_planner/share/pilz_industrial_motion_planner/config/unittest_trajectory_functions.yaml
-- Up-to-date: /home/luka/ws_moveit/install/pilz_industrial_motion_planner/share/pilz_industrial_motion_planner/config/unittest_trajectory_generator_ptp.yaml
-- Up-to-date: /home/luka/ws_moveit/install/pilz_industrial_motion_planner/share/pilz_industrial_motion_planner/config/unittest_trajectory_generator_lin.yaml
-- Up-to-date: /home/luka/ws_moveit/install/pilz_industrial_motion_planner/share/pilz_industrial_motion_planner/config/unittest_joint_limits_aggregator.yaml
-- Up-to-date: /home/luka/ws_moveit/install/pilz_industrial_motion_planner/share/pilz_industrial_motion_planner/config/unittest_trajectory_generator_common.yaml
-- Up-to-date: /home/luka/ws_moveit/install/pilz_industrial_motion_planner/share/pilz_industrial_motion_planner/config/unittest_trajectory_generator_circ.yaml
-- Up-to-date: /home/luka/ws_moveit/install/pilz_industrial_motion_planner/share/pilz_industrial_motion_planner/config/unittest_joint_limit_config.yaml
-- Up-to-date: /home/luka/ws_moveit/install/pilz_industrial_motion_planner/share/pilz_industrial_motion_planner/config/unittest_trajectory_blender_transition_window.yaml
-- Up-to-date: /home/luka/ws_moveit/install/pilz_industrial_motion_planner/share/pilz_industrial_motion_planner/launch
-- Up-to-date: /home/luka/ws_moveit/install/pilz_industrial_motion_planner/share/pilz_industrial_motion_planner/launch/unittest_joint_limit.test.py
-- Up-to-date: /home/luka/ws_moveit/install/pilz_industrial_motion_planner/share/pilz_industrial_motion_planner/launch/unittest_trajectory_functions.test.py
-- Up-to-date: /home/luka/ws_moveit/install/pilz_industrial_motion_planner/share/pilz_industrial_motion_planner/launch/unittest_trajectory_generator_lin.test.py
-- Up-to-date: /home/luka/ws_moveit/install/pilz_industrial_motion_planner/share/pilz_industrial_motion_planner/launch/unittest_trajectory_generator_ptp.test.py
-- Up-to-date: /home/luka/ws_moveit/install/pilz_industrial_motion_planner/share/pilz_industrial_motion_planner/launch/unittest_pilz_industrial_motion_planner.test.py
-- Up-to-date: /home/luka/ws_moveit/install/pilz_industrial_motion_planner/share/pilz_industrial_motion_planner/launch/unittest_trajectory_generator_common.test.py
-- Up-to-date: /home/luka/ws_moveit/install/pilz_industrial_motion_planner/share/pilz_industrial_motion_planner/launch/unittest_trajectory_generator_circ.test.py
-- Up-to-date: /home/luka/ws_moveit/install/pilz_industrial_motion_planner/share/pilz_industrial_motion_planner/launch/unittest_planning_context_loaders.test.py
-- Up-to-date: /home/luka/ws_moveit/install/pilz_industrial_motion_planner/share/pilz_industrial_motion_planner/launch/unittest_joint_limits_aggregator.test.py
-- Up-to-date: /home/luka/ws_moveit/install/pilz_industrial_motion_planner/share/pilz_industrial_motion_planner/launch/unittest_planning_context.test.py
-- Up-to-date: /home/luka/ws_moveit/install/pilz_industrial_motion_planner/share/pilz_industrial_motion_planner/launch/unittest_cartesian_limits_aggregator.test.py
-- Up-to-date: /home/luka/ws_moveit/install/pilz_industrial_motion_planner/share/pilz_industrial_motion_planner/launch/unittest_trajectory_blender_transition_window.test.py
-- Up-to-date: /home/luka/ws_moveit/install/pilz_industrial_motion_planner/share/pilz_industrial_motion_planner/launch/common_parameters.py
-- Up-to-date: /home/luka/ws_moveit/install/pilz_industrial_motion_planner/share/pilz_industrial_motion_planner/test_data
-- Up-to-date: /home/luka/ws_moveit/install/pilz_industrial_motion_planner/share/pilz_industrial_motion_planner/test_data/concept_testdata.png
-- Up-to-date: /home/luka/ws_moveit/install/pilz_industrial_motion_planner/share/pilz_industrial_motion_planner/test_data/concept_testdata.odp
-- Up-to-date: /home/luka/ws_moveit/install/pilz_industrial_motion_planner/share/pilz_industrial_motion_planner/test_data/testpoints.py
-- Up-to-date: /home/luka/ws_moveit/install/pilz_industrial_motion_planner/share/pilz_industrial_motion_planner/test_data/prbt
-- Up-to-date: /home/luka/ws_moveit/install/pilz_industrial_motion_planner/share/pilz_industrial_motion_planner/test_data/prbt/testdata_sequence.xml
-- Up-to-date: /home/luka/ws_moveit/install/pilz_industrial_motion_planner/share/pilz_industrial_motion_planner/test_data/prbt/testdata_with_gripper.xml
-- Up-to-date: /home/luka/ws_moveit/install/pilz_industrial_motion_planner/share/pilz_industrial_motion_planner/test_data/prbt/testdata_deprecated.xml
-- Up-to-date: /home/luka/ws_moveit/install/pilz_industrial_motion_planner/share/pilz_industrial_motion_planner/test_data/frankaemika_panda
-- Up-to-date: /home/luka/ws_moveit/install/pilz_industrial_motion_planner/share/pilz_industrial_motion_planner/test_data/frankaemika_panda/testdata_sequence.xml
-- Up-to-date: /home/luka/ws_moveit/install/pilz_industrial_motion_planner/share/ament_index/resource_index/package_run_dependencies/pilz_industrial_motion_planner
-- Up-to-date: /home/luka/ws_moveit/install/pilz_industrial_motion_planner/share/ament_index/resource_index/parent_prefix_path/pilz_industrial_motion_planner
-- Up-to-date: /home/luka/ws_moveit/install/pilz_industrial_motion_planner/share/pilz_industrial_motion_planner/environment/ament_prefix_path.sh
-- Up-to-date: /home/luka/ws_moveit/install/pilz_industrial_motion_planner/share/pilz_industrial_motion_planner/environment/ament_prefix_path.dsv
-- Up-to-date: /home/luka/ws_moveit/install/pilz_industrial_motion_planner/share/pilz_industrial_motion_planner/environment/path.sh
-- Up-to-date: /home/luka/ws_moveit/install/pilz_industrial_motion_planner/share/pilz_industrial_motion_planner/environment/path.dsv
-- Up-to-date: /home/luka/ws_moveit/install/pilz_industrial_motion_planner/share/pilz_industrial_motion_planner/local_setup.bash
-- Up-to-date: /home/luka/ws_moveit/install/pilz_industrial_motion_planner/share/pilz_industrial_motion_planner/local_setup.sh
-- Up-to-date: /home/luka/ws_moveit/install/pilz_industrial_motion_planner/share/pilz_industrial_motion_planner/local_setup.zsh
-- Up-to-date: /home/luka/ws_moveit/install/pilz_industrial_motion_planner/share/pilz_industrial_motion_planner/local_setup.dsv
-- Installing: /home/luka/ws_moveit/install/pilz_industrial_motion_planner/share/pilz_industrial_motion_planner/package.dsv
-- Up-to-date: /home/luka/ws_moveit/install/pilz_industrial_motion_planner/share/ament_index/resource_index/packages/pilz_industrial_motion_planner
-- Up-to-date: /home/luka/ws_moveit/install/pilz_industrial_motion_planner/share/ament_index/resource_index/moveit_core__pluginlib__plugin/pilz_industrial_motion_planner
-- Up-to-date: /home/luka/ws_moveit/install/pilz_industrial_motion_planner/share/ament_index/resource_index/moveit_ros_move_group__pluginlib__plugin/pilz_industrial_motion_planner
-- Up-to-date: /home/luka/ws_moveit/install/pilz_industrial_motion_planner/share/ament_index/resource_index/pilz_industrial_motion_planner__pluginlib__plugin/pilz_industrial_motion_planner
-- Up-to-date: /home/luka/ws_moveit/install/pilz_industrial_motion_planner/share/pilz_industrial_motion_planner/cmake/pilz_industrial_motion_plannerTargetsExport.cmake
-- Up-to-date: /home/luka/ws_moveit/install/pilz_industrial_motion_planner/share/pilz_industrial_motion_planner/cmake/pilz_industrial_motion_plannerTargetsExport-release.cmake
-- Up-to-date: /home/luka/ws_moveit/install/pilz_industrial_motion_planner/share/pilz_industrial_motion_planner/cmake/ament_cmake_export_dependencies-extras.cmake
-- Up-to-date: /home/luka/ws_moveit/install/pilz_industrial_motion_planner/share/pilz_industrial_motion_planner/cmake/ament_cmake_export_include_directories-extras.cmake
-- Up-to-date: /home/luka/ws_moveit/install/pilz_industrial_motion_planner/share/pilz_industrial_motion_planner/cmake/ament_cmake_export_targets-extras.cmake
-- Up-to-date: /home/luka/ws_moveit/install/pilz_industrial_motion_planner/share/pilz_industrial_motion_planner/cmake/pilz_industrial_motion_plannerConfig.cmake
-- Up-to-date: /home/luka/ws_moveit/install/pilz_industrial_motion_planner/share/pilz_industrial_motion_planner/cmake/pilz_industrial_motion_plannerConfig-version.cmake
-- Up-to-date: /home/luka/ws_moveit/install/pilz_industrial_motion_planner/share/pilz_industrial_motion_planner/package.xml
