[0.025s] Invoking command in '/home/luka/ws_moveit/build/moveit_ros_planning': AMENT_PREFIX_PATH=/home/luka/ws_moveit/install/moveit_ros_occupancy_map_monitor:/home/luka/ws_moveit/install/moveit_core:/home/luka/ws_moveit/install/moveit_resources_panda_moveit_config:/home/luka/ws_moveit/install/moveit_resources_pr2_description:/home/luka/ws_moveit/install/moveit_resources_panda_description:/home/luka/ws_moveit/install/moveit_msgs:/home/luka/ws_moveit/install/moveit_configs_utils:/home/luka/ws_moveit/install/moveit_common:${AMENT_PREFIX_PATH} CMAKE_PREFIX_PATH=/home/luka/ws_moveit/install/moveit_ros_occupancy_map_monitor:/home/luka/ws_moveit/install/moveit_core:/home/luka/ws_moveit/install/moveit_resources_panda_moveit_config:/home/luka/ws_moveit/install/moveit_resources_pr2_description:/home/luka/ws_moveit/install/moveit_resources_panda_description:/home/luka/ws_moveit/install/moveit_msgs:/home/luka/ws_moveit/install/moveit_common:/opt/ros/jazzy/opt/gz_sim_vendor:/opt/ros/jazzy/opt/gz_sensors_vendor:/opt/ros/jazzy/opt/gz_physics_vendor:/opt/ros/jazzy/opt/sdformat_vendor:/opt/ros/jazzy/opt/gz_gui_vendor:/opt/ros/jazzy/opt/gz_transport_vendor:/opt/ros/jazzy/opt/gz_rendering_vendor:/opt/ros/jazzy/opt/gz_plugin_vendor:/opt/ros/jazzy/opt/gz_fuel_tools_vendor:/opt/ros/jazzy/opt/gz_msgs_vendor:/opt/ros/jazzy/opt/gz_common_vendor:/opt/ros/jazzy/opt/gz_math_vendor:/opt/ros/jazzy/opt/gz_utils_vendor:/opt/ros/jazzy/opt/gz_tools_vendor:/opt/ros/jazzy/opt/gz_ogre_next_vendor:/opt/ros/jazzy/opt/gz_dartsim_vendor:/opt/ros/jazzy/opt/gz_cmake_vendor:/opt/ros/jazzy DEBUGINFOD_URLS=https://debuginfod.ubuntu.com LD_LIBRARY_PATH=/home/luka/ws_moveit/install/moveit_ros_occupancy_map_monitor/lib:/home/luka/ws_moveit/install/moveit_core/lib:/home/luka/ws_moveit/install/moveit_msgs/lib:${LD_LIBRARY_PATH} PATH=/home/luka/ws_moveit/install/moveit_core/bin:${PATH} PYTHONPATH=/home/luka/ws_moveit/install/moveit_msgs/lib/python3.12/site-packages:/home/luka/ws_moveit/install/moveit_configs_utils/lib/python3.12/site-packages:${PYTHONPATH} /usr/bin/cmake --build /home/luka/ws_moveit/build/moveit_ros_planning -- -j4 -l4
[0.125s] [  1%] [32m[1mLinking CXX shared library libmoveit_collision_plugin_loader.so[0m
[0.126s] [  3%] Built target srdf_publisher
[0.131s] [  4%] [32m[1mLinking CXX shared library libmoveit_rdf_loader.so[0m
[0.162s] [  6%] Built target kinematics_parameters
[0.193s] [  8%] Built target planning_pipeline_parameters
[0.249s] [ 10%] [32m[1mLinking CXX shared library libmoveit_pipeline_test_plugins.so[0m
[0.490s] [ 11%] Built target moveit_collision_plugin_loader
[0.543s] [ 13%] Built target gtest_main
[0.606s] [ 15%] Built target gtest
[0.617s] [ 16%] Built target moveit_pipeline_test_plugins
[0.657s] [ 19%] Built target default_request_adapter_parameters
[0.678s] [ 21%] Built target gmock_main
[0.715s] [ 24%] Built target gmock
[0.724s] [ 26%] Built target default_response_adapter_parameters
[0.772s] [ 29%] Built target srdf_publisher_node
[0.787s] [ 30%] [32m[1mLinking CXX shared library libmoveit_planning_pipeline.so[0m
[0.871s] [ 31%] [32m[1mLinking CXX shared library libmoveit_default_planning_request_adapter_plugins.so[0m
[1.042s] [ 33%] Built target moveit_rdf_loader
[1.168s] [ 34%] [32m[1mLinking CXX shared library libmoveit_default_planning_response_adapter_plugins.so[0m
[1.220s] [ 35%] [32m[1mLinking CXX shared library libmoveit_constraint_sampler_manager_loader.so[0m
[1.341s] [ 41%] Built target moveit_default_planning_request_adapter_plugins
[1.436s] [ 42%] [32m[1mLinking CXX shared library libmoveit_kinematics_plugin_loader.so[0m
[1.450s] [ 43%] Built target moveit_planning_pipeline
[1.574s] [ 44%] [32m[1mLinking CXX shared library libmoveit_planning_pipeline_interfaces.so[0m
[1.777s] [ 46%] Built target moveit_constraint_sampler_manager_loader
[1.880s] [ 50%] Built target moveit_default_planning_response_adapter_plugins
[1.893s] [ 51%] [32m[1mLinking CXX executable moveit_planning_pipeline_test[0m
[1.970s] [ 52%] [32m[1mLinking CXX executable test_check_start_state_bounds[0m
[2.004s] [ 53%] Built target moveit_kinematics_plugin_loader
[2.098s] [ 55%] [32m[1mLinking CXX shared library libmoveit_robot_model_loader.so[0m
[2.182s] [ 59%] Built target moveit_planning_pipeline_interfaces
[2.623s] [ 60%] Built target moveit_robot_model_loader
[2.808s] [ 61%] Built target test_check_start_state_bounds
[2.817s] [ 62%] Built target moveit_planning_pipeline_test
[2.859s] [ 64%] [32m[1mLinking CXX executable moveit_print_planning_model_info[0m
[3.210s] [ 65%] Built target moveit_print_planning_model_info
[3.281s] [ 66%] [32m[1mLinking CXX shared library libmoveit_planning_scene_monitor.so[0m
[3.826s] [ 71%] Built target moveit_planning_scene_monitor
[3.877s] [ 73%] [32m[1mLinking CXX shared library libmoveit_trajectory_execution_manager.so[0m
[4.319s] [ 74%] Built target moveit_trajectory_execution_manager
[4.371s] [ 75%] [32m[1mLinking CXX executable moveit_visualize_robot_collision_volume[0m
[4.879s] [ 76%] Built target moveit_visualize_robot_collision_volume
[4.936s] [ 77%] [32m[1mLinking CXX executable moveit_evaluate_collision_checking_speed[0m
[5.431s] [ 78%] Built target moveit_evaluate_collision_checking_speed
[5.486s] [ 79%] [32m[1mLinking CXX executable moveit_publish_scene_from_text[0m
[6.011s] [ 80%] Built target moveit_publish_scene_from_text
[6.062s] [ 82%] [32m[1mLinking CXX executable demo_scene[0m
[6.392s] [ 83%] Built target demo_scene
[6.440s] [ 84%] [32m[1mLinking CXX executable current_state_monitor_tests[0m
[6.999s] [ 85%] Built target current_state_monitor_tests
[7.048s] [ 86%] [32m[1mLinking CXX executable trajectory_monitor_tests[0m
[7.608s] [ 87%] Built target trajectory_monitor_tests
[7.660s] [ 88%] [32m[1mLinking CXX executable planning_scene_monitor_test[0m
[8.151s] [ 89%] Built target planning_scene_monitor_test
[8.210s] [ 91%] [32m[1mLinking CXX shared library libmoveit_cpp.so[0m
[8.610s] [ 93%] Built target moveit_cpp
[8.664s] [ 94%] [32m[1mLinking CXX shared library libmoveit_plan_execution.so[0m
[9.017s] [ 95%] Built target moveit_plan_execution
[9.065s] [ 96%] [32m[1mLinking CXX executable moveit_display_random_state[0m
[9.590s] [ 97%] Built target moveit_display_random_state
[9.641s] [ 98%] [32m[1mLinking CXX executable moveit_print_planning_scene_info[0m
[10.076s] [100%] Built target moveit_print_planning_scene_info
[10.092s] Invoked command in '/home/luka/ws_moveit/build/moveit_ros_planning' returned '0': AMENT_PREFIX_PATH=/home/luka/ws_moveit/install/moveit_ros_occupancy_map_monitor:/home/luka/ws_moveit/install/moveit_core:/home/luka/ws_moveit/install/moveit_resources_panda_moveit_config:/home/luka/ws_moveit/install/moveit_resources_pr2_description:/home/luka/ws_moveit/install/moveit_resources_panda_description:/home/luka/ws_moveit/install/moveit_msgs:/home/luka/ws_moveit/install/moveit_configs_utils:/home/luka/ws_moveit/install/moveit_common:${AMENT_PREFIX_PATH} CMAKE_PREFIX_PATH=/home/luka/ws_moveit/install/moveit_ros_occupancy_map_monitor:/home/luka/ws_moveit/install/moveit_core:/home/luka/ws_moveit/install/moveit_resources_panda_moveit_config:/home/luka/ws_moveit/install/moveit_resources_pr2_description:/home/luka/ws_moveit/install/moveit_resources_panda_description:/home/luka/ws_moveit/install/moveit_msgs:/home/luka/ws_moveit/install/moveit_common:/opt/ros/jazzy/opt/gz_sim_vendor:/opt/ros/jazzy/opt/gz_sensors_vendor:/opt/ros/jazzy/opt/gz_physics_vendor:/opt/ros/jazzy/opt/sdformat_vendor:/opt/ros/jazzy/opt/gz_gui_vendor:/opt/ros/jazzy/opt/gz_transport_vendor:/opt/ros/jazzy/opt/gz_rendering_vendor:/opt/ros/jazzy/opt/gz_plugin_vendor:/opt/ros/jazzy/opt/gz_fuel_tools_vendor:/opt/ros/jazzy/opt/gz_msgs_vendor:/opt/ros/jazzy/opt/gz_common_vendor:/opt/ros/jazzy/opt/gz_math_vendor:/opt/ros/jazzy/opt/gz_utils_vendor:/opt/ros/jazzy/opt/gz_tools_vendor:/opt/ros/jazzy/opt/gz_ogre_next_vendor:/opt/ros/jazzy/opt/gz_dartsim_vendor:/opt/ros/jazzy/opt/gz_cmake_vendor:/opt/ros/jazzy DEBUGINFOD_URLS=https://debuginfod.ubuntu.com LD_LIBRARY_PATH=/home/luka/ws_moveit/install/moveit_ros_occupancy_map_monitor/lib:/home/luka/ws_moveit/install/moveit_core/lib:/home/luka/ws_moveit/install/moveit_msgs/lib:${LD_LIBRARY_PATH} PATH=/home/luka/ws_moveit/install/moveit_core/bin:${PATH} PYTHONPATH=/home/luka/ws_moveit/install/moveit_msgs/lib/python3.12/site-packages:/home/luka/ws_moveit/install/moveit_configs_utils/lib/python3.12/site-packages:${PYTHONPATH} /usr/bin/cmake --build /home/luka/ws_moveit/build/moveit_ros_planning -- -j4 -l4
[10.094s] Invoking command in '/home/luka/ws_moveit/build/moveit_ros_planning': AMENT_PREFIX_PATH=/home/luka/ws_moveit/install/moveit_ros_occupancy_map_monitor:/home/luka/ws_moveit/install/moveit_core:/home/luka/ws_moveit/install/moveit_resources_panda_moveit_config:/home/luka/ws_moveit/install/moveit_resources_pr2_description:/home/luka/ws_moveit/install/moveit_resources_panda_description:/home/luka/ws_moveit/install/moveit_msgs:/home/luka/ws_moveit/install/moveit_configs_utils:/home/luka/ws_moveit/install/moveit_common:${AMENT_PREFIX_PATH} CMAKE_PREFIX_PATH=/home/luka/ws_moveit/install/moveit_ros_occupancy_map_monitor:/home/luka/ws_moveit/install/moveit_core:/home/luka/ws_moveit/install/moveit_resources_panda_moveit_config:/home/luka/ws_moveit/install/moveit_resources_pr2_description:/home/luka/ws_moveit/install/moveit_resources_panda_description:/home/luka/ws_moveit/install/moveit_msgs:/home/luka/ws_moveit/install/moveit_common:/opt/ros/jazzy/opt/gz_sim_vendor:/opt/ros/jazzy/opt/gz_sensors_vendor:/opt/ros/jazzy/opt/gz_physics_vendor:/opt/ros/jazzy/opt/sdformat_vendor:/opt/ros/jazzy/opt/gz_gui_vendor:/opt/ros/jazzy/opt/gz_transport_vendor:/opt/ros/jazzy/opt/gz_rendering_vendor:/opt/ros/jazzy/opt/gz_plugin_vendor:/opt/ros/jazzy/opt/gz_fuel_tools_vendor:/opt/ros/jazzy/opt/gz_msgs_vendor:/opt/ros/jazzy/opt/gz_common_vendor:/opt/ros/jazzy/opt/gz_math_vendor:/opt/ros/jazzy/opt/gz_utils_vendor:/opt/ros/jazzy/opt/gz_tools_vendor:/opt/ros/jazzy/opt/gz_ogre_next_vendor:/opt/ros/jazzy/opt/gz_dartsim_vendor:/opt/ros/jazzy/opt/gz_cmake_vendor:/opt/ros/jazzy DEBUGINFOD_URLS=https://debuginfod.ubuntu.com LD_LIBRARY_PATH=/home/luka/ws_moveit/install/moveit_ros_occupancy_map_monitor/lib:/home/luka/ws_moveit/install/moveit_core/lib:/home/luka/ws_moveit/install/moveit_msgs/lib:${LD_LIBRARY_PATH} PATH=/home/luka/ws_moveit/install/moveit_core/bin:${PATH} PYTHONPATH=/home/luka/ws_moveit/install/moveit_msgs/lib/python3.12/site-packages:/home/luka/ws_moveit/install/moveit_configs_utils/lib/python3.12/site-packages:${PYTHONPATH} /usr/bin/cmake --install /home/luka/ws_moveit/build/moveit_ros_planning
[10.105s] -- Install configuration: "Release"
[10.106s] -- Up-to-date: /home/luka/ws_moveit/install/moveit_ros_planning/include/moveit_ros_planning
[10.106s] -- Up-to-date: /home/luka/ws_moveit/install/moveit_ros_planning/include/moveit_ros_planning/moveit
[10.106s] -- Up-to-date: /home/luka/ws_moveit/install/moveit_ros_planning/include/moveit_ros_planning/moveit/collision_plugin_loader
[10.106s] -- Up-to-date: /home/luka/ws_moveit/install/moveit_ros_planning/include/moveit_ros_planning/moveit/collision_plugin_loader/collision_plugin_loader.h
[10.106s] -- Up-to-date: /home/luka/ws_moveit/install/moveit_ros_planning/include/moveit_ros_planning/moveit/collision_plugin_loader/collision_plugin_loader.hpp
[10.107s] -- Up-to-date: /home/luka/ws_moveit/install/moveit_ros_planning/include/moveit_ros_planning
[10.107s] -- Up-to-date: /home/luka/ws_moveit/install/moveit_ros_planning/include/moveit_ros_planning/moveit
[10.107s] -- Up-to-date: /home/luka/ws_moveit/install/moveit_ros_planning/include/moveit_ros_planning/moveit/constraint_sampler_manager_loader
[10.107s] -- Up-to-date: /home/luka/ws_moveit/install/moveit_ros_planning/include/moveit_ros_planning/moveit/constraint_sampler_manager_loader/constraint_sampler_manager_loader.hpp
[10.107s] -- Up-to-date: /home/luka/ws_moveit/install/moveit_ros_planning/include/moveit_ros_planning/moveit/constraint_sampler_manager_loader/constraint_sampler_manager_loader.h
[10.107s] -- Up-to-date: /home/luka/ws_moveit/install/moveit_ros_planning/include/moveit_ros_planning
[10.108s] -- Up-to-date: /home/luka/ws_moveit/install/moveit_ros_planning/include/moveit_ros_planning/kinematics_parameters.hpp
[10.108s] -- Up-to-date: /home/luka/ws_moveit/install/moveit_ros_planning/include/moveit_ros_planning
[10.108s] -- Up-to-date: /home/luka/ws_moveit/install/moveit_ros_planning/include/moveit_ros_planning/moveit
[10.108s] -- Up-to-date: /home/luka/ws_moveit/install/moveit_ros_planning/include/moveit_ros_planning/moveit/kinematics_plugin_loader
[10.108s] -- Up-to-date: /home/luka/ws_moveit/install/moveit_ros_planning/include/moveit_ros_planning/moveit/kinematics_plugin_loader/kinematics_plugin_loader.h
[10.108s] -- Up-to-date: /home/luka/ws_moveit/install/moveit_ros_planning/include/moveit_ros_planning/moveit/kinematics_plugin_loader/kinematics_plugin_loader.hpp
[10.109s] -- Up-to-date: /home/luka/ws_moveit/install/moveit_ros_planning/include/moveit_ros_planning
[10.109s] -- Up-to-date: /home/luka/ws_moveit/install/moveit_ros_planning/include/moveit_ros_planning/moveit
[10.109s] -- Up-to-date: /home/luka/ws_moveit/install/moveit_ros_planning/include/moveit_ros_planning/moveit/moveit_cpp
[10.109s] -- Up-to-date: /home/luka/ws_moveit/install/moveit_ros_planning/include/moveit_ros_planning/moveit/moveit_cpp/moveit_cpp.hpp
[10.109s] -- Up-to-date: /home/luka/ws_moveit/install/moveit_ros_planning/include/moveit_ros_planning/moveit/moveit_cpp/planning_component.h
[10.109s] -- Up-to-date: /home/luka/ws_moveit/install/moveit_ros_planning/include/moveit_ros_planning/moveit/moveit_cpp/planning_component.hpp
[10.109s] -- Up-to-date: /home/luka/ws_moveit/install/moveit_ros_planning/include/moveit_ros_planning/moveit/moveit_cpp/moveit_cpp.h
[10.109s] -- Up-to-date: /home/luka/ws_moveit/install/moveit_ros_planning/include/moveit_ros_planning
[10.110s] -- Up-to-date: /home/luka/ws_moveit/install/moveit_ros_planning/include/moveit_ros_planning/moveit
[10.110s] -- Up-to-date: /home/luka/ws_moveit/install/moveit_ros_planning/include/moveit_ros_planning/moveit/plan_execution
[10.110s] -- Up-to-date: /home/luka/ws_moveit/install/moveit_ros_planning/include/moveit_ros_planning/moveit/plan_execution/plan_execution.h
[10.110s] -- Up-to-date: /home/luka/ws_moveit/install/moveit_ros_planning/include/moveit_ros_planning/moveit/plan_execution/plan_execution.hpp
[10.110s] -- Up-to-date: /home/luka/ws_moveit/install/moveit_ros_planning/include/moveit_ros_planning/moveit/plan_execution/plan_representation.h
[10.110s] -- Up-to-date: /home/luka/ws_moveit/install/moveit_ros_planning/include/moveit_ros_planning/moveit/plan_execution/plan_representation.hpp
[10.110s] -- Installing: /home/luka/ws_moveit/install/moveit_ros_planning/lib/moveit_ros_planning/moveit_print_planning_model_info
[10.111s] -- Set non-toolchain portion of runtime path of "/home/luka/ws_moveit/install/moveit_ros_planning/lib/moveit_ros_planning/moveit_print_planning_model_info" to ""
[10.111s] -- Installing: /home/luka/ws_moveit/install/moveit_ros_planning/lib/moveit_ros_planning/moveit_print_planning_scene_info
[10.112s] -- Set non-toolchain portion of runtime path of "/home/luka/ws_moveit/install/moveit_ros_planning/lib/moveit_ros_planning/moveit_print_planning_scene_info" to ""
[10.113s] -- Installing: /home/luka/ws_moveit/install/moveit_ros_planning/lib/moveit_ros_planning/moveit_display_random_state
[10.114s] -- Set non-toolchain portion of runtime path of "/home/luka/ws_moveit/install/moveit_ros_planning/lib/moveit_ros_planning/moveit_display_random_state" to ""
[10.115s] -- Installing: /home/luka/ws_moveit/install/moveit_ros_planning/lib/moveit_ros_planning/moveit_visualize_robot_collision_volume
[10.116s] -- Set non-toolchain portion of runtime path of "/home/luka/ws_moveit/install/moveit_ros_planning/lib/moveit_ros_planning/moveit_visualize_robot_collision_volume" to ""
[10.117s] -- Installing: /home/luka/ws_moveit/install/moveit_ros_planning/lib/moveit_ros_planning/moveit_evaluate_collision_checking_speed
[10.118s] -- Set non-toolchain portion of runtime path of "/home/luka/ws_moveit/install/moveit_ros_planning/lib/moveit_ros_planning/moveit_evaluate_collision_checking_speed" to ""
[10.118s] -- Installing: /home/luka/ws_moveit/install/moveit_ros_planning/lib/moveit_ros_planning/moveit_publish_scene_from_text
[10.119s] -- Set non-toolchain portion of runtime path of "/home/luka/ws_moveit/install/moveit_ros_planning/lib/moveit_ros_planning/moveit_publish_scene_from_text" to ""
[10.119s] -- Up-to-date: /home/luka/ws_moveit/install/moveit_ros_planning/include/moveit_ros_planning
[10.120s] -- Up-to-date: /home/luka/ws_moveit/install/moveit_ros_planning/include/moveit_ros_planning/moveit
[10.120s] -- Up-to-date: /home/luka/ws_moveit/install/moveit_ros_planning/include/moveit_ros_planning/moveit/planning_pipeline_interfaces
[10.120s] -- Up-to-date: /home/luka/ws_moveit/install/moveit_ros_planning/include/moveit_ros_planning/moveit/planning_pipeline_interfaces/plan_responses_container.hpp
[10.120s] -- Up-to-date: /home/luka/ws_moveit/install/moveit_ros_planning/include/moveit_ros_planning/moveit/planning_pipeline_interfaces/planning_pipeline_interfaces.hpp
[10.120s] -- Up-to-date: /home/luka/ws_moveit/install/moveit_ros_planning/include/moveit_ros_planning/moveit/planning_pipeline_interfaces/solution_selection_functions.h
[10.121s] -- Up-to-date: /home/luka/ws_moveit/install/moveit_ros_planning/include/moveit_ros_planning/moveit/planning_pipeline_interfaces/planning_pipeline_interfaces.h
[10.121s] -- Up-to-date: /home/luka/ws_moveit/install/moveit_ros_planning/include/moveit_ros_planning/moveit/planning_pipeline_interfaces/plan_responses_container.h
[10.121s] -- Up-to-date: /home/luka/ws_moveit/install/moveit_ros_planning/include/moveit_ros_planning/moveit/planning_pipeline_interfaces/stopping_criterion_functions.h
[10.121s] -- Up-to-date: /home/luka/ws_moveit/install/moveit_ros_planning/include/moveit_ros_planning/moveit/planning_pipeline_interfaces/solution_selection_functions.hpp
[10.121s] -- Up-to-date: /home/luka/ws_moveit/install/moveit_ros_planning/include/moveit_ros_planning/moveit/planning_pipeline_interfaces/stopping_criterion_functions.hpp
[10.121s] -- Up-to-date: /home/luka/ws_moveit/install/moveit_ros_planning/include/moveit_ros_planning/moveit_planning_pipeline_interfaces_export.h
[10.121s] -- Up-to-date: /home/luka/ws_moveit/install/moveit_ros_planning/include/moveit_ros_planning
[10.122s] -- Up-to-date: /home/luka/ws_moveit/install/moveit_ros_planning/include/moveit_ros_planning/planning_pipeline_parameters.hpp
[10.122s] -- Installing: /home/luka/ws_moveit/install/moveit_ros_planning/lib/libmoveit_pipeline_test_plugins.so.2.14.1
[10.122s] -- Set non-toolchain portion of runtime path of "/home/luka/ws_moveit/install/moveit_ros_planning/lib/libmoveit_pipeline_test_plugins.so.2.14.1" to ""
[10.122s] -- Up-to-date: /home/luka/ws_moveit/install/moveit_ros_planning/lib/libmoveit_pipeline_test_plugins.so
[10.122s] -- Up-to-date: /home/luka/ws_moveit/install/moveit_ros_planning/include/moveit_ros_planning
[10.122s] -- Up-to-date: /home/luka/ws_moveit/install/moveit_ros_planning/include/moveit_ros_planning/moveit
[10.123s] -- Up-to-date: /home/luka/ws_moveit/install/moveit_ros_planning/include/moveit_ros_planning/moveit/planning_pipeline
[10.123s] -- Up-to-date: /home/luka/ws_moveit/install/moveit_ros_planning/include/moveit_ros_planning/moveit/planning_pipeline/planning_pipeline.h
[10.123s] -- Up-to-date: /home/luka/ws_moveit/install/moveit_ros_planning/include/moveit_ros_planning/moveit/planning_pipeline/planning_pipeline.hpp
[10.123s] -- Up-to-date: /home/luka/ws_moveit/install/moveit_ros_planning/include/moveit_ros_planning/moveit_planning_pipeline_export.h
[10.123s] -- Up-to-date: /home/luka/ws_moveit/install/moveit_ros_planning/include/moveit_ros_planning
[10.123s] -- Up-to-date: /home/luka/ws_moveit/install/moveit_ros_planning/include/moveit_ros_planning/default_request_adapter_parameters.hpp
[10.124s] -- Up-to-date: /home/luka/ws_moveit/install/moveit_ros_planning/include/moveit_ros_planning
[10.124s] -- Up-to-date: /home/luka/ws_moveit/install/moveit_ros_planning/include/moveit_ros_planning/default_response_adapter_parameters.hpp
[10.125s] -- Installing: /home/luka/ws_moveit/install/moveit_ros_planning/lib/moveit_ros_planning/demo_scene
[10.125s] -- Set non-toolchain portion of runtime path of "/home/luka/ws_moveit/install/moveit_ros_planning/lib/moveit_ros_planning/demo_scene" to ""
[10.126s] -- Up-to-date: /home/luka/ws_moveit/install/moveit_ros_planning/include/moveit_ros_planning
[10.126s] -- Up-to-date: /home/luka/ws_moveit/install/moveit_ros_planning/include/moveit_ros_planning/moveit
[10.126s] -- Up-to-date: /home/luka/ws_moveit/install/moveit_ros_planning/include/moveit_ros_planning/moveit/planning_scene_monitor
[10.126s] -- Up-to-date: /home/luka/ws_moveit/install/moveit_ros_planning/include/moveit_ros_planning/moveit/planning_scene_monitor/planning_scene_monitor.h
[10.126s] -- Up-to-date: /home/luka/ws_moveit/install/moveit_ros_planning/include/moveit_ros_planning/moveit/planning_scene_monitor/current_state_monitor_middleware_handle.hpp
[10.126s] -- Up-to-date: /home/luka/ws_moveit/install/moveit_ros_planning/include/moveit_ros_planning/moveit/planning_scene_monitor/current_state_monitor.h
[10.127s] -- Up-to-date: /home/luka/ws_moveit/install/moveit_ros_planning/include/moveit_ros_planning/moveit/planning_scene_monitor/trajectory_monitor_middleware_handle.hpp
[10.127s] -- Up-to-date: /home/luka/ws_moveit/install/moveit_ros_planning/include/moveit_ros_planning/moveit/planning_scene_monitor/trajectory_monitor.h
[10.127s] -- Up-to-date: /home/luka/ws_moveit/install/moveit_ros_planning/include/moveit_ros_planning/moveit/planning_scene_monitor/planning_scene_monitor.hpp
[10.127s] -- Up-to-date: /home/luka/ws_moveit/install/moveit_ros_planning/include/moveit_ros_planning/moveit/planning_scene_monitor/current_state_monitor.hpp
[10.127s] -- Up-to-date: /home/luka/ws_moveit/install/moveit_ros_planning/include/moveit_ros_planning/moveit/planning_scene_monitor/trajectory_monitor.hpp
[10.127s] -- Up-to-date: /home/luka/ws_moveit/install/moveit_ros_planning/include/moveit_ros_planning/moveit/planning_scene_monitor/current_state_monitor_middleware_handle.h
[10.127s] -- Up-to-date: /home/luka/ws_moveit/install/moveit_ros_planning/include/moveit_ros_planning/moveit/planning_scene_monitor/trajectory_monitor_middleware_handle.h
[10.128s] -- Up-to-date: /home/luka/ws_moveit/install/moveit_ros_planning/include/moveit_ros_planning/moveit_planning_scene_monitor_export.h
[10.128s] -- Up-to-date: /home/luka/ws_moveit/install/moveit_ros_planning/include/moveit_ros_planning
[10.128s] -- Up-to-date: /home/luka/ws_moveit/install/moveit_ros_planning/include/moveit_ros_planning/moveit
[10.128s] -- Up-to-date: /home/luka/ws_moveit/install/moveit_ros_planning/include/moveit_ros_planning/moveit/rdf_loader
[10.128s] -- Up-to-date: /home/luka/ws_moveit/install/moveit_ros_planning/include/moveit_ros_planning/moveit/rdf_loader/synchronized_string_parameter.h
[10.129s] -- Up-to-date: /home/luka/ws_moveit/install/moveit_ros_planning/include/moveit_ros_planning/moveit/rdf_loader/synchronized_string_parameter.hpp
[10.129s] -- Up-to-date: /home/luka/ws_moveit/install/moveit_ros_planning/include/moveit_ros_planning/moveit/rdf_loader/rdf_loader.hpp
[10.129s] -- Up-to-date: /home/luka/ws_moveit/install/moveit_ros_planning/include/moveit_ros_planning/moveit/rdf_loader/rdf_loader.h
[10.129s] -- Up-to-date: /home/luka/ws_moveit/install/moveit_ros_planning/share/moveit_ros_planning/rdf_loader/test/data
[10.129s] -- Up-to-date: /home/luka/ws_moveit/install/moveit_ros_planning/share/moveit_ros_planning/rdf_loader/test/data/kermit.srdf
[10.129s] -- Up-to-date: /home/luka/ws_moveit/install/moveit_ros_planning/share/moveit_ros_planning/rdf_loader/test/data/gonzo.urdf
[10.130s] -- Up-to-date: /home/luka/ws_moveit/install/moveit_ros_planning/share/moveit_ros_planning/rdf_loader/test/data/gonzo.srdf
[10.130s] -- Up-to-date: /home/luka/ws_moveit/install/moveit_ros_planning/share/moveit_ros_planning/rdf_loader/test/data/robin.srdf.xacro
[10.130s] -- Up-to-date: /home/luka/ws_moveit/install/moveit_ros_planning/share/moveit_ros_planning/rdf_loader/test/data/kermit.urdf
[10.130s] -- Up-to-date: /home/luka/ws_moveit/install/moveit_ros_planning/share/moveit_ros_planning/rdf_loader/test/launch
[10.130s] -- Up-to-date: /home/luka/ws_moveit/install/moveit_ros_planning/share/moveit_ros_planning/rdf_loader/test/launch/test_rdf_integration.test.py
[10.131s] -- Up-to-date: /home/luka/ws_moveit/install/moveit_ros_planning/include/moveit_ros_planning
[10.131s] -- Up-to-date: /home/luka/ws_moveit/install/moveit_ros_planning/include/moveit_ros_planning/moveit
[10.131s] -- Up-to-date: /home/luka/ws_moveit/install/moveit_ros_planning/include/moveit_ros_planning/moveit/robot_model_loader
[10.131s] -- Up-to-date: /home/luka/ws_moveit/install/moveit_ros_planning/include/moveit_ros_planning/moveit/robot_model_loader/robot_model_loader.hpp
[10.131s] -- Up-to-date: /home/luka/ws_moveit/install/moveit_ros_planning/include/moveit_ros_planning/moveit/robot_model_loader/robot_model_loader.h
[10.131s] -- Up-to-date: /home/luka/ws_moveit/install/moveit_ros_planning/include/moveit_ros_planning
[10.132s] -- Up-to-date: /home/luka/ws_moveit/install/moveit_ros_planning/include/moveit_ros_planning/moveit
[10.132s] -- Up-to-date: /home/luka/ws_moveit/install/moveit_ros_planning/include/moveit_ros_planning/moveit/trajectory_execution_manager
[10.132s] -- Up-to-date: /home/luka/ws_moveit/install/moveit_ros_planning/include/moveit_ros_planning/moveit/trajectory_execution_manager/trajectory_execution_manager.hpp
[10.132s] -- Up-to-date: /home/luka/ws_moveit/install/moveit_ros_planning/include/moveit_ros_planning/moveit/trajectory_execution_manager/trajectory_execution_manager.h
[10.132s] -- Up-to-date: /home/luka/ws_moveit/install/moveit_ros_planning/include/moveit_ros_planning/moveit_trajectory_execution_manager_export.h
[10.132s] -- Installing: /home/luka/ws_moveit/install/moveit_ros_planning/lib/libmoveit_collision_plugin_loader.so.2.14.1
[10.133s] -- Set non-toolchain portion of runtime path of "/home/luka/ws_moveit/install/moveit_ros_planning/lib/libmoveit_collision_plugin_loader.so.2.14.1" to ""
[10.133s] -- Up-to-date: /home/luka/ws_moveit/install/moveit_ros_planning/lib/libmoveit_collision_plugin_loader.so
[10.133s] -- Installing: /home/luka/ws_moveit/install/moveit_ros_planning/lib/libmoveit_constraint_sampler_manager_loader.so.2.14.1
[10.133s] -- Set non-toolchain portion of runtime path of "/home/luka/ws_moveit/install/moveit_ros_planning/lib/libmoveit_constraint_sampler_manager_loader.so.2.14.1" to ""
[10.134s] -- Up-to-date: /home/luka/ws_moveit/install/moveit_ros_planning/lib/libmoveit_constraint_sampler_manager_loader.so
[10.134s] -- Installing: /home/luka/ws_moveit/install/moveit_ros_planning/lib/libmoveit_cpp.so.2.14.1
[10.135s] -- Set non-toolchain portion of runtime path of "/home/luka/ws_moveit/install/moveit_ros_planning/lib/libmoveit_cpp.so.2.14.1" to ""
[10.135s] -- Up-to-date: /home/luka/ws_moveit/install/moveit_ros_planning/lib/libmoveit_cpp.so
[10.135s] -- Installing: /home/luka/ws_moveit/install/moveit_ros_planning/lib/libmoveit_kinematics_plugin_loader.so.2.14.1
[10.136s] -- Set non-toolchain portion of runtime path of "/home/luka/ws_moveit/install/moveit_ros_planning/lib/libmoveit_kinematics_plugin_loader.so.2.14.1" to ""
[10.136s] -- Up-to-date: /home/luka/ws_moveit/install/moveit_ros_planning/lib/libmoveit_kinematics_plugin_loader.so
[10.136s] -- Installing: /home/luka/ws_moveit/install/moveit_ros_planning/lib/libmoveit_plan_execution.so.2.14.1
[10.137s] -- Set non-toolchain portion of runtime path of "/home/luka/ws_moveit/install/moveit_ros_planning/lib/libmoveit_plan_execution.so.2.14.1" to ""
[10.137s] -- Up-to-date: /home/luka/ws_moveit/install/moveit_ros_planning/lib/libmoveit_plan_execution.so
[10.137s] -- Installing: /home/luka/ws_moveit/install/moveit_ros_planning/lib/libmoveit_planning_pipeline.so.2.14.1
[10.138s] -- Set non-toolchain portion of runtime path of "/home/luka/ws_moveit/install/moveit_ros_planning/lib/libmoveit_planning_pipeline.so.2.14.1" to ""
[10.138s] -- Up-to-date: /home/luka/ws_moveit/install/moveit_ros_planning/lib/libmoveit_planning_pipeline.so
[10.138s] -- Installing: /home/luka/ws_moveit/install/moveit_ros_planning/lib/libmoveit_planning_pipeline_interfaces.so.2.14.1
[10.140s] -- Set non-toolchain portion of runtime path of "/home/luka/ws_moveit/install/moveit_ros_planning/lib/libmoveit_planning_pipeline_interfaces.so.2.14.1" to ""
[10.140s] -- Up-to-date: /home/luka/ws_moveit/install/moveit_ros_planning/lib/libmoveit_planning_pipeline_interfaces.so
[10.140s] -- Installing: /home/luka/ws_moveit/install/moveit_ros_planning/lib/libmoveit_planning_scene_monitor.so.2.14.1
[10.144s] -- Set non-toolchain portion of runtime path of "/home/luka/ws_moveit/install/moveit_ros_planning/lib/libmoveit_planning_scene_monitor.so.2.14.1" to ""
[10.144s] -- Up-to-date: /home/luka/ws_moveit/install/moveit_ros_planning/lib/libmoveit_planning_scene_monitor.so
[10.144s] -- Installing: /home/luka/ws_moveit/install/moveit_ros_planning/lib/libmoveit_rdf_loader.so.2.14.1
[10.146s] -- Set non-toolchain portion of runtime path of "/home/luka/ws_moveit/install/moveit_ros_planning/lib/libmoveit_rdf_loader.so.2.14.1" to ""
[10.146s] -- Up-to-date: /home/luka/ws_moveit/install/moveit_ros_planning/lib/libmoveit_rdf_loader.so
[10.146s] -- Installing: /home/luka/ws_moveit/install/moveit_ros_planning/lib/libmoveit_robot_model_loader.so.2.14.1
[10.147s] -- Set non-toolchain portion of runtime path of "/home/luka/ws_moveit/install/moveit_ros_planning/lib/libmoveit_robot_model_loader.so.2.14.1" to ""
[10.147s] -- Up-to-date: /home/luka/ws_moveit/install/moveit_ros_planning/lib/libmoveit_robot_model_loader.so
[10.147s] -- Installing: /home/luka/ws_moveit/install/moveit_ros_planning/lib/libmoveit_trajectory_execution_manager.so.2.14.1
[10.149s] -- Set non-toolchain portion of runtime path of "/home/luka/ws_moveit/install/moveit_ros_planning/lib/libmoveit_trajectory_execution_manager.so.2.14.1" to ""
[10.149s] -- Up-to-date: /home/luka/ws_moveit/install/moveit_ros_planning/lib/libmoveit_trajectory_execution_manager.so
[10.150s] -- Up-to-date: /home/luka/ws_moveit/install/moveit_ros_planning/lib/libsrdf_publisher_node.so
[10.150s] -- Installing: /home/luka/ws_moveit/install/moveit_ros_planning/lib/libmoveit_default_planning_response_adapter_plugins.so.2.14.1
[10.151s] -- Set non-toolchain portion of runtime path of "/home/luka/ws_moveit/install/moveit_ros_planning/lib/libmoveit_default_planning_response_adapter_plugins.so.2.14.1" to ""
[10.152s] -- Up-to-date: /home/luka/ws_moveit/install/moveit_ros_planning/lib/libmoveit_default_planning_response_adapter_plugins.so
[10.152s] -- Installing: /home/luka/ws_moveit/install/moveit_ros_planning/lib/libmoveit_default_planning_request_adapter_plugins.so.2.14.1
[10.152s] -- Set non-toolchain portion of runtime path of "/home/luka/ws_moveit/install/moveit_ros_planning/lib/libmoveit_default_planning_request_adapter_plugins.so.2.14.1" to ""
[10.153s] -- Up-to-date: /home/luka/ws_moveit/install/moveit_ros_planning/lib/libmoveit_default_planning_request_adapter_plugins.so
[10.153s] -- Up-to-date: /home/luka/ws_moveit/install/moveit_ros_planning/share/moveit_ros_planning/environment/library_path.sh
[10.153s] -- Up-to-date: /home/luka/ws_moveit/install/moveit_ros_planning/share/moveit_ros_planning/environment/library_path.dsv
[10.153s] -- Up-to-date: /home/luka/ws_moveit/install/moveit_ros_planning/lib/moveit_ros_planning/srdf_publisher
[10.154s] -- Up-to-date: /home/luka/ws_moveit/install/moveit_ros_planning/share/moveit_ros_planning/default_request_adapters_plugin_description.xml
[10.154s] -- Up-to-date: /home/luka/ws_moveit/install/moveit_ros_planning/share/moveit_ros_planning/default_response_adapters_plugin_description.xml
[10.154s] -- Up-to-date: /home/luka/ws_moveit/install/moveit_ros_planning/share/moveit_ros_planning/planning_pipeline_test_plugins_description.xml
[10.154s] -- Up-to-date: /home/luka/ws_moveit/install/moveit_ros_planning/share/ament_index/resource_index/package_run_dependencies/moveit_ros_planning
[10.154s] -- Up-to-date: /home/luka/ws_moveit/install/moveit_ros_planning/share/ament_index/resource_index/parent_prefix_path/moveit_ros_planning
[10.155s] -- Up-to-date: /home/luka/ws_moveit/install/moveit_ros_planning/share/moveit_ros_planning/environment/ament_prefix_path.sh
[10.155s] -- Up-to-date: /home/luka/ws_moveit/install/moveit_ros_planning/share/moveit_ros_planning/environment/ament_prefix_path.dsv
[10.155s] -- Up-to-date: /home/luka/ws_moveit/install/moveit_ros_planning/share/moveit_ros_planning/environment/path.sh
[10.155s] -- Up-to-date: /home/luka/ws_moveit/install/moveit_ros_planning/share/moveit_ros_planning/environment/path.dsv
[10.155s] -- Up-to-date: /home/luka/ws_moveit/install/moveit_ros_planning/share/moveit_ros_planning/local_setup.bash
[10.156s] -- Up-to-date: /home/luka/ws_moveit/install/moveit_ros_planning/share/moveit_ros_planning/local_setup.sh
[10.156s] -- Up-to-date: /home/luka/ws_moveit/install/moveit_ros_planning/share/moveit_ros_planning/local_setup.zsh
[10.156s] -- Up-to-date: /home/luka/ws_moveit/install/moveit_ros_planning/share/moveit_ros_planning/local_setup.dsv
[10.156s] -- Installing: /home/luka/ws_moveit/install/moveit_ros_planning/share/moveit_ros_planning/package.dsv
[10.156s] -- Up-to-date: /home/luka/ws_moveit/install/moveit_ros_planning/share/ament_index/resource_index/packages/moveit_ros_planning
[10.156s] -- Up-to-date: /home/luka/ws_moveit/install/moveit_ros_planning/share/ament_index/resource_index/moveit_core__pluginlib__plugin/moveit_ros_planning
[10.156s] -- Up-to-date: /home/luka/ws_moveit/install/moveit_ros_planning/share/moveit_ros_planning/cmake/moveit_ros_planningTargetsExport.cmake
[10.157s] -- Up-to-date: /home/luka/ws_moveit/install/moveit_ros_planning/share/moveit_ros_planning/cmake/moveit_ros_planningTargetsExport-release.cmake
[10.157s] -- Up-to-date: /home/luka/ws_moveit/install/moveit_ros_planning/share/ament_index/resource_index/rclcpp_components/moveit_ros_planning
[10.157s] -- Up-to-date: /home/luka/ws_moveit/install/moveit_ros_planning/share/moveit_ros_planning/cmake/ConfigExtras.cmake
[10.157s] -- Up-to-date: /home/luka/ws_moveit/install/moveit_ros_planning/share/moveit_ros_planning/cmake/ament_cmake_export_targets-extras.cmake
[10.157s] -- Up-to-date: /home/luka/ws_moveit/install/moveit_ros_planning/share/moveit_ros_planning/cmake/ament_cmake_export_dependencies-extras.cmake
[10.157s] -- Up-to-date: /home/luka/ws_moveit/install/moveit_ros_planning/share/moveit_ros_planning/cmake/moveit_ros_planningConfig.cmake
[10.158s] -- Up-to-date: /home/luka/ws_moveit/install/moveit_ros_planning/share/moveit_ros_planning/cmake/moveit_ros_planningConfig-version.cmake
[10.158s] -- Up-to-date: /home/luka/ws_moveit/install/moveit_ros_planning/share/moveit_ros_planning/package.xml
[10.160s] Invoked command in '/home/luka/ws_moveit/build/moveit_ros_planning' returned '0': AMENT_PREFIX_PATH=/home/luka/ws_moveit/install/moveit_ros_occupancy_map_monitor:/home/luka/ws_moveit/install/moveit_core:/home/luka/ws_moveit/install/moveit_resources_panda_moveit_config:/home/luka/ws_moveit/install/moveit_resources_pr2_description:/home/luka/ws_moveit/install/moveit_resources_panda_description:/home/luka/ws_moveit/install/moveit_msgs:/home/luka/ws_moveit/install/moveit_configs_utils:/home/luka/ws_moveit/install/moveit_common:${AMENT_PREFIX_PATH} CMAKE_PREFIX_PATH=/home/luka/ws_moveit/install/moveit_ros_occupancy_map_monitor:/home/luka/ws_moveit/install/moveit_core:/home/luka/ws_moveit/install/moveit_resources_panda_moveit_config:/home/luka/ws_moveit/install/moveit_resources_pr2_description:/home/luka/ws_moveit/install/moveit_resources_panda_description:/home/luka/ws_moveit/install/moveit_msgs:/home/luka/ws_moveit/install/moveit_common:/opt/ros/jazzy/opt/gz_sim_vendor:/opt/ros/jazzy/opt/gz_sensors_vendor:/opt/ros/jazzy/opt/gz_physics_vendor:/opt/ros/jazzy/opt/sdformat_vendor:/opt/ros/jazzy/opt/gz_gui_vendor:/opt/ros/jazzy/opt/gz_transport_vendor:/opt/ros/jazzy/opt/gz_rendering_vendor:/opt/ros/jazzy/opt/gz_plugin_vendor:/opt/ros/jazzy/opt/gz_fuel_tools_vendor:/opt/ros/jazzy/opt/gz_msgs_vendor:/opt/ros/jazzy/opt/gz_common_vendor:/opt/ros/jazzy/opt/gz_math_vendor:/opt/ros/jazzy/opt/gz_utils_vendor:/opt/ros/jazzy/opt/gz_tools_vendor:/opt/ros/jazzy/opt/gz_ogre_next_vendor:/opt/ros/jazzy/opt/gz_dartsim_vendor:/opt/ros/jazzy/opt/gz_cmake_vendor:/opt/ros/jazzy DEBUGINFOD_URLS=https://debuginfod.ubuntu.com LD_LIBRARY_PATH=/home/luka/ws_moveit/install/moveit_ros_occupancy_map_monitor/lib:/home/luka/ws_moveit/install/moveit_core/lib:/home/luka/ws_moveit/install/moveit_msgs/lib:${LD_LIBRARY_PATH} PATH=/home/luka/ws_moveit/install/moveit_core/bin:${PATH} PYTHONPATH=/home/luka/ws_moveit/install/moveit_msgs/lib/python3.12/site-packages:/home/luka/ws_moveit/install/moveit_configs_utils/lib/python3.12/site-packages:${PYTHONPATH} /usr/bin/cmake --install /home/luka/ws_moveit/build/moveit_ros_planning
