[0.397s] Invoking command in '/home/luka/ws_moveit/build/moveit_task_constructor_core': AMENT_PREFIX_PATH=/home/luka/ws_moveit/install/moveit_planners:/home/luka/ws_moveit/install/pilz_industrial_motion_planner:/home/luka/ws_moveit/install/moveit_resources_prbt_pg70_support:/home/luka/ws_moveit/install/moveit_py:/home/luka/ws_moveit/install/moveit_ros_planning_interface:/home/luka/ws_moveit/install/moveit_resources_prbt_moveit_config:/home/luka/ws_moveit/install/moveit_ros_move_group:/home/luka/ws_moveit/install/moveit_ros_warehouse:/home/luka/ws_moveit/install/moveit_planners_ompl:/home/luka/ws_moveit/install/moveit_kinematics:/home/luka/ws_moveit/install/moveit_ros_planning:/home/luka/ws_moveit/install/moveit_planners_chomp:/home/luka/ws_moveit/install/pilz_industrial_motion_planner_testutils:/home/luka/ws_moveit/install/moveit_simple_controller_manager:/home/luka/ws_moveit/install/moveit_ros_occupancy_map_monitor:/home/luka/ws_moveit/install/moveit_resources_prbt_ikfast_manipulator_plugin:/home/luka/ws_moveit/install/moveit_planners_stomp:/home/luka/ws_moveit/install/chomp_motion_planner:/home/luka/ws_moveit/install/moveit_core:/home/luka/ws_moveit/install/rviz_marker_tools:/home/luka/ws_moveit/install/moveit_task_constructor_msgs:/home/luka/ws_moveit/install/moveit_resources_panda_moveit_config:/home/luka/ws_moveit/install/moveit_resources_fanuc_moveit_config:/home/luka/ws_moveit/install/moveit_resources_prbt_support:/home/luka/ws_moveit/install/moveit_resources_pr2_description:/home/luka/ws_moveit/install/moveit_resources_panda_description:/home/luka/ws_moveit/install/moveit_resources_fanuc_description:/home/luka/ws_moveit/install/moveit_msgs:/home/luka/ws_moveit/install/moveit_configs_utils:/home/luka/ws_moveit/install/moveit_common:${AMENT_PREFIX_PATH} CMAKE_PREFIX_PATH=/home/luka/ws_moveit/install/moveit_planners:/home/luka/ws_moveit/install/pilz_industrial_motion_planner:/home/luka/ws_moveit/install/moveit_resources_prbt_pg70_support:/home/luka/ws_moveit/install/moveit_py:/home/luka/ws_moveit/install/moveit_ros_planning_interface:/home/luka/ws_moveit/install/moveit_resources_prbt_moveit_config:/home/luka/ws_moveit/install/moveit_ros_move_group:/home/luka/ws_moveit/install/moveit_ros_warehouse:/home/luka/ws_moveit/install/moveit_planners_ompl:/home/luka/ws_moveit/install/moveit_kinematics:/home/luka/ws_moveit/install/moveit_ros_planning:/home/luka/ws_moveit/install/moveit_planners_chomp:/home/luka/ws_moveit/install/pilz_industrial_motion_planner_testutils:/home/luka/ws_moveit/install/moveit_simple_controller_manager:/home/luka/ws_moveit/install/moveit_ros_occupancy_map_monitor:/home/luka/ws_moveit/install/moveit_resources_prbt_ikfast_manipulator_plugin:/home/luka/ws_moveit/install/moveit_planners_stomp:/home/luka/ws_moveit/install/chomp_motion_planner:/home/luka/ws_moveit/install/moveit_core:/home/luka/ws_moveit/install/rviz_marker_tools:/home/luka/ws_moveit/install/moveit_task_constructor_msgs:/home/luka/ws_moveit/install/moveit_resources_panda_moveit_config:/home/luka/ws_moveit/install/moveit_resources_fanuc_moveit_config:/home/luka/ws_moveit/install/moveit_resources_prbt_support:/home/luka/ws_moveit/install/moveit_resources_pr2_description:/home/luka/ws_moveit/install/moveit_resources_panda_description:/home/luka/ws_moveit/install/moveit_resources_fanuc_description:/home/luka/ws_moveit/install/moveit_msgs:/home/luka/ws_moveit/install/moveit_common:/opt/ros/jazzy/opt/gz_sim_vendor:/opt/ros/jazzy/opt/gz_sensors_vendor:/opt/ros/jazzy/opt/gz_physics_vendor:/opt/ros/jazzy/opt/sdformat_vendor:/opt/ros/jazzy/opt/gz_gui_vendor:/opt/ros/jazzy/opt/gz_transport_vendor:/opt/ros/jazzy/opt/gz_rendering_vendor:/opt/ros/jazzy/opt/gz_plugin_vendor:/opt/ros/jazzy/opt/gz_fuel_tools_vendor:/opt/ros/jazzy/opt/gz_msgs_vendor:/opt/ros/jazzy/opt/gz_common_vendor:/opt/ros/jazzy/opt/gz_math_vendor:/opt/ros/jazzy/opt/gz_utils_vendor:/opt/ros/jazzy/opt/gz_tools_vendor:/opt/ros/jazzy/opt/gz_ogre_next_vendor:/opt/ros/jazzy/opt/gz_dartsim_vendor:/opt/ros/jazzy/opt/gz_cmake_vendor:/opt/ros/jazzy DEBUGINFOD_URLS=https://debuginfod.ubuntu.com LD_LIBRARY_PATH=/home/luka/ws_moveit/install/pilz_industrial_motion_planner/lib:/home/luka/ws_moveit/install/moveit_py/lib:/home/luka/ws_moveit/install/moveit_ros_planning_interface/lib:/home/luka/ws_moveit/install/moveit_ros_move_group/lib:/home/luka/ws_moveit/install/moveit_ros_warehouse/lib:/home/luka/ws_moveit/install/moveit_planners_ompl/lib:/home/luka/ws_moveit/install/moveit_kinematics/lib:/home/luka/ws_moveit/install/moveit_ros_planning/lib:/home/luka/ws_moveit/install/moveit_planners_chomp/lib:/home/luka/ws_moveit/install/pilz_industrial_motion_planner_testutils/lib:/home/luka/ws_moveit/install/moveit_simple_controller_manager/lib:/home/luka/ws_moveit/install/moveit_ros_occupancy_map_monitor/lib:/home/luka/ws_moveit/install/moveit_resources_prbt_ikfast_manipulator_plugin/lib:/home/luka/ws_moveit/install/moveit_planners_stomp/lib:/home/luka/ws_moveit/install/chomp_motion_planner/lib:/home/luka/ws_moveit/install/moveit_core/lib:/home/luka/ws_moveit/install/rviz_marker_tools/lib:/home/luka/ws_moveit/install/moveit_task_constructor_msgs/lib:/home/luka/ws_moveit/install/moveit_msgs/lib:${LD_LIBRARY_PATH} PATH=/home/luka/ws_moveit/install/moveit_core/bin:${PATH} PYTHONPATH=/home/luka/ws_moveit/install/moveit_py/lib/python3.12/site-packages:/home/luka/ws_moveit/install/moveit_task_constructor_msgs/lib/python3.12/site-packages:/home/luka/ws_moveit/install/moveit_msgs/lib/python3.12/site-packages:/home/luka/ws_moveit/install/moveit_configs_utils/lib/python3.12/site-packages:${PYTHONPATH} /usr/bin/cmake /home/luka/ws_moveit/src/moveit_task_constructor/core -DCMAKE_BUILD_TYPE=Release -DCMAKE_INSTALL_PREFIX=/home/luka/ws_moveit/install/moveit_task_constructor_core
[0.762s] -- The C compiler identification is GNU 13.3.0
[1.090s] -- The CXX compiler identification is GNU 13.3.0
[1.199s] -- Detecting C compiler ABI info
[1.747s] -- Detecting C compiler ABI info - done
[1.835s] -- Check for working C compiler: /usr/bin/cc - skipped
[1.836s] -- Detecting C compile features
[1.840s] -- Detecting C compile features - done
[1.895s] -- Detecting CXX compiler ABI info
[2.510s] -- Detecting CXX compiler ABI info - done
[2.588s] -- Check for working CXX compiler: /usr/bin/c++ - skipped
[2.594s] -- Detecting CXX compile features
[2.598s] -- Detecting CXX compile features - done
[2.636s] -- Found ament_cmake: 2.5.4 (/opt/ros/jazzy/share/ament_cmake/cmake)
[3.753s] -- Found Python3: /usr/bin/python3 (found version "3.12.3") found components: Interpreter 
[4.917s] -- Found Boost: /usr/lib/x86_64-linux-gnu/cmake/Boost-1.83.0/BoostConfig.cmake (found version "1.83.0")  
[5.008s] -- Found geometry_msgs: 5.3.6 (/opt/ros/jazzy/share/geometry_msgs/cmake)
[5.499s] -- Found rosidl_generator_c: 4.6.6 (/opt/ros/jazzy/share/rosidl_generator_c/cmake)
[5.624s] -- Found rosidl_generator_cpp: 4.6.6 (/opt/ros/jazzy/share/rosidl_generator_cpp/cmake)
[5.758s] -- Using all available rosidl_typesupport_c: rosidl_typesupport_fastrtps_c;rosidl_typesupport_introspection_c
[5.905s] -- Using all available rosidl_typesupport_cpp: rosidl_typesupport_fastrtps_cpp;rosidl_typesupport_introspection_cpp
[6.207s] -- Found moveit_common: 2.14.1 (/home/luka/ws_moveit/install/moveit_common/share/moveit_common/cmake)
[6.634s] -- Found moveit_core: 2.14.1 (/home/luka/ws_moveit/install/moveit_core/share/moveit_core/cmake)
[7.482s] -- Found Boost: /usr/lib/x86_64-linux-gnu/cmake/Boost-1.83.0/BoostConfig.cmake (found version "1.83.0") found components: chrono date_time filesystem iostreams program_options regex serialization system thread 
[8.008s] -- Found parameter_traits: 0.5.0 (/opt/ros/jazzy/share/parameter_traits/cmake)
[8.490s] -- Found rmw_implementation_cmake: 7.3.2 (/opt/ros/jazzy/share/rmw_implementation_cmake/cmake)
[8.525s] -- Found rmw_fastrtps_cpp: 8.4.3 (/opt/ros/jazzy/share/rmw_fastrtps_cpp/cmake)
[9.047s] -- Found OpenSSL: /usr/lib/x86_64-linux-gnu/libcrypto.so (found version "3.0.13")  
[9.137s] -- Found FastRTPS: /opt/ros/jazzy/include (Required is at least version "2.13") 
[9.256s] -- Using RMW implementation 'rmw_fastrtps_cpp' as default
[9.920s] -- Found rclcpp_lifecycle: 28.1.13 (/opt/ros/jazzy/share/rclcpp_lifecycle/cmake)
[10.149s] -- Found Boost: /usr/lib/x86_64-linux-gnu/cmake/Boost-1.83.0/BoostConfig.cmake (found version "1.83.0") found components: filesystem 
[10.896s] -- Found Eigen3: TRUE (found version "3.4.0") 
[10.897s] -- Ensuring Eigen3 include directory is part of orocos-kdl CMake target
[13.032s] -- Found moveit_ros_planning: 2.14.1 (/home/luka/ws_moveit/install/moveit_ros_planning/share/moveit_ros_planning/cmake)
[13.057s] -- Found Boost: /usr/lib/x86_64-linux-gnu/cmake/Boost-1.83.0/BoostConfig.cmake (found version "1.83.0") found components: system filesystem date_time program_options thread chrono 
[13.240s] -- Found moveit_ros_planning_interface: 2.14.1 (/home/luka/ws_moveit/install/moveit_ros_planning_interface/share/moveit_ros_planning_interface/cmake)
[13.269s] -- Found Boost: /usr/lib/x86_64-linux-gnu/cmake/Boost-1.83.0/BoostConfig.cmake (found version "1.83.0") found components: date_time filesystem program_options system thread 
[13.340s] -- Found Boost: /usr/lib/x86_64-linux-gnu/cmake/Boost-1.83.0/BoostConfig.cmake (found version "1.83.0") found components: thread system filesystem regex date_time program_options 
[13.478s] -- Found Boost: /usr/lib/x86_64-linux-gnu/cmake/Boost-1.83.0/BoostConfig.cmake (found version "1.83.0") found components: system filesystem date_time program_options thread 
[13.675s] -- Found moveit_task_constructor_msgs: 0.1.4 (/home/luka/ws_moveit/install/moveit_task_constructor_msgs/share/moveit_task_constructor_msgs/cmake)
[13.925s] -- Found py_binding_tools: 2.0.1 (/opt/ros/jazzy/share/py_binding_tools/cmake)
[13.945s] -- Found rviz_marker_tools: 0.1.4 (/home/luka/ws_moveit/install/rviz_marker_tools/share/rviz_marker_tools/cmake)
[15.133s] -- Found Python3: /usr/bin/python3 (found version "3.12.3") found components: Interpreter Development Development.Module Development.Embed 
[15.164s] -- pybind11 v2.13.0 dev1
[15.269s] -- Found PythonInterp: /usr/bin/python3 (found suitable version "3.12.3", minimum required is "3.6") 
[15.377s] -- Found PythonLibs: /usr/lib/x86_64-linux-gnu/libpython3.12.so
[15.387s] -- Performing Test HAS_FLTO
[16.099s] -- Performing Test HAS_FLTO - Success
[16.147s] -- Found ament_cmake_pytest: 2.5.4 (/opt/ros/jazzy/share/ament_cmake_pytest/cmake)
[16.174s] -- Found launch_testing_ament_cmake: 3.4.9 (/opt/ros/jazzy/share/launch_testing_ament_cmake/cmake)
[16.203s] -- Found python_cmake_module: 0.11.1 (/opt/ros/jazzy/share/python_cmake_module/cmake)
[16.311s] -- Found Python3: /usr/bin/python3 (found version "3.12.3") found components: Interpreter 
[16.319s] -- Found PythonExtra: /usr/bin/python3  
[18.193s] -- Found ament_cmake_gtest: 2.5.4 (/opt/ros/jazzy/share/ament_cmake_gtest/cmake)
[18.222s] -- Found ament_cmake_gmock: 2.5.4 (/opt/ros/jazzy/share/ament_cmake_gmock/cmake)
[18.225s] -- Found launch_testing_ament_cmake: 3.4.9 (/opt/ros/jazzy/share/launch_testing_ament_cmake/cmake)
[18.227s] -- Found python_cmake_module: 0.11.1 (/opt/ros/jazzy/share/python_cmake_module/cmake)
[18.368s] -- Found gmock sources under '/opt/ros/jazzy/src/gmock_vendor': C++ tests using 'Google Mock' will be built
[18.409s] -- Found gtest sources under '/opt/ros/jazzy/src/gtest_vendor': C++ tests using 'Google Test' will be built
[18.425s] -- Found Threads: TRUE  
[18.553s] -- Configuring done (18.1s)
[21.155s] -- Generating done (2.3s)
[21.578s] -- Build files have been written to: /home/luka/ws_moveit/build/moveit_task_constructor_core
[21.682s] Invoked command in '/home/luka/ws_moveit/build/moveit_task_constructor_core' returned '0': AMENT_PREFIX_PATH=/home/luka/ws_moveit/install/moveit_planners:/home/luka/ws_moveit/install/pilz_industrial_motion_planner:/home/luka/ws_moveit/install/moveit_resources_prbt_pg70_support:/home/luka/ws_moveit/install/moveit_py:/home/luka/ws_moveit/install/moveit_ros_planning_interface:/home/luka/ws_moveit/install/moveit_resources_prbt_moveit_config:/home/luka/ws_moveit/install/moveit_ros_move_group:/home/luka/ws_moveit/install/moveit_ros_warehouse:/home/luka/ws_moveit/install/moveit_planners_ompl:/home/luka/ws_moveit/install/moveit_kinematics:/home/luka/ws_moveit/install/moveit_ros_planning:/home/luka/ws_moveit/install/moveit_planners_chomp:/home/luka/ws_moveit/install/pilz_industrial_motion_planner_testutils:/home/luka/ws_moveit/install/moveit_simple_controller_manager:/home/luka/ws_moveit/install/moveit_ros_occupancy_map_monitor:/home/luka/ws_moveit/install/moveit_resources_prbt_ikfast_manipulator_plugin:/home/luka/ws_moveit/install/moveit_planners_stomp:/home/luka/ws_moveit/install/chomp_motion_planner:/home/luka/ws_moveit/install/moveit_core:/home/luka/ws_moveit/install/rviz_marker_tools:/home/luka/ws_moveit/install/moveit_task_constructor_msgs:/home/luka/ws_moveit/install/moveit_resources_panda_moveit_config:/home/luka/ws_moveit/install/moveit_resources_fanuc_moveit_config:/home/luka/ws_moveit/install/moveit_resources_prbt_support:/home/luka/ws_moveit/install/moveit_resources_pr2_description:/home/luka/ws_moveit/install/moveit_resources_panda_description:/home/luka/ws_moveit/install/moveit_resources_fanuc_description:/home/luka/ws_moveit/install/moveit_msgs:/home/luka/ws_moveit/install/moveit_configs_utils:/home/luka/ws_moveit/install/moveit_common:${AMENT_PREFIX_PATH} CMAKE_PREFIX_PATH=/home/luka/ws_moveit/install/moveit_planners:/home/luka/ws_moveit/install/pilz_industrial_motion_planner:/home/luka/ws_moveit/install/moveit_resources_prbt_pg70_support:/home/luka/ws_moveit/install/moveit_py:/home/luka/ws_moveit/install/moveit_ros_planning_interface:/home/luka/ws_moveit/install/moveit_resources_prbt_moveit_config:/home/luka/ws_moveit/install/moveit_ros_move_group:/home/luka/ws_moveit/install/moveit_ros_warehouse:/home/luka/ws_moveit/install/moveit_planners_ompl:/home/luka/ws_moveit/install/moveit_kinematics:/home/luka/ws_moveit/install/moveit_ros_planning:/home/luka/ws_moveit/install/moveit_planners_chomp:/home/luka/ws_moveit/install/pilz_industrial_motion_planner_testutils:/home/luka/ws_moveit/install/moveit_simple_controller_manager:/home/luka/ws_moveit/install/moveit_ros_occupancy_map_monitor:/home/luka/ws_moveit/install/moveit_resources_prbt_ikfast_manipulator_plugin:/home/luka/ws_moveit/install/moveit_planners_stomp:/home/luka/ws_moveit/install/chomp_motion_planner:/home/luka/ws_moveit/install/moveit_core:/home/luka/ws_moveit/install/rviz_marker_tools:/home/luka/ws_moveit/install/moveit_task_constructor_msgs:/home/luka/ws_moveit/install/moveit_resources_panda_moveit_config:/home/luka/ws_moveit/install/moveit_resources_fanuc_moveit_config:/home/luka/ws_moveit/install/moveit_resources_prbt_support:/home/luka/ws_moveit/install/moveit_resources_pr2_description:/home/luka/ws_moveit/install/moveit_resources_panda_description:/home/luka/ws_moveit/install/moveit_resources_fanuc_description:/home/luka/ws_moveit/install/moveit_msgs:/home/luka/ws_moveit/install/moveit_common:/opt/ros/jazzy/opt/gz_sim_vendor:/opt/ros/jazzy/opt/gz_sensors_vendor:/opt/ros/jazzy/opt/gz_physics_vendor:/opt/ros/jazzy/opt/sdformat_vendor:/opt/ros/jazzy/opt/gz_gui_vendor:/opt/ros/jazzy/opt/gz_transport_vendor:/opt/ros/jazzy/opt/gz_rendering_vendor:/opt/ros/jazzy/opt/gz_plugin_vendor:/opt/ros/jazzy/opt/gz_fuel_tools_vendor:/opt/ros/jazzy/opt/gz_msgs_vendor:/opt/ros/jazzy/opt/gz_common_vendor:/opt/ros/jazzy/opt/gz_math_vendor:/opt/ros/jazzy/opt/gz_utils_vendor:/opt/ros/jazzy/opt/gz_tools_vendor:/opt/ros/jazzy/opt/gz_ogre_next_vendor:/opt/ros/jazzy/opt/gz_dartsim_vendor:/opt/ros/jazzy/opt/gz_cmake_vendor:/opt/ros/jazzy DEBUGINFOD_URLS=https://debuginfod.ubuntu.com LD_LIBRARY_PATH=/home/luka/ws_moveit/install/pilz_industrial_motion_planner/lib:/home/luka/ws_moveit/install/moveit_py/lib:/home/luka/ws_moveit/install/moveit_ros_planning_interface/lib:/home/luka/ws_moveit/install/moveit_ros_move_group/lib:/home/luka/ws_moveit/install/moveit_ros_warehouse/lib:/home/luka/ws_moveit/install/moveit_planners_ompl/lib:/home/luka/ws_moveit/install/moveit_kinematics/lib:/home/luka/ws_moveit/install/moveit_ros_planning/lib:/home/luka/ws_moveit/install/moveit_planners_chomp/lib:/home/luka/ws_moveit/install/pilz_industrial_motion_planner_testutils/lib:/home/luka/ws_moveit/install/moveit_simple_controller_manager/lib:/home/luka/ws_moveit/install/moveit_ros_occupancy_map_monitor/lib:/home/luka/ws_moveit/install/moveit_resources_prbt_ikfast_manipulator_plugin/lib:/home/luka/ws_moveit/install/moveit_planners_stomp/lib:/home/luka/ws_moveit/install/chomp_motion_planner/lib:/home/luka/ws_moveit/install/moveit_core/lib:/home/luka/ws_moveit/install/rviz_marker_tools/lib:/home/luka/ws_moveit/install/moveit_task_constructor_msgs/lib:/home/luka/ws_moveit/install/moveit_msgs/lib:${LD_LIBRARY_PATH} PATH=/home/luka/ws_moveit/install/moveit_core/bin:${PATH} PYTHONPATH=/home/luka/ws_moveit/install/moveit_py/lib/python3.12/site-packages:/home/luka/ws_moveit/install/moveit_task_constructor_msgs/lib/python3.12/site-packages:/home/luka/ws_moveit/install/moveit_msgs/lib/python3.12/site-packages:/home/luka/ws_moveit/install/moveit_configs_utils/lib/python3.12/site-packages:${PYTHONPATH} /usr/bin/cmake /home/luka/ws_moveit/src/moveit_task_constructor/core -DCMAKE_BUILD_TYPE=Release -DCMAKE_INSTALL_PREFIX=/home/luka/ws_moveit/install/moveit_task_constructor_core
[21.690s] Invoking command in '/home/luka/ws_moveit/build/moveit_task_constructor_core': AMENT_PREFIX_PATH=/home/luka/ws_moveit/install/moveit_planners:/home/luka/ws_moveit/install/pilz_industrial_motion_planner:/home/luka/ws_moveit/install/moveit_resources_prbt_pg70_support:/home/luka/ws_moveit/install/moveit_py:/home/luka/ws_moveit/install/moveit_ros_planning_interface:/home/luka/ws_moveit/install/moveit_resources_prbt_moveit_config:/home/luka/ws_moveit/install/moveit_ros_move_group:/home/luka/ws_moveit/install/moveit_ros_warehouse:/home/luka/ws_moveit/install/moveit_planners_ompl:/home/luka/ws_moveit/install/moveit_kinematics:/home/luka/ws_moveit/install/moveit_ros_planning:/home/luka/ws_moveit/install/moveit_planners_chomp:/home/luka/ws_moveit/install/pilz_industrial_motion_planner_testutils:/home/luka/ws_moveit/install/moveit_simple_controller_manager:/home/luka/ws_moveit/install/moveit_ros_occupancy_map_monitor:/home/luka/ws_moveit/install/moveit_resources_prbt_ikfast_manipulator_plugin:/home/luka/ws_moveit/install/moveit_planners_stomp:/home/luka/ws_moveit/install/chomp_motion_planner:/home/luka/ws_moveit/install/moveit_core:/home/luka/ws_moveit/install/rviz_marker_tools:/home/luka/ws_moveit/install/moveit_task_constructor_msgs:/home/luka/ws_moveit/install/moveit_resources_panda_moveit_config:/home/luka/ws_moveit/install/moveit_resources_fanuc_moveit_config:/home/luka/ws_moveit/install/moveit_resources_prbt_support:/home/luka/ws_moveit/install/moveit_resources_pr2_description:/home/luka/ws_moveit/install/moveit_resources_panda_description:/home/luka/ws_moveit/install/moveit_resources_fanuc_description:/home/luka/ws_moveit/install/moveit_msgs:/home/luka/ws_moveit/install/moveit_configs_utils:/home/luka/ws_moveit/install/moveit_common:${AMENT_PREFIX_PATH} CMAKE_PREFIX_PATH=/home/luka/ws_moveit/install/moveit_planners:/home/luka/ws_moveit/install/pilz_industrial_motion_planner:/home/luka/ws_moveit/install/moveit_resources_prbt_pg70_support:/home/luka/ws_moveit/install/moveit_py:/home/luka/ws_moveit/install/moveit_ros_planning_interface:/home/luka/ws_moveit/install/moveit_resources_prbt_moveit_config:/home/luka/ws_moveit/install/moveit_ros_move_group:/home/luka/ws_moveit/install/moveit_ros_warehouse:/home/luka/ws_moveit/install/moveit_planners_ompl:/home/luka/ws_moveit/install/moveit_kinematics:/home/luka/ws_moveit/install/moveit_ros_planning:/home/luka/ws_moveit/install/moveit_planners_chomp:/home/luka/ws_moveit/install/pilz_industrial_motion_planner_testutils:/home/luka/ws_moveit/install/moveit_simple_controller_manager:/home/luka/ws_moveit/install/moveit_ros_occupancy_map_monitor:/home/luka/ws_moveit/install/moveit_resources_prbt_ikfast_manipulator_plugin:/home/luka/ws_moveit/install/moveit_planners_stomp:/home/luka/ws_moveit/install/chomp_motion_planner:/home/luka/ws_moveit/install/moveit_core:/home/luka/ws_moveit/install/rviz_marker_tools:/home/luka/ws_moveit/install/moveit_task_constructor_msgs:/home/luka/ws_moveit/install/moveit_resources_panda_moveit_config:/home/luka/ws_moveit/install/moveit_resources_fanuc_moveit_config:/home/luka/ws_moveit/install/moveit_resources_prbt_support:/home/luka/ws_moveit/install/moveit_resources_pr2_description:/home/luka/ws_moveit/install/moveit_resources_panda_description:/home/luka/ws_moveit/install/moveit_resources_fanuc_description:/home/luka/ws_moveit/install/moveit_msgs:/home/luka/ws_moveit/install/moveit_common:/opt/ros/jazzy/opt/gz_sim_vendor:/opt/ros/jazzy/opt/gz_sensors_vendor:/opt/ros/jazzy/opt/gz_physics_vendor:/opt/ros/jazzy/opt/sdformat_vendor:/opt/ros/jazzy/opt/gz_gui_vendor:/opt/ros/jazzy/opt/gz_transport_vendor:/opt/ros/jazzy/opt/gz_rendering_vendor:/opt/ros/jazzy/opt/gz_plugin_vendor:/opt/ros/jazzy/opt/gz_fuel_tools_vendor:/opt/ros/jazzy/opt/gz_msgs_vendor:/opt/ros/jazzy/opt/gz_common_vendor:/opt/ros/jazzy/opt/gz_math_vendor:/opt/ros/jazzy/opt/gz_utils_vendor:/opt/ros/jazzy/opt/gz_tools_vendor:/opt/ros/jazzy/opt/gz_ogre_next_vendor:/opt/ros/jazzy/opt/gz_dartsim_vendor:/opt/ros/jazzy/opt/gz_cmake_vendor:/opt/ros/jazzy DEBUGINFOD_URLS=https://debuginfod.ubuntu.com LD_LIBRARY_PATH=/home/luka/ws_moveit/install/pilz_industrial_motion_planner/lib:/home/luka/ws_moveit/install/moveit_py/lib:/home/luka/ws_moveit/install/moveit_ros_planning_interface/lib:/home/luka/ws_moveit/install/moveit_ros_move_group/lib:/home/luka/ws_moveit/install/moveit_ros_warehouse/lib:/home/luka/ws_moveit/install/moveit_planners_ompl/lib:/home/luka/ws_moveit/install/moveit_kinematics/lib:/home/luka/ws_moveit/install/moveit_ros_planning/lib:/home/luka/ws_moveit/install/moveit_planners_chomp/lib:/home/luka/ws_moveit/install/pilz_industrial_motion_planner_testutils/lib:/home/luka/ws_moveit/install/moveit_simple_controller_manager/lib:/home/luka/ws_moveit/install/moveit_ros_occupancy_map_monitor/lib:/home/luka/ws_moveit/install/moveit_resources_prbt_ikfast_manipulator_plugin/lib:/home/luka/ws_moveit/install/moveit_planners_stomp/lib:/home/luka/ws_moveit/install/chomp_motion_planner/lib:/home/luka/ws_moveit/install/moveit_core/lib:/home/luka/ws_moveit/install/rviz_marker_tools/lib:/home/luka/ws_moveit/install/moveit_task_constructor_msgs/lib:/home/luka/ws_moveit/install/moveit_msgs/lib:${LD_LIBRARY_PATH} PATH=/home/luka/ws_moveit/install/moveit_core/bin:${PATH} PYTHONPATH=/home/luka/ws_moveit/install/moveit_py/lib/python3.12/site-packages:/home/luka/ws_moveit/install/moveit_task_constructor_msgs/lib/python3.12/site-packages:/home/luka/ws_moveit/install/moveit_msgs/lib/python3.12/site-packages:/home/luka/ws_moveit/install/moveit_configs_utils/lib/python3.12/site-packages:${PYTHONPATH} /usr/bin/cmake --build /home/luka/ws_moveit/build/moveit_task_constructor_core -- -j4 -l4
[21.991s] [  0%] Built target ament_cmake_python_copy_moveit
[22.121s] [  1%] [32mBuilding CXX object gmock/CMakeFiles/gmock.dir/opt/ros/jazzy/src/gtest_vendor/src/gtest-all.cc.o[0m
[74.981s] [  2%] [32mBuilding CXX object gmock/CMakeFiles/gmock.dir/src/gmock-all.cc.o[0m
[99.581s] [  3%] [32m[1mLinking CXX static library libgmock.a[0m
[100.212s] [  3%] Built target gmock
[100.389s] [  4%] [32mBuilding CXX object gmock/CMakeFiles/gmock_main.dir/src/gmock_main.cc.o[0m
[108.940s] [  5%] [32m[1mLinking CXX static library libgmock_main.a[0m
[109.330s] [  5%] Built target gmock_main
[109.489s] [  6%] [32mBuilding CXX object gtest/CMakeFiles/gtest.dir/src/gtest-all.cc.o[0m
[204.303s] [  7%] [32m[1mLinking CXX static library libgtest.a[0m
[205.157s] [  7%] Built target gtest
[208.763s] running egg_info
[208.777s] creating moveit.egg-info
[209.161s] writing moveit.egg-info/PKG-INFO
[209.162s] writing dependency_links to moveit.egg-info/dependency_links.txt
[209.164s] writing top-level names to moveit.egg-info/top_level.txt
[209.168s] writing manifest file 'moveit.egg-info/SOURCES.txt'
[210.484s] reading manifest file 'moveit.egg-info/SOURCES.txt'
[210.494s] writing manifest file 'moveit.egg-info/SOURCES.txt'
[210.752s] [  7%] Built target ament_cmake_python_build_moveit_egg
[210.952s] [  8%] [32mBuilding CXX object gtest/CMakeFiles/gtest_main.dir/src/gtest_main.cc.o[0m
[218.060s] [  9%] [32m[1mLinking CXX static library libgtest_main.a[0m
[218.605s] [  9%] Built target gtest_main
[218.790s] [ 10%] [32mBuilding CXX object src/CMakeFiles/moveit_task_constructor_core.dir/container.cpp.o[0m
[301.540s] [ 11%] [32mBuilding CXX object src/CMakeFiles/moveit_task_constructor_core.dir/marker_tools.cpp.o[0m
[343.720s] [ 12%] [32mBuilding CXX object src/CMakeFiles/moveit_task_constructor_core.dir/merge.cpp.o[0m
[395.382s] [ 13%] [32mBuilding CXX object src/CMakeFiles/moveit_task_constructor_core.dir/properties.cpp.o[0m
[412.601s] [ 15%] [32mBuilding CXX object src/CMakeFiles/moveit_task_constructor_core.dir/stage.cpp.o[0m
[455.753s] [ 16%] [32mBuilding CXX object src/CMakeFiles/moveit_task_constructor_core.dir/storage.cpp.o[0m
[457.916s] [ 17%] [32mBuilding CXX object src/CMakeFiles/moveit_task_constructor_core.dir/introspection.cpp.o[0m
[616.743s] [ 18%] [32mBuilding CXX object src/CMakeFiles/moveit_task_constructor_core.dir/utils.cpp.o[0m
[651.515s] [ 19%] [32mBuilding CXX object src/CMakeFiles/moveit_task_constructor_core.dir/solvers/planner_interface.cpp.o[0m
[675.610s] [ 20%] [32mBuilding CXX object src/CMakeFiles/moveit_task_constructor_core.dir/solvers/cartesian_path.cpp.o[0m
[677.728s] [ 21%] [32mBuilding CXX object src/CMakeFiles/moveit_task_constructor_core.dir/task.cpp.o[0m
[679.925s] [ 22%] [32mBuilding CXX object src/CMakeFiles/moveit_task_constructor_core.dir/cost_terms.cpp.o[0m
[776.978s] [ 23%] [32mBuilding CXX object src/CMakeFiles/moveit_task_constructor_core.dir/solvers/multi_planner.cpp.o[0m
[813.140s] [ 24%] [32mBuilding CXX object src/CMakeFiles/moveit_task_constructor_core.dir/solvers/pipeline_planner.cpp.o[0m
[898.217s] [ 25%] [32mBuilding CXX object src/CMakeFiles/moveit_task_constructor_core.dir/solvers/joint_interpolation.cpp.o[0m
[942.775s] [ 26%] [32m[1mLinking CXX shared library libmoveit_task_constructor_core.so[0m
[944.144s] [ 26%] Built target moveit_task_constructor_core
[944.246s] [ 27%] [32mBuilding CXX object src/stages/CMakeFiles/moveit_task_constructor_core_stages.dir/modify_planning_scene.cpp.o[0m
[982.292s] [ 29%] [32mBuilding CXX object src/stages/CMakeFiles/moveit_task_constructor_core_stages.dir/fix_collision_objects.cpp.o[0m
[990.412s] [ 30%] [32mBuilding CXX object src/stages/CMakeFiles/moveit_task_constructor_core_stages.dir/current_state.cpp.o[0m
[1085.073s] [ 31%] [32mBuilding CXX object src/stages/CMakeFiles/moveit_task_constructor_core_stages.dir/fixed_state.cpp.o[0m
[1115.206s] [ 32%] [32mBuilding CXX object src/stages/CMakeFiles/moveit_task_constructor_core_stages.dir/fixed_cartesian_poses.cpp.o[0m
[1160.865s] [ 33%] [32mBuilding CXX object src/stages/CMakeFiles/moveit_task_constructor_core_stages.dir/generate_pose.cpp.o[0m
[1164.729s] [ 34%] [32mBuilding CXX object src/stages/CMakeFiles/moveit_task_constructor_core_stages.dir/generate_random_pose.cpp.o[0m
[1230.685s] [ 35%] [32mBuilding CXX object src/stages/CMakeFiles/moveit_task_constructor_core_stages.dir/generate_grasp_pose.cpp.o[0m
[1260.846s] [ 36%] [32mBuilding CXX object src/stages/CMakeFiles/moveit_task_constructor_core_stages.dir/generate_place_pose.cpp.o[0m
[1398.895s] [ 37%] [32mBuilding CXX object src/stages/CMakeFiles/moveit_task_constructor_core_stages.dir/compute_ik.cpp.o[0m
[1488.035s] [ 38%] [32mBuilding CXX object src/stages/CMakeFiles/moveit_task_constructor_core_stages.dir/passthrough.cpp.o[0m
[1529.781s] [ 39%] [32mBuilding CXX object src/stages/CMakeFiles/moveit_task_constructor_core_stages.dir/predicate_filter.cpp.o[0m
[1568.536s] [ 40%] [32mBuilding CXX object src/stages/CMakeFiles/moveit_task_constructor_core_stages.dir/limit_solutions.cpp.o[0m
[1601.428s] [ 41%] [32mBuilding CXX object src/stages/CMakeFiles/moveit_task_constructor_core_stages.dir/connect.cpp.o[0m
[1658.624s] [ 43%] [32mBuilding CXX object src/stages/CMakeFiles/moveit_task_constructor_core_stages.dir/move_to.cpp.o[0m
[1714.823s] [ 44%] [32mBuilding CXX object src/stages/CMakeFiles/moveit_task_constructor_core_stages.dir/move_relative.cpp.o[0m
[1735.987s] [ 45%] [32mBuilding CXX object src/stages/CMakeFiles/moveit_task_constructor_core_stages.dir/simple_grasp.cpp.o[0m
[1829.963s] [ 46%] [32mBuilding CXX object src/stages/CMakeFiles/moveit_task_constructor_core_stages.dir/pick.cpp.o[0m
[1869.505s] [ 47%] [32m[1mLinking CXX shared library libmoveit_task_constructor_core_stages.so[0m
[1871.696s] [ 47%] Built target moveit_task_constructor_core_stages
[1871.914s] [ 48%] [32mBuilding CXX object test/CMakeFiles/gtest_utils.dir/gtest_value_printers.cpp.o[0m
[1905.127s] [ 49%] [32mBuilding CXX object test/CMakeFiles/gtest_utils.dir/models.cpp.o[0m
[1933.213s] [ 50%] [32mBuilding CXX object test/CMakeFiles/gtest_utils.dir/stage_mockups.cpp.o[0m
[1951.137s] [ 51%] [32mBuilding CXX object test/CMakeFiles/pick_ur5.dir/pick_ur5.cpp.o[0m
[1953.366s] [ 52%] [32mBuilding CXX object src/stages/CMakeFiles/moveit_task_constructor_core_stage_plugins.dir/plugins.cpp.o[0m
[2015.342s] [ 53%] [32m[1mLinking CXX shared library libgtest_utils.so[0m
[2017.604s] [ 53%] Built target gtest_utils
[2027.998s] [ 54%] [32m[1mLinking CXX shared library libmoveit_task_constructor_core_stage_plugins.so[0m
[2029.138s] [ 54%] Built target moveit_task_constructor_core_stage_plugins
[2039.928s] [ 55%] [32m[1mLinking CXX executable pick_ur5[0m
[2041.507s] [ 55%] Built target pick_ur5
[2041.603s] [ 56%] [32mBuilding CXX object test/CMakeFiles/pick_pa10.dir/pick_pa10.cpp.o[0m
[2092.642s] [ 58%] [32m[1mLinking CXX executable pick_pa10[0m
[2094.521s] [ 58%] Built target pick_pa10
[2094.682s] [ 59%] [32mBuilding CXX object test/CMakeFiles/moveit_task_constructor_core-test-mockups.dir/test_mockups.cpp.o[0m
[2096.865s] [ 60%] [32mBuilding CXX object test/CMakeFiles/moveit_task_constructor_core-test-stage.dir/test_stage.cpp.o[0m
[2099.012s] [ 61%] [32mBuilding CXX object test/CMakeFiles/pick_pr2.dir/pick_pr2.cpp.o[0m
[2100.137s] [ 62%] [32mBuilding CXX object python/bindings/CMakeFiles/moveit_task_constructor_core_python_tools.dir/src/properties.cpp.o[0m
[2195.497s] [ 63%] [32m[1mLinking CXX shared library libmoveit_task_constructor_core_python_tools.so[0m
[2197.425s] [ 64%] [32m[1mLinking CXX executable moveit_task_constructor_core-test-stage[0m
[2197.727s] [ 64%] Built target moveit_task_constructor_core_python_tools
[2200.746s] [ 64%] Built target moveit_task_constructor_core-test-stage
[2203.943s] [ 65%] [32m[1mLinking CXX executable pick_pr2[0m
[2205.738s] [ 66%] [32m[1mLinking CXX executable moveit_task_constructor_core-test-mockups[0m
[2206.150s] [ 66%] Built target pick_pr2
[2207.423s] [ 66%] Built target moveit_task_constructor_core-test-mockups
[2207.521s] [ 67%] [32mBuilding CXX object test/CMakeFiles/moveit_task_constructor_core-test-serial.dir/test_serial.cpp.o[0m
[2256.549s] [ 68%] [32m[1mLinking CXX executable moveit_task_constructor_core-test-serial[0m
[2258.626s] [ 68%] Built target moveit_task_constructor_core-test-serial
[2258.783s] [ 69%] [32mBuilding CXX object test/CMakeFiles/moveit_task_constructor_core-test-pruning.dir/test_pruning.cpp.o[0m
[2276.007s] [ 70%] [32mBuilding CXX object test/CMakeFiles/moveit_task_constructor_core-test-properties.dir/test_properties.cpp.o[0m
[2277.229s] [ 72%] [32mBuilding CXX object test/CMakeFiles/moveit_task_constructor_core-test-container.dir/test_container.cpp.o[0m
[2279.370s] [ 73%] [32mBuilding CXX object test/CMakeFiles/moveit_task_constructor_core-test-limit-solutions.dir/test_limit_solutions.cpp.o[0m
[2324.675s] [ 74%] [32m[1mLinking CXX executable moveit_task_constructor_core-test-properties[0m
[2330.224s] [ 74%] Built target moveit_task_constructor_core-test-properties
[2386.490s] [ 75%] [32m[1mLinking CXX executable moveit_task_constructor_core-test-pruning[0m
[2390.478s] [ 75%] Built target moveit_task_constructor_core-test-pruning
[2394.659s] [ 76%] [32m[1mLinking CXX executable moveit_task_constructor_core-test-limit-solutions[0m
[2398.600s] [ 76%] Built target moveit_task_constructor_core-test-limit-solutions
[2423.160s] [ 77%] [32m[1mLinking CXX executable moveit_task_constructor_core-test-container[0m
[2425.397s] [ 77%] Built target moveit_task_constructor_core-test-container
[2425.538s] [ 78%] [32mBuilding CXX object test/CMakeFiles/moveit_task_constructor_core-test-fallback.dir/test_fallback.cpp.o[0m
[2491.198s] [ 79%] [32m[1mLinking CXX executable moveit_task_constructor_core-test-fallback[0m
[2493.597s] [ 79%] Built target moveit_task_constructor_core-test-fallback
[2493.740s] [ 80%] [32mBuilding CXX object test/CMakeFiles/moveit_task_constructor_core-test-cost-queue.dir/test_cost_queue.cpp.o[0m
[2540.886s] [ 81%] [32mBuilding CXX object test/CMakeFiles/moveit_task_constructor_core-test-interface-state.dir/test_interface_state.cpp.o[0m
[2542.074s] [ 82%] [32mBuilding CXX object test/CMakeFiles/moveit_task_constructor_core-test-storage.dir/test_storage.cpp.o[0m
[2542.238s] [ 83%] [32mBuilding CXX object test/CMakeFiles/moveit_task_constructor_core-test-cost-terms.dir/test_cost_terms.cpp.o[0m
[2547.192s] [ 84%] [32m[1mLinking CXX executable moveit_task_constructor_core-test-cost-queue[0m
[2549.674s] [ 84%] Built target moveit_task_constructor_core-test-cost-queue
[2625.185s] [ 86%] [32m[1mLinking CXX executable moveit_task_constructor_core-test-storage[0m
[2629.460s] [ 86%] Built target moveit_task_constructor_core-test-storage
[2631.173s] [ 87%] [32m[1mLinking CXX executable moveit_task_constructor_core-test-interface-state[0m
[2634.510s] [ 87%] Built target moveit_task_constructor_core-test-interface-state
[2646.522s] [ 88%] [32m[1mLinking CXX executable moveit_task_constructor_core-test-cost-terms[0m
[2648.175s] [ 88%] Built target moveit_task_constructor_core-test-cost-terms
[2648.327s] [ 89%] [32mBuilding CXX object test/CMakeFiles/moveit_task_constructor_core-test-pipeline-planner.dir/test_pipeline_planner.cpp.o[0m
[2706.106s] [ 90%] [32m[1mLinking CXX executable moveit_task_constructor_core-test-pipeline-planner[0m
[2708.349s] [ 90%] Built target moveit_task_constructor_core-test-pipeline-planner
[2708.514s] [ 91%] [32mBuilding CXX object python/bindings/CMakeFiles/pymoveit_mtc.dir/src/solvers.cpp.o[0m
[2735.612s] [ 92%] [32mBuilding CXX object python/bindings/CMakeFiles/pymoveit_mtc.dir/src/core.cpp.o[0m
[2836.232s] [ 93%] [32mBuilding CXX object python/bindings/CMakeFiles/pymoveit_mtc.dir/src/stages.cpp.o[0m
[2949.088s] [ 94%] [32mBuilding CXX object python/bindings/CMakeFiles/pymoveit_mtc.dir/src/module.cpp.o[0m
[2960.466s] [ 95%] [32m[1mLinking CXX shared module pymoveit_mtc.cpython-312-x86_64-linux-gnu.so[0m
[2969.905s] [01m[Klto-wrapper:[m[K [01;35m[Kwarning: [m[Kusing serial compilation of 12 LTRANS jobs
[2969.906s] [01m[Klto-wrapper:[m[K [01;36m[Knote: [m[Ksee the ]8;;https://gcc.gnu.org/onlinedocs/gcc/Optimize-Options.html#index-flto‘[01m[K-flto[m[K’ option documentation]8;; for more information
[3021.348s] [ 95%] Built target pymoveit_mtc
[3021.508s] [ 96%] [32mBuilding CXX object test/CMakeFiles/moveit_task_constructor_core-test-move-relative.dir/test_move_relative.cpp.o[0m
[3132.778s] [ 97%] [32m[1mLinking CXX executable moveit_task_constructor_core-test-move-relative[0m
[3136.967s] [ 97%] Built target moveit_task_constructor_core-test-move-relative
[3137.337s] [ 98%] [32mBuilding CXX object test/CMakeFiles/moveit_task_constructor_core-test-move-to.dir/test_move_to.cpp.o[0m
[3219.133s] [100%] [32m[1mLinking CXX executable moveit_task_constructor_core-test-move-to[0m
[3221.653s] [100%] Built target moveit_task_constructor_core-test-move-to
[3221.740s] Invoked command in '/home/luka/ws_moveit/build/moveit_task_constructor_core' returned '0': AMENT_PREFIX_PATH=/home/luka/ws_moveit/install/moveit_planners:/home/luka/ws_moveit/install/pilz_industrial_motion_planner:/home/luka/ws_moveit/install/moveit_resources_prbt_pg70_support:/home/luka/ws_moveit/install/moveit_py:/home/luka/ws_moveit/install/moveit_ros_planning_interface:/home/luka/ws_moveit/install/moveit_resources_prbt_moveit_config:/home/luka/ws_moveit/install/moveit_ros_move_group:/home/luka/ws_moveit/install/moveit_ros_warehouse:/home/luka/ws_moveit/install/moveit_planners_ompl:/home/luka/ws_moveit/install/moveit_kinematics:/home/luka/ws_moveit/install/moveit_ros_planning:/home/luka/ws_moveit/install/moveit_planners_chomp:/home/luka/ws_moveit/install/pilz_industrial_motion_planner_testutils:/home/luka/ws_moveit/install/moveit_simple_controller_manager:/home/luka/ws_moveit/install/moveit_ros_occupancy_map_monitor:/home/luka/ws_moveit/install/moveit_resources_prbt_ikfast_manipulator_plugin:/home/luka/ws_moveit/install/moveit_planners_stomp:/home/luka/ws_moveit/install/chomp_motion_planner:/home/luka/ws_moveit/install/moveit_core:/home/luka/ws_moveit/install/rviz_marker_tools:/home/luka/ws_moveit/install/moveit_task_constructor_msgs:/home/luka/ws_moveit/install/moveit_resources_panda_moveit_config:/home/luka/ws_moveit/install/moveit_resources_fanuc_moveit_config:/home/luka/ws_moveit/install/moveit_resources_prbt_support:/home/luka/ws_moveit/install/moveit_resources_pr2_description:/home/luka/ws_moveit/install/moveit_resources_panda_description:/home/luka/ws_moveit/install/moveit_resources_fanuc_description:/home/luka/ws_moveit/install/moveit_msgs:/home/luka/ws_moveit/install/moveit_configs_utils:/home/luka/ws_moveit/install/moveit_common:${AMENT_PREFIX_PATH} CMAKE_PREFIX_PATH=/home/luka/ws_moveit/install/moveit_planners:/home/luka/ws_moveit/install/pilz_industrial_motion_planner:/home/luka/ws_moveit/install/moveit_resources_prbt_pg70_support:/home/luka/ws_moveit/install/moveit_py:/home/luka/ws_moveit/install/moveit_ros_planning_interface:/home/luka/ws_moveit/install/moveit_resources_prbt_moveit_config:/home/luka/ws_moveit/install/moveit_ros_move_group:/home/luka/ws_moveit/install/moveit_ros_warehouse:/home/luka/ws_moveit/install/moveit_planners_ompl:/home/luka/ws_moveit/install/moveit_kinematics:/home/luka/ws_moveit/install/moveit_ros_planning:/home/luka/ws_moveit/install/moveit_planners_chomp:/home/luka/ws_moveit/install/pilz_industrial_motion_planner_testutils:/home/luka/ws_moveit/install/moveit_simple_controller_manager:/home/luka/ws_moveit/install/moveit_ros_occupancy_map_monitor:/home/luka/ws_moveit/install/moveit_resources_prbt_ikfast_manipulator_plugin:/home/luka/ws_moveit/install/moveit_planners_stomp:/home/luka/ws_moveit/install/chomp_motion_planner:/home/luka/ws_moveit/install/moveit_core:/home/luka/ws_moveit/install/rviz_marker_tools:/home/luka/ws_moveit/install/moveit_task_constructor_msgs:/home/luka/ws_moveit/install/moveit_resources_panda_moveit_config:/home/luka/ws_moveit/install/moveit_resources_fanuc_moveit_config:/home/luka/ws_moveit/install/moveit_resources_prbt_support:/home/luka/ws_moveit/install/moveit_resources_pr2_description:/home/luka/ws_moveit/install/moveit_resources_panda_description:/home/luka/ws_moveit/install/moveit_resources_fanuc_description:/home/luka/ws_moveit/install/moveit_msgs:/home/luka/ws_moveit/install/moveit_common:/opt/ros/jazzy/opt/gz_sim_vendor:/opt/ros/jazzy/opt/gz_sensors_vendor:/opt/ros/jazzy/opt/gz_physics_vendor:/opt/ros/jazzy/opt/sdformat_vendor:/opt/ros/jazzy/opt/gz_gui_vendor:/opt/ros/jazzy/opt/gz_transport_vendor:/opt/ros/jazzy/opt/gz_rendering_vendor:/opt/ros/jazzy/opt/gz_plugin_vendor:/opt/ros/jazzy/opt/gz_fuel_tools_vendor:/opt/ros/jazzy/opt/gz_msgs_vendor:/opt/ros/jazzy/opt/gz_common_vendor:/opt/ros/jazzy/opt/gz_math_vendor:/opt/ros/jazzy/opt/gz_utils_vendor:/opt/ros/jazzy/opt/gz_tools_vendor:/opt/ros/jazzy/opt/gz_ogre_next_vendor:/opt/ros/jazzy/opt/gz_dartsim_vendor:/opt/ros/jazzy/opt/gz_cmake_vendor:/opt/ros/jazzy DEBUGINFOD_URLS=https://debuginfod.ubuntu.com LD_LIBRARY_PATH=/home/luka/ws_moveit/install/pilz_industrial_motion_planner/lib:/home/luka/ws_moveit/install/moveit_py/lib:/home/luka/ws_moveit/install/moveit_ros_planning_interface/lib:/home/luka/ws_moveit/install/moveit_ros_move_group/lib:/home/luka/ws_moveit/install/moveit_ros_warehouse/lib:/home/luka/ws_moveit/install/moveit_planners_ompl/lib:/home/luka/ws_moveit/install/moveit_kinematics/lib:/home/luka/ws_moveit/install/moveit_ros_planning/lib:/home/luka/ws_moveit/install/moveit_planners_chomp/lib:/home/luka/ws_moveit/install/pilz_industrial_motion_planner_testutils/lib:/home/luka/ws_moveit/install/moveit_simple_controller_manager/lib:/home/luka/ws_moveit/install/moveit_ros_occupancy_map_monitor/lib:/home/luka/ws_moveit/install/moveit_resources_prbt_ikfast_manipulator_plugin/lib:/home/luka/ws_moveit/install/moveit_planners_stomp/lib:/home/luka/ws_moveit/install/chomp_motion_planner/lib:/home/luka/ws_moveit/install/moveit_core/lib:/home/luka/ws_moveit/install/rviz_marker_tools/lib:/home/luka/ws_moveit/install/moveit_task_constructor_msgs/lib:/home/luka/ws_moveit/install/moveit_msgs/lib:${LD_LIBRARY_PATH} PATH=/home/luka/ws_moveit/install/moveit_core/bin:${PATH} PYTHONPATH=/home/luka/ws_moveit/install/moveit_py/lib/python3.12/site-packages:/home/luka/ws_moveit/install/moveit_task_constructor_msgs/lib/python3.12/site-packages:/home/luka/ws_moveit/install/moveit_msgs/lib/python3.12/site-packages:/home/luka/ws_moveit/install/moveit_configs_utils/lib/python3.12/site-packages:${PYTHONPATH} /usr/bin/cmake --build /home/luka/ws_moveit/build/moveit_task_constructor_core -- -j4 -l4
[3221.746s] Invoking command in '/home/luka/ws_moveit/build/moveit_task_constructor_core': AMENT_PREFIX_PATH=/home/luka/ws_moveit/install/moveit_planners:/home/luka/ws_moveit/install/pilz_industrial_motion_planner:/home/luka/ws_moveit/install/moveit_resources_prbt_pg70_support:/home/luka/ws_moveit/install/moveit_py:/home/luka/ws_moveit/install/moveit_ros_planning_interface:/home/luka/ws_moveit/install/moveit_resources_prbt_moveit_config:/home/luka/ws_moveit/install/moveit_ros_move_group:/home/luka/ws_moveit/install/moveit_ros_warehouse:/home/luka/ws_moveit/install/moveit_planners_ompl:/home/luka/ws_moveit/install/moveit_kinematics:/home/luka/ws_moveit/install/moveit_ros_planning:/home/luka/ws_moveit/install/moveit_planners_chomp:/home/luka/ws_moveit/install/pilz_industrial_motion_planner_testutils:/home/luka/ws_moveit/install/moveit_simple_controller_manager:/home/luka/ws_moveit/install/moveit_ros_occupancy_map_monitor:/home/luka/ws_moveit/install/moveit_resources_prbt_ikfast_manipulator_plugin:/home/luka/ws_moveit/install/moveit_planners_stomp:/home/luka/ws_moveit/install/chomp_motion_planner:/home/luka/ws_moveit/install/moveit_core:/home/luka/ws_moveit/install/rviz_marker_tools:/home/luka/ws_moveit/install/moveit_task_constructor_msgs:/home/luka/ws_moveit/install/moveit_resources_panda_moveit_config:/home/luka/ws_moveit/install/moveit_resources_fanuc_moveit_config:/home/luka/ws_moveit/install/moveit_resources_prbt_support:/home/luka/ws_moveit/install/moveit_resources_pr2_description:/home/luka/ws_moveit/install/moveit_resources_panda_description:/home/luka/ws_moveit/install/moveit_resources_fanuc_description:/home/luka/ws_moveit/install/moveit_msgs:/home/luka/ws_moveit/install/moveit_configs_utils:/home/luka/ws_moveit/install/moveit_common:${AMENT_PREFIX_PATH} CMAKE_PREFIX_PATH=/home/luka/ws_moveit/install/moveit_planners:/home/luka/ws_moveit/install/pilz_industrial_motion_planner:/home/luka/ws_moveit/install/moveit_resources_prbt_pg70_support:/home/luka/ws_moveit/install/moveit_py:/home/luka/ws_moveit/install/moveit_ros_planning_interface:/home/luka/ws_moveit/install/moveit_resources_prbt_moveit_config:/home/luka/ws_moveit/install/moveit_ros_move_group:/home/luka/ws_moveit/install/moveit_ros_warehouse:/home/luka/ws_moveit/install/moveit_planners_ompl:/home/luka/ws_moveit/install/moveit_kinematics:/home/luka/ws_moveit/install/moveit_ros_planning:/home/luka/ws_moveit/install/moveit_planners_chomp:/home/luka/ws_moveit/install/pilz_industrial_motion_planner_testutils:/home/luka/ws_moveit/install/moveit_simple_controller_manager:/home/luka/ws_moveit/install/moveit_ros_occupancy_map_monitor:/home/luka/ws_moveit/install/moveit_resources_prbt_ikfast_manipulator_plugin:/home/luka/ws_moveit/install/moveit_planners_stomp:/home/luka/ws_moveit/install/chomp_motion_planner:/home/luka/ws_moveit/install/moveit_core:/home/luka/ws_moveit/install/rviz_marker_tools:/home/luka/ws_moveit/install/moveit_task_constructor_msgs:/home/luka/ws_moveit/install/moveit_resources_panda_moveit_config:/home/luka/ws_moveit/install/moveit_resources_fanuc_moveit_config:/home/luka/ws_moveit/install/moveit_resources_prbt_support:/home/luka/ws_moveit/install/moveit_resources_pr2_description:/home/luka/ws_moveit/install/moveit_resources_panda_description:/home/luka/ws_moveit/install/moveit_resources_fanuc_description:/home/luka/ws_moveit/install/moveit_msgs:/home/luka/ws_moveit/install/moveit_common:/opt/ros/jazzy/opt/gz_sim_vendor:/opt/ros/jazzy/opt/gz_sensors_vendor:/opt/ros/jazzy/opt/gz_physics_vendor:/opt/ros/jazzy/opt/sdformat_vendor:/opt/ros/jazzy/opt/gz_gui_vendor:/opt/ros/jazzy/opt/gz_transport_vendor:/opt/ros/jazzy/opt/gz_rendering_vendor:/opt/ros/jazzy/opt/gz_plugin_vendor:/opt/ros/jazzy/opt/gz_fuel_tools_vendor:/opt/ros/jazzy/opt/gz_msgs_vendor:/opt/ros/jazzy/opt/gz_common_vendor:/opt/ros/jazzy/opt/gz_math_vendor:/opt/ros/jazzy/opt/gz_utils_vendor:/opt/ros/jazzy/opt/gz_tools_vendor:/opt/ros/jazzy/opt/gz_ogre_next_vendor:/opt/ros/jazzy/opt/gz_dartsim_vendor:/opt/ros/jazzy/opt/gz_cmake_vendor:/opt/ros/jazzy DEBUGINFOD_URLS=https://debuginfod.ubuntu.com LD_LIBRARY_PATH=/home/luka/ws_moveit/install/pilz_industrial_motion_planner/lib:/home/luka/ws_moveit/install/moveit_py/lib:/home/luka/ws_moveit/install/moveit_ros_planning_interface/lib:/home/luka/ws_moveit/install/moveit_ros_move_group/lib:/home/luka/ws_moveit/install/moveit_ros_warehouse/lib:/home/luka/ws_moveit/install/moveit_planners_ompl/lib:/home/luka/ws_moveit/install/moveit_kinematics/lib:/home/luka/ws_moveit/install/moveit_ros_planning/lib:/home/luka/ws_moveit/install/moveit_planners_chomp/lib:/home/luka/ws_moveit/install/pilz_industrial_motion_planner_testutils/lib:/home/luka/ws_moveit/install/moveit_simple_controller_manager/lib:/home/luka/ws_moveit/install/moveit_ros_occupancy_map_monitor/lib:/home/luka/ws_moveit/install/moveit_resources_prbt_ikfast_manipulator_plugin/lib:/home/luka/ws_moveit/install/moveit_planners_stomp/lib:/home/luka/ws_moveit/install/chomp_motion_planner/lib:/home/luka/ws_moveit/install/moveit_core/lib:/home/luka/ws_moveit/install/rviz_marker_tools/lib:/home/luka/ws_moveit/install/moveit_task_constructor_msgs/lib:/home/luka/ws_moveit/install/moveit_msgs/lib:${LD_LIBRARY_PATH} PATH=/home/luka/ws_moveit/install/moveit_core/bin:${PATH} PYTHONPATH=/home/luka/ws_moveit/install/moveit_py/lib/python3.12/site-packages:/home/luka/ws_moveit/install/moveit_task_constructor_msgs/lib/python3.12/site-packages:/home/luka/ws_moveit/install/moveit_msgs/lib/python3.12/site-packages:/home/luka/ws_moveit/install/moveit_configs_utils/lib/python3.12/site-packages:${PYTHONPATH} /usr/bin/cmake --install /home/luka/ws_moveit/build/moveit_task_constructor_core
[3221.806s] -- Install configuration: "Release"
[3221.808s] -- Installing: /home/luka/ws_moveit/install/moveit_task_constructor_core/lib/libmoveit_task_constructor_core_stages.so
[3221.815s] -- Set non-toolchain portion of runtime path of "/home/luka/ws_moveit/install/moveit_task_constructor_core/lib/libmoveit_task_constructor_core_stages.so" to ""
[3221.816s] -- Installing: /home/luka/ws_moveit/install/moveit_task_constructor_core/lib/libmoveit_task_constructor_core_stage_plugins.so
[3221.819s] -- Set non-toolchain portion of runtime path of "/home/luka/ws_moveit/install/moveit_task_constructor_core/lib/libmoveit_task_constructor_core_stage_plugins.so" to ""
[3221.820s] -- Installing: /home/luka/ws_moveit/install/moveit_task_constructor_core/lib/libmoveit_task_constructor_core.so
[3221.829s] -- Set non-toolchain portion of runtime path of "/home/luka/ws_moveit/install/moveit_task_constructor_core/lib/libmoveit_task_constructor_core.so" to ""
[3221.830s] -- Installing: /home/luka/ws_moveit/install/moveit_task_constructor_core/share/moveit_task_constructor_core/environment/pythonpath.sh
[3221.831s] -- Installing: /home/luka/ws_moveit/install/moveit_task_constructor_core/share/moveit_task_constructor_core/environment/pythonpath.dsv
[3221.832s] -- Installing: /home/luka/ws_moveit/install/moveit_task_constructor_core/lib/python3.12/site-packages/moveit-0.1.4-py3.12.egg-info
[3221.833s] -- Installing: /home/luka/ws_moveit/install/moveit_task_constructor_core/lib/python3.12/site-packages/moveit-0.1.4-py3.12.egg-info/dependency_links.txt
[3221.834s] -- Installing: /home/luka/ws_moveit/install/moveit_task_constructor_core/lib/python3.12/site-packages/moveit-0.1.4-py3.12.egg-info/PKG-INFO
[3221.835s] -- Installing: /home/luka/ws_moveit/install/moveit_task_constructor_core/lib/python3.12/site-packages/moveit-0.1.4-py3.12.egg-info/SOURCES.txt
[3221.836s] -- Installing: /home/luka/ws_moveit/install/moveit_task_constructor_core/lib/python3.12/site-packages/moveit-0.1.4-py3.12.egg-info/top_level.txt
[3221.838s] -- Installing: /home/luka/ws_moveit/install/moveit_task_constructor_core/lib/python3.12/site-packages/moveit
[3221.838s] -- Installing: /home/luka/ws_moveit/install/moveit_task_constructor_core/lib/python3.12/site-packages/moveit/__init__.py
[3221.839s] -- Installing: /home/luka/ws_moveit/install/moveit_task_constructor_core/lib/python3.12/site-packages/moveit/task_constructor
[3221.840s] -- Installing: /home/luka/ws_moveit/install/moveit_task_constructor_core/lib/python3.12/site-packages/moveit/task_constructor/__init__.py
[3221.840s] -- Installing: /home/luka/ws_moveit/install/moveit_task_constructor_core/lib/python3.12/site-packages/moveit/task_constructor/core.py
[3221.841s] -- Installing: /home/luka/ws_moveit/install/moveit_task_constructor_core/lib/python3.12/site-packages/moveit/task_constructor/stages.py
[3222.082s] Listing '/home/luka/ws_moveit/install/moveit_task_constructor_core/lib/python3.12/site-packages/moveit'...
[3222.082s] Compiling '/home/luka/ws_moveit/install/moveit_task_constructor_core/lib/python3.12/site-packages/moveit/__init__.py'...
[3222.083s] Listing '/home/luka/ws_moveit/install/moveit_task_constructor_core/lib/python3.12/site-packages/moveit/task_constructor'...
[3222.083s] Compiling '/home/luka/ws_moveit/install/moveit_task_constructor_core/lib/python3.12/site-packages/moveit/task_constructor/__init__.py'...
[3222.085s] Compiling '/home/luka/ws_moveit/install/moveit_task_constructor_core/lib/python3.12/site-packages/moveit/task_constructor/core.py'...
[3222.086s] Compiling '/home/luka/ws_moveit/install/moveit_task_constructor_core/lib/python3.12/site-packages/moveit/task_constructor/stages.py'...
[3222.119s] -- Installing: /home/luka/ws_moveit/install/moveit_task_constructor_core/include/moveit/python/pybind11
[3222.120s] -- Installing: /home/luka/ws_moveit/install/moveit_task_constructor_core/include/moveit/python/pybind11/eigen.h
[3222.121s] -- Installing: /home/luka/ws_moveit/install/moveit_task_constructor_core/include/moveit/python/pybind11/type_caster_pyobject_ptr.h
[3222.122s] -- Installing: /home/luka/ws_moveit/install/moveit_task_constructor_core/include/moveit/python/pybind11/complex.h
[3222.123s] -- Installing: /home/luka/ws_moveit/install/moveit_task_constructor_core/include/moveit/python/pybind11/cast.h
[3222.124s] -- Installing: /home/luka/ws_moveit/install/moveit_task_constructor_core/include/moveit/python/pybind11/stl_bind.h
[3222.125s] -- Installing: /home/luka/ws_moveit/install/moveit_task_constructor_core/include/moveit/python/pybind11/pytypes.h
[3222.126s] -- Installing: /home/luka/ws_moveit/install/moveit_task_constructor_core/include/moveit/python/pybind11/buffer_info.h
[3222.126s] -- Installing: /home/luka/ws_moveit/install/moveit_task_constructor_core/include/moveit/python/pybind11/iostream.h
[3222.127s] -- Installing: /home/luka/ws_moveit/install/moveit_task_constructor_core/include/moveit/python/pybind11/detail
[3222.128s] -- Installing: /home/luka/ws_moveit/install/moveit_task_constructor_core/include/moveit/python/pybind11/detail/class.h
[3222.129s] -- Installing: /home/luka/ws_moveit/install/moveit_task_constructor_core/include/moveit/python/pybind11/detail/init.h
[3222.130s] -- Installing: /home/luka/ws_moveit/install/moveit_task_constructor_core/include/moveit/python/pybind11/detail/dynamic_raw_ptr_cast_if_possible.h
[3222.131s] -- Installing: /home/luka/ws_moveit/install/moveit_task_constructor_core/include/moveit/python/pybind11/detail/type_caster_odr_guard.h
[3222.133s] -- Installing: /home/luka/ws_moveit/install/moveit_task_constructor_core/include/moveit/python/pybind11/detail/smart_holder_sfinae_hooks_only.h
[3222.134s] -- Installing: /home/luka/ws_moveit/install/moveit_task_constructor_core/include/moveit/python/pybind11/detail/smart_holder_type_casters.h
[3222.135s] -- Installing: /home/luka/ws_moveit/install/moveit_task_constructor_core/include/moveit/python/pybind11/detail/common.h
[3222.135s] -- Installing: /home/luka/ws_moveit/install/moveit_task_constructor_core/include/moveit/python/pybind11/detail/typeid.h
[3222.136s] -- Installing: /home/luka/ws_moveit/install/moveit_task_constructor_core/include/moveit/python/pybind11/detail/smart_holder_poc.h
[3222.138s] -- Installing: /home/luka/ws_moveit/install/moveit_task_constructor_core/include/moveit/python/pybind11/detail/type_caster_base.h
[3222.138s] -- Installing: /home/luka/ws_moveit/install/moveit_task_constructor_core/include/moveit/python/pybind11/detail/descr.h
[3222.139s] -- Installing: /home/luka/ws_moveit/install/moveit_task_constructor_core/include/moveit/python/pybind11/detail/internals.h
[3222.140s] -- Installing: /home/luka/ws_moveit/install/moveit_task_constructor_core/include/moveit/python/pybind11/pybind11.h
[3222.141s] -- Installing: /home/luka/ws_moveit/install/moveit_task_constructor_core/include/moveit/python/pybind11/stl
[3222.141s] -- Installing: /home/luka/ws_moveit/install/moveit_task_constructor_core/include/moveit/python/pybind11/stl/filesystem.h
[3222.142s] -- Installing: /home/luka/ws_moveit/install/moveit_task_constructor_core/include/moveit/python/pybind11/eigen
[3222.143s] -- Installing: /home/luka/ws_moveit/install/moveit_task_constructor_core/include/moveit/python/pybind11/eigen/tensor.h
[3222.143s] -- Installing: /home/luka/ws_moveit/install/moveit_task_constructor_core/include/moveit/python/pybind11/eigen/matrix.h
[3222.144s] -- Installing: /home/luka/ws_moveit/install/moveit_task_constructor_core/include/moveit/python/pybind11/eigen/common.h
[3222.145s] -- Installing: /home/luka/ws_moveit/install/moveit_task_constructor_core/include/moveit/python/pybind11/numpy.h
[3222.146s] -- Installing: /home/luka/ws_moveit/install/moveit_task_constructor_core/include/moveit/python/pybind11/gil.h
[3222.147s] -- Installing: /home/luka/ws_moveit/install/moveit_task_constructor_core/include/moveit/python/pybind11/typing.h
[3222.147s] -- Installing: /home/luka/ws_moveit/install/moveit_task_constructor_core/include/moveit/python/pybind11/trampoline_self_life_support.h
[3222.148s] -- Installing: /home/luka/ws_moveit/install/moveit_task_constructor_core/include/moveit/python/pybind11/functional.h
[3222.149s] -- Installing: /home/luka/ws_moveit/install/moveit_task_constructor_core/include/moveit/python/pybind11/embed.h
[3222.150s] -- Installing: /home/luka/ws_moveit/install/moveit_task_constructor_core/include/moveit/python/pybind11/gil_safe_call_once.h
[3222.151s] -- Installing: /home/luka/ws_moveit/install/moveit_task_constructor_core/include/moveit/python/pybind11/common.h
[3222.152s] -- Installing: /home/luka/ws_moveit/install/moveit_task_constructor_core/include/moveit/python/pybind11/smart_holder.h
[3222.153s] -- Installing: /home/luka/ws_moveit/install/moveit_task_constructor_core/include/moveit/python/pybind11/options.h
[3222.154s] -- Installing: /home/luka/ws_moveit/install/moveit_task_constructor_core/include/moveit/python/pybind11/chrono.h
[3222.155s] -- Installing: /home/luka/ws_moveit/install/moveit_task_constructor_core/include/moveit/python/pybind11/eval.h
[3222.155s] -- Installing: /home/luka/ws_moveit/install/moveit_task_constructor_core/include/moveit/python/pybind11/stl.h
[3222.156s] -- Installing: /home/luka/ws_moveit/install/moveit_task_constructor_core/include/moveit/python/pybind11/operators.h
[3222.157s] -- Installing: /home/luka/ws_moveit/install/moveit_task_constructor_core/include/moveit/python/pybind11/attr.h
[3222.158s] -- Installing: /home/luka/ws_moveit/install/moveit_task_constructor_core/share/moveit_task_constructor_core/cmake/pybind11Config.cmake
[3222.158s] -- Installing: /home/luka/ws_moveit/install/moveit_task_constructor_core/share/moveit_task_constructor_core/cmake/pybind11ConfigVersion.cmake
[3222.159s] -- Installing: /home/luka/ws_moveit/install/moveit_task_constructor_core/share/moveit_task_constructor_core/cmake/FindPythonLibsNew.cmake
[3222.160s] -- Installing: /home/luka/ws_moveit/install/moveit_task_constructor_core/share/moveit_task_constructor_core/cmake/pybind11Common.cmake
[3222.161s] -- Installing: /home/luka/ws_moveit/install/moveit_task_constructor_core/share/moveit_task_constructor_core/cmake/pybind11Tools.cmake
[3222.161s] -- Installing: /home/luka/ws_moveit/install/moveit_task_constructor_core/share/moveit_task_constructor_core/cmake/pybind11NewTools.cmake
[3222.164s] -- Installing: /home/luka/ws_moveit/install/moveit_task_constructor_core/share/moveit_task_constructor_core/cmake/pybind11Targets.cmake
[3222.165s] -- Installing: /home/luka/ws_moveit/install/moveit_task_constructor_core/share/pkgconfig/pybind11.pc
[3222.166s] -- Installing: /home/luka/ws_moveit/install/moveit_task_constructor_core/lib/libmoveit_task_constructor_core_python_tools.so
[3222.170s] -- Set non-toolchain portion of runtime path of "/home/luka/ws_moveit/install/moveit_task_constructor_core/lib/libmoveit_task_constructor_core_python_tools.so" to ""
[3222.170s] -- Installing: /home/luka/ws_moveit/install/moveit_task_constructor_core/lib/python3.12/site-packages/pymoveit_mtc.cpython-312-x86_64-linux-gnu.so
[3222.176s] -- Set non-toolchain portion of runtime path of "/home/luka/ws_moveit/install/moveit_task_constructor_core/lib/python3.12/site-packages/pymoveit_mtc.cpython-312-x86_64-linux-gnu.so" to ""
[3222.179s] -- Up-to-date: /home/luka/ws_moveit/install/moveit_task_constructor_core/include
[3222.180s] -- Up-to-date: /home/luka/ws_moveit/install/moveit_task_constructor_core/include/moveit
[3222.180s] -- Installing: /home/luka/ws_moveit/install/moveit_task_constructor_core/include/moveit/task_constructor
[3222.181s] -- Installing: /home/luka/ws_moveit/install/moveit_task_constructor_core/include/moveit/task_constructor/introspection.h
[3222.182s] -- Installing: /home/luka/ws_moveit/install/moveit_task_constructor_core/include/moveit/task_constructor/storage.h
[3222.183s] -- Installing: /home/luka/ws_moveit/install/moveit_task_constructor_core/include/moveit/task_constructor/type_traits.h
[3222.187s] -- Installing: /home/luka/ws_moveit/install/moveit_task_constructor_core/include/moveit/task_constructor/cost_queue.h
[3222.189s] -- Installing: /home/luka/ws_moveit/install/moveit_task_constructor_core/include/moveit/task_constructor/moveit_compat.h
[3222.191s] -- Installing: /home/luka/ws_moveit/install/moveit_task_constructor_core/include/moveit/task_constructor/stages
[3222.194s] -- Installing: /home/luka/ws_moveit/install/moveit_task_constructor_core/include/moveit/task_constructor/stages/move_to.h
[3222.195s] -- Installing: /home/luka/ws_moveit/install/moveit_task_constructor_core/include/moveit/task_constructor/stages/simple_grasp.h
[3222.200s] -- Installing: /home/luka/ws_moveit/install/moveit_task_constructor_core/include/moveit/task_constructor/stages/generate_random_pose.h
[3222.201s] -- Installing: /home/luka/ws_moveit/install/moveit_task_constructor_core/include/moveit/task_constructor/stages/fixed_state.h
[3222.201s] -- Installing: /home/luka/ws_moveit/install/moveit_task_constructor_core/include/moveit/task_constructor/stages/passthrough.h
[3222.205s] -- Installing: /home/luka/ws_moveit/install/moveit_task_constructor_core/include/moveit/task_constructor/stages/compute_ik.h
[3222.207s] -- Installing: /home/luka/ws_moveit/install/moveit_task_constructor_core/include/moveit/task_constructor/stages/noop.h
[3222.208s] -- Installing: /home/luka/ws_moveit/install/moveit_task_constructor_core/include/moveit/task_constructor/stages/generate_place_pose.h
[3222.209s] -- Installing: /home/luka/ws_moveit/install/moveit_task_constructor_core/include/moveit/task_constructor/stages/fixed_cartesian_poses.h
[3222.210s] -- Installing: /home/luka/ws_moveit/install/moveit_task_constructor_core/include/moveit/task_constructor/stages/generate_pose.h
[3222.211s] -- Installing: /home/luka/ws_moveit/install/moveit_task_constructor_core/include/moveit/task_constructor/stages/connect.h
[3222.211s] -- Installing: /home/luka/ws_moveit/install/moveit_task_constructor_core/include/moveit/task_constructor/stages/generate_grasp_pose.h
[3222.213s] -- Installing: /home/luka/ws_moveit/install/moveit_task_constructor_core/include/moveit/task_constructor/stages/pick.h
[3222.214s] -- Installing: /home/luka/ws_moveit/install/moveit_task_constructor_core/include/moveit/task_constructor/stages/predicate_filter.h
[3222.215s] -- Installing: /home/luka/ws_moveit/install/moveit_task_constructor_core/include/moveit/task_constructor/stages/fix_collision_objects.h
[3222.215s] -- Installing: /home/luka/ws_moveit/install/moveit_task_constructor_core/include/moveit/task_constructor/stages/modify_planning_scene.h
[3222.216s] -- Installing: /home/luka/ws_moveit/install/moveit_task_constructor_core/include/moveit/task_constructor/stages/move_relative.h
[3222.217s] -- Installing: /home/luka/ws_moveit/install/moveit_task_constructor_core/include/moveit/task_constructor/stages/limit_solutions.h
[3222.218s] -- Installing: /home/luka/ws_moveit/install/moveit_task_constructor_core/include/moveit/task_constructor/stages/current_state.h
[3222.218s] -- Installing: /home/luka/ws_moveit/install/moveit_task_constructor_core/include/moveit/task_constructor/utils.h
[3222.219s] -- Installing: /home/luka/ws_moveit/install/moveit_task_constructor_core/include/moveit/task_constructor/solvers
[3222.220s] -- Installing: /home/luka/ws_moveit/install/moveit_task_constructor_core/include/moveit/task_constructor/solvers/multi_planner.h
[3222.220s] -- Installing: /home/luka/ws_moveit/install/moveit_task_constructor_core/include/moveit/task_constructor/solvers/joint_interpolation.h
[3222.223s] -- Installing: /home/luka/ws_moveit/install/moveit_task_constructor_core/include/moveit/task_constructor/solvers/pipeline_planner.h
[3222.223s] -- Installing: /home/luka/ws_moveit/install/moveit_task_constructor_core/include/moveit/task_constructor/solvers/cartesian_path.h
[3222.224s] -- Installing: /home/luka/ws_moveit/install/moveit_task_constructor_core/include/moveit/task_constructor/solvers/planner_interface.h
[3222.225s] -- Installing: /home/luka/ws_moveit/install/moveit_task_constructor_core/include/moveit/task_constructor/solvers.h
[3222.225s] -- Installing: /home/luka/ws_moveit/install/moveit_task_constructor_core/include/moveit/task_constructor/container.h
[3222.226s] -- Installing: /home/luka/ws_moveit/install/moveit_task_constructor_core/include/moveit/task_constructor/task.h
[3222.227s] -- Installing: /home/luka/ws_moveit/install/moveit_task_constructor_core/include/moveit/task_constructor/stages.h
[3222.227s] -- Installing: /home/luka/ws_moveit/install/moveit_task_constructor_core/include/moveit/task_constructor/merge.h
[3222.228s] -- Installing: /home/luka/ws_moveit/install/moveit_task_constructor_core/include/moveit/task_constructor/cost_terms.h
[3222.229s] -- Installing: /home/luka/ws_moveit/install/moveit_task_constructor_core/include/moveit/task_constructor/stage.h
[3222.229s] -- Installing: /home/luka/ws_moveit/install/moveit_task_constructor_core/include/moveit/task_constructor/marker_tools.h
[3222.230s] -- Installing: /home/luka/ws_moveit/install/moveit_task_constructor_core/include/moveit/task_constructor/properties.h
[3222.231s] -- Installing: /home/luka/ws_moveit/install/moveit_task_constructor_core/include/moveit/task_constructor/trajectory_execution_info.h
[3222.231s] -- Up-to-date: /home/luka/ws_moveit/install/moveit_task_constructor_core/include/moveit/python
[3222.232s] -- Installing: /home/luka/ws_moveit/install/moveit_task_constructor_core/include/moveit/python/task_constructor
[3222.233s] -- Installing: /home/luka/ws_moveit/install/moveit_task_constructor_core/include/moveit/python/task_constructor/properties.h
[3222.233s] -- Installing: /home/luka/ws_moveit/install/moveit_task_constructor_core/share/moveit_task_constructor_core/motion_planning_stages_plugin_description.xml
[3222.234s] -- Installing: /home/luka/ws_moveit/install/moveit_task_constructor_core/share/moveit_task_constructor_core/environment/library_path.sh
[3222.235s] -- Installing: /home/luka/ws_moveit/install/moveit_task_constructor_core/share/moveit_task_constructor_core/environment/library_path.dsv
[3222.235s] -- Installing: /home/luka/ws_moveit/install/moveit_task_constructor_core/share/ament_index/resource_index/package_run_dependencies/moveit_task_constructor_core
[3222.236s] -- Installing: /home/luka/ws_moveit/install/moveit_task_constructor_core/share/ament_index/resource_index/parent_prefix_path/moveit_task_constructor_core
[3222.236s] -- Installing: /home/luka/ws_moveit/install/moveit_task_constructor_core/share/moveit_task_constructor_core/environment/ament_prefix_path.sh
[3222.237s] -- Installing: /home/luka/ws_moveit/install/moveit_task_constructor_core/share/moveit_task_constructor_core/environment/ament_prefix_path.dsv
[3222.237s] -- Installing: /home/luka/ws_moveit/install/moveit_task_constructor_core/share/moveit_task_constructor_core/environment/path.sh
[3222.238s] -- Installing: /home/luka/ws_moveit/install/moveit_task_constructor_core/share/moveit_task_constructor_core/environment/path.dsv
[3222.239s] -- Installing: /home/luka/ws_moveit/install/moveit_task_constructor_core/share/moveit_task_constructor_core/local_setup.bash
[3222.239s] -- Installing: /home/luka/ws_moveit/install/moveit_task_constructor_core/share/moveit_task_constructor_core/local_setup.sh
[3222.240s] -- Installing: /home/luka/ws_moveit/install/moveit_task_constructor_core/share/moveit_task_constructor_core/local_setup.zsh
[3222.240s] -- Installing: /home/luka/ws_moveit/install/moveit_task_constructor_core/share/moveit_task_constructor_core/local_setup.dsv
[3222.241s] -- Installing: /home/luka/ws_moveit/install/moveit_task_constructor_core/share/moveit_task_constructor_core/package.dsv
[3222.242s] -- Installing: /home/luka/ws_moveit/install/moveit_task_constructor_core/share/ament_index/resource_index/packages/moveit_task_constructor_core
[3222.242s] -- Installing: /home/luka/ws_moveit/install/moveit_task_constructor_core/share/ament_index/resource_index/moveit_task_constructor_core__pluginlib__plugin/moveit_task_constructor_core
[3222.243s] -- Installing: /home/luka/ws_moveit/install/moveit_task_constructor_core/share/moveit_task_constructor_core/cmake/moveit_task_constructor_coreTargetsExport.cmake
[3222.244s] -- Installing: /home/luka/ws_moveit/install/moveit_task_constructor_core/share/moveit_task_constructor_core/cmake/moveit_task_constructor_coreTargetsExport-release.cmake
[3222.244s] -- Installing: /home/luka/ws_moveit/install/moveit_task_constructor_core/share/moveit_task_constructor_core/cmake/ament_cmake_export_targets-extras.cmake
[3222.245s] -- Installing: /home/luka/ws_moveit/install/moveit_task_constructor_core/share/moveit_task_constructor_core/cmake/ament_cmake_export_dependencies-extras.cmake
[3222.246s] -- Installing: /home/luka/ws_moveit/install/moveit_task_constructor_core/share/moveit_task_constructor_core/cmake/moveit_task_constructor_coreConfig.cmake
[3222.247s] -- Installing: /home/luka/ws_moveit/install/moveit_task_constructor_core/share/moveit_task_constructor_core/cmake/moveit_task_constructor_coreConfig-version.cmake
[3222.247s] -- Installing: /home/luka/ws_moveit/install/moveit_task_constructor_core/share/moveit_task_constructor_core/package.xml
[3222.252s] Invoked command in '/home/luka/ws_moveit/build/moveit_task_constructor_core' returned '0': AMENT_PREFIX_PATH=/home/luka/ws_moveit/install/moveit_planners:/home/luka/ws_moveit/install/pilz_industrial_motion_planner:/home/luka/ws_moveit/install/moveit_resources_prbt_pg70_support:/home/luka/ws_moveit/install/moveit_py:/home/luka/ws_moveit/install/moveit_ros_planning_interface:/home/luka/ws_moveit/install/moveit_resources_prbt_moveit_config:/home/luka/ws_moveit/install/moveit_ros_move_group:/home/luka/ws_moveit/install/moveit_ros_warehouse:/home/luka/ws_moveit/install/moveit_planners_ompl:/home/luka/ws_moveit/install/moveit_kinematics:/home/luka/ws_moveit/install/moveit_ros_planning:/home/luka/ws_moveit/install/moveit_planners_chomp:/home/luka/ws_moveit/install/pilz_industrial_motion_planner_testutils:/home/luka/ws_moveit/install/moveit_simple_controller_manager:/home/luka/ws_moveit/install/moveit_ros_occupancy_map_monitor:/home/luka/ws_moveit/install/moveit_resources_prbt_ikfast_manipulator_plugin:/home/luka/ws_moveit/install/moveit_planners_stomp:/home/luka/ws_moveit/install/chomp_motion_planner:/home/luka/ws_moveit/install/moveit_core:/home/luka/ws_moveit/install/rviz_marker_tools:/home/luka/ws_moveit/install/moveit_task_constructor_msgs:/home/luka/ws_moveit/install/moveit_resources_panda_moveit_config:/home/luka/ws_moveit/install/moveit_resources_fanuc_moveit_config:/home/luka/ws_moveit/install/moveit_resources_prbt_support:/home/luka/ws_moveit/install/moveit_resources_pr2_description:/home/luka/ws_moveit/install/moveit_resources_panda_description:/home/luka/ws_moveit/install/moveit_resources_fanuc_description:/home/luka/ws_moveit/install/moveit_msgs:/home/luka/ws_moveit/install/moveit_configs_utils:/home/luka/ws_moveit/install/moveit_common:${AMENT_PREFIX_PATH} CMAKE_PREFIX_PATH=/home/luka/ws_moveit/install/moveit_planners:/home/luka/ws_moveit/install/pilz_industrial_motion_planner:/home/luka/ws_moveit/install/moveit_resources_prbt_pg70_support:/home/luka/ws_moveit/install/moveit_py:/home/luka/ws_moveit/install/moveit_ros_planning_interface:/home/luka/ws_moveit/install/moveit_resources_prbt_moveit_config:/home/luka/ws_moveit/install/moveit_ros_move_group:/home/luka/ws_moveit/install/moveit_ros_warehouse:/home/luka/ws_moveit/install/moveit_planners_ompl:/home/luka/ws_moveit/install/moveit_kinematics:/home/luka/ws_moveit/install/moveit_ros_planning:/home/luka/ws_moveit/install/moveit_planners_chomp:/home/luka/ws_moveit/install/pilz_industrial_motion_planner_testutils:/home/luka/ws_moveit/install/moveit_simple_controller_manager:/home/luka/ws_moveit/install/moveit_ros_occupancy_map_monitor:/home/luka/ws_moveit/install/moveit_resources_prbt_ikfast_manipulator_plugin:/home/luka/ws_moveit/install/moveit_planners_stomp:/home/luka/ws_moveit/install/chomp_motion_planner:/home/luka/ws_moveit/install/moveit_core:/home/luka/ws_moveit/install/rviz_marker_tools:/home/luka/ws_moveit/install/moveit_task_constructor_msgs:/home/luka/ws_moveit/install/moveit_resources_panda_moveit_config:/home/luka/ws_moveit/install/moveit_resources_fanuc_moveit_config:/home/luka/ws_moveit/install/moveit_resources_prbt_support:/home/luka/ws_moveit/install/moveit_resources_pr2_description:/home/luka/ws_moveit/install/moveit_resources_panda_description:/home/luka/ws_moveit/install/moveit_resources_fanuc_description:/home/luka/ws_moveit/install/moveit_msgs:/home/luka/ws_moveit/install/moveit_common:/opt/ros/jazzy/opt/gz_sim_vendor:/opt/ros/jazzy/opt/gz_sensors_vendor:/opt/ros/jazzy/opt/gz_physics_vendor:/opt/ros/jazzy/opt/sdformat_vendor:/opt/ros/jazzy/opt/gz_gui_vendor:/opt/ros/jazzy/opt/gz_transport_vendor:/opt/ros/jazzy/opt/gz_rendering_vendor:/opt/ros/jazzy/opt/gz_plugin_vendor:/opt/ros/jazzy/opt/gz_fuel_tools_vendor:/opt/ros/jazzy/opt/gz_msgs_vendor:/opt/ros/jazzy/opt/gz_common_vendor:/opt/ros/jazzy/opt/gz_math_vendor:/opt/ros/jazzy/opt/gz_utils_vendor:/opt/ros/jazzy/opt/gz_tools_vendor:/opt/ros/jazzy/opt/gz_ogre_next_vendor:/opt/ros/jazzy/opt/gz_dartsim_vendor:/opt/ros/jazzy/opt/gz_cmake_vendor:/opt/ros/jazzy DEBUGINFOD_URLS=https://debuginfod.ubuntu.com LD_LIBRARY_PATH=/home/luka/ws_moveit/install/pilz_industrial_motion_planner/lib:/home/luka/ws_moveit/install/moveit_py/lib:/home/luka/ws_moveit/install/moveit_ros_planning_interface/lib:/home/luka/ws_moveit/install/moveit_ros_move_group/lib:/home/luka/ws_moveit/install/moveit_ros_warehouse/lib:/home/luka/ws_moveit/install/moveit_planners_ompl/lib:/home/luka/ws_moveit/install/moveit_kinematics/lib:/home/luka/ws_moveit/install/moveit_ros_planning/lib:/home/luka/ws_moveit/install/moveit_planners_chomp/lib:/home/luka/ws_moveit/install/pilz_industrial_motion_planner_testutils/lib:/home/luka/ws_moveit/install/moveit_simple_controller_manager/lib:/home/luka/ws_moveit/install/moveit_ros_occupancy_map_monitor/lib:/home/luka/ws_moveit/install/moveit_resources_prbt_ikfast_manipulator_plugin/lib:/home/luka/ws_moveit/install/moveit_planners_stomp/lib:/home/luka/ws_moveit/install/chomp_motion_planner/lib:/home/luka/ws_moveit/install/moveit_core/lib:/home/luka/ws_moveit/install/rviz_marker_tools/lib:/home/luka/ws_moveit/install/moveit_task_constructor_msgs/lib:/home/luka/ws_moveit/install/moveit_msgs/lib:${LD_LIBRARY_PATH} PATH=/home/luka/ws_moveit/install/moveit_core/bin:${PATH} PYTHONPATH=/home/luka/ws_moveit/install/moveit_py/lib/python3.12/site-packages:/home/luka/ws_moveit/install/moveit_task_constructor_msgs/lib/python3.12/site-packages:/home/luka/ws_moveit/install/moveit_msgs/lib/python3.12/site-packages:/home/luka/ws_moveit/install/moveit_configs_utils/lib/python3.12/site-packages:${PYTHONPATH} /usr/bin/cmake --install /home/luka/ws_moveit/build/moveit_task_constructor_core
