[0.017s] Invoking command in '/home/luka/ws_moveit/build/rviz_visual_tools': CMAKE_PREFIX_PATH=${CMAKE_PREFIX_PATH}:/opt/ros/jazzy DEBUGINFOD_URLS=https://debuginfod.ubuntu.com /usr/bin/cmake --build /home/luka/ws_moveit/build/rviz_visual_tools -- -j4 -l4
[0.170s] [  0%] Built target rviz_visual_tools_gui_autogen_timestamp_deps
[0.187s] [  0%] Built target gtest_autogen_timestamp_deps
[0.188s] [  0%] Built target gtest_main_autogen_timestamp_deps
[0.191s] [  0%] Built target rviz_visual_tools_remote_control_autogen_timestamp_deps
[0.266s] [  2%] Built target gtest_main_autogen
[0.288s] [  4%] Built target gtest_autogen
[0.313s] [  6%] Built target rviz_visual_tools_gui_autogen
[0.313s] [  8%] Built target rviz_visual_tools_remote_control_autogen
[0.341s] [ 16%] Built target gtest_main
[0.368s] [ 25%] Built target gtest
[0.418s] [ 33%] Built target rviz_visual_tools_remote_control
[0.459s] [ 33%] Built target rviz_visual_tools_autogen_timestamp_deps
[0.463s] [ 45%] Built target rviz_visual_tools_gui
[0.520s] [ 47%] Built target rviz_visual_tools_autogen
[0.618s] [ 58%] Built target rviz_visual_tools
[0.673s] [ 58%] Built target rviz_visual_tools_demo_autogen_timestamp_deps
[0.681s] [ 58%] Built target rviz_visual_tools_rvt_test_autogen_timestamp_deps
[0.694s] [ 58%] Built target rviz_visual_tools_imarker_simple_autogen_timestamp_deps
[0.766s] [ 60%] Built target rviz_visual_tools_demo_autogen
[0.779s] [ 62%] Built target rviz_visual_tools_imarker_simple_autogen
[0.805s] [ 64%] Built target rviz_visual_tools_rvt_test_autogen
[0.899s] [ 72%] Built target rviz_visual_tools_demo
[0.928s] [ 81%] Built target rviz_visual_tools_rvt_test
[0.934s] [ 89%] Built target rviz_visual_tools_imarker_simple
[0.974s] [ 89%] Built target rviz_visual_tools_imarker_simple_demo_autogen_timestamp_deps
[1.043s] [ 91%] Built target rviz_visual_tools_imarker_simple_demo_autogen
[1.128s] [100%] Built target rviz_visual_tools_imarker_simple_demo
[1.157s] Invoked command in '/home/luka/ws_moveit/build/rviz_visual_tools' returned '0': CMAKE_PREFIX_PATH=${CMAKE_PREFIX_PATH}:/opt/ros/jazzy DEBUGINFOD_URLS=https://debuginfod.ubuntu.com /usr/bin/cmake --build /home/luka/ws_moveit/build/rviz_visual_tools -- -j4 -l4
[1.159s] Invoking command in '/home/luka/ws_moveit/build/rviz_visual_tools': CMAKE_PREFIX_PATH=${CMAKE_PREFIX_PATH}:/opt/ros/jazzy DEBUGINFOD_URLS=https://debuginfod.ubuntu.com /usr/bin/cmake --install /home/luka/ws_moveit/build/rviz_visual_tools
[1.177s] -- Install configuration: "Release"
[1.178s] -- Up-to-date: /home/luka/ws_moveit/install/rviz_visual_tools/share/rviz_visual_tools/plugin_description.xml
[1.179s] -- Up-to-date: /home/luka/ws_moveit/install/rviz_visual_tools/lib/librviz_visual_tools.so
[1.179s] -- Up-to-date: /home/luka/ws_moveit/install/rviz_visual_tools/lib/librviz_visual_tools_remote_control.so
[1.179s] -- Up-to-date: /home/luka/ws_moveit/install/rviz_visual_tools/lib/librviz_visual_tools_gui.so
[1.181s] -- Up-to-date: /home/luka/ws_moveit/install/rviz_visual_tools/lib/librviz_visual_tools_imarker_simple.so
[1.182s] -- Up-to-date: /home/luka/ws_moveit/install/rviz_visual_tools/lib/rviz_visual_tools/rviz_visual_tools_demo
[1.184s] -- Up-to-date: /home/luka/ws_moveit/install/rviz_visual_tools/lib/rviz_visual_tools/rviz_visual_tools_imarker_simple_demo
[1.184s] -- Up-to-date: /home/luka/ws_moveit/install/rviz_visual_tools/include
[1.184s] -- Up-to-date: /home/luka/ws_moveit/install/rviz_visual_tools/include/rviz_visual_tools
[1.185s] -- Up-to-date: /home/luka/ws_moveit/install/rviz_visual_tools/include/rviz_visual_tools/remote_reciever.hpp
[1.185s] -- Up-to-date: /home/luka/ws_moveit/install/rviz_visual_tools/include/rviz_visual_tools/remote_control.hpp
[1.185s] -- Up-to-date: /home/luka/ws_moveit/install/rviz_visual_tools/include/rviz_visual_tools/key_tool.hpp
[1.185s] -- Up-to-date: /home/luka/ws_moveit/install/rviz_visual_tools/include/rviz_visual_tools/tf_visual_tools.hpp
[1.185s] -- Up-to-date: /home/luka/ws_moveit/install/rviz_visual_tools/include/rviz_visual_tools/rviz_visual_tools.hpp
[1.185s] -- Up-to-date: /home/luka/ws_moveit/install/rviz_visual_tools/include/rviz_visual_tools/rviz_visual_tools_gui.hpp
[1.186s] -- Up-to-date: /home/luka/ws_moveit/install/rviz_visual_tools/include/rviz_visual_tools/imarker_simple.hpp
[1.186s] -- Up-to-date: /home/luka/ws_moveit/install/rviz_visual_tools/share/rviz_visual_tools/launch
[1.186s] -- Up-to-date: /home/luka/ws_moveit/install/rviz_visual_tools/share/rviz_visual_tools/launch/demo_rviz.launch.py
[1.187s] -- Up-to-date: /home/luka/ws_moveit/install/rviz_visual_tools/share/rviz_visual_tools/launch/demo.rviz
[1.187s] -- Up-to-date: /home/luka/ws_moveit/install/rviz_visual_tools/share/rviz_visual_tools/launch/demo_combined.launch.py
[1.189s] -- Up-to-date: /home/luka/ws_moveit/install/rviz_visual_tools/share/rviz_visual_tools/launch/rvt_test.launch
[1.189s] -- Up-to-date: /home/luka/ws_moveit/install/rviz_visual_tools/share/rviz_visual_tools/environment/library_path.sh
[1.189s] -- Up-to-date: /home/luka/ws_moveit/install/rviz_visual_tools/share/rviz_visual_tools/environment/library_path.dsv
[1.189s] -- Up-to-date: /home/luka/ws_moveit/install/rviz_visual_tools/share/ament_index/resource_index/package_run_dependencies/rviz_visual_tools
[1.189s] -- Up-to-date: /home/luka/ws_moveit/install/rviz_visual_tools/share/ament_index/resource_index/parent_prefix_path/rviz_visual_tools
[1.190s] -- Up-to-date: /home/luka/ws_moveit/install/rviz_visual_tools/share/rviz_visual_tools/environment/ament_prefix_path.sh
[1.190s] -- Up-to-date: /home/luka/ws_moveit/install/rviz_visual_tools/share/rviz_visual_tools/environment/ament_prefix_path.dsv
[1.190s] -- Up-to-date: /home/luka/ws_moveit/install/rviz_visual_tools/share/rviz_visual_tools/environment/path.sh
[1.190s] -- Up-to-date: /home/luka/ws_moveit/install/rviz_visual_tools/share/rviz_visual_tools/environment/path.dsv
[1.191s] -- Up-to-date: /home/luka/ws_moveit/install/rviz_visual_tools/share/rviz_visual_tools/local_setup.bash
[1.191s] -- Up-to-date: /home/luka/ws_moveit/install/rviz_visual_tools/share/rviz_visual_tools/local_setup.sh
[1.192s] -- Up-to-date: /home/luka/ws_moveit/install/rviz_visual_tools/share/rviz_visual_tools/local_setup.zsh
[1.192s] -- Up-to-date: /home/luka/ws_moveit/install/rviz_visual_tools/share/rviz_visual_tools/local_setup.dsv
[1.192s] -- Installing: /home/luka/ws_moveit/install/rviz_visual_tools/share/rviz_visual_tools/package.dsv
[1.192s] -- Up-to-date: /home/luka/ws_moveit/install/rviz_visual_tools/share/ament_index/resource_index/packages/rviz_visual_tools
[1.192s] -- Up-to-date: /home/luka/ws_moveit/install/rviz_visual_tools/share/ament_index/resource_index/rviz_common__pluginlib__plugin/rviz_visual_tools
[1.193s] -- Up-to-date: /home/luka/ws_moveit/install/rviz_visual_tools/share/rviz_visual_tools/cmake/export_rviz_visual_toolsExport.cmake
[1.194s] -- Up-to-date: /home/luka/ws_moveit/install/rviz_visual_tools/share/rviz_visual_tools/cmake/export_rviz_visual_toolsExport-release.cmake
[1.194s] -- Up-to-date: /home/luka/ws_moveit/install/rviz_visual_tools/share/rviz_visual_tools/cmake/ament_cmake_export_targets-extras.cmake
[1.194s] -- Up-to-date: /home/luka/ws_moveit/install/rviz_visual_tools/share/rviz_visual_tools/cmake/ament_cmake_export_dependencies-extras.cmake
[1.194s] -- Up-to-date: /home/luka/ws_moveit/install/rviz_visual_tools/share/rviz_visual_tools/cmake/ament_cmake_export_include_directories-extras.cmake
[1.194s] -- Up-to-date: /home/luka/ws_moveit/install/rviz_visual_tools/share/rviz_visual_tools/cmake/ament_cmake_export_libraries-extras.cmake
[1.195s] -- Up-to-date: /home/luka/ws_moveit/install/rviz_visual_tools/share/rviz_visual_tools/cmake/rviz_visual_toolsConfig.cmake
[1.195s] -- Up-to-date: /home/luka/ws_moveit/install/rviz_visual_tools/share/rviz_visual_tools/cmake/rviz_visual_toolsConfig-version.cmake
[1.195s] -- Up-to-date: /home/luka/ws_moveit/install/rviz_visual_tools/share/rviz_visual_tools/package.xml
[1.198s] Invoked command in '/home/luka/ws_moveit/build/rviz_visual_tools' returned '0': CMAKE_PREFIX_PATH=${CMAKE_PREFIX_PATH}:/opt/ros/jazzy DEBUGINFOD_URLS=https://debuginfod.ubuntu.com /usr/bin/cmake --install /home/luka/ws_moveit/build/rviz_visual_tools
