[0.030s] Invoking command in '/home/luka/ws_moveit/build/moveit_ros_perception': AMENT_PREFIX_PATH=/home/luka/ws_moveit/install/moveit_ros_planning:/home/luka/ws_moveit/install/moveit_ros_occupancy_map_monitor:/home/luka/ws_moveit/install/moveit_core:/home/luka/ws_moveit/install/moveit_resources_panda_moveit_config:/home/luka/ws_moveit/install/moveit_resources_pr2_description:/home/luka/ws_moveit/install/moveit_resources_panda_description:/home/luka/ws_moveit/install/moveit_msgs:/home/luka/ws_moveit/install/moveit_configs_utils:/home/luka/ws_moveit/install/moveit_common:${AMENT_PREFIX_PATH} CMAKE_PREFIX_PATH=/home/luka/ws_moveit/install/moveit_ros_planning:/home/luka/ws_moveit/install/moveit_ros_occupancy_map_monitor:/home/luka/ws_moveit/install/moveit_core:/home/luka/ws_moveit/install/moveit_resources_panda_moveit_config:/home/luka/ws_moveit/install/moveit_resources_pr2_description:/home/luka/ws_moveit/install/moveit_resources_panda_description:/home/luka/ws_moveit/install/moveit_msgs:/home/luka/ws_moveit/install/moveit_common:/opt/ros/jazzy/opt/gz_sim_vendor:/opt/ros/jazzy/opt/gz_sensors_vendor:/opt/ros/jazzy/opt/gz_physics_vendor:/opt/ros/jazzy/opt/sdformat_vendor:/opt/ros/jazzy/opt/gz_gui_vendor:/opt/ros/jazzy/opt/gz_transport_vendor:/opt/ros/jazzy/opt/gz_rendering_vendor:/opt/ros/jazzy/opt/gz_plugin_vendor:/opt/ros/jazzy/opt/gz_fuel_tools_vendor:/opt/ros/jazzy/opt/gz_msgs_vendor:/opt/ros/jazzy/opt/gz_common_vendor:/opt/ros/jazzy/opt/gz_math_vendor:/opt/ros/jazzy/opt/gz_utils_vendor:/opt/ros/jazzy/opt/gz_tools_vendor:/opt/ros/jazzy/opt/gz_ogre_next_vendor:/opt/ros/jazzy/opt/gz_dartsim_vendor:/opt/ros/jazzy/opt/gz_cmake_vendor:/opt/ros/jazzy DEBUGINFOD_URLS=https://debuginfod.ubuntu.com LD_LIBRARY_PATH=/home/luka/ws_moveit/install/moveit_ros_planning/lib:/home/luka/ws_moveit/install/moveit_ros_occupancy_map_monitor/lib:/home/luka/ws_moveit/install/moveit_core/lib:/home/luka/ws_moveit/install/moveit_msgs/lib:${LD_LIBRARY_PATH} PATH=/home/luka/ws_moveit/install/moveit_core/bin:${PATH} PYTHONPATH=/home/luka/ws_moveit/install/moveit_msgs/lib/python3.12/site-packages:/home/luka/ws_moveit/install/moveit_configs_utils/lib/python3.12/site-packages:${PYTHONPATH} /usr/bin/cmake --build /home/luka/ws_moveit/build/moveit_ros_perception -- -j4 -l4
[0.141s] [ 10%] Built target moveit_lazy_free_space_updater
[0.146s] [ 20%] Built target moveit_point_containment_filter
[0.154s] [ 50%] Built target moveit_mesh_filter
[0.154s] [ 60%] Built target moveit_semantic_world
[0.193s] [ 70%] Built target moveit_pointcloud_octomap_updater_core
[0.206s] [ 80%] Built target moveit_depth_image_octomap_updater_core
[0.240s] [ 90%] Built target moveit_pointcloud_octomap_updater
[0.254s] [100%] Built target moveit_depth_image_octomap_updater
[0.270s] Invoked command in '/home/luka/ws_moveit/build/moveit_ros_perception' returned '0': AMENT_PREFIX_PATH=/home/luka/ws_moveit/install/moveit_ros_planning:/home/luka/ws_moveit/install/moveit_ros_occupancy_map_monitor:/home/luka/ws_moveit/install/moveit_core:/home/luka/ws_moveit/install/moveit_resources_panda_moveit_config:/home/luka/ws_moveit/install/moveit_resources_pr2_description:/home/luka/ws_moveit/install/moveit_resources_panda_description:/home/luka/ws_moveit/install/moveit_msgs:/home/luka/ws_moveit/install/moveit_configs_utils:/home/luka/ws_moveit/install/moveit_common:${AMENT_PREFIX_PATH} CMAKE_PREFIX_PATH=/home/luka/ws_moveit/install/moveit_ros_planning:/home/luka/ws_moveit/install/moveit_ros_occupancy_map_monitor:/home/luka/ws_moveit/install/moveit_core:/home/luka/ws_moveit/install/moveit_resources_panda_moveit_config:/home/luka/ws_moveit/install/moveit_resources_pr2_description:/home/luka/ws_moveit/install/moveit_resources_panda_description:/home/luka/ws_moveit/install/moveit_msgs:/home/luka/ws_moveit/install/moveit_common:/opt/ros/jazzy/opt/gz_sim_vendor:/opt/ros/jazzy/opt/gz_sensors_vendor:/opt/ros/jazzy/opt/gz_physics_vendor:/opt/ros/jazzy/opt/sdformat_vendor:/opt/ros/jazzy/opt/gz_gui_vendor:/opt/ros/jazzy/opt/gz_transport_vendor:/opt/ros/jazzy/opt/gz_rendering_vendor:/opt/ros/jazzy/opt/gz_plugin_vendor:/opt/ros/jazzy/opt/gz_fuel_tools_vendor:/opt/ros/jazzy/opt/gz_msgs_vendor:/opt/ros/jazzy/opt/gz_common_vendor:/opt/ros/jazzy/opt/gz_math_vendor:/opt/ros/jazzy/opt/gz_utils_vendor:/opt/ros/jazzy/opt/gz_tools_vendor:/opt/ros/jazzy/opt/gz_ogre_next_vendor:/opt/ros/jazzy/opt/gz_dartsim_vendor:/opt/ros/jazzy/opt/gz_cmake_vendor:/opt/ros/jazzy DEBUGINFOD_URLS=https://debuginfod.ubuntu.com LD_LIBRARY_PATH=/home/luka/ws_moveit/install/moveit_ros_planning/lib:/home/luka/ws_moveit/install/moveit_ros_occupancy_map_monitor/lib:/home/luka/ws_moveit/install/moveit_core/lib:/home/luka/ws_moveit/install/moveit_msgs/lib:${LD_LIBRARY_PATH} PATH=/home/luka/ws_moveit/install/moveit_core/bin:${PATH} PYTHONPATH=/home/luka/ws_moveit/install/moveit_msgs/lib/python3.12/site-packages:/home/luka/ws_moveit/install/moveit_configs_utils/lib/python3.12/site-packages:${PYTHONPATH} /usr/bin/cmake --build /home/luka/ws_moveit/build/moveit_ros_perception -- -j4 -l4
[0.271s] Invoking command in '/home/luka/ws_moveit/build/moveit_ros_perception': AMENT_PREFIX_PATH=/home/luka/ws_moveit/install/moveit_ros_planning:/home/luka/ws_moveit/install/moveit_ros_occupancy_map_monitor:/home/luka/ws_moveit/install/moveit_core:/home/luka/ws_moveit/install/moveit_resources_panda_moveit_config:/home/luka/ws_moveit/install/moveit_resources_pr2_description:/home/luka/ws_moveit/install/moveit_resources_panda_description:/home/luka/ws_moveit/install/moveit_msgs:/home/luka/ws_moveit/install/moveit_configs_utils:/home/luka/ws_moveit/install/moveit_common:${AMENT_PREFIX_PATH} CMAKE_PREFIX_PATH=/home/luka/ws_moveit/install/moveit_ros_planning:/home/luka/ws_moveit/install/moveit_ros_occupancy_map_monitor:/home/luka/ws_moveit/install/moveit_core:/home/luka/ws_moveit/install/moveit_resources_panda_moveit_config:/home/luka/ws_moveit/install/moveit_resources_pr2_description:/home/luka/ws_moveit/install/moveit_resources_panda_description:/home/luka/ws_moveit/install/moveit_msgs:/home/luka/ws_moveit/install/moveit_common:/opt/ros/jazzy/opt/gz_sim_vendor:/opt/ros/jazzy/opt/gz_sensors_vendor:/opt/ros/jazzy/opt/gz_physics_vendor:/opt/ros/jazzy/opt/sdformat_vendor:/opt/ros/jazzy/opt/gz_gui_vendor:/opt/ros/jazzy/opt/gz_transport_vendor:/opt/ros/jazzy/opt/gz_rendering_vendor:/opt/ros/jazzy/opt/gz_plugin_vendor:/opt/ros/jazzy/opt/gz_fuel_tools_vendor:/opt/ros/jazzy/opt/gz_msgs_vendor:/opt/ros/jazzy/opt/gz_common_vendor:/opt/ros/jazzy/opt/gz_math_vendor:/opt/ros/jazzy/opt/gz_utils_vendor:/opt/ros/jazzy/opt/gz_tools_vendor:/opt/ros/jazzy/opt/gz_ogre_next_vendor:/opt/ros/jazzy/opt/gz_dartsim_vendor:/opt/ros/jazzy/opt/gz_cmake_vendor:/opt/ros/jazzy DEBUGINFOD_URLS=https://debuginfod.ubuntu.com LD_LIBRARY_PATH=/home/luka/ws_moveit/install/moveit_ros_planning/lib:/home/luka/ws_moveit/install/moveit_ros_occupancy_map_monitor/lib:/home/luka/ws_moveit/install/moveit_core/lib:/home/luka/ws_moveit/install/moveit_msgs/lib:${LD_LIBRARY_PATH} PATH=/home/luka/ws_moveit/install/moveit_core/bin:${PATH} PYTHONPATH=/home/luka/ws_moveit/install/moveit_msgs/lib/python3.12/site-packages:/home/luka/ws_moveit/install/moveit_configs_utils/lib/python3.12/site-packages:${PYTHONPATH} /usr/bin/cmake --install /home/luka/ws_moveit/build/moveit_ros_perception
[0.282s] -- Install configuration: "Release"
[0.282s] -- Up-to-date: /home/luka/ws_moveit/install/moveit_ros_perception/include/moveit_ros_perception
[0.282s] -- Up-to-date: /home/luka/ws_moveit/install/moveit_ros_perception/include/moveit_ros_perception/moveit
[0.283s] -- Up-to-date: /home/luka/ws_moveit/install/moveit_ros_perception/include/moveit_ros_perception/moveit/lazy_free_space_updater
[0.283s] -- Up-to-date: /home/luka/ws_moveit/install/moveit_ros_perception/include/moveit_ros_perception/moveit/lazy_free_space_updater/lazy_free_space_updater.h
[0.283s] -- Up-to-date: /home/luka/ws_moveit/install/moveit_ros_perception/include/moveit_ros_perception/moveit/lazy_free_space_updater/lazy_free_space_updater.hpp
[0.283s] -- Up-to-date: /home/luka/ws_moveit/install/moveit_ros_perception/include/moveit_ros_perception
[0.283s] -- Up-to-date: /home/luka/ws_moveit/install/moveit_ros_perception/include/moveit_ros_perception/moveit
[0.284s] -- Up-to-date: /home/luka/ws_moveit/install/moveit_ros_perception/include/moveit_ros_perception/moveit/point_containment_filter
[0.284s] -- Up-to-date: /home/luka/ws_moveit/install/moveit_ros_perception/include/moveit_ros_perception/moveit/point_containment_filter/shape_mask.h
[0.284s] -- Up-to-date: /home/luka/ws_moveit/install/moveit_ros_perception/include/moveit_ros_perception/moveit/point_containment_filter/shape_mask.hpp
[0.284s] -- Up-to-date: /home/luka/ws_moveit/install/moveit_ros_perception/include/moveit_ros_perception
[0.284s] -- Up-to-date: /home/luka/ws_moveit/install/moveit_ros_perception/include/moveit_ros_perception/moveit
[0.284s] -- Up-to-date: /home/luka/ws_moveit/install/moveit_ros_perception/include/moveit_ros_perception/moveit/pointcloud_octomap_updater
[0.284s] -- Up-to-date: /home/luka/ws_moveit/install/moveit_ros_perception/include/moveit_ros_perception/moveit/pointcloud_octomap_updater/pointcloud_octomap_updater.h
[0.285s] -- Up-to-date: /home/luka/ws_moveit/install/moveit_ros_perception/include/moveit_ros_perception/moveit/pointcloud_octomap_updater/pointcloud_octomap_updater.hpp
[0.285s] -- Up-to-date: /home/luka/ws_moveit/install/moveit_ros_perception/include/moveit_ros_perception
[0.285s] -- Up-to-date: /home/luka/ws_moveit/install/moveit_ros_perception/include/moveit_ros_perception/moveit
[0.285s] -- Up-to-date: /home/luka/ws_moveit/install/moveit_ros_perception/include/moveit_ros_perception/moveit/mesh_filter
[0.285s] -- Up-to-date: /home/luka/ws_moveit/install/moveit_ros_perception/include/moveit_ros_perception/moveit/mesh_filter/stereo_camera_model.h
[0.286s] -- Up-to-date: /home/luka/ws_moveit/install/moveit_ros_perception/include/moveit_ros_perception/moveit/mesh_filter/gl_mesh.h
[0.286s] -- Up-to-date: /home/luka/ws_moveit/install/moveit_ros_perception/include/moveit_ros_perception/moveit/mesh_filter/mesh_filter.h
[0.286s] -- Up-to-date: /home/luka/ws_moveit/install/moveit_ros_perception/include/moveit_ros_perception/moveit/mesh_filter/filter_job.h
[0.286s] -- Up-to-date: /home/luka/ws_moveit/install/moveit_ros_perception/include/moveit_ros_perception/moveit/mesh_filter/gl_renderer.hpp
[0.286s] -- Up-to-date: /home/luka/ws_moveit/install/moveit_ros_perception/include/moveit_ros_perception/moveit/mesh_filter/sensor_model.h
[0.287s] -- Up-to-date: /home/luka/ws_moveit/install/moveit_ros_perception/include/moveit_ros_perception/moveit/mesh_filter/transform_provider.h
[0.287s] -- Up-to-date: /home/luka/ws_moveit/install/moveit_ros_perception/include/moveit_ros_perception/moveit/mesh_filter/filter_job.hpp
[0.287s] -- Up-to-date: /home/luka/ws_moveit/install/moveit_ros_perception/include/moveit_ros_perception/moveit/mesh_filter/depth_self_filter_nodelet.hpp
[0.287s] -- Up-to-date: /home/luka/ws_moveit/install/moveit_ros_perception/include/moveit_ros_perception/moveit/mesh_filter/mesh_filter.hpp
[0.287s] -- Up-to-date: /home/luka/ws_moveit/install/moveit_ros_perception/include/moveit_ros_perception/moveit/mesh_filter/stereo_camera_model.hpp
[0.287s] -- Up-to-date: /home/luka/ws_moveit/install/moveit_ros_perception/include/moveit_ros_perception/moveit/mesh_filter/mesh_filter_base.hpp
[0.288s] -- Up-to-date: /home/luka/ws_moveit/install/moveit_ros_perception/include/moveit_ros_perception/moveit/mesh_filter/gl_renderer.h
[0.288s] -- Up-to-date: /home/luka/ws_moveit/install/moveit_ros_perception/include/moveit_ros_perception/moveit/mesh_filter/depth_self_filter_nodelet.h
[0.288s] -- Up-to-date: /home/luka/ws_moveit/install/moveit_ros_perception/include/moveit_ros_perception/moveit/mesh_filter/mesh_filter_base.h
[0.288s] -- Up-to-date: /home/luka/ws_moveit/install/moveit_ros_perception/include/moveit_ros_perception/moveit/mesh_filter/gl_mesh.hpp
[0.288s] -- Up-to-date: /home/luka/ws_moveit/install/moveit_ros_perception/include/moveit_ros_perception/moveit/mesh_filter/sensor_model.hpp
[0.288s] -- Up-to-date: /home/luka/ws_moveit/install/moveit_ros_perception/include/moveit_ros_perception/moveit/mesh_filter/transform_provider.hpp
[0.289s] -- Up-to-date: /home/luka/ws_moveit/install/moveit_ros_perception/include/moveit_ros_perception/moveit_mesh_filter_export.h
[0.289s] -- Up-to-date: /home/luka/ws_moveit/install/moveit_ros_perception/include/moveit_ros_perception
[0.289s] -- Up-to-date: /home/luka/ws_moveit/install/moveit_ros_perception/include/moveit_ros_perception/moveit
[0.289s] -- Up-to-date: /home/luka/ws_moveit/install/moveit_ros_perception/include/moveit_ros_perception/moveit/depth_image_octomap_updater
[0.289s] -- Up-to-date: /home/luka/ws_moveit/install/moveit_ros_perception/include/moveit_ros_perception/moveit/depth_image_octomap_updater/depth_image_octomap_updater.h
[0.289s] -- Up-to-date: /home/luka/ws_moveit/install/moveit_ros_perception/include/moveit_ros_perception/moveit/depth_image_octomap_updater/depth_image_octomap_updater.hpp
[0.289s] -- Up-to-date: /home/luka/ws_moveit/install/moveit_ros_perception/include/moveit_ros_perception
[0.290s] -- Up-to-date: /home/luka/ws_moveit/install/moveit_ros_perception/include/moveit_ros_perception/moveit
[0.290s] -- Up-to-date: /home/luka/ws_moveit/install/moveit_ros_perception/include/moveit_ros_perception/moveit/semantic_world
[0.290s] -- Up-to-date: /home/luka/ws_moveit/install/moveit_ros_perception/include/moveit_ros_perception/moveit/semantic_world/semantic_world.hpp
[0.290s] -- Up-to-date: /home/luka/ws_moveit/install/moveit_ros_perception/include/moveit_ros_perception/moveit/semantic_world/semantic_world.h
[0.290s] -- Up-to-date: /home/luka/ws_moveit/install/moveit_ros_perception/lib/libmoveit_depth_image_octomap_updater.so.2.14.1
[0.291s] -- Up-to-date: /home/luka/ws_moveit/install/moveit_ros_perception/lib/libmoveit_depth_image_octomap_updater.so
[0.291s] -- Up-to-date: /home/luka/ws_moveit/install/moveit_ros_perception/lib/libmoveit_depth_image_octomap_updater_core.so.2.14.1
[0.291s] -- Up-to-date: /home/luka/ws_moveit/install/moveit_ros_perception/lib/libmoveit_depth_image_octomap_updater_core.so
[0.291s] -- Up-to-date: /home/luka/ws_moveit/install/moveit_ros_perception/lib/libmoveit_lazy_free_space_updater.so.2.14.1
[0.291s] -- Up-to-date: /home/luka/ws_moveit/install/moveit_ros_perception/lib/libmoveit_lazy_free_space_updater.so
[0.291s] -- Up-to-date: /home/luka/ws_moveit/install/moveit_ros_perception/lib/libmoveit_mesh_filter.so.2.14.1
[0.292s] -- Up-to-date: /home/luka/ws_moveit/install/moveit_ros_perception/lib/libmoveit_mesh_filter.so
[0.292s] -- Up-to-date: /home/luka/ws_moveit/install/moveit_ros_perception/lib/libmoveit_point_containment_filter.so.2.14.1
[0.292s] -- Up-to-date: /home/luka/ws_moveit/install/moveit_ros_perception/lib/libmoveit_point_containment_filter.so
[0.292s] -- Up-to-date: /home/luka/ws_moveit/install/moveit_ros_perception/lib/libmoveit_pointcloud_octomap_updater.so.2.14.1
[0.292s] -- Up-to-date: /home/luka/ws_moveit/install/moveit_ros_perception/lib/libmoveit_pointcloud_octomap_updater.so
[0.292s] -- Up-to-date: /home/luka/ws_moveit/install/moveit_ros_perception/lib/libmoveit_pointcloud_octomap_updater_core.so.2.14.1
[0.293s] -- Up-to-date: /home/luka/ws_moveit/install/moveit_ros_perception/lib/libmoveit_pointcloud_octomap_updater_core.so
[0.293s] -- Up-to-date: /home/luka/ws_moveit/install/moveit_ros_perception/lib/libmoveit_semantic_world.so.2.14.1
[0.293s] -- Up-to-date: /home/luka/ws_moveit/install/moveit_ros_perception/lib/libmoveit_semantic_world.so
[0.293s] -- Up-to-date: /home/luka/ws_moveit/install/moveit_ros_perception/share/moveit_ros_perception/environment/library_path.sh
[0.293s] -- Up-to-date: /home/luka/ws_moveit/install/moveit_ros_perception/share/moveit_ros_perception/environment/library_path.dsv
[0.293s] -- Up-to-date: /home/luka/ws_moveit/install/moveit_ros_perception/share/moveit_ros_perception/pointcloud_octomap_updater_plugin_description.xml
[0.293s] -- Up-to-date: /home/luka/ws_moveit/install/moveit_ros_perception/share/moveit_ros_perception/depth_image_octomap_updater_plugin_description.xml
[0.294s] -- Up-to-date: /home/luka/ws_moveit/install/moveit_ros_perception/share/ament_index/resource_index/package_run_dependencies/moveit_ros_perception
[0.294s] -- Up-to-date: /home/luka/ws_moveit/install/moveit_ros_perception/share/ament_index/resource_index/parent_prefix_path/moveit_ros_perception
[0.294s] -- Up-to-date: /home/luka/ws_moveit/install/moveit_ros_perception/share/moveit_ros_perception/environment/ament_prefix_path.sh
[0.294s] -- Up-to-date: /home/luka/ws_moveit/install/moveit_ros_perception/share/moveit_ros_perception/environment/ament_prefix_path.dsv
[0.294s] -- Up-to-date: /home/luka/ws_moveit/install/moveit_ros_perception/share/moveit_ros_perception/environment/path.sh
[0.294s] -- Up-to-date: /home/luka/ws_moveit/install/moveit_ros_perception/share/moveit_ros_perception/environment/path.dsv
[0.295s] -- Up-to-date: /home/luka/ws_moveit/install/moveit_ros_perception/share/moveit_ros_perception/local_setup.bash
[0.295s] -- Up-to-date: /home/luka/ws_moveit/install/moveit_ros_perception/share/moveit_ros_perception/local_setup.sh
[0.295s] -- Up-to-date: /home/luka/ws_moveit/install/moveit_ros_perception/share/moveit_ros_perception/local_setup.zsh
[0.295s] -- Up-to-date: /home/luka/ws_moveit/install/moveit_ros_perception/share/moveit_ros_perception/local_setup.dsv
[0.295s] -- Installing: /home/luka/ws_moveit/install/moveit_ros_perception/share/moveit_ros_perception/package.dsv
[0.295s] -- Up-to-date: /home/luka/ws_moveit/install/moveit_ros_perception/share/ament_index/resource_index/packages/moveit_ros_perception
[0.296s] -- Up-to-date: /home/luka/ws_moveit/install/moveit_ros_perception/share/ament_index/resource_index/moveit_ros_occupancy_map_monitor__pluginlib__plugin/moveit_ros_perception
[0.296s] -- Up-to-date: /home/luka/ws_moveit/install/moveit_ros_perception/share/moveit_ros_perception/cmake/moveit_ros_perceptionTargetsExport.cmake
[0.296s] -- Up-to-date: /home/luka/ws_moveit/install/moveit_ros_perception/share/moveit_ros_perception/cmake/moveit_ros_perceptionTargetsExport-release.cmake
[0.296s] -- Up-to-date: /home/luka/ws_moveit/install/moveit_ros_perception/share/moveit_ros_perception/cmake/ConfigExtras.cmake
[0.296s] -- Up-to-date: /home/luka/ws_moveit/install/moveit_ros_perception/share/moveit_ros_perception/cmake/ament_cmake_export_targets-extras.cmake
[0.296s] -- Up-to-date: /home/luka/ws_moveit/install/moveit_ros_perception/share/moveit_ros_perception/cmake/ament_cmake_export_dependencies-extras.cmake
[0.296s] -- Up-to-date: /home/luka/ws_moveit/install/moveit_ros_perception/share/moveit_ros_perception/cmake/moveit_ros_perceptionConfig.cmake
[0.296s] -- Up-to-date: /home/luka/ws_moveit/install/moveit_ros_perception/share/moveit_ros_perception/cmake/moveit_ros_perceptionConfig-version.cmake
[0.297s] -- Up-to-date: /home/luka/ws_moveit/install/moveit_ros_perception/share/moveit_ros_perception/package.xml
[0.298s] Invoked command in '/home/luka/ws_moveit/build/moveit_ros_perception' returned '0': AMENT_PREFIX_PATH=/home/luka/ws_moveit/install/moveit_ros_planning:/home/luka/ws_moveit/install/moveit_ros_occupancy_map_monitor:/home/luka/ws_moveit/install/moveit_core:/home/luka/ws_moveit/install/moveit_resources_panda_moveit_config:/home/luka/ws_moveit/install/moveit_resources_pr2_description:/home/luka/ws_moveit/install/moveit_resources_panda_description:/home/luka/ws_moveit/install/moveit_msgs:/home/luka/ws_moveit/install/moveit_configs_utils:/home/luka/ws_moveit/install/moveit_common:${AMENT_PREFIX_PATH} CMAKE_PREFIX_PATH=/home/luka/ws_moveit/install/moveit_ros_planning:/home/luka/ws_moveit/install/moveit_ros_occupancy_map_monitor:/home/luka/ws_moveit/install/moveit_core:/home/luka/ws_moveit/install/moveit_resources_panda_moveit_config:/home/luka/ws_moveit/install/moveit_resources_pr2_description:/home/luka/ws_moveit/install/moveit_resources_panda_description:/home/luka/ws_moveit/install/moveit_msgs:/home/luka/ws_moveit/install/moveit_common:/opt/ros/jazzy/opt/gz_sim_vendor:/opt/ros/jazzy/opt/gz_sensors_vendor:/opt/ros/jazzy/opt/gz_physics_vendor:/opt/ros/jazzy/opt/sdformat_vendor:/opt/ros/jazzy/opt/gz_gui_vendor:/opt/ros/jazzy/opt/gz_transport_vendor:/opt/ros/jazzy/opt/gz_rendering_vendor:/opt/ros/jazzy/opt/gz_plugin_vendor:/opt/ros/jazzy/opt/gz_fuel_tools_vendor:/opt/ros/jazzy/opt/gz_msgs_vendor:/opt/ros/jazzy/opt/gz_common_vendor:/opt/ros/jazzy/opt/gz_math_vendor:/opt/ros/jazzy/opt/gz_utils_vendor:/opt/ros/jazzy/opt/gz_tools_vendor:/opt/ros/jazzy/opt/gz_ogre_next_vendor:/opt/ros/jazzy/opt/gz_dartsim_vendor:/opt/ros/jazzy/opt/gz_cmake_vendor:/opt/ros/jazzy DEBUGINFOD_URLS=https://debuginfod.ubuntu.com LD_LIBRARY_PATH=/home/luka/ws_moveit/install/moveit_ros_planning/lib:/home/luka/ws_moveit/install/moveit_ros_occupancy_map_monitor/lib:/home/luka/ws_moveit/install/moveit_core/lib:/home/luka/ws_moveit/install/moveit_msgs/lib:${LD_LIBRARY_PATH} PATH=/home/luka/ws_moveit/install/moveit_core/bin:${PATH} PYTHONPATH=/home/luka/ws_moveit/install/moveit_msgs/lib/python3.12/site-packages:/home/luka/ws_moveit/install/moveit_configs_utils/lib/python3.12/site-packages:${PYTHONPATH} /usr/bin/cmake --install /home/luka/ws_moveit/build/moveit_ros_perception
