[0.024s] Invoking command in '/home/luka/ws_moveit/build/yolov8_obb_msgs': CMAKE_PREFIX_PATH=${CMAKE_PREFIX_PATH}:/home/luka/ws_moveit/install/hello_moveit_py:/home/luka/ws_moveit/install/moveit_configs_utils:/opt/ros/jazzy DEBUGINFOD_URLS=https://debuginfod.ubuntu.com /usr/bin/cmake /home/luka/ws_moveit/src/yolov8_obb_msgs -DCMAKE_INSTALL_PREFIX=/home/luka/ws_moveit/install/yolov8_obb_msgs
[0.043s] -- Found ament_cmake: 2.5.4 (/opt/ros/jazzy/share/ament_cmake/cmake)
[0.321s] -- Found std_msgs: 5.3.6 (/opt/ros/jazzy/share/std_msgs/cmake)
[0.359s] -- Found rosidl_generator_c: 4.6.6 (/opt/ros/jazzy/share/rosidl_generator_c/cmake)
[0.370s] -- Found rosidl_generator_cpp: 4.6.6 (/opt/ros/jazzy/share/rosidl_generator_cpp/cmake)
[0.388s] -- Using all available rosidl_typesupport_c: rosidl_typesupport_fastrtps_c;rosidl_typesupport_introspection_c
[0.409s] -- Using all available rosidl_typesupport_cpp: rosidl_typesupport_fastrtps_cpp;rosidl_typesupport_introspection_cpp
[0.446s] -- Found rosidl_default_generators: 1.6.0 (/opt/ros/jazzy/share/rosidl_default_generators/cmake)
[0.468s] -- Found rosidl_adapter: 4.6.6 (/opt/ros/jazzy/share/rosidl_adapter/cmake)
[1.238s] -- Found ament_cmake_ros: 0.12.0 (/opt/ros/jazzy/share/ament_cmake_ros/cmake)
[2.259s] -- Using all available rosidl_typesupport_c: rosidl_typesupport_fastrtps_c;rosidl_typesupport_introspection_c
[2.648s] -- Using all available rosidl_typesupport_cpp: rosidl_typesupport_fastrtps_cpp;rosidl_typesupport_introspection_cpp
[2.663s] -- Found python_cmake_module: 0.11.1 (/opt/ros/jazzy/share/python_cmake_module/cmake)
[2.840s] -- Found PythonExtra: /usr/bin/python3  
[3.400s] -- Found Python3: /usr/bin/python3 (found version "3.12.3") found components: Interpreter Development NumPy Development.Module Development.Embed 
[3.482s] -- Found ament_lint_auto: 0.17.3 (/opt/ros/jazzy/share/ament_lint_auto/cmake)
[3.604s] -- Added test 'copyright' to check source files copyright and LICENSE
[3.610s] -- Added test 'lint_cmake' to check CMake code style
[3.614s] -- Added test 'xmllint' to check XML markup files
[3.621s] -- Configuring done (3.6s)
[3.664s] -- Generating done (0.0s)
[3.677s] -- Build files have been written to: /home/luka/ws_moveit/build/yolov8_obb_msgs
[3.687s] Invoked command in '/home/luka/ws_moveit/build/yolov8_obb_msgs' returned '0': CMAKE_PREFIX_PATH=${CMAKE_PREFIX_PATH}:/home/luka/ws_moveit/install/hello_moveit_py:/home/luka/ws_moveit/install/moveit_configs_utils:/opt/ros/jazzy DEBUGINFOD_URLS=https://debuginfod.ubuntu.com /usr/bin/cmake /home/luka/ws_moveit/src/yolov8_obb_msgs -DCMAKE_INSTALL_PREFIX=/home/luka/ws_moveit/install/yolov8_obb_msgs
[3.688s] Invoking command in '/home/luka/ws_moveit/build/yolov8_obb_msgs': CMAKE_PREFIX_PATH=${CMAKE_PREFIX_PATH}:/home/luka/ws_moveit/install/hello_moveit_py:/home/luka/ws_moveit/install/moveit_configs_utils:/opt/ros/jazzy DEBUGINFOD_URLS=https://debuginfod.ubuntu.com /usr/bin/cmake --build /home/luka/ws_moveit/build/yolov8_obb_msgs -- -j4 -l4
[3.776s] [  2%] [34m[1mGenerating type hashes for ROS interfaces[0m
[3.800s] [  2%] Built target ament_cmake_python_copy_yolov8_obb_msgs
[4.047s] [  2%] Built target yolov8_obb_msgs__rosidl_generator_type_description
[4.067s] [  4%] [34m[1mGenerating C code for ROS interfaces[0m
[4.097s] [  6%] [34m[1mGenerating C++ code for ROS interfaces[0m
[4.207s] running egg_info
[4.210s] creating yolov8_obb_msgs.egg-info
[4.277s] writing yolov8_obb_msgs.egg-info/PKG-INFO
[4.278s] writing dependency_links to yolov8_obb_msgs.egg-info/dependency_links.txt
[4.278s] writing top-level names to yolov8_obb_msgs.egg-info/top_level.txt
[4.278s] writing manifest file 'yolov8_obb_msgs.egg-info/SOURCES.txt'
[4.423s] reading manifest file 'yolov8_obb_msgs.egg-info/SOURCES.txt'
[4.423s] writing manifest file 'yolov8_obb_msgs.egg-info/SOURCES.txt'
[4.465s] [  6%] Built target ament_cmake_python_build_yolov8_obb_msgs_egg
[4.604s] [  6%] Built target yolov8_obb_msgs__cpp
[4.730s] [ 11%] [32mBuilding C object CMakeFiles/yolov8_obb_msgs__rosidl_generator_c.dir/rosidl_generator_c/yolov8_obb_msgs/msg/detail/yolov8_inference__description.c.o[0m
[4.730s] [ 11%] [32mBuilding C object CMakeFiles/yolov8_obb_msgs__rosidl_generator_c.dir/rosidl_generator_c/yolov8_obb_msgs/msg/detail/inference_result__description.c.o[0m
[4.732s] [ 13%] [32mBuilding C object CMakeFiles/yolov8_obb_msgs__rosidl_generator_c.dir/rosidl_generator_c/yolov8_obb_msgs/msg/detail/inference_result__type_support.c.o[0m
[4.737s] [ 15%] [32mBuilding C object CMakeFiles/yolov8_obb_msgs__rosidl_generator_c.dir/rosidl_generator_c/yolov8_obb_msgs/msg/detail/inference_result__functions.c.o[0m
[4.804s] [ 18%] [32mBuilding C object CMakeFiles/yolov8_obb_msgs__rosidl_generator_c.dir/rosidl_generator_c/yolov8_obb_msgs/msg/detail/yolov8_inference__functions.c.o[0m
[4.813s] [ 20%] [32mBuilding C object CMakeFiles/yolov8_obb_msgs__rosidl_generator_c.dir/rosidl_generator_c/yolov8_obb_msgs/msg/detail/yolov8_inference__type_support.c.o[0m
[4.878s] [ 22%] [32m[1mLinking C shared library libyolov8_obb_msgs__rosidl_generator_c.so[0m
[4.937s] [ 22%] Built target yolov8_obb_msgs__rosidl_generator_c
[4.965s] [ 31%] [34m[1mGenerating C++ type support for eProsima Fast-RTPS[0m
[4.965s] [ 31%] [34m[1mGenerating C++ type support dispatch for ROS interfaces[0m
[4.965s] [ 31%] [34m[1mGenerating C type support for eProsima Fast-RTPS[0m
[4.966s] [ 31%] [34m[1mGenerating C introspection for ROS interfaces[0m
[5.456s] [ 34%] [32mBuilding CXX object CMakeFiles/yolov8_obb_msgs__rosidl_typesupport_cpp.dir/rosidl_typesupport_cpp/yolov8_obb_msgs/msg/inference_result__type_support.cpp.o[0m
[5.557s] [ 36%] [32mBuilding C object CMakeFiles/yolov8_obb_msgs__rosidl_typesupport_introspection_c.dir/rosidl_typesupport_introspection_c/yolov8_obb_msgs/msg/detail/inference_result__type_support.c.o[0m
[5.619s] [ 38%] [32mBuilding CXX object CMakeFiles/yolov8_obb_msgs__rosidl_typesupport_fastrtps_cpp.dir/rosidl_typesupport_fastrtps_cpp/yolov8_obb_msgs/msg/detail/dds_fastrtps/inference_result__type_support.cpp.o[0m
[5.646s] [ 40%] [32mBuilding CXX object CMakeFiles/yolov8_obb_msgs__rosidl_typesupport_fastrtps_c.dir/rosidl_typesupport_fastrtps_c/yolov8_obb_msgs/msg/detail/inference_result__type_support_c.cpp.o[0m
[5.652s] [ 43%] [32mBuilding C object CMakeFiles/yolov8_obb_msgs__rosidl_typesupport_introspection_c.dir/rosidl_typesupport_introspection_c/yolov8_obb_msgs/msg/detail/yolov8_inference__type_support.c.o[0m
[5.746s] [ 45%] [32m[1mLinking C shared library libyolov8_obb_msgs__rosidl_typesupport_introspection_c.so[0m
[5.821s] [ 45%] Built target yolov8_obb_msgs__rosidl_typesupport_introspection_c
[5.847s] [ 47%] [32mBuilding CXX object CMakeFiles/yolov8_obb_msgs__rosidl_typesupport_cpp.dir/rosidl_typesupport_cpp/yolov8_obb_msgs/msg/yolov8_inference__type_support.cpp.o[0m
[6.060s] [ 50%] [32mBuilding CXX object CMakeFiles/yolov8_obb_msgs__rosidl_typesupport_fastrtps_cpp.dir/rosidl_typesupport_fastrtps_cpp/yolov8_obb_msgs/msg/detail/dds_fastrtps/yolov8_inference__type_support.cpp.o[0m
[6.464s] [ 52%] [32m[1mLinking CXX shared library libyolov8_obb_msgs__rosidl_typesupport_cpp.so[0m
[6.563s] [ 52%] Built target yolov8_obb_msgs__rosidl_typesupport_cpp
[6.578s] [ 54%] [32mBuilding CXX object CMakeFiles/yolov8_obb_msgs__rosidl_typesupport_fastrtps_c.dir/rosidl_typesupport_fastrtps_c/yolov8_obb_msgs/msg/detail/yolov8_inference__type_support_c.cpp.o[0m
[6.592s] [ 56%] [34m[1mGenerating C type support dispatch for ROS interfaces[0m
[6.675s] [ 59%] [34m[1mGenerating C++ introspection for ROS interfaces[0m
[7.074s] [ 61%] [32m[1mLinking CXX shared library libyolov8_obb_msgs__rosidl_typesupport_fastrtps_cpp.so[0m
[7.153s] [ 63%] [32mBuilding CXX object CMakeFiles/yolov8_obb_msgs__rosidl_typesupport_c.dir/rosidl_typesupport_c/yolov8_obb_msgs/msg/inference_result__type_support.cpp.o[0m
[7.247s] [ 63%] Built target yolov8_obb_msgs__rosidl_typesupport_fastrtps_cpp
[7.253s] [ 65%] [32mBuilding CXX object CMakeFiles/yolov8_obb_msgs__rosidl_typesupport_c.dir/rosidl_typesupport_c/yolov8_obb_msgs/msg/yolov8_inference__type_support.cpp.o[0m
[7.282s] [ 68%] [32mBuilding CXX object CMakeFiles/yolov8_obb_msgs__rosidl_typesupport_introspection_cpp.dir/rosidl_typesupport_introspection_cpp/yolov8_obb_msgs/msg/detail/yolov8_inference__type_support.cpp.o[0m
[7.282s] [ 70%] [32mBuilding CXX object CMakeFiles/yolov8_obb_msgs__rosidl_typesupport_introspection_cpp.dir/rosidl_typesupport_introspection_cpp/yolov8_obb_msgs/msg/detail/inference_result__type_support.cpp.o[0m
[7.356s] [ 72%] [32m[1mLinking CXX shared library libyolov8_obb_msgs__rosidl_typesupport_c.so[0m
[7.456s] [ 72%] Built target yolov8_obb_msgs__rosidl_typesupport_c
[7.515s] [ 75%] [32m[1mLinking CXX shared library libyolov8_obb_msgs__rosidl_typesupport_fastrtps_c.so[0m
[7.635s] [ 75%] Built target yolov8_obb_msgs__rosidl_typesupport_fastrtps_c
[7.909s] [ 77%] [32m[1mLinking CXX shared library libyolov8_obb_msgs__rosidl_typesupport_introspection_cpp.so[0m
[8.020s] [ 77%] Built target yolov8_obb_msgs__rosidl_typesupport_introspection_cpp
[8.058s] [ 77%] Built target yolov8_obb_msgs
[8.094s] [ 79%] [34m[1mGenerating Python code for ROS interfaces[0m
[8.510s] [ 79%] Built target yolov8_obb_msgs__py
[8.548s] [ 84%] [32mBuilding C object CMakeFiles/yolov8_obb_msgs__rosidl_generator_py.dir/rosidl_generator_py/yolov8_obb_msgs/msg/_yolov8_inference_s.c.o[0m
[8.549s] [ 84%] [32mBuilding C object CMakeFiles/yolov8_obb_msgs__rosidl_generator_py.dir/rosidl_generator_py/yolov8_obb_msgs/msg/_inference_result_s.c.o[0m
[8.719s] [ 86%] [32m[1mLinking C shared library libyolov8_obb_msgs__rosidl_generator_py.so[0m
[8.783s] [ 86%] Built target yolov8_obb_msgs__rosidl_generator_py
[8.825s] [ 88%] [32mBuilding C object CMakeFiles/yolov8_obb_msgs_s__rosidl_typesupport_c.dir/rosidl_generator_py/yolov8_obb_msgs/_yolov8_obb_msgs_s.ep.rosidl_typesupport_c.c.o[0m
[8.830s] [ 90%] [32mBuilding C object CMakeFiles/yolov8_obb_msgs_s__rosidl_typesupport_fastrtps_c.dir/rosidl_generator_py/yolov8_obb_msgs/_yolov8_obb_msgs_s.ep.rosidl_typesupport_fastrtps_c.c.o[0m
[8.835s] [ 93%] [32mBuilding C object CMakeFiles/yolov8_obb_msgs_s__rosidl_typesupport_introspection_c.dir/rosidl_generator_py/yolov8_obb_msgs/_yolov8_obb_msgs_s.ep.rosidl_typesupport_introspection_c.c.o[0m
[8.977s] [ 95%] [32m[1mLinking C shared module rosidl_generator_py/yolov8_obb_msgs/yolov8_obb_msgs_s__rosidl_typesupport_c.so[0m
[9.035s] [ 95%] Built target yolov8_obb_msgs_s__rosidl_typesupport_c
[9.050s] [ 97%] [32m[1mLinking C shared module rosidl_generator_py/yolov8_obb_msgs/yolov8_obb_msgs_s__rosidl_typesupport_introspection_c.so[0m
[9.057s] [100%] [32m[1mLinking C shared module rosidl_generator_py/yolov8_obb_msgs/yolov8_obb_msgs_s__rosidl_typesupport_fastrtps_c.so[0m
[9.101s] [100%] Built target yolov8_obb_msgs_s__rosidl_typesupport_introspection_c
[9.109s] [100%] Built target yolov8_obb_msgs_s__rosidl_typesupport_fastrtps_c
[9.128s] Invoked command in '/home/luka/ws_moveit/build/yolov8_obb_msgs' returned '0': CMAKE_PREFIX_PATH=${CMAKE_PREFIX_PATH}:/home/luka/ws_moveit/install/hello_moveit_py:/home/luka/ws_moveit/install/moveit_configs_utils:/opt/ros/jazzy DEBUGINFOD_URLS=https://debuginfod.ubuntu.com /usr/bin/cmake --build /home/luka/ws_moveit/build/yolov8_obb_msgs -- -j4 -l4
[9.146s] Invoking command in '/home/luka/ws_moveit/build/yolov8_obb_msgs': CMAKE_PREFIX_PATH=${CMAKE_PREFIX_PATH}:/home/luka/ws_moveit/install/hello_moveit_py:/home/luka/ws_moveit/install/moveit_configs_utils:/opt/ros/jazzy DEBUGINFOD_URLS=https://debuginfod.ubuntu.com /usr/bin/cmake --install /home/luka/ws_moveit/build/yolov8_obb_msgs
[9.161s] -- Install configuration: ""
[9.161s] -- Installing: /home/luka/ws_moveit/install/yolov8_obb_msgs/share/ament_index/resource_index/rosidl_interfaces/yolov8_obb_msgs
[9.162s] -- Installing: /home/luka/ws_moveit/install/yolov8_obb_msgs/share/yolov8_obb_msgs/msg/InferenceResult.json
[9.162s] -- Installing: /home/luka/ws_moveit/install/yolov8_obb_msgs/share/yolov8_obb_msgs/msg/Yolov8Inference.json
[9.162s] -- Installing: /home/luka/ws_moveit/install/yolov8_obb_msgs/include/yolov8_obb_msgs/yolov8_obb_msgs
[9.162s] -- Installing: /home/luka/ws_moveit/install/yolov8_obb_msgs/include/yolov8_obb_msgs/yolov8_obb_msgs/msg
[9.162s] -- Installing: /home/luka/ws_moveit/install/yolov8_obb_msgs/include/yolov8_obb_msgs/yolov8_obb_msgs/msg/yolov8_inference.h
[9.162s] -- Installing: /home/luka/ws_moveit/install/yolov8_obb_msgs/include/yolov8_obb_msgs/yolov8_obb_msgs/msg/detail
[9.163s] -- Installing: /home/luka/ws_moveit/install/yolov8_obb_msgs/include/yolov8_obb_msgs/yolov8_obb_msgs/msg/detail/yolov8_inference__type_support.c
[9.163s] -- Installing: /home/luka/ws_moveit/install/yolov8_obb_msgs/include/yolov8_obb_msgs/yolov8_obb_msgs/msg/detail/inference_result__struct.h
[9.163s] -- Installing: /home/luka/ws_moveit/install/yolov8_obb_msgs/include/yolov8_obb_msgs/yolov8_obb_msgs/msg/detail/yolov8_inference__struct.h
[9.163s] -- Installing: /home/luka/ws_moveit/install/yolov8_obb_msgs/include/yolov8_obb_msgs/yolov8_obb_msgs/msg/detail/inference_result__functions.h
[9.163s] -- Installing: /home/luka/ws_moveit/install/yolov8_obb_msgs/include/yolov8_obb_msgs/yolov8_obb_msgs/msg/detail/inference_result__description.c
[9.163s] -- Installing: /home/luka/ws_moveit/install/yolov8_obb_msgs/include/yolov8_obb_msgs/yolov8_obb_msgs/msg/detail/inference_result__type_support.c
[9.164s] -- Installing: /home/luka/ws_moveit/install/yolov8_obb_msgs/include/yolov8_obb_msgs/yolov8_obb_msgs/msg/detail/yolov8_inference__type_support.h
[9.164s] -- Installing: /home/luka/ws_moveit/install/yolov8_obb_msgs/include/yolov8_obb_msgs/yolov8_obb_msgs/msg/detail/inference_result__type_support.h
[9.165s] -- Installing: /home/luka/ws_moveit/install/yolov8_obb_msgs/include/yolov8_obb_msgs/yolov8_obb_msgs/msg/detail/inference_result__functions.c
[9.165s] -- Installing: /home/luka/ws_moveit/install/yolov8_obb_msgs/include/yolov8_obb_msgs/yolov8_obb_msgs/msg/detail/yolov8_inference__description.c
[9.165s] -- Installing: /home/luka/ws_moveit/install/yolov8_obb_msgs/include/yolov8_obb_msgs/yolov8_obb_msgs/msg/detail/yolov8_inference__functions.h
[9.165s] -- Installing: /home/luka/ws_moveit/install/yolov8_obb_msgs/include/yolov8_obb_msgs/yolov8_obb_msgs/msg/detail/yolov8_inference__functions.c
[9.165s] -- Installing: /home/luka/ws_moveit/install/yolov8_obb_msgs/include/yolov8_obb_msgs/yolov8_obb_msgs/msg/inference_result.h
[9.165s] -- Installing: /home/luka/ws_moveit/install/yolov8_obb_msgs/include/yolov8_obb_msgs/yolov8_obb_msgs/msg/rosidl_generator_c__visibility_control.h
[9.165s] -- Installing: /home/luka/ws_moveit/install/yolov8_obb_msgs/share/yolov8_obb_msgs/environment/library_path.sh
[9.166s] -- Installing: /home/luka/ws_moveit/install/yolov8_obb_msgs/share/yolov8_obb_msgs/environment/library_path.dsv
[9.166s] -- Installing: /home/luka/ws_moveit/install/yolov8_obb_msgs/lib/libyolov8_obb_msgs__rosidl_generator_c.so
[9.166s] -- Set non-toolchain portion of runtime path of "/home/luka/ws_moveit/install/yolov8_obb_msgs/lib/libyolov8_obb_msgs__rosidl_generator_c.so" to ""
[9.166s] -- Up-to-date: /home/luka/ws_moveit/install/yolov8_obb_msgs/include/yolov8_obb_msgs/yolov8_obb_msgs
[9.166s] -- Up-to-date: /home/luka/ws_moveit/install/yolov8_obb_msgs/include/yolov8_obb_msgs/yolov8_obb_msgs/msg
[9.166s] -- Installing: /home/luka/ws_moveit/install/yolov8_obb_msgs/include/yolov8_obb_msgs/yolov8_obb_msgs/msg/rosidl_typesupport_fastrtps_c__visibility_control.h
[9.166s] -- Up-to-date: /home/luka/ws_moveit/install/yolov8_obb_msgs/include/yolov8_obb_msgs/yolov8_obb_msgs/msg/detail
[9.167s] -- Installing: /home/luka/ws_moveit/install/yolov8_obb_msgs/include/yolov8_obb_msgs/yolov8_obb_msgs/msg/detail/inference_result__rosidl_typesupport_fastrtps_c.h
[9.167s] -- Installing: /home/luka/ws_moveit/install/yolov8_obb_msgs/include/yolov8_obb_msgs/yolov8_obb_msgs/msg/detail/yolov8_inference__rosidl_typesupport_fastrtps_c.h
[9.167s] -- Installing: /home/luka/ws_moveit/install/yolov8_obb_msgs/lib/libyolov8_obb_msgs__rosidl_typesupport_fastrtps_c.so
[9.167s] -- Set non-toolchain portion of runtime path of "/home/luka/ws_moveit/install/yolov8_obb_msgs/lib/libyolov8_obb_msgs__rosidl_typesupport_fastrtps_c.so" to ""
[9.167s] -- Up-to-date: /home/luka/ws_moveit/install/yolov8_obb_msgs/include/yolov8_obb_msgs/yolov8_obb_msgs
[9.167s] -- Up-to-date: /home/luka/ws_moveit/install/yolov8_obb_msgs/include/yolov8_obb_msgs/yolov8_obb_msgs/msg
[9.168s] -- Installing: /home/luka/ws_moveit/install/yolov8_obb_msgs/include/yolov8_obb_msgs/yolov8_obb_msgs/msg/inference_result.hpp
[9.168s] -- Up-to-date: /home/luka/ws_moveit/install/yolov8_obb_msgs/include/yolov8_obb_msgs/yolov8_obb_msgs/msg/detail
[9.168s] -- Installing: /home/luka/ws_moveit/install/yolov8_obb_msgs/include/yolov8_obb_msgs/yolov8_obb_msgs/msg/detail/inference_result__traits.hpp
[9.168s] -- Installing: /home/luka/ws_moveit/install/yolov8_obb_msgs/include/yolov8_obb_msgs/yolov8_obb_msgs/msg/detail/yolov8_inference__builder.hpp
[9.168s] -- Installing: /home/luka/ws_moveit/install/yolov8_obb_msgs/include/yolov8_obb_msgs/yolov8_obb_msgs/msg/detail/yolov8_inference__type_support.hpp
[9.168s] -- Installing: /home/luka/ws_moveit/install/yolov8_obb_msgs/include/yolov8_obb_msgs/yolov8_obb_msgs/msg/detail/yolov8_inference__struct.hpp
[9.169s] -- Installing: /home/luka/ws_moveit/install/yolov8_obb_msgs/include/yolov8_obb_msgs/yolov8_obb_msgs/msg/detail/inference_result__struct.hpp
[9.169s] -- Installing: /home/luka/ws_moveit/install/yolov8_obb_msgs/include/yolov8_obb_msgs/yolov8_obb_msgs/msg/detail/yolov8_inference__traits.hpp
[9.169s] -- Installing: /home/luka/ws_moveit/install/yolov8_obb_msgs/include/yolov8_obb_msgs/yolov8_obb_msgs/msg/detail/inference_result__type_support.hpp
[9.169s] -- Installing: /home/luka/ws_moveit/install/yolov8_obb_msgs/include/yolov8_obb_msgs/yolov8_obb_msgs/msg/detail/inference_result__builder.hpp
[9.169s] -- Installing: /home/luka/ws_moveit/install/yolov8_obb_msgs/include/yolov8_obb_msgs/yolov8_obb_msgs/msg/yolov8_inference.hpp
[9.169s] -- Installing: /home/luka/ws_moveit/install/yolov8_obb_msgs/include/yolov8_obb_msgs/yolov8_obb_msgs/msg/rosidl_generator_cpp__visibility_control.hpp
[9.170s] -- Up-to-date: /home/luka/ws_moveit/install/yolov8_obb_msgs/include/yolov8_obb_msgs/yolov8_obb_msgs
[9.170s] -- Up-to-date: /home/luka/ws_moveit/install/yolov8_obb_msgs/include/yolov8_obb_msgs/yolov8_obb_msgs/msg
[9.170s] -- Installing: /home/luka/ws_moveit/install/yolov8_obb_msgs/include/yolov8_obb_msgs/yolov8_obb_msgs/msg/rosidl_typesupport_fastrtps_cpp__visibility_control.h
[9.170s] -- Up-to-date: /home/luka/ws_moveit/install/yolov8_obb_msgs/include/yolov8_obb_msgs/yolov8_obb_msgs/msg/detail
[9.170s] -- Installing: /home/luka/ws_moveit/install/yolov8_obb_msgs/include/yolov8_obb_msgs/yolov8_obb_msgs/msg/detail/dds_fastrtps
[9.170s] -- Installing: /home/luka/ws_moveit/install/yolov8_obb_msgs/include/yolov8_obb_msgs/yolov8_obb_msgs/msg/detail/inference_result__rosidl_typesupport_fastrtps_cpp.hpp
[9.170s] -- Installing: /home/luka/ws_moveit/install/yolov8_obb_msgs/include/yolov8_obb_msgs/yolov8_obb_msgs/msg/detail/yolov8_inference__rosidl_typesupport_fastrtps_cpp.hpp
[9.171s] -- Installing: /home/luka/ws_moveit/install/yolov8_obb_msgs/lib/libyolov8_obb_msgs__rosidl_typesupport_fastrtps_cpp.so
[9.171s] -- Set non-toolchain portion of runtime path of "/home/luka/ws_moveit/install/yolov8_obb_msgs/lib/libyolov8_obb_msgs__rosidl_typesupport_fastrtps_cpp.so" to ""
[9.171s] -- Up-to-date: /home/luka/ws_moveit/install/yolov8_obb_msgs/include/yolov8_obb_msgs/yolov8_obb_msgs
[9.171s] -- Up-to-date: /home/luka/ws_moveit/install/yolov8_obb_msgs/include/yolov8_obb_msgs/yolov8_obb_msgs/msg
[9.171s] -- Up-to-date: /home/luka/ws_moveit/install/yolov8_obb_msgs/include/yolov8_obb_msgs/yolov8_obb_msgs/msg/detail
[9.171s] -- Up-to-date: /home/luka/ws_moveit/install/yolov8_obb_msgs/include/yolov8_obb_msgs/yolov8_obb_msgs/msg/detail/yolov8_inference__type_support.c
[9.172s] -- Installing: /home/luka/ws_moveit/install/yolov8_obb_msgs/include/yolov8_obb_msgs/yolov8_obb_msgs/msg/detail/yolov8_inference__rosidl_typesupport_introspection_c.h
[9.172s] -- Installing: /home/luka/ws_moveit/install/yolov8_obb_msgs/include/yolov8_obb_msgs/yolov8_obb_msgs/msg/detail/inference_result__type_support.c
[9.172s] -- Installing: /home/luka/ws_moveit/install/yolov8_obb_msgs/include/yolov8_obb_msgs/yolov8_obb_msgs/msg/detail/inference_result__rosidl_typesupport_introspection_c.h
[9.172s] -- Installing: /home/luka/ws_moveit/install/yolov8_obb_msgs/include/yolov8_obb_msgs/yolov8_obb_msgs/msg/rosidl_typesupport_introspection_c__visibility_control.h
[9.172s] -- Installing: /home/luka/ws_moveit/install/yolov8_obb_msgs/lib/libyolov8_obb_msgs__rosidl_typesupport_introspection_c.so
[9.172s] -- Set non-toolchain portion of runtime path of "/home/luka/ws_moveit/install/yolov8_obb_msgs/lib/libyolov8_obb_msgs__rosidl_typesupport_introspection_c.so" to ""
[9.172s] -- Installing: /home/luka/ws_moveit/install/yolov8_obb_msgs/lib/libyolov8_obb_msgs__rosidl_typesupport_c.so
[9.173s] -- Set non-toolchain portion of runtime path of "/home/luka/ws_moveit/install/yolov8_obb_msgs/lib/libyolov8_obb_msgs__rosidl_typesupport_c.so" to ""
[9.173s] -- Up-to-date: /home/luka/ws_moveit/install/yolov8_obb_msgs/include/yolov8_obb_msgs/yolov8_obb_msgs
[9.173s] -- Up-to-date: /home/luka/ws_moveit/install/yolov8_obb_msgs/include/yolov8_obb_msgs/yolov8_obb_msgs/msg
[9.173s] -- Up-to-date: /home/luka/ws_moveit/install/yolov8_obb_msgs/include/yolov8_obb_msgs/yolov8_obb_msgs/msg/detail
[9.173s] -- Installing: /home/luka/ws_moveit/install/yolov8_obb_msgs/include/yolov8_obb_msgs/yolov8_obb_msgs/msg/detail/yolov8_inference__type_support.cpp
[9.174s] -- Installing: /home/luka/ws_moveit/install/yolov8_obb_msgs/include/yolov8_obb_msgs/yolov8_obb_msgs/msg/detail/yolov8_inference__rosidl_typesupport_introspection_cpp.hpp
[9.174s] -- Installing: /home/luka/ws_moveit/install/yolov8_obb_msgs/include/yolov8_obb_msgs/yolov8_obb_msgs/msg/detail/inference_result__rosidl_typesupport_introspection_cpp.hpp
[9.174s] -- Installing: /home/luka/ws_moveit/install/yolov8_obb_msgs/include/yolov8_obb_msgs/yolov8_obb_msgs/msg/detail/inference_result__type_support.cpp
[9.174s] -- Installing: /home/luka/ws_moveit/install/yolov8_obb_msgs/lib/libyolov8_obb_msgs__rosidl_typesupport_introspection_cpp.so
[9.174s] -- Set non-toolchain portion of runtime path of "/home/luka/ws_moveit/install/yolov8_obb_msgs/lib/libyolov8_obb_msgs__rosidl_typesupport_introspection_cpp.so" to ""
[9.174s] -- Installing: /home/luka/ws_moveit/install/yolov8_obb_msgs/lib/libyolov8_obb_msgs__rosidl_typesupport_cpp.so
[9.175s] -- Set non-toolchain portion of runtime path of "/home/luka/ws_moveit/install/yolov8_obb_msgs/lib/libyolov8_obb_msgs__rosidl_typesupport_cpp.so" to ""
[9.175s] -- Installing: /home/luka/ws_moveit/install/yolov8_obb_msgs/share/yolov8_obb_msgs/environment/pythonpath.sh
[9.175s] -- Installing: /home/luka/ws_moveit/install/yolov8_obb_msgs/share/yolov8_obb_msgs/environment/pythonpath.dsv
[9.175s] -- Installing: /home/luka/ws_moveit/install/yolov8_obb_msgs/lib/python3.12/site-packages/yolov8_obb_msgs-0.0.0-py3.12.egg-info
[9.176s] -- Installing: /home/luka/ws_moveit/install/yolov8_obb_msgs/lib/python3.12/site-packages/yolov8_obb_msgs-0.0.0-py3.12.egg-info/dependency_links.txt
[9.176s] -- Installing: /home/luka/ws_moveit/install/yolov8_obb_msgs/lib/python3.12/site-packages/yolov8_obb_msgs-0.0.0-py3.12.egg-info/PKG-INFO
[9.176s] -- Installing: /home/luka/ws_moveit/install/yolov8_obb_msgs/lib/python3.12/site-packages/yolov8_obb_msgs-0.0.0-py3.12.egg-info/SOURCES.txt
[9.176s] -- Installing: /home/luka/ws_moveit/install/yolov8_obb_msgs/lib/python3.12/site-packages/yolov8_obb_msgs-0.0.0-py3.12.egg-info/top_level.txt
[9.176s] -- Installing: /home/luka/ws_moveit/install/yolov8_obb_msgs/lib/python3.12/site-packages/yolov8_obb_msgs
[9.176s] -- Installing: /home/luka/ws_moveit/install/yolov8_obb_msgs/lib/python3.12/site-packages/yolov8_obb_msgs/__init__.py
[9.177s] -- Installing: /home/luka/ws_moveit/install/yolov8_obb_msgs/lib/python3.12/site-packages/yolov8_obb_msgs/_yolov8_obb_msgs_s.ep.rosidl_typesupport_fastrtps_c.c
[9.177s] -- Installing: /home/luka/ws_moveit/install/yolov8_obb_msgs/lib/python3.12/site-packages/yolov8_obb_msgs/yolov8_obb_msgs_s__rosidl_typesupport_introspection_c.so
[9.177s] -- Installing: /home/luka/ws_moveit/install/yolov8_obb_msgs/lib/python3.12/site-packages/yolov8_obb_msgs/yolov8_obb_msgs_s__rosidl_typesupport_c.so
[9.177s] -- Installing: /home/luka/ws_moveit/install/yolov8_obb_msgs/lib/python3.12/site-packages/yolov8_obb_msgs/_yolov8_obb_msgs_s.ep.rosidl_typesupport_introspection_c.c
[9.177s] -- Installing: /home/luka/ws_moveit/install/yolov8_obb_msgs/lib/python3.12/site-packages/yolov8_obb_msgs/msg
[9.177s] -- Installing: /home/luka/ws_moveit/install/yolov8_obb_msgs/lib/python3.12/site-packages/yolov8_obb_msgs/msg/__init__.py
[9.178s] -- Installing: /home/luka/ws_moveit/install/yolov8_obb_msgs/lib/python3.12/site-packages/yolov8_obb_msgs/msg/_inference_result_s.c
[9.178s] -- Installing: /home/luka/ws_moveit/install/yolov8_obb_msgs/lib/python3.12/site-packages/yolov8_obb_msgs/msg/_inference_result.py
[9.178s] -- Installing: /home/luka/ws_moveit/install/yolov8_obb_msgs/lib/python3.12/site-packages/yolov8_obb_msgs/msg/_yolov8_inference.py
[9.178s] -- Installing: /home/luka/ws_moveit/install/yolov8_obb_msgs/lib/python3.12/site-packages/yolov8_obb_msgs/msg/_yolov8_inference_s.c
[9.178s] -- Installing: /home/luka/ws_moveit/install/yolov8_obb_msgs/lib/python3.12/site-packages/yolov8_obb_msgs/yolov8_obb_msgs_s__rosidl_typesupport_fastrtps_c.so
[9.178s] -- Installing: /home/luka/ws_moveit/install/yolov8_obb_msgs/lib/python3.12/site-packages/yolov8_obb_msgs/_yolov8_obb_msgs_s.ep.rosidl_typesupport_c.c
[9.228s] Listing '/home/luka/ws_moveit/install/yolov8_obb_msgs/lib/python3.12/site-packages/yolov8_obb_msgs'...
[9.228s] Compiling '/home/luka/ws_moveit/install/yolov8_obb_msgs/lib/python3.12/site-packages/yolov8_obb_msgs/__init__.py'...
[9.228s] Listing '/home/luka/ws_moveit/install/yolov8_obb_msgs/lib/python3.12/site-packages/yolov8_obb_msgs/msg'...
[9.229s] Compiling '/home/luka/ws_moveit/install/yolov8_obb_msgs/lib/python3.12/site-packages/yolov8_obb_msgs/msg/__init__.py'...
[9.229s] Compiling '/home/luka/ws_moveit/install/yolov8_obb_msgs/lib/python3.12/site-packages/yolov8_obb_msgs/msg/_inference_result.py'...
[9.229s] Compiling '/home/luka/ws_moveit/install/yolov8_obb_msgs/lib/python3.12/site-packages/yolov8_obb_msgs/msg/_yolov8_inference.py'...
[9.238s] -- Installing: /home/luka/ws_moveit/install/yolov8_obb_msgs/lib/python3.12/site-packages/yolov8_obb_msgs/yolov8_obb_msgs_s__rosidl_typesupport_fastrtps_c.so
[9.239s] -- Set non-toolchain portion of runtime path of "/home/luka/ws_moveit/install/yolov8_obb_msgs/lib/python3.12/site-packages/yolov8_obb_msgs/yolov8_obb_msgs_s__rosidl_typesupport_fastrtps_c.so" to ""
[9.239s] -- Installing: /home/luka/ws_moveit/install/yolov8_obb_msgs/lib/python3.12/site-packages/yolov8_obb_msgs/yolov8_obb_msgs_s__rosidl_typesupport_introspection_c.so
[9.239s] -- Set non-toolchain portion of runtime path of "/home/luka/ws_moveit/install/yolov8_obb_msgs/lib/python3.12/site-packages/yolov8_obb_msgs/yolov8_obb_msgs_s__rosidl_typesupport_introspection_c.so" to ""
[9.240s] -- Installing: /home/luka/ws_moveit/install/yolov8_obb_msgs/lib/python3.12/site-packages/yolov8_obb_msgs/yolov8_obb_msgs_s__rosidl_typesupport_c.so
[9.240s] -- Set non-toolchain portion of runtime path of "/home/luka/ws_moveit/install/yolov8_obb_msgs/lib/python3.12/site-packages/yolov8_obb_msgs/yolov8_obb_msgs_s__rosidl_typesupport_c.so" to ""
[9.240s] -- Installing: /home/luka/ws_moveit/install/yolov8_obb_msgs/lib/libyolov8_obb_msgs__rosidl_generator_py.so
[9.241s] -- Set non-toolchain portion of runtime path of "/home/luka/ws_moveit/install/yolov8_obb_msgs/lib/libyolov8_obb_msgs__rosidl_generator_py.so" to ""
[9.241s] -- Installing: /home/luka/ws_moveit/install/yolov8_obb_msgs/share/yolov8_obb_msgs/msg/InferenceResult.idl
[9.241s] -- Installing: /home/luka/ws_moveit/install/yolov8_obb_msgs/share/yolov8_obb_msgs/msg/Yolov8Inference.idl
[9.241s] -- Installing: /home/luka/ws_moveit/install/yolov8_obb_msgs/share/yolov8_obb_msgs/msg/InferenceResult.msg
[9.241s] -- Installing: /home/luka/ws_moveit/install/yolov8_obb_msgs/share/yolov8_obb_msgs/msg/Yolov8Inference.msg
[9.242s] -- Installing: /home/luka/ws_moveit/install/yolov8_obb_msgs/share/ament_index/resource_index/package_run_dependencies/yolov8_obb_msgs
[9.242s] -- Installing: /home/luka/ws_moveit/install/yolov8_obb_msgs/share/ament_index/resource_index/parent_prefix_path/yolov8_obb_msgs
[9.242s] -- Installing: /home/luka/ws_moveit/install/yolov8_obb_msgs/share/yolov8_obb_msgs/environment/ament_prefix_path.sh
[9.242s] -- Installing: /home/luka/ws_moveit/install/yolov8_obb_msgs/share/yolov8_obb_msgs/environment/ament_prefix_path.dsv
[9.242s] -- Installing: /home/luka/ws_moveit/install/yolov8_obb_msgs/share/yolov8_obb_msgs/environment/path.sh
[9.242s] -- Installing: /home/luka/ws_moveit/install/yolov8_obb_msgs/share/yolov8_obb_msgs/environment/path.dsv
[9.243s] -- Installing: /home/luka/ws_moveit/install/yolov8_obb_msgs/share/yolov8_obb_msgs/local_setup.bash
[9.243s] -- Installing: /home/luka/ws_moveit/install/yolov8_obb_msgs/share/yolov8_obb_msgs/local_setup.sh
[9.243s] -- Installing: /home/luka/ws_moveit/install/yolov8_obb_msgs/share/yolov8_obb_msgs/local_setup.zsh
[9.243s] -- Installing: /home/luka/ws_moveit/install/yolov8_obb_msgs/share/yolov8_obb_msgs/local_setup.dsv
[9.243s] -- Installing: /home/luka/ws_moveit/install/yolov8_obb_msgs/share/yolov8_obb_msgs/package.dsv
[9.243s] -- Installing: /home/luka/ws_moveit/install/yolov8_obb_msgs/share/ament_index/resource_index/packages/yolov8_obb_msgs
[9.244s] -- Installing: /home/luka/ws_moveit/install/yolov8_obb_msgs/share/yolov8_obb_msgs/cmake/export_yolov8_obb_msgs__rosidl_generator_cExport.cmake
[9.244s] -- Installing: /home/luka/ws_moveit/install/yolov8_obb_msgs/share/yolov8_obb_msgs/cmake/export_yolov8_obb_msgs__rosidl_generator_cExport-noconfig.cmake
[9.244s] -- Installing: /home/luka/ws_moveit/install/yolov8_obb_msgs/share/yolov8_obb_msgs/cmake/export_yolov8_obb_msgs__rosidl_typesupport_fastrtps_cExport.cmake
[9.244s] -- Installing: /home/luka/ws_moveit/install/yolov8_obb_msgs/share/yolov8_obb_msgs/cmake/export_yolov8_obb_msgs__rosidl_typesupport_fastrtps_cExport-noconfig.cmake
[9.244s] -- Installing: /home/luka/ws_moveit/install/yolov8_obb_msgs/share/yolov8_obb_msgs/cmake/export_yolov8_obb_msgs__rosidl_generator_cppExport.cmake
[9.245s] -- Installing: /home/luka/ws_moveit/install/yolov8_obb_msgs/share/yolov8_obb_msgs/cmake/export_yolov8_obb_msgs__rosidl_typesupport_fastrtps_cppExport.cmake
[9.245s] -- Installing: /home/luka/ws_moveit/install/yolov8_obb_msgs/share/yolov8_obb_msgs/cmake/export_yolov8_obb_msgs__rosidl_typesupport_fastrtps_cppExport-noconfig.cmake
[9.245s] -- Installing: /home/luka/ws_moveit/install/yolov8_obb_msgs/share/yolov8_obb_msgs/cmake/yolov8_obb_msgs__rosidl_typesupport_introspection_cExport.cmake
[9.245s] -- Installing: /home/luka/ws_moveit/install/yolov8_obb_msgs/share/yolov8_obb_msgs/cmake/yolov8_obb_msgs__rosidl_typesupport_introspection_cExport-noconfig.cmake
[9.245s] -- Installing: /home/luka/ws_moveit/install/yolov8_obb_msgs/share/yolov8_obb_msgs/cmake/yolov8_obb_msgs__rosidl_typesupport_cExport.cmake
[9.245s] -- Installing: /home/luka/ws_moveit/install/yolov8_obb_msgs/share/yolov8_obb_msgs/cmake/yolov8_obb_msgs__rosidl_typesupport_cExport-noconfig.cmake
[9.246s] -- Installing: /home/luka/ws_moveit/install/yolov8_obb_msgs/share/yolov8_obb_msgs/cmake/yolov8_obb_msgs__rosidl_typesupport_introspection_cppExport.cmake
[9.246s] -- Installing: /home/luka/ws_moveit/install/yolov8_obb_msgs/share/yolov8_obb_msgs/cmake/yolov8_obb_msgs__rosidl_typesupport_introspection_cppExport-noconfig.cmake
[9.246s] -- Installing: /home/luka/ws_moveit/install/yolov8_obb_msgs/share/yolov8_obb_msgs/cmake/yolov8_obb_msgs__rosidl_typesupport_cppExport.cmake
[9.246s] -- Installing: /home/luka/ws_moveit/install/yolov8_obb_msgs/share/yolov8_obb_msgs/cmake/yolov8_obb_msgs__rosidl_typesupport_cppExport-noconfig.cmake
[9.246s] -- Installing: /home/luka/ws_moveit/install/yolov8_obb_msgs/share/yolov8_obb_msgs/cmake/export_yolov8_obb_msgs__rosidl_generator_pyExport.cmake
[9.246s] -- Installing: /home/luka/ws_moveit/install/yolov8_obb_msgs/share/yolov8_obb_msgs/cmake/export_yolov8_obb_msgs__rosidl_generator_pyExport-noconfig.cmake
[9.247s] -- Installing: /home/luka/ws_moveit/install/yolov8_obb_msgs/share/yolov8_obb_msgs/cmake/rosidl_cmake-extras.cmake
[9.247s] -- Installing: /home/luka/ws_moveit/install/yolov8_obb_msgs/share/yolov8_obb_msgs/cmake/ament_cmake_export_dependencies-extras.cmake
[9.247s] -- Installing: /home/luka/ws_moveit/install/yolov8_obb_msgs/share/yolov8_obb_msgs/cmake/ament_cmake_export_include_directories-extras.cmake
[9.247s] -- Installing: /home/luka/ws_moveit/install/yolov8_obb_msgs/share/yolov8_obb_msgs/cmake/ament_cmake_export_libraries-extras.cmake
[9.247s] -- Installing: /home/luka/ws_moveit/install/yolov8_obb_msgs/share/yolov8_obb_msgs/cmake/ament_cmake_export_targets-extras.cmake
[9.248s] -- Installing: /home/luka/ws_moveit/install/yolov8_obb_msgs/share/yolov8_obb_msgs/cmake/rosidl_cmake_export_typesupport_targets-extras.cmake
[9.248s] -- Installing: /home/luka/ws_moveit/install/yolov8_obb_msgs/share/yolov8_obb_msgs/cmake/rosidl_cmake_export_typesupport_libraries-extras.cmake
[9.248s] -- Installing: /home/luka/ws_moveit/install/yolov8_obb_msgs/share/yolov8_obb_msgs/cmake/yolov8_obb_msgsConfig.cmake
[9.248s] -- Installing: /home/luka/ws_moveit/install/yolov8_obb_msgs/share/yolov8_obb_msgs/cmake/yolov8_obb_msgsConfig-version.cmake
[9.248s] -- Installing: /home/luka/ws_moveit/install/yolov8_obb_msgs/share/yolov8_obb_msgs/package.xml
[9.251s] Invoked command in '/home/luka/ws_moveit/build/yolov8_obb_msgs' returned '0': CMAKE_PREFIX_PATH=${CMAKE_PREFIX_PATH}:/home/luka/ws_moveit/install/hello_moveit_py:/home/luka/ws_moveit/install/moveit_configs_utils:/opt/ros/jazzy DEBUGINFOD_URLS=https://debuginfod.ubuntu.com /usr/bin/cmake --install /home/luka/ws_moveit/build/yolov8_obb_msgs
