[0.260s] Invoking command in '/home/luka/ws_moveit/build/moveit_setup_controllers': AMENT_PREFIX_PATH=/home/luka/ws_moveit/install/moveit_setup_framework:/home/luka/ws_moveit/install/moveit_ros_visualization:/home/luka/ws_moveit/install/moveit_ros_planning_interface:/home/luka/ws_moveit/install/moveit_ros_move_group:/home/luka/ws_moveit/install/moveit_ros_warehouse:/home/luka/ws_moveit/install/moveit_ros_robot_interaction:/home/luka/ws_moveit/install/moveit_kinematics:/home/luka/ws_moveit/install/moveit_ros_planning:/home/luka/ws_moveit/install/moveit_simple_controller_manager:/home/luka/ws_moveit/install/moveit_ros_occupancy_map_monitor:/home/luka/ws_moveit/install/moveit_core:/home/luka/ws_moveit/install/moveit_resources_panda_moveit_config:/home/luka/ws_moveit/install/moveit_resources_fanuc_moveit_config:/home/luka/ws_moveit/install/moveit_resources_pr2_description:/home/luka/ws_moveit/install/moveit_resources_panda_description:/home/luka/ws_moveit/install/moveit_resources_fanuc_description:/home/luka/ws_moveit/install/moveit_msgs:/home/luka/ws_moveit/install/moveit_configs_utils:/home/luka/ws_moveit/install/moveit_common:${AMENT_PREFIX_PATH} CMAKE_PREFIX_PATH=/home/luka/ws_moveit/install/moveit_setup_framework:/home/luka/ws_moveit/install/moveit_ros_visualization:/home/luka/ws_moveit/install/moveit_ros_planning_interface:/home/luka/ws_moveit/install/moveit_ros_move_group:/home/luka/ws_moveit/install/moveit_ros_warehouse:/home/luka/ws_moveit/install/moveit_ros_robot_interaction:/home/luka/ws_moveit/install/moveit_kinematics:/home/luka/ws_moveit/install/moveit_ros_planning:/home/luka/ws_moveit/install/moveit_simple_controller_manager:/home/luka/ws_moveit/install/moveit_ros_occupancy_map_monitor:/home/luka/ws_moveit/install/moveit_core:/home/luka/ws_moveit/install/moveit_resources_panda_moveit_config:/home/luka/ws_moveit/install/moveit_resources_fanuc_moveit_config:/home/luka/ws_moveit/install/moveit_resources_pr2_description:/home/luka/ws_moveit/install/moveit_resources_panda_description:/home/luka/ws_moveit/install/moveit_resources_fanuc_description:/home/luka/ws_moveit/install/moveit_msgs:/home/luka/ws_moveit/install/moveit_common:/opt/ros/jazzy/opt/gz_sim_vendor:/opt/ros/jazzy/opt/gz_sensors_vendor:/opt/ros/jazzy/opt/gz_physics_vendor:/opt/ros/jazzy/opt/sdformat_vendor:/opt/ros/jazzy/opt/gz_gui_vendor:/opt/ros/jazzy/opt/gz_transport_vendor:/opt/ros/jazzy/opt/gz_rendering_vendor:/opt/ros/jazzy/opt/gz_plugin_vendor:/opt/ros/jazzy/opt/gz_fuel_tools_vendor:/opt/ros/jazzy/opt/gz_msgs_vendor:/opt/ros/jazzy/opt/gz_common_vendor:/opt/ros/jazzy/opt/gz_math_vendor:/opt/ros/jazzy/opt/gz_utils_vendor:/opt/ros/jazzy/opt/gz_tools_vendor:/opt/ros/jazzy/opt/gz_ogre_next_vendor:/opt/ros/jazzy/opt/gz_dartsim_vendor:/opt/ros/jazzy/opt/gz_cmake_vendor:/opt/ros/jazzy DEBUGINFOD_URLS=https://debuginfod.ubuntu.com LD_LIBRARY_PATH=/home/luka/ws_moveit/install/moveit_setup_framework/lib:/home/luka/ws_moveit/install/moveit_ros_visualization/lib:/home/luka/ws_moveit/install/moveit_ros_planning_interface/lib:/home/luka/ws_moveit/install/moveit_ros_move_group/lib:/home/luka/ws_moveit/install/moveit_ros_warehouse/lib:/home/luka/ws_moveit/install/moveit_ros_robot_interaction/lib:/home/luka/ws_moveit/install/moveit_kinematics/lib:/home/luka/ws_moveit/install/moveit_ros_planning/lib:/home/luka/ws_moveit/install/moveit_simple_controller_manager/lib:/home/luka/ws_moveit/install/moveit_ros_occupancy_map_monitor/lib:/home/luka/ws_moveit/install/moveit_core/lib:/home/luka/ws_moveit/install/moveit_msgs/lib:${LD_LIBRARY_PATH} PATH=/home/luka/ws_moveit/install/moveit_core/bin:${PATH} PYTHONPATH=/home/luka/ws_moveit/install/moveit_msgs/lib/python3.12/site-packages:/home/luka/ws_moveit/install/moveit_configs_utils/lib/python3.12/site-packages:${PYTHONPATH} /usr/bin/cmake /home/luka/ws_moveit/src/moveit2/moveit_setup_assistant/moveit_setup_controllers -DCMAKE_BUILD_TYPE=Release -DCMAKE_INSTALL_PREFIX=/home/luka/ws_moveit/install/moveit_setup_controllers
[0.708s] -- The CXX compiler identification is GNU 13.3.0
[0.818s] -- Detecting CXX compiler ABI info
[1.485s] -- Detecting CXX compiler ABI info - done
[1.560s] -- Check for working CXX compiler: /usr/bin/c++ - skipped
[1.561s] -- Detecting CXX compile features
[1.565s] -- Detecting CXX compile features - done
[1.580s] -- Found moveit_common: 2.14.1 (/home/luka/ws_moveit/install/moveit_common/share/moveit_common/cmake)
[1.614s] -- Found ament_cmake: 2.5.4 (/opt/ros/jazzy/share/ament_cmake/cmake)
[2.737s] -- Found Python3: /usr/bin/python3 (found version "3.12.3") found components: Interpreter 
[4.281s] -- Found ament_cmake_ros: 0.12.0 (/opt/ros/jazzy/share/ament_cmake_ros/cmake)
[4.422s] -- Found ament_index_cpp: 1.8.1 (/opt/ros/jazzy/share/ament_index_cpp/cmake)
[4.428s] -- Found moveit_setup_framework: 2.14.1 (/home/luka/ws_moveit/install/moveit_setup_framework/share/moveit_setup_framework/cmake)
[5.015s] -- Found rosidl_generator_c: 4.6.6 (/opt/ros/jazzy/share/rosidl_generator_c/cmake)
[5.167s] -- Found rosidl_generator_cpp: 4.6.6 (/opt/ros/jazzy/share/rosidl_generator_cpp/cmake)
[5.336s] -- Using all available rosidl_typesupport_c: rosidl_typesupport_fastrtps_c;rosidl_typesupport_introspection_c
[5.526s] -- Using all available rosidl_typesupport_cpp: rosidl_typesupport_fastrtps_cpp;rosidl_typesupport_introspection_cpp
[6.337s] -- Found rmw_implementation_cmake: 7.3.2 (/opt/ros/jazzy/share/rmw_implementation_cmake/cmake)
[6.380s] -- Found rmw_fastrtps_cpp: 8.4.3 (/opt/ros/jazzy/share/rmw_fastrtps_cpp/cmake)
[6.865s] -- Found OpenSSL: /usr/lib/x86_64-linux-gnu/libcrypto.so (found version "3.0.13")  
[6.971s] -- Found FastRTPS: /opt/ros/jazzy/include (Required is at least version "2.13") 
[7.086s] -- Using RMW implementation 'rmw_fastrtps_cpp' as default
[8.546s] -- Found Boost: /usr/lib/x86_64-linux-gnu/cmake/Boost-1.83.0/BoostConfig.cmake (found version "1.83.0") found components: chrono date_time filesystem iostreams program_options regex serialization system thread 
[9.060s] -- Found parameter_traits: 0.5.0 (/opt/ros/jazzy/share/parameter_traits/cmake)
[9.180s] -- Found rclcpp_lifecycle: 28.1.13 (/opt/ros/jazzy/share/rclcpp_lifecycle/cmake)
[9.406s] -- Found Boost: /usr/lib/x86_64-linux-gnu/cmake/Boost-1.83.0/BoostConfig.cmake (found version "1.83.0") found components: filesystem 
[10.290s] -- Found Eigen3: TRUE (found version "3.4.0") 
[10.291s] -- Ensuring Eigen3 include directory is part of orocos-kdl CMake target
[12.273s] -- Found Boost: /usr/lib/x86_64-linux-gnu/cmake/Boost-1.83.0/BoostConfig.cmake (found version "1.83.0") found components: system filesystem date_time program_options thread chrono 
[12.512s] -- Found Boost: /usr/lib/x86_64-linux-gnu/cmake/Boost-1.83.0/BoostConfig.cmake (found version "1.83.0") found components: thread date_time system filesystem 
[12.603s] -- Found Boost: /usr/lib/x86_64-linux-gnu/cmake/Boost-1.83.0/BoostConfig.cmake (found version "1.83.0") found components: date_time filesystem program_options system thread 
[12.672s] -- Found Boost: /usr/lib/x86_64-linux-gnu/cmake/Boost-1.83.0/BoostConfig.cmake (found version "1.83.0") found components: thread system filesystem regex date_time program_options 
[12.803s] -- Found Boost: /usr/lib/x86_64-linux-gnu/cmake/Boost-1.83.0/BoostConfig.cmake (found version "1.83.0") found components: system filesystem date_time program_options thread 
[13.192s] -- Setting OGRE_DIR to: '/opt/ros/jazzy/share/rviz_ogre_vendor/cmake/../../../opt/rviz_ogre_vendor/lib/OGRE/cmake'
[13.198s] -- Found OGRE
[13.198s] --   static     : OFF
[13.199s] --   components : MeshLodGenerator;Overlay;Paging;Property;RTShaderSystem;Terrain;Volume
[13.200s] --   plugins    : Plugin_BSPSceneManager;Plugin_OctreeSceneManager;Plugin_PCZSceneManager;Plugin_ParticleFX;RenderSystem_GL;RenderSystem_GL3Plus;Codec_STBI
[13.202s] --   media      : /opt/ros/jazzy/opt/rviz_ogre_vendor/share/OGRE/Media
[13.202s] -- OGRE_LIBRARIES: OgreMeshLodGenerator;OgreOverlay;OgrePaging;OgreProperty;OgreRTShaderSystem;OgreTerrain;OgreVolume;OgreMain
[13.203s] -- OGRE_LIBRARY_DIRS: /opt/ros/jazzy/opt/rviz_ogre_vendor/lib
[13.203s] -- OGRE_PLUGINS: Plugin_BSPSceneManager;Plugin_OctreeSceneManager;Plugin_PCZSceneManager;Plugin_ParticleFX;RenderSystem_GL;RenderSystem_GL3Plus;Codec_STBI
[13.204s] -- OGRE_PLUGIN_DIR: /opt/ros/jazzy/opt/rviz_ogre_vendor/lib/OGRE
[13.204s] -- rviz_ogre_vendor::OgreOverlay for IMPORTED_LOCATION_RELEASE: /opt/ros/jazzy/opt/rviz_ogre_vendor/lib/libOgreOverlay.so
[13.205s] -- rviz_ogre_vendor::OgreOverlay for IMPORTED_LOCATION_DEBUG: /opt/ros/jazzy/opt/rviz_ogre_vendor/lib/libOgreOverlay.so
[13.205s] -- rviz_ogre_vendor::OgreMain for IMPORTED_LOCATION_RELEASE: /opt/ros/jazzy/opt/rviz_ogre_vendor/lib/libOgreMain.so
[13.205s] -- rviz_ogre_vendor::OgreMain for IMPORTED_LOCATION_DEBUG: /opt/ros/jazzy/opt/rviz_ogre_vendor/lib/libOgreMain.so
[13.362s] -- Found ZLIB: /usr/lib/x86_64-linux-gnu/libz.so (found version "1.3")  
[13.422s] -- Found OpenGL: /usr/lib/x86_64-linux-gnu/libOpenGL.so   
[14.513s] -- Found X11: /usr/include   
[14.514s] -- Looking for XOpenDisplay in /usr/lib/x86_64-linux-gnu/libX11.so;/usr/lib/x86_64-linux-gnu/libXext.so
[15.109s] -- Looking for XOpenDisplay in /usr/lib/x86_64-linux-gnu/libX11.so;/usr/lib/x86_64-linux-gnu/libXext.so - found
[15.114s] -- Looking for gethostbyname
[15.708s] -- Looking for gethostbyname - found
[15.709s] -- Looking for connect
[16.298s] -- Looking for connect - found
[16.299s] -- Looking for remove
[16.879s] -- Looking for remove - found
[16.880s] -- Looking for shmat
[17.583s] -- Looking for shmat - found
[17.584s] -- Looking for IceConnectionNumber in ICE
[18.433s] -- Looking for IceConnectionNumber in ICE - found
[18.722s] -- Setting yaml-cpp_DIR to: '/opt/ros/jazzy/share/yaml_cpp_vendor/cmake/../../../opt/yaml_cpp_vendor/share/cmake/yaml-cpp'
[19.810s] -- Found gtest sources under '/opt/ros/jazzy/src/gtest_vendor': C++ tests using 'Google Test' will be built
[20.139s] -- The C compiler identification is GNU 13.3.0
[20.360s] -- Detecting C compiler ABI info
[21.159s] -- Detecting C compiler ABI info - done
[21.264s] -- Check for working C compiler: /usr/bin/cc - skipped
[21.268s] -- Detecting C compile features
[21.280s] -- Detecting C compile features - done
[21.304s] -- Found Threads: TRUE  
[21.351s] -- Configuring done (21.0s)
[22.331s] -- Generating done (0.6s)
[22.450s] -- Build files have been written to: /home/luka/ws_moveit/build/moveit_setup_controllers
[22.566s] Invoked command in '/home/luka/ws_moveit/build/moveit_setup_controllers' returned '0': AMENT_PREFIX_PATH=/home/luka/ws_moveit/install/moveit_setup_framework:/home/luka/ws_moveit/install/moveit_ros_visualization:/home/luka/ws_moveit/install/moveit_ros_planning_interface:/home/luka/ws_moveit/install/moveit_ros_move_group:/home/luka/ws_moveit/install/moveit_ros_warehouse:/home/luka/ws_moveit/install/moveit_ros_robot_interaction:/home/luka/ws_moveit/install/moveit_kinematics:/home/luka/ws_moveit/install/moveit_ros_planning:/home/luka/ws_moveit/install/moveit_simple_controller_manager:/home/luka/ws_moveit/install/moveit_ros_occupancy_map_monitor:/home/luka/ws_moveit/install/moveit_core:/home/luka/ws_moveit/install/moveit_resources_panda_moveit_config:/home/luka/ws_moveit/install/moveit_resources_fanuc_moveit_config:/home/luka/ws_moveit/install/moveit_resources_pr2_description:/home/luka/ws_moveit/install/moveit_resources_panda_description:/home/luka/ws_moveit/install/moveit_resources_fanuc_description:/home/luka/ws_moveit/install/moveit_msgs:/home/luka/ws_moveit/install/moveit_configs_utils:/home/luka/ws_moveit/install/moveit_common:${AMENT_PREFIX_PATH} CMAKE_PREFIX_PATH=/home/luka/ws_moveit/install/moveit_setup_framework:/home/luka/ws_moveit/install/moveit_ros_visualization:/home/luka/ws_moveit/install/moveit_ros_planning_interface:/home/luka/ws_moveit/install/moveit_ros_move_group:/home/luka/ws_moveit/install/moveit_ros_warehouse:/home/luka/ws_moveit/install/moveit_ros_robot_interaction:/home/luka/ws_moveit/install/moveit_kinematics:/home/luka/ws_moveit/install/moveit_ros_planning:/home/luka/ws_moveit/install/moveit_simple_controller_manager:/home/luka/ws_moveit/install/moveit_ros_occupancy_map_monitor:/home/luka/ws_moveit/install/moveit_core:/home/luka/ws_moveit/install/moveit_resources_panda_moveit_config:/home/luka/ws_moveit/install/moveit_resources_fanuc_moveit_config:/home/luka/ws_moveit/install/moveit_resources_pr2_description:/home/luka/ws_moveit/install/moveit_resources_panda_description:/home/luka/ws_moveit/install/moveit_resources_fanuc_description:/home/luka/ws_moveit/install/moveit_msgs:/home/luka/ws_moveit/install/moveit_common:/opt/ros/jazzy/opt/gz_sim_vendor:/opt/ros/jazzy/opt/gz_sensors_vendor:/opt/ros/jazzy/opt/gz_physics_vendor:/opt/ros/jazzy/opt/sdformat_vendor:/opt/ros/jazzy/opt/gz_gui_vendor:/opt/ros/jazzy/opt/gz_transport_vendor:/opt/ros/jazzy/opt/gz_rendering_vendor:/opt/ros/jazzy/opt/gz_plugin_vendor:/opt/ros/jazzy/opt/gz_fuel_tools_vendor:/opt/ros/jazzy/opt/gz_msgs_vendor:/opt/ros/jazzy/opt/gz_common_vendor:/opt/ros/jazzy/opt/gz_math_vendor:/opt/ros/jazzy/opt/gz_utils_vendor:/opt/ros/jazzy/opt/gz_tools_vendor:/opt/ros/jazzy/opt/gz_ogre_next_vendor:/opt/ros/jazzy/opt/gz_dartsim_vendor:/opt/ros/jazzy/opt/gz_cmake_vendor:/opt/ros/jazzy DEBUGINFOD_URLS=https://debuginfod.ubuntu.com LD_LIBRARY_PATH=/home/luka/ws_moveit/install/moveit_setup_framework/lib:/home/luka/ws_moveit/install/moveit_ros_visualization/lib:/home/luka/ws_moveit/install/moveit_ros_planning_interface/lib:/home/luka/ws_moveit/install/moveit_ros_move_group/lib:/home/luka/ws_moveit/install/moveit_ros_warehouse/lib:/home/luka/ws_moveit/install/moveit_ros_robot_interaction/lib:/home/luka/ws_moveit/install/moveit_kinematics/lib:/home/luka/ws_moveit/install/moveit_ros_planning/lib:/home/luka/ws_moveit/install/moveit_simple_controller_manager/lib:/home/luka/ws_moveit/install/moveit_ros_occupancy_map_monitor/lib:/home/luka/ws_moveit/install/moveit_core/lib:/home/luka/ws_moveit/install/moveit_msgs/lib:${LD_LIBRARY_PATH} PATH=/home/luka/ws_moveit/install/moveit_core/bin:${PATH} PYTHONPATH=/home/luka/ws_moveit/install/moveit_msgs/lib/python3.12/site-packages:/home/luka/ws_moveit/install/moveit_configs_utils/lib/python3.12/site-packages:${PYTHONPATH} /usr/bin/cmake /home/luka/ws_moveit/src/moveit2/moveit_setup_assistant/moveit_setup_controllers -DCMAKE_BUILD_TYPE=Release -DCMAKE_INSTALL_PREFIX=/home/luka/ws_moveit/install/moveit_setup_controllers
[22.573s] Invoking command in '/home/luka/ws_moveit/build/moveit_setup_controllers': AMENT_PREFIX_PATH=/home/luka/ws_moveit/install/moveit_setup_framework:/home/luka/ws_moveit/install/moveit_ros_visualization:/home/luka/ws_moveit/install/moveit_ros_planning_interface:/home/luka/ws_moveit/install/moveit_ros_move_group:/home/luka/ws_moveit/install/moveit_ros_warehouse:/home/luka/ws_moveit/install/moveit_ros_robot_interaction:/home/luka/ws_moveit/install/moveit_kinematics:/home/luka/ws_moveit/install/moveit_ros_planning:/home/luka/ws_moveit/install/moveit_simple_controller_manager:/home/luka/ws_moveit/install/moveit_ros_occupancy_map_monitor:/home/luka/ws_moveit/install/moveit_core:/home/luka/ws_moveit/install/moveit_resources_panda_moveit_config:/home/luka/ws_moveit/install/moveit_resources_fanuc_moveit_config:/home/luka/ws_moveit/install/moveit_resources_pr2_description:/home/luka/ws_moveit/install/moveit_resources_panda_description:/home/luka/ws_moveit/install/moveit_resources_fanuc_description:/home/luka/ws_moveit/install/moveit_msgs:/home/luka/ws_moveit/install/moveit_configs_utils:/home/luka/ws_moveit/install/moveit_common:${AMENT_PREFIX_PATH} CMAKE_PREFIX_PATH=/home/luka/ws_moveit/install/moveit_setup_framework:/home/luka/ws_moveit/install/moveit_ros_visualization:/home/luka/ws_moveit/install/moveit_ros_planning_interface:/home/luka/ws_moveit/install/moveit_ros_move_group:/home/luka/ws_moveit/install/moveit_ros_warehouse:/home/luka/ws_moveit/install/moveit_ros_robot_interaction:/home/luka/ws_moveit/install/moveit_kinematics:/home/luka/ws_moveit/install/moveit_ros_planning:/home/luka/ws_moveit/install/moveit_simple_controller_manager:/home/luka/ws_moveit/install/moveit_ros_occupancy_map_monitor:/home/luka/ws_moveit/install/moveit_core:/home/luka/ws_moveit/install/moveit_resources_panda_moveit_config:/home/luka/ws_moveit/install/moveit_resources_fanuc_moveit_config:/home/luka/ws_moveit/install/moveit_resources_pr2_description:/home/luka/ws_moveit/install/moveit_resources_panda_description:/home/luka/ws_moveit/install/moveit_resources_fanuc_description:/home/luka/ws_moveit/install/moveit_msgs:/home/luka/ws_moveit/install/moveit_common:/opt/ros/jazzy/opt/gz_sim_vendor:/opt/ros/jazzy/opt/gz_sensors_vendor:/opt/ros/jazzy/opt/gz_physics_vendor:/opt/ros/jazzy/opt/sdformat_vendor:/opt/ros/jazzy/opt/gz_gui_vendor:/opt/ros/jazzy/opt/gz_transport_vendor:/opt/ros/jazzy/opt/gz_rendering_vendor:/opt/ros/jazzy/opt/gz_plugin_vendor:/opt/ros/jazzy/opt/gz_fuel_tools_vendor:/opt/ros/jazzy/opt/gz_msgs_vendor:/opt/ros/jazzy/opt/gz_common_vendor:/opt/ros/jazzy/opt/gz_math_vendor:/opt/ros/jazzy/opt/gz_utils_vendor:/opt/ros/jazzy/opt/gz_tools_vendor:/opt/ros/jazzy/opt/gz_ogre_next_vendor:/opt/ros/jazzy/opt/gz_dartsim_vendor:/opt/ros/jazzy/opt/gz_cmake_vendor:/opt/ros/jazzy DEBUGINFOD_URLS=https://debuginfod.ubuntu.com LD_LIBRARY_PATH=/home/luka/ws_moveit/install/moveit_setup_framework/lib:/home/luka/ws_moveit/install/moveit_ros_visualization/lib:/home/luka/ws_moveit/install/moveit_ros_planning_interface/lib:/home/luka/ws_moveit/install/moveit_ros_move_group/lib:/home/luka/ws_moveit/install/moveit_ros_warehouse/lib:/home/luka/ws_moveit/install/moveit_ros_robot_interaction/lib:/home/luka/ws_moveit/install/moveit_kinematics/lib:/home/luka/ws_moveit/install/moveit_ros_planning/lib:/home/luka/ws_moveit/install/moveit_simple_controller_manager/lib:/home/luka/ws_moveit/install/moveit_ros_occupancy_map_monitor/lib:/home/luka/ws_moveit/install/moveit_core/lib:/home/luka/ws_moveit/install/moveit_msgs/lib:${LD_LIBRARY_PATH} PATH=/home/luka/ws_moveit/install/moveit_core/bin:${PATH} PYTHONPATH=/home/luka/ws_moveit/install/moveit_msgs/lib/python3.12/site-packages:/home/luka/ws_moveit/install/moveit_configs_utils/lib/python3.12/site-packages:${PYTHONPATH} /usr/bin/cmake --build /home/luka/ws_moveit/build/moveit_setup_controllers -- -j4 -l4
[23.070s] [  0%] Built target moveit_setup_controllers_autogen_timestamp_deps
[23.285s] [  0%] Built target gtest_autogen_timestamp_deps
[23.446s] [  2%] [34m[1mAutomatic MOC for target moveit_setup_controllers[0m
[23.775s] [  2%] Built target moveit_setup_controllers_autogen
[23.944s] [  5%] [34m[1mAutomatic MOC for target gtest[0m
[24.390s] [  5%] Built target gtest_autogen
[24.489s] [  8%] [34m[1mGenerating include/moveit_setup_controllers/moc_urdf_modifications_widget.cpp[0m
[24.578s] [ 11%] [34m[1mGenerating include/moveit_setup_controllers/moc_controller_edit_widget.cpp[0m
[24.670s] [ 14%] [34m[1mGenerating include/moveit_setup_controllers/moc_controllers_widget.cpp[0m
[24.841s] [ 17%] [32mBuilding CXX object CMakeFiles/moveit_setup_controllers.dir/moveit_setup_controllers_autogen/mocs_compilation.cpp.o[0m
[24.989s] [ 20%] [32mBuilding CXX object CMakeFiles/moveit_setup_controllers.dir/src/control_xacro_config.cpp.o[0m
[86.499s] [ 22%] [32mBuilding CXX object CMakeFiles/moveit_setup_controllers.dir/src/controller_edit_widget.cpp.o[0m
[108.598s] [ 25%] [32mBuilding CXX object CMakeFiles/moveit_setup_controllers.dir/src/controllers.cpp.o[0m
[181.172s] [ 28%] [32mBuilding CXX object CMakeFiles/moveit_setup_controllers.dir/src/controllers_widget.cpp.o[0m
[278.187s] [ 31%] [32mBuilding CXX object CMakeFiles/moveit_setup_controllers.dir/src/controllers_config.cpp.o[0m
[323.323s] [ 34%] [32mBuilding CXX object CMakeFiles/moveit_setup_controllers.dir/src/modified_urdf_config.cpp.o[0m
[325.609s] [ 37%] [32mBuilding CXX object CMakeFiles/moveit_setup_controllers.dir/src/moveit_controllers_config.cpp.o[0m
[415.429s] [ 40%] [32mBuilding CXX object CMakeFiles/moveit_setup_controllers.dir/src/moveit_controllers_widget.cpp.o[0m
[468.562s] [ 42%] [32mBuilding CXX object CMakeFiles/moveit_setup_controllers.dir/src/ros2_controllers_config.cpp.o[0m
[573.831s] [ 45%] [32mBuilding CXX object CMakeFiles/moveit_setup_controllers.dir/src/ros2_controllers_widget.cpp.o[0m
[637.396s] [ 48%] [32mBuilding CXX object CMakeFiles/moveit_setup_controllers.dir/src/urdf_modifications.cpp.o[0m
[648.480s] [ 51%] [32mBuilding CXX object CMakeFiles/moveit_setup_controllers.dir/src/urdf_modifications_widget.cpp.o[0m
[793.765s] [ 54%] [32mBuilding CXX object CMakeFiles/moveit_setup_controllers.dir/include/moveit_setup_controllers/moc_controller_edit_widget.cpp.o[0m
[830.550s] [ 57%] [32mBuilding CXX object CMakeFiles/moveit_setup_controllers.dir/include/moveit_setup_controllers/moc_controllers_widget.cpp.o[0m
[887.060s] [ 60%] [32mBuilding CXX object CMakeFiles/moveit_setup_controllers.dir/include/moveit_setup_controllers/moc_urdf_modifications_widget.cpp.o[0m
[989.457s] [ 62%] [32m[1mLinking CXX shared library libmoveit_setup_controllers.so[0m
[992.782s] [ 62%] Built target moveit_setup_controllers
[992.964s] [ 65%] [32mBuilding CXX object gtest/CMakeFiles/gtest.dir/gtest_autogen/mocs_compilation.cpp.o[0m
[993.193s] [ 68%] [32mBuilding CXX object gtest/CMakeFiles/gtest.dir/src/gtest-all.cc.o[0m
[1051.564s] [ 71%] [32m[1mLinking CXX static library libgtest.a[0m
[1052.008s] [ 74%] Built target gtest
[1052.154s] [ 74%] Built target gtest_main_autogen_timestamp_deps
[1052.338s] [ 77%] [34m[1mAutomatic MOC for target gtest_main[0m
[1052.648s] [ 77%] Built target gtest_main_autogen
[1052.823s] [ 80%] [32mBuilding CXX object gtest/CMakeFiles/gtest_main.dir/gtest_main_autogen/mocs_compilation.cpp.o[0m
[1052.992s] [ 82%] [32mBuilding CXX object gtest/CMakeFiles/gtest_main.dir/src/gtest_main.cc.o[0m
[1059.132s] [ 85%] [32m[1mLinking CXX static library libgtest_main.a[0m
[1059.567s] [ 88%] Built target gtest_main
[1059.733s] [ 88%] Built target test_controllers_autogen_timestamp_deps
[1059.896s] [ 91%] [34m[1mAutomatic MOC for target test_controllers[0m
[1060.206s] [ 91%] Built target test_controllers_autogen
[1060.375s] [ 94%] [32mBuilding CXX object CMakeFiles/test_controllers.dir/test_controllers_autogen/mocs_compilation.cpp.o[0m
[1060.513s] [ 97%] [32mBuilding CXX object CMakeFiles/test_controllers.dir/test/test_controllers.cpp.o[0m
[1148.994s] [100%] [32m[1mLinking CXX executable test_controllers[0m
[1154.828s] [100%] Built target test_controllers
[1154.938s] Invoked command in '/home/luka/ws_moveit/build/moveit_setup_controllers' returned '0': AMENT_PREFIX_PATH=/home/luka/ws_moveit/install/moveit_setup_framework:/home/luka/ws_moveit/install/moveit_ros_visualization:/home/luka/ws_moveit/install/moveit_ros_planning_interface:/home/luka/ws_moveit/install/moveit_ros_move_group:/home/luka/ws_moveit/install/moveit_ros_warehouse:/home/luka/ws_moveit/install/moveit_ros_robot_interaction:/home/luka/ws_moveit/install/moveit_kinematics:/home/luka/ws_moveit/install/moveit_ros_planning:/home/luka/ws_moveit/install/moveit_simple_controller_manager:/home/luka/ws_moveit/install/moveit_ros_occupancy_map_monitor:/home/luka/ws_moveit/install/moveit_core:/home/luka/ws_moveit/install/moveit_resources_panda_moveit_config:/home/luka/ws_moveit/install/moveit_resources_fanuc_moveit_config:/home/luka/ws_moveit/install/moveit_resources_pr2_description:/home/luka/ws_moveit/install/moveit_resources_panda_description:/home/luka/ws_moveit/install/moveit_resources_fanuc_description:/home/luka/ws_moveit/install/moveit_msgs:/home/luka/ws_moveit/install/moveit_configs_utils:/home/luka/ws_moveit/install/moveit_common:${AMENT_PREFIX_PATH} CMAKE_PREFIX_PATH=/home/luka/ws_moveit/install/moveit_setup_framework:/home/luka/ws_moveit/install/moveit_ros_visualization:/home/luka/ws_moveit/install/moveit_ros_planning_interface:/home/luka/ws_moveit/install/moveit_ros_move_group:/home/luka/ws_moveit/install/moveit_ros_warehouse:/home/luka/ws_moveit/install/moveit_ros_robot_interaction:/home/luka/ws_moveit/install/moveit_kinematics:/home/luka/ws_moveit/install/moveit_ros_planning:/home/luka/ws_moveit/install/moveit_simple_controller_manager:/home/luka/ws_moveit/install/moveit_ros_occupancy_map_monitor:/home/luka/ws_moveit/install/moveit_core:/home/luka/ws_moveit/install/moveit_resources_panda_moveit_config:/home/luka/ws_moveit/install/moveit_resources_fanuc_moveit_config:/home/luka/ws_moveit/install/moveit_resources_pr2_description:/home/luka/ws_moveit/install/moveit_resources_panda_description:/home/luka/ws_moveit/install/moveit_resources_fanuc_description:/home/luka/ws_moveit/install/moveit_msgs:/home/luka/ws_moveit/install/moveit_common:/opt/ros/jazzy/opt/gz_sim_vendor:/opt/ros/jazzy/opt/gz_sensors_vendor:/opt/ros/jazzy/opt/gz_physics_vendor:/opt/ros/jazzy/opt/sdformat_vendor:/opt/ros/jazzy/opt/gz_gui_vendor:/opt/ros/jazzy/opt/gz_transport_vendor:/opt/ros/jazzy/opt/gz_rendering_vendor:/opt/ros/jazzy/opt/gz_plugin_vendor:/opt/ros/jazzy/opt/gz_fuel_tools_vendor:/opt/ros/jazzy/opt/gz_msgs_vendor:/opt/ros/jazzy/opt/gz_common_vendor:/opt/ros/jazzy/opt/gz_math_vendor:/opt/ros/jazzy/opt/gz_utils_vendor:/opt/ros/jazzy/opt/gz_tools_vendor:/opt/ros/jazzy/opt/gz_ogre_next_vendor:/opt/ros/jazzy/opt/gz_dartsim_vendor:/opt/ros/jazzy/opt/gz_cmake_vendor:/opt/ros/jazzy DEBUGINFOD_URLS=https://debuginfod.ubuntu.com LD_LIBRARY_PATH=/home/luka/ws_moveit/install/moveit_setup_framework/lib:/home/luka/ws_moveit/install/moveit_ros_visualization/lib:/home/luka/ws_moveit/install/moveit_ros_planning_interface/lib:/home/luka/ws_moveit/install/moveit_ros_move_group/lib:/home/luka/ws_moveit/install/moveit_ros_warehouse/lib:/home/luka/ws_moveit/install/moveit_ros_robot_interaction/lib:/home/luka/ws_moveit/install/moveit_kinematics/lib:/home/luka/ws_moveit/install/moveit_ros_planning/lib:/home/luka/ws_moveit/install/moveit_simple_controller_manager/lib:/home/luka/ws_moveit/install/moveit_ros_occupancy_map_monitor/lib:/home/luka/ws_moveit/install/moveit_core/lib:/home/luka/ws_moveit/install/moveit_msgs/lib:${LD_LIBRARY_PATH} PATH=/home/luka/ws_moveit/install/moveit_core/bin:${PATH} PYTHONPATH=/home/luka/ws_moveit/install/moveit_msgs/lib/python3.12/site-packages:/home/luka/ws_moveit/install/moveit_configs_utils/lib/python3.12/site-packages:${PYTHONPATH} /usr/bin/cmake --build /home/luka/ws_moveit/build/moveit_setup_controllers -- -j4 -l4
[1154.941s] Invoking command in '/home/luka/ws_moveit/build/moveit_setup_controllers': AMENT_PREFIX_PATH=/home/luka/ws_moveit/install/moveit_setup_framework:/home/luka/ws_moveit/install/moveit_ros_visualization:/home/luka/ws_moveit/install/moveit_ros_planning_interface:/home/luka/ws_moveit/install/moveit_ros_move_group:/home/luka/ws_moveit/install/moveit_ros_warehouse:/home/luka/ws_moveit/install/moveit_ros_robot_interaction:/home/luka/ws_moveit/install/moveit_kinematics:/home/luka/ws_moveit/install/moveit_ros_planning:/home/luka/ws_moveit/install/moveit_simple_controller_manager:/home/luka/ws_moveit/install/moveit_ros_occupancy_map_monitor:/home/luka/ws_moveit/install/moveit_core:/home/luka/ws_moveit/install/moveit_resources_panda_moveit_config:/home/luka/ws_moveit/install/moveit_resources_fanuc_moveit_config:/home/luka/ws_moveit/install/moveit_resources_pr2_description:/home/luka/ws_moveit/install/moveit_resources_panda_description:/home/luka/ws_moveit/install/moveit_resources_fanuc_description:/home/luka/ws_moveit/install/moveit_msgs:/home/luka/ws_moveit/install/moveit_configs_utils:/home/luka/ws_moveit/install/moveit_common:${AMENT_PREFIX_PATH} CMAKE_PREFIX_PATH=/home/luka/ws_moveit/install/moveit_setup_framework:/home/luka/ws_moveit/install/moveit_ros_visualization:/home/luka/ws_moveit/install/moveit_ros_planning_interface:/home/luka/ws_moveit/install/moveit_ros_move_group:/home/luka/ws_moveit/install/moveit_ros_warehouse:/home/luka/ws_moveit/install/moveit_ros_robot_interaction:/home/luka/ws_moveit/install/moveit_kinematics:/home/luka/ws_moveit/install/moveit_ros_planning:/home/luka/ws_moveit/install/moveit_simple_controller_manager:/home/luka/ws_moveit/install/moveit_ros_occupancy_map_monitor:/home/luka/ws_moveit/install/moveit_core:/home/luka/ws_moveit/install/moveit_resources_panda_moveit_config:/home/luka/ws_moveit/install/moveit_resources_fanuc_moveit_config:/home/luka/ws_moveit/install/moveit_resources_pr2_description:/home/luka/ws_moveit/install/moveit_resources_panda_description:/home/luka/ws_moveit/install/moveit_resources_fanuc_description:/home/luka/ws_moveit/install/moveit_msgs:/home/luka/ws_moveit/install/moveit_common:/opt/ros/jazzy/opt/gz_sim_vendor:/opt/ros/jazzy/opt/gz_sensors_vendor:/opt/ros/jazzy/opt/gz_physics_vendor:/opt/ros/jazzy/opt/sdformat_vendor:/opt/ros/jazzy/opt/gz_gui_vendor:/opt/ros/jazzy/opt/gz_transport_vendor:/opt/ros/jazzy/opt/gz_rendering_vendor:/opt/ros/jazzy/opt/gz_plugin_vendor:/opt/ros/jazzy/opt/gz_fuel_tools_vendor:/opt/ros/jazzy/opt/gz_msgs_vendor:/opt/ros/jazzy/opt/gz_common_vendor:/opt/ros/jazzy/opt/gz_math_vendor:/opt/ros/jazzy/opt/gz_utils_vendor:/opt/ros/jazzy/opt/gz_tools_vendor:/opt/ros/jazzy/opt/gz_ogre_next_vendor:/opt/ros/jazzy/opt/gz_dartsim_vendor:/opt/ros/jazzy/opt/gz_cmake_vendor:/opt/ros/jazzy DEBUGINFOD_URLS=https://debuginfod.ubuntu.com LD_LIBRARY_PATH=/home/luka/ws_moveit/install/moveit_setup_framework/lib:/home/luka/ws_moveit/install/moveit_ros_visualization/lib:/home/luka/ws_moveit/install/moveit_ros_planning_interface/lib:/home/luka/ws_moveit/install/moveit_ros_move_group/lib:/home/luka/ws_moveit/install/moveit_ros_warehouse/lib:/home/luka/ws_moveit/install/moveit_ros_robot_interaction/lib:/home/luka/ws_moveit/install/moveit_kinematics/lib:/home/luka/ws_moveit/install/moveit_ros_planning/lib:/home/luka/ws_moveit/install/moveit_simple_controller_manager/lib:/home/luka/ws_moveit/install/moveit_ros_occupancy_map_monitor/lib:/home/luka/ws_moveit/install/moveit_core/lib:/home/luka/ws_moveit/install/moveit_msgs/lib:${LD_LIBRARY_PATH} PATH=/home/luka/ws_moveit/install/moveit_core/bin:${PATH} PYTHONPATH=/home/luka/ws_moveit/install/moveit_msgs/lib/python3.12/site-packages:/home/luka/ws_moveit/install/moveit_configs_utils/lib/python3.12/site-packages:${PYTHONPATH} /usr/bin/cmake --install /home/luka/ws_moveit/build/moveit_setup_controllers
[1155.020s] -- Install configuration: "Release"
[1155.022s] -- Installing: /home/luka/ws_moveit/install/moveit_setup_controllers/share/moveit_setup_controllers/templates
[1155.025s] -- Installing: /home/luka/ws_moveit/install/moveit_setup_controllers/share/moveit_setup_controllers/templates/config
[1155.027s] -- Installing: /home/luka/ws_moveit/install/moveit_setup_controllers/share/moveit_setup_controllers/templates/config/ros2_control.xacro
[1155.029s] -- Installing: /home/luka/ws_moveit/install/moveit_setup_controllers/share/moveit_setup_controllers/templates/config/gazebo_controllers.yaml
[1155.036s] -- Installing: /home/luka/ws_moveit/install/moveit_setup_controllers/share/moveit_setup_controllers/templates/config/modified.urdf.xacro
[1155.038s] -- Installing: /home/luka/ws_moveit/install/moveit_setup_controllers/lib/libmoveit_setup_controllers.so
[1155.046s] -- Set non-toolchain portion of runtime path of "/home/luka/ws_moveit/install/moveit_setup_controllers/lib/libmoveit_setup_controllers.so" to ""
[1155.048s] -- Installing: /home/luka/ws_moveit/install/moveit_setup_controllers/share/moveit_setup_controllers/moveit_setup_framework_plugins.xml
[1155.051s] -- Installing: /home/luka/ws_moveit/install/moveit_setup_controllers/include/moveit_setup_controllers
[1155.053s] -- Installing: /home/luka/ws_moveit/install/moveit_setup_controllers/include/moveit_setup_controllers/moveit_setup_controllers
[1155.056s] -- Installing: /home/luka/ws_moveit/install/moveit_setup_controllers/include/moveit_setup_controllers/moveit_setup_controllers/modified_urdf_config.h
[1155.058s] -- Installing: /home/luka/ws_moveit/install/moveit_setup_controllers/include/moveit_setup_controllers/moveit_setup_controllers/ros2_controllers.hpp
[1155.059s] -- Installing: /home/luka/ws_moveit/install/moveit_setup_controllers/include/moveit_setup_controllers/moveit_setup_controllers/moveit_controllers.h
[1155.062s] -- Installing: /home/luka/ws_moveit/install/moveit_setup_controllers/include/moveit_setup_controllers/moveit_setup_controllers/controllers_widget.h
[1155.063s] -- Installing: /home/luka/ws_moveit/install/moveit_setup_controllers/include/moveit_setup_controllers/moveit_setup_controllers/urdf_modifications.h
[1155.066s] -- Installing: /home/luka/ws_moveit/install/moveit_setup_controllers/include/moveit_setup_controllers/moveit_setup_controllers/control_xacro_config.hpp
[1155.066s] -- Installing: /home/luka/ws_moveit/install/moveit_setup_controllers/include/moveit_setup_controllers/moveit_setup_controllers/controllers_widget.hpp
[1155.069s] -- Installing: /home/luka/ws_moveit/install/moveit_setup_controllers/include/moveit_setup_controllers/moveit_setup_controllers/controllers_config.h
[1155.072s] -- Installing: /home/luka/ws_moveit/install/moveit_setup_controllers/include/moveit_setup_controllers/moveit_setup_controllers/controllers.h
[1155.073s] -- Installing: /home/luka/ws_moveit/install/moveit_setup_controllers/include/moveit_setup_controllers/moveit_setup_controllers/moveit_controllers_config.h
[1155.073s] -- Installing: /home/luka/ws_moveit/install/moveit_setup_controllers/include/moveit_setup_controllers/moveit_setup_controllers/controller_edit_widget.h
[1155.076s] -- Installing: /home/luka/ws_moveit/install/moveit_setup_controllers/include/moveit_setup_controllers/moveit_setup_controllers/ros2_controllers_config.h
[1155.080s] -- Installing: /home/luka/ws_moveit/install/moveit_setup_controllers/include/moveit_setup_controllers/moveit_setup_controllers/moveit_controllers.hpp
[1155.081s] -- Installing: /home/luka/ws_moveit/install/moveit_setup_controllers/include/moveit_setup_controllers/moveit_setup_controllers/urdf_modifications_widget.h
[1155.082s] -- Installing: /home/luka/ws_moveit/install/moveit_setup_controllers/include/moveit_setup_controllers/moveit_setup_controllers/urdf_modifications_widget.hpp
[1155.083s] -- Installing: /home/luka/ws_moveit/install/moveit_setup_controllers/include/moveit_setup_controllers/moveit_setup_controllers/urdf_modifications.hpp
[1155.087s] -- Installing: /home/luka/ws_moveit/install/moveit_setup_controllers/include/moveit_setup_controllers/moveit_setup_controllers/moveit_controllers_config.hpp
[1155.088s] -- Installing: /home/luka/ws_moveit/install/moveit_setup_controllers/include/moveit_setup_controllers/moveit_setup_controllers/control_xacro_config.h
[1155.088s] -- Installing: /home/luka/ws_moveit/install/moveit_setup_controllers/include/moveit_setup_controllers/moveit_setup_controllers/controllers_config.hpp
[1155.090s] -- Installing: /home/luka/ws_moveit/install/moveit_setup_controllers/include/moveit_setup_controllers/moveit_setup_controllers/included_xacro_config.h
[1155.091s] -- Installing: /home/luka/ws_moveit/install/moveit_setup_controllers/include/moveit_setup_controllers/moveit_setup_controllers/modified_urdf_config.hpp
[1155.092s] -- Installing: /home/luka/ws_moveit/install/moveit_setup_controllers/include/moveit_setup_controllers/moveit_setup_controllers/ros2_controllers_config.hpp
[1155.092s] -- Installing: /home/luka/ws_moveit/install/moveit_setup_controllers/include/moveit_setup_controllers/moveit_setup_controllers/included_xacro_config.hpp
[1155.097s] -- Installing: /home/luka/ws_moveit/install/moveit_setup_controllers/include/moveit_setup_controllers/moveit_setup_controllers/controller_edit_widget.hpp
[1155.098s] -- Installing: /home/luka/ws_moveit/install/moveit_setup_controllers/include/moveit_setup_controllers/moveit_setup_controllers/controllers.hpp
[1155.098s] -- Installing: /home/luka/ws_moveit/install/moveit_setup_controllers/include/moveit_setup_controllers/moveit_setup_controllers/ros2_controllers.h
[1155.102s] -- Installing: /home/luka/ws_moveit/install/moveit_setup_controllers/share/moveit_setup_controllers/launch
[1155.103s] -- Installing: /home/luka/ws_moveit/install/moveit_setup_controllers/share/moveit_setup_controllers/launch/control.launch.py
[1155.104s] -- Installing: /home/luka/ws_moveit/install/moveit_setup_controllers/share/moveit_setup_controllers/environment/library_path.sh
[1155.104s] -- Installing: /home/luka/ws_moveit/install/moveit_setup_controllers/share/moveit_setup_controllers/environment/library_path.dsv
[1155.108s] -- Up-to-date: /home/luka/ws_moveit/install/moveit_setup_controllers/share/moveit_setup_controllers/moveit_setup_framework_plugins.xml
[1155.108s] -- Installing: /home/luka/ws_moveit/install/moveit_setup_controllers/share/ament_index/resource_index/package_run_dependencies/moveit_setup_controllers
[1155.112s] -- Installing: /home/luka/ws_moveit/install/moveit_setup_controllers/share/ament_index/resource_index/parent_prefix_path/moveit_setup_controllers
[1155.112s] -- Installing: /home/luka/ws_moveit/install/moveit_setup_controllers/share/moveit_setup_controllers/environment/ament_prefix_path.sh
[1155.116s] -- Installing: /home/luka/ws_moveit/install/moveit_setup_controllers/share/moveit_setup_controllers/environment/ament_prefix_path.dsv
[1155.116s] -- Installing: /home/luka/ws_moveit/install/moveit_setup_controllers/share/moveit_setup_controllers/environment/path.sh
[1155.122s] -- Installing: /home/luka/ws_moveit/install/moveit_setup_controllers/share/moveit_setup_controllers/environment/path.dsv
[1155.122s] -- Installing: /home/luka/ws_moveit/install/moveit_setup_controllers/share/moveit_setup_controllers/local_setup.bash
[1155.123s] -- Installing: /home/luka/ws_moveit/install/moveit_setup_controllers/share/moveit_setup_controllers/local_setup.sh
[1155.127s] -- Installing: /home/luka/ws_moveit/install/moveit_setup_controllers/share/moveit_setup_controllers/local_setup.zsh
[1155.128s] -- Installing: /home/luka/ws_moveit/install/moveit_setup_controllers/share/moveit_setup_controllers/local_setup.dsv
[1155.134s] -- Installing: /home/luka/ws_moveit/install/moveit_setup_controllers/share/moveit_setup_controllers/package.dsv
[1155.136s] -- Installing: /home/luka/ws_moveit/install/moveit_setup_controllers/share/ament_index/resource_index/packages/moveit_setup_controllers
[1155.139s] -- Installing: /home/luka/ws_moveit/install/moveit_setup_controllers/share/ament_index/resource_index/moveit_setup_framework__pluginlib__plugin/moveit_setup_controllers
[1155.141s] -- Installing: /home/luka/ws_moveit/install/moveit_setup_controllers/share/moveit_setup_controllers/cmake/moveit_setup_controllersTargetsExport.cmake
[1155.142s] -- Installing: /home/luka/ws_moveit/install/moveit_setup_controllers/share/moveit_setup_controllers/cmake/moveit_setup_controllersTargetsExport-release.cmake
[1155.144s] -- Installing: /home/luka/ws_moveit/install/moveit_setup_controllers/share/moveit_setup_controllers/cmake/ament_cmake_export_targets-extras.cmake
[1155.147s] -- Installing: /home/luka/ws_moveit/install/moveit_setup_controllers/share/moveit_setup_controllers/cmake/moveit_setup_controllersConfig.cmake
[1155.149s] -- Installing: /home/luka/ws_moveit/install/moveit_setup_controllers/share/moveit_setup_controllers/cmake/moveit_setup_controllersConfig-version.cmake
[1155.151s] -- Installing: /home/luka/ws_moveit/install/moveit_setup_controllers/share/moveit_setup_controllers/package.xml
[1155.164s] Invoked command in '/home/luka/ws_moveit/build/moveit_setup_controllers' returned '0': AMENT_PREFIX_PATH=/home/luka/ws_moveit/install/moveit_setup_framework:/home/luka/ws_moveit/install/moveit_ros_visualization:/home/luka/ws_moveit/install/moveit_ros_planning_interface:/home/luka/ws_moveit/install/moveit_ros_move_group:/home/luka/ws_moveit/install/moveit_ros_warehouse:/home/luka/ws_moveit/install/moveit_ros_robot_interaction:/home/luka/ws_moveit/install/moveit_kinematics:/home/luka/ws_moveit/install/moveit_ros_planning:/home/luka/ws_moveit/install/moveit_simple_controller_manager:/home/luka/ws_moveit/install/moveit_ros_occupancy_map_monitor:/home/luka/ws_moveit/install/moveit_core:/home/luka/ws_moveit/install/moveit_resources_panda_moveit_config:/home/luka/ws_moveit/install/moveit_resources_fanuc_moveit_config:/home/luka/ws_moveit/install/moveit_resources_pr2_description:/home/luka/ws_moveit/install/moveit_resources_panda_description:/home/luka/ws_moveit/install/moveit_resources_fanuc_description:/home/luka/ws_moveit/install/moveit_msgs:/home/luka/ws_moveit/install/moveit_configs_utils:/home/luka/ws_moveit/install/moveit_common:${AMENT_PREFIX_PATH} CMAKE_PREFIX_PATH=/home/luka/ws_moveit/install/moveit_setup_framework:/home/luka/ws_moveit/install/moveit_ros_visualization:/home/luka/ws_moveit/install/moveit_ros_planning_interface:/home/luka/ws_moveit/install/moveit_ros_move_group:/home/luka/ws_moveit/install/moveit_ros_warehouse:/home/luka/ws_moveit/install/moveit_ros_robot_interaction:/home/luka/ws_moveit/install/moveit_kinematics:/home/luka/ws_moveit/install/moveit_ros_planning:/home/luka/ws_moveit/install/moveit_simple_controller_manager:/home/luka/ws_moveit/install/moveit_ros_occupancy_map_monitor:/home/luka/ws_moveit/install/moveit_core:/home/luka/ws_moveit/install/moveit_resources_panda_moveit_config:/home/luka/ws_moveit/install/moveit_resources_fanuc_moveit_config:/home/luka/ws_moveit/install/moveit_resources_pr2_description:/home/luka/ws_moveit/install/moveit_resources_panda_description:/home/luka/ws_moveit/install/moveit_resources_fanuc_description:/home/luka/ws_moveit/install/moveit_msgs:/home/luka/ws_moveit/install/moveit_common:/opt/ros/jazzy/opt/gz_sim_vendor:/opt/ros/jazzy/opt/gz_sensors_vendor:/opt/ros/jazzy/opt/gz_physics_vendor:/opt/ros/jazzy/opt/sdformat_vendor:/opt/ros/jazzy/opt/gz_gui_vendor:/opt/ros/jazzy/opt/gz_transport_vendor:/opt/ros/jazzy/opt/gz_rendering_vendor:/opt/ros/jazzy/opt/gz_plugin_vendor:/opt/ros/jazzy/opt/gz_fuel_tools_vendor:/opt/ros/jazzy/opt/gz_msgs_vendor:/opt/ros/jazzy/opt/gz_common_vendor:/opt/ros/jazzy/opt/gz_math_vendor:/opt/ros/jazzy/opt/gz_utils_vendor:/opt/ros/jazzy/opt/gz_tools_vendor:/opt/ros/jazzy/opt/gz_ogre_next_vendor:/opt/ros/jazzy/opt/gz_dartsim_vendor:/opt/ros/jazzy/opt/gz_cmake_vendor:/opt/ros/jazzy DEBUGINFOD_URLS=https://debuginfod.ubuntu.com LD_LIBRARY_PATH=/home/luka/ws_moveit/install/moveit_setup_framework/lib:/home/luka/ws_moveit/install/moveit_ros_visualization/lib:/home/luka/ws_moveit/install/moveit_ros_planning_interface/lib:/home/luka/ws_moveit/install/moveit_ros_move_group/lib:/home/luka/ws_moveit/install/moveit_ros_warehouse/lib:/home/luka/ws_moveit/install/moveit_ros_robot_interaction/lib:/home/luka/ws_moveit/install/moveit_kinematics/lib:/home/luka/ws_moveit/install/moveit_ros_planning/lib:/home/luka/ws_moveit/install/moveit_simple_controller_manager/lib:/home/luka/ws_moveit/install/moveit_ros_occupancy_map_monitor/lib:/home/luka/ws_moveit/install/moveit_core/lib:/home/luka/ws_moveit/install/moveit_msgs/lib:${LD_LIBRARY_PATH} PATH=/home/luka/ws_moveit/install/moveit_core/bin:${PATH} PYTHONPATH=/home/luka/ws_moveit/install/moveit_msgs/lib/python3.12/site-packages:/home/luka/ws_moveit/install/moveit_configs_utils/lib/python3.12/site-packages:${PYTHONPATH} /usr/bin/cmake --install /home/luka/ws_moveit/build/moveit_setup_controllers
