[0.015s] Invoking command in '/home/luka/ws_moveit/build/moveit_core': AMENT_PREFIX_PATH=/home/luka/ws_moveit/install/moveit_resources_panda_moveit_config:/home/luka/ws_moveit/install/moveit_resources_pr2_description:/home/luka/ws_moveit/install/moveit_resources_panda_description:/home/luka/ws_moveit/install/moveit_msgs:/home/luka/ws_moveit/install/moveit_common:${AMENT_PREFIX_PATH} CMAKE_PREFIX_PATH=/home/luka/ws_moveit/install/moveit_resources_panda_moveit_config:/home/luka/ws_moveit/install/moveit_resources_pr2_description:/home/luka/ws_moveit/install/moveit_resources_panda_description:/home/luka/ws_moveit/install/moveit_msgs:/home/luka/ws_moveit/install/moveit_common:/opt/ros/jazzy/opt/gz_sim_vendor:/opt/ros/jazzy/opt/gz_sensors_vendor:/opt/ros/jazzy/opt/gz_physics_vendor:/opt/ros/jazzy/opt/sdformat_vendor:/opt/ros/jazzy/opt/gz_gui_vendor:/opt/ros/jazzy/opt/gz_transport_vendor:/opt/ros/jazzy/opt/gz_rendering_vendor:/opt/ros/jazzy/opt/gz_plugin_vendor:/opt/ros/jazzy/opt/gz_fuel_tools_vendor:/opt/ros/jazzy/opt/gz_msgs_vendor:/opt/ros/jazzy/opt/gz_common_vendor:/opt/ros/jazzy/opt/gz_math_vendor:/opt/ros/jazzy/opt/gz_utils_vendor:/opt/ros/jazzy/opt/gz_tools_vendor:/opt/ros/jazzy/opt/gz_ogre_next_vendor:/opt/ros/jazzy/opt/gz_dartsim_vendor:/opt/ros/jazzy/opt/gz_cmake_vendor:/opt/ros/jazzy DEBUGINFOD_URLS=https://debuginfod.ubuntu.com LD_LIBRARY_PATH=/home/luka/ws_moveit/install/moveit_msgs/lib:${LD_LIBRARY_PATH} PYTHONPATH=/home/luka/ws_moveit/install/moveit_msgs/lib/python3.12/site-packages:${PYTHONPATH} /usr/bin/cmake --build /home/luka/ws_moveit/build/moveit_core -- -j4 -l4
[0.113s] [  1%] Built target gtest_main
[0.117s] [  2%] Built target gtest
[0.130s] [  3%] [32m[1mLinking CXX shared library libmoveit_utils.so[0m
[0.156s] [  4%] Built target gmock
[0.157s] [  6%] Built target gmock_main
[0.195s] [  7%] Built target moveit_acceleration_filter_parameters
[0.202s] [  9%] Built target moveit_smoothing_base
[0.233s] [ 10%] Built target moveit_ruckig_filter_parameters
[0.234s] [ 11%] Built target moveit_butterworth_filter_parameters
[0.262s] [ 12%] [34m[1mGenerate version header[0m
[0.310s] [ 13%] [34m[1mGenerating version.hpp[0m
[0.323s] [ 13%] Built target version_hpp
[0.356s] [ 14%] Built target moveit_version
[0.385s] [ 16%] Built target moveit_utils
[0.420s] [ 17%] [32m[1mLinking CXX shared library libmoveit_exceptions.so[0m
[0.448s] [ 18%] [32m[1mLinking CXX shared library libmoveit_transforms.so[0m
[0.627s] [ 19%] Built target moveit_exceptions
[0.667s] [ 20%] [32m[1mLinking CXX executable logger_dut[0m
[0.669s] [ 20%] Built target moveit_transforms
[0.744s] [ 20%] [32m[1mLinking CXX shared library libmoveit_robot_model.so[0m
[0.747s] [ 20%] [32m[1mLinking CXX shared library libmoveit_distance_field.so[0m
[1.022s] [ 20%] Built target logger_dut
[1.080s] [ 20%] [32m[1mLinking CXX executable test_transforms[0m
[1.080s] [ 22%] Built target moveit_distance_field
[1.091s] [ 28%] Built target moveit_robot_model
[1.127s] [ 28%] [32m[1mLinking CXX executable test_voxel_grid[0m
[1.153s] [ 29%] [32m[1mLinking CXX executable test_distance_field[0m
[1.426s] [ 30%] Built target test_transforms
[1.472s] [ 30%] [32m[1mLinking CXX shared library libmoveit_kinematics_base.so[0m
[1.584s] [ 30%] Built target test_distance_field
[1.647s] [ 30%] [32m[1mLinking CXX shared library libmoveit_butterworth_filter.so[0m
[1.655s] [ 31%] Built target moveit_kinematics_base
[1.722s] [ 31%] [32m[1mLinking CXX shared library libmoveit_robot_state.so[0m
[1.994s] [ 32%] Built target moveit_butterworth_filter
[2.069s] [ 33%] [32m[1mLinking CXX executable test_butterworth_filter[0m
[2.080s] [ 34%] [32m[1mLinking CXX shared library libmoveit_test_utils.so[0m
[2.116s] [ 37%] Built target moveit_robot_state
[2.195s] [ 38%] Built target test_voxel_grid
[2.283s] [ 39%] [32m[1mLinking CXX shared library libmoveit_collision_detection.so[0m
[2.308s] [ 39%] [32m[1mLinking CXX shared library libmoveit_robot_trajectory.so[0m
[2.504s] [ 39%] Built target test_butterworth_filter
[2.599s] [ 39%] [32m[1mLinking CXX shared library libmoveit_dynamics_solver.so[0m
[2.617s] [ 39%] Built target moveit_test_utils
[2.697s] [ 39%] [32m[1mLinking CXX shared library libmoveit_kinematics_metrics.so[0m
[2.839s] [ 40%] Built target moveit_robot_trajectory
[2.866s] [ 45%] Built target moveit_collision_detection
[2.918s] [ 46%] [32m[1mLinking CXX shared library libmoveit_acceleration_filter.so[0m
[2.949s] [ 46%] [32m[1mLinking CXX shared library libmoveit_ruckig_filter.so[0m
[3.018s] [ 47%] Built target moveit_dynamics_solver
[3.081s] [ 48%] Built target moveit_kinematics_metrics
[3.103s] [ 48%] [32m[1mLinking CXX executable test_robot_model[0m
[3.165s] [ 49%] [32m[1mLinking CXX executable test_robot_state[0m
[3.391s] [ 49%] Built target moveit_acceleration_filter
[3.472s] [ 50%] [32m[1mLinking CXX executable test_robot_state_complex[0m
[3.484s] [ 51%] Built target moveit_ruckig_filter
[3.565s] [ 51%] [32m[1mLinking CXX executable test_aabb[0m
[3.739s] [ 52%] Built target test_robot_model
[3.812s] [ 53%] [32m[1mLinking CXX executable test_cartesian_interpolator[0m
[3.870s] [ 54%] Built target test_robot_state
[3.961s] [ 55%] [32m[1mLinking CXX executable robot_state_benchmark[0m
[4.328s] [ 55%] Built target test_robot_state_complex
[4.351s] [ 56%] Built target test_aabb
[4.398s] [ 57%] [32m[1mLinking CXX executable test_robot_trajectory[0m
[4.473s] [ 57%] [32m[1mLinking CXX shared library libmoveit_collision_detection_bullet.so[0m
[4.623s] [ 57%] Built target test_cartesian_interpolator
[4.653s] [ 57%] Built target robot_state_benchmark
[4.714s] [ 58%] [32m[1mLinking CXX shared library libmoveit_collision_detection_fcl.so[0m
[4.746s] [ 59%] [32m[1mLinking CXX shared library libmoveit_trajectory_processing.so[0m
[5.116s] [ 63%] Built target moveit_collision_detection_bullet
[5.154s] [ 63%] Built target test_robot_trajectory
[5.176s] [ 63%] [32m[1mLinking CXX executable test_world[0m
[5.214s] [ 63%] [32m[1mLinking CXX executable test_world_diff[0m
[5.221s] [ 64%] Built target moveit_collision_detection_fcl
[5.242s] [ 65%] Built target moveit_trajectory_processing
[5.298s] [ 65%] [32m[1mLinking CXX executable test_all_valid[0m
[5.312s] [ 65%] [32m[1mLinking CXX executable test_acceleration_filter[0m
[5.778s] [ 66%] Built target test_world
[5.866s] [ 67%] [32m[1mLinking CXX executable test_time_optimal_trajectory_generation[0m
[5.880s] [ 68%] Built target test_world_diff
[5.952s] [ 69%] [32m[1mLinking CXX executable test_ruckig_traj_smoothing[0m
[5.992s] [ 70%] Built target test_all_valid
[6.080s] [ 70%] [32m[1mLinking CXX executable robot_trajectory_benchmark[0m
[6.133s] [ 71%] Built target test_acceleration_filter
[6.247s] [ 71%] [32m[1mLinking CXX shared library libmoveit_kinematic_constraints.so[0m
[6.539s] [ 71%] Built target test_time_optimal_trajectory_generation
[6.623s] [ 72%] [32m[1mLinking CXX executable test_bullet_collision_detection[0m
[6.653s] [ 72%] Built target test_ruckig_traj_smoothing
[6.757s] [ 73%] Built target robot_trajectory_benchmark
[6.762s] [ 74%] [32m[1mLinking CXX executable test_bullet_collision_detection_panda[0m
[6.822s] [ 75%] Built target moveit_kinematic_constraints
[6.854s] [ 76%] [32m[1mLinking CXX executable test_bullet_continuous_collision_checking[0m
[6.927s] [ 77%] [32m[1mLinking CXX executable test_fcl_collision_env[0m
[7.667s] [ 77%] Built target test_bullet_collision_detection_panda
[7.677s] [ 78%] Built target test_bullet_collision_detection
[7.681s] [ 78%] Built target test_bullet_continuous_collision_checking
[7.744s] [ 79%] [32m[1mLinking CXX executable test_fcl_collision_detection[0m
[7.745s] [ 80%] [32m[1mLinking CXX executable test_constraints[0m
[7.779s] [ 81%] [32m[1mLinking CXX executable test_fcl_collision_detection_panda[0m
[7.889s] [ 81%] Built target test_fcl_collision_env
[8.023s] [ 81%] [32m[1mLinking CXX executable test_orientation_constraints[0m
[8.561s] [ 82%] Built target test_constraints
[8.584s] [ 82%] Built target test_fcl_collision_detection_panda
[8.640s] [ 82%] [32m[1mLinking CXX shared library libmoveit_planning_scene.so[0m
[8.777s] [ 82%] Built target test_fcl_collision_detection
[8.787s] [ 83%] Built target test_orientation_constraints
[8.972s] [ 84%] Built target moveit_planning_scene
[9.017s] [ 85%] [32m[1mLinking CXX shared library libcollision_detector_bullet_plugin.so[0m
[9.022s] [ 86%] [32m[1mLinking CXX shared library libcollision_detector_fcl_plugin.so[0m
[9.267s] [ 86%] Built target collision_detector_fcl_plugin
[9.282s] [ 86%] Built target collision_detector_bullet_plugin
[9.340s] [ 86%] [32m[1mLinking CXX shared library libmoveit_planning_interface.so[0m
[9.344s] [ 86%] [32m[1mLinking CXX shared library libmoveit_constraint_samplers.so[0m
[9.560s] [ 88%] Built target moveit_planning_interface
[9.614s] [ 88%] [32m[1mLinking CXX executable test_planning_scene[0m
[9.650s] [ 91%] Built target moveit_constraint_samplers
[9.698s] [ 91%] [32m[1mLinking CXX executable test_collision_objects[0m
[10.099s] [ 92%] Built target test_planning_scene
[10.141s] [ 93%] Built target test_collision_objects
[10.152s] [ 93%] [32m[1mLinking CXX executable test_multi_threaded[0m
[10.199s] [ 93%] [32m[1mLinking CXX executable test_constraint_samplers[0m
[10.646s] [ 94%] Built target test_multi_threaded
[10.712s] [ 95%] [32m[1mLinking CXX shared library libmoveit_collision_distance_field.so[0m
[10.780s] [ 97%] Built target test_constraint_samplers
[11.012s] [ 99%] Built target moveit_collision_distance_field
[11.062s] [ 99%] [32m[1mLinking CXX executable test_collision_distance_field[0m
[11.452s] [100%] Built target test_collision_distance_field
[11.467s] Invoked command in '/home/luka/ws_moveit/build/moveit_core' returned '0': AMENT_PREFIX_PATH=/home/luka/ws_moveit/install/moveit_resources_panda_moveit_config:/home/luka/ws_moveit/install/moveit_resources_pr2_description:/home/luka/ws_moveit/install/moveit_resources_panda_description:/home/luka/ws_moveit/install/moveit_msgs:/home/luka/ws_moveit/install/moveit_common:${AMENT_PREFIX_PATH} CMAKE_PREFIX_PATH=/home/luka/ws_moveit/install/moveit_resources_panda_moveit_config:/home/luka/ws_moveit/install/moveit_resources_pr2_description:/home/luka/ws_moveit/install/moveit_resources_panda_description:/home/luka/ws_moveit/install/moveit_msgs:/home/luka/ws_moveit/install/moveit_common:/opt/ros/jazzy/opt/gz_sim_vendor:/opt/ros/jazzy/opt/gz_sensors_vendor:/opt/ros/jazzy/opt/gz_physics_vendor:/opt/ros/jazzy/opt/sdformat_vendor:/opt/ros/jazzy/opt/gz_gui_vendor:/opt/ros/jazzy/opt/gz_transport_vendor:/opt/ros/jazzy/opt/gz_rendering_vendor:/opt/ros/jazzy/opt/gz_plugin_vendor:/opt/ros/jazzy/opt/gz_fuel_tools_vendor:/opt/ros/jazzy/opt/gz_msgs_vendor:/opt/ros/jazzy/opt/gz_common_vendor:/opt/ros/jazzy/opt/gz_math_vendor:/opt/ros/jazzy/opt/gz_utils_vendor:/opt/ros/jazzy/opt/gz_tools_vendor:/opt/ros/jazzy/opt/gz_ogre_next_vendor:/opt/ros/jazzy/opt/gz_dartsim_vendor:/opt/ros/jazzy/opt/gz_cmake_vendor:/opt/ros/jazzy DEBUGINFOD_URLS=https://debuginfod.ubuntu.com LD_LIBRARY_PATH=/home/luka/ws_moveit/install/moveit_msgs/lib:${LD_LIBRARY_PATH} PYTHONPATH=/home/luka/ws_moveit/install/moveit_msgs/lib/python3.12/site-packages:${PYTHONPATH} /usr/bin/cmake --build /home/luka/ws_moveit/build/moveit_core -- -j4 -l4
[11.471s] Invoking command in '/home/luka/ws_moveit/build/moveit_core': AMENT_PREFIX_PATH=/home/luka/ws_moveit/install/moveit_resources_panda_moveit_config:/home/luka/ws_moveit/install/moveit_resources_pr2_description:/home/luka/ws_moveit/install/moveit_resources_panda_description:/home/luka/ws_moveit/install/moveit_msgs:/home/luka/ws_moveit/install/moveit_common:${AMENT_PREFIX_PATH} CMAKE_PREFIX_PATH=/home/luka/ws_moveit/install/moveit_resources_panda_moveit_config:/home/luka/ws_moveit/install/moveit_resources_pr2_description:/home/luka/ws_moveit/install/moveit_resources_panda_description:/home/luka/ws_moveit/install/moveit_msgs:/home/luka/ws_moveit/install/moveit_common:/opt/ros/jazzy/opt/gz_sim_vendor:/opt/ros/jazzy/opt/gz_sensors_vendor:/opt/ros/jazzy/opt/gz_physics_vendor:/opt/ros/jazzy/opt/sdformat_vendor:/opt/ros/jazzy/opt/gz_gui_vendor:/opt/ros/jazzy/opt/gz_transport_vendor:/opt/ros/jazzy/opt/gz_rendering_vendor:/opt/ros/jazzy/opt/gz_plugin_vendor:/opt/ros/jazzy/opt/gz_fuel_tools_vendor:/opt/ros/jazzy/opt/gz_msgs_vendor:/opt/ros/jazzy/opt/gz_common_vendor:/opt/ros/jazzy/opt/gz_math_vendor:/opt/ros/jazzy/opt/gz_utils_vendor:/opt/ros/jazzy/opt/gz_tools_vendor:/opt/ros/jazzy/opt/gz_ogre_next_vendor:/opt/ros/jazzy/opt/gz_dartsim_vendor:/opt/ros/jazzy/opt/gz_cmake_vendor:/opt/ros/jazzy DEBUGINFOD_URLS=https://debuginfod.ubuntu.com LD_LIBRARY_PATH=/home/luka/ws_moveit/install/moveit_msgs/lib:${LD_LIBRARY_PATH} PYTHONPATH=/home/luka/ws_moveit/install/moveit_msgs/lib/python3.12/site-packages:${PYTHONPATH} /usr/bin/cmake --install /home/luka/ws_moveit/build/moveit_core
[11.482s] -- Install configuration: "Release"
[11.482s] -- Up-to-date: /home/luka/ws_moveit/install/moveit_core/include/moveit_core
[11.483s] -- Up-to-date: /home/luka/ws_moveit/install/moveit_core/include/moveit_core/moveit
[11.483s] -- Up-to-date: /home/luka/ws_moveit/install/moveit_core/include/moveit_core/moveit/collision_detection_bullet
[11.483s] -- Up-to-date: /home/luka/ws_moveit/install/moveit_core/include/moveit_core/moveit/collision_detection_bullet/collision_env_bullet.hpp
[11.483s] -- Up-to-date: /home/luka/ws_moveit/install/moveit_core/include/moveit_core/moveit/collision_detection_bullet/collision_detector_bullet_plugin_loader.hpp
[11.483s] -- Up-to-date: /home/luka/ws_moveit/install/moveit_core/include/moveit_core/moveit/collision_detection_bullet/collision_env_bullet.h
[11.484s] -- Up-to-date: /home/luka/ws_moveit/install/moveit_core/include/moveit_core/moveit/collision_detection_bullet/bullet_integration
[11.484s] -- Up-to-date: /home/luka/ws_moveit/install/moveit_core/include/moveit_core/moveit/collision_detection_bullet/bullet_integration/bullet_utils.h
[11.484s] -- Up-to-date: /home/luka/ws_moveit/install/moveit_core/include/moveit_core/moveit/collision_detection_bullet/bullet_integration/contact_checker_common.h
[11.484s] -- Up-to-date: /home/luka/ws_moveit/install/moveit_core/include/moveit_core/moveit/collision_detection_bullet/bullet_integration/bullet_bvh_manager.h
[11.484s] -- Up-to-date: /home/luka/ws_moveit/install/moveit_core/include/moveit_core/moveit/collision_detection_bullet/bullet_integration/bullet_cast_bvh_manager.h
[11.484s] -- Up-to-date: /home/luka/ws_moveit/install/moveit_core/include/moveit_core/moveit/collision_detection_bullet/bullet_integration/bullet_utils.hpp
[11.485s] -- Up-to-date: /home/luka/ws_moveit/install/moveit_core/include/moveit_core/moveit/collision_detection_bullet/bullet_integration/bullet_discrete_bvh_manager.hpp
[11.485s] -- Up-to-date: /home/luka/ws_moveit/install/moveit_core/include/moveit_core/moveit/collision_detection_bullet/bullet_integration/basic_types.h
[11.485s] -- Up-to-date: /home/luka/ws_moveit/install/moveit_core/include/moveit_core/moveit/collision_detection_bullet/bullet_integration/ros_bullet_utils.h
[11.485s] -- Up-to-date: /home/luka/ws_moveit/install/moveit_core/include/moveit_core/moveit/collision_detection_bullet/bullet_integration/bullet_bvh_manager.hpp
[11.485s] -- Up-to-date: /home/luka/ws_moveit/install/moveit_core/include/moveit_core/moveit/collision_detection_bullet/bullet_integration/basic_types.hpp
[11.485s] -- Up-to-date: /home/luka/ws_moveit/install/moveit_core/include/moveit_core/moveit/collision_detection_bullet/bullet_integration/bullet_cast_bvh_manager.hpp
[11.485s] -- Up-to-date: /home/luka/ws_moveit/install/moveit_core/include/moveit_core/moveit/collision_detection_bullet/bullet_integration/bullet_discrete_bvh_manager.h
[11.486s] -- Up-to-date: /home/luka/ws_moveit/install/moveit_core/include/moveit_core/moveit/collision_detection_bullet/bullet_integration/contact_checker_common.hpp
[11.486s] -- Up-to-date: /home/luka/ws_moveit/install/moveit_core/include/moveit_core/moveit/collision_detection_bullet/bullet_integration/ros_bullet_utils.hpp
[11.486s] -- Up-to-date: /home/luka/ws_moveit/install/moveit_core/include/moveit_core/moveit/collision_detection_bullet/collision_detector_allocator_bullet.hpp
[11.486s] -- Up-to-date: /home/luka/ws_moveit/install/moveit_core/include/moveit_core/moveit/collision_detection_bullet/collision_detector_allocator_bullet.h
[11.486s] -- Up-to-date: /home/luka/ws_moveit/install/moveit_core/include/moveit_core/moveit/collision_detection_bullet/collision_detector_bullet_plugin_loader.h
[11.486s] -- Up-to-date: /home/luka/ws_moveit/install/moveit_core/include/moveit_core/moveit_collision_detection_bullet_export.h
[11.487s] -- Up-to-date: /home/luka/ws_moveit/install/moveit_core/include/moveit_core
[11.487s] -- Up-to-date: /home/luka/ws_moveit/install/moveit_core/include/moveit_core/moveit
[11.487s] -- Up-to-date: /home/luka/ws_moveit/install/moveit_core/include/moveit_core/moveit/collision_detection_fcl
[11.487s] -- Up-to-date: /home/luka/ws_moveit/install/moveit_core/include/moveit_core/moveit/collision_detection_fcl/collision_env_fcl.h
[11.487s] -- Up-to-date: /home/luka/ws_moveit/install/moveit_core/include/moveit_core/moveit/collision_detection_fcl/collision_detector_allocator_fcl.h
[11.487s] -- Up-to-date: /home/luka/ws_moveit/install/moveit_core/include/moveit_core/moveit/collision_detection_fcl/fcl_compat.h
[11.487s] -- Up-to-date: /home/luka/ws_moveit/install/moveit_core/include/moveit_core/moveit/collision_detection_fcl/collision_detector_fcl_plugin_loader.h
[11.487s] -- Up-to-date: /home/luka/ws_moveit/install/moveit_core/include/moveit_core/moveit/collision_detection_fcl/collision_common.hpp
[11.488s] -- Up-to-date: /home/luka/ws_moveit/install/moveit_core/include/moveit_core/moveit/collision_detection_fcl/collision_detector_fcl_plugin_loader.hpp
[11.488s] -- Up-to-date: /home/luka/ws_moveit/install/moveit_core/include/moveit_core/moveit/collision_detection_fcl/fcl_compat.hpp
[11.488s] -- Up-to-date: /home/luka/ws_moveit/install/moveit_core/include/moveit_core/moveit/collision_detection_fcl/collision_env_fcl.hpp
[11.488s] -- Up-to-date: /home/luka/ws_moveit/install/moveit_core/include/moveit_core/moveit/collision_detection_fcl/collision_common.h
[11.488s] -- Up-to-date: /home/luka/ws_moveit/install/moveit_core/include/moveit_core/moveit/collision_detection_fcl/collision_detector_allocator_fcl.hpp
[11.488s] -- Up-to-date: /home/luka/ws_moveit/install/moveit_core/include/moveit_core/moveit_collision_detection_fcl_export.h
[11.488s] -- Up-to-date: /home/luka/ws_moveit/install/moveit_core/include/moveit_core
[11.489s] -- Up-to-date: /home/luka/ws_moveit/install/moveit_core/include/moveit_core/moveit
[11.489s] -- Up-to-date: /home/luka/ws_moveit/install/moveit_core/include/moveit_core/moveit/collision_detection
[11.489s] -- Up-to-date: /home/luka/ws_moveit/install/moveit_core/include/moveit_core/moveit/collision_detection/collision_detector_allocator.hpp
[11.489s] -- Up-to-date: /home/luka/ws_moveit/install/moveit_core/include/moveit_core/moveit/collision_detection/collision_tools.hpp
[11.489s] -- Up-to-date: /home/luka/ws_moveit/install/moveit_core/include/moveit_core/moveit/collision_detection/test_collision_common_panda.h
[11.489s] -- Up-to-date: /home/luka/ws_moveit/install/moveit_core/include/moveit_core/moveit/collision_detection/collision_matrix.h
[11.489s] -- Up-to-date: /home/luka/ws_moveit/install/moveit_core/include/moveit_core/moveit/collision_detection/allvalid
[11.490s] -- Up-to-date: /home/luka/ws_moveit/install/moveit_core/include/moveit_core/moveit/collision_detection/allvalid/collision_env_allvalid.hpp
[11.490s] -- Up-to-date: /home/luka/ws_moveit/install/moveit_core/include/moveit_core/moveit/collision_detection/allvalid/collision_detector_allocator_allvalid.hpp
[11.490s] -- Up-to-date: /home/luka/ws_moveit/install/moveit_core/include/moveit_core/moveit/collision_detection/allvalid/collision_detector_allocator_allvalid.h
[11.490s] -- Up-to-date: /home/luka/ws_moveit/install/moveit_core/include/moveit_core/moveit/collision_detection/allvalid/collision_env_allvalid.h
[11.490s] -- Up-to-date: /home/luka/ws_moveit/install/moveit_core/include/moveit_core/moveit/collision_detection/test_collision_common_pr2.h
[11.490s] -- Up-to-date: /home/luka/ws_moveit/install/moveit_core/include/moveit_core/moveit/collision_detection/collision_matrix.hpp
[11.491s] -- Up-to-date: /home/luka/ws_moveit/install/moveit_core/include/moveit_core/moveit/collision_detection/collision_tools.h
[11.491s] -- Up-to-date: /home/luka/ws_moveit/install/moveit_core/include/moveit_core/moveit/collision_detection/collision_common.hpp
[11.491s] -- Up-to-date: /home/luka/ws_moveit/install/moveit_core/include/moveit_core/moveit/collision_detection/world_diff.h
[11.491s] -- Up-to-date: /home/luka/ws_moveit/install/moveit_core/include/moveit_core/moveit/collision_detection/world.h
[11.491s] -- Up-to-date: /home/luka/ws_moveit/install/moveit_core/include/moveit_core/moveit/collision_detection/occupancy_map.hpp
[11.492s] -- Up-to-date: /home/luka/ws_moveit/install/moveit_core/include/moveit_core/moveit/collision_detection/collision_plugin_cache.hpp
[11.492s] -- Up-to-date: /home/luka/ws_moveit/install/moveit_core/include/moveit_core/moveit/collision_detection/collision_detector_allocator.h
[11.492s] -- Up-to-date: /home/luka/ws_moveit/install/moveit_core/include/moveit_core/moveit/collision_detection/collision_plugin.h
[11.492s] -- Up-to-date: /home/luka/ws_moveit/install/moveit_core/include/moveit_core/moveit/collision_detection/collision_plugin.hpp
[11.492s] -- Up-to-date: /home/luka/ws_moveit/install/moveit_core/include/moveit_core/moveit/collision_detection/collision_octomap_filter.hpp
[11.492s] -- Up-to-date: /home/luka/ws_moveit/install/moveit_core/include/moveit_core/moveit/collision_detection/collision_env.hpp
[11.492s] -- Up-to-date: /home/luka/ws_moveit/install/moveit_core/include/moveit_core/moveit/collision_detection/test_collision_common_panda.hpp
[11.493s] -- Up-to-date: /home/luka/ws_moveit/install/moveit_core/include/moveit_core/moveit/collision_detection/collision_env.h
[11.493s] -- Up-to-date: /home/luka/ws_moveit/install/moveit_core/include/moveit_core/moveit/collision_detection/world_diff.hpp
[11.493s] -- Up-to-date: /home/luka/ws_moveit/install/moveit_core/include/moveit_core/moveit/collision_detection/test_collision_common_pr2.hpp
[11.493s] -- Up-to-date: /home/luka/ws_moveit/install/moveit_core/include/moveit_core/moveit/collision_detection/collision_octomap_filter.h
[11.493s] -- Up-to-date: /home/luka/ws_moveit/install/moveit_core/include/moveit_core/moveit/collision_detection/collision_plugin_cache.h
[11.494s] -- Up-to-date: /home/luka/ws_moveit/install/moveit_core/include/moveit_core/moveit/collision_detection/collision_common.h
[11.494s] -- Up-to-date: /home/luka/ws_moveit/install/moveit_core/include/moveit_core/moveit/collision_detection/world.hpp
[11.494s] -- Up-to-date: /home/luka/ws_moveit/install/moveit_core/include/moveit_core/moveit/collision_detection/occupancy_map.h
[11.494s] -- Up-to-date: /home/luka/ws_moveit/install/moveit_core/include/moveit_core/moveit_collision_detection_export.h
[11.494s] -- Up-to-date: /home/luka/ws_moveit/install/moveit_core/include/moveit_core
[11.495s] -- Up-to-date: /home/luka/ws_moveit/install/moveit_core/include/moveit_core/moveit
[11.495s] -- Up-to-date: /home/luka/ws_moveit/install/moveit_core/include/moveit_core/moveit/collision_distance_field
[11.495s] -- Up-to-date: /home/luka/ws_moveit/install/moveit_core/include/moveit_core/moveit/collision_distance_field/collision_detector_allocator_distance_field.h
[11.495s] -- Up-to-date: /home/luka/ws_moveit/install/moveit_core/include/moveit_core/moveit/collision_distance_field/collision_distance_field_types.hpp
[11.495s] -- Up-to-date: /home/luka/ws_moveit/install/moveit_core/include/moveit_core/moveit/collision_distance_field/collision_detector_allocator_distance_field.hpp
[11.496s] -- Up-to-date: /home/luka/ws_moveit/install/moveit_core/include/moveit_core/moveit/collision_distance_field/collision_detector_allocator_hybrid.h
[11.496s] -- Up-to-date: /home/luka/ws_moveit/install/moveit_core/include/moveit_core/moveit/collision_distance_field/collision_common_distance_field.h
[11.496s] -- Up-to-date: /home/luka/ws_moveit/install/moveit_core/include/moveit_core/moveit/collision_distance_field/collision_env_distance_field.h
[11.496s] -- Up-to-date: /home/luka/ws_moveit/install/moveit_core/include/moveit_core/moveit/collision_distance_field/collision_common_distance_field.hpp
[11.496s] -- Up-to-date: /home/luka/ws_moveit/install/moveit_core/include/moveit_core/moveit/collision_distance_field/collision_env_hybrid.h
[11.497s] -- Up-to-date: /home/luka/ws_moveit/install/moveit_core/include/moveit_core/moveit/collision_distance_field/collision_env_hybrid.hpp
[11.497s] -- Up-to-date: /home/luka/ws_moveit/install/moveit_core/include/moveit_core/moveit/collision_distance_field/collision_distance_field_types.h
[11.497s] -- Up-to-date: /home/luka/ws_moveit/install/moveit_core/include/moveit_core/moveit/collision_distance_field/collision_env_distance_field.hpp
[11.497s] -- Up-to-date: /home/luka/ws_moveit/install/moveit_core/include/moveit_core/moveit/collision_distance_field/collision_detector_allocator_hybrid.hpp
[11.497s] -- Up-to-date: /home/luka/ws_moveit/install/moveit_core/include/moveit_core/moveit_collision_distance_field_export.h
[11.498s] -- Up-to-date: /home/luka/ws_moveit/install/moveit_core/include/moveit_core
[11.498s] -- Up-to-date: /home/luka/ws_moveit/install/moveit_core/include/moveit_core/moveit
[11.498s] -- Up-to-date: /home/luka/ws_moveit/install/moveit_core/include/moveit_core/moveit/constraint_samplers
[11.498s] -- Up-to-date: /home/luka/ws_moveit/install/moveit_core/include/moveit_core/moveit/constraint_samplers/constraint_sampler_allocator.h
[11.498s] -- Up-to-date: /home/luka/ws_moveit/install/moveit_core/include/moveit_core/moveit/constraint_samplers/constraint_sampler_tools.h
[11.499s] -- Up-to-date: /home/luka/ws_moveit/install/moveit_core/include/moveit_core/moveit/constraint_samplers/union_constraint_sampler.hpp
[11.499s] -- Up-to-date: /home/luka/ws_moveit/install/moveit_core/include/moveit_core/moveit/constraint_samplers/constraint_sampler_manager.h
[11.499s] -- Up-to-date: /home/luka/ws_moveit/install/moveit_core/include/moveit_core/moveit/constraint_samplers/constraint_sampler_manager.hpp
[11.499s] -- Up-to-date: /home/luka/ws_moveit/install/moveit_core/include/moveit_core/moveit/constraint_samplers/union_constraint_sampler.h
[11.499s] -- Up-to-date: /home/luka/ws_moveit/install/moveit_core/include/moveit_core/moveit/constraint_samplers/constraint_sampler_tools.hpp
[11.500s] -- Up-to-date: /home/luka/ws_moveit/install/moveit_core/include/moveit_core/moveit/constraint_samplers/default_constraint_samplers.hpp
[11.500s] -- Up-to-date: /home/luka/ws_moveit/install/moveit_core/include/moveit_core/moveit/constraint_samplers/constraint_sampler.hpp
[11.500s] -- Up-to-date: /home/luka/ws_moveit/install/moveit_core/include/moveit_core/moveit/constraint_samplers/constraint_sampler_allocator.hpp
[11.500s] -- Up-to-date: /home/luka/ws_moveit/install/moveit_core/include/moveit_core/moveit/constraint_samplers/default_constraint_samplers.h
[11.500s] -- Up-to-date: /home/luka/ws_moveit/install/moveit_core/include/moveit_core/moveit/constraint_samplers/constraint_sampler.h
[11.500s] -- Up-to-date: /home/luka/ws_moveit/install/moveit_core/include/moveit_core
[11.501s] -- Up-to-date: /home/luka/ws_moveit/install/moveit_core/include/moveit_core/moveit
[11.501s] -- Up-to-date: /home/luka/ws_moveit/install/moveit_core/include/moveit_core/moveit/controller_manager
[11.501s] -- Up-to-date: /home/luka/ws_moveit/install/moveit_core/include/moveit_core/moveit/controller_manager/controller_manager.hpp
[11.501s] -- Up-to-date: /home/luka/ws_moveit/install/moveit_core/include/moveit_core/moveit/controller_manager/controller_manager.h
[11.501s] -- Up-to-date: /home/luka/ws_moveit/install/moveit_core/include/moveit_core
[11.501s] -- Up-to-date: /home/luka/ws_moveit/install/moveit_core/include/moveit_core/moveit
[11.501s] -- Up-to-date: /home/luka/ws_moveit/install/moveit_core/include/moveit_core/moveit/distance_field
[11.502s] -- Up-to-date: /home/luka/ws_moveit/install/moveit_core/include/moveit_core/moveit/distance_field/voxel_grid.hpp
[11.502s] -- Up-to-date: /home/luka/ws_moveit/install/moveit_core/include/moveit_core/moveit/distance_field/find_internal_points.hpp
[11.502s] -- Up-to-date: /home/luka/ws_moveit/install/moveit_core/include/moveit_core/moveit/distance_field/voxel_grid.h
[11.502s] -- Up-to-date: /home/luka/ws_moveit/install/moveit_core/include/moveit_core/moveit/distance_field/propagation_distance_field.hpp
[11.502s] -- Up-to-date: /home/luka/ws_moveit/install/moveit_core/include/moveit_core/moveit/distance_field/distance_field.h
[11.502s] -- Up-to-date: /home/luka/ws_moveit/install/moveit_core/include/moveit_core/moveit/distance_field/propagation_distance_field.h
[11.503s] -- Up-to-date: /home/luka/ws_moveit/install/moveit_core/include/moveit_core/moveit/distance_field/find_internal_points.h
[11.503s] -- Up-to-date: /home/luka/ws_moveit/install/moveit_core/include/moveit_core/moveit/distance_field/distance_field.hpp
[11.503s] -- Up-to-date: /home/luka/ws_moveit/install/moveit_core/include/moveit_core
[11.503s] -- Up-to-date: /home/luka/ws_moveit/install/moveit_core/include/moveit_core/moveit
[11.503s] -- Up-to-date: /home/luka/ws_moveit/install/moveit_core/include/moveit_core/moveit/dynamics_solver
[11.503s] -- Up-to-date: /home/luka/ws_moveit/install/moveit_core/include/moveit_core/moveit/dynamics_solver/dynamics_solver.hpp
[11.503s] -- Up-to-date: /home/luka/ws_moveit/install/moveit_core/include/moveit_core/moveit/dynamics_solver/dynamics_solver.h
[11.503s] -- Up-to-date: /home/luka/ws_moveit/install/moveit_core/include/moveit_core
[11.504s] -- Up-to-date: /home/luka/ws_moveit/install/moveit_core/include/moveit_core/moveit
[11.504s] -- Up-to-date: /home/luka/ws_moveit/install/moveit_core/include/moveit_core/moveit/exceptions
[11.504s] -- Up-to-date: /home/luka/ws_moveit/install/moveit_core/include/moveit_core/moveit/exceptions/exceptions.h
[11.504s] -- Up-to-date: /home/luka/ws_moveit/install/moveit_core/include/moveit_core/moveit/exceptions/exceptions.hpp
[11.504s] -- Up-to-date: /home/luka/ws_moveit/install/moveit_core/include/moveit_core
[11.504s] -- Up-to-date: /home/luka/ws_moveit/install/moveit_core/include/moveit_core/moveit
[11.504s] -- Up-to-date: /home/luka/ws_moveit/install/moveit_core/include/moveit_core/moveit/kinematic_constraints
[11.505s] -- Up-to-date: /home/luka/ws_moveit/install/moveit_core/include/moveit_core/moveit/kinematic_constraints/utils.h
[11.505s] -- Up-to-date: /home/luka/ws_moveit/install/moveit_core/include/moveit_core/moveit/kinematic_constraints/kinematic_constraint.hpp
[11.505s] -- Up-to-date: /home/luka/ws_moveit/install/moveit_core/include/moveit_core/moveit/kinematic_constraints/utils.hpp
[11.505s] -- Up-to-date: /home/luka/ws_moveit/install/moveit_core/include/moveit_core/moveit/kinematic_constraints/kinematic_constraint.h
[11.505s] -- Up-to-date: /home/luka/ws_moveit/install/moveit_core/include/moveit_core
[11.505s] -- Up-to-date: /home/luka/ws_moveit/install/moveit_core/include/moveit_core/moveit
[11.505s] -- Up-to-date: /home/luka/ws_moveit/install/moveit_core/include/moveit_core/moveit/kinematics_base
[11.506s] -- Up-to-date: /home/luka/ws_moveit/install/moveit_core/include/moveit_core/moveit/kinematics_base/kinematics_base.h
[11.506s] -- Up-to-date: /home/luka/ws_moveit/install/moveit_core/include/moveit_core/moveit/kinematics_base/kinematics_base.hpp
[11.506s] -- Up-to-date: /home/luka/ws_moveit/install/moveit_core/include/moveit_core/moveit_kinematics_base_export.h
[11.506s] -- Up-to-date: /home/luka/ws_moveit/install/moveit_core/include/moveit_core
[11.506s] -- Up-to-date: /home/luka/ws_moveit/install/moveit_core/include/moveit_core/moveit
[11.507s] -- Up-to-date: /home/luka/ws_moveit/install/moveit_core/include/moveit_core/moveit/kinematics_metrics
[11.507s] -- Up-to-date: /home/luka/ws_moveit/install/moveit_core/include/moveit_core/moveit/kinematics_metrics/kinematics_metrics.hpp
[11.507s] -- Up-to-date: /home/luka/ws_moveit/install/moveit_core/include/moveit_core/moveit/kinematics_metrics/kinematics_metrics.h
[11.507s] -- Up-to-date: /home/luka/ws_moveit/install/moveit_core/include/moveit_core
[11.507s] -- Up-to-date: /home/luka/ws_moveit/install/moveit_core/include/moveit_core/moveit
[11.507s] -- Up-to-date: /home/luka/ws_moveit/install/moveit_core/include/moveit_core/moveit/macros
[11.508s] -- Up-to-date: /home/luka/ws_moveit/install/moveit_core/include/moveit_core/moveit/macros/class_forward.hpp
[11.508s] -- Up-to-date: /home/luka/ws_moveit/install/moveit_core/include/moveit_core/moveit/macros/console_colors.hpp
[11.508s] -- Up-to-date: /home/luka/ws_moveit/install/moveit_core/include/moveit_core/moveit/macros/declare_ptr.hpp
[11.508s] -- Up-to-date: /home/luka/ws_moveit/install/moveit_core/include/moveit_core/moveit/macros/class_forward.h
[11.508s] -- Up-to-date: /home/luka/ws_moveit/install/moveit_core/include/moveit_core/moveit/macros/declare_ptr.h
[11.508s] -- Up-to-date: /home/luka/ws_moveit/install/moveit_core/include/moveit_core/moveit/macros/console_colors.h
[11.509s] -- Up-to-date: /home/luka/ws_moveit/install/moveit_core/include/moveit_core
[11.509s] -- Up-to-date: /home/luka/ws_moveit/install/moveit_core/include/moveit_core/moveit_butterworth_filter_parameters.hpp
[11.509s] -- Up-to-date: /home/luka/ws_moveit/install/moveit_core/include/moveit_core/moveit_acceleration_filter_parameters.hpp
[11.509s] -- Up-to-date: /home/luka/ws_moveit/install/moveit_core/include/moveit_core/moveit_ruckig_filter_parameters.hpp
[11.509s] -- Up-to-date: /home/luka/ws_moveit/install/moveit_core/include/moveit_core
[11.509s] -- Up-to-date: /home/luka/ws_moveit/install/moveit_core/include/moveit_core/moveit_butterworth_filter_parameters.hpp
[11.510s] -- Up-to-date: /home/luka/ws_moveit/install/moveit_core/include/moveit_core/moveit_acceleration_filter_parameters.hpp
[11.510s] -- Up-to-date: /home/luka/ws_moveit/install/moveit_core/include/moveit_core/moveit_ruckig_filter_parameters.hpp
[11.510s] -- Up-to-date: /home/luka/ws_moveit/install/moveit_core/include/moveit_core
[11.510s] -- Up-to-date: /home/luka/ws_moveit/install/moveit_core/include/moveit_core/moveit_butterworth_filter_parameters.hpp
[11.510s] -- Up-to-date: /home/luka/ws_moveit/install/moveit_core/include/moveit_core/moveit_acceleration_filter_parameters.hpp
[11.510s] -- Up-to-date: /home/luka/ws_moveit/install/moveit_core/include/moveit_core/moveit_ruckig_filter_parameters.hpp
[11.510s] -- Up-to-date: /home/luka/ws_moveit/install/moveit_core/include/moveit_core
[11.511s] -- Up-to-date: /home/luka/ws_moveit/install/moveit_core/include/moveit_core/moveit
[11.511s] -- Up-to-date: /home/luka/ws_moveit/install/moveit_core/include/moveit_core/moveit/online_signal_smoothing
[11.511s] -- Up-to-date: /home/luka/ws_moveit/install/moveit_core/include/moveit_core/moveit/online_signal_smoothing/butterworth_filter.hpp
[11.511s] -- Up-to-date: /home/luka/ws_moveit/install/moveit_core/include/moveit_core/moveit/online_signal_smoothing/ruckig_filter.hpp
[11.511s] -- Up-to-date: /home/luka/ws_moveit/install/moveit_core/include/moveit_core/moveit/online_signal_smoothing/ruckig_filter.h
[11.511s] -- Up-to-date: /home/luka/ws_moveit/install/moveit_core/include/moveit_core/moveit/online_signal_smoothing/acceleration_filter.h
[11.511s] -- Up-to-date: /home/luka/ws_moveit/install/moveit_core/include/moveit_core/moveit/online_signal_smoothing/smoothing_base_class.h
[11.511s] -- Up-to-date: /home/luka/ws_moveit/install/moveit_core/include/moveit_core/moveit/online_signal_smoothing/butterworth_filter.h
[11.511s] -- Up-to-date: /home/luka/ws_moveit/install/moveit_core/include/moveit_core/moveit/online_signal_smoothing/acceleration_filter.hpp
[11.512s] -- Up-to-date: /home/luka/ws_moveit/install/moveit_core/include/moveit_core/moveit/online_signal_smoothing/smoothing_base_class.hpp
[11.512s] -- Up-to-date: /home/luka/ws_moveit/install/moveit_core/include/moveit_core/moveit_smoothing_base_export.h
[11.512s] -- Up-to-date: /home/luka/ws_moveit/install/moveit_core/include/moveit_core/moveit_acceleration_filter_export.h
[11.512s] -- Up-to-date: /home/luka/ws_moveit/install/moveit_core/include/moveit_core/moveit_butterworth_filter_export.h
[11.512s] -- Up-to-date: /home/luka/ws_moveit/install/moveit_core/include/moveit_core/moveit_ruckig_filter_export.h
[11.512s] -- Up-to-date: /home/luka/ws_moveit/install/moveit_core/include/moveit_core
[11.512s] -- Up-to-date: /home/luka/ws_moveit/install/moveit_core/include/moveit_core/moveit
[11.512s] -- Up-to-date: /home/luka/ws_moveit/install/moveit_core/include/moveit_core/moveit/planning_interface
[11.512s] -- Up-to-date: /home/luka/ws_moveit/install/moveit_core/include/moveit_core/moveit/planning_interface/planning_request_adapter.hpp
[11.512s] -- Up-to-date: /home/luka/ws_moveit/install/moveit_core/include/moveit_core/moveit/planning_interface/planning_request_adapter.h
[11.512s] -- Up-to-date: /home/luka/ws_moveit/install/moveit_core/include/moveit_core/moveit/planning_interface/planning_request.h
[11.513s] -- Up-to-date: /home/luka/ws_moveit/install/moveit_core/include/moveit_core/moveit/planning_interface/planning_interface.h
[11.513s] -- Up-to-date: /home/luka/ws_moveit/install/moveit_core/include/moveit_core/moveit/planning_interface/planning_response.hpp
[11.513s] -- Up-to-date: /home/luka/ws_moveit/install/moveit_core/include/moveit_core/moveit/planning_interface/planning_request.hpp
[11.513s] -- Up-to-date: /home/luka/ws_moveit/install/moveit_core/include/moveit_core/moveit/planning_interface/planning_response_adapter.h
[11.513s] -- Up-to-date: /home/luka/ws_moveit/install/moveit_core/include/moveit_core/moveit/planning_interface/planning_interface.hpp
[11.513s] -- Up-to-date: /home/luka/ws_moveit/install/moveit_core/include/moveit_core/moveit/planning_interface/planning_response.h
[11.513s] -- Up-to-date: /home/luka/ws_moveit/install/moveit_core/include/moveit_core/moveit/planning_interface/planning_response_adapter.hpp
[11.513s] -- Up-to-date: /home/luka/ws_moveit/install/moveit_core/include/moveit_core
[11.513s] -- Up-to-date: /home/luka/ws_moveit/install/moveit_core/include/moveit_core/moveit
[11.513s] -- Up-to-date: /home/luka/ws_moveit/install/moveit_core/include/moveit_core/moveit/planning_scene
[11.513s] -- Up-to-date: /home/luka/ws_moveit/install/moveit_core/include/moveit_core/moveit/planning_scene/planning_scene.hpp
[11.513s] -- Up-to-date: /home/luka/ws_moveit/install/moveit_core/include/moveit_core/moveit/planning_scene/planning_scene.h
[11.513s] -- Up-to-date: /home/luka/ws_moveit/install/moveit_core/include/moveit_core/moveit_planning_scene_export.h
[11.514s] -- Up-to-date: /home/luka/ws_moveit/install/moveit_core/include/moveit_core
[11.514s] -- Up-to-date: /home/luka/ws_moveit/install/moveit_core/include/moveit_core/moveit
[11.514s] -- Up-to-date: /home/luka/ws_moveit/install/moveit_core/include/moveit_core/moveit/robot_model
[11.514s] -- Up-to-date: /home/luka/ws_moveit/install/moveit_core/include/moveit_core/moveit/robot_model/revolute_joint_model.h
[11.514s] -- Up-to-date: /home/luka/ws_moveit/install/moveit_core/include/moveit_core/moveit/robot_model/robot_model.hpp
[11.514s] -- Up-to-date: /home/luka/ws_moveit/install/moveit_core/include/moveit_core/moveit/robot_model/joint_model_group.hpp
[11.514s] -- Up-to-date: /home/luka/ws_moveit/install/moveit_core/include/moveit_core/moveit/robot_model/floating_joint_model.h
[11.515s] -- Up-to-date: /home/luka/ws_moveit/install/moveit_core/include/moveit_core/moveit/robot_model/fixed_joint_model.h
[11.515s] -- Up-to-date: /home/luka/ws_moveit/install/moveit_core/include/moveit_core/moveit/robot_model/robot_model.h
[11.515s] -- Up-to-date: /home/luka/ws_moveit/install/moveit_core/include/moveit_core/moveit/robot_model/joint_model_group.h
[11.515s] -- Up-to-date: /home/luka/ws_moveit/install/moveit_core/include/moveit_core/moveit/robot_model/link_model.h
[11.515s] -- Up-to-date: /home/luka/ws_moveit/install/moveit_core/include/moveit_core/moveit/robot_model/link_model.hpp
[11.515s] -- Up-to-date: /home/luka/ws_moveit/install/moveit_core/include/moveit_core/moveit/robot_model/fixed_joint_model.hpp
[11.515s] -- Up-to-date: /home/luka/ws_moveit/install/moveit_core/include/moveit_core/moveit/robot_model/prismatic_joint_model.h
[11.516s] -- Up-to-date: /home/luka/ws_moveit/install/moveit_core/include/moveit_core/moveit/robot_model/aabb.hpp
[11.516s] -- Up-to-date: /home/luka/ws_moveit/install/moveit_core/include/moveit_core/moveit/robot_model/aabb.h
[11.516s] -- Up-to-date: /home/luka/ws_moveit/install/moveit_core/include/moveit_core/moveit/robot_model/revolute_joint_model.hpp
[11.516s] -- Up-to-date: /home/luka/ws_moveit/install/moveit_core/include/moveit_core/moveit/robot_model/planar_joint_model.hpp
[11.516s] -- Up-to-date: /home/luka/ws_moveit/install/moveit_core/include/moveit_core/moveit/robot_model/joint_model.hpp
[11.516s] -- Up-to-date: /home/luka/ws_moveit/install/moveit_core/include/moveit_core/moveit/robot_model/prismatic_joint_model.hpp
[11.517s] -- Up-to-date: /home/luka/ws_moveit/install/moveit_core/include/moveit_core/moveit/robot_model/floating_joint_model.hpp
[11.517s] -- Up-to-date: /home/luka/ws_moveit/install/moveit_core/include/moveit_core/moveit/robot_model/joint_model.h
[11.517s] -- Up-to-date: /home/luka/ws_moveit/install/moveit_core/include/moveit_core/moveit/robot_model/planar_joint_model.h
[11.517s] -- Up-to-date: /home/luka/ws_moveit/install/moveit_core/include/moveit_core
[11.517s] -- Up-to-date: /home/luka/ws_moveit/install/moveit_core/include/moveit_core/moveit
[11.517s] -- Up-to-date: /home/luka/ws_moveit/install/moveit_core/include/moveit_core/moveit/robot_state
[11.517s] -- Up-to-date: /home/luka/ws_moveit/install/moveit_core/include/moveit_core/moveit/robot_state/cartesian_interpolator.h
[11.518s] -- Up-to-date: /home/luka/ws_moveit/install/moveit_core/include/moveit_core/moveit/robot_state/attached_body.h
[11.518s] -- Up-to-date: /home/luka/ws_moveit/install/moveit_core/include/moveit_core/moveit/robot_state/robot_state.hpp
[11.518s] -- Up-to-date: /home/luka/ws_moveit/install/moveit_core/include/moveit_core/moveit/robot_state/robot_state.h
[11.518s] -- Up-to-date: /home/luka/ws_moveit/install/moveit_core/include/moveit_core/moveit/robot_state/attached_body.hpp
[11.518s] -- Up-to-date: /home/luka/ws_moveit/install/moveit_core/include/moveit_core/moveit/robot_state/conversions.hpp
[11.518s] -- Up-to-date: /home/luka/ws_moveit/install/moveit_core/include/moveit_core/moveit/robot_state/cartesian_interpolator.hpp
[11.518s] -- Up-to-date: /home/luka/ws_moveit/install/moveit_core/include/moveit_core/moveit/robot_state/conversions.h
[11.519s] -- Up-to-date: /home/luka/ws_moveit/install/moveit_core/include/moveit_core
[11.519s] -- Up-to-date: /home/luka/ws_moveit/install/moveit_core/include/moveit_core/moveit
[11.519s] -- Up-to-date: /home/luka/ws_moveit/install/moveit_core/include/moveit_core/moveit/robot_trajectory
[11.519s] -- Up-to-date: /home/luka/ws_moveit/install/moveit_core/include/moveit_core/moveit/robot_trajectory/robot_trajectory.h
[11.519s] -- Up-to-date: /home/luka/ws_moveit/install/moveit_core/include/moveit_core/moveit/robot_trajectory/robot_trajectory.hpp
[11.519s] -- Up-to-date: /home/luka/ws_moveit/install/moveit_core/include/moveit_core
[11.520s] -- Up-to-date: /home/luka/ws_moveit/install/moveit_core/include/moveit_core/moveit
[11.520s] -- Up-to-date: /home/luka/ws_moveit/install/moveit_core/include/moveit_core/moveit/trajectory_processing
[11.520s] -- Up-to-date: /home/luka/ws_moveit/install/moveit_core/include/moveit_core/moveit/trajectory_processing/time_parameterization.h
[11.520s] -- Up-to-date: /home/luka/ws_moveit/install/moveit_core/include/moveit_core/moveit/trajectory_processing/time_parameterization.hpp
[11.520s] -- Up-to-date: /home/luka/ws_moveit/install/moveit_core/include/moveit_core/moveit/trajectory_processing/trajectory_tools.hpp
[11.520s] -- Up-to-date: /home/luka/ws_moveit/install/moveit_core/include/moveit_core/moveit/trajectory_processing/ruckig_traj_smoothing.h
[11.520s] -- Up-to-date: /home/luka/ws_moveit/install/moveit_core/include/moveit_core/moveit/trajectory_processing/ruckig_traj_smoothing.hpp
[11.521s] -- Up-to-date: /home/luka/ws_moveit/install/moveit_core/include/moveit_core/moveit/trajectory_processing/trajectory_tools.h
[11.521s] -- Up-to-date: /home/luka/ws_moveit/install/moveit_core/include/moveit_core/moveit/trajectory_processing/time_optimal_trajectory_generation.h
[11.521s] -- Up-to-date: /home/luka/ws_moveit/install/moveit_core/include/moveit_core/moveit/trajectory_processing/time_optimal_trajectory_generation.hpp
[11.521s] -- Up-to-date: /home/luka/ws_moveit/install/moveit_core/include/moveit_core
[11.521s] -- Up-to-date: /home/luka/ws_moveit/install/moveit_core/include/moveit_core/moveit
[11.521s] -- Up-to-date: /home/luka/ws_moveit/install/moveit_core/include/moveit_core/moveit/transforms
[11.522s] -- Up-to-date: /home/luka/ws_moveit/install/moveit_core/include/moveit_core/moveit/transforms/transforms.h
[11.522s] -- Up-to-date: /home/luka/ws_moveit/install/moveit_core/include/moveit_core/moveit/transforms/transforms.hpp
[11.522s] -- Up-to-date: /home/luka/ws_moveit/install/moveit_core/include/moveit_core
[11.522s] -- Up-to-date: /home/luka/ws_moveit/install/moveit_core/include/moveit_core/moveit
[11.522s] -- Up-to-date: /home/luka/ws_moveit/install/moveit_core/include/moveit_core/moveit/utils
[11.522s] -- Up-to-date: /home/luka/ws_moveit/install/moveit_core/include/moveit_core/moveit/utils/logger.hpp
[11.522s] -- Up-to-date: /home/luka/ws_moveit/install/moveit_core/include/moveit_core/moveit/utils/lexical_casts.h
[11.523s] -- Up-to-date: /home/luka/ws_moveit/install/moveit_core/include/moveit_core/moveit/utils/robot_model_test_utils.h
[11.523s] -- Up-to-date: /home/luka/ws_moveit/install/moveit_core/include/moveit_core/moveit/utils/eigen_test_utils.hpp
[11.523s] -- Up-to-date: /home/luka/ws_moveit/install/moveit_core/include/moveit_core/moveit/utils/message_checks.hpp
[11.523s] -- Up-to-date: /home/luka/ws_moveit/install/moveit_core/include/moveit_core/moveit/utils/logger.h
[11.523s] -- Up-to-date: /home/luka/ws_moveit/install/moveit_core/include/moveit_core/moveit/utils/robot_model_test_utils.hpp
[11.523s] -- Up-to-date: /home/luka/ws_moveit/install/moveit_core/include/moveit_core/moveit/utils/rclcpp_utils.h
[11.523s] -- Up-to-date: /home/luka/ws_moveit/install/moveit_core/include/moveit_core/moveit/utils/rclcpp_utils.hpp
[11.524s] -- Up-to-date: /home/luka/ws_moveit/install/moveit_core/include/moveit_core/moveit/utils/moveit_error_code.hpp
[11.524s] -- Up-to-date: /home/luka/ws_moveit/install/moveit_core/include/moveit_core/moveit/utils/moveit_error_code.h
[11.524s] -- Up-to-date: /home/luka/ws_moveit/install/moveit_core/include/moveit_core/moveit/utils/message_checks.h
[11.524s] -- Up-to-date: /home/luka/ws_moveit/install/moveit_core/include/moveit_core/moveit/utils/lexical_casts.hpp
[11.524s] -- Up-to-date: /home/luka/ws_moveit/install/moveit_core/include/moveit_core/moveit/utils/eigen_test_utils.h
[11.524s] -- Installing: /home/luka/ws_moveit/install/moveit_core/lib/moveit_core/logger_dut
[11.524s] -- Set non-toolchain portion of runtime path of "/home/luka/ws_moveit/install/moveit_core/lib/moveit_core/logger_dut" to ""
[11.525s] -- Up-to-date: /home/luka/ws_moveit/install/moveit_core/include/moveit_core/moveit/version.hpp
[11.525s] -- Up-to-date: /home/luka/ws_moveit/install/moveit_core/bin/moveit_version
[11.525s] -- Installing: /home/luka/ws_moveit/install/moveit_core/lib/libmoveit_collision_detection.so.2.14.1
[11.525s] -- Set non-toolchain portion of runtime path of "/home/luka/ws_moveit/install/moveit_core/lib/libmoveit_collision_detection.so.2.14.1" to ""
[11.525s] -- Up-to-date: /home/luka/ws_moveit/install/moveit_core/lib/libmoveit_collision_detection.so
[11.525s] -- Installing: /home/luka/ws_moveit/install/moveit_core/lib/libmoveit_collision_detection_bullet.so.2.14.1
[11.525s] -- Set non-toolchain portion of runtime path of "/home/luka/ws_moveit/install/moveit_core/lib/libmoveit_collision_detection_bullet.so.2.14.1" to ""
[11.526s] -- Up-to-date: /home/luka/ws_moveit/install/moveit_core/lib/libmoveit_collision_detection_bullet.so
[11.526s] -- Installing: /home/luka/ws_moveit/install/moveit_core/lib/libmoveit_collision_detection_fcl.so.2.14.1
[11.526s] -- Set non-toolchain portion of runtime path of "/home/luka/ws_moveit/install/moveit_core/lib/libmoveit_collision_detection_fcl.so.2.14.1" to ""
[11.526s] -- Up-to-date: /home/luka/ws_moveit/install/moveit_core/lib/libmoveit_collision_detection_fcl.so
[11.526s] -- Installing: /home/luka/ws_moveit/install/moveit_core/lib/libmoveit_collision_distance_field.so.2.14.1
[11.526s] -- Set non-toolchain portion of runtime path of "/home/luka/ws_moveit/install/moveit_core/lib/libmoveit_collision_distance_field.so.2.14.1" to ""
[11.527s] -- Up-to-date: /home/luka/ws_moveit/install/moveit_core/lib/libmoveit_collision_distance_field.so
[11.527s] -- Installing: /home/luka/ws_moveit/install/moveit_core/lib/libmoveit_constraint_samplers.so.2.14.1
[11.527s] -- Set non-toolchain portion of runtime path of "/home/luka/ws_moveit/install/moveit_core/lib/libmoveit_constraint_samplers.so.2.14.1" to ""
[11.527s] -- Up-to-date: /home/luka/ws_moveit/install/moveit_core/lib/libmoveit_constraint_samplers.so
[11.527s] -- Installing: /home/luka/ws_moveit/install/moveit_core/lib/libmoveit_distance_field.so.2.14.1
[11.527s] -- Set non-toolchain portion of runtime path of "/home/luka/ws_moveit/install/moveit_core/lib/libmoveit_distance_field.so.2.14.1" to ""
[11.527s] -- Up-to-date: /home/luka/ws_moveit/install/moveit_core/lib/libmoveit_distance_field.so
[11.528s] -- Installing: /home/luka/ws_moveit/install/moveit_core/lib/libmoveit_dynamics_solver.so.2.14.1
[11.528s] -- Set non-toolchain portion of runtime path of "/home/luka/ws_moveit/install/moveit_core/lib/libmoveit_dynamics_solver.so.2.14.1" to ""
[11.528s] -- Up-to-date: /home/luka/ws_moveit/install/moveit_core/lib/libmoveit_dynamics_solver.so
[11.528s] -- Installing: /home/luka/ws_moveit/install/moveit_core/lib/libmoveit_exceptions.so.2.14.1
[11.528s] -- Set non-toolchain portion of runtime path of "/home/luka/ws_moveit/install/moveit_core/lib/libmoveit_exceptions.so.2.14.1" to ""
[11.528s] -- Up-to-date: /home/luka/ws_moveit/install/moveit_core/lib/libmoveit_exceptions.so
[11.528s] -- Installing: /home/luka/ws_moveit/install/moveit_core/lib/libmoveit_kinematic_constraints.so.2.14.1
[11.529s] -- Set non-toolchain portion of runtime path of "/home/luka/ws_moveit/install/moveit_core/lib/libmoveit_kinematic_constraints.so.2.14.1" to ""
[11.529s] -- Up-to-date: /home/luka/ws_moveit/install/moveit_core/lib/libmoveit_kinematic_constraints.so
[11.529s] -- Installing: /home/luka/ws_moveit/install/moveit_core/lib/libmoveit_kinematics_base.so
[11.529s] -- Set non-toolchain portion of runtime path of "/home/luka/ws_moveit/install/moveit_core/lib/libmoveit_kinematics_base.so" to ""
[11.529s] -- Installing: /home/luka/ws_moveit/install/moveit_core/lib/libmoveit_kinematics_metrics.so.2.14.1
[11.529s] -- Set non-toolchain portion of runtime path of "/home/luka/ws_moveit/install/moveit_core/lib/libmoveit_kinematics_metrics.so.2.14.1" to ""
[11.529s] -- Up-to-date: /home/luka/ws_moveit/install/moveit_core/lib/libmoveit_kinematics_metrics.so
[11.530s] -- Installing: /home/luka/ws_moveit/install/moveit_core/lib/libmoveit_planning_interface.so.2.14.1
[11.530s] -- Set non-toolchain portion of runtime path of "/home/luka/ws_moveit/install/moveit_core/lib/libmoveit_planning_interface.so.2.14.1" to ""
[11.530s] -- Up-to-date: /home/luka/ws_moveit/install/moveit_core/lib/libmoveit_planning_interface.so
[11.530s] -- Installing: /home/luka/ws_moveit/install/moveit_core/lib/libmoveit_planning_scene.so.2.14.1
[11.530s] -- Set non-toolchain portion of runtime path of "/home/luka/ws_moveit/install/moveit_core/lib/libmoveit_planning_scene.so.2.14.1" to ""
[11.530s] -- Up-to-date: /home/luka/ws_moveit/install/moveit_core/lib/libmoveit_planning_scene.so
[11.531s] -- Installing: /home/luka/ws_moveit/install/moveit_core/lib/libmoveit_robot_model.so.2.14.1
[11.531s] -- Set non-toolchain portion of runtime path of "/home/luka/ws_moveit/install/moveit_core/lib/libmoveit_robot_model.so.2.14.1" to ""
[11.531s] -- Up-to-date: /home/luka/ws_moveit/install/moveit_core/lib/libmoveit_robot_model.so
[11.531s] -- Installing: /home/luka/ws_moveit/install/moveit_core/lib/libmoveit_robot_state.so.2.14.1
[11.531s] -- Set non-toolchain portion of runtime path of "/home/luka/ws_moveit/install/moveit_core/lib/libmoveit_robot_state.so.2.14.1" to ""
[11.531s] -- Up-to-date: /home/luka/ws_moveit/install/moveit_core/lib/libmoveit_robot_state.so
[11.531s] -- Installing: /home/luka/ws_moveit/install/moveit_core/lib/libmoveit_robot_trajectory.so.2.14.1
[11.532s] -- Set non-toolchain portion of runtime path of "/home/luka/ws_moveit/install/moveit_core/lib/libmoveit_robot_trajectory.so.2.14.1" to ""
[11.532s] -- Up-to-date: /home/luka/ws_moveit/install/moveit_core/lib/libmoveit_robot_trajectory.so
[11.532s] -- Up-to-date: /home/luka/ws_moveit/install/moveit_core/lib/libmoveit_smoothing_base.so.2.14.1
[11.532s] -- Up-to-date: /home/luka/ws_moveit/install/moveit_core/lib/libmoveit_smoothing_base.so
[11.532s] -- Installing: /home/luka/ws_moveit/install/moveit_core/lib/libmoveit_test_utils.so.2.14.1
[11.532s] -- Set non-toolchain portion of runtime path of "/home/luka/ws_moveit/install/moveit_core/lib/libmoveit_test_utils.so.2.14.1" to ""
[11.532s] -- Up-to-date: /home/luka/ws_moveit/install/moveit_core/lib/libmoveit_test_utils.so
[11.533s] -- Installing: /home/luka/ws_moveit/install/moveit_core/lib/libmoveit_trajectory_processing.so.2.14.1
[11.534s] -- Set non-toolchain portion of runtime path of "/home/luka/ws_moveit/install/moveit_core/lib/libmoveit_trajectory_processing.so.2.14.1" to ""
[11.534s] -- Up-to-date: /home/luka/ws_moveit/install/moveit_core/lib/libmoveit_trajectory_processing.so
[11.534s] -- Installing: /home/luka/ws_moveit/install/moveit_core/lib/libmoveit_transforms.so.2.14.1
[11.535s] -- Set non-toolchain portion of runtime path of "/home/luka/ws_moveit/install/moveit_core/lib/libmoveit_transforms.so.2.14.1" to ""
[11.535s] -- Up-to-date: /home/luka/ws_moveit/install/moveit_core/lib/libmoveit_transforms.so
[11.535s] -- Installing: /home/luka/ws_moveit/install/moveit_core/lib/libmoveit_utils.so.2.14.1
[11.536s] -- Set non-toolchain portion of runtime path of "/home/luka/ws_moveit/install/moveit_core/lib/libmoveit_utils.so.2.14.1" to ""
[11.536s] -- Up-to-date: /home/luka/ws_moveit/install/moveit_core/lib/libmoveit_utils.so
[11.537s] -- Installing: /home/luka/ws_moveit/install/moveit_core/lib/libcollision_detector_bullet_plugin.so.2.14.1
[11.538s] -- Set non-toolchain portion of runtime path of "/home/luka/ws_moveit/install/moveit_core/lib/libcollision_detector_bullet_plugin.so.2.14.1" to ""
[11.538s] -- Up-to-date: /home/luka/ws_moveit/install/moveit_core/lib/libcollision_detector_bullet_plugin.so
[11.538s] -- Installing: /home/luka/ws_moveit/install/moveit_core/lib/libcollision_detector_fcl_plugin.so.2.14.1
[11.539s] -- Set non-toolchain portion of runtime path of "/home/luka/ws_moveit/install/moveit_core/lib/libcollision_detector_fcl_plugin.so.2.14.1" to ""
[11.539s] -- Up-to-date: /home/luka/ws_moveit/install/moveit_core/lib/libcollision_detector_fcl_plugin.so
[11.540s] -- Installing: /home/luka/ws_moveit/install/moveit_core/lib/libmoveit_acceleration_filter.so.2.14.1
[11.540s] -- Set non-toolchain portion of runtime path of "/home/luka/ws_moveit/install/moveit_core/lib/libmoveit_acceleration_filter.so.2.14.1" to ""
[11.541s] -- Up-to-date: /home/luka/ws_moveit/install/moveit_core/lib/libmoveit_acceleration_filter.so
[11.541s] -- Installing: /home/luka/ws_moveit/install/moveit_core/lib/libmoveit_butterworth_filter.so.2.14.1
[11.542s] -- Set non-toolchain portion of runtime path of "/home/luka/ws_moveit/install/moveit_core/lib/libmoveit_butterworth_filter.so.2.14.1" to ""
[11.542s] -- Up-to-date: /home/luka/ws_moveit/install/moveit_core/lib/libmoveit_butterworth_filter.so
[11.543s] -- Installing: /home/luka/ws_moveit/install/moveit_core/lib/libmoveit_ruckig_filter.so.2.14.1
[11.544s] -- Set non-toolchain portion of runtime path of "/home/luka/ws_moveit/install/moveit_core/lib/libmoveit_ruckig_filter.so.2.14.1" to ""
[11.544s] -- Up-to-date: /home/luka/ws_moveit/install/moveit_core/lib/libmoveit_ruckig_filter.so
[11.544s] -- Up-to-date: /home/luka/ws_moveit/install/moveit_core/share/moveit_core/environment/library_path.sh
[11.544s] -- Up-to-date: /home/luka/ws_moveit/install/moveit_core/share/moveit_core/environment/library_path.dsv
[11.544s] -- Up-to-date: /home/luka/ws_moveit/install/moveit_core/share/moveit_core/collision_detector_fcl_description.xml
[11.544s] -- Up-to-date: /home/luka/ws_moveit/install/moveit_core/share/moveit_core/collision_detector_bullet_description.xml
[11.545s] -- Up-to-date: /home/luka/ws_moveit/install/moveit_core/share/moveit_core/filter_plugin_acceleration.xml
[11.545s] -- Up-to-date: /home/luka/ws_moveit/install/moveit_core/share/moveit_core/filter_plugin_butterworth.xml
[11.545s] -- Up-to-date: /home/luka/ws_moveit/install/moveit_core/share/moveit_core/filter_plugin_ruckig.xml
[11.545s] -- Up-to-date: /home/luka/ws_moveit/install/moveit_core/share/ament_index/resource_index/package_run_dependencies/moveit_core
[11.545s] -- Up-to-date: /home/luka/ws_moveit/install/moveit_core/share/ament_index/resource_index/parent_prefix_path/moveit_core
[11.545s] -- Up-to-date: /home/luka/ws_moveit/install/moveit_core/share/moveit_core/environment/ament_prefix_path.sh
[11.546s] -- Up-to-date: /home/luka/ws_moveit/install/moveit_core/share/moveit_core/environment/ament_prefix_path.dsv
[11.546s] -- Up-to-date: /home/luka/ws_moveit/install/moveit_core/share/moveit_core/environment/path.sh
[11.546s] -- Up-to-date: /home/luka/ws_moveit/install/moveit_core/share/moveit_core/environment/path.dsv
[11.546s] -- Up-to-date: /home/luka/ws_moveit/install/moveit_core/share/moveit_core/local_setup.bash
[11.546s] -- Up-to-date: /home/luka/ws_moveit/install/moveit_core/share/moveit_core/local_setup.sh
[11.546s] -- Up-to-date: /home/luka/ws_moveit/install/moveit_core/share/moveit_core/local_setup.zsh
[11.546s] -- Up-to-date: /home/luka/ws_moveit/install/moveit_core/share/moveit_core/local_setup.dsv
[11.547s] -- Installing: /home/luka/ws_moveit/install/moveit_core/share/moveit_core/package.dsv
[11.547s] -- Up-to-date: /home/luka/ws_moveit/install/moveit_core/share/ament_index/resource_index/packages/moveit_core
[11.547s] -- Up-to-date: /home/luka/ws_moveit/install/moveit_core/share/ament_index/resource_index/moveit_core__pluginlib__plugin/moveit_core
[11.547s] -- Up-to-date: /home/luka/ws_moveit/install/moveit_core/share/moveit_core/cmake/moveit_coreTargetsExport.cmake
[11.547s] -- Up-to-date: /home/luka/ws_moveit/install/moveit_core/share/moveit_core/cmake/moveit_coreTargetsExport-release.cmake
[11.547s] -- Up-to-date: /home/luka/ws_moveit/install/moveit_core/share/moveit_core/cmake/ConfigExtras.cmake
[11.548s] -- Up-to-date: /home/luka/ws_moveit/install/moveit_core/share/moveit_core/cmake/ament_cmake_export_targets-extras.cmake
[11.548s] -- Up-to-date: /home/luka/ws_moveit/install/moveit_core/share/moveit_core/cmake/ament_cmake_export_dependencies-extras.cmake
[11.548s] -- Up-to-date: /home/luka/ws_moveit/install/moveit_core/share/moveit_core/cmake/moveit_coreConfig.cmake
[11.548s] -- Up-to-date: /home/luka/ws_moveit/install/moveit_core/share/moveit_core/cmake/moveit_coreConfig-version.cmake
[11.548s] -- Up-to-date: /home/luka/ws_moveit/install/moveit_core/share/moveit_core/package.xml
[11.549s] Invoked command in '/home/luka/ws_moveit/build/moveit_core' returned '0': AMENT_PREFIX_PATH=/home/luka/ws_moveit/install/moveit_resources_panda_moveit_config:/home/luka/ws_moveit/install/moveit_resources_pr2_description:/home/luka/ws_moveit/install/moveit_resources_panda_description:/home/luka/ws_moveit/install/moveit_msgs:/home/luka/ws_moveit/install/moveit_common:${AMENT_PREFIX_PATH} CMAKE_PREFIX_PATH=/home/luka/ws_moveit/install/moveit_resources_panda_moveit_config:/home/luka/ws_moveit/install/moveit_resources_pr2_description:/home/luka/ws_moveit/install/moveit_resources_panda_description:/home/luka/ws_moveit/install/moveit_msgs:/home/luka/ws_moveit/install/moveit_common:/opt/ros/jazzy/opt/gz_sim_vendor:/opt/ros/jazzy/opt/gz_sensors_vendor:/opt/ros/jazzy/opt/gz_physics_vendor:/opt/ros/jazzy/opt/sdformat_vendor:/opt/ros/jazzy/opt/gz_gui_vendor:/opt/ros/jazzy/opt/gz_transport_vendor:/opt/ros/jazzy/opt/gz_rendering_vendor:/opt/ros/jazzy/opt/gz_plugin_vendor:/opt/ros/jazzy/opt/gz_fuel_tools_vendor:/opt/ros/jazzy/opt/gz_msgs_vendor:/opt/ros/jazzy/opt/gz_common_vendor:/opt/ros/jazzy/opt/gz_math_vendor:/opt/ros/jazzy/opt/gz_utils_vendor:/opt/ros/jazzy/opt/gz_tools_vendor:/opt/ros/jazzy/opt/gz_ogre_next_vendor:/opt/ros/jazzy/opt/gz_dartsim_vendor:/opt/ros/jazzy/opt/gz_cmake_vendor:/opt/ros/jazzy DEBUGINFOD_URLS=https://debuginfod.ubuntu.com LD_LIBRARY_PATH=/home/luka/ws_moveit/install/moveit_msgs/lib:${LD_LIBRARY_PATH} PYTHONPATH=/home/luka/ws_moveit/install/moveit_msgs/lib/python3.12/site-packages:${PYTHONPATH} /usr/bin/cmake --install /home/luka/ws_moveit/build/moveit_core
