[0.035s] Invoking command in '/home/luka/ws_moveit/build/kortex_description': CMAKE_PREFIX_PATH=/home/luka/ws_moveit/install/robotiq_description:/home/luka/ws_moveit/install/robotiq_hardware_tests:/home/luka/ws_moveit/install/robotiq_driver:/home/luka/ws_moveit/install/serial:/home/luka/ws_moveit/install/plan_around_obj:/home/luka/ws_moveit/install/moveit2_tutorials:/home/luka/ws_moveit/install/hello_moveit:/home/luka/ws_moveit/install/moveit_visual_tools:/home/luka/ws_moveit/install/rviz_visual_tools:/home/luka/ws_moveit/install/mtc_tutorial:/home/luka/ws_moveit/install/moveit_task_constructor_demo:/home/luka/ws_moveit/install/moveit_task_constructor_visualization:/home/luka/ws_moveit/install/moveit_task_constructor_capabilities:/home/luka/ws_moveit/install/moveit_task_constructor_core:/home/luka/ws_moveit/install/rviz_marker_tools:/home/luka/ws_moveit/install/kortex_bringup:/home/luka/ws_moveit/install/kinova_gen3_lite_moveit_config:/home/luka/ws_moveit/install/kinova_gen3_7dof_robotiq_2f_85_moveit_config:/home/luka/ws_moveit/install/kinova_gen3_6dof_robotiq_2f_85_moveit_config:/home/luka/ws_moveit/install/kortex_description:/home/luka/ws_moveit/install/robotiq_controllers:/home/luka/ws_moveit/install/pilz_industrial_motion_planner_testutils:/home/luka/ws_moveit/install/moveit_runtime:/home/luka/ws_moveit/install/moveit:/home/luka/ws_moveit/install/moveit_planners:/home/luka/ws_moveit/install/pilz_industrial_motion_planner:/home/luka/ws_moveit/install/pick_ik:/home/luka/ws_moveit/install/moveit_task_constructor_msgs:/home/luka/ws_moveit/install/moveit_ros_control_interface:/home/luka/ws_moveit/install/moveit_plugins:/home/luka/ws_moveit/install/moveit_simple_controller_manager:/home/luka/ws_moveit/install/moveit_setup_assistant:/home/luka/ws_moveit/install/moveit_setup_srdf_plugins:/home/luka/ws_moveit/install/moveit_setup_core_plugins:/home/luka/ws_moveit/install/moveit_setup_controllers:/home/luka/ws_moveit/install/moveit_setup_app_plugins:/home/luka/ws_moveit/install/moveit_setup_framework:/home/luka/ws_moveit/install/moveit_servo:/home/luka/ws_moveit/install/moveit_ros_trajectory_cache:/home/luka/ws_moveit/install/moveit_ros:/home/luka/ws_moveit/install/moveit_ros_visualization:/home/luka/ws_moveit/install/moveit_py:/home/luka/ws_moveit/install/moveit_hybrid_planning:/home/luka/ws_moveit/install/hello_moveit_1st:/home/luka/ws_moveit/install/moveit_ros_planning_interface:/home/luka/ws_moveit/install/moveit_ros_benchmarks:/home/luka/ws_moveit/install/moveit_ros_warehouse:/home/luka/ws_moveit/install/moveit_ros_robot_interaction:/home/luka/ws_moveit/install/moveit_ros_perception:/home/luka/ws_moveit/install/moveit_resources_prbt_pg70_support:/home/luka/ws_moveit/install/moveit_resources_prbt_moveit_config:/home/luka/ws_moveit/install/moveit_ros_move_group:/home/luka/ws_moveit/install/moveit_planners_ompl:/home/luka/ws_moveit/install/moveit_kinematics:/home/luka/ws_moveit/install/moveit_ros_planning:/home/luka/ws_moveit/install/moveit_ros_occupancy_map_monitor:/home/luka/ws_moveit/install/moveit_resources_prbt_support:/home/luka/ws_moveit/install/moveit_resources_prbt_ikfast_manipulator_plugin:/home/luka/ws_moveit/install/moveit_resources:/home/luka/ws_moveit/install/moveit_resources_pr2_description:/home/luka/ws_moveit/install/moveit_resources_panda_moveit_config:/home/luka/ws_moveit/install/dual_arm_panda_moveit_config:/home/luka/ws_moveit/install/moveit_resources_panda_description:/home/luka/ws_moveit/install/moveit_resources_fanuc_moveit_config:/home/luka/ws_moveit/install/moveit_resources_fanuc_description:/home/luka/ws_moveit/install/moveit_planners_stomp:/home/luka/ws_moveit/install/moveit_planners_chomp:/home/luka/ws_moveit/install/chomp_motion_planner:/home/luka/ws_moveit/install/moveit_core:/home/luka/ws_moveit/install/moveit_msgs:/home/luka/ws_moveit/install/moveit_common:/home/luka/ws_moveit/install/kortex_driver:/home/luka/ws_moveit/install/kortex_api:/opt/ros/jazzy/opt/gz_sim_vendor:/opt/ros/jazzy/opt/gz_sensors_vendor:/opt/ros/jazzy/opt/gz_physics_vendor:/opt/ros/jazzy/opt/sdformat_vendor:/opt/ros/jazzy/opt/gz_gui_vendor:/opt/ros/jazzy/opt/gz_transport_vendor:/opt/ros/jazzy/opt/gz_rendering_vendor:/opt/ros/jazzy/opt/gz_plugin_vendor:/opt/ros/jazzy/opt/gz_fuel_tools_vendor:/opt/ros/jazzy/opt/gz_msgs_vendor:/opt/ros/jazzy/opt/gz_common_vendor:/opt/ros/jazzy/opt/gz_math_vendor:/opt/ros/jazzy/opt/gz_utils_vendor:/opt/ros/jazzy/opt/gz_tools_vendor:/opt/ros/jazzy/opt/gz_ogre_next_vendor:/opt/ros/jazzy/opt/gz_dartsim_vendor:/opt/ros/jazzy/opt/gz_cmake_vendor:/home/luka/ws_moveit/install/hello_moveit_py:/home/luka/ws_moveit/install/moveit_configs_utils:/opt/ros/jazzy DEBUGINFOD_URLS=https://debuginfod.ubuntu.com /usr/bin/cmake --build /home/luka/ws_moveit/build/kortex_description -- -j4 -l4
[0.190s] Invoked command in '/home/luka/ws_moveit/build/kortex_description' returned '0': CMAKE_PREFIX_PATH=/home/luka/ws_moveit/install/robotiq_description:/home/luka/ws_moveit/install/robotiq_hardware_tests:/home/luka/ws_moveit/install/robotiq_driver:/home/luka/ws_moveit/install/serial:/home/luka/ws_moveit/install/plan_around_obj:/home/luka/ws_moveit/install/moveit2_tutorials:/home/luka/ws_moveit/install/hello_moveit:/home/luka/ws_moveit/install/moveit_visual_tools:/home/luka/ws_moveit/install/rviz_visual_tools:/home/luka/ws_moveit/install/mtc_tutorial:/home/luka/ws_moveit/install/moveit_task_constructor_demo:/home/luka/ws_moveit/install/moveit_task_constructor_visualization:/home/luka/ws_moveit/install/moveit_task_constructor_capabilities:/home/luka/ws_moveit/install/moveit_task_constructor_core:/home/luka/ws_moveit/install/rviz_marker_tools:/home/luka/ws_moveit/install/kortex_bringup:/home/luka/ws_moveit/install/kinova_gen3_lite_moveit_config:/home/luka/ws_moveit/install/kinova_gen3_7dof_robotiq_2f_85_moveit_config:/home/luka/ws_moveit/install/kinova_gen3_6dof_robotiq_2f_85_moveit_config:/home/luka/ws_moveit/install/kortex_description:/home/luka/ws_moveit/install/robotiq_controllers:/home/luka/ws_moveit/install/pilz_industrial_motion_planner_testutils:/home/luka/ws_moveit/install/moveit_runtime:/home/luka/ws_moveit/install/moveit:/home/luka/ws_moveit/install/moveit_planners:/home/luka/ws_moveit/install/pilz_industrial_motion_planner:/home/luka/ws_moveit/install/pick_ik:/home/luka/ws_moveit/install/moveit_task_constructor_msgs:/home/luka/ws_moveit/install/moveit_ros_control_interface:/home/luka/ws_moveit/install/moveit_plugins:/home/luka/ws_moveit/install/moveit_simple_controller_manager:/home/luka/ws_moveit/install/moveit_setup_assistant:/home/luka/ws_moveit/install/moveit_setup_srdf_plugins:/home/luka/ws_moveit/install/moveit_setup_core_plugins:/home/luka/ws_moveit/install/moveit_setup_controllers:/home/luka/ws_moveit/install/moveit_setup_app_plugins:/home/luka/ws_moveit/install/moveit_setup_framework:/home/luka/ws_moveit/install/moveit_servo:/home/luka/ws_moveit/install/moveit_ros_trajectory_cache:/home/luka/ws_moveit/install/moveit_ros:/home/luka/ws_moveit/install/moveit_ros_visualization:/home/luka/ws_moveit/install/moveit_py:/home/luka/ws_moveit/install/moveit_hybrid_planning:/home/luka/ws_moveit/install/hello_moveit_1st:/home/luka/ws_moveit/install/moveit_ros_planning_interface:/home/luka/ws_moveit/install/moveit_ros_benchmarks:/home/luka/ws_moveit/install/moveit_ros_warehouse:/home/luka/ws_moveit/install/moveit_ros_robot_interaction:/home/luka/ws_moveit/install/moveit_ros_perception:/home/luka/ws_moveit/install/moveit_resources_prbt_pg70_support:/home/luka/ws_moveit/install/moveit_resources_prbt_moveit_config:/home/luka/ws_moveit/install/moveit_ros_move_group:/home/luka/ws_moveit/install/moveit_planners_ompl:/home/luka/ws_moveit/install/moveit_kinematics:/home/luka/ws_moveit/install/moveit_ros_planning:/home/luka/ws_moveit/install/moveit_ros_occupancy_map_monitor:/home/luka/ws_moveit/install/moveit_resources_prbt_support:/home/luka/ws_moveit/install/moveit_resources_prbt_ikfast_manipulator_plugin:/home/luka/ws_moveit/install/moveit_resources:/home/luka/ws_moveit/install/moveit_resources_pr2_description:/home/luka/ws_moveit/install/moveit_resources_panda_moveit_config:/home/luka/ws_moveit/install/dual_arm_panda_moveit_config:/home/luka/ws_moveit/install/moveit_resources_panda_description:/home/luka/ws_moveit/install/moveit_resources_fanuc_moveit_config:/home/luka/ws_moveit/install/moveit_resources_fanuc_description:/home/luka/ws_moveit/install/moveit_planners_stomp:/home/luka/ws_moveit/install/moveit_planners_chomp:/home/luka/ws_moveit/install/chomp_motion_planner:/home/luka/ws_moveit/install/moveit_core:/home/luka/ws_moveit/install/moveit_msgs:/home/luka/ws_moveit/install/moveit_common:/home/luka/ws_moveit/install/kortex_driver:/home/luka/ws_moveit/install/kortex_api:/opt/ros/jazzy/opt/gz_sim_vendor:/opt/ros/jazzy/opt/gz_sensors_vendor:/opt/ros/jazzy/opt/gz_physics_vendor:/opt/ros/jazzy/opt/sdformat_vendor:/opt/ros/jazzy/opt/gz_gui_vendor:/opt/ros/jazzy/opt/gz_transport_vendor:/opt/ros/jazzy/opt/gz_rendering_vendor:/opt/ros/jazzy/opt/gz_plugin_vendor:/opt/ros/jazzy/opt/gz_fuel_tools_vendor:/opt/ros/jazzy/opt/gz_msgs_vendor:/opt/ros/jazzy/opt/gz_common_vendor:/opt/ros/jazzy/opt/gz_math_vendor:/opt/ros/jazzy/opt/gz_utils_vendor:/opt/ros/jazzy/opt/gz_tools_vendor:/opt/ros/jazzy/opt/gz_ogre_next_vendor:/opt/ros/jazzy/opt/gz_dartsim_vendor:/opt/ros/jazzy/opt/gz_cmake_vendor:/home/luka/ws_moveit/install/hello_moveit_py:/home/luka/ws_moveit/install/moveit_configs_utils:/opt/ros/jazzy DEBUGINFOD_URLS=https://debuginfod.ubuntu.com /usr/bin/cmake --build /home/luka/ws_moveit/build/kortex_description -- -j4 -l4
[0.194s] Invoking command in '/home/luka/ws_moveit/build/kortex_description': CMAKE_PREFIX_PATH=/home/luka/ws_moveit/install/robotiq_description:/home/luka/ws_moveit/install/robotiq_hardware_tests:/home/luka/ws_moveit/install/robotiq_driver:/home/luka/ws_moveit/install/serial:/home/luka/ws_moveit/install/plan_around_obj:/home/luka/ws_moveit/install/moveit2_tutorials:/home/luka/ws_moveit/install/hello_moveit:/home/luka/ws_moveit/install/moveit_visual_tools:/home/luka/ws_moveit/install/rviz_visual_tools:/home/luka/ws_moveit/install/mtc_tutorial:/home/luka/ws_moveit/install/moveit_task_constructor_demo:/home/luka/ws_moveit/install/moveit_task_constructor_visualization:/home/luka/ws_moveit/install/moveit_task_constructor_capabilities:/home/luka/ws_moveit/install/moveit_task_constructor_core:/home/luka/ws_moveit/install/rviz_marker_tools:/home/luka/ws_moveit/install/kortex_bringup:/home/luka/ws_moveit/install/kinova_gen3_lite_moveit_config:/home/luka/ws_moveit/install/kinova_gen3_7dof_robotiq_2f_85_moveit_config:/home/luka/ws_moveit/install/kinova_gen3_6dof_robotiq_2f_85_moveit_config:/home/luka/ws_moveit/install/kortex_description:/home/luka/ws_moveit/install/robotiq_controllers:/home/luka/ws_moveit/install/pilz_industrial_motion_planner_testutils:/home/luka/ws_moveit/install/moveit_runtime:/home/luka/ws_moveit/install/moveit:/home/luka/ws_moveit/install/moveit_planners:/home/luka/ws_moveit/install/pilz_industrial_motion_planner:/home/luka/ws_moveit/install/pick_ik:/home/luka/ws_moveit/install/moveit_task_constructor_msgs:/home/luka/ws_moveit/install/moveit_ros_control_interface:/home/luka/ws_moveit/install/moveit_plugins:/home/luka/ws_moveit/install/moveit_simple_controller_manager:/home/luka/ws_moveit/install/moveit_setup_assistant:/home/luka/ws_moveit/install/moveit_setup_srdf_plugins:/home/luka/ws_moveit/install/moveit_setup_core_plugins:/home/luka/ws_moveit/install/moveit_setup_controllers:/home/luka/ws_moveit/install/moveit_setup_app_plugins:/home/luka/ws_moveit/install/moveit_setup_framework:/home/luka/ws_moveit/install/moveit_servo:/home/luka/ws_moveit/install/moveit_ros_trajectory_cache:/home/luka/ws_moveit/install/moveit_ros:/home/luka/ws_moveit/install/moveit_ros_visualization:/home/luka/ws_moveit/install/moveit_py:/home/luka/ws_moveit/install/moveit_hybrid_planning:/home/luka/ws_moveit/install/hello_moveit_1st:/home/luka/ws_moveit/install/moveit_ros_planning_interface:/home/luka/ws_moveit/install/moveit_ros_benchmarks:/home/luka/ws_moveit/install/moveit_ros_warehouse:/home/luka/ws_moveit/install/moveit_ros_robot_interaction:/home/luka/ws_moveit/install/moveit_ros_perception:/home/luka/ws_moveit/install/moveit_resources_prbt_pg70_support:/home/luka/ws_moveit/install/moveit_resources_prbt_moveit_config:/home/luka/ws_moveit/install/moveit_ros_move_group:/home/luka/ws_moveit/install/moveit_planners_ompl:/home/luka/ws_moveit/install/moveit_kinematics:/home/luka/ws_moveit/install/moveit_ros_planning:/home/luka/ws_moveit/install/moveit_ros_occupancy_map_monitor:/home/luka/ws_moveit/install/moveit_resources_prbt_support:/home/luka/ws_moveit/install/moveit_resources_prbt_ikfast_manipulator_plugin:/home/luka/ws_moveit/install/moveit_resources:/home/luka/ws_moveit/install/moveit_resources_pr2_description:/home/luka/ws_moveit/install/moveit_resources_panda_moveit_config:/home/luka/ws_moveit/install/dual_arm_panda_moveit_config:/home/luka/ws_moveit/install/moveit_resources_panda_description:/home/luka/ws_moveit/install/moveit_resources_fanuc_moveit_config:/home/luka/ws_moveit/install/moveit_resources_fanuc_description:/home/luka/ws_moveit/install/moveit_planners_stomp:/home/luka/ws_moveit/install/moveit_planners_chomp:/home/luka/ws_moveit/install/chomp_motion_planner:/home/luka/ws_moveit/install/moveit_core:/home/luka/ws_moveit/install/moveit_msgs:/home/luka/ws_moveit/install/moveit_common:/home/luka/ws_moveit/install/kortex_driver:/home/luka/ws_moveit/install/kortex_api:/opt/ros/jazzy/opt/gz_sim_vendor:/opt/ros/jazzy/opt/gz_sensors_vendor:/opt/ros/jazzy/opt/gz_physics_vendor:/opt/ros/jazzy/opt/sdformat_vendor:/opt/ros/jazzy/opt/gz_gui_vendor:/opt/ros/jazzy/opt/gz_transport_vendor:/opt/ros/jazzy/opt/gz_rendering_vendor:/opt/ros/jazzy/opt/gz_plugin_vendor:/opt/ros/jazzy/opt/gz_fuel_tools_vendor:/opt/ros/jazzy/opt/gz_msgs_vendor:/opt/ros/jazzy/opt/gz_common_vendor:/opt/ros/jazzy/opt/gz_math_vendor:/opt/ros/jazzy/opt/gz_utils_vendor:/opt/ros/jazzy/opt/gz_tools_vendor:/opt/ros/jazzy/opt/gz_ogre_next_vendor:/opt/ros/jazzy/opt/gz_dartsim_vendor:/opt/ros/jazzy/opt/gz_cmake_vendor:/home/luka/ws_moveit/install/hello_moveit_py:/home/luka/ws_moveit/install/moveit_configs_utils:/opt/ros/jazzy DEBUGINFOD_URLS=https://debuginfod.ubuntu.com /usr/bin/cmake --install /home/luka/ws_moveit/build/kortex_description
[0.217s] -- Install configuration: "Release"
[0.219s] -- Up-to-date: /home/luka/ws_moveit/install/kortex_description/share/kortex_description/arms
[0.221s] -- Up-to-date: /home/luka/ws_moveit/install/kortex_description/share/kortex_description/arms/gen3
[0.222s] -- Up-to-date: /home/luka/ws_moveit/install/kortex_description/share/kortex_description/arms/gen3/6dof
[0.222s] -- Up-to-date: /home/luka/ws_moveit/install/kortex_description/share/kortex_description/arms/gen3/6dof/urdf
[0.222s] -- Up-to-date: /home/luka/ws_moveit/install/kortex_description/share/kortex_description/arms/gen3/6dof/urdf/gen3_macro.xacro
[0.222s] -- Up-to-date: /home/luka/ws_moveit/install/kortex_description/share/kortex_description/arms/gen3/6dof/urdf/kortex.ros2_control.xacro
[0.222s] -- Up-to-date: /home/luka/ws_moveit/install/kortex_description/share/kortex_description/arms/gen3/6dof/urdf/gen3_transmission_macro.xacro
[0.222s] -- Up-to-date: /home/luka/ws_moveit/install/kortex_description/share/kortex_description/arms/gen3/6dof/meshes
[0.223s] -- Up-to-date: /home/luka/ws_moveit/install/kortex_description/share/kortex_description/arms/gen3/6dof/meshes/bracelet_with_vision_link.STL
[0.225s] -- Up-to-date: /home/luka/ws_moveit/install/kortex_description/share/kortex_description/arms/gen3/6dof/meshes/shoulder_link.STL
[0.225s] -- Up-to-date: /home/luka/ws_moveit/install/kortex_description/share/kortex_description/arms/gen3/6dof/meshes/bicep_link.STL
[0.225s] -- Up-to-date: /home/luka/ws_moveit/install/kortex_description/share/kortex_description/arms/gen3/6dof/meshes/spherical_wrist_2_link.STL
[0.227s] -- Up-to-date: /home/luka/ws_moveit/install/kortex_description/share/kortex_description/arms/gen3/6dof/meshes/base_link.STL
[0.227s] -- Up-to-date: /home/luka/ws_moveit/install/kortex_description/share/kortex_description/arms/gen3/6dof/meshes/spherical_wrist_1_link.STL
[0.227s] -- Up-to-date: /home/luka/ws_moveit/install/kortex_description/share/kortex_description/arms/gen3/6dof/meshes/bracelet_no_vision_link.STL
[0.228s] -- Up-to-date: /home/luka/ws_moveit/install/kortex_description/share/kortex_description/arms/gen3/6dof/meshes/forearm_link.STL
[0.228s] -- Up-to-date: /home/luka/ws_moveit/install/kortex_description/share/kortex_description/arms/gen3/6dof/config
[0.228s] -- Up-to-date: /home/luka/ws_moveit/install/kortex_description/share/kortex_description/arms/gen3/6dof/config/gazebo_initial_joint_positions.yaml
[0.228s] -- Up-to-date: /home/luka/ws_moveit/install/kortex_description/share/kortex_description/arms/gen3/6dof/config/joint_limits.yaml
[0.228s] -- Up-to-date: /home/luka/ws_moveit/install/kortex_description/share/kortex_description/arms/gen3/6dof/config/twist_limits.yaml
[0.228s] -- Up-to-date: /home/luka/ws_moveit/install/kortex_description/share/kortex_description/arms/gen3/6dof/config/ros2_controllers.yaml
[0.229s] -- Up-to-date: /home/luka/ws_moveit/install/kortex_description/share/kortex_description/arms/gen3/7dof
[0.229s] -- Up-to-date: /home/luka/ws_moveit/install/kortex_description/share/kortex_description/arms/gen3/7dof/urdf
[0.229s] -- Up-to-date: /home/luka/ws_moveit/install/kortex_description/share/kortex_description/arms/gen3/7dof/urdf/gen3_macro.xacro
[0.229s] -- Up-to-date: /home/luka/ws_moveit/install/kortex_description/share/kortex_description/arms/gen3/7dof/urdf/kortex.ros2_control.xacro
[0.229s] -- Up-to-date: /home/luka/ws_moveit/install/kortex_description/share/kortex_description/arms/gen3/7dof/urdf/gen3_transmission_macro.xacro
[0.230s] -- Up-to-date: /home/luka/ws_moveit/install/kortex_description/share/kortex_description/arms/gen3/7dof/meshes
[0.230s] -- Up-to-date: /home/luka/ws_moveit/install/kortex_description/share/kortex_description/arms/gen3/7dof/meshes/spherical_wrist_2_link.dae
[0.230s] -- Up-to-date: /home/luka/ws_moveit/install/kortex_description/share/kortex_description/arms/gen3/7dof/meshes/bracelet_no_vision_link.dae
[0.230s] -- Up-to-date: /home/luka/ws_moveit/install/kortex_description/share/kortex_description/arms/gen3/7dof/meshes/half_arm_2_link.dae
[0.230s] -- Up-to-date: /home/luka/ws_moveit/install/kortex_description/share/kortex_description/arms/gen3/7dof/meshes/spherical_wrist_1_link.dae
[0.232s] -- Up-to-date: /home/luka/ws_moveit/install/kortex_description/share/kortex_description/arms/gen3/7dof/meshes/shoulder_link.dae
[0.232s] -- Up-to-date: /home/luka/ws_moveit/install/kortex_description/share/kortex_description/arms/gen3/7dof/meshes/forearm_link.dae
[0.233s] -- Up-to-date: /home/luka/ws_moveit/install/kortex_description/share/kortex_description/arms/gen3/7dof/meshes/half_arm_2_link.STL
[0.233s] -- Up-to-date: /home/luka/ws_moveit/install/kortex_description/share/kortex_description/arms/gen3/7dof/meshes/base_link.dae
[0.233s] -- Up-to-date: /home/luka/ws_moveit/install/kortex_description/share/kortex_description/arms/gen3/7dof/meshes/half_arm_1_link.STL
[0.233s] -- Up-to-date: /home/luka/ws_moveit/install/kortex_description/share/kortex_description/arms/gen3/7dof/meshes/half_arm_1_link.dae
[0.233s] -- Up-to-date: /home/luka/ws_moveit/install/kortex_description/share/kortex_description/arms/gen3/7dof/meshes/bracelet_with_vision_link.STL
[0.234s] -- Up-to-date: /home/luka/ws_moveit/install/kortex_description/share/kortex_description/arms/gen3/7dof/meshes/shoulder_link.STL
[0.234s] -- Up-to-date: /home/luka/ws_moveit/install/kortex_description/share/kortex_description/arms/gen3/7dof/meshes/spherical_wrist_2_link.STL
[0.235s] -- Up-to-date: /home/luka/ws_moveit/install/kortex_description/share/kortex_description/arms/gen3/7dof/meshes/bracelet_with_vision_link.dae
[0.235s] -- Up-to-date: /home/luka/ws_moveit/install/kortex_description/share/kortex_description/arms/gen3/7dof/meshes/base_link.STL
[0.235s] -- Up-to-date: /home/luka/ws_moveit/install/kortex_description/share/kortex_description/arms/gen3/7dof/meshes/spherical_wrist_1_link.STL
[0.235s] -- Up-to-date: /home/luka/ws_moveit/install/kortex_description/share/kortex_description/arms/gen3/7dof/meshes/end_effector_link.STL
[0.235s] -- Up-to-date: /home/luka/ws_moveit/install/kortex_description/share/kortex_description/arms/gen3/7dof/meshes/bracelet_no_vision_link.STL
[0.236s] -- Up-to-date: /home/luka/ws_moveit/install/kortex_description/share/kortex_description/arms/gen3/7dof/meshes/forearm_link.STL
[0.236s] -- Up-to-date: /home/luka/ws_moveit/install/kortex_description/share/kortex_description/arms/gen3/7dof/config
[0.237s] -- Up-to-date: /home/luka/ws_moveit/install/kortex_description/share/kortex_description/arms/gen3/7dof/config/gazebo_initial_joint_positions.yaml
[0.238s] -- Up-to-date: /home/luka/ws_moveit/install/kortex_description/share/kortex_description/arms/gen3/7dof/config/joint_limits.yaml
[0.238s] -- Up-to-date: /home/luka/ws_moveit/install/kortex_description/share/kortex_description/arms/gen3/7dof/config/twist_limits.yaml
[0.239s] -- Up-to-date: /home/luka/ws_moveit/install/kortex_description/share/kortex_description/arms/gen3/7dof/config/ros2_controllers.yaml
[0.239s] -- Up-to-date: /home/luka/ws_moveit/install/kortex_description/share/kortex_description/arms/gen3_lite
[0.239s] -- Up-to-date: /home/luka/ws_moveit/install/kortex_description/share/kortex_description/arms/gen3_lite/6dof
[0.239s] -- Up-to-date: /home/luka/ws_moveit/install/kortex_description/share/kortex_description/arms/gen3_lite/6dof/urdf
[0.239s] -- Up-to-date: /home/luka/ws_moveit/install/kortex_description/share/kortex_description/arms/gen3_lite/6dof/urdf/gen3_lite_macro.xacro
[0.240s] -- Up-to-date: /home/luka/ws_moveit/install/kortex_description/share/kortex_description/arms/gen3_lite/6dof/urdf/kortex.ros2_control.xacro
[0.240s] -- Up-to-date: /home/luka/ws_moveit/install/kortex_description/share/kortex_description/arms/gen3_lite/6dof/urdf/gen3_lite_transmission_macro.xacro
[0.240s] -- Up-to-date: /home/luka/ws_moveit/install/kortex_description/share/kortex_description/arms/gen3_lite/6dof/meshes
[0.240s] -- Up-to-date: /home/luka/ws_moveit/install/kortex_description/share/kortex_description/arms/gen3_lite/6dof/meshes/upper_wrist_link.STL
[0.241s] -- Up-to-date: /home/luka/ws_moveit/install/kortex_description/share/kortex_description/arms/gen3_lite/6dof/meshes/arm_link.STL
[0.241s] -- Up-to-date: /home/luka/ws_moveit/install/kortex_description/share/kortex_description/arms/gen3_lite/6dof/meshes/shoulder_link.STL
[0.241s] -- Up-to-date: /home/luka/ws_moveit/install/kortex_description/share/kortex_description/arms/gen3_lite/6dof/meshes/base_link.STL
[0.241s] -- Up-to-date: /home/luka/ws_moveit/install/kortex_description/share/kortex_description/arms/gen3_lite/6dof/meshes/lower_wrist_link.STL
[0.242s] -- Up-to-date: /home/luka/ws_moveit/install/kortex_description/share/kortex_description/arms/gen3_lite/6dof/meshes/forearm_link.STL
[0.242s] -- Up-to-date: /home/luka/ws_moveit/install/kortex_description/share/kortex_description/arms/gen3_lite/6dof/config
[0.242s] -- Up-to-date: /home/luka/ws_moveit/install/kortex_description/share/kortex_description/arms/gen3_lite/6dof/config/joint_limits.yaml
[0.243s] -- Up-to-date: /home/luka/ws_moveit/install/kortex_description/share/kortex_description/arms/gen3_lite/6dof/config/twist_limits.yaml
[0.243s] -- Up-to-date: /home/luka/ws_moveit/install/kortex_description/share/kortex_description/arms/gen3_lite/6dof/config/ros2_controllers.yaml
[0.244s] -- Up-to-date: /home/luka/ws_moveit/install/kortex_description/share/kortex_description/grippers
[0.245s] -- Up-to-date: /home/luka/ws_moveit/install/kortex_description/share/kortex_description/grippers/robotiq_2f_140
[0.248s] -- Up-to-date: /home/luka/ws_moveit/install/kortex_description/share/kortex_description/grippers/robotiq_2f_140/README.md
[0.248s] -- Up-to-date: /home/luka/ws_moveit/install/kortex_description/share/kortex_description/grippers/robotiq_2f_140/LICENSE
[0.249s] -- Up-to-date: /home/luka/ws_moveit/install/kortex_description/share/kortex_description/grippers/robotiq_2f_140/urdf
[0.249s] -- Up-to-date: /home/luka/ws_moveit/install/kortex_description/share/kortex_description/grippers/robotiq_2f_140/urdf/robotiq_2f_140_macro.xacro
[0.249s] -- Up-to-date: /home/luka/ws_moveit/install/kortex_description/share/kortex_description/grippers/gen3_lite_2f
[0.252s] -- Up-to-date: /home/luka/ws_moveit/install/kortex_description/share/kortex_description/grippers/gen3_lite_2f/urdf
[0.254s] -- Up-to-date: /home/luka/ws_moveit/install/kortex_description/share/kortex_description/grippers/gen3_lite_2f/urdf/gen3_lite_2f.ros2_control.xacro
[0.254s] -- Up-to-date: /home/luka/ws_moveit/install/kortex_description/share/kortex_description/grippers/gen3_lite_2f/urdf/gen3_lite_2f_macro.xacro
[0.255s] -- Up-to-date: /home/luka/ws_moveit/install/kortex_description/share/kortex_description/grippers/gen3_lite_2f/urdf/GEN3-LITE-GRIPPER_URDF_SIMPLIFIED_V2.urdf
[0.255s] -- Up-to-date: /home/luka/ws_moveit/install/kortex_description/share/kortex_description/grippers/gen3_lite_2f/urdf/gen3_lite_2f_transmission_macro.xacro
[0.255s] -- Up-to-date: /home/luka/ws_moveit/install/kortex_description/share/kortex_description/grippers/gen3_lite_2f/meshes
[0.255s] -- Up-to-date: /home/luka/ws_moveit/install/kortex_description/share/kortex_description/grippers/gen3_lite_2f/meshes/left_finger_dist_link.STL
[0.256s] -- Up-to-date: /home/luka/ws_moveit/install/kortex_description/share/kortex_description/grippers/gen3_lite_2f/meshes/gripper_base_link.STL
[0.257s] -- Up-to-date: /home/luka/ws_moveit/install/kortex_description/share/kortex_description/grippers/gen3_lite_2f/meshes/right_finger_prox_link.STL
[0.257s] -- Up-to-date: /home/luka/ws_moveit/install/kortex_description/share/kortex_description/grippers/gen3_lite_2f/meshes/left_finger_prox_link.STL
[0.257s] -- Up-to-date: /home/luka/ws_moveit/install/kortex_description/share/kortex_description/grippers/gen3_lite_2f/meshes/right_finger_dist_link.STL
[0.260s] -- Up-to-date: /home/luka/ws_moveit/install/kortex_description/share/kortex_description/grippers/gen3_lite_2f/config
[0.262s] -- Up-to-date: /home/luka/ws_moveit/install/kortex_description/share/kortex_description/grippers/gen3_lite_2f/config/joint_limits.yaml
[0.262s] -- Up-to-date: /home/luka/ws_moveit/install/kortex_description/share/kortex_description/grippers/robotiq_2f_85
[0.263s] -- Up-to-date: /home/luka/ws_moveit/install/kortex_description/share/kortex_description/grippers/robotiq_2f_85/README.md
[0.263s] -- Up-to-date: /home/luka/ws_moveit/install/kortex_description/share/kortex_description/grippers/robotiq_2f_85/LICENSE
[0.263s] -- Up-to-date: /home/luka/ws_moveit/install/kortex_description/share/kortex_description/grippers/robotiq_2f_85/urdf
[0.263s] -- Up-to-date: /home/luka/ws_moveit/install/kortex_description/share/kortex_description/grippers/robotiq_2f_85/urdf/robotiq_2f_85_macro.xacro
[0.263s] -- Up-to-date: /home/luka/ws_moveit/install/kortex_description/share/kortex_description/launch
[0.263s] -- Up-to-date: /home/luka/ws_moveit/install/kortex_description/share/kortex_description/launch/view_robot.launch.py
[0.263s] -- Up-to-date: /home/luka/ws_moveit/install/kortex_description/share/kortex_description/multiple_robots
[0.264s] -- Up-to-date: /home/luka/ws_moveit/install/kortex_description/share/kortex_description/multiple_robots/kortex_dual_robots.xacro
[0.264s] -- Up-to-date: /home/luka/ws_moveit/install/kortex_description/share/kortex_description/robots
[0.264s] -- Up-to-date: /home/luka/ws_moveit/install/kortex_description/share/kortex_description/robots/gen3_robotiq_2f_140.xacro
[0.264s] -- Up-to-date: /home/luka/ws_moveit/install/kortex_description/share/kortex_description/robots/gen3_robotiq_2f_85.xacro
[0.264s] -- Up-to-date: /home/luka/ws_moveit/install/kortex_description/share/kortex_description/robots/gen3_lite.urdf
[0.265s] -- Up-to-date: /home/luka/ws_moveit/install/kortex_description/share/kortex_description/robots/gen3_lite_gen3_lite_2f.xacro
[0.265s] -- Up-to-date: /home/luka/ws_moveit/install/kortex_description/share/kortex_description/robots/gen3_2f85.urdf
[0.265s] -- Up-to-date: /home/luka/ws_moveit/install/kortex_description/share/kortex_description/robots/kortex_robot.xacro
[0.265s] -- Up-to-date: /home/luka/ws_moveit/install/kortex_description/share/kortex_description/robots/gen3.xacro
[0.265s] -- Up-to-date: /home/luka/ws_moveit/install/kortex_description/share/kortex_description/robots/kinova.urdf.xacro
[0.266s] -- Up-to-date: /home/luka/ws_moveit/install/kortex_description/share/kortex_description/rviz
[0.266s] -- Up-to-date: /home/luka/ws_moveit/install/kortex_description/share/kortex_description/rviz/view_robot.rviz
[0.266s] -- Up-to-date: /home/luka/ws_moveit/install/kortex_description/share/kortex_description/config
[0.266s] -- Up-to-date: /home/luka/ws_moveit/install/kortex_description/share/kortex_description/config/initial_positions.yaml
[0.266s] -- Up-to-date: /home/luka/ws_moveit/install/kortex_description/share/ament_index/resource_index/package_run_dependencies/kortex_description
[0.266s] -- Up-to-date: /home/luka/ws_moveit/install/kortex_description/share/ament_index/resource_index/parent_prefix_path/kortex_description
[0.266s] -- Up-to-date: /home/luka/ws_moveit/install/kortex_description/share/kortex_description/environment/ament_prefix_path.sh
[0.269s] -- Up-to-date: /home/luka/ws_moveit/install/kortex_description/share/kortex_description/environment/ament_prefix_path.dsv
[0.270s] -- Up-to-date: /home/luka/ws_moveit/install/kortex_description/share/kortex_description/environment/path.sh
[0.270s] -- Up-to-date: /home/luka/ws_moveit/install/kortex_description/share/kortex_description/environment/path.dsv
[0.270s] -- Up-to-date: /home/luka/ws_moveit/install/kortex_description/share/kortex_description/local_setup.bash
[0.270s] -- Up-to-date: /home/luka/ws_moveit/install/kortex_description/share/kortex_description/local_setup.sh
[0.270s] -- Up-to-date: /home/luka/ws_moveit/install/kortex_description/share/kortex_description/local_setup.zsh
[0.270s] -- Up-to-date: /home/luka/ws_moveit/install/kortex_description/share/kortex_description/local_setup.dsv
[0.271s] -- Installing: /home/luka/ws_moveit/install/kortex_description/share/kortex_description/package.dsv
[0.271s] -- Up-to-date: /home/luka/ws_moveit/install/kortex_description/share/ament_index/resource_index/packages/kortex_description
[0.271s] -- Up-to-date: /home/luka/ws_moveit/install/kortex_description/share/kortex_description/cmake/kortex_descriptionConfig.cmake
[0.271s] -- Up-to-date: /home/luka/ws_moveit/install/kortex_description/share/kortex_description/cmake/kortex_descriptionConfig-version.cmake
[0.271s] -- Up-to-date: /home/luka/ws_moveit/install/kortex_description/share/kortex_description/package.xml
[0.272s] Invoked command in '/home/luka/ws_moveit/build/kortex_description' returned '0': CMAKE_PREFIX_PATH=/home/luka/ws_moveit/install/robotiq_description:/home/luka/ws_moveit/install/robotiq_hardware_tests:/home/luka/ws_moveit/install/robotiq_driver:/home/luka/ws_moveit/install/serial:/home/luka/ws_moveit/install/plan_around_obj:/home/luka/ws_moveit/install/moveit2_tutorials:/home/luka/ws_moveit/install/hello_moveit:/home/luka/ws_moveit/install/moveit_visual_tools:/home/luka/ws_moveit/install/rviz_visual_tools:/home/luka/ws_moveit/install/mtc_tutorial:/home/luka/ws_moveit/install/moveit_task_constructor_demo:/home/luka/ws_moveit/install/moveit_task_constructor_visualization:/home/luka/ws_moveit/install/moveit_task_constructor_capabilities:/home/luka/ws_moveit/install/moveit_task_constructor_core:/home/luka/ws_moveit/install/rviz_marker_tools:/home/luka/ws_moveit/install/kortex_bringup:/home/luka/ws_moveit/install/kinova_gen3_lite_moveit_config:/home/luka/ws_moveit/install/kinova_gen3_7dof_robotiq_2f_85_moveit_config:/home/luka/ws_moveit/install/kinova_gen3_6dof_robotiq_2f_85_moveit_config:/home/luka/ws_moveit/install/kortex_description:/home/luka/ws_moveit/install/robotiq_controllers:/home/luka/ws_moveit/install/pilz_industrial_motion_planner_testutils:/home/luka/ws_moveit/install/moveit_runtime:/home/luka/ws_moveit/install/moveit:/home/luka/ws_moveit/install/moveit_planners:/home/luka/ws_moveit/install/pilz_industrial_motion_planner:/home/luka/ws_moveit/install/pick_ik:/home/luka/ws_moveit/install/moveit_task_constructor_msgs:/home/luka/ws_moveit/install/moveit_ros_control_interface:/home/luka/ws_moveit/install/moveit_plugins:/home/luka/ws_moveit/install/moveit_simple_controller_manager:/home/luka/ws_moveit/install/moveit_setup_assistant:/home/luka/ws_moveit/install/moveit_setup_srdf_plugins:/home/luka/ws_moveit/install/moveit_setup_core_plugins:/home/luka/ws_moveit/install/moveit_setup_controllers:/home/luka/ws_moveit/install/moveit_setup_app_plugins:/home/luka/ws_moveit/install/moveit_setup_framework:/home/luka/ws_moveit/install/moveit_servo:/home/luka/ws_moveit/install/moveit_ros_trajectory_cache:/home/luka/ws_moveit/install/moveit_ros:/home/luka/ws_moveit/install/moveit_ros_visualization:/home/luka/ws_moveit/install/moveit_py:/home/luka/ws_moveit/install/moveit_hybrid_planning:/home/luka/ws_moveit/install/hello_moveit_1st:/home/luka/ws_moveit/install/moveit_ros_planning_interface:/home/luka/ws_moveit/install/moveit_ros_benchmarks:/home/luka/ws_moveit/install/moveit_ros_warehouse:/home/luka/ws_moveit/install/moveit_ros_robot_interaction:/home/luka/ws_moveit/install/moveit_ros_perception:/home/luka/ws_moveit/install/moveit_resources_prbt_pg70_support:/home/luka/ws_moveit/install/moveit_resources_prbt_moveit_config:/home/luka/ws_moveit/install/moveit_ros_move_group:/home/luka/ws_moveit/install/moveit_planners_ompl:/home/luka/ws_moveit/install/moveit_kinematics:/home/luka/ws_moveit/install/moveit_ros_planning:/home/luka/ws_moveit/install/moveit_ros_occupancy_map_monitor:/home/luka/ws_moveit/install/moveit_resources_prbt_support:/home/luka/ws_moveit/install/moveit_resources_prbt_ikfast_manipulator_plugin:/home/luka/ws_moveit/install/moveit_resources:/home/luka/ws_moveit/install/moveit_resources_pr2_description:/home/luka/ws_moveit/install/moveit_resources_panda_moveit_config:/home/luka/ws_moveit/install/dual_arm_panda_moveit_config:/home/luka/ws_moveit/install/moveit_resources_panda_description:/home/luka/ws_moveit/install/moveit_resources_fanuc_moveit_config:/home/luka/ws_moveit/install/moveit_resources_fanuc_description:/home/luka/ws_moveit/install/moveit_planners_stomp:/home/luka/ws_moveit/install/moveit_planners_chomp:/home/luka/ws_moveit/install/chomp_motion_planner:/home/luka/ws_moveit/install/moveit_core:/home/luka/ws_moveit/install/moveit_msgs:/home/luka/ws_moveit/install/moveit_common:/home/luka/ws_moveit/install/kortex_driver:/home/luka/ws_moveit/install/kortex_api:/opt/ros/jazzy/opt/gz_sim_vendor:/opt/ros/jazzy/opt/gz_sensors_vendor:/opt/ros/jazzy/opt/gz_physics_vendor:/opt/ros/jazzy/opt/sdformat_vendor:/opt/ros/jazzy/opt/gz_gui_vendor:/opt/ros/jazzy/opt/gz_transport_vendor:/opt/ros/jazzy/opt/gz_rendering_vendor:/opt/ros/jazzy/opt/gz_plugin_vendor:/opt/ros/jazzy/opt/gz_fuel_tools_vendor:/opt/ros/jazzy/opt/gz_msgs_vendor:/opt/ros/jazzy/opt/gz_common_vendor:/opt/ros/jazzy/opt/gz_math_vendor:/opt/ros/jazzy/opt/gz_utils_vendor:/opt/ros/jazzy/opt/gz_tools_vendor:/opt/ros/jazzy/opt/gz_ogre_next_vendor:/opt/ros/jazzy/opt/gz_dartsim_vendor:/opt/ros/jazzy/opt/gz_cmake_vendor:/home/luka/ws_moveit/install/hello_moveit_py:/home/luka/ws_moveit/install/moveit_configs_utils:/opt/ros/jazzy DEBUGINFOD_URLS=https://debuginfod.ubuntu.com /usr/bin/cmake --install /home/luka/ws_moveit/build/kortex_description
