[0.119s] Invoking command in '/home/luka/ws_moveit/build/moveit_resources_panda_moveit_config': AMENT_PREFIX_PATH=/home/luka/ws_moveit/install/moveit_resources_panda_description:${AMENT_PREFIX_PATH} CMAKE_PREFIX_PATH=/home/luka/ws_moveit/install/moveit_resources_panda_description:/opt/ros/jazzy/opt/gz_sim_vendor:/opt/ros/jazzy/opt/gz_sensors_vendor:/opt/ros/jazzy/opt/gz_physics_vendor:/opt/ros/jazzy/opt/sdformat_vendor:/opt/ros/jazzy/opt/gz_gui_vendor:/opt/ros/jazzy/opt/gz_transport_vendor:/opt/ros/jazzy/opt/gz_rendering_vendor:/opt/ros/jazzy/opt/gz_plugin_vendor:/opt/ros/jazzy/opt/gz_fuel_tools_vendor:/opt/ros/jazzy/opt/gz_msgs_vendor:/opt/ros/jazzy/opt/gz_common_vendor:/opt/ros/jazzy/opt/gz_math_vendor:/opt/ros/jazzy/opt/gz_utils_vendor:/opt/ros/jazzy/opt/gz_tools_vendor:/opt/ros/jazzy/opt/gz_ogre_next_vendor:/opt/ros/jazzy/opt/gz_dartsim_vendor:/opt/ros/jazzy/opt/gz_cmake_vendor:/opt/ros/jazzy DEBUGINFOD_URLS=https://debuginfod.ubuntu.com /usr/bin/cmake /home/luka/ws_moveit/src/moveit_resources/panda_moveit_config -DCMAKE_BUILD_TYPE=Release -DCMAKE_INSTALL_PREFIX=/home/luka/ws_moveit/install/moveit_resources_panda_moveit_config
[0.369s] -- The C compiler identification is GNU 13.3.0
[0.907s] -- The CXX compiler identification is GNU 13.3.0
[1.019s] -- Detecting C compiler ABI info
[1.738s] -- Detecting C compiler ABI info - done
[1.846s] -- Check for working C compiler: /usr/bin/cc - skipped
[1.850s] -- Detecting C compile features
[1.858s] -- Detecting C compile features - done
[1.950s] -- Detecting CXX compiler ABI info
[2.936s] -- Detecting CXX compiler ABI info - done
[3.131s] -- Check for working CXX compiler: /usr/bin/c++ - skipped
[3.135s] -- Detecting CXX compile features
[3.142s] -- Detecting CXX compile features - done
[3.180s] -- Found ament_cmake: 2.5.4 (/opt/ros/jazzy/share/ament_cmake/cmake)
[5.054s] -- Found Python3: /usr/bin/python3 (found version "3.12.3") found components: Interpreter 
[6.732s] -- Configuring done (6.7s)
[6.749s] -- Generating done (0.0s)
[6.761s] -- Build files have been written to: /home/luka/ws_moveit/build/moveit_resources_panda_moveit_config
[6.799s] Invoked command in '/home/luka/ws_moveit/build/moveit_resources_panda_moveit_config' returned '0': AMENT_PREFIX_PATH=/home/luka/ws_moveit/install/moveit_resources_panda_description:${AMENT_PREFIX_PATH} CMAKE_PREFIX_PATH=/home/luka/ws_moveit/install/moveit_resources_panda_description:/opt/ros/jazzy/opt/gz_sim_vendor:/opt/ros/jazzy/opt/gz_sensors_vendor:/opt/ros/jazzy/opt/gz_physics_vendor:/opt/ros/jazzy/opt/sdformat_vendor:/opt/ros/jazzy/opt/gz_gui_vendor:/opt/ros/jazzy/opt/gz_transport_vendor:/opt/ros/jazzy/opt/gz_rendering_vendor:/opt/ros/jazzy/opt/gz_plugin_vendor:/opt/ros/jazzy/opt/gz_fuel_tools_vendor:/opt/ros/jazzy/opt/gz_msgs_vendor:/opt/ros/jazzy/opt/gz_common_vendor:/opt/ros/jazzy/opt/gz_math_vendor:/opt/ros/jazzy/opt/gz_utils_vendor:/opt/ros/jazzy/opt/gz_tools_vendor:/opt/ros/jazzy/opt/gz_ogre_next_vendor:/opt/ros/jazzy/opt/gz_dartsim_vendor:/opt/ros/jazzy/opt/gz_cmake_vendor:/opt/ros/jazzy DEBUGINFOD_URLS=https://debuginfod.ubuntu.com /usr/bin/cmake /home/luka/ws_moveit/src/moveit_resources/panda_moveit_config -DCMAKE_BUILD_TYPE=Release -DCMAKE_INSTALL_PREFIX=/home/luka/ws_moveit/install/moveit_resources_panda_moveit_config
[6.809s] Invoking command in '/home/luka/ws_moveit/build/moveit_resources_panda_moveit_config': AMENT_PREFIX_PATH=/home/luka/ws_moveit/install/moveit_resources_panda_description:${AMENT_PREFIX_PATH} CMAKE_PREFIX_PATH=/home/luka/ws_moveit/install/moveit_resources_panda_description:/opt/ros/jazzy/opt/gz_sim_vendor:/opt/ros/jazzy/opt/gz_sensors_vendor:/opt/ros/jazzy/opt/gz_physics_vendor:/opt/ros/jazzy/opt/sdformat_vendor:/opt/ros/jazzy/opt/gz_gui_vendor:/opt/ros/jazzy/opt/gz_transport_vendor:/opt/ros/jazzy/opt/gz_rendering_vendor:/opt/ros/jazzy/opt/gz_plugin_vendor:/opt/ros/jazzy/opt/gz_fuel_tools_vendor:/opt/ros/jazzy/opt/gz_msgs_vendor:/opt/ros/jazzy/opt/gz_common_vendor:/opt/ros/jazzy/opt/gz_math_vendor:/opt/ros/jazzy/opt/gz_utils_vendor:/opt/ros/jazzy/opt/gz_tools_vendor:/opt/ros/jazzy/opt/gz_ogre_next_vendor:/opt/ros/jazzy/opt/gz_dartsim_vendor:/opt/ros/jazzy/opt/gz_cmake_vendor:/opt/ros/jazzy DEBUGINFOD_URLS=https://debuginfod.ubuntu.com /usr/bin/cmake --build /home/luka/ws_moveit/build/moveit_resources_panda_moveit_config -- -j4 -l4
[7.187s] Invoked command in '/home/luka/ws_moveit/build/moveit_resources_panda_moveit_config' returned '0': AMENT_PREFIX_PATH=/home/luka/ws_moveit/install/moveit_resources_panda_description:${AMENT_PREFIX_PATH} CMAKE_PREFIX_PATH=/home/luka/ws_moveit/install/moveit_resources_panda_description:/opt/ros/jazzy/opt/gz_sim_vendor:/opt/ros/jazzy/opt/gz_sensors_vendor:/opt/ros/jazzy/opt/gz_physics_vendor:/opt/ros/jazzy/opt/sdformat_vendor:/opt/ros/jazzy/opt/gz_gui_vendor:/opt/ros/jazzy/opt/gz_transport_vendor:/opt/ros/jazzy/opt/gz_rendering_vendor:/opt/ros/jazzy/opt/gz_plugin_vendor:/opt/ros/jazzy/opt/gz_fuel_tools_vendor:/opt/ros/jazzy/opt/gz_msgs_vendor:/opt/ros/jazzy/opt/gz_common_vendor:/opt/ros/jazzy/opt/gz_math_vendor:/opt/ros/jazzy/opt/gz_utils_vendor:/opt/ros/jazzy/opt/gz_tools_vendor:/opt/ros/jazzy/opt/gz_ogre_next_vendor:/opt/ros/jazzy/opt/gz_dartsim_vendor:/opt/ros/jazzy/opt/gz_cmake_vendor:/opt/ros/jazzy DEBUGINFOD_URLS=https://debuginfod.ubuntu.com /usr/bin/cmake --build /home/luka/ws_moveit/build/moveit_resources_panda_moveit_config -- -j4 -l4
[7.189s] Invoking command in '/home/luka/ws_moveit/build/moveit_resources_panda_moveit_config': AMENT_PREFIX_PATH=/home/luka/ws_moveit/install/moveit_resources_panda_description:${AMENT_PREFIX_PATH} CMAKE_PREFIX_PATH=/home/luka/ws_moveit/install/moveit_resources_panda_description:/opt/ros/jazzy/opt/gz_sim_vendor:/opt/ros/jazzy/opt/gz_sensors_vendor:/opt/ros/jazzy/opt/gz_physics_vendor:/opt/ros/jazzy/opt/sdformat_vendor:/opt/ros/jazzy/opt/gz_gui_vendor:/opt/ros/jazzy/opt/gz_transport_vendor:/opt/ros/jazzy/opt/gz_rendering_vendor:/opt/ros/jazzy/opt/gz_plugin_vendor:/opt/ros/jazzy/opt/gz_fuel_tools_vendor:/opt/ros/jazzy/opt/gz_msgs_vendor:/opt/ros/jazzy/opt/gz_common_vendor:/opt/ros/jazzy/opt/gz_math_vendor:/opt/ros/jazzy/opt/gz_utils_vendor:/opt/ros/jazzy/opt/gz_tools_vendor:/opt/ros/jazzy/opt/gz_ogre_next_vendor:/opt/ros/jazzy/opt/gz_dartsim_vendor:/opt/ros/jazzy/opt/gz_cmake_vendor:/opt/ros/jazzy DEBUGINFOD_URLS=https://debuginfod.ubuntu.com /usr/bin/cmake --install /home/luka/ws_moveit/build/moveit_resources_panda_moveit_config
[7.244s] -- Install configuration: "Release"
[7.246s] -- Installing: /home/luka/ws_moveit/install/moveit_resources_panda_moveit_config/share/ament_index/resource_index/package_run_dependencies/moveit_resources_panda_moveit_config
[7.248s] -- Installing: /home/luka/ws_moveit/install/moveit_resources_panda_moveit_config/share/ament_index/resource_index/parent_prefix_path/moveit_resources_panda_moveit_config
[7.252s] -- Installing: /home/luka/ws_moveit/install/moveit_resources_panda_moveit_config/share/moveit_resources_panda_moveit_config/environment/ament_prefix_path.sh
[7.252s] -- Installing: /home/luka/ws_moveit/install/moveit_resources_panda_moveit_config/share/moveit_resources_panda_moveit_config/environment/ament_prefix_path.dsv
[7.254s] -- Installing: /home/luka/ws_moveit/install/moveit_resources_panda_moveit_config/share/moveit_resources_panda_moveit_config/environment/path.sh
[7.256s] -- Installing: /home/luka/ws_moveit/install/moveit_resources_panda_moveit_config/share/moveit_resources_panda_moveit_config/environment/path.dsv
[7.258s] -- Installing: /home/luka/ws_moveit/install/moveit_resources_panda_moveit_config/share/moveit_resources_panda_moveit_config/local_setup.bash
[7.261s] -- Installing: /home/luka/ws_moveit/install/moveit_resources_panda_moveit_config/share/moveit_resources_panda_moveit_config/local_setup.sh
[7.262s] -- Installing: /home/luka/ws_moveit/install/moveit_resources_panda_moveit_config/share/moveit_resources_panda_moveit_config/local_setup.zsh
[7.265s] -- Installing: /home/luka/ws_moveit/install/moveit_resources_panda_moveit_config/share/moveit_resources_panda_moveit_config/local_setup.dsv
[7.266s] -- Installing: /home/luka/ws_moveit/install/moveit_resources_panda_moveit_config/share/moveit_resources_panda_moveit_config/package.dsv
[7.269s] -- Installing: /home/luka/ws_moveit/install/moveit_resources_panda_moveit_config/share/ament_index/resource_index/packages/moveit_resources_panda_moveit_config
[7.271s] -- Installing: /home/luka/ws_moveit/install/moveit_resources_panda_moveit_config/share/moveit_resources_panda_moveit_config/cmake/moveit_resources_panda_moveit_configConfig.cmake
[7.273s] -- Installing: /home/luka/ws_moveit/install/moveit_resources_panda_moveit_config/share/moveit_resources_panda_moveit_config/cmake/moveit_resources_panda_moveit_configConfig-version.cmake
[7.277s] -- Installing: /home/luka/ws_moveit/install/moveit_resources_panda_moveit_config/share/moveit_resources_panda_moveit_config/package.xml
[7.279s] -- Installing: /home/luka/ws_moveit/install/moveit_resources_panda_moveit_config/share/moveit_resources_panda_moveit_config/launch
[7.282s] -- Installing: /home/luka/ws_moveit/install/moveit_resources_panda_moveit_config/share/moveit_resources_panda_moveit_config/launch/moveit.rviz
[7.282s] -- Installing: /home/luka/ws_moveit/install/moveit_resources_panda_moveit_config/share/moveit_resources_panda_moveit_config/launch/moveit_empty.rviz
[7.287s] -- Installing: /home/luka/ws_moveit/install/moveit_resources_panda_moveit_config/share/moveit_resources_panda_moveit_config/launch/moveit_rviz.launch.py
[7.287s] -- Installing: /home/luka/ws_moveit/install/moveit_resources_panda_moveit_config/share/moveit_resources_panda_moveit_config/launch/demo.launch.py
[7.295s] -- Installing: /home/luka/ws_moveit/install/moveit_resources_panda_moveit_config/share/moveit_resources_panda_moveit_config/config
[7.298s] -- Installing: /home/luka/ws_moveit/install/moveit_resources_panda_moveit_config/share/moveit_resources_panda_moveit_config/config/chomp_planning.yaml
[7.299s] -- Installing: /home/luka/ws_moveit/install/moveit_resources_panda_moveit_config/share/moveit_resources_panda_moveit_config/config/gripper_moveit_controllers.yaml
[7.300s] -- Installing: /home/luka/ws_moveit/install/moveit_resources_panda_moveit_config/share/moveit_resources_panda_moveit_config/config/sensors_kinect_depthmap.yaml
[7.306s] -- Installing: /home/luka/ws_moveit/install/moveit_resources_panda_moveit_config/share/moveit_resources_panda_moveit_config/config/panda.ros2_control.xacro
[7.307s] -- Installing: /home/luka/ws_moveit/install/moveit_resources_panda_moveit_config/share/moveit_resources_panda_moveit_config/config/pilz_cartesian_limits.yaml
[7.307s] -- Installing: /home/luka/ws_moveit/install/moveit_resources_panda_moveit_config/share/moveit_resources_panda_moveit_config/config/panda_arm.srdf.xacro
[7.308s] -- Installing: /home/luka/ws_moveit/install/moveit_resources_panda_moveit_config/share/moveit_resources_panda_moveit_config/config/sensors_kinect_pointcloud.yaml
[7.312s] -- Installing: /home/luka/ws_moveit/install/moveit_resources_panda_moveit_config/share/moveit_resources_panda_moveit_config/config/ompl_planning.yaml
[7.313s] -- Installing: /home/luka/ws_moveit/install/moveit_resources_panda_moveit_config/share/moveit_resources_panda_moveit_config/config/bio_ik_kinematics.yaml
[7.317s] -- Installing: /home/luka/ws_moveit/install/moveit_resources_panda_moveit_config/share/moveit_resources_panda_moveit_config/config/hard_joint_limits.yaml
[7.317s] -- Installing: /home/luka/ws_moveit/install/moveit_resources_panda_moveit_config/share/moveit_resources_panda_moveit_config/config/pilz_industrial_motion_planner_planning.yaml
[7.321s] -- Installing: /home/luka/ws_moveit/install/moveit_resources_panda_moveit_config/share/moveit_resources_panda_moveit_config/config/kinematics.yaml
[7.321s] -- Installing: /home/luka/ws_moveit/install/moveit_resources_panda_moveit_config/share/moveit_resources_panda_moveit_config/config/panda.srdf
[7.322s] -- Installing: /home/luka/ws_moveit/install/moveit_resources_panda_moveit_config/share/moveit_resources_panda_moveit_config/config/joint_limits.yaml
[7.322s] -- Installing: /home/luka/ws_moveit/install/moveit_resources_panda_moveit_config/share/moveit_resources_panda_moveit_config/config/panda_arm_hand.srdf.xacro
[7.323s] -- Installing: /home/luka/ws_moveit/install/moveit_resources_panda_moveit_config/share/moveit_resources_panda_moveit_config/config/panda_hand.ros2_control.xacro
[7.328s] -- Installing: /home/luka/ws_moveit/install/moveit_resources_panda_moveit_config/share/moveit_resources_panda_moveit_config/config/stomp_planning.yaml
[7.331s] -- Installing: /home/luka/ws_moveit/install/moveit_resources_panda_moveit_config/share/moveit_resources_panda_moveit_config/config/panda.urdf.xacro
[7.332s] -- Installing: /home/luka/ws_moveit/install/moveit_resources_panda_moveit_config/share/moveit_resources_panda_moveit_config/config/ros2_controllers.yaml
[7.333s] -- Installing: /home/luka/ws_moveit/install/moveit_resources_panda_moveit_config/share/moveit_resources_panda_moveit_config/config/initial_positions.yaml
[7.341s] -- Installing: /home/luka/ws_moveit/install/moveit_resources_panda_moveit_config/share/moveit_resources_panda_moveit_config/config/moveit_controllers.yaml
[7.341s] -- Installing: /home/luka/ws_moveit/install/moveit_resources_panda_moveit_config/share/moveit_resources_panda_moveit_config/config/hand.xacro
[7.342s] -- Installing: /home/luka/ws_moveit/install/moveit_resources_panda_moveit_config/share/moveit_resources_panda_moveit_config/config/trac_ik_kinematics.yaml
[7.343s] -- Installing: /home/luka/ws_moveit/install/moveit_resources_panda_moveit_config/share/moveit_resources_panda_moveit_config/config/panda_arm.xacro
[7.347s] -- Installing: /home/luka/ws_moveit/install/moveit_resources_panda_moveit_config/share/moveit_resources_panda_moveit_config/.setup_assistant
[7.348s] Invoked command in '/home/luka/ws_moveit/build/moveit_resources_panda_moveit_config' returned '0': AMENT_PREFIX_PATH=/home/luka/ws_moveit/install/moveit_resources_panda_description:${AMENT_PREFIX_PATH} CMAKE_PREFIX_PATH=/home/luka/ws_moveit/install/moveit_resources_panda_description:/opt/ros/jazzy/opt/gz_sim_vendor:/opt/ros/jazzy/opt/gz_sensors_vendor:/opt/ros/jazzy/opt/gz_physics_vendor:/opt/ros/jazzy/opt/sdformat_vendor:/opt/ros/jazzy/opt/gz_gui_vendor:/opt/ros/jazzy/opt/gz_transport_vendor:/opt/ros/jazzy/opt/gz_rendering_vendor:/opt/ros/jazzy/opt/gz_plugin_vendor:/opt/ros/jazzy/opt/gz_fuel_tools_vendor:/opt/ros/jazzy/opt/gz_msgs_vendor:/opt/ros/jazzy/opt/gz_common_vendor:/opt/ros/jazzy/opt/gz_math_vendor:/opt/ros/jazzy/opt/gz_utils_vendor:/opt/ros/jazzy/opt/gz_tools_vendor:/opt/ros/jazzy/opt/gz_ogre_next_vendor:/opt/ros/jazzy/opt/gz_dartsim_vendor:/opt/ros/jazzy/opt/gz_cmake_vendor:/opt/ros/jazzy DEBUGINFOD_URLS=https://debuginfod.ubuntu.com /usr/bin/cmake --install /home/luka/ws_moveit/build/moveit_resources_panda_moveit_config
