[0.010s] Invoking command in '/home/luka/ws_moveit/build/moveit_common': CMAKE_PREFIX_PATH=${CMAKE_PREFIX_PATH}:/opt/ros/jazzy DEBUGINFOD_URLS=https://debuginfod.ubuntu.com /usr/bin/cmake /home/luka/ws_moveit/src/moveit2/moveit_common -DCMAKE_BUILD_TYPE=Debug -DCMAKE_INSTALL_PREFIX=/home/luka/ws_moveit/install/moveit_common
[0.021s] -- Found ament_cmake: 2.5.4 (/opt/ros/jazzy/share/ament_cmake/cmake)
[0.250s] -- Configuring done (0.2s)
[0.253s] -- Generating done (0.0s)
[0.255s] -- Build files have been written to: /home/luka/ws_moveit/build/moveit_common
[0.259s] Invoked command in '/home/luka/ws_moveit/build/moveit_common' returned '0': CMAKE_PREFIX_PATH=${CMAKE_PREFIX_PATH}:/opt/ros/jazzy DEBUGINFOD_URLS=https://debuginfod.ubuntu.com /usr/bin/cmake /home/luka/ws_moveit/src/moveit2/moveit_common -DCMAKE_BUILD_TYPE=Debug -DCMAKE_INSTALL_PREFIX=/home/luka/ws_moveit/install/moveit_common
[0.259s] Invoking command in '/home/luka/ws_moveit/build/moveit_common': CMAKE_PREFIX_PATH=${CMAKE_PREFIX_PATH}:/opt/ros/jazzy DEBUGINFOD_URLS=https://debuginfod.ubuntu.com /usr/bin/cmake --build /home/luka/ws_moveit/build/moveit_common -- -j4 -l4
[0.305s] Invoked command in '/home/luka/ws_moveit/build/moveit_common' returned '0': CMAKE_PREFIX_PATH=${CMAKE_PREFIX_PATH}:/opt/ros/jazzy DEBUGINFOD_URLS=https://debuginfod.ubuntu.com /usr/bin/cmake --build /home/luka/ws_moveit/build/moveit_common -- -j4 -l4
[0.306s] Invoking command in '/home/luka/ws_moveit/build/moveit_common': CMAKE_PREFIX_PATH=${CMAKE_PREFIX_PATH}:/opt/ros/jazzy DEBUGINFOD_URLS=https://debuginfod.ubuntu.com /usr/bin/cmake --install /home/luka/ws_moveit/build/moveit_common
[0.316s] -- Install configuration: "Debug"
[0.317s] -- Up-to-date: /home/luka/ws_moveit/install/moveit_common/share/ament_index/resource_index/package_run_dependencies/moveit_common
[0.317s] -- Up-to-date: /home/luka/ws_moveit/install/moveit_common/share/ament_index/resource_index/parent_prefix_path/moveit_common
[0.318s] -- Up-to-date: /home/luka/ws_moveit/install/moveit_common/share/moveit_common/environment/ament_prefix_path.sh
[0.318s] -- Up-to-date: /home/luka/ws_moveit/install/moveit_common/share/moveit_common/environment/ament_prefix_path.dsv
[0.318s] -- Up-to-date: /home/luka/ws_moveit/install/moveit_common/share/moveit_common/environment/path.sh
[0.318s] -- Up-to-date: /home/luka/ws_moveit/install/moveit_common/share/moveit_common/environment/path.dsv
[0.318s] -- Up-to-date: /home/luka/ws_moveit/install/moveit_common/share/moveit_common/local_setup.bash
[0.318s] -- Up-to-date: /home/luka/ws_moveit/install/moveit_common/share/moveit_common/local_setup.sh
[0.318s] -- Up-to-date: /home/luka/ws_moveit/install/moveit_common/share/moveit_common/local_setup.zsh
[0.319s] -- Up-to-date: /home/luka/ws_moveit/install/moveit_common/share/moveit_common/local_setup.dsv
[0.319s] -- Installing: /home/luka/ws_moveit/install/moveit_common/share/moveit_common/package.dsv
[0.319s] -- Up-to-date: /home/luka/ws_moveit/install/moveit_common/share/ament_index/resource_index/packages/moveit_common
[0.319s] -- Up-to-date: /home/luka/ws_moveit/install/moveit_common/share/moveit_common/cmake/moveit_common-extras.cmake
[0.319s] -- Up-to-date: /home/luka/ws_moveit/install/moveit_common/share/moveit_common/cmake/moveit_commonConfig.cmake
[0.319s] -- Up-to-date: /home/luka/ws_moveit/install/moveit_common/share/moveit_common/cmake/moveit_commonConfig-version.cmake
[0.319s] -- Up-to-date: /home/luka/ws_moveit/install/moveit_common/share/moveit_common/package.xml
[0.320s] -- Up-to-date: /home/luka/ws_moveit/install/moveit_common/share/moveit_common/cmake
[0.320s] -- Up-to-date: /home/luka/ws_moveit/install/moveit_common/share/moveit_common/cmake/moveit_package.cmake
[0.321s] Invoked command in '/home/luka/ws_moveit/build/moveit_common' returned '0': CMAKE_PREFIX_PATH=${CMAKE_PREFIX_PATH}:/opt/ros/jazzy DEBUGINFOD_URLS=https://debuginfod.ubuntu.com /usr/bin/cmake --install /home/luka/ws_moveit/build/moveit_common
