[0.116s] Invoking command in '/home/luka/ws_moveit/build/moveit_resources_panda_description': CMAKE_PREFIX_PATH=${CMAKE_PREFIX_PATH}:/opt/ros/jazzy DEBUGINFOD_URLS=https://debuginfod.ubuntu.com /usr/bin/cmake /home/luka/ws_moveit/src/moveit_resources/panda_description -DCMAKE_BUILD_TYPE=Release -DCMAKE_INSTALL_PREFIX=/home/luka/ws_moveit/install/moveit_resources_panda_description
[0.490s] -- The C compiler identification is GNU 13.3.0
[0.987s] -- The CXX compiler identification is GNU 13.3.0
[1.135s] -- Detecting C compiler ABI info
[1.942s] -- Detecting C compiler ABI info - done
[2.069s] -- Check for working C compiler: /usr/bin/cc - skipped
[2.071s] -- Detecting C compile features
[2.075s] -- Detecting C compile features - done
[2.139s] -- Detecting CXX compiler ABI info
[2.903s] -- Detecting CXX compiler ABI info - done
[3.020s] -- Check for working CXX compiler: /usr/bin/c++ - skipped
[3.024s] -- Detecting CXX compile features
[3.028s] -- Detecting CXX compile features - done
[3.064s] -- Found ament_cmake: 2.5.4 (/opt/ros/jazzy/share/ament_cmake/cmake)
[4.302s] -- Found Python3: /usr/bin/python3 (found version "3.12.3") found components: Interpreter 
[5.879s] -- Configuring done (5.7s)
[5.900s] -- Generating done (0.0s)
[5.912s] -- Build files have been written to: /home/luka/ws_moveit/build/moveit_resources_panda_description
[6.931s] Invoked command in '/home/luka/ws_moveit/build/moveit_resources_panda_description' returned '0': CMAKE_PREFIX_PATH=${CMAKE_PREFIX_PATH}:/opt/ros/jazzy DEBUGINFOD_URLS=https://debuginfod.ubuntu.com /usr/bin/cmake /home/luka/ws_moveit/src/moveit_resources/panda_description -DCMAKE_BUILD_TYPE=Release -DCMAKE_INSTALL_PREFIX=/home/luka/ws_moveit/install/moveit_resources_panda_description
[6.937s] Invoking command in '/home/luka/ws_moveit/build/moveit_resources_panda_description': CMAKE_PREFIX_PATH=${CMAKE_PREFIX_PATH}:/opt/ros/jazzy DEBUGINFOD_URLS=https://debuginfod.ubuntu.com /usr/bin/cmake --build /home/luka/ws_moveit/build/moveit_resources_panda_description -- -j4 -l4
[7.212s] Invoked command in '/home/luka/ws_moveit/build/moveit_resources_panda_description' returned '0': CMAKE_PREFIX_PATH=${CMAKE_PREFIX_PATH}:/opt/ros/jazzy DEBUGINFOD_URLS=https://debuginfod.ubuntu.com /usr/bin/cmake --build /home/luka/ws_moveit/build/moveit_resources_panda_description -- -j4 -l4
[7.221s] Invoking command in '/home/luka/ws_moveit/build/moveit_resources_panda_description': CMAKE_PREFIX_PATH=${CMAKE_PREFIX_PATH}:/opt/ros/jazzy DEBUGINFOD_URLS=https://debuginfod.ubuntu.com /usr/bin/cmake --install /home/luka/ws_moveit/build/moveit_resources_panda_description
[7.267s] -- Install configuration: "Release"
[7.270s] -- Installing: /home/luka/ws_moveit/install/moveit_resources_panda_description/share/ament_index/resource_index/package_run_dependencies/moveit_resources_panda_description
[7.272s] -- Installing: /home/luka/ws_moveit/install/moveit_resources_panda_description/share/ament_index/resource_index/parent_prefix_path/moveit_resources_panda_description
[7.275s] -- Installing: /home/luka/ws_moveit/install/moveit_resources_panda_description/share/moveit_resources_panda_description/environment/ament_prefix_path.sh
[7.277s] -- Installing: /home/luka/ws_moveit/install/moveit_resources_panda_description/share/moveit_resources_panda_description/environment/ament_prefix_path.dsv
[7.279s] -- Installing: /home/luka/ws_moveit/install/moveit_resources_panda_description/share/moveit_resources_panda_description/environment/path.sh
[7.281s] -- Installing: /home/luka/ws_moveit/install/moveit_resources_panda_description/share/moveit_resources_panda_description/environment/path.dsv
[7.283s] -- Installing: /home/luka/ws_moveit/install/moveit_resources_panda_description/share/moveit_resources_panda_description/local_setup.bash
[7.287s] -- Installing: /home/luka/ws_moveit/install/moveit_resources_panda_description/share/moveit_resources_panda_description/local_setup.sh
[7.289s] -- Installing: /home/luka/ws_moveit/install/moveit_resources_panda_description/share/moveit_resources_panda_description/local_setup.zsh
[7.290s] -- Installing: /home/luka/ws_moveit/install/moveit_resources_panda_description/share/moveit_resources_panda_description/local_setup.dsv
[7.292s] -- Installing: /home/luka/ws_moveit/install/moveit_resources_panda_description/share/moveit_resources_panda_description/package.dsv
[7.294s] -- Installing: /home/luka/ws_moveit/install/moveit_resources_panda_description/share/ament_index/resource_index/packages/moveit_resources_panda_description
[7.297s] -- Installing: /home/luka/ws_moveit/install/moveit_resources_panda_description/share/moveit_resources_panda_description/cmake/moveit_resources_panda_descriptionConfig.cmake
[7.299s] -- Installing: /home/luka/ws_moveit/install/moveit_resources_panda_description/share/moveit_resources_panda_description/cmake/moveit_resources_panda_descriptionConfig-version.cmake
[7.303s] -- Installing: /home/luka/ws_moveit/install/moveit_resources_panda_description/share/moveit_resources_panda_description/package.xml
[7.306s] -- Installing: /home/luka/ws_moveit/install/moveit_resources_panda_description/share/moveit_resources_panda_description/meshes
[7.307s] -- Installing: /home/luka/ws_moveit/install/moveit_resources_panda_description/share/moveit_resources_panda_description/meshes/visual
[7.307s] -- Installing: /home/luka/ws_moveit/install/moveit_resources_panda_description/share/moveit_resources_panda_description/meshes/visual/hand.dae
[7.317s] -- Installing: /home/luka/ws_moveit/install/moveit_resources_panda_description/share/moveit_resources_panda_description/meshes/visual/link3.dae
[7.328s] -- Installing: /home/luka/ws_moveit/install/moveit_resources_panda_description/share/moveit_resources_panda_description/meshes/visual/link2.dae
[7.341s] -- Installing: /home/luka/ws_moveit/install/moveit_resources_panda_description/share/moveit_resources_panda_description/meshes/visual/link5.dae
[7.350s] -- Installing: /home/luka/ws_moveit/install/moveit_resources_panda_description/share/moveit_resources_panda_description/meshes/visual/link7.dae
[7.376s] -- Installing: /home/luka/ws_moveit/install/moveit_resources_panda_description/share/moveit_resources_panda_description/meshes/visual/link4.dae
[7.381s] -- Installing: /home/luka/ws_moveit/install/moveit_resources_panda_description/share/moveit_resources_panda_description/meshes/visual/finger.dae
[7.387s] -- Installing: /home/luka/ws_moveit/install/moveit_resources_panda_description/share/moveit_resources_panda_description/meshes/visual/link0.dae
[7.409s] -- Installing: /home/luka/ws_moveit/install/moveit_resources_panda_description/share/moveit_resources_panda_description/meshes/visual/link6.dae
[7.425s] -- Installing: /home/luka/ws_moveit/install/moveit_resources_panda_description/share/moveit_resources_panda_description/meshes/visual/link1.dae
[7.432s] -- Installing: /home/luka/ws_moveit/install/moveit_resources_panda_description/share/moveit_resources_panda_description/meshes/collision
[7.434s] -- Installing: /home/luka/ws_moveit/install/moveit_resources_panda_description/share/moveit_resources_panda_description/meshes/collision/link4.stl
[7.438s] -- Installing: /home/luka/ws_moveit/install/moveit_resources_panda_description/share/moveit_resources_panda_description/meshes/collision/link2.stl
[7.439s] -- Installing: /home/luka/ws_moveit/install/moveit_resources_panda_description/share/moveit_resources_panda_description/meshes/collision/link1.stl
[7.439s] -- Installing: /home/luka/ws_moveit/install/moveit_resources_panda_description/share/moveit_resources_panda_description/meshes/collision/link0.stl
[7.440s] -- Installing: /home/luka/ws_moveit/install/moveit_resources_panda_description/share/moveit_resources_panda_description/meshes/collision/finger.stl
[7.441s] -- Installing: /home/luka/ws_moveit/install/moveit_resources_panda_description/share/moveit_resources_panda_description/meshes/collision/link6.stl
[7.445s] -- Installing: /home/luka/ws_moveit/install/moveit_resources_panda_description/share/moveit_resources_panda_description/meshes/collision/link5.stl
[7.446s] -- Installing: /home/luka/ws_moveit/install/moveit_resources_panda_description/share/moveit_resources_panda_description/meshes/collision/link7.stl
[7.447s] -- Installing: /home/luka/ws_moveit/install/moveit_resources_panda_description/share/moveit_resources_panda_description/meshes/collision/link3.stl
[7.451s] -- Installing: /home/luka/ws_moveit/install/moveit_resources_panda_description/share/moveit_resources_panda_description/meshes/collision/hand.stl
[7.452s] -- Installing: /home/luka/ws_moveit/install/moveit_resources_panda_description/share/moveit_resources_panda_description/urdf
[7.453s] -- Installing: /home/luka/ws_moveit/install/moveit_resources_panda_description/share/moveit_resources_panda_description/urdf/panda.urdf
[7.456s] -- Installing: /home/luka/ws_moveit/install/moveit_resources_panda_description/share/moveit_resources_panda_description/urdf/panda.urdf.xacro
[7.464s] Invoked command in '/home/luka/ws_moveit/build/moveit_resources_panda_description' returned '0': CMAKE_PREFIX_PATH=${CMAKE_PREFIX_PATH}:/opt/ros/jazzy DEBUGINFOD_URLS=https://debuginfod.ubuntu.com /usr/bin/cmake --install /home/luka/ws_moveit/build/moveit_resources_panda_description
