[0.187s] Invoking command in '/home/luka/ws_moveit/build/moveit_py': AMENT_PREFIX_PATH=/home/luka/ws_moveit/install/moveit_ros_planning_interface:/home/luka/ws_moveit/install/moveit_ros_move_group:/home/luka/ws_moveit/install/moveit_ros_warehouse:/home/luka/ws_moveit/install/moveit_kinematics:/home/luka/ws_moveit/install/moveit_ros_planning:/home/luka/ws_moveit/install/moveit_simple_controller_manager:/home/luka/ws_moveit/install/moveit_ros_occupancy_map_monitor:/home/luka/ws_moveit/install/moveit_core:/home/luka/ws_moveit/install/moveit_resources_panda_moveit_config:/home/luka/ws_moveit/install/moveit_resources_fanuc_moveit_config:/home/luka/ws_moveit/install/moveit_resources_pr2_description:/home/luka/ws_moveit/install/moveit_resources_panda_description:/home/luka/ws_moveit/install/moveit_resources_fanuc_description:/home/luka/ws_moveit/install/moveit_msgs:/home/luka/ws_moveit/install/moveit_configs_utils:/home/luka/ws_moveit/install/moveit_common:${AMENT_PREFIX_PATH} CMAKE_PREFIX_PATH=/home/luka/ws_moveit/install/moveit_ros_planning_interface:/home/luka/ws_moveit/install/moveit_ros_move_group:/home/luka/ws_moveit/install/moveit_ros_warehouse:/home/luka/ws_moveit/install/moveit_kinematics:/home/luka/ws_moveit/install/moveit_ros_planning:/home/luka/ws_moveit/install/moveit_simple_controller_manager:/home/luka/ws_moveit/install/moveit_ros_occupancy_map_monitor:/home/luka/ws_moveit/install/moveit_core:/home/luka/ws_moveit/install/moveit_resources_panda_moveit_config:/home/luka/ws_moveit/install/moveit_resources_fanuc_moveit_config:/home/luka/ws_moveit/install/moveit_resources_pr2_description:/home/luka/ws_moveit/install/moveit_resources_panda_description:/home/luka/ws_moveit/install/moveit_resources_fanuc_description:/home/luka/ws_moveit/install/moveit_msgs:/home/luka/ws_moveit/install/moveit_common:/opt/ros/jazzy/opt/gz_sim_vendor:/opt/ros/jazzy/opt/gz_sensors_vendor:/opt/ros/jazzy/opt/gz_physics_vendor:/opt/ros/jazzy/opt/sdformat_vendor:/opt/ros/jazzy/opt/gz_gui_vendor:/opt/ros/jazzy/opt/gz_transport_vendor:/opt/ros/jazzy/opt/gz_rendering_vendor:/opt/ros/jazzy/opt/gz_plugin_vendor:/opt/ros/jazzy/opt/gz_fuel_tools_vendor:/opt/ros/jazzy/opt/gz_msgs_vendor:/opt/ros/jazzy/opt/gz_common_vendor:/opt/ros/jazzy/opt/gz_math_vendor:/opt/ros/jazzy/opt/gz_utils_vendor:/opt/ros/jazzy/opt/gz_tools_vendor:/opt/ros/jazzy/opt/gz_ogre_next_vendor:/opt/ros/jazzy/opt/gz_dartsim_vendor:/opt/ros/jazzy/opt/gz_cmake_vendor:/opt/ros/jazzy DEBUGINFOD_URLS=https://debuginfod.ubuntu.com LD_LIBRARY_PATH=/home/luka/ws_moveit/install/moveit_ros_planning_interface/lib:/home/luka/ws_moveit/install/moveit_ros_move_group/lib:/home/luka/ws_moveit/install/moveit_ros_warehouse/lib:/home/luka/ws_moveit/install/moveit_kinematics/lib:/home/luka/ws_moveit/install/moveit_ros_planning/lib:/home/luka/ws_moveit/install/moveit_simple_controller_manager/lib:/home/luka/ws_moveit/install/moveit_ros_occupancy_map_monitor/lib:/home/luka/ws_moveit/install/moveit_core/lib:/home/luka/ws_moveit/install/moveit_msgs/lib:${LD_LIBRARY_PATH} PATH=/home/luka/ws_moveit/install/moveit_core/bin:${PATH} PYTHONPATH=/home/luka/ws_moveit/install/moveit_msgs/lib/python3.12/site-packages:/home/luka/ws_moveit/install/moveit_configs_utils/lib/python3.12/site-packages:${PYTHONPATH} /usr/bin/cmake /home/luka/ws_moveit/src/moveit2/moveit_py -DCMAKE_BUILD_TYPE=Release -DCMAKE_INSTALL_PREFIX=/home/luka/ws_moveit/install/moveit_py
[0.449s] -- The C compiler identification is GNU 13.3.0
[0.744s] -- The CXX compiler identification is GNU 13.3.0
[0.810s] -- Detecting C compiler ABI info
[1.303s] -- Detecting C compiler ABI info - done
[1.382s] -- Check for working C compiler: /usr/bin/cc - skipped
[1.383s] -- Detecting C compile features
[1.386s] -- Detecting C compile features - done
[1.434s] -- Detecting CXX compiler ABI info
[1.871s] -- Detecting CXX compiler ABI info - done
[1.940s] -- Check for working CXX compiler: /usr/bin/c++ - skipped
[1.942s] -- Detecting CXX compile features
[1.945s] -- Detecting CXX compile features - done
[1.976s] -- Found ament_cmake: 2.5.4 (/opt/ros/jazzy/share/ament_cmake/cmake)
[2.973s] -- Found Python3: /usr/bin/python3 (found version "3.12.3") found components: Interpreter 
[3.740s] -- Found rclcpp: 28.1.13 (/opt/ros/jazzy/share/rclcpp/cmake)
[4.090s] -- Found rosidl_generator_c: 4.6.6 (/opt/ros/jazzy/share/rosidl_generator_c/cmake)
[4.211s] -- Found rosidl_generator_cpp: 4.6.6 (/opt/ros/jazzy/share/rosidl_generator_cpp/cmake)
[4.350s] -- Using all available rosidl_typesupport_c: rosidl_typesupport_fastrtps_c;rosidl_typesupport_introspection_c
[4.501s] -- Using all available rosidl_typesupport_cpp: rosidl_typesupport_fastrtps_cpp;rosidl_typesupport_introspection_cpp
[5.116s] -- Found rmw_implementation_cmake: 7.3.2 (/opt/ros/jazzy/share/rmw_implementation_cmake/cmake)
[5.151s] -- Found rmw_fastrtps_cpp: 8.4.3 (/opt/ros/jazzy/share/rmw_fastrtps_cpp/cmake)
[5.709s] -- Found OpenSSL: /usr/lib/x86_64-linux-gnu/libcrypto.so (found version "3.0.13")  
[5.837s] -- Found FastRTPS: /opt/ros/jazzy/include (Required is at least version "2.13") 
[5.976s] -- Using RMW implementation 'rmw_fastrtps_cpp' as default
[6.581s] -- Found rclpy: 7.1.6 (/opt/ros/jazzy/share/rclpy/cmake)
[6.609s] -- Found geometry_msgs: 5.3.6 (/opt/ros/jazzy/share/geometry_msgs/cmake)
[6.869s] -- Found moveit_ros_planning: 2.14.1 (/home/luka/ws_moveit/install/moveit_ros_planning/share/moveit_ros_planning/cmake)
[7.719s] -- Found Boost: /usr/lib/x86_64-linux-gnu/cmake/Boost-1.83.0/BoostConfig.cmake (found version "1.83.0") found components: system filesystem date_time program_options thread chrono 
[7.899s] -- Found parameter_traits: 0.5.0 (/opt/ros/jazzy/share/parameter_traits/cmake)
[8.049s] -- Found rclcpp_lifecycle: 28.1.13 (/opt/ros/jazzy/share/rclcpp_lifecycle/cmake)
[8.536s] -- Found Boost: /usr/lib/x86_64-linux-gnu/cmake/Boost-1.83.0/BoostConfig.cmake (found version "1.83.0") found components: chrono date_time filesystem iostreams program_options regex serialization system thread 
[9.083s] -- Found Boost: /usr/lib/x86_64-linux-gnu/cmake/Boost-1.83.0/BoostConfig.cmake (found version "1.83.0") found components: filesystem 
[10.041s] -- Found Eigen3: TRUE (found version "3.4.0") 
[10.042s] -- Ensuring Eigen3 include directory is part of orocos-kdl CMake target
[13.183s] -- Found moveit_ros_planning_interface: 2.14.1 (/home/luka/ws_moveit/install/moveit_ros_planning_interface/share/moveit_ros_planning_interface/cmake)
[13.214s] -- Found Boost: /usr/lib/x86_64-linux-gnu/cmake/Boost-1.83.0/BoostConfig.cmake (found version "1.83.0") found components: date_time filesystem program_options system thread 
[13.325s] -- Found Boost: /usr/lib/x86_64-linux-gnu/cmake/Boost-1.83.0/BoostConfig.cmake (found version "1.83.0") found components: thread system filesystem regex date_time program_options 
[13.536s] -- Found Boost: /usr/lib/x86_64-linux-gnu/cmake/Boost-1.83.0/BoostConfig.cmake (found version "1.83.0") found components: system filesystem date_time program_options thread 
[15.311s] -- Found Python3: /usr/bin/python3 (found version "3.12.3") found components: Interpreter Development Development.Module Development.Embed 
[15.752s] -- Performing Test HAS_FLTO
[16.636s] -- Performing Test HAS_FLTO - Success
[16.642s] -- Found pybind11: /usr/include (found version "2.11.1")
[17.487s] -- Found ament_cmake_pytest: 2.5.4 (/opt/ros/jazzy/share/ament_cmake_pytest/cmake)
[24.103s] -- Configuring done (23.9s)
[24.469s] -- Generating done (0.3s)
[24.552s] -- Build files have been written to: /home/luka/ws_moveit/build/moveit_py
[24.650s] Invoked command in '/home/luka/ws_moveit/build/moveit_py' returned '0': AMENT_PREFIX_PATH=/home/luka/ws_moveit/install/moveit_ros_planning_interface:/home/luka/ws_moveit/install/moveit_ros_move_group:/home/luka/ws_moveit/install/moveit_ros_warehouse:/home/luka/ws_moveit/install/moveit_kinematics:/home/luka/ws_moveit/install/moveit_ros_planning:/home/luka/ws_moveit/install/moveit_simple_controller_manager:/home/luka/ws_moveit/install/moveit_ros_occupancy_map_monitor:/home/luka/ws_moveit/install/moveit_core:/home/luka/ws_moveit/install/moveit_resources_panda_moveit_config:/home/luka/ws_moveit/install/moveit_resources_fanuc_moveit_config:/home/luka/ws_moveit/install/moveit_resources_pr2_description:/home/luka/ws_moveit/install/moveit_resources_panda_description:/home/luka/ws_moveit/install/moveit_resources_fanuc_description:/home/luka/ws_moveit/install/moveit_msgs:/home/luka/ws_moveit/install/moveit_configs_utils:/home/luka/ws_moveit/install/moveit_common:${AMENT_PREFIX_PATH} CMAKE_PREFIX_PATH=/home/luka/ws_moveit/install/moveit_ros_planning_interface:/home/luka/ws_moveit/install/moveit_ros_move_group:/home/luka/ws_moveit/install/moveit_ros_warehouse:/home/luka/ws_moveit/install/moveit_kinematics:/home/luka/ws_moveit/install/moveit_ros_planning:/home/luka/ws_moveit/install/moveit_simple_controller_manager:/home/luka/ws_moveit/install/moveit_ros_occupancy_map_monitor:/home/luka/ws_moveit/install/moveit_core:/home/luka/ws_moveit/install/moveit_resources_panda_moveit_config:/home/luka/ws_moveit/install/moveit_resources_fanuc_moveit_config:/home/luka/ws_moveit/install/moveit_resources_pr2_description:/home/luka/ws_moveit/install/moveit_resources_panda_description:/home/luka/ws_moveit/install/moveit_resources_fanuc_description:/home/luka/ws_moveit/install/moveit_msgs:/home/luka/ws_moveit/install/moveit_common:/opt/ros/jazzy/opt/gz_sim_vendor:/opt/ros/jazzy/opt/gz_sensors_vendor:/opt/ros/jazzy/opt/gz_physics_vendor:/opt/ros/jazzy/opt/sdformat_vendor:/opt/ros/jazzy/opt/gz_gui_vendor:/opt/ros/jazzy/opt/gz_transport_vendor:/opt/ros/jazzy/opt/gz_rendering_vendor:/opt/ros/jazzy/opt/gz_plugin_vendor:/opt/ros/jazzy/opt/gz_fuel_tools_vendor:/opt/ros/jazzy/opt/gz_msgs_vendor:/opt/ros/jazzy/opt/gz_common_vendor:/opt/ros/jazzy/opt/gz_math_vendor:/opt/ros/jazzy/opt/gz_utils_vendor:/opt/ros/jazzy/opt/gz_tools_vendor:/opt/ros/jazzy/opt/gz_ogre_next_vendor:/opt/ros/jazzy/opt/gz_dartsim_vendor:/opt/ros/jazzy/opt/gz_cmake_vendor:/opt/ros/jazzy DEBUGINFOD_URLS=https://debuginfod.ubuntu.com LD_LIBRARY_PATH=/home/luka/ws_moveit/install/moveit_ros_planning_interface/lib:/home/luka/ws_moveit/install/moveit_ros_move_group/lib:/home/luka/ws_moveit/install/moveit_ros_warehouse/lib:/home/luka/ws_moveit/install/moveit_kinematics/lib:/home/luka/ws_moveit/install/moveit_ros_planning/lib:/home/luka/ws_moveit/install/moveit_simple_controller_manager/lib:/home/luka/ws_moveit/install/moveit_ros_occupancy_map_monitor/lib:/home/luka/ws_moveit/install/moveit_core/lib:/home/luka/ws_moveit/install/moveit_msgs/lib:${LD_LIBRARY_PATH} PATH=/home/luka/ws_moveit/install/moveit_core/bin:${PATH} PYTHONPATH=/home/luka/ws_moveit/install/moveit_msgs/lib/python3.12/site-packages:/home/luka/ws_moveit/install/moveit_configs_utils/lib/python3.12/site-packages:${PYTHONPATH} /usr/bin/cmake /home/luka/ws_moveit/src/moveit2/moveit_py -DCMAKE_BUILD_TYPE=Release -DCMAKE_INSTALL_PREFIX=/home/luka/ws_moveit/install/moveit_py
[24.657s] Invoking command in '/home/luka/ws_moveit/build/moveit_py': AMENT_PREFIX_PATH=/home/luka/ws_moveit/install/moveit_ros_planning_interface:/home/luka/ws_moveit/install/moveit_ros_move_group:/home/luka/ws_moveit/install/moveit_ros_warehouse:/home/luka/ws_moveit/install/moveit_kinematics:/home/luka/ws_moveit/install/moveit_ros_planning:/home/luka/ws_moveit/install/moveit_simple_controller_manager:/home/luka/ws_moveit/install/moveit_ros_occupancy_map_monitor:/home/luka/ws_moveit/install/moveit_core:/home/luka/ws_moveit/install/moveit_resources_panda_moveit_config:/home/luka/ws_moveit/install/moveit_resources_fanuc_moveit_config:/home/luka/ws_moveit/install/moveit_resources_pr2_description:/home/luka/ws_moveit/install/moveit_resources_panda_description:/home/luka/ws_moveit/install/moveit_resources_fanuc_description:/home/luka/ws_moveit/install/moveit_msgs:/home/luka/ws_moveit/install/moveit_configs_utils:/home/luka/ws_moveit/install/moveit_common:${AMENT_PREFIX_PATH} CMAKE_PREFIX_PATH=/home/luka/ws_moveit/install/moveit_ros_planning_interface:/home/luka/ws_moveit/install/moveit_ros_move_group:/home/luka/ws_moveit/install/moveit_ros_warehouse:/home/luka/ws_moveit/install/moveit_kinematics:/home/luka/ws_moveit/install/moveit_ros_planning:/home/luka/ws_moveit/install/moveit_simple_controller_manager:/home/luka/ws_moveit/install/moveit_ros_occupancy_map_monitor:/home/luka/ws_moveit/install/moveit_core:/home/luka/ws_moveit/install/moveit_resources_panda_moveit_config:/home/luka/ws_moveit/install/moveit_resources_fanuc_moveit_config:/home/luka/ws_moveit/install/moveit_resources_pr2_description:/home/luka/ws_moveit/install/moveit_resources_panda_description:/home/luka/ws_moveit/install/moveit_resources_fanuc_description:/home/luka/ws_moveit/install/moveit_msgs:/home/luka/ws_moveit/install/moveit_common:/opt/ros/jazzy/opt/gz_sim_vendor:/opt/ros/jazzy/opt/gz_sensors_vendor:/opt/ros/jazzy/opt/gz_physics_vendor:/opt/ros/jazzy/opt/sdformat_vendor:/opt/ros/jazzy/opt/gz_gui_vendor:/opt/ros/jazzy/opt/gz_transport_vendor:/opt/ros/jazzy/opt/gz_rendering_vendor:/opt/ros/jazzy/opt/gz_plugin_vendor:/opt/ros/jazzy/opt/gz_fuel_tools_vendor:/opt/ros/jazzy/opt/gz_msgs_vendor:/opt/ros/jazzy/opt/gz_common_vendor:/opt/ros/jazzy/opt/gz_math_vendor:/opt/ros/jazzy/opt/gz_utils_vendor:/opt/ros/jazzy/opt/gz_tools_vendor:/opt/ros/jazzy/opt/gz_ogre_next_vendor:/opt/ros/jazzy/opt/gz_dartsim_vendor:/opt/ros/jazzy/opt/gz_cmake_vendor:/opt/ros/jazzy DEBUGINFOD_URLS=https://debuginfod.ubuntu.com LD_LIBRARY_PATH=/home/luka/ws_moveit/install/moveit_ros_planning_interface/lib:/home/luka/ws_moveit/install/moveit_ros_move_group/lib:/home/luka/ws_moveit/install/moveit_ros_warehouse/lib:/home/luka/ws_moveit/install/moveit_kinematics/lib:/home/luka/ws_moveit/install/moveit_ros_planning/lib:/home/luka/ws_moveit/install/moveit_simple_controller_manager/lib:/home/luka/ws_moveit/install/moveit_ros_occupancy_map_monitor/lib:/home/luka/ws_moveit/install/moveit_core/lib:/home/luka/ws_moveit/install/moveit_msgs/lib:${LD_LIBRARY_PATH} PATH=/home/luka/ws_moveit/install/moveit_core/bin:${PATH} PYTHONPATH=/home/luka/ws_moveit/install/moveit_msgs/lib/python3.12/site-packages:/home/luka/ws_moveit/install/moveit_configs_utils/lib/python3.12/site-packages:${PYTHONPATH} /usr/bin/cmake --build /home/luka/ws_moveit/build/moveit_py -- -j4 -l4
[25.075s] [  0%] Built target ament_cmake_python_copy_moveit
[25.207s] [  4%] [32mBuilding CXX object src/moveit/moveit_py_utils/CMakeFiles/moveit_py_utils.dir/src/copy_ros_msg.cpp.o[0m
[55.454s] [  8%] [32mBuilding CXX object src/moveit/moveit_py_utils/CMakeFiles/moveit_py_utils.dir/src/ros_msg_typecasters.cpp.o[0m
[99.641s] [ 12%] [32m[1mLinking CXX shared library libmoveit_py_utils.so[0m
[106.777s] [ 12%] Built target moveit_py_utils
[109.843s] running egg_info
[109.849s] creating moveit.egg-info
[110.146s] writing moveit.egg-info/PKG-INFO
[110.148s] writing dependency_links to moveit.egg-info/dependency_links.txt
[110.150s] writing top-level names to moveit.egg-info/top_level.txt
[110.152s] writing manifest file 'moveit.egg-info/SOURCES.txt'
[111.215s] reading manifest file 'moveit.egg-info/SOURCES.txt'
[111.218s] writing manifest file 'moveit.egg-info/SOURCES.txt'
[111.395s] [ 12%] Built target ament_cmake_python_build_moveit_egg
[111.538s] [ 16%] [32mBuilding CXX object CMakeFiles/planning.dir/src/moveit/planning.cpp.o[0m
[184.913s] [ 20%] [32mBuilding CXX object CMakeFiles/planning.dir/src/moveit/moveit_ros/moveit_cpp/planning_component.cpp.o[0m
[216.015s] [ 25%] [32mBuilding CXX object CMakeFiles/planning.dir/src/moveit/moveit_ros/planning_scene_monitor/planning_scene_monitor.cpp.o[0m
[218.140s] [ 29%] [32mBuilding CXX object CMakeFiles/planning.dir/src/moveit/moveit_ros/moveit_cpp/moveit_cpp.cpp.o[0m
[382.871s] [ 33%] [32mBuilding CXX object CMakeFiles/planning.dir/src/moveit/moveit_ros/trajectory_execution_manager/trajectory_execution_manager.cpp.o[0m
[469.223s] [ 37%] [32m[1mLinking CXX shared module test_moveit/planning.cpython-312-x86_64-linux-gnu.so[0m
[474.393s] [01m[Klto-wrapper:[m[K [01;35m[Kwarning: [m[Kusing serial compilation of 7 LTRANS jobs
[474.395s] [01m[Klto-wrapper:[m[K [01;36m[Knote: [m[Ksee the ]8;;https://gcc.gnu.org/onlinedocs/gcc/Optimize-Options.html#index-flto‘[01m[K-flto[m[K’ option documentation]8;; for more information
[526.811s] [ 37%] Built target planning
[527.007s] [ 41%] [32mBuilding CXX object CMakeFiles/core.dir/src/moveit/core.cpp.o[0m
[572.760s] [ 45%] [32mBuilding CXX object CMakeFiles/core.dir/src/moveit/moveit_core/collision_detection/world.cpp.o[0m
[596.203s] [ 50%] [32mBuilding CXX object CMakeFiles/core.dir/src/moveit/moveit_core/controller_manager/controller_manager.cpp.o[0m
[635.214s] [ 54%] [32mBuilding CXX object CMakeFiles/core.dir/src/moveit/moveit_core/kinematic_constraints/utils.cpp.o[0m
[683.818s] [ 58%] [32mBuilding CXX object CMakeFiles/core.dir/src/moveit/moveit_core/planning_interface/planning_response.cpp.o[0m
[691.961s] [ 62%] [32mBuilding CXX object CMakeFiles/core.dir/src/moveit/moveit_core/planning_scene/planning_scene.cpp.o[0m
[693.154s] [ 66%] [32mBuilding CXX object CMakeFiles/core.dir/src/moveit/moveit_core/collision_detection/collision_matrix.cpp.o[0m
[694.394s] [ 70%] [32mBuilding CXX object CMakeFiles/core.dir/src/moveit/moveit_core/collision_detection/collision_common.cpp.o[0m
[843.412s] [ 75%] [32mBuilding CXX object CMakeFiles/core.dir/src/moveit/moveit_core/robot_model/joint_model_group.cpp.o[0m
[883.747s] [ 79%] [32mBuilding CXX object CMakeFiles/core.dir/src/moveit/moveit_core/robot_model/robot_model.cpp.o[0m
[930.910s] [ 83%] [32mBuilding CXX object CMakeFiles/core.dir/src/moveit/moveit_core/robot_state/robot_state.cpp.o[0m
[987.198s] [ 87%] [32mBuilding CXX object CMakeFiles/core.dir/src/moveit/moveit_core/robot_trajectory/robot_trajectory.cpp.o[0m
[1070.422s] [ 91%] [32mBuilding CXX object CMakeFiles/core.dir/src/moveit/moveit_core/robot_model/joint_model.cpp.o[0m
[1119.777s] [ 95%] [32mBuilding CXX object CMakeFiles/core.dir/src/moveit/moveit_core/transforms/transforms.cpp.o[0m
[1178.968s] [100%] [32m[1mLinking CXX shared module test_moveit/core.cpython-312-x86_64-linux-gnu.so[0m
[1190.006s] [01m[Klto-wrapper:[m[K [01;35m[Kwarning: [m[Kusing serial compilation of 10 LTRANS jobs
[1190.007s] [01m[Klto-wrapper:[m[K [01;36m[Knote: [m[Ksee the ]8;;https://gcc.gnu.org/onlinedocs/gcc/Optimize-Options.html#index-flto‘[01m[K-flto[m[K’ option documentation]8;; for more information
[1295.664s] [100%] Built target core
[1295.768s] Invoked command in '/home/luka/ws_moveit/build/moveit_py' returned '0': AMENT_PREFIX_PATH=/home/luka/ws_moveit/install/moveit_ros_planning_interface:/home/luka/ws_moveit/install/moveit_ros_move_group:/home/luka/ws_moveit/install/moveit_ros_warehouse:/home/luka/ws_moveit/install/moveit_kinematics:/home/luka/ws_moveit/install/moveit_ros_planning:/home/luka/ws_moveit/install/moveit_simple_controller_manager:/home/luka/ws_moveit/install/moveit_ros_occupancy_map_monitor:/home/luka/ws_moveit/install/moveit_core:/home/luka/ws_moveit/install/moveit_resources_panda_moveit_config:/home/luka/ws_moveit/install/moveit_resources_fanuc_moveit_config:/home/luka/ws_moveit/install/moveit_resources_pr2_description:/home/luka/ws_moveit/install/moveit_resources_panda_description:/home/luka/ws_moveit/install/moveit_resources_fanuc_description:/home/luka/ws_moveit/install/moveit_msgs:/home/luka/ws_moveit/install/moveit_configs_utils:/home/luka/ws_moveit/install/moveit_common:${AMENT_PREFIX_PATH} CMAKE_PREFIX_PATH=/home/luka/ws_moveit/install/moveit_ros_planning_interface:/home/luka/ws_moveit/install/moveit_ros_move_group:/home/luka/ws_moveit/install/moveit_ros_warehouse:/home/luka/ws_moveit/install/moveit_kinematics:/home/luka/ws_moveit/install/moveit_ros_planning:/home/luka/ws_moveit/install/moveit_simple_controller_manager:/home/luka/ws_moveit/install/moveit_ros_occupancy_map_monitor:/home/luka/ws_moveit/install/moveit_core:/home/luka/ws_moveit/install/moveit_resources_panda_moveit_config:/home/luka/ws_moveit/install/moveit_resources_fanuc_moveit_config:/home/luka/ws_moveit/install/moveit_resources_pr2_description:/home/luka/ws_moveit/install/moveit_resources_panda_description:/home/luka/ws_moveit/install/moveit_resources_fanuc_description:/home/luka/ws_moveit/install/moveit_msgs:/home/luka/ws_moveit/install/moveit_common:/opt/ros/jazzy/opt/gz_sim_vendor:/opt/ros/jazzy/opt/gz_sensors_vendor:/opt/ros/jazzy/opt/gz_physics_vendor:/opt/ros/jazzy/opt/sdformat_vendor:/opt/ros/jazzy/opt/gz_gui_vendor:/opt/ros/jazzy/opt/gz_transport_vendor:/opt/ros/jazzy/opt/gz_rendering_vendor:/opt/ros/jazzy/opt/gz_plugin_vendor:/opt/ros/jazzy/opt/gz_fuel_tools_vendor:/opt/ros/jazzy/opt/gz_msgs_vendor:/opt/ros/jazzy/opt/gz_common_vendor:/opt/ros/jazzy/opt/gz_math_vendor:/opt/ros/jazzy/opt/gz_utils_vendor:/opt/ros/jazzy/opt/gz_tools_vendor:/opt/ros/jazzy/opt/gz_ogre_next_vendor:/opt/ros/jazzy/opt/gz_dartsim_vendor:/opt/ros/jazzy/opt/gz_cmake_vendor:/opt/ros/jazzy DEBUGINFOD_URLS=https://debuginfod.ubuntu.com LD_LIBRARY_PATH=/home/luka/ws_moveit/install/moveit_ros_planning_interface/lib:/home/luka/ws_moveit/install/moveit_ros_move_group/lib:/home/luka/ws_moveit/install/moveit_ros_warehouse/lib:/home/luka/ws_moveit/install/moveit_kinematics/lib:/home/luka/ws_moveit/install/moveit_ros_planning/lib:/home/luka/ws_moveit/install/moveit_simple_controller_manager/lib:/home/luka/ws_moveit/install/moveit_ros_occupancy_map_monitor/lib:/home/luka/ws_moveit/install/moveit_core/lib:/home/luka/ws_moveit/install/moveit_msgs/lib:${LD_LIBRARY_PATH} PATH=/home/luka/ws_moveit/install/moveit_core/bin:${PATH} PYTHONPATH=/home/luka/ws_moveit/install/moveit_msgs/lib/python3.12/site-packages:/home/luka/ws_moveit/install/moveit_configs_utils/lib/python3.12/site-packages:${PYTHONPATH} /usr/bin/cmake --build /home/luka/ws_moveit/build/moveit_py -- -j4 -l4
[1295.776s] Invoking command in '/home/luka/ws_moveit/build/moveit_py': AMENT_PREFIX_PATH=/home/luka/ws_moveit/install/moveit_ros_planning_interface:/home/luka/ws_moveit/install/moveit_ros_move_group:/home/luka/ws_moveit/install/moveit_ros_warehouse:/home/luka/ws_moveit/install/moveit_kinematics:/home/luka/ws_moveit/install/moveit_ros_planning:/home/luka/ws_moveit/install/moveit_simple_controller_manager:/home/luka/ws_moveit/install/moveit_ros_occupancy_map_monitor:/home/luka/ws_moveit/install/moveit_core:/home/luka/ws_moveit/install/moveit_resources_panda_moveit_config:/home/luka/ws_moveit/install/moveit_resources_fanuc_moveit_config:/home/luka/ws_moveit/install/moveit_resources_pr2_description:/home/luka/ws_moveit/install/moveit_resources_panda_description:/home/luka/ws_moveit/install/moveit_resources_fanuc_description:/home/luka/ws_moveit/install/moveit_msgs:/home/luka/ws_moveit/install/moveit_configs_utils:/home/luka/ws_moveit/install/moveit_common:${AMENT_PREFIX_PATH} CMAKE_PREFIX_PATH=/home/luka/ws_moveit/install/moveit_ros_planning_interface:/home/luka/ws_moveit/install/moveit_ros_move_group:/home/luka/ws_moveit/install/moveit_ros_warehouse:/home/luka/ws_moveit/install/moveit_kinematics:/home/luka/ws_moveit/install/moveit_ros_planning:/home/luka/ws_moveit/install/moveit_simple_controller_manager:/home/luka/ws_moveit/install/moveit_ros_occupancy_map_monitor:/home/luka/ws_moveit/install/moveit_core:/home/luka/ws_moveit/install/moveit_resources_panda_moveit_config:/home/luka/ws_moveit/install/moveit_resources_fanuc_moveit_config:/home/luka/ws_moveit/install/moveit_resources_pr2_description:/home/luka/ws_moveit/install/moveit_resources_panda_description:/home/luka/ws_moveit/install/moveit_resources_fanuc_description:/home/luka/ws_moveit/install/moveit_msgs:/home/luka/ws_moveit/install/moveit_common:/opt/ros/jazzy/opt/gz_sim_vendor:/opt/ros/jazzy/opt/gz_sensors_vendor:/opt/ros/jazzy/opt/gz_physics_vendor:/opt/ros/jazzy/opt/sdformat_vendor:/opt/ros/jazzy/opt/gz_gui_vendor:/opt/ros/jazzy/opt/gz_transport_vendor:/opt/ros/jazzy/opt/gz_rendering_vendor:/opt/ros/jazzy/opt/gz_plugin_vendor:/opt/ros/jazzy/opt/gz_fuel_tools_vendor:/opt/ros/jazzy/opt/gz_msgs_vendor:/opt/ros/jazzy/opt/gz_common_vendor:/opt/ros/jazzy/opt/gz_math_vendor:/opt/ros/jazzy/opt/gz_utils_vendor:/opt/ros/jazzy/opt/gz_tools_vendor:/opt/ros/jazzy/opt/gz_ogre_next_vendor:/opt/ros/jazzy/opt/gz_dartsim_vendor:/opt/ros/jazzy/opt/gz_cmake_vendor:/opt/ros/jazzy DEBUGINFOD_URLS=https://debuginfod.ubuntu.com LD_LIBRARY_PATH=/home/luka/ws_moveit/install/moveit_ros_planning_interface/lib:/home/luka/ws_moveit/install/moveit_ros_move_group/lib:/home/luka/ws_moveit/install/moveit_ros_warehouse/lib:/home/luka/ws_moveit/install/moveit_kinematics/lib:/home/luka/ws_moveit/install/moveit_ros_planning/lib:/home/luka/ws_moveit/install/moveit_simple_controller_manager/lib:/home/luka/ws_moveit/install/moveit_ros_occupancy_map_monitor/lib:/home/luka/ws_moveit/install/moveit_core/lib:/home/luka/ws_moveit/install/moveit_msgs/lib:${LD_LIBRARY_PATH} PATH=/home/luka/ws_moveit/install/moveit_core/bin:${PATH} PYTHONPATH=/home/luka/ws_moveit/install/moveit_msgs/lib/python3.12/site-packages:/home/luka/ws_moveit/install/moveit_configs_utils/lib/python3.12/site-packages:${PYTHONPATH} /usr/bin/cmake --install /home/luka/ws_moveit/build/moveit_py
[1295.903s] -- Install configuration: "Release"
[1295.909s] -- Installing: /home/luka/ws_moveit/install/moveit_py/lib/libmoveit_py_utils.so.
[1295.913s] -- Set non-toolchain portion of runtime path of "/home/luka/ws_moveit/install/moveit_py/lib/libmoveit_py_utils.so." to ""
[1295.914s] -- Installing: /home/luka/ws_moveit/install/moveit_py/lib/libmoveit_py_utils.so
[1295.918s] -- Installing: /home/luka/ws_moveit/install/moveit_py/include/moveit_py
[1295.919s] -- Installing: /home/luka/ws_moveit/install/moveit_py/include/moveit_py/moveit_py
[1295.923s] -- Installing: /home/luka/ws_moveit/install/moveit_py/include/moveit_py/moveit_py/moveit_py_utils
[1295.926s] -- Installing: /home/luka/ws_moveit/install/moveit_py/include/moveit_py/moveit_py/moveit_py_utils/ros_msg_typecasters.h
[1295.929s] -- Installing: /home/luka/ws_moveit/install/moveit_py/include/moveit_py/moveit_py/moveit_py_utils/rclpy_time_typecaster.hpp
[1295.937s] -- Installing: /home/luka/ws_moveit/install/moveit_py/include/moveit_py/moveit_py/moveit_py_utils/copy_ros_msg.hpp
[1295.939s] -- Installing: /home/luka/ws_moveit/install/moveit_py/include/moveit_py/moveit_py/moveit_py_utils/ros_msg_typecasters.hpp
[1295.940s] -- Installing: /home/luka/ws_moveit/install/moveit_py/include/moveit_py/moveit_py/moveit_py_utils/copy_ros_msg.h
[1295.950s] -- Installing: /home/luka/ws_moveit/install/moveit_py/share/moveit_py/environment/pythonpath.sh
[1295.955s] -- Installing: /home/luka/ws_moveit/install/moveit_py/share/moveit_py/environment/pythonpath.dsv
[1295.956s] -- Installing: /home/luka/ws_moveit/install/moveit_py/lib/python3.12/site-packages/moveit-2.14.1-py3.12.egg-info
[1295.965s] -- Installing: /home/luka/ws_moveit/install/moveit_py/lib/python3.12/site-packages/moveit-2.14.1-py3.12.egg-info/dependency_links.txt
[1295.967s] -- Installing: /home/luka/ws_moveit/install/moveit_py/lib/python3.12/site-packages/moveit-2.14.1-py3.12.egg-info/PKG-INFO
[1295.969s] -- Installing: /home/luka/ws_moveit/install/moveit_py/lib/python3.12/site-packages/moveit-2.14.1-py3.12.egg-info/SOURCES.txt
[1295.970s] -- Installing: /home/luka/ws_moveit/install/moveit_py/lib/python3.12/site-packages/moveit-2.14.1-py3.12.egg-info/top_level.txt
[1295.971s] -- Installing: /home/luka/ws_moveit/install/moveit_py/lib/python3.12/site-packages/moveit
[1295.981s] -- Installing: /home/luka/ws_moveit/install/moveit_py/lib/python3.12/site-packages/moveit/__init__.py
[1295.982s] -- Installing: /home/luka/ws_moveit/install/moveit_py/lib/python3.12/site-packages/moveit/utils.pyi
[1295.984s] -- Installing: /home/luka/ws_moveit/install/moveit_py/lib/python3.12/site-packages/moveit/utils.py
[1295.988s] -- Installing: /home/luka/ws_moveit/install/moveit_py/lib/python3.12/site-packages/moveit/README.md
[1295.989s] -- Installing: /home/luka/ws_moveit/install/moveit_py/lib/python3.12/site-packages/moveit/servo_client
[1295.995s] -- Installing: /home/luka/ws_moveit/install/moveit_py/lib/python3.12/site-packages/moveit/servo_client/__init__.py
[1295.995s] -- Installing: /home/luka/ws_moveit/install/moveit_py/lib/python3.12/site-packages/moveit/servo_client/teleop.py
[1295.996s] -- Installing: /home/luka/ws_moveit/install/moveit_py/lib/python3.12/site-packages/moveit/servo_client/teleop.pyi
[1295.997s] -- Installing: /home/luka/ws_moveit/install/moveit_py/lib/python3.12/site-packages/moveit/servo_client/README.md
[1296.000s] -- Installing: /home/luka/ws_moveit/install/moveit_py/lib/python3.12/site-packages/moveit/servo_client/devices
[1296.004s] -- Installing: /home/luka/ws_moveit/install/moveit_py/lib/python3.12/site-packages/moveit/servo_client/devices/__init__.py
[1296.009s] -- Installing: /home/luka/ws_moveit/install/moveit_py/lib/python3.12/site-packages/moveit/servo_client/devices/ps4_dualshock.py
[1296.010s] -- Installing: /home/luka/ws_moveit/install/moveit_py/lib/python3.12/site-packages/moveit/servo_client/devices/__init__.pyi
[1296.011s] -- Installing: /home/luka/ws_moveit/install/moveit_py/lib/python3.12/site-packages/moveit/servo_client/devices/ps4_dualshock.pyi
[1296.017s] -- Installing: /home/luka/ws_moveit/install/moveit_py/lib/python3.12/site-packages/moveit/servo_client/__init__.pyi
[1296.026s] -- Installing: /home/luka/ws_moveit/install/moveit_py/lib/python3.12/site-packages/moveit/planning.pyi
[1296.027s] -- Installing: /home/luka/ws_moveit/install/moveit_py/lib/python3.12/site-packages/moveit/py.typed
[1296.031s] -- Installing: /home/luka/ws_moveit/install/moveit_py/lib/python3.12/site-packages/moveit/core
[1296.039s] -- Installing: /home/luka/ws_moveit/install/moveit_py/lib/python3.12/site-packages/moveit/core/robot_model.pyi
[1296.039s] -- Installing: /home/luka/ws_moveit/install/moveit_py/lib/python3.12/site-packages/moveit/core/robot_state.pyi
[1296.040s] -- Installing: /home/luka/ws_moveit/install/moveit_py/lib/python3.12/site-packages/moveit/core/__init__.pyi
[1296.040s] -- Installing: /home/luka/ws_moveit/install/moveit_py/lib/python3.12/site-packages/moveit/core/planning_scene.pyi
[1296.049s] -- Installing: /home/luka/ws_moveit/install/moveit_py/lib/python3.12/site-packages/moveit/core/robot_trajectory.pyi
[1296.050s] -- Installing: /home/luka/ws_moveit/install/moveit_py/lib/python3.12/site-packages/moveit/core/planning_interface.pyi
[1296.051s] -- Installing: /home/luka/ws_moveit/install/moveit_py/lib/python3.12/site-packages/moveit/core/collision_detection.pyi
[1296.055s] -- Installing: /home/luka/ws_moveit/install/moveit_py/lib/python3.12/site-packages/moveit/core/controller_manager.pyi
[1296.058s] -- Installing: /home/luka/ws_moveit/install/moveit_py/lib/python3.12/site-packages/moveit/core/kinematic_constraints.pyi
[1296.059s] -- Installing: /home/luka/ws_moveit/install/moveit_py/lib/python3.12/site-packages/moveit/policies
[1296.060s] -- Installing: /home/luka/ws_moveit/install/moveit_py/lib/python3.12/site-packages/moveit/policies/policy.pyi
[1296.060s] -- Installing: /home/luka/ws_moveit/install/moveit_py/lib/python3.12/site-packages/moveit/policies/__init__.py
[1296.067s] -- Installing: /home/luka/ws_moveit/install/moveit_py/lib/python3.12/site-packages/moveit/policies/__init__.pyi
[1296.067s] -- Installing: /home/luka/ws_moveit/install/moveit_py/lib/python3.12/site-packages/moveit/policies/policy.py
[1296.369s] Listing '/home/luka/ws_moveit/install/moveit_py/lib/python3.12/site-packages/moveit'...
[1296.370s] Compiling '/home/luka/ws_moveit/install/moveit_py/lib/python3.12/site-packages/moveit/__init__.py'...
[1296.371s] Listing '/home/luka/ws_moveit/install/moveit_py/lib/python3.12/site-packages/moveit/core'...
[1296.372s] Listing '/home/luka/ws_moveit/install/moveit_py/lib/python3.12/site-packages/moveit/policies'...
[1296.372s] Compiling '/home/luka/ws_moveit/install/moveit_py/lib/python3.12/site-packages/moveit/policies/__init__.py'...
[1296.373s] Compiling '/home/luka/ws_moveit/install/moveit_py/lib/python3.12/site-packages/moveit/policies/policy.py'...
[1296.373s] Listing '/home/luka/ws_moveit/install/moveit_py/lib/python3.12/site-packages/moveit/servo_client'...
[1296.374s] Compiling '/home/luka/ws_moveit/install/moveit_py/lib/python3.12/site-packages/moveit/servo_client/__init__.py'...
[1296.375s] Listing '/home/luka/ws_moveit/install/moveit_py/lib/python3.12/site-packages/moveit/servo_client/devices'...
[1296.375s] Compiling '/home/luka/ws_moveit/install/moveit_py/lib/python3.12/site-packages/moveit/servo_client/devices/__init__.py'...
[1296.376s] Compiling '/home/luka/ws_moveit/install/moveit_py/lib/python3.12/site-packages/moveit/servo_client/devices/ps4_dualshock.py'...
[1296.376s] Compiling '/home/luka/ws_moveit/install/moveit_py/lib/python3.12/site-packages/moveit/servo_client/teleop.py'...
[1296.377s] Compiling '/home/luka/ws_moveit/install/moveit_py/lib/python3.12/site-packages/moveit/utils.py'...
[1296.400s] -- Installing: /home/luka/ws_moveit/install/moveit_py/lib/python3.12/site-packages/moveit/core.cpython-312-x86_64-linux-gnu.so
[1296.407s] -- Set non-toolchain portion of runtime path of "/home/luka/ws_moveit/install/moveit_py/lib/python3.12/site-packages/moveit/core.cpython-312-x86_64-linux-gnu.so" to ""
[1296.408s] -- Installing: /home/luka/ws_moveit/install/moveit_py/lib/python3.12/site-packages/moveit/planning.cpython-312-x86_64-linux-gnu.so
[1296.414s] -- Set non-toolchain portion of runtime path of "/home/luka/ws_moveit/install/moveit_py/lib/python3.12/site-packages/moveit/planning.cpython-312-x86_64-linux-gnu.so" to ""
[1296.415s] -- Installing: /home/luka/ws_moveit/install/moveit_py/share/moveit_py/environment/library_path.sh
[1296.416s] -- Installing: /home/luka/ws_moveit/install/moveit_py/share/moveit_py/environment/library_path.dsv
[1296.417s] -- Installing: /home/luka/ws_moveit/install/moveit_py/share/ament_index/resource_index/package_run_dependencies/moveit_py
[1296.418s] -- Installing: /home/luka/ws_moveit/install/moveit_py/share/ament_index/resource_index/parent_prefix_path/moveit_py
[1296.420s] -- Installing: /home/luka/ws_moveit/install/moveit_py/share/moveit_py/environment/ament_prefix_path.sh
[1296.422s] -- Installing: /home/luka/ws_moveit/install/moveit_py/share/moveit_py/environment/ament_prefix_path.dsv
[1296.423s] -- Installing: /home/luka/ws_moveit/install/moveit_py/share/moveit_py/environment/path.sh
[1296.424s] -- Installing: /home/luka/ws_moveit/install/moveit_py/share/moveit_py/environment/path.dsv
[1296.425s] -- Installing: /home/luka/ws_moveit/install/moveit_py/share/moveit_py/local_setup.bash
[1296.426s] -- Installing: /home/luka/ws_moveit/install/moveit_py/share/moveit_py/local_setup.sh
[1296.428s] -- Installing: /home/luka/ws_moveit/install/moveit_py/share/moveit_py/local_setup.zsh
[1296.429s] -- Installing: /home/luka/ws_moveit/install/moveit_py/share/moveit_py/local_setup.dsv
[1296.431s] -- Installing: /home/luka/ws_moveit/install/moveit_py/share/moveit_py/package.dsv
[1296.432s] -- Installing: /home/luka/ws_moveit/install/moveit_py/share/ament_index/resource_index/packages/moveit_py
[1296.434s] -- Installing: /home/luka/ws_moveit/install/moveit_py/share/moveit_py/cmake/moveit_py_utilsTargetsExport.cmake
[1296.435s] -- Installing: /home/luka/ws_moveit/install/moveit_py/share/moveit_py/cmake/moveit_py_utilsTargetsExport-release.cmake
[1296.436s] -- Installing: /home/luka/ws_moveit/install/moveit_py/share/moveit_py/cmake/ament_cmake_export_targets-extras.cmake
[1296.437s] -- Installing: /home/luka/ws_moveit/install/moveit_py/share/moveit_py/cmake/ament_cmake_export_dependencies-extras.cmake
[1296.438s] -- Installing: /home/luka/ws_moveit/install/moveit_py/share/moveit_py/cmake/moveit_pyConfig.cmake
[1296.438s] -- Installing: /home/luka/ws_moveit/install/moveit_py/share/moveit_py/cmake/moveit_pyConfig-version.cmake
[1296.442s] -- Installing: /home/luka/ws_moveit/install/moveit_py/share/moveit_py/package.xml
[1296.449s] Invoked command in '/home/luka/ws_moveit/build/moveit_py' returned '0': AMENT_PREFIX_PATH=/home/luka/ws_moveit/install/moveit_ros_planning_interface:/home/luka/ws_moveit/install/moveit_ros_move_group:/home/luka/ws_moveit/install/moveit_ros_warehouse:/home/luka/ws_moveit/install/moveit_kinematics:/home/luka/ws_moveit/install/moveit_ros_planning:/home/luka/ws_moveit/install/moveit_simple_controller_manager:/home/luka/ws_moveit/install/moveit_ros_occupancy_map_monitor:/home/luka/ws_moveit/install/moveit_core:/home/luka/ws_moveit/install/moveit_resources_panda_moveit_config:/home/luka/ws_moveit/install/moveit_resources_fanuc_moveit_config:/home/luka/ws_moveit/install/moveit_resources_pr2_description:/home/luka/ws_moveit/install/moveit_resources_panda_description:/home/luka/ws_moveit/install/moveit_resources_fanuc_description:/home/luka/ws_moveit/install/moveit_msgs:/home/luka/ws_moveit/install/moveit_configs_utils:/home/luka/ws_moveit/install/moveit_common:${AMENT_PREFIX_PATH} CMAKE_PREFIX_PATH=/home/luka/ws_moveit/install/moveit_ros_planning_interface:/home/luka/ws_moveit/install/moveit_ros_move_group:/home/luka/ws_moveit/install/moveit_ros_warehouse:/home/luka/ws_moveit/install/moveit_kinematics:/home/luka/ws_moveit/install/moveit_ros_planning:/home/luka/ws_moveit/install/moveit_simple_controller_manager:/home/luka/ws_moveit/install/moveit_ros_occupancy_map_monitor:/home/luka/ws_moveit/install/moveit_core:/home/luka/ws_moveit/install/moveit_resources_panda_moveit_config:/home/luka/ws_moveit/install/moveit_resources_fanuc_moveit_config:/home/luka/ws_moveit/install/moveit_resources_pr2_description:/home/luka/ws_moveit/install/moveit_resources_panda_description:/home/luka/ws_moveit/install/moveit_resources_fanuc_description:/home/luka/ws_moveit/install/moveit_msgs:/home/luka/ws_moveit/install/moveit_common:/opt/ros/jazzy/opt/gz_sim_vendor:/opt/ros/jazzy/opt/gz_sensors_vendor:/opt/ros/jazzy/opt/gz_physics_vendor:/opt/ros/jazzy/opt/sdformat_vendor:/opt/ros/jazzy/opt/gz_gui_vendor:/opt/ros/jazzy/opt/gz_transport_vendor:/opt/ros/jazzy/opt/gz_rendering_vendor:/opt/ros/jazzy/opt/gz_plugin_vendor:/opt/ros/jazzy/opt/gz_fuel_tools_vendor:/opt/ros/jazzy/opt/gz_msgs_vendor:/opt/ros/jazzy/opt/gz_common_vendor:/opt/ros/jazzy/opt/gz_math_vendor:/opt/ros/jazzy/opt/gz_utils_vendor:/opt/ros/jazzy/opt/gz_tools_vendor:/opt/ros/jazzy/opt/gz_ogre_next_vendor:/opt/ros/jazzy/opt/gz_dartsim_vendor:/opt/ros/jazzy/opt/gz_cmake_vendor:/opt/ros/jazzy DEBUGINFOD_URLS=https://debuginfod.ubuntu.com LD_LIBRARY_PATH=/home/luka/ws_moveit/install/moveit_ros_planning_interface/lib:/home/luka/ws_moveit/install/moveit_ros_move_group/lib:/home/luka/ws_moveit/install/moveit_ros_warehouse/lib:/home/luka/ws_moveit/install/moveit_kinematics/lib:/home/luka/ws_moveit/install/moveit_ros_planning/lib:/home/luka/ws_moveit/install/moveit_simple_controller_manager/lib:/home/luka/ws_moveit/install/moveit_ros_occupancy_map_monitor/lib:/home/luka/ws_moveit/install/moveit_core/lib:/home/luka/ws_moveit/install/moveit_msgs/lib:${LD_LIBRARY_PATH} PATH=/home/luka/ws_moveit/install/moveit_core/bin:${PATH} PYTHONPATH=/home/luka/ws_moveit/install/moveit_msgs/lib/python3.12/site-packages:/home/luka/ws_moveit/install/moveit_configs_utils/lib/python3.12/site-packages:${PYTHONPATH} /usr/bin/cmake --install /home/luka/ws_moveit/build/moveit_py
