[0.098s] Invoking command in '/home/luka/ws_moveit/build/moveit_resources_fanuc_moveit_config': AMENT_PREFIX_PATH=/home/luka/ws_moveit/install/moveit_resources_fanuc_description:${AMENT_PREFIX_PATH} CMAKE_PREFIX_PATH=/home/luka/ws_moveit/install/moveit_resources_fanuc_description:/opt/ros/jazzy/opt/gz_sim_vendor:/opt/ros/jazzy/opt/gz_sensors_vendor:/opt/ros/jazzy/opt/gz_physics_vendor:/opt/ros/jazzy/opt/sdformat_vendor:/opt/ros/jazzy/opt/gz_gui_vendor:/opt/ros/jazzy/opt/gz_transport_vendor:/opt/ros/jazzy/opt/gz_rendering_vendor:/opt/ros/jazzy/opt/gz_plugin_vendor:/opt/ros/jazzy/opt/gz_fuel_tools_vendor:/opt/ros/jazzy/opt/gz_msgs_vendor:/opt/ros/jazzy/opt/gz_common_vendor:/opt/ros/jazzy/opt/gz_math_vendor:/opt/ros/jazzy/opt/gz_utils_vendor:/opt/ros/jazzy/opt/gz_tools_vendor:/opt/ros/jazzy/opt/gz_ogre_next_vendor:/opt/ros/jazzy/opt/gz_dartsim_vendor:/opt/ros/jazzy/opt/gz_cmake_vendor:/opt/ros/jazzy DEBUGINFOD_URLS=https://debuginfod.ubuntu.com /usr/bin/cmake /home/luka/ws_moveit/src/moveit_resources/fanuc_moveit_config -DCMAKE_BUILD_TYPE=Release -DCMAKE_INSTALL_PREFIX=/home/luka/ws_moveit/install/moveit_resources_fanuc_moveit_config
[0.657s] -- The C compiler identification is GNU 13.3.0
[1.255s] -- The CXX compiler identification is GNU 13.3.0
[1.453s] -- Detecting C compiler ABI info
[2.444s] -- Detecting C compiler ABI info - done
[2.608s] -- Check for working C compiler: /usr/bin/cc - skipped
[2.612s] -- Detecting C compile features
[2.616s] -- Detecting C compile features - done
[2.721s] -- Detecting CXX compiler ABI info
[3.934s] -- Detecting CXX compiler ABI info - done
[4.166s] -- Check for working CXX compiler: /usr/bin/c++ - skipped
[4.167s] -- Detecting CXX compile features
[4.174s] -- Detecting CXX compile features - done
[4.232s] -- Found ament_cmake: 2.5.4 (/opt/ros/jazzy/share/ament_cmake/cmake)
[5.956s] -- Found Python3: /usr/bin/python3 (found version "3.12.3") found components: Interpreter 
[7.753s] -- Configuring done (7.6s)
[7.773s] -- Generating done (0.0s)
[7.786s] -- Build files have been written to: /home/luka/ws_moveit/build/moveit_resources_fanuc_moveit_config
[7.814s] Invoked command in '/home/luka/ws_moveit/build/moveit_resources_fanuc_moveit_config' returned '0': AMENT_PREFIX_PATH=/home/luka/ws_moveit/install/moveit_resources_fanuc_description:${AMENT_PREFIX_PATH} CMAKE_PREFIX_PATH=/home/luka/ws_moveit/install/moveit_resources_fanuc_description:/opt/ros/jazzy/opt/gz_sim_vendor:/opt/ros/jazzy/opt/gz_sensors_vendor:/opt/ros/jazzy/opt/gz_physics_vendor:/opt/ros/jazzy/opt/sdformat_vendor:/opt/ros/jazzy/opt/gz_gui_vendor:/opt/ros/jazzy/opt/gz_transport_vendor:/opt/ros/jazzy/opt/gz_rendering_vendor:/opt/ros/jazzy/opt/gz_plugin_vendor:/opt/ros/jazzy/opt/gz_fuel_tools_vendor:/opt/ros/jazzy/opt/gz_msgs_vendor:/opt/ros/jazzy/opt/gz_common_vendor:/opt/ros/jazzy/opt/gz_math_vendor:/opt/ros/jazzy/opt/gz_utils_vendor:/opt/ros/jazzy/opt/gz_tools_vendor:/opt/ros/jazzy/opt/gz_ogre_next_vendor:/opt/ros/jazzy/opt/gz_dartsim_vendor:/opt/ros/jazzy/opt/gz_cmake_vendor:/opt/ros/jazzy DEBUGINFOD_URLS=https://debuginfod.ubuntu.com /usr/bin/cmake /home/luka/ws_moveit/src/moveit_resources/fanuc_moveit_config -DCMAKE_BUILD_TYPE=Release -DCMAKE_INSTALL_PREFIX=/home/luka/ws_moveit/install/moveit_resources_fanuc_moveit_config
[7.824s] Invoking command in '/home/luka/ws_moveit/build/moveit_resources_fanuc_moveit_config': AMENT_PREFIX_PATH=/home/luka/ws_moveit/install/moveit_resources_fanuc_description:${AMENT_PREFIX_PATH} CMAKE_PREFIX_PATH=/home/luka/ws_moveit/install/moveit_resources_fanuc_description:/opt/ros/jazzy/opt/gz_sim_vendor:/opt/ros/jazzy/opt/gz_sensors_vendor:/opt/ros/jazzy/opt/gz_physics_vendor:/opt/ros/jazzy/opt/sdformat_vendor:/opt/ros/jazzy/opt/gz_gui_vendor:/opt/ros/jazzy/opt/gz_transport_vendor:/opt/ros/jazzy/opt/gz_rendering_vendor:/opt/ros/jazzy/opt/gz_plugin_vendor:/opt/ros/jazzy/opt/gz_fuel_tools_vendor:/opt/ros/jazzy/opt/gz_msgs_vendor:/opt/ros/jazzy/opt/gz_common_vendor:/opt/ros/jazzy/opt/gz_math_vendor:/opt/ros/jazzy/opt/gz_utils_vendor:/opt/ros/jazzy/opt/gz_tools_vendor:/opt/ros/jazzy/opt/gz_ogre_next_vendor:/opt/ros/jazzy/opt/gz_dartsim_vendor:/opt/ros/jazzy/opt/gz_cmake_vendor:/opt/ros/jazzy DEBUGINFOD_URLS=https://debuginfod.ubuntu.com /usr/bin/cmake --build /home/luka/ws_moveit/build/moveit_resources_fanuc_moveit_config -- -j4 -l4
[8.356s] Invoked command in '/home/luka/ws_moveit/build/moveit_resources_fanuc_moveit_config' returned '0': AMENT_PREFIX_PATH=/home/luka/ws_moveit/install/moveit_resources_fanuc_description:${AMENT_PREFIX_PATH} CMAKE_PREFIX_PATH=/home/luka/ws_moveit/install/moveit_resources_fanuc_description:/opt/ros/jazzy/opt/gz_sim_vendor:/opt/ros/jazzy/opt/gz_sensors_vendor:/opt/ros/jazzy/opt/gz_physics_vendor:/opt/ros/jazzy/opt/sdformat_vendor:/opt/ros/jazzy/opt/gz_gui_vendor:/opt/ros/jazzy/opt/gz_transport_vendor:/opt/ros/jazzy/opt/gz_rendering_vendor:/opt/ros/jazzy/opt/gz_plugin_vendor:/opt/ros/jazzy/opt/gz_fuel_tools_vendor:/opt/ros/jazzy/opt/gz_msgs_vendor:/opt/ros/jazzy/opt/gz_common_vendor:/opt/ros/jazzy/opt/gz_math_vendor:/opt/ros/jazzy/opt/gz_utils_vendor:/opt/ros/jazzy/opt/gz_tools_vendor:/opt/ros/jazzy/opt/gz_ogre_next_vendor:/opt/ros/jazzy/opt/gz_dartsim_vendor:/opt/ros/jazzy/opt/gz_cmake_vendor:/opt/ros/jazzy DEBUGINFOD_URLS=https://debuginfod.ubuntu.com /usr/bin/cmake --build /home/luka/ws_moveit/build/moveit_resources_fanuc_moveit_config -- -j4 -l4
[8.364s] Invoking command in '/home/luka/ws_moveit/build/moveit_resources_fanuc_moveit_config': AMENT_PREFIX_PATH=/home/luka/ws_moveit/install/moveit_resources_fanuc_description:${AMENT_PREFIX_PATH} CMAKE_PREFIX_PATH=/home/luka/ws_moveit/install/moveit_resources_fanuc_description:/opt/ros/jazzy/opt/gz_sim_vendor:/opt/ros/jazzy/opt/gz_sensors_vendor:/opt/ros/jazzy/opt/gz_physics_vendor:/opt/ros/jazzy/opt/sdformat_vendor:/opt/ros/jazzy/opt/gz_gui_vendor:/opt/ros/jazzy/opt/gz_transport_vendor:/opt/ros/jazzy/opt/gz_rendering_vendor:/opt/ros/jazzy/opt/gz_plugin_vendor:/opt/ros/jazzy/opt/gz_fuel_tools_vendor:/opt/ros/jazzy/opt/gz_msgs_vendor:/opt/ros/jazzy/opt/gz_common_vendor:/opt/ros/jazzy/opt/gz_math_vendor:/opt/ros/jazzy/opt/gz_utils_vendor:/opt/ros/jazzy/opt/gz_tools_vendor:/opt/ros/jazzy/opt/gz_ogre_next_vendor:/opt/ros/jazzy/opt/gz_dartsim_vendor:/opt/ros/jazzy/opt/gz_cmake_vendor:/opt/ros/jazzy DEBUGINFOD_URLS=https://debuginfod.ubuntu.com /usr/bin/cmake --install /home/luka/ws_moveit/build/moveit_resources_fanuc_moveit_config
[8.445s] -- Install configuration: "Release"
[8.452s] -- Installing: /home/luka/ws_moveit/install/moveit_resources_fanuc_moveit_config/share/ament_index/resource_index/package_run_dependencies/moveit_resources_fanuc_moveit_config
[8.455s] -- Installing: /home/luka/ws_moveit/install/moveit_resources_fanuc_moveit_config/share/ament_index/resource_index/parent_prefix_path/moveit_resources_fanuc_moveit_config
[8.459s] -- Installing: /home/luka/ws_moveit/install/moveit_resources_fanuc_moveit_config/share/moveit_resources_fanuc_moveit_config/environment/ament_prefix_path.sh
[8.460s] -- Installing: /home/luka/ws_moveit/install/moveit_resources_fanuc_moveit_config/share/moveit_resources_fanuc_moveit_config/environment/ament_prefix_path.dsv
[8.461s] -- Installing: /home/luka/ws_moveit/install/moveit_resources_fanuc_moveit_config/share/moveit_resources_fanuc_moveit_config/environment/path.sh
[8.467s] -- Installing: /home/luka/ws_moveit/install/moveit_resources_fanuc_moveit_config/share/moveit_resources_fanuc_moveit_config/environment/path.dsv
[8.468s] -- Installing: /home/luka/ws_moveit/install/moveit_resources_fanuc_moveit_config/share/moveit_resources_fanuc_moveit_config/local_setup.bash
[8.469s] -- Installing: /home/luka/ws_moveit/install/moveit_resources_fanuc_moveit_config/share/moveit_resources_fanuc_moveit_config/local_setup.sh
[8.469s] -- Installing: /home/luka/ws_moveit/install/moveit_resources_fanuc_moveit_config/share/moveit_resources_fanuc_moveit_config/local_setup.zsh
[8.476s] -- Installing: /home/luka/ws_moveit/install/moveit_resources_fanuc_moveit_config/share/moveit_resources_fanuc_moveit_config/local_setup.dsv
[8.477s] -- Installing: /home/luka/ws_moveit/install/moveit_resources_fanuc_moveit_config/share/moveit_resources_fanuc_moveit_config/package.dsv
[8.478s] -- Installing: /home/luka/ws_moveit/install/moveit_resources_fanuc_moveit_config/share/ament_index/resource_index/packages/moveit_resources_fanuc_moveit_config
[8.480s] -- Installing: /home/luka/ws_moveit/install/moveit_resources_fanuc_moveit_config/share/moveit_resources_fanuc_moveit_config/cmake/moveit_resources_fanuc_moveit_configConfig.cmake
[8.481s] -- Installing: /home/luka/ws_moveit/install/moveit_resources_fanuc_moveit_config/share/moveit_resources_fanuc_moveit_config/cmake/moveit_resources_fanuc_moveit_configConfig-version.cmake
[8.482s] -- Installing: /home/luka/ws_moveit/install/moveit_resources_fanuc_moveit_config/share/moveit_resources_fanuc_moveit_config/package.xml
[8.483s] -- Installing: /home/luka/ws_moveit/install/moveit_resources_fanuc_moveit_config/share/moveit_resources_fanuc_moveit_config/launch
[8.483s] -- Installing: /home/luka/ws_moveit/install/moveit_resources_fanuc_moveit_config/share/moveit_resources_fanuc_moveit_config/launch/moveit.rviz
[8.484s] -- Installing: /home/luka/ws_moveit/install/moveit_resources_fanuc_moveit_config/share/moveit_resources_fanuc_moveit_config/launch/demo.launch.py
[8.485s] -- Installing: /home/luka/ws_moveit/install/moveit_resources_fanuc_moveit_config/share/moveit_resources_fanuc_moveit_config/config
[8.485s] -- Installing: /home/luka/ws_moveit/install/moveit_resources_fanuc_moveit_config/share/moveit_resources_fanuc_moveit_config/config/chomp_planning.yaml
[8.486s] -- Installing: /home/luka/ws_moveit/install/moveit_resources_fanuc_moveit_config/share/moveit_resources_fanuc_moveit_config/config/pilz_cartesian_limits.yaml
[8.491s] -- Installing: /home/luka/ws_moveit/install/moveit_resources_fanuc_moveit_config/share/moveit_resources_fanuc_moveit_config/config/fanuc.urdf.xacro
[8.491s] -- Installing: /home/luka/ws_moveit/install/moveit_resources_fanuc_moveit_config/share/moveit_resources_fanuc_moveit_config/config/ompl_planning.yaml
[8.492s] -- Installing: /home/luka/ws_moveit/install/moveit_resources_fanuc_moveit_config/share/moveit_resources_fanuc_moveit_config/config/kinematics.yaml
[8.496s] -- Installing: /home/luka/ws_moveit/install/moveit_resources_fanuc_moveit_config/share/moveit_resources_fanuc_moveit_config/config/joint_limits.yaml
[8.497s] -- Installing: /home/luka/ws_moveit/install/moveit_resources_fanuc_moveit_config/share/moveit_resources_fanuc_moveit_config/config/fanuc.srdf
[8.497s] -- Installing: /home/luka/ws_moveit/install/moveit_resources_fanuc_moveit_config/share/moveit_resources_fanuc_moveit_config/config/ros2_controllers.yaml
[8.498s] -- Installing: /home/luka/ws_moveit/install/moveit_resources_fanuc_moveit_config/share/moveit_resources_fanuc_moveit_config/config/initial_positions.yaml
[8.502s] -- Installing: /home/luka/ws_moveit/install/moveit_resources_fanuc_moveit_config/share/moveit_resources_fanuc_moveit_config/config/sensors_3d.yaml
[8.502s] -- Installing: /home/luka/ws_moveit/install/moveit_resources_fanuc_moveit_config/share/moveit_resources_fanuc_moveit_config/config/moveit_controllers.yaml
[8.503s] -- Installing: /home/luka/ws_moveit/install/moveit_resources_fanuc_moveit_config/share/moveit_resources_fanuc_moveit_config/config/fanuc.ros2_control.xacro
[8.504s] -- Installing: /home/luka/ws_moveit/install/moveit_resources_fanuc_moveit_config/share/moveit_resources_fanuc_moveit_config/.setup_assistant
[8.520s] Invoked command in '/home/luka/ws_moveit/build/moveit_resources_fanuc_moveit_config' returned '0': AMENT_PREFIX_PATH=/home/luka/ws_moveit/install/moveit_resources_fanuc_description:${AMENT_PREFIX_PATH} CMAKE_PREFIX_PATH=/home/luka/ws_moveit/install/moveit_resources_fanuc_description:/opt/ros/jazzy/opt/gz_sim_vendor:/opt/ros/jazzy/opt/gz_sensors_vendor:/opt/ros/jazzy/opt/gz_physics_vendor:/opt/ros/jazzy/opt/sdformat_vendor:/opt/ros/jazzy/opt/gz_gui_vendor:/opt/ros/jazzy/opt/gz_transport_vendor:/opt/ros/jazzy/opt/gz_rendering_vendor:/opt/ros/jazzy/opt/gz_plugin_vendor:/opt/ros/jazzy/opt/gz_fuel_tools_vendor:/opt/ros/jazzy/opt/gz_msgs_vendor:/opt/ros/jazzy/opt/gz_common_vendor:/opt/ros/jazzy/opt/gz_math_vendor:/opt/ros/jazzy/opt/gz_utils_vendor:/opt/ros/jazzy/opt/gz_tools_vendor:/opt/ros/jazzy/opt/gz_ogre_next_vendor:/opt/ros/jazzy/opt/gz_dartsim_vendor:/opt/ros/jazzy/opt/gz_cmake_vendor:/opt/ros/jazzy DEBUGINFOD_URLS=https://debuginfod.ubuntu.com /usr/bin/cmake --install /home/luka/ws_moveit/build/moveit_resources_fanuc_moveit_config
