[0.598s] Invoking command in '/home/luka/ws_moveit/build/moveit_task_constructor_visualization': AMENT_PREFIX_PATH=/home/luka/ws_moveit/install/moveit_task_constructor_core:/home/luka/ws_moveit/install/moveit_planners:/home/luka/ws_moveit/install/pilz_industrial_motion_planner:/home/luka/ws_moveit/install/moveit_ros_visualization:/home/luka/ws_moveit/install/moveit_resources_prbt_pg70_support:/home/luka/ws_moveit/install/moveit_py:/home/luka/ws_moveit/install/moveit_ros_planning_interface:/home/luka/ws_moveit/install/moveit_resources_prbt_moveit_config:/home/luka/ws_moveit/install/moveit_ros_move_group:/home/luka/ws_moveit/install/moveit_ros_warehouse:/home/luka/ws_moveit/install/moveit_ros_robot_interaction:/home/luka/ws_moveit/install/moveit_planners_ompl:/home/luka/ws_moveit/install/moveit_kinematics:/home/luka/ws_moveit/install/moveit_ros_planning:/home/luka/ws_moveit/install/moveit_planners_chomp:/home/luka/ws_moveit/install/pilz_industrial_motion_planner_testutils:/home/luka/ws_moveit/install/moveit_simple_controller_manager:/home/luka/ws_moveit/install/moveit_ros_occupancy_map_monitor:/home/luka/ws_moveit/install/moveit_resources_prbt_ikfast_manipulator_plugin:/home/luka/ws_moveit/install/moveit_planners_stomp:/home/luka/ws_moveit/install/chomp_motion_planner:/home/luka/ws_moveit/install/moveit_core:/home/luka/ws_moveit/install/rviz_marker_tools:/home/luka/ws_moveit/install/moveit_task_constructor_msgs:/home/luka/ws_moveit/install/moveit_resources_panda_moveit_config:/home/luka/ws_moveit/install/moveit_resources_fanuc_moveit_config:/home/luka/ws_moveit/install/moveit_resources_prbt_support:/home/luka/ws_moveit/install/moveit_resources_pr2_description:/home/luka/ws_moveit/install/moveit_resources_panda_description:/home/luka/ws_moveit/install/moveit_resources_fanuc_description:/home/luka/ws_moveit/install/moveit_msgs:/home/luka/ws_moveit/install/moveit_configs_utils:/home/luka/ws_moveit/install/moveit_common:${AMENT_PREFIX_PATH} CMAKE_MODULE_PATH=/home/luka/ws_moveit/install/moveit_task_constructor_core/share/moveit_task_constructor_core/cmake CMAKE_PREFIX_PATH=/home/luka/ws_moveit/install/moveit_task_constructor_core:/home/luka/ws_moveit/install/moveit_planners:/home/luka/ws_moveit/install/pilz_industrial_motion_planner:/home/luka/ws_moveit/install/moveit_ros_visualization:/home/luka/ws_moveit/install/moveit_resources_prbt_pg70_support:/home/luka/ws_moveit/install/moveit_py:/home/luka/ws_moveit/install/moveit_ros_planning_interface:/home/luka/ws_moveit/install/moveit_resources_prbt_moveit_config:/home/luka/ws_moveit/install/moveit_ros_move_group:/home/luka/ws_moveit/install/moveit_ros_warehouse:/home/luka/ws_moveit/install/moveit_ros_robot_interaction:/home/luka/ws_moveit/install/moveit_planners_ompl:/home/luka/ws_moveit/install/moveit_kinematics:/home/luka/ws_moveit/install/moveit_ros_planning:/home/luka/ws_moveit/install/moveit_planners_chomp:/home/luka/ws_moveit/install/pilz_industrial_motion_planner_testutils:/home/luka/ws_moveit/install/moveit_simple_controller_manager:/home/luka/ws_moveit/install/moveit_ros_occupancy_map_monitor:/home/luka/ws_moveit/install/moveit_resources_prbt_ikfast_manipulator_plugin:/home/luka/ws_moveit/install/moveit_planners_stomp:/home/luka/ws_moveit/install/chomp_motion_planner:/home/luka/ws_moveit/install/moveit_core:/home/luka/ws_moveit/install/rviz_marker_tools:/home/luka/ws_moveit/install/moveit_task_constructor_msgs:/home/luka/ws_moveit/install/moveit_resources_panda_moveit_config:/home/luka/ws_moveit/install/moveit_resources_fanuc_moveit_config:/home/luka/ws_moveit/install/moveit_resources_prbt_support:/home/luka/ws_moveit/install/moveit_resources_pr2_description:/home/luka/ws_moveit/install/moveit_resources_panda_description:/home/luka/ws_moveit/install/moveit_resources_fanuc_description:/home/luka/ws_moveit/install/moveit_msgs:/home/luka/ws_moveit/install/moveit_common:/opt/ros/jazzy/opt/gz_sim_vendor:/opt/ros/jazzy/opt/gz_sensors_vendor:/opt/ros/jazzy/opt/gz_physics_vendor:/opt/ros/jazzy/opt/sdformat_vendor:/opt/ros/jazzy/opt/gz_gui_vendor:/opt/ros/jazzy/opt/gz_transport_vendor:/opt/ros/jazzy/opt/gz_rendering_vendor:/opt/ros/jazzy/opt/gz_plugin_vendor:/opt/ros/jazzy/opt/gz_fuel_tools_vendor:/opt/ros/jazzy/opt/gz_msgs_vendor:/opt/ros/jazzy/opt/gz_common_vendor:/opt/ros/jazzy/opt/gz_math_vendor:/opt/ros/jazzy/opt/gz_utils_vendor:/opt/ros/jazzy/opt/gz_tools_vendor:/opt/ros/jazzy/opt/gz_ogre_next_vendor:/opt/ros/jazzy/opt/gz_dartsim_vendor:/opt/ros/jazzy/opt/gz_cmake_vendor:/opt/ros/jazzy DEBUGINFOD_URLS=https://debuginfod.ubuntu.com LD_LIBRARY_PATH=/home/luka/ws_moveit/install/moveit_task_constructor_core/lib:/home/luka/ws_moveit/install/pilz_industrial_motion_planner/lib:/home/luka/ws_moveit/install/moveit_ros_visualization/lib:/home/luka/ws_moveit/install/moveit_py/lib:/home/luka/ws_moveit/install/moveit_ros_planning_interface/lib:/home/luka/ws_moveit/install/moveit_ros_move_group/lib:/home/luka/ws_moveit/install/moveit_ros_warehouse/lib:/home/luka/ws_moveit/install/moveit_ros_robot_interaction/lib:/home/luka/ws_moveit/install/moveit_planners_ompl/lib:/home/luka/ws_moveit/install/moveit_kinematics/lib:/home/luka/ws_moveit/install/moveit_ros_planning/lib:/home/luka/ws_moveit/install/moveit_planners_chomp/lib:/home/luka/ws_moveit/install/pilz_industrial_motion_planner_testutils/lib:/home/luka/ws_moveit/install/moveit_simple_controller_manager/lib:/home/luka/ws_moveit/install/moveit_ros_occupancy_map_monitor/lib:/home/luka/ws_moveit/install/moveit_resources_prbt_ikfast_manipulator_plugin/lib:/home/luka/ws_moveit/install/moveit_planners_stomp/lib:/home/luka/ws_moveit/install/chomp_motion_planner/lib:/home/luka/ws_moveit/install/moveit_core/lib:/home/luka/ws_moveit/install/rviz_marker_tools/lib:/home/luka/ws_moveit/install/moveit_task_constructor_msgs/lib:/home/luka/ws_moveit/install/moveit_msgs/lib:${LD_LIBRARY_PATH} PATH=/home/luka/ws_moveit/install/moveit_core/bin:${PATH} PYTHONPATH=/home/luka/ws_moveit/install/moveit_task_constructor_core/lib/python3.12/site-packages:/home/luka/ws_moveit/install/moveit_py/lib/python3.12/site-packages:/home/luka/ws_moveit/install/moveit_task_constructor_msgs/lib/python3.12/site-packages:/home/luka/ws_moveit/install/moveit_msgs/lib/python3.12/site-packages:/home/luka/ws_moveit/install/moveit_configs_utils/lib/python3.12/site-packages:${PYTHONPATH} /usr/bin/cmake /home/luka/ws_moveit/src/moveit_task_constructor/visualization -DCMAKE_BUILD_TYPE=Release -DCMAKE_INSTALL_PREFIX=/home/luka/ws_moveit/install/moveit_task_constructor_visualization
[0.978s] -- The C compiler identification is GNU 13.3.0
[1.343s] -- The CXX compiler identification is GNU 13.3.0
[1.495s] -- Detecting C compiler ABI info
[2.113s] -- Detecting C compiler ABI info - done
[2.195s] -- Check for working C compiler: /usr/bin/cc - skipped
[2.197s] -- Detecting C compile features
[2.200s] -- Detecting C compile features - done
[2.267s] -- Detecting CXX compiler ABI info
[2.953s] -- Detecting CXX compiler ABI info - done
[3.032s] -- Check for working CXX compiler: /usr/bin/c++ - skipped
[3.035s] -- Detecting CXX compile features
[3.039s] -- Detecting CXX compile features - done
[3.082s] -- Found ament_cmake: 2.5.4 (/opt/ros/jazzy/share/ament_cmake/cmake)
[4.355s] -- Found Python3: /usr/bin/python3 (found version "3.12.3") found components: Interpreter 
[5.596s] -- Found Boost: /usr/lib/x86_64-linux-gnu/cmake/Boost-1.83.0/BoostConfig.cmake (found version "1.83.0")  
[5.618s] -- Found moveit_common: 2.14.1 (/home/luka/ws_moveit/install/moveit_common/share/moveit_common/cmake)
[6.466s] -- Found moveit_core: 2.14.1 (/home/luka/ws_moveit/install/moveit_core/share/moveit_core/cmake)
[7.776s] -- Found Boost: /usr/lib/x86_64-linux-gnu/cmake/Boost-1.83.0/BoostConfig.cmake (found version "1.83.0") found components: chrono date_time filesystem iostreams program_options regex serialization system thread 
[8.676s] -- Found parameter_traits: 0.5.0 (/opt/ros/jazzy/share/parameter_traits/cmake)
[9.271s] -- Found rosidl_generator_c: 4.6.6 (/opt/ros/jazzy/share/rosidl_generator_c/cmake)
[9.458s] -- Found rosidl_generator_cpp: 4.6.6 (/opt/ros/jazzy/share/rosidl_generator_cpp/cmake)
[9.665s] -- Using all available rosidl_typesupport_c: rosidl_typesupport_fastrtps_c;rosidl_typesupport_introspection_c
[9.886s] -- Using all available rosidl_typesupport_cpp: rosidl_typesupport_fastrtps_cpp;rosidl_typesupport_introspection_cpp
[10.823s] -- Found rmw_implementation_cmake: 7.3.2 (/opt/ros/jazzy/share/rmw_implementation_cmake/cmake)
[10.879s] -- Found rmw_fastrtps_cpp: 8.4.3 (/opt/ros/jazzy/share/rmw_fastrtps_cpp/cmake)
[11.661s] -- Found OpenSSL: /usr/lib/x86_64-linux-gnu/libcrypto.so (found version "3.0.13")  
[11.827s] -- Found FastRTPS: /opt/ros/jazzy/include (Required is at least version "2.13") 
[12.019s] -- Using RMW implementation 'rmw_fastrtps_cpp' as default
[12.991s] -- Found rclcpp_lifecycle: 28.1.13 (/opt/ros/jazzy/share/rclcpp_lifecycle/cmake)
[13.419s] -- Found Boost: /usr/lib/x86_64-linux-gnu/cmake/Boost-1.83.0/BoostConfig.cmake (found version "1.83.0") found components: filesystem 
[14.712s] -- Found Eigen3: TRUE (found version "3.4.0") 
[14.714s] -- Ensuring Eigen3 include directory is part of orocos-kdl CMake target
[18.762s] -- Found moveit_ros_visualization: 2.14.1 (/home/luka/ws_moveit/install/moveit_ros_visualization/share/moveit_ros_visualization/cmake)
[18.795s] -- Found Boost: /usr/lib/x86_64-linux-gnu/cmake/Boost-1.83.0/BoostConfig.cmake (found version "1.83.0") found components: thread date_time system filesystem 
[18.955s] -- Found Boost: /usr/lib/x86_64-linux-gnu/cmake/Boost-1.83.0/BoostConfig.cmake (found version "1.83.0") found components: system filesystem date_time program_options thread chrono 
[19.346s] -- Found Boost: /usr/lib/x86_64-linux-gnu/cmake/Boost-1.83.0/BoostConfig.cmake (found version "1.83.0") found components: date_time filesystem program_options system thread 
[19.476s] -- Found Boost: /usr/lib/x86_64-linux-gnu/cmake/Boost-1.83.0/BoostConfig.cmake (found version "1.83.0") found components: thread system filesystem regex date_time program_options 
[19.706s] -- Found Boost: /usr/lib/x86_64-linux-gnu/cmake/Boost-1.83.0/BoostConfig.cmake (found version "1.83.0") found components: system filesystem date_time program_options thread 
[20.415s] -- Setting OGRE_DIR to: '/opt/ros/jazzy/share/rviz_ogre_vendor/cmake/../../../opt/rviz_ogre_vendor/lib/OGRE/cmake'
[20.423s] -- Found OGRE
[20.424s] --   static     : OFF
[20.425s] --   components : MeshLodGenerator;Overlay;Paging;Property;RTShaderSystem;Terrain;Volume
[20.427s] --   plugins    : Plugin_BSPSceneManager;Plugin_OctreeSceneManager;Plugin_PCZSceneManager;Plugin_ParticleFX;RenderSystem_GL;RenderSystem_GL3Plus;Codec_STBI
[20.428s] --   media      : /opt/ros/jazzy/opt/rviz_ogre_vendor/share/OGRE/Media
[20.428s] -- OGRE_LIBRARIES: OgreMeshLodGenerator;OgreOverlay;OgrePaging;OgreProperty;OgreRTShaderSystem;OgreTerrain;OgreVolume;OgreMain
[20.429s] -- OGRE_LIBRARY_DIRS: /opt/ros/jazzy/opt/rviz_ogre_vendor/lib
[20.429s] -- OGRE_PLUGINS: Plugin_BSPSceneManager;Plugin_OctreeSceneManager;Plugin_PCZSceneManager;Plugin_ParticleFX;RenderSystem_GL;RenderSystem_GL3Plus;Codec_STBI
[20.435s] -- OGRE_PLUGIN_DIR: /opt/ros/jazzy/opt/rviz_ogre_vendor/lib/OGRE
[20.435s] -- rviz_ogre_vendor::OgreOverlay for IMPORTED_LOCATION_RELEASE: /opt/ros/jazzy/opt/rviz_ogre_vendor/lib/libOgreOverlay.so
[20.436s] -- rviz_ogre_vendor::OgreOverlay for IMPORTED_LOCATION_DEBUG: /opt/ros/jazzy/opt/rviz_ogre_vendor/lib/libOgreOverlay.so
[20.436s] -- rviz_ogre_vendor::OgreMain for IMPORTED_LOCATION_RELEASE: /opt/ros/jazzy/opt/rviz_ogre_vendor/lib/libOgreMain.so
[20.437s] -- rviz_ogre_vendor::OgreMain for IMPORTED_LOCATION_DEBUG: /opt/ros/jazzy/opt/rviz_ogre_vendor/lib/libOgreMain.so
[20.724s] -- Found ZLIB: /usr/lib/x86_64-linux-gnu/libz.so (found version "1.3")  
[20.839s] -- Found OpenGL: /usr/lib/x86_64-linux-gnu/libOpenGL.so   
[22.536s] -- Found X11: /usr/include   
[22.539s] -- Looking for XOpenDisplay in /usr/lib/x86_64-linux-gnu/libX11.so;/usr/lib/x86_64-linux-gnu/libXext.so
[23.390s] -- Looking for XOpenDisplay in /usr/lib/x86_64-linux-gnu/libX11.so;/usr/lib/x86_64-linux-gnu/libXext.so - found
[23.391s] -- Looking for gethostbyname
[24.237s] -- Looking for gethostbyname - found
[24.241s] -- Looking for connect
[24.975s] -- Looking for connect - found
[24.976s] -- Looking for remove
[25.763s] -- Looking for remove - found
[25.765s] -- Looking for shmat
[26.618s] -- Looking for shmat - found
[26.619s] -- Looking for IceConnectionNumber in ICE
[27.376s] -- Looking for IceConnectionNumber in ICE - found
[27.757s] -- Setting yaml-cpp_DIR to: '/opt/ros/jazzy/share/yaml_cpp_vendor/cmake/../../../opt/yaml_cpp_vendor/share/cmake/yaml-cpp'
[28.799s] -- Found moveit_task_constructor_core: 0.1.4 (/home/luka/ws_moveit/install/moveit_task_constructor_core/share/moveit_task_constructor_core/cmake)
[29.491s] -- Found libyaml_vendor: 1.6.3 (/opt/ros/jazzy/share/libyaml_vendor/cmake)
[29.645s] -- Checking for module 'yaml-0.1'
[29.780s] --   Found yaml-0.1, version 0.2.5
[30.180s] -- Found yaml: 1  
[30.264s] -- Found ament_cmake_gtest: 2.5.4 (/opt/ros/jazzy/share/ament_cmake_gtest/cmake)
[30.301s] -- Found ament_cmake_gmock: 2.5.4 (/opt/ros/jazzy/share/ament_cmake_gmock/cmake)
[30.350s] -- Found launch_testing_ament_cmake: 3.4.9 (/opt/ros/jazzy/share/launch_testing_ament_cmake/cmake)
[30.387s] -- Found python_cmake_module: 0.11.1 (/opt/ros/jazzy/share/python_cmake_module/cmake)
[31.431s] -- Found PythonExtra: /usr/bin/python3  
[31.487s] -- Found gtest sources under '/opt/ros/jazzy/src/gtest_vendor': C++ tests using 'Google Test' will be built
[31.517s] -- Found Threads: TRUE  
[31.559s] -- Found gmock sources under '/opt/ros/jazzy/src/gmock_vendor': C++ tests using 'Google Mock' will be built
[31.666s] -- Configuring done (31.0s)
[33.697s] -- Generating done (1.3s)
[33.923s] -- Build files have been written to: /home/luka/ws_moveit/build/moveit_task_constructor_visualization
[34.070s] Invoked command in '/home/luka/ws_moveit/build/moveit_task_constructor_visualization' returned '0': AMENT_PREFIX_PATH=/home/luka/ws_moveit/install/moveit_task_constructor_core:/home/luka/ws_moveit/install/moveit_planners:/home/luka/ws_moveit/install/pilz_industrial_motion_planner:/home/luka/ws_moveit/install/moveit_ros_visualization:/home/luka/ws_moveit/install/moveit_resources_prbt_pg70_support:/home/luka/ws_moveit/install/moveit_py:/home/luka/ws_moveit/install/moveit_ros_planning_interface:/home/luka/ws_moveit/install/moveit_resources_prbt_moveit_config:/home/luka/ws_moveit/install/moveit_ros_move_group:/home/luka/ws_moveit/install/moveit_ros_warehouse:/home/luka/ws_moveit/install/moveit_ros_robot_interaction:/home/luka/ws_moveit/install/moveit_planners_ompl:/home/luka/ws_moveit/install/moveit_kinematics:/home/luka/ws_moveit/install/moveit_ros_planning:/home/luka/ws_moveit/install/moveit_planners_chomp:/home/luka/ws_moveit/install/pilz_industrial_motion_planner_testutils:/home/luka/ws_moveit/install/moveit_simple_controller_manager:/home/luka/ws_moveit/install/moveit_ros_occupancy_map_monitor:/home/luka/ws_moveit/install/moveit_resources_prbt_ikfast_manipulator_plugin:/home/luka/ws_moveit/install/moveit_planners_stomp:/home/luka/ws_moveit/install/chomp_motion_planner:/home/luka/ws_moveit/install/moveit_core:/home/luka/ws_moveit/install/rviz_marker_tools:/home/luka/ws_moveit/install/moveit_task_constructor_msgs:/home/luka/ws_moveit/install/moveit_resources_panda_moveit_config:/home/luka/ws_moveit/install/moveit_resources_fanuc_moveit_config:/home/luka/ws_moveit/install/moveit_resources_prbt_support:/home/luka/ws_moveit/install/moveit_resources_pr2_description:/home/luka/ws_moveit/install/moveit_resources_panda_description:/home/luka/ws_moveit/install/moveit_resources_fanuc_description:/home/luka/ws_moveit/install/moveit_msgs:/home/luka/ws_moveit/install/moveit_configs_utils:/home/luka/ws_moveit/install/moveit_common:${AMENT_PREFIX_PATH} CMAKE_MODULE_PATH=/home/luka/ws_moveit/install/moveit_task_constructor_core/share/moveit_task_constructor_core/cmake CMAKE_PREFIX_PATH=/home/luka/ws_moveit/install/moveit_task_constructor_core:/home/luka/ws_moveit/install/moveit_planners:/home/luka/ws_moveit/install/pilz_industrial_motion_planner:/home/luka/ws_moveit/install/moveit_ros_visualization:/home/luka/ws_moveit/install/moveit_resources_prbt_pg70_support:/home/luka/ws_moveit/install/moveit_py:/home/luka/ws_moveit/install/moveit_ros_planning_interface:/home/luka/ws_moveit/install/moveit_resources_prbt_moveit_config:/home/luka/ws_moveit/install/moveit_ros_move_group:/home/luka/ws_moveit/install/moveit_ros_warehouse:/home/luka/ws_moveit/install/moveit_ros_robot_interaction:/home/luka/ws_moveit/install/moveit_planners_ompl:/home/luka/ws_moveit/install/moveit_kinematics:/home/luka/ws_moveit/install/moveit_ros_planning:/home/luka/ws_moveit/install/moveit_planners_chomp:/home/luka/ws_moveit/install/pilz_industrial_motion_planner_testutils:/home/luka/ws_moveit/install/moveit_simple_controller_manager:/home/luka/ws_moveit/install/moveit_ros_occupancy_map_monitor:/home/luka/ws_moveit/install/moveit_resources_prbt_ikfast_manipulator_plugin:/home/luka/ws_moveit/install/moveit_planners_stomp:/home/luka/ws_moveit/install/chomp_motion_planner:/home/luka/ws_moveit/install/moveit_core:/home/luka/ws_moveit/install/rviz_marker_tools:/home/luka/ws_moveit/install/moveit_task_constructor_msgs:/home/luka/ws_moveit/install/moveit_resources_panda_moveit_config:/home/luka/ws_moveit/install/moveit_resources_fanuc_moveit_config:/home/luka/ws_moveit/install/moveit_resources_prbt_support:/home/luka/ws_moveit/install/moveit_resources_pr2_description:/home/luka/ws_moveit/install/moveit_resources_panda_description:/home/luka/ws_moveit/install/moveit_resources_fanuc_description:/home/luka/ws_moveit/install/moveit_msgs:/home/luka/ws_moveit/install/moveit_common:/opt/ros/jazzy/opt/gz_sim_vendor:/opt/ros/jazzy/opt/gz_sensors_vendor:/opt/ros/jazzy/opt/gz_physics_vendor:/opt/ros/jazzy/opt/sdformat_vendor:/opt/ros/jazzy/opt/gz_gui_vendor:/opt/ros/jazzy/opt/gz_transport_vendor:/opt/ros/jazzy/opt/gz_rendering_vendor:/opt/ros/jazzy/opt/gz_plugin_vendor:/opt/ros/jazzy/opt/gz_fuel_tools_vendor:/opt/ros/jazzy/opt/gz_msgs_vendor:/opt/ros/jazzy/opt/gz_common_vendor:/opt/ros/jazzy/opt/gz_math_vendor:/opt/ros/jazzy/opt/gz_utils_vendor:/opt/ros/jazzy/opt/gz_tools_vendor:/opt/ros/jazzy/opt/gz_ogre_next_vendor:/opt/ros/jazzy/opt/gz_dartsim_vendor:/opt/ros/jazzy/opt/gz_cmake_vendor:/opt/ros/jazzy DEBUGINFOD_URLS=https://debuginfod.ubuntu.com LD_LIBRARY_PATH=/home/luka/ws_moveit/install/moveit_task_constructor_core/lib:/home/luka/ws_moveit/install/pilz_industrial_motion_planner/lib:/home/luka/ws_moveit/install/moveit_ros_visualization/lib:/home/luka/ws_moveit/install/moveit_py/lib:/home/luka/ws_moveit/install/moveit_ros_planning_interface/lib:/home/luka/ws_moveit/install/moveit_ros_move_group/lib:/home/luka/ws_moveit/install/moveit_ros_warehouse/lib:/home/luka/ws_moveit/install/moveit_ros_robot_interaction/lib:/home/luka/ws_moveit/install/moveit_planners_ompl/lib:/home/luka/ws_moveit/install/moveit_kinematics/lib:/home/luka/ws_moveit/install/moveit_ros_planning/lib:/home/luka/ws_moveit/install/moveit_planners_chomp/lib:/home/luka/ws_moveit/install/pilz_industrial_motion_planner_testutils/lib:/home/luka/ws_moveit/install/moveit_simple_controller_manager/lib:/home/luka/ws_moveit/install/moveit_ros_occupancy_map_monitor/lib:/home/luka/ws_moveit/install/moveit_resources_prbt_ikfast_manipulator_plugin/lib:/home/luka/ws_moveit/install/moveit_planners_stomp/lib:/home/luka/ws_moveit/install/chomp_motion_planner/lib:/home/luka/ws_moveit/install/moveit_core/lib:/home/luka/ws_moveit/install/rviz_marker_tools/lib:/home/luka/ws_moveit/install/moveit_task_constructor_msgs/lib:/home/luka/ws_moveit/install/moveit_msgs/lib:${LD_LIBRARY_PATH} PATH=/home/luka/ws_moveit/install/moveit_core/bin:${PATH} PYTHONPATH=/home/luka/ws_moveit/install/moveit_task_constructor_core/lib/python3.12/site-packages:/home/luka/ws_moveit/install/moveit_py/lib/python3.12/site-packages:/home/luka/ws_moveit/install/moveit_task_constructor_msgs/lib/python3.12/site-packages:/home/luka/ws_moveit/install/moveit_msgs/lib/python3.12/site-packages:/home/luka/ws_moveit/install/moveit_configs_utils/lib/python3.12/site-packages:${PYTHONPATH} /usr/bin/cmake /home/luka/ws_moveit/src/moveit_task_constructor/visualization -DCMAKE_BUILD_TYPE=Release -DCMAKE_INSTALL_PREFIX=/home/luka/ws_moveit/install/moveit_task_constructor_visualization
[34.076s] Invoking command in '/home/luka/ws_moveit/build/moveit_task_constructor_visualization': AMENT_PREFIX_PATH=/home/luka/ws_moveit/install/moveit_task_constructor_core:/home/luka/ws_moveit/install/moveit_planners:/home/luka/ws_moveit/install/pilz_industrial_motion_planner:/home/luka/ws_moveit/install/moveit_ros_visualization:/home/luka/ws_moveit/install/moveit_resources_prbt_pg70_support:/home/luka/ws_moveit/install/moveit_py:/home/luka/ws_moveit/install/moveit_ros_planning_interface:/home/luka/ws_moveit/install/moveit_resources_prbt_moveit_config:/home/luka/ws_moveit/install/moveit_ros_move_group:/home/luka/ws_moveit/install/moveit_ros_warehouse:/home/luka/ws_moveit/install/moveit_ros_robot_interaction:/home/luka/ws_moveit/install/moveit_planners_ompl:/home/luka/ws_moveit/install/moveit_kinematics:/home/luka/ws_moveit/install/moveit_ros_planning:/home/luka/ws_moveit/install/moveit_planners_chomp:/home/luka/ws_moveit/install/pilz_industrial_motion_planner_testutils:/home/luka/ws_moveit/install/moveit_simple_controller_manager:/home/luka/ws_moveit/install/moveit_ros_occupancy_map_monitor:/home/luka/ws_moveit/install/moveit_resources_prbt_ikfast_manipulator_plugin:/home/luka/ws_moveit/install/moveit_planners_stomp:/home/luka/ws_moveit/install/chomp_motion_planner:/home/luka/ws_moveit/install/moveit_core:/home/luka/ws_moveit/install/rviz_marker_tools:/home/luka/ws_moveit/install/moveit_task_constructor_msgs:/home/luka/ws_moveit/install/moveit_resources_panda_moveit_config:/home/luka/ws_moveit/install/moveit_resources_fanuc_moveit_config:/home/luka/ws_moveit/install/moveit_resources_prbt_support:/home/luka/ws_moveit/install/moveit_resources_pr2_description:/home/luka/ws_moveit/install/moveit_resources_panda_description:/home/luka/ws_moveit/install/moveit_resources_fanuc_description:/home/luka/ws_moveit/install/moveit_msgs:/home/luka/ws_moveit/install/moveit_configs_utils:/home/luka/ws_moveit/install/moveit_common:${AMENT_PREFIX_PATH} CMAKE_MODULE_PATH=/home/luka/ws_moveit/install/moveit_task_constructor_core/share/moveit_task_constructor_core/cmake CMAKE_PREFIX_PATH=/home/luka/ws_moveit/install/moveit_task_constructor_core:/home/luka/ws_moveit/install/moveit_planners:/home/luka/ws_moveit/install/pilz_industrial_motion_planner:/home/luka/ws_moveit/install/moveit_ros_visualization:/home/luka/ws_moveit/install/moveit_resources_prbt_pg70_support:/home/luka/ws_moveit/install/moveit_py:/home/luka/ws_moveit/install/moveit_ros_planning_interface:/home/luka/ws_moveit/install/moveit_resources_prbt_moveit_config:/home/luka/ws_moveit/install/moveit_ros_move_group:/home/luka/ws_moveit/install/moveit_ros_warehouse:/home/luka/ws_moveit/install/moveit_ros_robot_interaction:/home/luka/ws_moveit/install/moveit_planners_ompl:/home/luka/ws_moveit/install/moveit_kinematics:/home/luka/ws_moveit/install/moveit_ros_planning:/home/luka/ws_moveit/install/moveit_planners_chomp:/home/luka/ws_moveit/install/pilz_industrial_motion_planner_testutils:/home/luka/ws_moveit/install/moveit_simple_controller_manager:/home/luka/ws_moveit/install/moveit_ros_occupancy_map_monitor:/home/luka/ws_moveit/install/moveit_resources_prbt_ikfast_manipulator_plugin:/home/luka/ws_moveit/install/moveit_planners_stomp:/home/luka/ws_moveit/install/chomp_motion_planner:/home/luka/ws_moveit/install/moveit_core:/home/luka/ws_moveit/install/rviz_marker_tools:/home/luka/ws_moveit/install/moveit_task_constructor_msgs:/home/luka/ws_moveit/install/moveit_resources_panda_moveit_config:/home/luka/ws_moveit/install/moveit_resources_fanuc_moveit_config:/home/luka/ws_moveit/install/moveit_resources_prbt_support:/home/luka/ws_moveit/install/moveit_resources_pr2_description:/home/luka/ws_moveit/install/moveit_resources_panda_description:/home/luka/ws_moveit/install/moveit_resources_fanuc_description:/home/luka/ws_moveit/install/moveit_msgs:/home/luka/ws_moveit/install/moveit_common:/opt/ros/jazzy/opt/gz_sim_vendor:/opt/ros/jazzy/opt/gz_sensors_vendor:/opt/ros/jazzy/opt/gz_physics_vendor:/opt/ros/jazzy/opt/sdformat_vendor:/opt/ros/jazzy/opt/gz_gui_vendor:/opt/ros/jazzy/opt/gz_transport_vendor:/opt/ros/jazzy/opt/gz_rendering_vendor:/opt/ros/jazzy/opt/gz_plugin_vendor:/opt/ros/jazzy/opt/gz_fuel_tools_vendor:/opt/ros/jazzy/opt/gz_msgs_vendor:/opt/ros/jazzy/opt/gz_common_vendor:/opt/ros/jazzy/opt/gz_math_vendor:/opt/ros/jazzy/opt/gz_utils_vendor:/opt/ros/jazzy/opt/gz_tools_vendor:/opt/ros/jazzy/opt/gz_ogre_next_vendor:/opt/ros/jazzy/opt/gz_dartsim_vendor:/opt/ros/jazzy/opt/gz_cmake_vendor:/opt/ros/jazzy DEBUGINFOD_URLS=https://debuginfod.ubuntu.com LD_LIBRARY_PATH=/home/luka/ws_moveit/install/moveit_task_constructor_core/lib:/home/luka/ws_moveit/install/pilz_industrial_motion_planner/lib:/home/luka/ws_moveit/install/moveit_ros_visualization/lib:/home/luka/ws_moveit/install/moveit_py/lib:/home/luka/ws_moveit/install/moveit_ros_planning_interface/lib:/home/luka/ws_moveit/install/moveit_ros_move_group/lib:/home/luka/ws_moveit/install/moveit_ros_warehouse/lib:/home/luka/ws_moveit/install/moveit_ros_robot_interaction/lib:/home/luka/ws_moveit/install/moveit_planners_ompl/lib:/home/luka/ws_moveit/install/moveit_kinematics/lib:/home/luka/ws_moveit/install/moveit_ros_planning/lib:/home/luka/ws_moveit/install/moveit_planners_chomp/lib:/home/luka/ws_moveit/install/pilz_industrial_motion_planner_testutils/lib:/home/luka/ws_moveit/install/moveit_simple_controller_manager/lib:/home/luka/ws_moveit/install/moveit_ros_occupancy_map_monitor/lib:/home/luka/ws_moveit/install/moveit_resources_prbt_ikfast_manipulator_plugin/lib:/home/luka/ws_moveit/install/moveit_planners_stomp/lib:/home/luka/ws_moveit/install/chomp_motion_planner/lib:/home/luka/ws_moveit/install/moveit_core/lib:/home/luka/ws_moveit/install/rviz_marker_tools/lib:/home/luka/ws_moveit/install/moveit_task_constructor_msgs/lib:/home/luka/ws_moveit/install/moveit_msgs/lib:${LD_LIBRARY_PATH} PATH=/home/luka/ws_moveit/install/moveit_core/bin:${PATH} PYTHONPATH=/home/luka/ws_moveit/install/moveit_task_constructor_core/lib/python3.12/site-packages:/home/luka/ws_moveit/install/moveit_py/lib/python3.12/site-packages:/home/luka/ws_moveit/install/moveit_task_constructor_msgs/lib/python3.12/site-packages:/home/luka/ws_moveit/install/moveit_msgs/lib/python3.12/site-packages:/home/luka/ws_moveit/install/moveit_configs_utils/lib/python3.12/site-packages:${PYTHONPATH} /usr/bin/cmake --build /home/luka/ws_moveit/build/moveit_task_constructor_visualization -- -j4 -l4
[34.494s] [  0%] Built target moveit_task_visualization_tools_autogen_timestamp_deps
[34.660s] [  0%] Built target gtest_main_autogen_timestamp_deps
[34.825s] [  0%] Built target gtest_autogen_timestamp_deps
[34.977s] [  0%] Built target gmock_main_autogen_timestamp_deps
[35.125s] [  0%] Built target gmock_autogen_timestamp_deps
[35.277s] [  1%] [34m[1mAutomatic MOC for target moveit_task_visualization_tools[0m
[38.470s] [  1%] Built target moveit_task_visualization_tools_autogen
[38.602s] [  2%] [34m[1mAutomatic MOC for target gtest_main[0m
[38.849s] [  2%] Built target gtest_main_autogen
[39.050s] [  3%] [34m[1mAutomatic MOC for target gtest[0m
[39.359s] [  3%] Built target gtest_autogen
[39.501s] [  5%] [34m[1mAutomatic MOC for target gmock_main[0m
[39.755s] [  5%] Built target gmock_main_autogen
[39.892s] [  6%] [34m[1mAutomatic MOC for target gmock[0m
[40.149s] [  6%] Built target gmock_autogen
[40.340s] [  7%] [32mBuilding CXX object visualization_tools/CMakeFiles/moveit_task_visualization_tools.dir/moveit_task_visualization_tools_autogen/mocs_compilation.cpp.o[0m
[75.211s] [  9%] [32mBuilding CXX object visualization_tools/CMakeFiles/moveit_task_visualization_tools.dir/src/display_solution.cpp.o[0m
[103.514s] [ 10%] [32mBuilding CXX object gtest/CMakeFiles/gtest_main.dir/gtest_main_autogen/mocs_compilation.cpp.o[0m
[103.724s] [ 11%] [32mBuilding CXX object gtest/CMakeFiles/gtest_main.dir/src/gtest_main.cc.o[0m
[105.828s] [ 11%] Built target motion_planning_tasks_properties_autogen_timestamp_deps
[106.028s] [ 11%] Built target motion_planning_tasks_utils_autogen_timestamp_deps
[106.034s] [ 13%] [32mBuilding CXX object visualization_tools/CMakeFiles/moveit_task_visualization_tools.dir/src/marker_visualization.cpp.o[0m
[106.354s] [ 14%] [32mBuilding CXX object gtest/CMakeFiles/gtest.dir/gtest_autogen/mocs_compilation.cpp.o[0m
[106.502s] [ 15%] [32mBuilding CXX object gtest/CMakeFiles/gtest.dir/src/gtest-all.cc.o[0m
[113.556s] [ 17%] [32m[1mLinking CXX static library libgtest_main.a[0m
[114.093s] [ 18%] Built target gtest_main
[167.225s] [ 19%] [32m[1mLinking CXX static library libgtest.a[0m
[167.704s] [ 21%] Built target gtest
[172.903s] [ 22%] [32mBuilding CXX object gmock/CMakeFiles/gmock_main.dir/gmock_main_autogen/mocs_compilation.cpp.o[0m
[173.054s] [ 23%] [32mBuilding CXX object gmock/CMakeFiles/gmock_main.dir/src/gmock_main.cc.o[0m
[181.502s] [ 25%] [32m[1mLinking CXX static library libgmock_main.a[0m
[181.918s] [ 26%] Built target gmock_main
[189.791s] [ 27%] [32mBuilding CXX object visualization_tools/CMakeFiles/moveit_task_visualization_tools.dir/src/task_solution_visualization.cpp.o[0m
[189.793s] [ 28%] [32mBuilding CXX object visualization_tools/CMakeFiles/moveit_task_visualization_tools.dir/src/task_solution_panel.cpp.o[0m
[263.871s] [ 30%] [32m[1mLinking CXX shared library libmoveit_task_visualization_tools.so[0m
[275.793s] [ 31%] Built target moveit_task_visualization_tools
[275.970s] [ 32%] [34m[1mAutomatic MOC for target motion_planning_tasks_utils[0m
[275.995s] [ 34%] [32mBuilding CXX object gmock/CMakeFiles/gmock.dir/opt/ros/jazzy/src/gtest_vendor/src/gtest-all.cc.o[0m
[276.044s] [ 35%] [32mBuilding CXX object gmock/CMakeFiles/gmock.dir/gmock_autogen/mocs_compilation.cpp.o[0m
[276.362s] [ 36%] [32mBuilding CXX object gmock/CMakeFiles/gmock.dir/src/gmock-all.cc.o[0m
[278.242s] [ 36%] Built target motion_planning_tasks_utils_autogen
[329.609s] [ 38%] [32m[1mLinking CXX static library libgmock.a[0m
[329.961s] [ 39%] Built target gmock
[330.109s] [ 40%] [32mBuilding CXX object motion_planning_tasks/utils/CMakeFiles/motion_planning_tasks_utils.dir/motion_planning_tasks_utils_autogen/mocs_compilation.cpp.o[0m
[330.229s] [ 42%] [32mBuilding CXX object motion_planning_tasks/utils/CMakeFiles/motion_planning_tasks_utils.dir/tree_merge_proxy_model.cpp.o[0m
[343.291s] [ 44%] [32mBuilding CXX object motion_planning_tasks/utils/CMakeFiles/motion_planning_tasks_utils.dir/flat_merge_proxy_model.cpp.o[0m
[343.293s] [ 44%] [32mBuilding CXX object motion_planning_tasks/utils/CMakeFiles/motion_planning_tasks_utils.dir/icon.cpp.o[0m
[358.058s] [ 46%] [32m[1mLinking CXX shared library libmotion_planning_tasks_utils.so[0m
[359.201s] [ 47%] Built target motion_planning_tasks_utils
[359.349s] [ 48%] [34m[1mAutomatic MOC for target motion_planning_tasks_properties[0m
[359.661s] [ 48%] Built target motion_planning_tasks_properties_autogen
[359.822s] [ 48%] Built target moveit_task_constructor_visualization-test-merge-models_autogen_timestamp_deps
[360.006s] [ 50%] [32mBuilding CXX object motion_planning_tasks/properties/CMakeFiles/motion_planning_tasks_properties.dir/motion_planning_tasks_properties_autogen/mocs_compilation.cpp.o[0m
[360.169s] [ 51%] [32mBuilding CXX object motion_planning_tasks/properties/CMakeFiles/motion_planning_tasks_properties.dir/property_from_yaml.cpp.o[0m
[367.524s] [ 52%] [32mBuilding CXX object motion_planning_tasks/properties/CMakeFiles/motion_planning_tasks_properties.dir/property_factory.cpp.o[0m
[422.799s] [ 53%] [32m[1mLinking CXX shared library libmotion_planning_tasks_properties.so[0m
[426.219s] [ 55%] Built target motion_planning_tasks_properties
[426.380s] [ 56%] [34m[1mAutomatic MOC for target moveit_task_constructor_visualization-test-merge-models[0m
[426.405s] [ 56%] Built target motion_planning_tasks_rviz_plugin_autogen_timestamp_deps
[426.571s] [ 57%] [34m[1mAutomatic MOC for target motion_planning_tasks_rviz_plugin[0m
[426.661s] [ 57%] Built target moveit_task_constructor_visualization-test-merge-models_autogen
[426.837s] [ 59%] [32mBuilding CXX object motion_planning_tasks/test/CMakeFiles/moveit_task_constructor_visualization-test-merge-models.dir/test_merge_models.cpp.o[0m
[426.885s] [ 60%] [32mBuilding CXX object motion_planning_tasks/test/CMakeFiles/moveit_task_constructor_visualization-test-merge-models.dir/moveit_task_constructor_visualization-test-merge-models_autogen/mocs_compilation.cpp.o[0m
[440.243s] [ 60%] Built target motion_planning_tasks_rviz_plugin_autogen
[445.639s] [ 61%] [32m[1mLinking CXX executable moveit_task_constructor_visualization-test-merge-models[0m
[446.831s] [ 63%] Built target moveit_task_constructor_visualization-test-merge-models
[446.889s] [ 64%] [34m[1mGenerating ui_task_view.h[0m
[446.962s] [ 65%] [34m[1mGenerating ui_task_panel.h[0m
[447.031s] [ 67%] [34m[1mGenerating ui_global_settings.h[0m
[447.109s] [ 68%] [34m[1mAutomatic RCC for resources.qrc[0m
[447.311s] [ 69%] [32mBuilding CXX object motion_planning_tasks/src/CMakeFiles/motion_planning_tasks_rviz_plugin.dir/motion_planning_tasks_rviz_plugin_autogen/mocs_compilation.cpp.o[0m
[448.376s] [ 71%] [32mBuilding CXX object motion_planning_tasks/src/CMakeFiles/motion_planning_tasks_rviz_plugin.dir/job_queue.cpp.o[0m
[449.491s] [ 72%] [32mBuilding CXX object motion_planning_tasks/src/CMakeFiles/motion_planning_tasks_rviz_plugin.dir/icons.cpp.o[0m
[450.592s] [ 73%] [32mBuilding CXX object motion_planning_tasks/src/CMakeFiles/motion_planning_tasks_rviz_plugin.dir/factory_model.cpp.o[0m
[488.328s] [ 75%] [32mBuilding CXX object motion_planning_tasks/src/CMakeFiles/motion_planning_tasks_rviz_plugin.dir/plugin_init.cpp.o[0m
[490.471s] [ 76%] [32mBuilding CXX object motion_planning_tasks/src/CMakeFiles/motion_planning_tasks_rviz_plugin.dir/meta_task_list_model.cpp.o[0m
[552.781s] [ 77%] [32mBuilding CXX object motion_planning_tasks/src/CMakeFiles/motion_planning_tasks_rviz_plugin.dir/task_display.cpp.o[0m
[554.846s] [ 78%] [32mBuilding CXX object motion_planning_tasks/src/CMakeFiles/motion_planning_tasks_rviz_plugin.dir/remote_task_model.cpp.o[0m
[557.105s] [ 80%] [32mBuilding CXX object motion_planning_tasks/src/CMakeFiles/motion_planning_tasks_rviz_plugin.dir/task_list_model.cpp.o[0m
[559.257s] [ 81%] [32mBuilding CXX object motion_planning_tasks/src/CMakeFiles/motion_planning_tasks_rviz_plugin.dir/local_task_model.cpp.o[0m
[698.842s] [ 82%] [32mBuilding CXX object motion_planning_tasks/src/CMakeFiles/motion_planning_tasks_rviz_plugin.dir/motion_planning_tasks_rviz_plugin_autogen/EWIEGA46WW/qrc_resources.cpp.o[0m
[698.992s] [ 84%] [32mBuilding CXX object motion_planning_tasks/src/CMakeFiles/motion_planning_tasks_rviz_plugin.dir/task_panel.cpp.o[0m
[797.530s] [ 85%] [32m[1mLinking CXX shared library libmotion_planning_tasks_rviz_plugin.so[0m
[806.882s] [ 86%] Built target motion_planning_tasks_rviz_plugin
[807.015s] [ 86%] Built target moveit_task_constructor_visualization-test-solution-models_autogen_timestamp_deps
[807.150s] [ 86%] Built target moveit_task_constructor_visualization-test-task_model_autogen_timestamp_deps
[807.283s] [ 88%] [34m[1mAutomatic MOC for target moveit_task_constructor_visualization-test-solution-models[0m
[807.519s] [ 88%] Built target moveit_task_constructor_visualization-test-solution-models_autogen
[807.653s] [ 89%] [34m[1mAutomatic MOC for target moveit_task_constructor_visualization-test-task_model[0m
[807.884s] [ 89%] Built target moveit_task_constructor_visualization-test-task_model_autogen
[808.044s] [ 90%] [32mBuilding CXX object motion_planning_tasks/test/CMakeFiles/moveit_task_constructor_visualization-test-solution-models.dir/moveit_task_constructor_visualization-test-solution-models_autogen/mocs_compilation.cpp.o[0m
[808.174s] [ 92%] [32mBuilding CXX object motion_planning_tasks/test/CMakeFiles/moveit_task_constructor_visualization-test-solution-models.dir/test_solution_models.cpp.o[0m
[848.535s] [ 93%] [32m[1mLinking CXX executable moveit_task_constructor_visualization-test-solution-models[0m
[851.862s] [ 94%] Built target moveit_task_constructor_visualization-test-solution-models
[851.996s] [ 96%] [32mBuilding CXX object motion_planning_tasks/test/CMakeFiles/moveit_task_constructor_visualization-test-task_model.dir/moveit_task_constructor_visualization-test-task_model_autogen/mocs_compilation.cpp.o[0m
[851.997s] [ 97%] [32mBuilding CXX object motion_planning_tasks/test/CMakeFiles/moveit_task_constructor_visualization-test-task_model.dir/test_task_model.cpp.o[0m
[908.405s] [ 98%] [32m[1mLinking CXX executable moveit_task_constructor_visualization-test-task_model[0m
[911.634s] [100%] Built target moveit_task_constructor_visualization-test-task_model
[911.697s] Invoked command in '/home/luka/ws_moveit/build/moveit_task_constructor_visualization' returned '0': AMENT_PREFIX_PATH=/home/luka/ws_moveit/install/moveit_task_constructor_core:/home/luka/ws_moveit/install/moveit_planners:/home/luka/ws_moveit/install/pilz_industrial_motion_planner:/home/luka/ws_moveit/install/moveit_ros_visualization:/home/luka/ws_moveit/install/moveit_resources_prbt_pg70_support:/home/luka/ws_moveit/install/moveit_py:/home/luka/ws_moveit/install/moveit_ros_planning_interface:/home/luka/ws_moveit/install/moveit_resources_prbt_moveit_config:/home/luka/ws_moveit/install/moveit_ros_move_group:/home/luka/ws_moveit/install/moveit_ros_warehouse:/home/luka/ws_moveit/install/moveit_ros_robot_interaction:/home/luka/ws_moveit/install/moveit_planners_ompl:/home/luka/ws_moveit/install/moveit_kinematics:/home/luka/ws_moveit/install/moveit_ros_planning:/home/luka/ws_moveit/install/moveit_planners_chomp:/home/luka/ws_moveit/install/pilz_industrial_motion_planner_testutils:/home/luka/ws_moveit/install/moveit_simple_controller_manager:/home/luka/ws_moveit/install/moveit_ros_occupancy_map_monitor:/home/luka/ws_moveit/install/moveit_resources_prbt_ikfast_manipulator_plugin:/home/luka/ws_moveit/install/moveit_planners_stomp:/home/luka/ws_moveit/install/chomp_motion_planner:/home/luka/ws_moveit/install/moveit_core:/home/luka/ws_moveit/install/rviz_marker_tools:/home/luka/ws_moveit/install/moveit_task_constructor_msgs:/home/luka/ws_moveit/install/moveit_resources_panda_moveit_config:/home/luka/ws_moveit/install/moveit_resources_fanuc_moveit_config:/home/luka/ws_moveit/install/moveit_resources_prbt_support:/home/luka/ws_moveit/install/moveit_resources_pr2_description:/home/luka/ws_moveit/install/moveit_resources_panda_description:/home/luka/ws_moveit/install/moveit_resources_fanuc_description:/home/luka/ws_moveit/install/moveit_msgs:/home/luka/ws_moveit/install/moveit_configs_utils:/home/luka/ws_moveit/install/moveit_common:${AMENT_PREFIX_PATH} CMAKE_MODULE_PATH=/home/luka/ws_moveit/install/moveit_task_constructor_core/share/moveit_task_constructor_core/cmake CMAKE_PREFIX_PATH=/home/luka/ws_moveit/install/moveit_task_constructor_core:/home/luka/ws_moveit/install/moveit_planners:/home/luka/ws_moveit/install/pilz_industrial_motion_planner:/home/luka/ws_moveit/install/moveit_ros_visualization:/home/luka/ws_moveit/install/moveit_resources_prbt_pg70_support:/home/luka/ws_moveit/install/moveit_py:/home/luka/ws_moveit/install/moveit_ros_planning_interface:/home/luka/ws_moveit/install/moveit_resources_prbt_moveit_config:/home/luka/ws_moveit/install/moveit_ros_move_group:/home/luka/ws_moveit/install/moveit_ros_warehouse:/home/luka/ws_moveit/install/moveit_ros_robot_interaction:/home/luka/ws_moveit/install/moveit_planners_ompl:/home/luka/ws_moveit/install/moveit_kinematics:/home/luka/ws_moveit/install/moveit_ros_planning:/home/luka/ws_moveit/install/moveit_planners_chomp:/home/luka/ws_moveit/install/pilz_industrial_motion_planner_testutils:/home/luka/ws_moveit/install/moveit_simple_controller_manager:/home/luka/ws_moveit/install/moveit_ros_occupancy_map_monitor:/home/luka/ws_moveit/install/moveit_resources_prbt_ikfast_manipulator_plugin:/home/luka/ws_moveit/install/moveit_planners_stomp:/home/luka/ws_moveit/install/chomp_motion_planner:/home/luka/ws_moveit/install/moveit_core:/home/luka/ws_moveit/install/rviz_marker_tools:/home/luka/ws_moveit/install/moveit_task_constructor_msgs:/home/luka/ws_moveit/install/moveit_resources_panda_moveit_config:/home/luka/ws_moveit/install/moveit_resources_fanuc_moveit_config:/home/luka/ws_moveit/install/moveit_resources_prbt_support:/home/luka/ws_moveit/install/moveit_resources_pr2_description:/home/luka/ws_moveit/install/moveit_resources_panda_description:/home/luka/ws_moveit/install/moveit_resources_fanuc_description:/home/luka/ws_moveit/install/moveit_msgs:/home/luka/ws_moveit/install/moveit_common:/opt/ros/jazzy/opt/gz_sim_vendor:/opt/ros/jazzy/opt/gz_sensors_vendor:/opt/ros/jazzy/opt/gz_physics_vendor:/opt/ros/jazzy/opt/sdformat_vendor:/opt/ros/jazzy/opt/gz_gui_vendor:/opt/ros/jazzy/opt/gz_transport_vendor:/opt/ros/jazzy/opt/gz_rendering_vendor:/opt/ros/jazzy/opt/gz_plugin_vendor:/opt/ros/jazzy/opt/gz_fuel_tools_vendor:/opt/ros/jazzy/opt/gz_msgs_vendor:/opt/ros/jazzy/opt/gz_common_vendor:/opt/ros/jazzy/opt/gz_math_vendor:/opt/ros/jazzy/opt/gz_utils_vendor:/opt/ros/jazzy/opt/gz_tools_vendor:/opt/ros/jazzy/opt/gz_ogre_next_vendor:/opt/ros/jazzy/opt/gz_dartsim_vendor:/opt/ros/jazzy/opt/gz_cmake_vendor:/opt/ros/jazzy DEBUGINFOD_URLS=https://debuginfod.ubuntu.com LD_LIBRARY_PATH=/home/luka/ws_moveit/install/moveit_task_constructor_core/lib:/home/luka/ws_moveit/install/pilz_industrial_motion_planner/lib:/home/luka/ws_moveit/install/moveit_ros_visualization/lib:/home/luka/ws_moveit/install/moveit_py/lib:/home/luka/ws_moveit/install/moveit_ros_planning_interface/lib:/home/luka/ws_moveit/install/moveit_ros_move_group/lib:/home/luka/ws_moveit/install/moveit_ros_warehouse/lib:/home/luka/ws_moveit/install/moveit_ros_robot_interaction/lib:/home/luka/ws_moveit/install/moveit_planners_ompl/lib:/home/luka/ws_moveit/install/moveit_kinematics/lib:/home/luka/ws_moveit/install/moveit_ros_planning/lib:/home/luka/ws_moveit/install/moveit_planners_chomp/lib:/home/luka/ws_moveit/install/pilz_industrial_motion_planner_testutils/lib:/home/luka/ws_moveit/install/moveit_simple_controller_manager/lib:/home/luka/ws_moveit/install/moveit_ros_occupancy_map_monitor/lib:/home/luka/ws_moveit/install/moveit_resources_prbt_ikfast_manipulator_plugin/lib:/home/luka/ws_moveit/install/moveit_planners_stomp/lib:/home/luka/ws_moveit/install/chomp_motion_planner/lib:/home/luka/ws_moveit/install/moveit_core/lib:/home/luka/ws_moveit/install/rviz_marker_tools/lib:/home/luka/ws_moveit/install/moveit_task_constructor_msgs/lib:/home/luka/ws_moveit/install/moveit_msgs/lib:${LD_LIBRARY_PATH} PATH=/home/luka/ws_moveit/install/moveit_core/bin:${PATH} PYTHONPATH=/home/luka/ws_moveit/install/moveit_task_constructor_core/lib/python3.12/site-packages:/home/luka/ws_moveit/install/moveit_py/lib/python3.12/site-packages:/home/luka/ws_moveit/install/moveit_task_constructor_msgs/lib/python3.12/site-packages:/home/luka/ws_moveit/install/moveit_msgs/lib/python3.12/site-packages:/home/luka/ws_moveit/install/moveit_configs_utils/lib/python3.12/site-packages:${PYTHONPATH} /usr/bin/cmake --build /home/luka/ws_moveit/build/moveit_task_constructor_visualization -- -j4 -l4
[911.707s] Invoking command in '/home/luka/ws_moveit/build/moveit_task_constructor_visualization': AMENT_PREFIX_PATH=/home/luka/ws_moveit/install/moveit_task_constructor_core:/home/luka/ws_moveit/install/moveit_planners:/home/luka/ws_moveit/install/pilz_industrial_motion_planner:/home/luka/ws_moveit/install/moveit_ros_visualization:/home/luka/ws_moveit/install/moveit_resources_prbt_pg70_support:/home/luka/ws_moveit/install/moveit_py:/home/luka/ws_moveit/install/moveit_ros_planning_interface:/home/luka/ws_moveit/install/moveit_resources_prbt_moveit_config:/home/luka/ws_moveit/install/moveit_ros_move_group:/home/luka/ws_moveit/install/moveit_ros_warehouse:/home/luka/ws_moveit/install/moveit_ros_robot_interaction:/home/luka/ws_moveit/install/moveit_planners_ompl:/home/luka/ws_moveit/install/moveit_kinematics:/home/luka/ws_moveit/install/moveit_ros_planning:/home/luka/ws_moveit/install/moveit_planners_chomp:/home/luka/ws_moveit/install/pilz_industrial_motion_planner_testutils:/home/luka/ws_moveit/install/moveit_simple_controller_manager:/home/luka/ws_moveit/install/moveit_ros_occupancy_map_monitor:/home/luka/ws_moveit/install/moveit_resources_prbt_ikfast_manipulator_plugin:/home/luka/ws_moveit/install/moveit_planners_stomp:/home/luka/ws_moveit/install/chomp_motion_planner:/home/luka/ws_moveit/install/moveit_core:/home/luka/ws_moveit/install/rviz_marker_tools:/home/luka/ws_moveit/install/moveit_task_constructor_msgs:/home/luka/ws_moveit/install/moveit_resources_panda_moveit_config:/home/luka/ws_moveit/install/moveit_resources_fanuc_moveit_config:/home/luka/ws_moveit/install/moveit_resources_prbt_support:/home/luka/ws_moveit/install/moveit_resources_pr2_description:/home/luka/ws_moveit/install/moveit_resources_panda_description:/home/luka/ws_moveit/install/moveit_resources_fanuc_description:/home/luka/ws_moveit/install/moveit_msgs:/home/luka/ws_moveit/install/moveit_configs_utils:/home/luka/ws_moveit/install/moveit_common:${AMENT_PREFIX_PATH} CMAKE_MODULE_PATH=/home/luka/ws_moveit/install/moveit_task_constructor_core/share/moveit_task_constructor_core/cmake CMAKE_PREFIX_PATH=/home/luka/ws_moveit/install/moveit_task_constructor_core:/home/luka/ws_moveit/install/moveit_planners:/home/luka/ws_moveit/install/pilz_industrial_motion_planner:/home/luka/ws_moveit/install/moveit_ros_visualization:/home/luka/ws_moveit/install/moveit_resources_prbt_pg70_support:/home/luka/ws_moveit/install/moveit_py:/home/luka/ws_moveit/install/moveit_ros_planning_interface:/home/luka/ws_moveit/install/moveit_resources_prbt_moveit_config:/home/luka/ws_moveit/install/moveit_ros_move_group:/home/luka/ws_moveit/install/moveit_ros_warehouse:/home/luka/ws_moveit/install/moveit_ros_robot_interaction:/home/luka/ws_moveit/install/moveit_planners_ompl:/home/luka/ws_moveit/install/moveit_kinematics:/home/luka/ws_moveit/install/moveit_ros_planning:/home/luka/ws_moveit/install/moveit_planners_chomp:/home/luka/ws_moveit/install/pilz_industrial_motion_planner_testutils:/home/luka/ws_moveit/install/moveit_simple_controller_manager:/home/luka/ws_moveit/install/moveit_ros_occupancy_map_monitor:/home/luka/ws_moveit/install/moveit_resources_prbt_ikfast_manipulator_plugin:/home/luka/ws_moveit/install/moveit_planners_stomp:/home/luka/ws_moveit/install/chomp_motion_planner:/home/luka/ws_moveit/install/moveit_core:/home/luka/ws_moveit/install/rviz_marker_tools:/home/luka/ws_moveit/install/moveit_task_constructor_msgs:/home/luka/ws_moveit/install/moveit_resources_panda_moveit_config:/home/luka/ws_moveit/install/moveit_resources_fanuc_moveit_config:/home/luka/ws_moveit/install/moveit_resources_prbt_support:/home/luka/ws_moveit/install/moveit_resources_pr2_description:/home/luka/ws_moveit/install/moveit_resources_panda_description:/home/luka/ws_moveit/install/moveit_resources_fanuc_description:/home/luka/ws_moveit/install/moveit_msgs:/home/luka/ws_moveit/install/moveit_common:/opt/ros/jazzy/opt/gz_sim_vendor:/opt/ros/jazzy/opt/gz_sensors_vendor:/opt/ros/jazzy/opt/gz_physics_vendor:/opt/ros/jazzy/opt/sdformat_vendor:/opt/ros/jazzy/opt/gz_gui_vendor:/opt/ros/jazzy/opt/gz_transport_vendor:/opt/ros/jazzy/opt/gz_rendering_vendor:/opt/ros/jazzy/opt/gz_plugin_vendor:/opt/ros/jazzy/opt/gz_fuel_tools_vendor:/opt/ros/jazzy/opt/gz_msgs_vendor:/opt/ros/jazzy/opt/gz_common_vendor:/opt/ros/jazzy/opt/gz_math_vendor:/opt/ros/jazzy/opt/gz_utils_vendor:/opt/ros/jazzy/opt/gz_tools_vendor:/opt/ros/jazzy/opt/gz_ogre_next_vendor:/opt/ros/jazzy/opt/gz_dartsim_vendor:/opt/ros/jazzy/opt/gz_cmake_vendor:/opt/ros/jazzy DEBUGINFOD_URLS=https://debuginfod.ubuntu.com LD_LIBRARY_PATH=/home/luka/ws_moveit/install/moveit_task_constructor_core/lib:/home/luka/ws_moveit/install/pilz_industrial_motion_planner/lib:/home/luka/ws_moveit/install/moveit_ros_visualization/lib:/home/luka/ws_moveit/install/moveit_py/lib:/home/luka/ws_moveit/install/moveit_ros_planning_interface/lib:/home/luka/ws_moveit/install/moveit_ros_move_group/lib:/home/luka/ws_moveit/install/moveit_ros_warehouse/lib:/home/luka/ws_moveit/install/moveit_ros_robot_interaction/lib:/home/luka/ws_moveit/install/moveit_planners_ompl/lib:/home/luka/ws_moveit/install/moveit_kinematics/lib:/home/luka/ws_moveit/install/moveit_ros_planning/lib:/home/luka/ws_moveit/install/moveit_planners_chomp/lib:/home/luka/ws_moveit/install/pilz_industrial_motion_planner_testutils/lib:/home/luka/ws_moveit/install/moveit_simple_controller_manager/lib:/home/luka/ws_moveit/install/moveit_ros_occupancy_map_monitor/lib:/home/luka/ws_moveit/install/moveit_resources_prbt_ikfast_manipulator_plugin/lib:/home/luka/ws_moveit/install/moveit_planners_stomp/lib:/home/luka/ws_moveit/install/chomp_motion_planner/lib:/home/luka/ws_moveit/install/moveit_core/lib:/home/luka/ws_moveit/install/rviz_marker_tools/lib:/home/luka/ws_moveit/install/moveit_task_constructor_msgs/lib:/home/luka/ws_moveit/install/moveit_msgs/lib:${LD_LIBRARY_PATH} PATH=/home/luka/ws_moveit/install/moveit_core/bin:${PATH} PYTHONPATH=/home/luka/ws_moveit/install/moveit_task_constructor_core/lib/python3.12/site-packages:/home/luka/ws_moveit/install/moveit_py/lib/python3.12/site-packages:/home/luka/ws_moveit/install/moveit_task_constructor_msgs/lib/python3.12/site-packages:/home/luka/ws_moveit/install/moveit_msgs/lib/python3.12/site-packages:/home/luka/ws_moveit/install/moveit_configs_utils/lib/python3.12/site-packages:${PYTHONPATH} /usr/bin/cmake --install /home/luka/ws_moveit/build/moveit_task_constructor_visualization
[911.753s] -- Install configuration: "Release"
[911.754s] -- Installing: /home/luka/ws_moveit/install/moveit_task_constructor_visualization/include
[911.755s] -- Installing: /home/luka/ws_moveit/install/moveit_task_constructor_visualization/include/moveit
[911.756s] -- Installing: /home/luka/ws_moveit/install/moveit_task_constructor_visualization/include/moveit/visualization_tools
[911.757s] -- Installing: /home/luka/ws_moveit/install/moveit_task_constructor_visualization/include/moveit/visualization_tools/task_solution_visualization.h
[911.758s] -- Installing: /home/luka/ws_moveit/install/moveit_task_constructor_visualization/include/moveit/visualization_tools/marker_visualization.h
[911.759s] -- Installing: /home/luka/ws_moveit/install/moveit_task_constructor_visualization/include/moveit/visualization_tools/task_solution_panel.h
[911.760s] -- Installing: /home/luka/ws_moveit/install/moveit_task_constructor_visualization/include/moveit/visualization_tools/display_solution.h
[911.761s] -- Installing: /home/luka/ws_moveit/install/moveit_task_constructor_visualization/lib/libmoveit_task_visualization_tools.so.0.1.4
[911.763s] -- Set non-toolchain portion of runtime path of "/home/luka/ws_moveit/install/moveit_task_constructor_visualization/lib/libmoveit_task_visualization_tools.so.0.1.4" to ""
[911.764s] -- Installing: /home/luka/ws_moveit/install/moveit_task_constructor_visualization/lib/libmoveit_task_visualization_tools.so
[911.766s] -- Installing: /home/luka/ws_moveit/install/moveit_task_constructor_visualization/lib/libmotion_planning_tasks_utils.so
[911.768s] -- Installing: /home/luka/ws_moveit/install/moveit_task_constructor_visualization/lib/libmotion_planning_tasks_properties.so
[911.770s] -- Set non-toolchain portion of runtime path of "/home/luka/ws_moveit/install/moveit_task_constructor_visualization/lib/libmotion_planning_tasks_properties.so" to ""
[911.772s] -- Installing: /home/luka/ws_moveit/install/moveit_task_constructor_visualization/lib/libmotion_planning_tasks_rviz_plugin.so.0.1.4
[911.784s] -- Set non-toolchain portion of runtime path of "/home/luka/ws_moveit/install/moveit_task_constructor_visualization/lib/libmotion_planning_tasks_rviz_plugin.so.0.1.4" to ""
[911.784s] -- Installing: /home/luka/ws_moveit/install/moveit_task_constructor_visualization/lib/libmotion_planning_tasks_rviz_plugin.so
[911.786s] -- Installing: /home/luka/ws_moveit/install/moveit_task_constructor_visualization/share/icons
[911.787s] -- Installing: /home/luka/ws_moveit/install/moveit_task_constructor_visualization/share/icons/classes
[911.788s] -- Installing: /home/luka/ws_moveit/install/moveit_task_constructor_visualization/share/icons/classes/Motion Planning Tasks.svg
[911.789s] -- Installing: /home/luka/ws_moveit/install/moveit_task_constructor_visualization/share/moveit_task_constructor_visualization/motion_planning_tasks_rviz_plugin_description.xml
[911.789s] -- Installing: /home/luka/ws_moveit/install/moveit_task_constructor_visualization/share/moveit_task_constructor_visualization/environment/library_path.sh
[911.790s] -- Installing: /home/luka/ws_moveit/install/moveit_task_constructor_visualization/share/moveit_task_constructor_visualization/environment/library_path.dsv
[911.791s] -- Installing: /home/luka/ws_moveit/install/moveit_task_constructor_visualization/share/ament_index/resource_index/package_run_dependencies/moveit_task_constructor_visualization
[911.792s] -- Installing: /home/luka/ws_moveit/install/moveit_task_constructor_visualization/share/ament_index/resource_index/parent_prefix_path/moveit_task_constructor_visualization
[911.792s] -- Installing: /home/luka/ws_moveit/install/moveit_task_constructor_visualization/share/moveit_task_constructor_visualization/environment/ament_prefix_path.sh
[911.793s] -- Installing: /home/luka/ws_moveit/install/moveit_task_constructor_visualization/share/moveit_task_constructor_visualization/environment/ament_prefix_path.dsv
[911.794s] -- Installing: /home/luka/ws_moveit/install/moveit_task_constructor_visualization/share/moveit_task_constructor_visualization/environment/path.sh
[911.795s] -- Installing: /home/luka/ws_moveit/install/moveit_task_constructor_visualization/share/moveit_task_constructor_visualization/environment/path.dsv
[911.796s] -- Installing: /home/luka/ws_moveit/install/moveit_task_constructor_visualization/share/moveit_task_constructor_visualization/local_setup.bash
[911.797s] -- Installing: /home/luka/ws_moveit/install/moveit_task_constructor_visualization/share/moveit_task_constructor_visualization/local_setup.sh
[911.798s] -- Installing: /home/luka/ws_moveit/install/moveit_task_constructor_visualization/share/moveit_task_constructor_visualization/local_setup.zsh
[911.799s] -- Installing: /home/luka/ws_moveit/install/moveit_task_constructor_visualization/share/moveit_task_constructor_visualization/local_setup.dsv
[911.800s] -- Installing: /home/luka/ws_moveit/install/moveit_task_constructor_visualization/share/moveit_task_constructor_visualization/package.dsv
[911.801s] -- Installing: /home/luka/ws_moveit/install/moveit_task_constructor_visualization/share/ament_index/resource_index/packages/moveit_task_constructor_visualization
[911.802s] -- Installing: /home/luka/ws_moveit/install/moveit_task_constructor_visualization/share/ament_index/resource_index/rviz_common__pluginlib__plugin/moveit_task_constructor_visualization
[911.803s] -- Installing: /home/luka/ws_moveit/install/moveit_task_constructor_visualization/share/moveit_task_constructor_visualization/cmake/ament_cmake_export_include_directories-extras.cmake
[911.804s] -- Installing: /home/luka/ws_moveit/install/moveit_task_constructor_visualization/share/moveit_task_constructor_visualization/cmake/ament_cmake_export_libraries-extras.cmake
[911.805s] -- Installing: /home/luka/ws_moveit/install/moveit_task_constructor_visualization/share/moveit_task_constructor_visualization/cmake/ament_cmake_export_dependencies-extras.cmake
[911.805s] -- Installing: /home/luka/ws_moveit/install/moveit_task_constructor_visualization/share/moveit_task_constructor_visualization/cmake/moveit_task_constructor_visualizationConfig.cmake
[911.806s] -- Installing: /home/luka/ws_moveit/install/moveit_task_constructor_visualization/share/moveit_task_constructor_visualization/cmake/moveit_task_constructor_visualizationConfig-version.cmake
[911.807s] -- Installing: /home/luka/ws_moveit/install/moveit_task_constructor_visualization/share/moveit_task_constructor_visualization/package.xml
[911.815s] Invoked command in '/home/luka/ws_moveit/build/moveit_task_constructor_visualization' returned '0': AMENT_PREFIX_PATH=/home/luka/ws_moveit/install/moveit_task_constructor_core:/home/luka/ws_moveit/install/moveit_planners:/home/luka/ws_moveit/install/pilz_industrial_motion_planner:/home/luka/ws_moveit/install/moveit_ros_visualization:/home/luka/ws_moveit/install/moveit_resources_prbt_pg70_support:/home/luka/ws_moveit/install/moveit_py:/home/luka/ws_moveit/install/moveit_ros_planning_interface:/home/luka/ws_moveit/install/moveit_resources_prbt_moveit_config:/home/luka/ws_moveit/install/moveit_ros_move_group:/home/luka/ws_moveit/install/moveit_ros_warehouse:/home/luka/ws_moveit/install/moveit_ros_robot_interaction:/home/luka/ws_moveit/install/moveit_planners_ompl:/home/luka/ws_moveit/install/moveit_kinematics:/home/luka/ws_moveit/install/moveit_ros_planning:/home/luka/ws_moveit/install/moveit_planners_chomp:/home/luka/ws_moveit/install/pilz_industrial_motion_planner_testutils:/home/luka/ws_moveit/install/moveit_simple_controller_manager:/home/luka/ws_moveit/install/moveit_ros_occupancy_map_monitor:/home/luka/ws_moveit/install/moveit_resources_prbt_ikfast_manipulator_plugin:/home/luka/ws_moveit/install/moveit_planners_stomp:/home/luka/ws_moveit/install/chomp_motion_planner:/home/luka/ws_moveit/install/moveit_core:/home/luka/ws_moveit/install/rviz_marker_tools:/home/luka/ws_moveit/install/moveit_task_constructor_msgs:/home/luka/ws_moveit/install/moveit_resources_panda_moveit_config:/home/luka/ws_moveit/install/moveit_resources_fanuc_moveit_config:/home/luka/ws_moveit/install/moveit_resources_prbt_support:/home/luka/ws_moveit/install/moveit_resources_pr2_description:/home/luka/ws_moveit/install/moveit_resources_panda_description:/home/luka/ws_moveit/install/moveit_resources_fanuc_description:/home/luka/ws_moveit/install/moveit_msgs:/home/luka/ws_moveit/install/moveit_configs_utils:/home/luka/ws_moveit/install/moveit_common:${AMENT_PREFIX_PATH} CMAKE_MODULE_PATH=/home/luka/ws_moveit/install/moveit_task_constructor_core/share/moveit_task_constructor_core/cmake CMAKE_PREFIX_PATH=/home/luka/ws_moveit/install/moveit_task_constructor_core:/home/luka/ws_moveit/install/moveit_planners:/home/luka/ws_moveit/install/pilz_industrial_motion_planner:/home/luka/ws_moveit/install/moveit_ros_visualization:/home/luka/ws_moveit/install/moveit_resources_prbt_pg70_support:/home/luka/ws_moveit/install/moveit_py:/home/luka/ws_moveit/install/moveit_ros_planning_interface:/home/luka/ws_moveit/install/moveit_resources_prbt_moveit_config:/home/luka/ws_moveit/install/moveit_ros_move_group:/home/luka/ws_moveit/install/moveit_ros_warehouse:/home/luka/ws_moveit/install/moveit_ros_robot_interaction:/home/luka/ws_moveit/install/moveit_planners_ompl:/home/luka/ws_moveit/install/moveit_kinematics:/home/luka/ws_moveit/install/moveit_ros_planning:/home/luka/ws_moveit/install/moveit_planners_chomp:/home/luka/ws_moveit/install/pilz_industrial_motion_planner_testutils:/home/luka/ws_moveit/install/moveit_simple_controller_manager:/home/luka/ws_moveit/install/moveit_ros_occupancy_map_monitor:/home/luka/ws_moveit/install/moveit_resources_prbt_ikfast_manipulator_plugin:/home/luka/ws_moveit/install/moveit_planners_stomp:/home/luka/ws_moveit/install/chomp_motion_planner:/home/luka/ws_moveit/install/moveit_core:/home/luka/ws_moveit/install/rviz_marker_tools:/home/luka/ws_moveit/install/moveit_task_constructor_msgs:/home/luka/ws_moveit/install/moveit_resources_panda_moveit_config:/home/luka/ws_moveit/install/moveit_resources_fanuc_moveit_config:/home/luka/ws_moveit/install/moveit_resources_prbt_support:/home/luka/ws_moveit/install/moveit_resources_pr2_description:/home/luka/ws_moveit/install/moveit_resources_panda_description:/home/luka/ws_moveit/install/moveit_resources_fanuc_description:/home/luka/ws_moveit/install/moveit_msgs:/home/luka/ws_moveit/install/moveit_common:/opt/ros/jazzy/opt/gz_sim_vendor:/opt/ros/jazzy/opt/gz_sensors_vendor:/opt/ros/jazzy/opt/gz_physics_vendor:/opt/ros/jazzy/opt/sdformat_vendor:/opt/ros/jazzy/opt/gz_gui_vendor:/opt/ros/jazzy/opt/gz_transport_vendor:/opt/ros/jazzy/opt/gz_rendering_vendor:/opt/ros/jazzy/opt/gz_plugin_vendor:/opt/ros/jazzy/opt/gz_fuel_tools_vendor:/opt/ros/jazzy/opt/gz_msgs_vendor:/opt/ros/jazzy/opt/gz_common_vendor:/opt/ros/jazzy/opt/gz_math_vendor:/opt/ros/jazzy/opt/gz_utils_vendor:/opt/ros/jazzy/opt/gz_tools_vendor:/opt/ros/jazzy/opt/gz_ogre_next_vendor:/opt/ros/jazzy/opt/gz_dartsim_vendor:/opt/ros/jazzy/opt/gz_cmake_vendor:/opt/ros/jazzy DEBUGINFOD_URLS=https://debuginfod.ubuntu.com LD_LIBRARY_PATH=/home/luka/ws_moveit/install/moveit_task_constructor_core/lib:/home/luka/ws_moveit/install/pilz_industrial_motion_planner/lib:/home/luka/ws_moveit/install/moveit_ros_visualization/lib:/home/luka/ws_moveit/install/moveit_py/lib:/home/luka/ws_moveit/install/moveit_ros_planning_interface/lib:/home/luka/ws_moveit/install/moveit_ros_move_group/lib:/home/luka/ws_moveit/install/moveit_ros_warehouse/lib:/home/luka/ws_moveit/install/moveit_ros_robot_interaction/lib:/home/luka/ws_moveit/install/moveit_planners_ompl/lib:/home/luka/ws_moveit/install/moveit_kinematics/lib:/home/luka/ws_moveit/install/moveit_ros_planning/lib:/home/luka/ws_moveit/install/moveit_planners_chomp/lib:/home/luka/ws_moveit/install/pilz_industrial_motion_planner_testutils/lib:/home/luka/ws_moveit/install/moveit_simple_controller_manager/lib:/home/luka/ws_moveit/install/moveit_ros_occupancy_map_monitor/lib:/home/luka/ws_moveit/install/moveit_resources_prbt_ikfast_manipulator_plugin/lib:/home/luka/ws_moveit/install/moveit_planners_stomp/lib:/home/luka/ws_moveit/install/chomp_motion_planner/lib:/home/luka/ws_moveit/install/moveit_core/lib:/home/luka/ws_moveit/install/rviz_marker_tools/lib:/home/luka/ws_moveit/install/moveit_task_constructor_msgs/lib:/home/luka/ws_moveit/install/moveit_msgs/lib:${LD_LIBRARY_PATH} PATH=/home/luka/ws_moveit/install/moveit_core/bin:${PATH} PYTHONPATH=/home/luka/ws_moveit/install/moveit_task_constructor_core/lib/python3.12/site-packages:/home/luka/ws_moveit/install/moveit_py/lib/python3.12/site-packages:/home/luka/ws_moveit/install/moveit_task_constructor_msgs/lib/python3.12/site-packages:/home/luka/ws_moveit/install/moveit_msgs/lib/python3.12/site-packages:/home/luka/ws_moveit/install/moveit_configs_utils/lib/python3.12/site-packages:${PYTHONPATH} /usr/bin/cmake --install /home/luka/ws_moveit/build/moveit_task_constructor_visualization
