[0.088s] Invoking command in '/home/luka/ws_moveit/build/moveit_task_constructor_core': AMENT_PREFIX_PATH=/home/luka/ws_moveit/install/moveit_planners:/home/luka/ws_moveit/install/pilz_industrial_motion_planner:/home/luka/ws_moveit/install/moveit_resources_prbt_pg70_support:/home/luka/ws_moveit/install/moveit_py:/home/luka/ws_moveit/install/moveit_ros_planning_interface:/home/luka/ws_moveit/install/moveit_resources_prbt_moveit_config:/home/luka/ws_moveit/install/moveit_ros_move_group:/home/luka/ws_moveit/install/moveit_ros_warehouse:/home/luka/ws_moveit/install/moveit_planners_ompl:/home/luka/ws_moveit/install/moveit_kinematics:/home/luka/ws_moveit/install/moveit_ros_planning:/home/luka/ws_moveit/install/moveit_planners_chomp:/home/luka/ws_moveit/install/pilz_industrial_motion_planner_testutils:/home/luka/ws_moveit/install/moveit_simple_controller_manager:/home/luka/ws_moveit/install/moveit_ros_occupancy_map_monitor:/home/luka/ws_moveit/install/moveit_resources_prbt_ikfast_manipulator_plugin:/home/luka/ws_moveit/install/moveit_planners_stomp:/home/luka/ws_moveit/install/chomp_motion_planner:/home/luka/ws_moveit/install/moveit_core:/home/luka/ws_moveit/install/rviz_marker_tools:/home/luka/ws_moveit/install/moveit_task_constructor_msgs:/home/luka/ws_moveit/install/moveit_resources_panda_moveit_config:/home/luka/ws_moveit/install/moveit_resources_fanuc_moveit_config:/home/luka/ws_moveit/install/moveit_resources_prbt_support:/home/luka/ws_moveit/install/moveit_resources_pr2_description:/home/luka/ws_moveit/install/moveit_resources_panda_description:/home/luka/ws_moveit/install/moveit_resources_fanuc_description:/home/luka/ws_moveit/install/moveit_msgs:/home/luka/ws_moveit/install/moveit_configs_utils:/home/luka/ws_moveit/install/moveit_common:${AMENT_PREFIX_PATH} CMAKE_PREFIX_PATH=/home/luka/ws_moveit/install/moveit_planners:/home/luka/ws_moveit/install/pilz_industrial_motion_planner:/home/luka/ws_moveit/install/moveit_resources_prbt_pg70_support:/home/luka/ws_moveit/install/moveit_py:/home/luka/ws_moveit/install/moveit_ros_planning_interface:/home/luka/ws_moveit/install/moveit_resources_prbt_moveit_config:/home/luka/ws_moveit/install/moveit_ros_move_group:/home/luka/ws_moveit/install/moveit_ros_warehouse:/home/luka/ws_moveit/install/moveit_planners_ompl:/home/luka/ws_moveit/install/moveit_kinematics:/home/luka/ws_moveit/install/moveit_ros_planning:/home/luka/ws_moveit/install/moveit_planners_chomp:/home/luka/ws_moveit/install/pilz_industrial_motion_planner_testutils:/home/luka/ws_moveit/install/moveit_simple_controller_manager:/home/luka/ws_moveit/install/moveit_ros_occupancy_map_monitor:/home/luka/ws_moveit/install/moveit_resources_prbt_ikfast_manipulator_plugin:/home/luka/ws_moveit/install/moveit_planners_stomp:/home/luka/ws_moveit/install/chomp_motion_planner:/home/luka/ws_moveit/install/moveit_core:/home/luka/ws_moveit/install/rviz_marker_tools:/home/luka/ws_moveit/install/moveit_task_constructor_msgs:/home/luka/ws_moveit/install/moveit_resources_panda_moveit_config:/home/luka/ws_moveit/install/moveit_resources_fanuc_moveit_config:/home/luka/ws_moveit/install/moveit_resources_prbt_support:/home/luka/ws_moveit/install/moveit_resources_pr2_description:/home/luka/ws_moveit/install/moveit_resources_panda_description:/home/luka/ws_moveit/install/moveit_resources_fanuc_description:/home/luka/ws_moveit/install/moveit_msgs:/home/luka/ws_moveit/install/moveit_common:/opt/ros/jazzy/opt/gz_sim_vendor:/opt/ros/jazzy/opt/gz_sensors_vendor:/opt/ros/jazzy/opt/gz_physics_vendor:/opt/ros/jazzy/opt/sdformat_vendor:/opt/ros/jazzy/opt/gz_gui_vendor:/opt/ros/jazzy/opt/gz_transport_vendor:/opt/ros/jazzy/opt/gz_rendering_vendor:/opt/ros/jazzy/opt/gz_plugin_vendor:/opt/ros/jazzy/opt/gz_fuel_tools_vendor:/opt/ros/jazzy/opt/gz_msgs_vendor:/opt/ros/jazzy/opt/gz_common_vendor:/opt/ros/jazzy/opt/gz_math_vendor:/opt/ros/jazzy/opt/gz_utils_vendor:/opt/ros/jazzy/opt/gz_tools_vendor:/opt/ros/jazzy/opt/gz_ogre_next_vendor:/opt/ros/jazzy/opt/gz_dartsim_vendor:/opt/ros/jazzy/opt/gz_cmake_vendor:/opt/ros/jazzy DEBUGINFOD_URLS=https://debuginfod.ubuntu.com LD_LIBRARY_PATH=/home/luka/ws_moveit/install/pilz_industrial_motion_planner/lib:/home/luka/ws_moveit/install/moveit_py/lib:/home/luka/ws_moveit/install/moveit_ros_planning_interface/lib:/home/luka/ws_moveit/install/moveit_ros_move_group/lib:/home/luka/ws_moveit/install/moveit_ros_warehouse/lib:/home/luka/ws_moveit/install/moveit_planners_ompl/lib:/home/luka/ws_moveit/install/moveit_kinematics/lib:/home/luka/ws_moveit/install/moveit_ros_planning/lib:/home/luka/ws_moveit/install/moveit_planners_chomp/lib:/home/luka/ws_moveit/install/pilz_industrial_motion_planner_testutils/lib:/home/luka/ws_moveit/install/moveit_simple_controller_manager/lib:/home/luka/ws_moveit/install/moveit_ros_occupancy_map_monitor/lib:/home/luka/ws_moveit/install/moveit_resources_prbt_ikfast_manipulator_plugin/lib:/home/luka/ws_moveit/install/moveit_planners_stomp/lib:/home/luka/ws_moveit/install/chomp_motion_planner/lib:/home/luka/ws_moveit/install/moveit_core/lib:/home/luka/ws_moveit/install/rviz_marker_tools/lib:/home/luka/ws_moveit/install/moveit_task_constructor_msgs/lib:/home/luka/ws_moveit/install/moveit_msgs/lib:${LD_LIBRARY_PATH} PATH=/home/luka/ws_moveit/install/moveit_core/bin:${PATH} PYTHONPATH=/home/luka/ws_moveit/install/moveit_py/lib/python3.12/site-packages:/home/luka/ws_moveit/install/moveit_task_constructor_msgs/lib/python3.12/site-packages:/home/luka/ws_moveit/install/moveit_msgs/lib/python3.12/site-packages:/home/luka/ws_moveit/install/moveit_configs_utils/lib/python3.12/site-packages:${PYTHONPATH} /usr/bin/cmake --build /home/luka/ws_moveit/build/moveit_task_constructor_core -- -j4 -l4
[0.187s] [  0%] Built target ament_cmake_python_copy_moveit
[0.226s] [  3%] Built target gmock
[0.265s] [  5%] Built target gmock_main
[0.303s] [  7%] Built target gtest
[0.313s] [ 24%] Built target moveit_task_constructor_core
[0.362s] [ 26%] Built target gtest_main
[0.419s] [ 29%] Built target moveit_task_constructor_core_python_tools
[0.489s] [ 33%] Built target gtest_utils
[0.693s] [ 53%] Built target moveit_task_constructor_core_stages
[0.718s] running egg_info
[0.746s] [ 55%] Built target moveit_task_constructor_core_stage_plugins
[0.765s] writing moveit.egg-info/PKG-INFO
[0.766s] writing dependency_links to moveit.egg-info/dependency_links.txt
[0.766s] writing top-level names to moveit.egg-info/top_level.txt
[0.810s] [ 58%] Built target moveit_task_constructor_core-test-mockups
[0.869s] [ 60%] Built target moveit_task_constructor_core-test-stage
[0.889s] reading manifest file 'moveit.egg-info/SOURCES.txt'
[0.890s] writing manifest file 'moveit.egg-info/SOURCES.txt'
[0.922s] [ 62%] Built target moveit_task_constructor_core-test-limit-solutions
[0.930s] [ 62%] Built target ament_cmake_python_build_moveit_egg
[0.985s] [ 64%] Built target moveit_task_constructor_core-test-serial
[0.985s] [ 66%] Built target moveit_task_constructor_core-test-container
[1.026s] [ 68%] Built target moveit_task_constructor_core-test-properties
[1.037s] [ 70%] Built target moveit_task_constructor_core-test-pruning
[1.091s] [ 73%] Built target moveit_task_constructor_core-test-cost-terms
[1.096s] [ 75%] Built target moveit_task_constructor_core-test-storage
[1.148s] [ 77%] Built target moveit_task_constructor_core-test-cost-queue
[1.149s] [ 79%] Built target moveit_task_constructor_core-test-fallback
[1.202s] [ 81%] Built target moveit_task_constructor_core-test-interface-state
[1.205s] [ 83%] Built target moveit_task_constructor_core-test-move-to
[1.259s] [ 86%] Built target moveit_task_constructor_core-test-pipeline-planner
[1.261s] [ 88%] Built target moveit_task_constructor_core-test-move-relative
[1.313s] [ 90%] Built target pick_ur5
[1.315s] [ 92%] Built target pick_pr2
[1.387s] [ 94%] Built target pick_pa10
[1.414s] [100%] Built target pymoveit_mtc
[1.435s] Invoked command in '/home/luka/ws_moveit/build/moveit_task_constructor_core' returned '0': AMENT_PREFIX_PATH=/home/luka/ws_moveit/install/moveit_planners:/home/luka/ws_moveit/install/pilz_industrial_motion_planner:/home/luka/ws_moveit/install/moveit_resources_prbt_pg70_support:/home/luka/ws_moveit/install/moveit_py:/home/luka/ws_moveit/install/moveit_ros_planning_interface:/home/luka/ws_moveit/install/moveit_resources_prbt_moveit_config:/home/luka/ws_moveit/install/moveit_ros_move_group:/home/luka/ws_moveit/install/moveit_ros_warehouse:/home/luka/ws_moveit/install/moveit_planners_ompl:/home/luka/ws_moveit/install/moveit_kinematics:/home/luka/ws_moveit/install/moveit_ros_planning:/home/luka/ws_moveit/install/moveit_planners_chomp:/home/luka/ws_moveit/install/pilz_industrial_motion_planner_testutils:/home/luka/ws_moveit/install/moveit_simple_controller_manager:/home/luka/ws_moveit/install/moveit_ros_occupancy_map_monitor:/home/luka/ws_moveit/install/moveit_resources_prbt_ikfast_manipulator_plugin:/home/luka/ws_moveit/install/moveit_planners_stomp:/home/luka/ws_moveit/install/chomp_motion_planner:/home/luka/ws_moveit/install/moveit_core:/home/luka/ws_moveit/install/rviz_marker_tools:/home/luka/ws_moveit/install/moveit_task_constructor_msgs:/home/luka/ws_moveit/install/moveit_resources_panda_moveit_config:/home/luka/ws_moveit/install/moveit_resources_fanuc_moveit_config:/home/luka/ws_moveit/install/moveit_resources_prbt_support:/home/luka/ws_moveit/install/moveit_resources_pr2_description:/home/luka/ws_moveit/install/moveit_resources_panda_description:/home/luka/ws_moveit/install/moveit_resources_fanuc_description:/home/luka/ws_moveit/install/moveit_msgs:/home/luka/ws_moveit/install/moveit_configs_utils:/home/luka/ws_moveit/install/moveit_common:${AMENT_PREFIX_PATH} CMAKE_PREFIX_PATH=/home/luka/ws_moveit/install/moveit_planners:/home/luka/ws_moveit/install/pilz_industrial_motion_planner:/home/luka/ws_moveit/install/moveit_resources_prbt_pg70_support:/home/luka/ws_moveit/install/moveit_py:/home/luka/ws_moveit/install/moveit_ros_planning_interface:/home/luka/ws_moveit/install/moveit_resources_prbt_moveit_config:/home/luka/ws_moveit/install/moveit_ros_move_group:/home/luka/ws_moveit/install/moveit_ros_warehouse:/home/luka/ws_moveit/install/moveit_planners_ompl:/home/luka/ws_moveit/install/moveit_kinematics:/home/luka/ws_moveit/install/moveit_ros_planning:/home/luka/ws_moveit/install/moveit_planners_chomp:/home/luka/ws_moveit/install/pilz_industrial_motion_planner_testutils:/home/luka/ws_moveit/install/moveit_simple_controller_manager:/home/luka/ws_moveit/install/moveit_ros_occupancy_map_monitor:/home/luka/ws_moveit/install/moveit_resources_prbt_ikfast_manipulator_plugin:/home/luka/ws_moveit/install/moveit_planners_stomp:/home/luka/ws_moveit/install/chomp_motion_planner:/home/luka/ws_moveit/install/moveit_core:/home/luka/ws_moveit/install/rviz_marker_tools:/home/luka/ws_moveit/install/moveit_task_constructor_msgs:/home/luka/ws_moveit/install/moveit_resources_panda_moveit_config:/home/luka/ws_moveit/install/moveit_resources_fanuc_moveit_config:/home/luka/ws_moveit/install/moveit_resources_prbt_support:/home/luka/ws_moveit/install/moveit_resources_pr2_description:/home/luka/ws_moveit/install/moveit_resources_panda_description:/home/luka/ws_moveit/install/moveit_resources_fanuc_description:/home/luka/ws_moveit/install/moveit_msgs:/home/luka/ws_moveit/install/moveit_common:/opt/ros/jazzy/opt/gz_sim_vendor:/opt/ros/jazzy/opt/gz_sensors_vendor:/opt/ros/jazzy/opt/gz_physics_vendor:/opt/ros/jazzy/opt/sdformat_vendor:/opt/ros/jazzy/opt/gz_gui_vendor:/opt/ros/jazzy/opt/gz_transport_vendor:/opt/ros/jazzy/opt/gz_rendering_vendor:/opt/ros/jazzy/opt/gz_plugin_vendor:/opt/ros/jazzy/opt/gz_fuel_tools_vendor:/opt/ros/jazzy/opt/gz_msgs_vendor:/opt/ros/jazzy/opt/gz_common_vendor:/opt/ros/jazzy/opt/gz_math_vendor:/opt/ros/jazzy/opt/gz_utils_vendor:/opt/ros/jazzy/opt/gz_tools_vendor:/opt/ros/jazzy/opt/gz_ogre_next_vendor:/opt/ros/jazzy/opt/gz_dartsim_vendor:/opt/ros/jazzy/opt/gz_cmake_vendor:/opt/ros/jazzy DEBUGINFOD_URLS=https://debuginfod.ubuntu.com LD_LIBRARY_PATH=/home/luka/ws_moveit/install/pilz_industrial_motion_planner/lib:/home/luka/ws_moveit/install/moveit_py/lib:/home/luka/ws_moveit/install/moveit_ros_planning_interface/lib:/home/luka/ws_moveit/install/moveit_ros_move_group/lib:/home/luka/ws_moveit/install/moveit_ros_warehouse/lib:/home/luka/ws_moveit/install/moveit_planners_ompl/lib:/home/luka/ws_moveit/install/moveit_kinematics/lib:/home/luka/ws_moveit/install/moveit_ros_planning/lib:/home/luka/ws_moveit/install/moveit_planners_chomp/lib:/home/luka/ws_moveit/install/pilz_industrial_motion_planner_testutils/lib:/home/luka/ws_moveit/install/moveit_simple_controller_manager/lib:/home/luka/ws_moveit/install/moveit_ros_occupancy_map_monitor/lib:/home/luka/ws_moveit/install/moveit_resources_prbt_ikfast_manipulator_plugin/lib:/home/luka/ws_moveit/install/moveit_planners_stomp/lib:/home/luka/ws_moveit/install/chomp_motion_planner/lib:/home/luka/ws_moveit/install/moveit_core/lib:/home/luka/ws_moveit/install/rviz_marker_tools/lib:/home/luka/ws_moveit/install/moveit_task_constructor_msgs/lib:/home/luka/ws_moveit/install/moveit_msgs/lib:${LD_LIBRARY_PATH} PATH=/home/luka/ws_moveit/install/moveit_core/bin:${PATH} PYTHONPATH=/home/luka/ws_moveit/install/moveit_py/lib/python3.12/site-packages:/home/luka/ws_moveit/install/moveit_task_constructor_msgs/lib/python3.12/site-packages:/home/luka/ws_moveit/install/moveit_msgs/lib/python3.12/site-packages:/home/luka/ws_moveit/install/moveit_configs_utils/lib/python3.12/site-packages:${PYTHONPATH} /usr/bin/cmake --build /home/luka/ws_moveit/build/moveit_task_constructor_core -- -j4 -l4
[1.437s] Invoking command in '/home/luka/ws_moveit/build/moveit_task_constructor_core': AMENT_PREFIX_PATH=/home/luka/ws_moveit/install/moveit_planners:/home/luka/ws_moveit/install/pilz_industrial_motion_planner:/home/luka/ws_moveit/install/moveit_resources_prbt_pg70_support:/home/luka/ws_moveit/install/moveit_py:/home/luka/ws_moveit/install/moveit_ros_planning_interface:/home/luka/ws_moveit/install/moveit_resources_prbt_moveit_config:/home/luka/ws_moveit/install/moveit_ros_move_group:/home/luka/ws_moveit/install/moveit_ros_warehouse:/home/luka/ws_moveit/install/moveit_planners_ompl:/home/luka/ws_moveit/install/moveit_kinematics:/home/luka/ws_moveit/install/moveit_ros_planning:/home/luka/ws_moveit/install/moveit_planners_chomp:/home/luka/ws_moveit/install/pilz_industrial_motion_planner_testutils:/home/luka/ws_moveit/install/moveit_simple_controller_manager:/home/luka/ws_moveit/install/moveit_ros_occupancy_map_monitor:/home/luka/ws_moveit/install/moveit_resources_prbt_ikfast_manipulator_plugin:/home/luka/ws_moveit/install/moveit_planners_stomp:/home/luka/ws_moveit/install/chomp_motion_planner:/home/luka/ws_moveit/install/moveit_core:/home/luka/ws_moveit/install/rviz_marker_tools:/home/luka/ws_moveit/install/moveit_task_constructor_msgs:/home/luka/ws_moveit/install/moveit_resources_panda_moveit_config:/home/luka/ws_moveit/install/moveit_resources_fanuc_moveit_config:/home/luka/ws_moveit/install/moveit_resources_prbt_support:/home/luka/ws_moveit/install/moveit_resources_pr2_description:/home/luka/ws_moveit/install/moveit_resources_panda_description:/home/luka/ws_moveit/install/moveit_resources_fanuc_description:/home/luka/ws_moveit/install/moveit_msgs:/home/luka/ws_moveit/install/moveit_configs_utils:/home/luka/ws_moveit/install/moveit_common:${AMENT_PREFIX_PATH} CMAKE_PREFIX_PATH=/home/luka/ws_moveit/install/moveit_planners:/home/luka/ws_moveit/install/pilz_industrial_motion_planner:/home/luka/ws_moveit/install/moveit_resources_prbt_pg70_support:/home/luka/ws_moveit/install/moveit_py:/home/luka/ws_moveit/install/moveit_ros_planning_interface:/home/luka/ws_moveit/install/moveit_resources_prbt_moveit_config:/home/luka/ws_moveit/install/moveit_ros_move_group:/home/luka/ws_moveit/install/moveit_ros_warehouse:/home/luka/ws_moveit/install/moveit_planners_ompl:/home/luka/ws_moveit/install/moveit_kinematics:/home/luka/ws_moveit/install/moveit_ros_planning:/home/luka/ws_moveit/install/moveit_planners_chomp:/home/luka/ws_moveit/install/pilz_industrial_motion_planner_testutils:/home/luka/ws_moveit/install/moveit_simple_controller_manager:/home/luka/ws_moveit/install/moveit_ros_occupancy_map_monitor:/home/luka/ws_moveit/install/moveit_resources_prbt_ikfast_manipulator_plugin:/home/luka/ws_moveit/install/moveit_planners_stomp:/home/luka/ws_moveit/install/chomp_motion_planner:/home/luka/ws_moveit/install/moveit_core:/home/luka/ws_moveit/install/rviz_marker_tools:/home/luka/ws_moveit/install/moveit_task_constructor_msgs:/home/luka/ws_moveit/install/moveit_resources_panda_moveit_config:/home/luka/ws_moveit/install/moveit_resources_fanuc_moveit_config:/home/luka/ws_moveit/install/moveit_resources_prbt_support:/home/luka/ws_moveit/install/moveit_resources_pr2_description:/home/luka/ws_moveit/install/moveit_resources_panda_description:/home/luka/ws_moveit/install/moveit_resources_fanuc_description:/home/luka/ws_moveit/install/moveit_msgs:/home/luka/ws_moveit/install/moveit_common:/opt/ros/jazzy/opt/gz_sim_vendor:/opt/ros/jazzy/opt/gz_sensors_vendor:/opt/ros/jazzy/opt/gz_physics_vendor:/opt/ros/jazzy/opt/sdformat_vendor:/opt/ros/jazzy/opt/gz_gui_vendor:/opt/ros/jazzy/opt/gz_transport_vendor:/opt/ros/jazzy/opt/gz_rendering_vendor:/opt/ros/jazzy/opt/gz_plugin_vendor:/opt/ros/jazzy/opt/gz_fuel_tools_vendor:/opt/ros/jazzy/opt/gz_msgs_vendor:/opt/ros/jazzy/opt/gz_common_vendor:/opt/ros/jazzy/opt/gz_math_vendor:/opt/ros/jazzy/opt/gz_utils_vendor:/opt/ros/jazzy/opt/gz_tools_vendor:/opt/ros/jazzy/opt/gz_ogre_next_vendor:/opt/ros/jazzy/opt/gz_dartsim_vendor:/opt/ros/jazzy/opt/gz_cmake_vendor:/opt/ros/jazzy DEBUGINFOD_URLS=https://debuginfod.ubuntu.com LD_LIBRARY_PATH=/home/luka/ws_moveit/install/pilz_industrial_motion_planner/lib:/home/luka/ws_moveit/install/moveit_py/lib:/home/luka/ws_moveit/install/moveit_ros_planning_interface/lib:/home/luka/ws_moveit/install/moveit_ros_move_group/lib:/home/luka/ws_moveit/install/moveit_ros_warehouse/lib:/home/luka/ws_moveit/install/moveit_planners_ompl/lib:/home/luka/ws_moveit/install/moveit_kinematics/lib:/home/luka/ws_moveit/install/moveit_ros_planning/lib:/home/luka/ws_moveit/install/moveit_planners_chomp/lib:/home/luka/ws_moveit/install/pilz_industrial_motion_planner_testutils/lib:/home/luka/ws_moveit/install/moveit_simple_controller_manager/lib:/home/luka/ws_moveit/install/moveit_ros_occupancy_map_monitor/lib:/home/luka/ws_moveit/install/moveit_resources_prbt_ikfast_manipulator_plugin/lib:/home/luka/ws_moveit/install/moveit_planners_stomp/lib:/home/luka/ws_moveit/install/chomp_motion_planner/lib:/home/luka/ws_moveit/install/moveit_core/lib:/home/luka/ws_moveit/install/rviz_marker_tools/lib:/home/luka/ws_moveit/install/moveit_task_constructor_msgs/lib:/home/luka/ws_moveit/install/moveit_msgs/lib:${LD_LIBRARY_PATH} PATH=/home/luka/ws_moveit/install/moveit_core/bin:${PATH} PYTHONPATH=/home/luka/ws_moveit/install/moveit_py/lib/python3.12/site-packages:/home/luka/ws_moveit/install/moveit_task_constructor_msgs/lib/python3.12/site-packages:/home/luka/ws_moveit/install/moveit_msgs/lib/python3.12/site-packages:/home/luka/ws_moveit/install/moveit_configs_utils/lib/python3.12/site-packages:${PYTHONPATH} /usr/bin/cmake --install /home/luka/ws_moveit/build/moveit_task_constructor_core
[1.448s] -- Install configuration: "Release"
[1.449s] -- Up-to-date: /home/luka/ws_moveit/install/moveit_task_constructor_core/lib/libmoveit_task_constructor_core_stages.so
[1.449s] -- Up-to-date: /home/luka/ws_moveit/install/moveit_task_constructor_core/lib/libmoveit_task_constructor_core_stage_plugins.so
[1.450s] -- Up-to-date: /home/luka/ws_moveit/install/moveit_task_constructor_core/lib/libmoveit_task_constructor_core.so
[1.450s] -- Up-to-date: /home/luka/ws_moveit/install/moveit_task_constructor_core/share/moveit_task_constructor_core/environment/pythonpath.sh
[1.450s] -- Up-to-date: /home/luka/ws_moveit/install/moveit_task_constructor_core/share/moveit_task_constructor_core/environment/pythonpath.dsv
[1.450s] -- Up-to-date: /home/luka/ws_moveit/install/moveit_task_constructor_core/lib/python3.12/site-packages/moveit-0.1.4-py3.12.egg-info
[1.451s] -- Installing: /home/luka/ws_moveit/install/moveit_task_constructor_core/lib/python3.12/site-packages/moveit-0.1.4-py3.12.egg-info/dependency_links.txt
[1.451s] -- Installing: /home/luka/ws_moveit/install/moveit_task_constructor_core/lib/python3.12/site-packages/moveit-0.1.4-py3.12.egg-info/PKG-INFO
[1.451s] -- Installing: /home/luka/ws_moveit/install/moveit_task_constructor_core/lib/python3.12/site-packages/moveit-0.1.4-py3.12.egg-info/SOURCES.txt
[1.451s] -- Installing: /home/luka/ws_moveit/install/moveit_task_constructor_core/lib/python3.12/site-packages/moveit-0.1.4-py3.12.egg-info/top_level.txt
[1.451s] -- Up-to-date: /home/luka/ws_moveit/install/moveit_task_constructor_core/lib/python3.12/site-packages/moveit
[1.452s] -- Up-to-date: /home/luka/ws_moveit/install/moveit_task_constructor_core/lib/python3.12/site-packages/moveit/__init__.py
[1.452s] -- Up-to-date: /home/luka/ws_moveit/install/moveit_task_constructor_core/lib/python3.12/site-packages/moveit/task_constructor
[1.452s] -- Up-to-date: /home/luka/ws_moveit/install/moveit_task_constructor_core/lib/python3.12/site-packages/moveit/task_constructor/__init__.py
[1.452s] -- Up-to-date: /home/luka/ws_moveit/install/moveit_task_constructor_core/lib/python3.12/site-packages/moveit/task_constructor/core.py
[1.452s] -- Up-to-date: /home/luka/ws_moveit/install/moveit_task_constructor_core/lib/python3.12/site-packages/moveit/task_constructor/stages.py
[1.501s] Listing '/home/luka/ws_moveit/install/moveit_task_constructor_core/lib/python3.12/site-packages/moveit'...
[1.501s] Listing '/home/luka/ws_moveit/install/moveit_task_constructor_core/lib/python3.12/site-packages/moveit/task_constructor'...
[1.508s] -- Up-to-date: /home/luka/ws_moveit/install/moveit_task_constructor_core/include/moveit/python/pybind11
[1.508s] -- Up-to-date: /home/luka/ws_moveit/install/moveit_task_constructor_core/include/moveit/python/pybind11/eigen.h
[1.508s] -- Up-to-date: /home/luka/ws_moveit/install/moveit_task_constructor_core/include/moveit/python/pybind11/type_caster_pyobject_ptr.h
[1.508s] -- Up-to-date: /home/luka/ws_moveit/install/moveit_task_constructor_core/include/moveit/python/pybind11/complex.h
[1.508s] -- Up-to-date: /home/luka/ws_moveit/install/moveit_task_constructor_core/include/moveit/python/pybind11/cast.h
[1.509s] -- Up-to-date: /home/luka/ws_moveit/install/moveit_task_constructor_core/include/moveit/python/pybind11/stl_bind.h
[1.509s] -- Up-to-date: /home/luka/ws_moveit/install/moveit_task_constructor_core/include/moveit/python/pybind11/pytypes.h
[1.509s] -- Up-to-date: /home/luka/ws_moveit/install/moveit_task_constructor_core/include/moveit/python/pybind11/buffer_info.h
[1.509s] -- Up-to-date: /home/luka/ws_moveit/install/moveit_task_constructor_core/include/moveit/python/pybind11/iostream.h
[1.509s] -- Up-to-date: /home/luka/ws_moveit/install/moveit_task_constructor_core/include/moveit/python/pybind11/detail
[1.509s] -- Up-to-date: /home/luka/ws_moveit/install/moveit_task_constructor_core/include/moveit/python/pybind11/detail/class.h
[1.509s] -- Up-to-date: /home/luka/ws_moveit/install/moveit_task_constructor_core/include/moveit/python/pybind11/detail/init.h
[1.510s] -- Up-to-date: /home/luka/ws_moveit/install/moveit_task_constructor_core/include/moveit/python/pybind11/detail/dynamic_raw_ptr_cast_if_possible.h
[1.510s] -- Up-to-date: /home/luka/ws_moveit/install/moveit_task_constructor_core/include/moveit/python/pybind11/detail/type_caster_odr_guard.h
[1.510s] -- Up-to-date: /home/luka/ws_moveit/install/moveit_task_constructor_core/include/moveit/python/pybind11/detail/smart_holder_sfinae_hooks_only.h
[1.510s] -- Up-to-date: /home/luka/ws_moveit/install/moveit_task_constructor_core/include/moveit/python/pybind11/detail/smart_holder_type_casters.h
[1.510s] -- Up-to-date: /home/luka/ws_moveit/install/moveit_task_constructor_core/include/moveit/python/pybind11/detail/common.h
[1.510s] -- Up-to-date: /home/luka/ws_moveit/install/moveit_task_constructor_core/include/moveit/python/pybind11/detail/typeid.h
[1.511s] -- Up-to-date: /home/luka/ws_moveit/install/moveit_task_constructor_core/include/moveit/python/pybind11/detail/smart_holder_poc.h
[1.511s] -- Up-to-date: /home/luka/ws_moveit/install/moveit_task_constructor_core/include/moveit/python/pybind11/detail/type_caster_base.h
[1.511s] -- Up-to-date: /home/luka/ws_moveit/install/moveit_task_constructor_core/include/moveit/python/pybind11/detail/descr.h
[1.511s] -- Up-to-date: /home/luka/ws_moveit/install/moveit_task_constructor_core/include/moveit/python/pybind11/detail/internals.h
[1.511s] -- Up-to-date: /home/luka/ws_moveit/install/moveit_task_constructor_core/include/moveit/python/pybind11/pybind11.h
[1.511s] -- Up-to-date: /home/luka/ws_moveit/install/moveit_task_constructor_core/include/moveit/python/pybind11/stl
[1.512s] -- Up-to-date: /home/luka/ws_moveit/install/moveit_task_constructor_core/include/moveit/python/pybind11/stl/filesystem.h
[1.512s] -- Up-to-date: /home/luka/ws_moveit/install/moveit_task_constructor_core/include/moveit/python/pybind11/eigen
[1.512s] -- Up-to-date: /home/luka/ws_moveit/install/moveit_task_constructor_core/include/moveit/python/pybind11/eigen/tensor.h
[1.512s] -- Up-to-date: /home/luka/ws_moveit/install/moveit_task_constructor_core/include/moveit/python/pybind11/eigen/matrix.h
[1.512s] -- Up-to-date: /home/luka/ws_moveit/install/moveit_task_constructor_core/include/moveit/python/pybind11/eigen/common.h
[1.512s] -- Up-to-date: /home/luka/ws_moveit/install/moveit_task_constructor_core/include/moveit/python/pybind11/numpy.h
[1.512s] -- Up-to-date: /home/luka/ws_moveit/install/moveit_task_constructor_core/include/moveit/python/pybind11/gil.h
[1.513s] -- Up-to-date: /home/luka/ws_moveit/install/moveit_task_constructor_core/include/moveit/python/pybind11/typing.h
[1.513s] -- Up-to-date: /home/luka/ws_moveit/install/moveit_task_constructor_core/include/moveit/python/pybind11/trampoline_self_life_support.h
[1.513s] -- Up-to-date: /home/luka/ws_moveit/install/moveit_task_constructor_core/include/moveit/python/pybind11/functional.h
[1.513s] -- Up-to-date: /home/luka/ws_moveit/install/moveit_task_constructor_core/include/moveit/python/pybind11/embed.h
[1.513s] -- Up-to-date: /home/luka/ws_moveit/install/moveit_task_constructor_core/include/moveit/python/pybind11/gil_safe_call_once.h
[1.513s] -- Up-to-date: /home/luka/ws_moveit/install/moveit_task_constructor_core/include/moveit/python/pybind11/common.h
[1.513s] -- Up-to-date: /home/luka/ws_moveit/install/moveit_task_constructor_core/include/moveit/python/pybind11/smart_holder.h
[1.513s] -- Up-to-date: /home/luka/ws_moveit/install/moveit_task_constructor_core/include/moveit/python/pybind11/options.h
[1.514s] -- Up-to-date: /home/luka/ws_moveit/install/moveit_task_constructor_core/include/moveit/python/pybind11/chrono.h
[1.515s] -- Up-to-date: /home/luka/ws_moveit/install/moveit_task_constructor_core/include/moveit/python/pybind11/eval.h
[1.515s] -- Up-to-date: /home/luka/ws_moveit/install/moveit_task_constructor_core/include/moveit/python/pybind11/stl.h
[1.515s] -- Up-to-date: /home/luka/ws_moveit/install/moveit_task_constructor_core/include/moveit/python/pybind11/operators.h
[1.515s] -- Up-to-date: /home/luka/ws_moveit/install/moveit_task_constructor_core/include/moveit/python/pybind11/attr.h
[1.515s] -- Up-to-date: /home/luka/ws_moveit/install/moveit_task_constructor_core/share/moveit_task_constructor_core/cmake/pybind11Config.cmake
[1.516s] -- Up-to-date: /home/luka/ws_moveit/install/moveit_task_constructor_core/share/moveit_task_constructor_core/cmake/pybind11ConfigVersion.cmake
[1.516s] -- Up-to-date: /home/luka/ws_moveit/install/moveit_task_constructor_core/share/moveit_task_constructor_core/cmake/FindPythonLibsNew.cmake
[1.516s] -- Up-to-date: /home/luka/ws_moveit/install/moveit_task_constructor_core/share/moveit_task_constructor_core/cmake/pybind11Common.cmake
[1.516s] -- Up-to-date: /home/luka/ws_moveit/install/moveit_task_constructor_core/share/moveit_task_constructor_core/cmake/pybind11Tools.cmake
[1.516s] -- Up-to-date: /home/luka/ws_moveit/install/moveit_task_constructor_core/share/moveit_task_constructor_core/cmake/pybind11NewTools.cmake
[1.516s] -- Up-to-date: /home/luka/ws_moveit/install/moveit_task_constructor_core/share/moveit_task_constructor_core/cmake/pybind11Targets.cmake
[1.517s] -- Up-to-date: /home/luka/ws_moveit/install/moveit_task_constructor_core/share/pkgconfig/pybind11.pc
[1.517s] -- Up-to-date: /home/luka/ws_moveit/install/moveit_task_constructor_core/lib/libmoveit_task_constructor_core_python_tools.so
[1.517s] -- Up-to-date: /home/luka/ws_moveit/install/moveit_task_constructor_core/lib/python3.12/site-packages/pymoveit_mtc.cpython-312-x86_64-linux-gnu.so
[1.517s] -- Up-to-date: /home/luka/ws_moveit/install/moveit_task_constructor_core/include
[1.517s] -- Up-to-date: /home/luka/ws_moveit/install/moveit_task_constructor_core/include/moveit
[1.517s] -- Up-to-date: /home/luka/ws_moveit/install/moveit_task_constructor_core/include/moveit/task_constructor
[1.517s] -- Up-to-date: /home/luka/ws_moveit/install/moveit_task_constructor_core/include/moveit/task_constructor/introspection.h
[1.518s] -- Up-to-date: /home/luka/ws_moveit/install/moveit_task_constructor_core/include/moveit/task_constructor/storage.h
[1.518s] -- Up-to-date: /home/luka/ws_moveit/install/moveit_task_constructor_core/include/moveit/task_constructor/type_traits.h
[1.518s] -- Up-to-date: /home/luka/ws_moveit/install/moveit_task_constructor_core/include/moveit/task_constructor/cost_queue.h
[1.518s] -- Up-to-date: /home/luka/ws_moveit/install/moveit_task_constructor_core/include/moveit/task_constructor/moveit_compat.h
[1.518s] -- Up-to-date: /home/luka/ws_moveit/install/moveit_task_constructor_core/include/moveit/task_constructor/stages
[1.518s] -- Up-to-date: /home/luka/ws_moveit/install/moveit_task_constructor_core/include/moveit/task_constructor/stages/move_to.h
[1.518s] -- Up-to-date: /home/luka/ws_moveit/install/moveit_task_constructor_core/include/moveit/task_constructor/stages/simple_grasp.h
[1.519s] -- Up-to-date: /home/luka/ws_moveit/install/moveit_task_constructor_core/include/moveit/task_constructor/stages/generate_random_pose.h
[1.519s] -- Up-to-date: /home/luka/ws_moveit/install/moveit_task_constructor_core/include/moveit/task_constructor/stages/fixed_state.h
[1.519s] -- Up-to-date: /home/luka/ws_moveit/install/moveit_task_constructor_core/include/moveit/task_constructor/stages/passthrough.h
[1.519s] -- Up-to-date: /home/luka/ws_moveit/install/moveit_task_constructor_core/include/moveit/task_constructor/stages/compute_ik.h
[1.519s] -- Up-to-date: /home/luka/ws_moveit/install/moveit_task_constructor_core/include/moveit/task_constructor/stages/noop.h
[1.519s] -- Up-to-date: /home/luka/ws_moveit/install/moveit_task_constructor_core/include/moveit/task_constructor/stages/generate_place_pose.h
[1.520s] -- Up-to-date: /home/luka/ws_moveit/install/moveit_task_constructor_core/include/moveit/task_constructor/stages/fixed_cartesian_poses.h
[1.520s] -- Up-to-date: /home/luka/ws_moveit/install/moveit_task_constructor_core/include/moveit/task_constructor/stages/generate_pose.h
[1.520s] -- Up-to-date: /home/luka/ws_moveit/install/moveit_task_constructor_core/include/moveit/task_constructor/stages/connect.h
[1.520s] -- Up-to-date: /home/luka/ws_moveit/install/moveit_task_constructor_core/include/moveit/task_constructor/stages/generate_grasp_pose.h
[1.520s] -- Up-to-date: /home/luka/ws_moveit/install/moveit_task_constructor_core/include/moveit/task_constructor/stages/pick.h
[1.520s] -- Up-to-date: /home/luka/ws_moveit/install/moveit_task_constructor_core/include/moveit/task_constructor/stages/predicate_filter.h
[1.521s] -- Up-to-date: /home/luka/ws_moveit/install/moveit_task_constructor_core/include/moveit/task_constructor/stages/fix_collision_objects.h
[1.521s] -- Up-to-date: /home/luka/ws_moveit/install/moveit_task_constructor_core/include/moveit/task_constructor/stages/modify_planning_scene.h
[1.522s] -- Up-to-date: /home/luka/ws_moveit/install/moveit_task_constructor_core/include/moveit/task_constructor/stages/move_relative.h
[1.522s] -- Up-to-date: /home/luka/ws_moveit/install/moveit_task_constructor_core/include/moveit/task_constructor/stages/limit_solutions.h
[1.522s] -- Up-to-date: /home/luka/ws_moveit/install/moveit_task_constructor_core/include/moveit/task_constructor/stages/current_state.h
[1.522s] -- Up-to-date: /home/luka/ws_moveit/install/moveit_task_constructor_core/include/moveit/task_constructor/utils.h
[1.522s] -- Up-to-date: /home/luka/ws_moveit/install/moveit_task_constructor_core/include/moveit/task_constructor/solvers
[1.523s] -- Up-to-date: /home/luka/ws_moveit/install/moveit_task_constructor_core/include/moveit/task_constructor/solvers/multi_planner.h
[1.523s] -- Up-to-date: /home/luka/ws_moveit/install/moveit_task_constructor_core/include/moveit/task_constructor/solvers/joint_interpolation.h
[1.523s] -- Up-to-date: /home/luka/ws_moveit/install/moveit_task_constructor_core/include/moveit/task_constructor/solvers/pipeline_planner.h
[1.523s] -- Up-to-date: /home/luka/ws_moveit/install/moveit_task_constructor_core/include/moveit/task_constructor/solvers/cartesian_path.h
[1.523s] -- Up-to-date: /home/luka/ws_moveit/install/moveit_task_constructor_core/include/moveit/task_constructor/solvers/planner_interface.h
[1.524s] -- Up-to-date: /home/luka/ws_moveit/install/moveit_task_constructor_core/include/moveit/task_constructor/solvers.h
[1.524s] -- Up-to-date: /home/luka/ws_moveit/install/moveit_task_constructor_core/include/moveit/task_constructor/container.h
[1.524s] -- Up-to-date: /home/luka/ws_moveit/install/moveit_task_constructor_core/include/moveit/task_constructor/task.h
[1.524s] -- Up-to-date: /home/luka/ws_moveit/install/moveit_task_constructor_core/include/moveit/task_constructor/stages.h
[1.524s] -- Up-to-date: /home/luka/ws_moveit/install/moveit_task_constructor_core/include/moveit/task_constructor/merge.h
[1.524s] -- Up-to-date: /home/luka/ws_moveit/install/moveit_task_constructor_core/include/moveit/task_constructor/cost_terms.h
[1.525s] -- Up-to-date: /home/luka/ws_moveit/install/moveit_task_constructor_core/include/moveit/task_constructor/stage.h
[1.525s] -- Up-to-date: /home/luka/ws_moveit/install/moveit_task_constructor_core/include/moveit/task_constructor/marker_tools.h
[1.525s] -- Up-to-date: /home/luka/ws_moveit/install/moveit_task_constructor_core/include/moveit/task_constructor/properties.h
[1.525s] -- Up-to-date: /home/luka/ws_moveit/install/moveit_task_constructor_core/include/moveit/task_constructor/trajectory_execution_info.h
[1.525s] -- Up-to-date: /home/luka/ws_moveit/install/moveit_task_constructor_core/include/moveit/python
[1.526s] -- Up-to-date: /home/luka/ws_moveit/install/moveit_task_constructor_core/include/moveit/python/task_constructor
[1.526s] -- Up-to-date: /home/luka/ws_moveit/install/moveit_task_constructor_core/include/moveit/python/task_constructor/properties.h
[1.526s] -- Up-to-date: /home/luka/ws_moveit/install/moveit_task_constructor_core/share/moveit_task_constructor_core/motion_planning_stages_plugin_description.xml
[1.527s] -- Up-to-date: /home/luka/ws_moveit/install/moveit_task_constructor_core/share/moveit_task_constructor_core/environment/library_path.sh
[1.527s] -- Up-to-date: /home/luka/ws_moveit/install/moveit_task_constructor_core/share/moveit_task_constructor_core/environment/library_path.dsv
[1.527s] -- Up-to-date: /home/luka/ws_moveit/install/moveit_task_constructor_core/share/ament_index/resource_index/package_run_dependencies/moveit_task_constructor_core
[1.527s] -- Up-to-date: /home/luka/ws_moveit/install/moveit_task_constructor_core/share/ament_index/resource_index/parent_prefix_path/moveit_task_constructor_core
[1.528s] -- Up-to-date: /home/luka/ws_moveit/install/moveit_task_constructor_core/share/moveit_task_constructor_core/environment/ament_prefix_path.sh
[1.528s] -- Up-to-date: /home/luka/ws_moveit/install/moveit_task_constructor_core/share/moveit_task_constructor_core/environment/ament_prefix_path.dsv
[1.528s] -- Up-to-date: /home/luka/ws_moveit/install/moveit_task_constructor_core/share/moveit_task_constructor_core/environment/path.sh
[1.529s] -- Up-to-date: /home/luka/ws_moveit/install/moveit_task_constructor_core/share/moveit_task_constructor_core/environment/path.dsv
[1.529s] -- Up-to-date: /home/luka/ws_moveit/install/moveit_task_constructor_core/share/moveit_task_constructor_core/local_setup.bash
[1.529s] -- Up-to-date: /home/luka/ws_moveit/install/moveit_task_constructor_core/share/moveit_task_constructor_core/local_setup.sh
[1.530s] -- Up-to-date: /home/luka/ws_moveit/install/moveit_task_constructor_core/share/moveit_task_constructor_core/local_setup.zsh
[1.530s] -- Up-to-date: /home/luka/ws_moveit/install/moveit_task_constructor_core/share/moveit_task_constructor_core/local_setup.dsv
[1.530s] -- Installing: /home/luka/ws_moveit/install/moveit_task_constructor_core/share/moveit_task_constructor_core/package.dsv
[1.530s] -- Up-to-date: /home/luka/ws_moveit/install/moveit_task_constructor_core/share/ament_index/resource_index/packages/moveit_task_constructor_core
[1.530s] -- Up-to-date: /home/luka/ws_moveit/install/moveit_task_constructor_core/share/ament_index/resource_index/moveit_task_constructor_core__pluginlib__plugin/moveit_task_constructor_core
[1.530s] -- Up-to-date: /home/luka/ws_moveit/install/moveit_task_constructor_core/share/moveit_task_constructor_core/cmake/moveit_task_constructor_coreTargetsExport.cmake
[1.531s] -- Up-to-date: /home/luka/ws_moveit/install/moveit_task_constructor_core/share/moveit_task_constructor_core/cmake/moveit_task_constructor_coreTargetsExport-release.cmake
[1.531s] -- Up-to-date: /home/luka/ws_moveit/install/moveit_task_constructor_core/share/moveit_task_constructor_core/cmake/ament_cmake_export_targets-extras.cmake
[1.531s] -- Up-to-date: /home/luka/ws_moveit/install/moveit_task_constructor_core/share/moveit_task_constructor_core/cmake/ament_cmake_export_dependencies-extras.cmake
[1.531s] -- Up-to-date: /home/luka/ws_moveit/install/moveit_task_constructor_core/share/moveit_task_constructor_core/cmake/moveit_task_constructor_coreConfig.cmake
[1.531s] -- Up-to-date: /home/luka/ws_moveit/install/moveit_task_constructor_core/share/moveit_task_constructor_core/cmake/moveit_task_constructor_coreConfig-version.cmake
[1.531s] -- Up-to-date: /home/luka/ws_moveit/install/moveit_task_constructor_core/share/moveit_task_constructor_core/package.xml
[1.532s] Invoked command in '/home/luka/ws_moveit/build/moveit_task_constructor_core' returned '0': AMENT_PREFIX_PATH=/home/luka/ws_moveit/install/moveit_planners:/home/luka/ws_moveit/install/pilz_industrial_motion_planner:/home/luka/ws_moveit/install/moveit_resources_prbt_pg70_support:/home/luka/ws_moveit/install/moveit_py:/home/luka/ws_moveit/install/moveit_ros_planning_interface:/home/luka/ws_moveit/install/moveit_resources_prbt_moveit_config:/home/luka/ws_moveit/install/moveit_ros_move_group:/home/luka/ws_moveit/install/moveit_ros_warehouse:/home/luka/ws_moveit/install/moveit_planners_ompl:/home/luka/ws_moveit/install/moveit_kinematics:/home/luka/ws_moveit/install/moveit_ros_planning:/home/luka/ws_moveit/install/moveit_planners_chomp:/home/luka/ws_moveit/install/pilz_industrial_motion_planner_testutils:/home/luka/ws_moveit/install/moveit_simple_controller_manager:/home/luka/ws_moveit/install/moveit_ros_occupancy_map_monitor:/home/luka/ws_moveit/install/moveit_resources_prbt_ikfast_manipulator_plugin:/home/luka/ws_moveit/install/moveit_planners_stomp:/home/luka/ws_moveit/install/chomp_motion_planner:/home/luka/ws_moveit/install/moveit_core:/home/luka/ws_moveit/install/rviz_marker_tools:/home/luka/ws_moveit/install/moveit_task_constructor_msgs:/home/luka/ws_moveit/install/moveit_resources_panda_moveit_config:/home/luka/ws_moveit/install/moveit_resources_fanuc_moveit_config:/home/luka/ws_moveit/install/moveit_resources_prbt_support:/home/luka/ws_moveit/install/moveit_resources_pr2_description:/home/luka/ws_moveit/install/moveit_resources_panda_description:/home/luka/ws_moveit/install/moveit_resources_fanuc_description:/home/luka/ws_moveit/install/moveit_msgs:/home/luka/ws_moveit/install/moveit_configs_utils:/home/luka/ws_moveit/install/moveit_common:${AMENT_PREFIX_PATH} CMAKE_PREFIX_PATH=/home/luka/ws_moveit/install/moveit_planners:/home/luka/ws_moveit/install/pilz_industrial_motion_planner:/home/luka/ws_moveit/install/moveit_resources_prbt_pg70_support:/home/luka/ws_moveit/install/moveit_py:/home/luka/ws_moveit/install/moveit_ros_planning_interface:/home/luka/ws_moveit/install/moveit_resources_prbt_moveit_config:/home/luka/ws_moveit/install/moveit_ros_move_group:/home/luka/ws_moveit/install/moveit_ros_warehouse:/home/luka/ws_moveit/install/moveit_planners_ompl:/home/luka/ws_moveit/install/moveit_kinematics:/home/luka/ws_moveit/install/moveit_ros_planning:/home/luka/ws_moveit/install/moveit_planners_chomp:/home/luka/ws_moveit/install/pilz_industrial_motion_planner_testutils:/home/luka/ws_moveit/install/moveit_simple_controller_manager:/home/luka/ws_moveit/install/moveit_ros_occupancy_map_monitor:/home/luka/ws_moveit/install/moveit_resources_prbt_ikfast_manipulator_plugin:/home/luka/ws_moveit/install/moveit_planners_stomp:/home/luka/ws_moveit/install/chomp_motion_planner:/home/luka/ws_moveit/install/moveit_core:/home/luka/ws_moveit/install/rviz_marker_tools:/home/luka/ws_moveit/install/moveit_task_constructor_msgs:/home/luka/ws_moveit/install/moveit_resources_panda_moveit_config:/home/luka/ws_moveit/install/moveit_resources_fanuc_moveit_config:/home/luka/ws_moveit/install/moveit_resources_prbt_support:/home/luka/ws_moveit/install/moveit_resources_pr2_description:/home/luka/ws_moveit/install/moveit_resources_panda_description:/home/luka/ws_moveit/install/moveit_resources_fanuc_description:/home/luka/ws_moveit/install/moveit_msgs:/home/luka/ws_moveit/install/moveit_common:/opt/ros/jazzy/opt/gz_sim_vendor:/opt/ros/jazzy/opt/gz_sensors_vendor:/opt/ros/jazzy/opt/gz_physics_vendor:/opt/ros/jazzy/opt/sdformat_vendor:/opt/ros/jazzy/opt/gz_gui_vendor:/opt/ros/jazzy/opt/gz_transport_vendor:/opt/ros/jazzy/opt/gz_rendering_vendor:/opt/ros/jazzy/opt/gz_plugin_vendor:/opt/ros/jazzy/opt/gz_fuel_tools_vendor:/opt/ros/jazzy/opt/gz_msgs_vendor:/opt/ros/jazzy/opt/gz_common_vendor:/opt/ros/jazzy/opt/gz_math_vendor:/opt/ros/jazzy/opt/gz_utils_vendor:/opt/ros/jazzy/opt/gz_tools_vendor:/opt/ros/jazzy/opt/gz_ogre_next_vendor:/opt/ros/jazzy/opt/gz_dartsim_vendor:/opt/ros/jazzy/opt/gz_cmake_vendor:/opt/ros/jazzy DEBUGINFOD_URLS=https://debuginfod.ubuntu.com LD_LIBRARY_PATH=/home/luka/ws_moveit/install/pilz_industrial_motion_planner/lib:/home/luka/ws_moveit/install/moveit_py/lib:/home/luka/ws_moveit/install/moveit_ros_planning_interface/lib:/home/luka/ws_moveit/install/moveit_ros_move_group/lib:/home/luka/ws_moveit/install/moveit_ros_warehouse/lib:/home/luka/ws_moveit/install/moveit_planners_ompl/lib:/home/luka/ws_moveit/install/moveit_kinematics/lib:/home/luka/ws_moveit/install/moveit_ros_planning/lib:/home/luka/ws_moveit/install/moveit_planners_chomp/lib:/home/luka/ws_moveit/install/pilz_industrial_motion_planner_testutils/lib:/home/luka/ws_moveit/install/moveit_simple_controller_manager/lib:/home/luka/ws_moveit/install/moveit_ros_occupancy_map_monitor/lib:/home/luka/ws_moveit/install/moveit_resources_prbt_ikfast_manipulator_plugin/lib:/home/luka/ws_moveit/install/moveit_planners_stomp/lib:/home/luka/ws_moveit/install/chomp_motion_planner/lib:/home/luka/ws_moveit/install/moveit_core/lib:/home/luka/ws_moveit/install/rviz_marker_tools/lib:/home/luka/ws_moveit/install/moveit_task_constructor_msgs/lib:/home/luka/ws_moveit/install/moveit_msgs/lib:${LD_LIBRARY_PATH} PATH=/home/luka/ws_moveit/install/moveit_core/bin:${PATH} PYTHONPATH=/home/luka/ws_moveit/install/moveit_py/lib/python3.12/site-packages:/home/luka/ws_moveit/install/moveit_task_constructor_msgs/lib/python3.12/site-packages:/home/luka/ws_moveit/install/moveit_msgs/lib/python3.12/site-packages:/home/luka/ws_moveit/install/moveit_configs_utils/lib/python3.12/site-packages:${PYTHONPATH} /usr/bin/cmake --install /home/luka/ws_moveit/build/moveit_task_constructor_core
