[0.089s] Invoking command in '/home/luka/ws_moveit/build/serial': CMAKE_PREFIX_PATH=${CMAKE_PREFIX_PATH}:/home/luka/ws_moveit/install/hello_moveit_py:/home/luka/ws_moveit/install/moveit_configs_utils:/opt/ros/jazzy DEBUGINFOD_URLS=https://debuginfod.ubuntu.com /usr/bin/cmake /home/luka/ws_moveit/src/serial -DCMAKE_INSTALL_PREFIX=/home/luka/ws_moveit/install/serial
[0.186s] -- Found ament_cmake: 2.5.4 (/opt/ros/jazzy/share/ament_cmake/cmake)
[1.315s] -- Configuring done (1.2s)
[1.343s] -- Generating done (0.0s)
[1.357s] -- Build files have been written to: /home/luka/ws_moveit/build/serial
[1.368s] Invoked command in '/home/luka/ws_moveit/build/serial' returned '0': CMAKE_PREFIX_PATH=${CMAKE_PREFIX_PATH}:/home/luka/ws_moveit/install/hello_moveit_py:/home/luka/ws_moveit/install/moveit_configs_utils:/opt/ros/jazzy DEBUGINFOD_URLS=https://debuginfod.ubuntu.com /usr/bin/cmake /home/luka/ws_moveit/src/serial -DCMAKE_INSTALL_PREFIX=/home/luka/ws_moveit/install/serial
[1.369s] Invoking command in '/home/luka/ws_moveit/build/serial': CMAKE_PREFIX_PATH=${CMAKE_PREFIX_PATH}:/home/luka/ws_moveit/install/hello_moveit_py:/home/luka/ws_moveit/install/moveit_configs_utils:/opt/ros/jazzy DEBUGINFOD_URLS=https://debuginfod.ubuntu.com /usr/bin/cmake --build /home/luka/ws_moveit/build/serial -- -j4 -l4
[1.585s] [100%] Built target serial
[1.631s] Invoked command in '/home/luka/ws_moveit/build/serial' returned '0': CMAKE_PREFIX_PATH=${CMAKE_PREFIX_PATH}:/home/luka/ws_moveit/install/hello_moveit_py:/home/luka/ws_moveit/install/moveit_configs_utils:/opt/ros/jazzy DEBUGINFOD_URLS=https://debuginfod.ubuntu.com /usr/bin/cmake --build /home/luka/ws_moveit/build/serial -- -j4 -l4
[1.637s] Invoking command in '/home/luka/ws_moveit/build/serial': CMAKE_PREFIX_PATH=${CMAKE_PREFIX_PATH}:/home/luka/ws_moveit/install/hello_moveit_py:/home/luka/ws_moveit/install/moveit_configs_utils:/opt/ros/jazzy DEBUGINFOD_URLS=https://debuginfod.ubuntu.com /usr/bin/cmake --install /home/luka/ws_moveit/build/serial
[1.695s] -- Install configuration: "Release"
[1.695s] -- Up-to-date: /home/luka/ws_moveit/install/serial/lib/libserial.a
[1.701s] -- Up-to-date: /home/luka/ws_moveit/install/serial/include
[1.701s] -- Up-to-date: /home/luka/ws_moveit/install/serial/include/serial
[1.701s] -- Up-to-date: /home/luka/ws_moveit/install/serial/include/serial/v8stdint.h
[1.701s] -- Up-to-date: /home/luka/ws_moveit/install/serial/include/serial/serial.h
[1.701s] -- Up-to-date: /home/luka/ws_moveit/install/serial/include/serial/impl
[1.701s] -- Up-to-date: /home/luka/ws_moveit/install/serial/include/serial/impl/unix.h
[1.702s] -- Up-to-date: /home/luka/ws_moveit/install/serial/include/serial/impl/win.h
[1.702s] -- Up-to-date: /home/luka/ws_moveit/install/serial/share/serial/environment/library_path.sh
[1.702s] -- Up-to-date: /home/luka/ws_moveit/install/serial/share/serial/environment/library_path.dsv
[1.702s] -- Up-to-date: /home/luka/ws_moveit/install/serial/share/ament_index/resource_index/package_run_dependencies/serial
[1.702s] -- Installing: /home/luka/ws_moveit/install/serial/share/ament_index/resource_index/parent_prefix_path/serial
[1.702s] -- Up-to-date: /home/luka/ws_moveit/install/serial/share/serial/environment/ament_prefix_path.sh
[1.704s] -- Up-to-date: /home/luka/ws_moveit/install/serial/share/serial/environment/ament_prefix_path.dsv
[1.704s] -- Up-to-date: /home/luka/ws_moveit/install/serial/share/serial/environment/path.sh
[1.709s] -- Up-to-date: /home/luka/ws_moveit/install/serial/share/serial/environment/path.dsv
[1.710s] -- Up-to-date: /home/luka/ws_moveit/install/serial/share/serial/local_setup.bash
[1.710s] -- Up-to-date: /home/luka/ws_moveit/install/serial/share/serial/local_setup.sh
[1.714s] -- Up-to-date: /home/luka/ws_moveit/install/serial/share/serial/local_setup.zsh
[1.715s] -- Up-to-date: /home/luka/ws_moveit/install/serial/share/serial/local_setup.dsv
[1.715s] -- Installing: /home/luka/ws_moveit/install/serial/share/serial/package.dsv
[1.716s] -- Up-to-date: /home/luka/ws_moveit/install/serial/share/ament_index/resource_index/packages/serial
[1.716s] -- Up-to-date: /home/luka/ws_moveit/install/serial/share/serial/cmake/export_serialExport.cmake
[1.717s] -- Up-to-date: /home/luka/ws_moveit/install/serial/share/serial/cmake/export_serialExport-release.cmake
[1.717s] -- Up-to-date: /home/luka/ws_moveit/install/serial/share/serial/cmake/ament_cmake_export_include_directories-extras.cmake
[1.718s] -- Up-to-date: /home/luka/ws_moveit/install/serial/share/serial/cmake/ament_cmake_export_libraries-extras.cmake
[1.719s] -- Up-to-date: /home/luka/ws_moveit/install/serial/share/serial/cmake/ament_cmake_export_targets-extras.cmake
[1.719s] -- Up-to-date: /home/luka/ws_moveit/install/serial/share/serial/cmake/serialConfig.cmake
[1.721s] -- Up-to-date: /home/luka/ws_moveit/install/serial/share/serial/cmake/serialConfig-version.cmake
[1.722s] -- Up-to-date: /home/luka/ws_moveit/install/serial/share/serial/package.xml
[1.723s] Invoked command in '/home/luka/ws_moveit/build/serial' returned '0': CMAKE_PREFIX_PATH=${CMAKE_PREFIX_PATH}:/home/luka/ws_moveit/install/hello_moveit_py:/home/luka/ws_moveit/install/moveit_configs_utils:/opt/ros/jazzy DEBUGINFOD_URLS=https://debuginfod.ubuntu.com /usr/bin/cmake --install /home/luka/ws_moveit/build/serial
