[  0%] Built target moveit_msgs__rosidl_generator_type_description
[  0%] Built target ament_cmake_python_copy_moveit_msgs
[ 29%] Built target moveit_msgs__rosidl_generator_c
running egg_info
writing moveit_msgs.egg-info/PKG-INFO
writing dependency_links to moveit_msgs.egg-info/dependency_links.txt
writing top-level names to moveit_msgs.egg-info/top_level.txt
reading manifest file 'moveit_msgs.egg-info/SOURCES.txt'
writing manifest file 'moveit_msgs.egg-info/SOURCES.txt'
[ 29%] Built target ament_cmake_python_build_moveit_msgs_egg
[ 39%] Built target moveit_msgs__rosidl_typesupport_introspection_c
[ 49%] Built target moveit_msgs__rosidl_typesupport_c
[ 59%] Built target moveit_msgs__rosidl_typesupport_fastrtps_c
[ 59%] Built target moveit_msgs__cpp
[ 69%] Built target moveit_msgs__rosidl_typesupport_cpp
[ 79%] Built target moveit_msgs__rosidl_typesupport_introspection_cpp
[ 89%] Built target moveit_msgs__rosidl_typesupport_fastrtps_cpp
[ 89%] Built target moveit_msgs
[ 89%] Built target moveit_msgs__py
[ 89%] [32mBuilding C object CMakeFiles/moveit_msgs__rosidl_generator_py.dir/rosidl_generator_py/moveit_msgs/msg/_allowed_collision_entry_s.c.o[0m
[ 90%] [32mBuilding C object CMakeFiles/moveit_msgs__rosidl_generator_py.dir/rosidl_generator_py/moveit_msgs/msg/_bounding_volume_s.c.o[0m
[ 90%] [32mBuilding C object CMakeFiles/moveit_msgs__rosidl_generator_py.dir/rosidl_generator_py/moveit_msgs/msg/_cartesian_point_s.c.o[0m
[ 90%] [32mBuilding C object CMakeFiles/moveit_msgs__rosidl_generator_py.dir/rosidl_generator_py/moveit_msgs/msg/_cartesian_trajectory_s.c.o[0m
[ 90%] [32mBuilding C object CMakeFiles/moveit_msgs__rosidl_generator_py.dir/rosidl_generator_py/moveit_msgs/msg/_cartesian_trajectory_point_s.c.o[0m
[ 90%] [32mBuilding C object CMakeFiles/moveit_msgs__rosidl_generator_py.dir/rosidl_generator_py/moveit_msgs/msg/_collision_object_s.c.o[0m
[ 90%] [32mBuilding C object CMakeFiles/moveit_msgs__rosidl_generator_py.dir/rosidl_generator_py/moveit_msgs/msg/_constraint_eval_result_s.c.o[0m
[ 90%] [32mBuilding C object CMakeFiles/moveit_msgs__rosidl_generator_py.dir/rosidl_generator_py/moveit_msgs/msg/_constraints_s.c.o[0m
[ 90%] [32mBuilding C object CMakeFiles/moveit_msgs__rosidl_generator_py.dir/rosidl_generator_py/moveit_msgs/msg/_cost_source_s.c.o[0m
[ 91%] [32mBuilding C object CMakeFiles/moveit_msgs__rosidl_generator_py.dir/rosidl_generator_py/moveit_msgs/msg/_contact_information_s.c.o[0m
[ 91%] [32mBuilding C object CMakeFiles/moveit_msgs__rosidl_generator_py.dir/rosidl_generator_py/moveit_msgs/msg/_display_trajectory_s.c.o[0m
[ 91%] [32mBuilding C object CMakeFiles/moveit_msgs__rosidl_generator_py.dir/rosidl_generator_py/moveit_msgs/msg/_display_robot_state_s.c.o[0m
[ 91%] [32mBuilding C object CMakeFiles/moveit_msgs__rosidl_generator_py.dir/rosidl_generator_py/moveit_msgs/msg/_generic_trajectory_s.c.o[0m
[ 91%] [32mBuilding C object CMakeFiles/moveit_msgs__rosidl_generator_py.dir/rosidl_generator_py/moveit_msgs/msg/_grasp_s.c.o[0m
[ 91%] [32mBuilding C object CMakeFiles/moveit_msgs__rosidl_generator_py.dir/rosidl_generator_py/moveit_msgs/msg/_gripper_translation_s.c.o[0m
[ 91%] [32mBuilding C object CMakeFiles/moveit_msgs__rosidl_generator_py.dir/rosidl_generator_py/moveit_msgs/msg/_joint_constraint_s.c.o[0m
[ 91%] [32mBuilding C object CMakeFiles/moveit_msgs__rosidl_generator_py.dir/rosidl_generator_py/moveit_msgs/msg/_joint_limits_s.c.o[0m
[ 91%] [32mBuilding C object CMakeFiles/moveit_msgs__rosidl_generator_py.dir/rosidl_generator_py/moveit_msgs/msg/_link_padding_s.c.o[0m
[ 92%] [32mBuilding C object CMakeFiles/moveit_msgs__rosidl_generator_py.dir/rosidl_generator_py/moveit_msgs/msg/_link_scale_s.c.o[0m
[ 92%] [32mBuilding C object CMakeFiles/moveit_msgs__rosidl_generator_py.dir/rosidl_generator_py/moveit_msgs/msg/_motion_plan_request_s.c.o[0m
[ 92%] [32mBuilding C object CMakeFiles/moveit_msgs__rosidl_generator_py.dir/rosidl_generator_py/moveit_msgs/msg/_motion_plan_response_s.c.o[0m
[ 92%] [32mBuilding C object CMakeFiles/moveit_msgs__rosidl_generator_py.dir/rosidl_generator_py/moveit_msgs/msg/_motion_plan_detailed_response_s.c.o[0m
[ 92%] [32mBuilding C object CMakeFiles/moveit_msgs__rosidl_generator_py.dir/rosidl_generator_py/moveit_msgs/msg/_motion_sequence_item_s.c.o[0m
[ 92%] [32mBuilding C object CMakeFiles/moveit_msgs__rosidl_generator_py.dir/rosidl_generator_py/moveit_msgs/msg/_motion_sequence_request_s.c.o[0m
[ 92%] [32mBuilding C object CMakeFiles/moveit_msgs__rosidl_generator_py.dir/rosidl_generator_py/moveit_msgs/msg/_motion_sequence_response_s.c.o[0m
[ 92%] [32mBuilding C object CMakeFiles/moveit_msgs__rosidl_generator_py.dir/rosidl_generator_py/moveit_msgs/msg/_move_it_error_codes_s.c.o[0m
[ 93%] [32mBuilding C object CMakeFiles/moveit_msgs__rosidl_generator_py.dir/rosidl_generator_py/moveit_msgs/msg/_trajectory_constraints_s.c.o[0m
[ 93%] [32mBuilding C object CMakeFiles/moveit_msgs__rosidl_generator_py.dir/rosidl_generator_py/moveit_msgs/msg/_object_color_s.c.o[0m
[ 93%] [32mBuilding C object CMakeFiles/moveit_msgs__rosidl_generator_py.dir/rosidl_generator_py/moveit_msgs/msg/_orientation_constraint_s.c.o[0m
[ 93%] [32mBuilding C object CMakeFiles/moveit_msgs__rosidl_generator_py.dir/rosidl_generator_py/moveit_msgs/msg/_oriented_bounding_box_s.c.o[0m
[ 93%] [32mBuilding C object CMakeFiles/moveit_msgs__rosidl_generator_py.dir/rosidl_generator_py/moveit_msgs/msg/_place_location_s.c.o[0m
[ 93%] [32mBuilding C object CMakeFiles/moveit_msgs__rosidl_generator_py.dir/rosidl_generator_py/moveit_msgs/msg/_planner_interface_description_s.c.o[0m
[ 93%] [32mBuilding C object CMakeFiles/moveit_msgs__rosidl_generator_py.dir/rosidl_generator_py/moveit_msgs/msg/_planner_params_s.c.o[0m
[ 93%] [32mBuilding C object CMakeFiles/moveit_msgs__rosidl_generator_py.dir/rosidl_generator_py/moveit_msgs/msg/_planning_scene_s.c.o[0m
[ 94%] [32mBuilding C object CMakeFiles/moveit_msgs__rosidl_generator_py.dir/rosidl_generator_py/moveit_msgs/msg/_planning_scene_components_s.c.o[0m
[ 94%] [32mBuilding C object CMakeFiles/moveit_msgs__rosidl_generator_py.dir/rosidl_generator_py/moveit_msgs/msg/_planning_scene_world_s.c.o[0m
[ 94%] [32mBuilding C object CMakeFiles/moveit_msgs__rosidl_generator_py.dir/rosidl_generator_py/moveit_msgs/msg/_planning_options_s.c.o[0m
[ 94%] [32mBuilding C object CMakeFiles/moveit_msgs__rosidl_generator_py.dir/rosidl_generator_py/moveit_msgs/msg/_position_constraint_s.c.o[0m
[ 94%] [32mBuilding C object CMakeFiles/moveit_msgs__rosidl_generator_py.dir/rosidl_generator_py/moveit_msgs/msg/_robot_state_s.c.o[0m
[ 94%] [32mBuilding C object CMakeFiles/moveit_msgs__rosidl_generator_py.dir/rosidl_generator_py/moveit_msgs/msg/_robot_trajectory_s.c.o[0m
[ 94%] [32mBuilding C object CMakeFiles/moveit_msgs__rosidl_generator_py.dir/rosidl_generator_py/moveit_msgs/msg/_visibility_constraint_s.c.o[0m
[ 94%] [32mBuilding C object CMakeFiles/moveit_msgs__rosidl_generator_py.dir/rosidl_generator_py/moveit_msgs/msg/_workspace_parameters_s.c.o[0m
[ 94%] [32mBuilding C object CMakeFiles/moveit_msgs__rosidl_generator_py.dir/rosidl_generator_py/moveit_msgs/msg/_kinematic_solver_info_s.c.o[0m
[ 95%] [32mBuilding C object CMakeFiles/moveit_msgs__rosidl_generator_py.dir/rosidl_generator_py/moveit_msgs/msg/_position_ik_request_s.c.o[0m
[ 95%] [32mBuilding C object CMakeFiles/moveit_msgs__rosidl_generator_py.dir/rosidl_generator_py/moveit_msgs/msg/_pipeline_state_s.c.o[0m
[ 95%] [32mBuilding C object CMakeFiles/moveit_msgs__rosidl_generator_py.dir/rosidl_generator_py/moveit_msgs/msg/_servo_status_s.c.o[0m
[ 95%] [32mBuilding C object CMakeFiles/moveit_msgs__rosidl_generator_py.dir/rosidl_generator_py/moveit_msgs/srv/_get_motion_plan_s.c.o[0m
