[0.032s] Invoking command in '/home/luka/ws_moveit/build/moveit_ros_perception': AMENT_PREFIX_PATH=/home/luka/ws_moveit/install/moveit_ros_planning:/home/luka/ws_moveit/install/moveit_ros_occupancy_map_monitor:/home/luka/ws_moveit/install/moveit_core:/home/luka/ws_moveit/install/moveit_resources_panda_moveit_config:/home/luka/ws_moveit/install/moveit_resources_pr2_description:/home/luka/ws_moveit/install/moveit_resources_panda_description:/home/luka/ws_moveit/install/moveit_msgs:/home/luka/ws_moveit/install/moveit_configs_utils:/home/luka/ws_moveit/install/moveit_common:${AMENT_PREFIX_PATH} CMAKE_PREFIX_PATH=/home/luka/ws_moveit/install/moveit_ros_planning:/home/luka/ws_moveit/install/moveit_ros_occupancy_map_monitor:/home/luka/ws_moveit/install/moveit_core:/home/luka/ws_moveit/install/moveit_resources_panda_moveit_config:/home/luka/ws_moveit/install/moveit_resources_pr2_description:/home/luka/ws_moveit/install/moveit_resources_panda_description:/home/luka/ws_moveit/install/moveit_msgs:/home/luka/ws_moveit/install/moveit_common:/opt/ros/jazzy/opt/gz_sim_vendor:/opt/ros/jazzy/opt/gz_sensors_vendor:/opt/ros/jazzy/opt/gz_physics_vendor:/opt/ros/jazzy/opt/sdformat_vendor:/opt/ros/jazzy/opt/gz_gui_vendor:/opt/ros/jazzy/opt/gz_transport_vendor:/opt/ros/jazzy/opt/gz_rendering_vendor:/opt/ros/jazzy/opt/gz_plugin_vendor:/opt/ros/jazzy/opt/gz_fuel_tools_vendor:/opt/ros/jazzy/opt/gz_msgs_vendor:/opt/ros/jazzy/opt/gz_common_vendor:/opt/ros/jazzy/opt/gz_math_vendor:/opt/ros/jazzy/opt/gz_utils_vendor:/opt/ros/jazzy/opt/gz_tools_vendor:/opt/ros/jazzy/opt/gz_ogre_next_vendor:/opt/ros/jazzy/opt/gz_dartsim_vendor:/opt/ros/jazzy/opt/gz_cmake_vendor:/opt/ros/jazzy DEBUGINFOD_URLS=https://debuginfod.ubuntu.com LD_LIBRARY_PATH=/home/luka/ws_moveit/install/moveit_ros_planning/lib:/home/luka/ws_moveit/install/moveit_ros_occupancy_map_monitor/lib:/home/luka/ws_moveit/install/moveit_core/lib:/home/luka/ws_moveit/install/moveit_msgs/lib:${LD_LIBRARY_PATH} PATH=/home/luka/ws_moveit/install/moveit_core/bin:${PATH} PYTHONPATH=/home/luka/ws_moveit/install/moveit_msgs/lib/python3.12/site-packages:/home/luka/ws_moveit/install/moveit_configs_utils/lib/python3.12/site-packages:${PYTHONPATH} /usr/bin/cmake --build /home/luka/ws_moveit/build/moveit_ros_perception -- -j4 -l4
[0.131s] [  5%] [32m[1mLinking CXX shared library libmoveit_lazy_free_space_updater.so[0m
[0.137s] [ 10%] [32m[1mLinking CXX shared library libmoveit_point_containment_filter.so[0m
[0.409s] [ 15%] Built target moveit_point_containment_filter
[0.470s] [ 20%] Built target moveit_lazy_free_space_updater
[0.473s] [ 25%] [32m[1mLinking CXX shared library libmoveit_semantic_world.so[0m
[0.517s] [ 30%] [32m[1mLinking CXX shared library libmoveit_pointcloud_octomap_updater_core.so[0m
[1.017s] [ 35%] Built target moveit_pointcloud_octomap_updater_core
[1.099s] [ 40%] [32m[1mLinking CXX shared library libmoveit_mesh_filter.so[0m
[1.189s] [ 45%] Built target moveit_semantic_world
[1.276s] [ 50%] [32m[1mLinking CXX shared library libmoveit_pointcloud_octomap_updater.so[0m
[1.582s] [ 75%] Built target moveit_mesh_filter
[1.591s] [ 80%] Built target moveit_pointcloud_octomap_updater
[1.640s] [ 85%] [32m[1mLinking CXX shared library libmoveit_depth_image_octomap_updater_core.so[0m
[1.957s] [ 90%] Built target moveit_depth_image_octomap_updater_core
[1.998s] [ 95%] [32m[1mLinking CXX shared library libmoveit_depth_image_octomap_updater.so[0m
[2.230s] [100%] Built target moveit_depth_image_octomap_updater
[2.247s] Invoked command in '/home/luka/ws_moveit/build/moveit_ros_perception' returned '0': AMENT_PREFIX_PATH=/home/luka/ws_moveit/install/moveit_ros_planning:/home/luka/ws_moveit/install/moveit_ros_occupancy_map_monitor:/home/luka/ws_moveit/install/moveit_core:/home/luka/ws_moveit/install/moveit_resources_panda_moveit_config:/home/luka/ws_moveit/install/moveit_resources_pr2_description:/home/luka/ws_moveit/install/moveit_resources_panda_description:/home/luka/ws_moveit/install/moveit_msgs:/home/luka/ws_moveit/install/moveit_configs_utils:/home/luka/ws_moveit/install/moveit_common:${AMENT_PREFIX_PATH} CMAKE_PREFIX_PATH=/home/luka/ws_moveit/install/moveit_ros_planning:/home/luka/ws_moveit/install/moveit_ros_occupancy_map_monitor:/home/luka/ws_moveit/install/moveit_core:/home/luka/ws_moveit/install/moveit_resources_panda_moveit_config:/home/luka/ws_moveit/install/moveit_resources_pr2_description:/home/luka/ws_moveit/install/moveit_resources_panda_description:/home/luka/ws_moveit/install/moveit_msgs:/home/luka/ws_moveit/install/moveit_common:/opt/ros/jazzy/opt/gz_sim_vendor:/opt/ros/jazzy/opt/gz_sensors_vendor:/opt/ros/jazzy/opt/gz_physics_vendor:/opt/ros/jazzy/opt/sdformat_vendor:/opt/ros/jazzy/opt/gz_gui_vendor:/opt/ros/jazzy/opt/gz_transport_vendor:/opt/ros/jazzy/opt/gz_rendering_vendor:/opt/ros/jazzy/opt/gz_plugin_vendor:/opt/ros/jazzy/opt/gz_fuel_tools_vendor:/opt/ros/jazzy/opt/gz_msgs_vendor:/opt/ros/jazzy/opt/gz_common_vendor:/opt/ros/jazzy/opt/gz_math_vendor:/opt/ros/jazzy/opt/gz_utils_vendor:/opt/ros/jazzy/opt/gz_tools_vendor:/opt/ros/jazzy/opt/gz_ogre_next_vendor:/opt/ros/jazzy/opt/gz_dartsim_vendor:/opt/ros/jazzy/opt/gz_cmake_vendor:/opt/ros/jazzy DEBUGINFOD_URLS=https://debuginfod.ubuntu.com LD_LIBRARY_PATH=/home/luka/ws_moveit/install/moveit_ros_planning/lib:/home/luka/ws_moveit/install/moveit_ros_occupancy_map_monitor/lib:/home/luka/ws_moveit/install/moveit_core/lib:/home/luka/ws_moveit/install/moveit_msgs/lib:${LD_LIBRARY_PATH} PATH=/home/luka/ws_moveit/install/moveit_core/bin:${PATH} PYTHONPATH=/home/luka/ws_moveit/install/moveit_msgs/lib/python3.12/site-packages:/home/luka/ws_moveit/install/moveit_configs_utils/lib/python3.12/site-packages:${PYTHONPATH} /usr/bin/cmake --build /home/luka/ws_moveit/build/moveit_ros_perception -- -j4 -l4
[2.249s] Invoking command in '/home/luka/ws_moveit/build/moveit_ros_perception': AMENT_PREFIX_PATH=/home/luka/ws_moveit/install/moveit_ros_planning:/home/luka/ws_moveit/install/moveit_ros_occupancy_map_monitor:/home/luka/ws_moveit/install/moveit_core:/home/luka/ws_moveit/install/moveit_resources_panda_moveit_config:/home/luka/ws_moveit/install/moveit_resources_pr2_description:/home/luka/ws_moveit/install/moveit_resources_panda_description:/home/luka/ws_moveit/install/moveit_msgs:/home/luka/ws_moveit/install/moveit_configs_utils:/home/luka/ws_moveit/install/moveit_common:${AMENT_PREFIX_PATH} CMAKE_PREFIX_PATH=/home/luka/ws_moveit/install/moveit_ros_planning:/home/luka/ws_moveit/install/moveit_ros_occupancy_map_monitor:/home/luka/ws_moveit/install/moveit_core:/home/luka/ws_moveit/install/moveit_resources_panda_moveit_config:/home/luka/ws_moveit/install/moveit_resources_pr2_description:/home/luka/ws_moveit/install/moveit_resources_panda_description:/home/luka/ws_moveit/install/moveit_msgs:/home/luka/ws_moveit/install/moveit_common:/opt/ros/jazzy/opt/gz_sim_vendor:/opt/ros/jazzy/opt/gz_sensors_vendor:/opt/ros/jazzy/opt/gz_physics_vendor:/opt/ros/jazzy/opt/sdformat_vendor:/opt/ros/jazzy/opt/gz_gui_vendor:/opt/ros/jazzy/opt/gz_transport_vendor:/opt/ros/jazzy/opt/gz_rendering_vendor:/opt/ros/jazzy/opt/gz_plugin_vendor:/opt/ros/jazzy/opt/gz_fuel_tools_vendor:/opt/ros/jazzy/opt/gz_msgs_vendor:/opt/ros/jazzy/opt/gz_common_vendor:/opt/ros/jazzy/opt/gz_math_vendor:/opt/ros/jazzy/opt/gz_utils_vendor:/opt/ros/jazzy/opt/gz_tools_vendor:/opt/ros/jazzy/opt/gz_ogre_next_vendor:/opt/ros/jazzy/opt/gz_dartsim_vendor:/opt/ros/jazzy/opt/gz_cmake_vendor:/opt/ros/jazzy DEBUGINFOD_URLS=https://debuginfod.ubuntu.com LD_LIBRARY_PATH=/home/luka/ws_moveit/install/moveit_ros_planning/lib:/home/luka/ws_moveit/install/moveit_ros_occupancy_map_monitor/lib:/home/luka/ws_moveit/install/moveit_core/lib:/home/luka/ws_moveit/install/moveit_msgs/lib:${LD_LIBRARY_PATH} PATH=/home/luka/ws_moveit/install/moveit_core/bin:${PATH} PYTHONPATH=/home/luka/ws_moveit/install/moveit_msgs/lib/python3.12/site-packages:/home/luka/ws_moveit/install/moveit_configs_utils/lib/python3.12/site-packages:${PYTHONPATH} /usr/bin/cmake --install /home/luka/ws_moveit/build/moveit_ros_perception
[2.262s] -- Install configuration: "Release"
[2.262s] -- Up-to-date: /home/luka/ws_moveit/install/moveit_ros_perception/include/moveit_ros_perception
[2.262s] -- Up-to-date: /home/luka/ws_moveit/install/moveit_ros_perception/include/moveit_ros_perception/moveit
[2.262s] -- Up-to-date: /home/luka/ws_moveit/install/moveit_ros_perception/include/moveit_ros_perception/moveit/lazy_free_space_updater
[2.263s] -- Up-to-date: /home/luka/ws_moveit/install/moveit_ros_perception/include/moveit_ros_perception/moveit/lazy_free_space_updater/lazy_free_space_updater.h
[2.263s] -- Up-to-date: /home/luka/ws_moveit/install/moveit_ros_perception/include/moveit_ros_perception/moveit/lazy_free_space_updater/lazy_free_space_updater.hpp
[2.263s] -- Up-to-date: /home/luka/ws_moveit/install/moveit_ros_perception/include/moveit_ros_perception
[2.263s] -- Up-to-date: /home/luka/ws_moveit/install/moveit_ros_perception/include/moveit_ros_perception/moveit
[2.263s] -- Up-to-date: /home/luka/ws_moveit/install/moveit_ros_perception/include/moveit_ros_perception/moveit/point_containment_filter
[2.263s] -- Up-to-date: /home/luka/ws_moveit/install/moveit_ros_perception/include/moveit_ros_perception/moveit/point_containment_filter/shape_mask.h
[2.264s] -- Up-to-date: /home/luka/ws_moveit/install/moveit_ros_perception/include/moveit_ros_perception/moveit/point_containment_filter/shape_mask.hpp
[2.264s] -- Up-to-date: /home/luka/ws_moveit/install/moveit_ros_perception/include/moveit_ros_perception
[2.264s] -- Up-to-date: /home/luka/ws_moveit/install/moveit_ros_perception/include/moveit_ros_perception/moveit
[2.264s] -- Up-to-date: /home/luka/ws_moveit/install/moveit_ros_perception/include/moveit_ros_perception/moveit/pointcloud_octomap_updater
[2.264s] -- Up-to-date: /home/luka/ws_moveit/install/moveit_ros_perception/include/moveit_ros_perception/moveit/pointcloud_octomap_updater/pointcloud_octomap_updater.h
[2.264s] -- Up-to-date: /home/luka/ws_moveit/install/moveit_ros_perception/include/moveit_ros_perception/moveit/pointcloud_octomap_updater/pointcloud_octomap_updater.hpp
[2.265s] -- Up-to-date: /home/luka/ws_moveit/install/moveit_ros_perception/include/moveit_ros_perception
[2.265s] -- Up-to-date: /home/luka/ws_moveit/install/moveit_ros_perception/include/moveit_ros_perception/moveit
[2.265s] -- Up-to-date: /home/luka/ws_moveit/install/moveit_ros_perception/include/moveit_ros_perception/moveit/mesh_filter
[2.265s] -- Up-to-date: /home/luka/ws_moveit/install/moveit_ros_perception/include/moveit_ros_perception/moveit/mesh_filter/stereo_camera_model.h
[2.265s] -- Up-to-date: /home/luka/ws_moveit/install/moveit_ros_perception/include/moveit_ros_perception/moveit/mesh_filter/gl_mesh.h
[2.265s] -- Up-to-date: /home/luka/ws_moveit/install/moveit_ros_perception/include/moveit_ros_perception/moveit/mesh_filter/mesh_filter.h
[2.265s] -- Up-to-date: /home/luka/ws_moveit/install/moveit_ros_perception/include/moveit_ros_perception/moveit/mesh_filter/filter_job.h
[2.266s] -- Up-to-date: /home/luka/ws_moveit/install/moveit_ros_perception/include/moveit_ros_perception/moveit/mesh_filter/gl_renderer.hpp
[2.266s] -- Up-to-date: /home/luka/ws_moveit/install/moveit_ros_perception/include/moveit_ros_perception/moveit/mesh_filter/sensor_model.h
[2.266s] -- Up-to-date: /home/luka/ws_moveit/install/moveit_ros_perception/include/moveit_ros_perception/moveit/mesh_filter/transform_provider.h
[2.266s] -- Up-to-date: /home/luka/ws_moveit/install/moveit_ros_perception/include/moveit_ros_perception/moveit/mesh_filter/filter_job.hpp
[2.266s] -- Up-to-date: /home/luka/ws_moveit/install/moveit_ros_perception/include/moveit_ros_perception/moveit/mesh_filter/depth_self_filter_nodelet.hpp
[2.266s] -- Up-to-date: /home/luka/ws_moveit/install/moveit_ros_perception/include/moveit_ros_perception/moveit/mesh_filter/mesh_filter.hpp
[2.266s] -- Up-to-date: /home/luka/ws_moveit/install/moveit_ros_perception/include/moveit_ros_perception/moveit/mesh_filter/stereo_camera_model.hpp
[2.267s] -- Up-to-date: /home/luka/ws_moveit/install/moveit_ros_perception/include/moveit_ros_perception/moveit/mesh_filter/mesh_filter_base.hpp
[2.267s] -- Up-to-date: /home/luka/ws_moveit/install/moveit_ros_perception/include/moveit_ros_perception/moveit/mesh_filter/gl_renderer.h
[2.267s] -- Up-to-date: /home/luka/ws_moveit/install/moveit_ros_perception/include/moveit_ros_perception/moveit/mesh_filter/depth_self_filter_nodelet.h
[2.267s] -- Up-to-date: /home/luka/ws_moveit/install/moveit_ros_perception/include/moveit_ros_perception/moveit/mesh_filter/mesh_filter_base.h
[2.267s] -- Up-to-date: /home/luka/ws_moveit/install/moveit_ros_perception/include/moveit_ros_perception/moveit/mesh_filter/gl_mesh.hpp
[2.267s] -- Up-to-date: /home/luka/ws_moveit/install/moveit_ros_perception/include/moveit_ros_perception/moveit/mesh_filter/sensor_model.hpp
[2.267s] -- Up-to-date: /home/luka/ws_moveit/install/moveit_ros_perception/include/moveit_ros_perception/moveit/mesh_filter/transform_provider.hpp
[2.267s] -- Up-to-date: /home/luka/ws_moveit/install/moveit_ros_perception/include/moveit_ros_perception/moveit_mesh_filter_export.h
[2.267s] -- Up-to-date: /home/luka/ws_moveit/install/moveit_ros_perception/include/moveit_ros_perception
[2.268s] -- Up-to-date: /home/luka/ws_moveit/install/moveit_ros_perception/include/moveit_ros_perception/moveit
[2.268s] -- Up-to-date: /home/luka/ws_moveit/install/moveit_ros_perception/include/moveit_ros_perception/moveit/depth_image_octomap_updater
[2.268s] -- Up-to-date: /home/luka/ws_moveit/install/moveit_ros_perception/include/moveit_ros_perception/moveit/depth_image_octomap_updater/depth_image_octomap_updater.h
[2.268s] -- Up-to-date: /home/luka/ws_moveit/install/moveit_ros_perception/include/moveit_ros_perception/moveit/depth_image_octomap_updater/depth_image_octomap_updater.hpp
[2.268s] -- Up-to-date: /home/luka/ws_moveit/install/moveit_ros_perception/include/moveit_ros_perception
[2.268s] -- Up-to-date: /home/luka/ws_moveit/install/moveit_ros_perception/include/moveit_ros_perception/moveit
[2.268s] -- Up-to-date: /home/luka/ws_moveit/install/moveit_ros_perception/include/moveit_ros_perception/moveit/semantic_world
[2.268s] -- Up-to-date: /home/luka/ws_moveit/install/moveit_ros_perception/include/moveit_ros_perception/moveit/semantic_world/semantic_world.hpp
[2.268s] -- Up-to-date: /home/luka/ws_moveit/install/moveit_ros_perception/include/moveit_ros_perception/moveit/semantic_world/semantic_world.h
[2.268s] -- Installing: /home/luka/ws_moveit/install/moveit_ros_perception/lib/libmoveit_depth_image_octomap_updater.so.2.14.1
[2.268s] -- Set non-toolchain portion of runtime path of "/home/luka/ws_moveit/install/moveit_ros_perception/lib/libmoveit_depth_image_octomap_updater.so.2.14.1" to ""
[2.268s] -- Up-to-date: /home/luka/ws_moveit/install/moveit_ros_perception/lib/libmoveit_depth_image_octomap_updater.so
[2.269s] -- Installing: /home/luka/ws_moveit/install/moveit_ros_perception/lib/libmoveit_depth_image_octomap_updater_core.so.2.14.1
[2.269s] -- Set non-toolchain portion of runtime path of "/home/luka/ws_moveit/install/moveit_ros_perception/lib/libmoveit_depth_image_octomap_updater_core.so.2.14.1" to ""
[2.270s] -- Up-to-date: /home/luka/ws_moveit/install/moveit_ros_perception/lib/libmoveit_depth_image_octomap_updater_core.so
[2.271s] -- Installing: /home/luka/ws_moveit/install/moveit_ros_perception/lib/libmoveit_lazy_free_space_updater.so.2.14.1
[2.272s] -- Set non-toolchain portion of runtime path of "/home/luka/ws_moveit/install/moveit_ros_perception/lib/libmoveit_lazy_free_space_updater.so.2.14.1" to ""
[2.272s] -- Up-to-date: /home/luka/ws_moveit/install/moveit_ros_perception/lib/libmoveit_lazy_free_space_updater.so
[2.273s] -- Installing: /home/luka/ws_moveit/install/moveit_ros_perception/lib/libmoveit_mesh_filter.so.2.14.1
[2.274s] -- Set non-toolchain portion of runtime path of "/home/luka/ws_moveit/install/moveit_ros_perception/lib/libmoveit_mesh_filter.so.2.14.1" to ""
[2.274s] -- Up-to-date: /home/luka/ws_moveit/install/moveit_ros_perception/lib/libmoveit_mesh_filter.so
[2.274s] -- Installing: /home/luka/ws_moveit/install/moveit_ros_perception/lib/libmoveit_point_containment_filter.so.2.14.1
[2.275s] -- Set non-toolchain portion of runtime path of "/home/luka/ws_moveit/install/moveit_ros_perception/lib/libmoveit_point_containment_filter.so.2.14.1" to ""
[2.275s] -- Up-to-date: /home/luka/ws_moveit/install/moveit_ros_perception/lib/libmoveit_point_containment_filter.so
[2.276s] -- Installing: /home/luka/ws_moveit/install/moveit_ros_perception/lib/libmoveit_pointcloud_octomap_updater.so.2.14.1
[2.276s] -- Set non-toolchain portion of runtime path of "/home/luka/ws_moveit/install/moveit_ros_perception/lib/libmoveit_pointcloud_octomap_updater.so.2.14.1" to ""
[2.276s] -- Up-to-date: /home/luka/ws_moveit/install/moveit_ros_perception/lib/libmoveit_pointcloud_octomap_updater.so
[2.277s] -- Installing: /home/luka/ws_moveit/install/moveit_ros_perception/lib/libmoveit_pointcloud_octomap_updater_core.so.2.14.1
[2.278s] -- Set non-toolchain portion of runtime path of "/home/luka/ws_moveit/install/moveit_ros_perception/lib/libmoveit_pointcloud_octomap_updater_core.so.2.14.1" to ""
[2.279s] -- Up-to-date: /home/luka/ws_moveit/install/moveit_ros_perception/lib/libmoveit_pointcloud_octomap_updater_core.so
[2.279s] -- Installing: /home/luka/ws_moveit/install/moveit_ros_perception/lib/libmoveit_semantic_world.so.2.14.1
[2.281s] -- Set non-toolchain portion of runtime path of "/home/luka/ws_moveit/install/moveit_ros_perception/lib/libmoveit_semantic_world.so.2.14.1" to ""
[2.281s] -- Up-to-date: /home/luka/ws_moveit/install/moveit_ros_perception/lib/libmoveit_semantic_world.so
[2.281s] -- Up-to-date: /home/luka/ws_moveit/install/moveit_ros_perception/share/moveit_ros_perception/environment/library_path.sh
[2.281s] -- Up-to-date: /home/luka/ws_moveit/install/moveit_ros_perception/share/moveit_ros_perception/environment/library_path.dsv
[2.281s] -- Up-to-date: /home/luka/ws_moveit/install/moveit_ros_perception/share/moveit_ros_perception/pointcloud_octomap_updater_plugin_description.xml
[2.282s] -- Up-to-date: /home/luka/ws_moveit/install/moveit_ros_perception/share/moveit_ros_perception/depth_image_octomap_updater_plugin_description.xml
[2.282s] -- Up-to-date: /home/luka/ws_moveit/install/moveit_ros_perception/share/ament_index/resource_index/package_run_dependencies/moveit_ros_perception
[2.282s] -- Up-to-date: /home/luka/ws_moveit/install/moveit_ros_perception/share/ament_index/resource_index/parent_prefix_path/moveit_ros_perception
[2.282s] -- Up-to-date: /home/luka/ws_moveit/install/moveit_ros_perception/share/moveit_ros_perception/environment/ament_prefix_path.sh
[2.282s] -- Up-to-date: /home/luka/ws_moveit/install/moveit_ros_perception/share/moveit_ros_perception/environment/ament_prefix_path.dsv
[2.282s] -- Up-to-date: /home/luka/ws_moveit/install/moveit_ros_perception/share/moveit_ros_perception/environment/path.sh
[2.282s] -- Up-to-date: /home/luka/ws_moveit/install/moveit_ros_perception/share/moveit_ros_perception/environment/path.dsv
[2.283s] -- Up-to-date: /home/luka/ws_moveit/install/moveit_ros_perception/share/moveit_ros_perception/local_setup.bash
[2.283s] -- Up-to-date: /home/luka/ws_moveit/install/moveit_ros_perception/share/moveit_ros_perception/local_setup.sh
[2.283s] -- Up-to-date: /home/luka/ws_moveit/install/moveit_ros_perception/share/moveit_ros_perception/local_setup.zsh
[2.283s] -- Up-to-date: /home/luka/ws_moveit/install/moveit_ros_perception/share/moveit_ros_perception/local_setup.dsv
[2.283s] -- Installing: /home/luka/ws_moveit/install/moveit_ros_perception/share/moveit_ros_perception/package.dsv
[2.283s] -- Up-to-date: /home/luka/ws_moveit/install/moveit_ros_perception/share/ament_index/resource_index/packages/moveit_ros_perception
[2.283s] -- Up-to-date: /home/luka/ws_moveit/install/moveit_ros_perception/share/ament_index/resource_index/moveit_ros_occupancy_map_monitor__pluginlib__plugin/moveit_ros_perception
[2.284s] -- Up-to-date: /home/luka/ws_moveit/install/moveit_ros_perception/share/moveit_ros_perception/cmake/moveit_ros_perceptionTargetsExport.cmake
[2.284s] -- Up-to-date: /home/luka/ws_moveit/install/moveit_ros_perception/share/moveit_ros_perception/cmake/moveit_ros_perceptionTargetsExport-release.cmake
[2.284s] -- Up-to-date: /home/luka/ws_moveit/install/moveit_ros_perception/share/moveit_ros_perception/cmake/ConfigExtras.cmake
[2.284s] -- Up-to-date: /home/luka/ws_moveit/install/moveit_ros_perception/share/moveit_ros_perception/cmake/ament_cmake_export_targets-extras.cmake
[2.284s] -- Up-to-date: /home/luka/ws_moveit/install/moveit_ros_perception/share/moveit_ros_perception/cmake/ament_cmake_export_dependencies-extras.cmake
[2.284s] -- Up-to-date: /home/luka/ws_moveit/install/moveit_ros_perception/share/moveit_ros_perception/cmake/moveit_ros_perceptionConfig.cmake
[2.284s] -- Up-to-date: /home/luka/ws_moveit/install/moveit_ros_perception/share/moveit_ros_perception/cmake/moveit_ros_perceptionConfig-version.cmake
[2.285s] -- Up-to-date: /home/luka/ws_moveit/install/moveit_ros_perception/share/moveit_ros_perception/package.xml
[2.288s] Invoked command in '/home/luka/ws_moveit/build/moveit_ros_perception' returned '0': AMENT_PREFIX_PATH=/home/luka/ws_moveit/install/moveit_ros_planning:/home/luka/ws_moveit/install/moveit_ros_occupancy_map_monitor:/home/luka/ws_moveit/install/moveit_core:/home/luka/ws_moveit/install/moveit_resources_panda_moveit_config:/home/luka/ws_moveit/install/moveit_resources_pr2_description:/home/luka/ws_moveit/install/moveit_resources_panda_description:/home/luka/ws_moveit/install/moveit_msgs:/home/luka/ws_moveit/install/moveit_configs_utils:/home/luka/ws_moveit/install/moveit_common:${AMENT_PREFIX_PATH} CMAKE_PREFIX_PATH=/home/luka/ws_moveit/install/moveit_ros_planning:/home/luka/ws_moveit/install/moveit_ros_occupancy_map_monitor:/home/luka/ws_moveit/install/moveit_core:/home/luka/ws_moveit/install/moveit_resources_panda_moveit_config:/home/luka/ws_moveit/install/moveit_resources_pr2_description:/home/luka/ws_moveit/install/moveit_resources_panda_description:/home/luka/ws_moveit/install/moveit_msgs:/home/luka/ws_moveit/install/moveit_common:/opt/ros/jazzy/opt/gz_sim_vendor:/opt/ros/jazzy/opt/gz_sensors_vendor:/opt/ros/jazzy/opt/gz_physics_vendor:/opt/ros/jazzy/opt/sdformat_vendor:/opt/ros/jazzy/opt/gz_gui_vendor:/opt/ros/jazzy/opt/gz_transport_vendor:/opt/ros/jazzy/opt/gz_rendering_vendor:/opt/ros/jazzy/opt/gz_plugin_vendor:/opt/ros/jazzy/opt/gz_fuel_tools_vendor:/opt/ros/jazzy/opt/gz_msgs_vendor:/opt/ros/jazzy/opt/gz_common_vendor:/opt/ros/jazzy/opt/gz_math_vendor:/opt/ros/jazzy/opt/gz_utils_vendor:/opt/ros/jazzy/opt/gz_tools_vendor:/opt/ros/jazzy/opt/gz_ogre_next_vendor:/opt/ros/jazzy/opt/gz_dartsim_vendor:/opt/ros/jazzy/opt/gz_cmake_vendor:/opt/ros/jazzy DEBUGINFOD_URLS=https://debuginfod.ubuntu.com LD_LIBRARY_PATH=/home/luka/ws_moveit/install/moveit_ros_planning/lib:/home/luka/ws_moveit/install/moveit_ros_occupancy_map_monitor/lib:/home/luka/ws_moveit/install/moveit_core/lib:/home/luka/ws_moveit/install/moveit_msgs/lib:${LD_LIBRARY_PATH} PATH=/home/luka/ws_moveit/install/moveit_core/bin:${PATH} PYTHONPATH=/home/luka/ws_moveit/install/moveit_msgs/lib/python3.12/site-packages:/home/luka/ws_moveit/install/moveit_configs_utils/lib/python3.12/site-packages:${PYTHONPATH} /usr/bin/cmake --install /home/luka/ws_moveit/build/moveit_ros_perception
