[0.041s] Invoking command in '/home/luka/ws_moveit/build/serial': CMAKE_PREFIX_PATH=${CMAKE_PREFIX_PATH}:/home/luka/ws_moveit/install/hello_moveit_py:/home/luka/ws_moveit/install/moveit_configs_utils:/opt/ros/jazzy DEBUGINFOD_URLS=https://debuginfod.ubuntu.com /usr/bin/cmake --build /home/luka/ws_moveit/build/serial -- -j4 -l4
[0.200s] [100%] Built target serial
[0.234s] Invoked command in '/home/luka/ws_moveit/build/serial' returned '0': CMAKE_PREFIX_PATH=${CMAKE_PREFIX_PATH}:/home/luka/ws_moveit/install/hello_moveit_py:/home/luka/ws_moveit/install/moveit_configs_utils:/opt/ros/jazzy DEBUGINFOD_URLS=https://debuginfod.ubuntu.com /usr/bin/cmake --build /home/luka/ws_moveit/build/serial -- -j4 -l4
[0.237s] Invoking command in '/home/luka/ws_moveit/build/serial': CMAKE_PREFIX_PATH=${CMAKE_PREFIX_PATH}:/home/luka/ws_moveit/install/hello_moveit_py:/home/luka/ws_moveit/install/moveit_configs_utils:/opt/ros/jazzy DEBUGINFOD_URLS=https://debuginfod.ubuntu.com /usr/bin/cmake --install /home/luka/ws_moveit/build/serial
[0.259s] -- Install configuration: "Release"
[0.259s] -- Up-to-date: /home/luka/ws_moveit/install/serial/lib/libserial.a
[0.260s] -- Up-to-date: /home/luka/ws_moveit/install/serial/include
[0.260s] -- Up-to-date: /home/luka/ws_moveit/install/serial/include/serial
[0.260s] -- Up-to-date: /home/luka/ws_moveit/install/serial/include/serial/v8stdint.h
[0.260s] -- Up-to-date: /home/luka/ws_moveit/install/serial/include/serial/serial.h
[0.261s] -- Up-to-date: /home/luka/ws_moveit/install/serial/include/serial/impl
[0.261s] -- Up-to-date: /home/luka/ws_moveit/install/serial/include/serial/impl/unix.h
[0.261s] -- Up-to-date: /home/luka/ws_moveit/install/serial/include/serial/impl/win.h
[0.261s] -- Up-to-date: /home/luka/ws_moveit/install/serial/share/serial/environment/library_path.sh
[0.261s] -- Up-to-date: /home/luka/ws_moveit/install/serial/share/serial/environment/library_path.dsv
[0.261s] -- Up-to-date: /home/luka/ws_moveit/install/serial/share/ament_index/resource_index/package_run_dependencies/serial
[0.261s] -- Up-to-date: /home/luka/ws_moveit/install/serial/share/ament_index/resource_index/parent_prefix_path/serial
[0.262s] -- Up-to-date: /home/luka/ws_moveit/install/serial/share/serial/environment/ament_prefix_path.sh
[0.262s] -- Up-to-date: /home/luka/ws_moveit/install/serial/share/serial/environment/ament_prefix_path.dsv
[0.262s] -- Up-to-date: /home/luka/ws_moveit/install/serial/share/serial/environment/path.sh
[0.263s] -- Up-to-date: /home/luka/ws_moveit/install/serial/share/serial/environment/path.dsv
[0.264s] -- Up-to-date: /home/luka/ws_moveit/install/serial/share/serial/local_setup.bash
[0.264s] -- Up-to-date: /home/luka/ws_moveit/install/serial/share/serial/local_setup.sh
[0.264s] -- Up-to-date: /home/luka/ws_moveit/install/serial/share/serial/local_setup.zsh
[0.264s] -- Up-to-date: /home/luka/ws_moveit/install/serial/share/serial/local_setup.dsv
[0.264s] -- Installing: /home/luka/ws_moveit/install/serial/share/serial/package.dsv
[0.265s] -- Up-to-date: /home/luka/ws_moveit/install/serial/share/ament_index/resource_index/packages/serial
[0.265s] -- Up-to-date: /home/luka/ws_moveit/install/serial/share/serial/cmake/export_serialExport.cmake
[0.266s] -- Up-to-date: /home/luka/ws_moveit/install/serial/share/serial/cmake/export_serialExport-release.cmake
[0.266s] -- Up-to-date: /home/luka/ws_moveit/install/serial/share/serial/cmake/ament_cmake_export_include_directories-extras.cmake
[0.266s] -- Up-to-date: /home/luka/ws_moveit/install/serial/share/serial/cmake/ament_cmake_export_libraries-extras.cmake
[0.266s] -- Up-to-date: /home/luka/ws_moveit/install/serial/share/serial/cmake/ament_cmake_export_targets-extras.cmake
[0.266s] -- Up-to-date: /home/luka/ws_moveit/install/serial/share/serial/cmake/serialConfig.cmake
[0.266s] -- Up-to-date: /home/luka/ws_moveit/install/serial/share/serial/cmake/serialConfig-version.cmake
[0.267s] -- Up-to-date: /home/luka/ws_moveit/install/serial/share/serial/package.xml
[0.272s] Invoked command in '/home/luka/ws_moveit/build/serial' returned '0': CMAKE_PREFIX_PATH=${CMAKE_PREFIX_PATH}:/home/luka/ws_moveit/install/hello_moveit_py:/home/luka/ws_moveit/install/moveit_configs_utils:/opt/ros/jazzy DEBUGINFOD_URLS=https://debuginfod.ubuntu.com /usr/bin/cmake --install /home/luka/ws_moveit/build/serial
