[0.053s] Invoking command in '/home/luka/ws_moveit/build/robotiq_description': CMAKE_PREFIX_PATH=${CMAKE_PREFIX_PATH}:/home/luka/ws_moveit/install/hello_moveit_py:/home/luka/ws_moveit/install/moveit_configs_utils:/opt/ros/jazzy DEBUGINFOD_URLS=https://debuginfod.ubuntu.com /usr/bin/cmake /home/luka/ws_moveit/src/ros2_robotiq_gripper/robotiq_description -DCMAKE_INSTALL_PREFIX=/home/luka/ws_moveit/install/robotiq_description
[0.165s] -- Found ament_cmake: 2.5.4 (/opt/ros/jazzy/share/ament_cmake/cmake)
[1.496s] -- Configuring done (1.4s)
[1.527s] -- Generating done (0.0s)
[1.539s] -- Build files have been written to: /home/luka/ws_moveit/build/robotiq_description
[1.548s] Invoked command in '/home/luka/ws_moveit/build/robotiq_description' returned '0': CMAKE_PREFIX_PATH=${CMAKE_PREFIX_PATH}:/home/luka/ws_moveit/install/hello_moveit_py:/home/luka/ws_moveit/install/moveit_configs_utils:/opt/ros/jazzy DEBUGINFOD_URLS=https://debuginfod.ubuntu.com /usr/bin/cmake /home/luka/ws_moveit/src/ros2_robotiq_gripper/robotiq_description -DCMAKE_INSTALL_PREFIX=/home/luka/ws_moveit/install/robotiq_description
[1.549s] Invoking command in '/home/luka/ws_moveit/build/robotiq_description': CMAKE_PREFIX_PATH=${CMAKE_PREFIX_PATH}:/home/luka/ws_moveit/install/hello_moveit_py:/home/luka/ws_moveit/install/moveit_configs_utils:/opt/ros/jazzy DEBUGINFOD_URLS=https://debuginfod.ubuntu.com /usr/bin/cmake --build /home/luka/ws_moveit/build/robotiq_description -- -j4 -l4
[1.797s] Invoked command in '/home/luka/ws_moveit/build/robotiq_description' returned '0': CMAKE_PREFIX_PATH=${CMAKE_PREFIX_PATH}:/home/luka/ws_moveit/install/hello_moveit_py:/home/luka/ws_moveit/install/moveit_configs_utils:/opt/ros/jazzy DEBUGINFOD_URLS=https://debuginfod.ubuntu.com /usr/bin/cmake --build /home/luka/ws_moveit/build/robotiq_description -- -j4 -l4
[1.801s] Invoking command in '/home/luka/ws_moveit/build/robotiq_description': CMAKE_PREFIX_PATH=${CMAKE_PREFIX_PATH}:/home/luka/ws_moveit/install/hello_moveit_py:/home/luka/ws_moveit/install/moveit_configs_utils:/opt/ros/jazzy DEBUGINFOD_URLS=https://debuginfod.ubuntu.com /usr/bin/cmake --install /home/luka/ws_moveit/build/robotiq_description
[1.895s] -- Install configuration: "Release"
[1.895s] -- Up-to-date: /home/luka/ws_moveit/install/robotiq_description/share/robotiq_description/config
[1.895s] -- Up-to-date: /home/luka/ws_moveit/install/robotiq_description/share/robotiq_description/config/robotiq_controllers.yaml
[1.895s] -- Up-to-date: /home/luka/ws_moveit/install/robotiq_description/share/robotiq_description/launch
[1.895s] -- Up-to-date: /home/luka/ws_moveit/install/robotiq_description/share/robotiq_description/launch/view_gripper.launch.py
[1.896s] -- Up-to-date: /home/luka/ws_moveit/install/robotiq_description/share/robotiq_description/launch/robotiq_control.launch.py
[1.896s] -- Up-to-date: /home/luka/ws_moveit/install/robotiq_description/share/robotiq_description/meshes
[1.896s] -- Up-to-date: /home/luka/ws_moveit/install/robotiq_description/share/robotiq_description/meshes/visual
[1.896s] -- Up-to-date: /home/luka/ws_moveit/install/robotiq_description/share/robotiq_description/meshes/visual/2f_85
[1.896s] -- Up-to-date: /home/luka/ws_moveit/install/robotiq_description/share/robotiq_description/meshes/visual/2f_85/left_inner_knuckle.dae
[1.896s] -- Up-to-date: /home/luka/ws_moveit/install/robotiq_description/share/robotiq_description/meshes/visual/2f_85/right_knuckle.dae
[1.896s] -- Up-to-date: /home/luka/ws_moveit/install/robotiq_description/share/robotiq_description/meshes/visual/2f_85/ur_to_robotiq_adapter.dae
[1.897s] -- Up-to-date: /home/luka/ws_moveit/install/robotiq_description/share/robotiq_description/meshes/visual/2f_85/right_finger_tip.dae
[1.897s] -- Up-to-date: /home/luka/ws_moveit/install/robotiq_description/share/robotiq_description/meshes/visual/2f_85/left_finger_tip.dae
[1.897s] -- Up-to-date: /home/luka/ws_moveit/install/robotiq_description/share/robotiq_description/meshes/visual/2f_85/left_finger.dae
[1.897s] -- Up-to-date: /home/luka/ws_moveit/install/robotiq_description/share/robotiq_description/meshes/visual/2f_85/right_finger.dae
[1.897s] -- Up-to-date: /home/luka/ws_moveit/install/robotiq_description/share/robotiq_description/meshes/visual/2f_85/robotiq_base.dae
[1.898s] -- Up-to-date: /home/luka/ws_moveit/install/robotiq_description/share/robotiq_description/meshes/visual/2f_85/right_inner_knuckle.dae
[1.898s] -- Up-to-date: /home/luka/ws_moveit/install/robotiq_description/share/robotiq_description/meshes/visual/2f_85/left_knuckle.dae
[1.898s] -- Up-to-date: /home/luka/ws_moveit/install/robotiq_description/share/robotiq_description/meshes/visual/2f_140
[1.898s] -- Up-to-date: /home/luka/ws_moveit/install/robotiq_description/share/robotiq_description/meshes/visual/2f_140/robotiq_2f_140_coupling.stl
[1.900s] -- Up-to-date: /home/luka/ws_moveit/install/robotiq_description/share/robotiq_description/meshes/visual/2f_140/robotiq_2f_140_outer_finger.stl
[1.901s] -- Up-to-date: /home/luka/ws_moveit/install/robotiq_description/share/robotiq_description/meshes/visual/2f_140/robotiq_2f_140_base_link.stl
[1.901s] -- Up-to-date: /home/luka/ws_moveit/install/robotiq_description/share/robotiq_description/meshes/visual/2f_140/robotiq_2f_140_outer_knuckle.stl
[1.904s] -- Up-to-date: /home/luka/ws_moveit/install/robotiq_description/share/robotiq_description/meshes/visual/2f_140/robotiq_2f_140_inner_finger.stl
[1.904s] -- Up-to-date: /home/luka/ws_moveit/install/robotiq_description/share/robotiq_description/meshes/visual/2f_140/robotiq_2f_140_inner_knuckle.stl
[1.904s] -- Up-to-date: /home/luka/ws_moveit/install/robotiq_description/share/robotiq_description/meshes/collision
[1.905s] -- Up-to-date: /home/luka/ws_moveit/install/robotiq_description/share/robotiq_description/meshes/collision/2f_85
[1.905s] -- Up-to-date: /home/luka/ws_moveit/install/robotiq_description/share/robotiq_description/meshes/collision/2f_85/right_inner_knuckle.stl
[1.905s] -- Up-to-date: /home/luka/ws_moveit/install/robotiq_description/share/robotiq_description/meshes/collision/2f_85/right_finger.stl
[1.905s] -- Up-to-date: /home/luka/ws_moveit/install/robotiq_description/share/robotiq_description/meshes/collision/2f_85/right_finger_tip.stl
[1.907s] -- Up-to-date: /home/luka/ws_moveit/install/robotiq_description/share/robotiq_description/meshes/collision/2f_85/left_knuckle.stl
[1.907s] -- Up-to-date: /home/luka/ws_moveit/install/robotiq_description/share/robotiq_description/meshes/collision/2f_85/left_inner_knuckle.stl
[1.907s] -- Up-to-date: /home/luka/ws_moveit/install/robotiq_description/share/robotiq_description/meshes/collision/2f_85/right_knuckle.stl
[1.911s] -- Up-to-date: /home/luka/ws_moveit/install/robotiq_description/share/robotiq_description/meshes/collision/2f_85/left_finger.stl
[1.911s] -- Up-to-date: /home/luka/ws_moveit/install/robotiq_description/share/robotiq_description/meshes/collision/2f_85/robotiq_base.stl
[1.911s] -- Up-to-date: /home/luka/ws_moveit/install/robotiq_description/share/robotiq_description/meshes/collision/2f_85/left_finger_tip.stl
[1.911s] -- Up-to-date: /home/luka/ws_moveit/install/robotiq_description/share/robotiq_description/meshes/collision/2f_85/ur_to_robotiq_adapter.stl
[1.912s] -- Up-to-date: /home/luka/ws_moveit/install/robotiq_description/share/robotiq_description/meshes/collision/2f_140
[1.912s] -- Up-to-date: /home/luka/ws_moveit/install/robotiq_description/share/robotiq_description/meshes/collision/2f_140/robotiq_2f_140_coupling.stl
[1.912s] -- Up-to-date: /home/luka/ws_moveit/install/robotiq_description/share/robotiq_description/meshes/collision/2f_140/robotiq_2f_140_outer_finger.stl
[1.912s] -- Up-to-date: /home/luka/ws_moveit/install/robotiq_description/share/robotiq_description/meshes/collision/2f_140/robotiq_2f_140_base_link.stl
[1.912s] -- Up-to-date: /home/luka/ws_moveit/install/robotiq_description/share/robotiq_description/meshes/collision/2f_140/robotiq_2f_140_outer_knuckle.stl
[1.912s] -- Up-to-date: /home/luka/ws_moveit/install/robotiq_description/share/robotiq_description/meshes/collision/2f_140/robotiq_2f_140_inner_finger.stl
[1.913s] -- Up-to-date: /home/luka/ws_moveit/install/robotiq_description/share/robotiq_description/meshes/collision/2f_140/robotiq_2f_140_inner_knuckle.stl
[1.913s] -- Up-to-date: /home/luka/ws_moveit/install/robotiq_description/share/robotiq_description/rviz
[1.913s] -- Up-to-date: /home/luka/ws_moveit/install/robotiq_description/share/robotiq_description/rviz/view_urdf.rviz
[1.913s] -- Up-to-date: /home/luka/ws_moveit/install/robotiq_description/share/robotiq_description/urdf
[1.913s] -- Up-to-date: /home/luka/ws_moveit/install/robotiq_description/share/robotiq_description/urdf/ur_to_robotiq_adapter.urdf.xacro
[1.913s] -- Up-to-date: /home/luka/ws_moveit/install/robotiq_description/share/robotiq_description/urdf/robotiq_2f_140.xacro
[1.915s] -- Up-to-date: /home/luka/ws_moveit/install/robotiq_description/share/robotiq_description/urdf/robotiq_2f_140_macro.urdf.xacro
[1.915s] -- Up-to-date: /home/luka/ws_moveit/install/robotiq_description/share/robotiq_description/urdf/robotiq_2f_140_gripper.urdf.xacro
[1.916s] -- Up-to-date: /home/luka/ws_moveit/install/robotiq_description/share/robotiq_description/urdf/robotiq_2f_85_macro.urdf.xacro
[1.917s] -- Up-to-date: /home/luka/ws_moveit/install/robotiq_description/share/robotiq_description/urdf/robotiq_2f_85_gripper.urdf.xacro
[1.917s] -- Up-to-date: /home/luka/ws_moveit/install/robotiq_description/share/robotiq_description/urdf/2f_85.ros2_control.xacro
[1.917s] -- Up-to-date: /home/luka/ws_moveit/install/robotiq_description/share/robotiq_description/urdf/2f_140.ros2_control.xacro
[1.919s] -- Up-to-date: /home/luka/ws_moveit/install/robotiq_description/share/ament_index/resource_index/package_run_dependencies/robotiq_description
[1.919s] -- Installing: /home/luka/ws_moveit/install/robotiq_description/share/ament_index/resource_index/parent_prefix_path/robotiq_description
[1.919s] -- Up-to-date: /home/luka/ws_moveit/install/robotiq_description/share/robotiq_description/environment/ament_prefix_path.sh
[1.919s] -- Up-to-date: /home/luka/ws_moveit/install/robotiq_description/share/robotiq_description/environment/ament_prefix_path.dsv
[1.919s] -- Up-to-date: /home/luka/ws_moveit/install/robotiq_description/share/robotiq_description/environment/path.sh
[1.919s] -- Up-to-date: /home/luka/ws_moveit/install/robotiq_description/share/robotiq_description/environment/path.dsv
[1.923s] -- Up-to-date: /home/luka/ws_moveit/install/robotiq_description/share/robotiq_description/local_setup.bash
[1.923s] -- Up-to-date: /home/luka/ws_moveit/install/robotiq_description/share/robotiq_description/local_setup.sh
[1.924s] -- Up-to-date: /home/luka/ws_moveit/install/robotiq_description/share/robotiq_description/local_setup.zsh
[1.924s] -- Up-to-date: /home/luka/ws_moveit/install/robotiq_description/share/robotiq_description/local_setup.dsv
[1.924s] -- Installing: /home/luka/ws_moveit/install/robotiq_description/share/robotiq_description/package.dsv
[1.926s] -- Up-to-date: /home/luka/ws_moveit/install/robotiq_description/share/ament_index/resource_index/packages/robotiq_description
[1.929s] -- Up-to-date: /home/luka/ws_moveit/install/robotiq_description/share/robotiq_description/cmake/robotiq_descriptionConfig.cmake
[1.929s] -- Up-to-date: /home/luka/ws_moveit/install/robotiq_description/share/robotiq_description/cmake/robotiq_descriptionConfig-version.cmake
[1.930s] -- Up-to-date: /home/luka/ws_moveit/install/robotiq_description/share/robotiq_description/package.xml
[1.930s] Invoked command in '/home/luka/ws_moveit/build/robotiq_description' returned '0': CMAKE_PREFIX_PATH=${CMAKE_PREFIX_PATH}:/home/luka/ws_moveit/install/hello_moveit_py:/home/luka/ws_moveit/install/moveit_configs_utils:/opt/ros/jazzy DEBUGINFOD_URLS=https://debuginfod.ubuntu.com /usr/bin/cmake --install /home/luka/ws_moveit/build/robotiq_description
