[0.047s] Invoking command in '/home/luka/ws_moveit/build/robot_description': CMAKE_PREFIX_PATH=${CMAKE_PREFIX_PATH}:/home/luka/ws_moveit/install/hello_moveit_py:/home/luka/ws_moveit/install/moveit_configs_utils:/opt/ros/jazzy DEBUGINFOD_URLS=https://debuginfod.ubuntu.com /usr/bin/cmake --build /home/luka/ws_moveit/build/robot_description -- -j4 -l4
[0.181s] Invoked command in '/home/luka/ws_moveit/build/robot_description' returned '0': CMAKE_PREFIX_PATH=${CMAKE_PREFIX_PATH}:/home/luka/ws_moveit/install/hello_moveit_py:/home/luka/ws_moveit/install/moveit_configs_utils:/opt/ros/jazzy DEBUGINFOD_URLS=https://debuginfod.ubuntu.com /usr/bin/cmake --build /home/luka/ws_moveit/build/robot_description -- -j4 -l4
[0.182s] Invoking command in '/home/luka/ws_moveit/build/robot_description': CMAKE_PREFIX_PATH=${CMAKE_PREFIX_PATH}:/home/luka/ws_moveit/install/hello_moveit_py:/home/luka/ws_moveit/install/moveit_configs_utils:/opt/ros/jazzy DEBUGINFOD_URLS=https://debuginfod.ubuntu.com /usr/bin/cmake --install /home/luka/ws_moveit/build/robot_description
[0.207s] -- Install configuration: ""
[0.208s] -- Up-to-date: /home/luka/ws_moveit/install/robot_description/share/robot_description/meshes
[0.208s] -- Up-to-date: /home/luka/ws_moveit/install/robot_description/share/robot_description/meshes/visual
[0.208s] -- Up-to-date: /home/luka/ws_moveit/install/robot_description/share/robot_description/meshes/visual/hand.dae
[0.208s] -- Up-to-date: /home/luka/ws_moveit/install/robot_description/share/robot_description/meshes/visual/link3.dae
[0.209s] -- Up-to-date: /home/luka/ws_moveit/install/robot_description/share/robot_description/meshes/visual/link2.dae
[0.209s] -- Up-to-date: /home/luka/ws_moveit/install/robot_description/share/robot_description/meshes/visual/link5.dae
[0.209s] -- Up-to-date: /home/luka/ws_moveit/install/robot_description/share/robot_description/meshes/visual/link7.dae
[0.209s] -- Up-to-date: /home/luka/ws_moveit/install/robot_description/share/robot_description/meshes/visual/camera.dae
[0.209s] -- Up-to-date: /home/luka/ws_moveit/install/robot_description/share/robot_description/meshes/visual/link4.dae
[0.209s] -- Up-to-date: /home/luka/ws_moveit/install/robot_description/share/robot_description/meshes/visual/finger.dae
[0.210s] -- Up-to-date: /home/luka/ws_moveit/install/robot_description/share/robot_description/meshes/visual/finger_old.dae
[0.210s] -- Up-to-date: /home/luka/ws_moveit/install/robot_description/share/robot_description/meshes/visual/link0.dae
[0.210s] -- Up-to-date: /home/luka/ws_moveit/install/robot_description/share/robot_description/meshes/visual/link6.dae
[0.211s] -- Up-to-date: /home/luka/ws_moveit/install/robot_description/share/robot_description/meshes/visual/link1.dae
[0.212s] -- Up-to-date: /home/luka/ws_moveit/install/robot_description/share/robot_description/meshes/collision
[0.212s] -- Up-to-date: /home/luka/ws_moveit/install/robot_description/share/robot_description/meshes/collision/camera.stl
[0.212s] -- Up-to-date: /home/luka/ws_moveit/install/robot_description/share/robot_description/meshes/collision/link4.stl
[0.212s] -- Up-to-date: /home/luka/ws_moveit/install/robot_description/share/robot_description/meshes/collision/link2.stl
[0.213s] -- Up-to-date: /home/luka/ws_moveit/install/robot_description/share/robot_description/meshes/collision/link1.stl
[0.213s] -- Up-to-date: /home/luka/ws_moveit/install/robot_description/share/robot_description/meshes/collision/link0.stl
[0.213s] -- Up-to-date: /home/luka/ws_moveit/install/robot_description/share/robot_description/meshes/collision/finger.stl
[0.213s] -- Up-to-date: /home/luka/ws_moveit/install/robot_description/share/robot_description/meshes/collision/link6.stl
[0.213s] -- Up-to-date: /home/luka/ws_moveit/install/robot_description/share/robot_description/meshes/collision/link5.stl
[0.214s] -- Up-to-date: /home/luka/ws_moveit/install/robot_description/share/robot_description/meshes/collision/finger_old.stl
[0.214s] -- Up-to-date: /home/luka/ws_moveit/install/robot_description/share/robot_description/meshes/collision/link7.stl
[0.214s] -- Up-to-date: /home/luka/ws_moveit/install/robot_description/share/robot_description/meshes/collision/link3.stl
[0.214s] -- Up-to-date: /home/luka/ws_moveit/install/robot_description/share/robot_description/meshes/collision/hand.stl
[0.214s] -- Up-to-date: /home/luka/ws_moveit/install/robot_description/share/robot_description/urdf
[0.214s] -- Up-to-date: /home/luka/ws_moveit/install/robot_description/share/robot_description/urdf/panda.urdf
[0.214s] -- Up-to-date: /home/luka/ws_moveit/install/robot_description/share/robot_description/urdf/camera
[0.214s] -- Up-to-date: /home/luka/ws_moveit/install/robot_description/share/robot_description/urdf/camera/camera.xacro
[0.215s] -- Up-to-date: /home/luka/ws_moveit/install/robot_description/share/robot_description/urdf/camera/camera.gazebo
[0.215s] -- Up-to-date: /home/luka/ws_moveit/install/robot_description/share/robot_description/config
[0.215s] -- Up-to-date: /home/luka/ws_moveit/install/robot_description/share/robot_description/config/initial_positions.yaml
[0.215s] -- Up-to-date: /home/luka/ws_moveit/install/robot_description/share/ament_index/resource_index/package_run_dependencies/robot_description
[0.215s] -- Up-to-date: /home/luka/ws_moveit/install/robot_description/share/ament_index/resource_index/parent_prefix_path/robot_description
[0.215s] -- Up-to-date: /home/luka/ws_moveit/install/robot_description/share/robot_description/environment/ament_prefix_path.sh
[0.216s] -- Up-to-date: /home/luka/ws_moveit/install/robot_description/share/robot_description/environment/ament_prefix_path.dsv
[0.216s] -- Up-to-date: /home/luka/ws_moveit/install/robot_description/share/robot_description/environment/path.sh
[0.216s] -- Up-to-date: /home/luka/ws_moveit/install/robot_description/share/robot_description/environment/path.dsv
[0.216s] -- Up-to-date: /home/luka/ws_moveit/install/robot_description/share/robot_description/local_setup.bash
[0.216s] -- Up-to-date: /home/luka/ws_moveit/install/robot_description/share/robot_description/local_setup.sh
[0.216s] -- Up-to-date: /home/luka/ws_moveit/install/robot_description/share/robot_description/local_setup.zsh
[0.217s] -- Up-to-date: /home/luka/ws_moveit/install/robot_description/share/robot_description/local_setup.dsv
[0.217s] -- Up-to-date: /home/luka/ws_moveit/install/robot_description/share/robot_description/package.dsv
[0.217s] -- Up-to-date: /home/luka/ws_moveit/install/robot_description/share/ament_index/resource_index/packages/robot_description
[0.217s] -- Up-to-date: /home/luka/ws_moveit/install/robot_description/share/robot_description/cmake/robot_descriptionConfig.cmake
[0.217s] -- Up-to-date: /home/luka/ws_moveit/install/robot_description/share/robot_description/cmake/robot_descriptionConfig-version.cmake
[0.217s] -- Up-to-date: /home/luka/ws_moveit/install/robot_description/share/robot_description/package.xml
[0.237s] Invoked command in '/home/luka/ws_moveit/build/robot_description' returned '0': CMAKE_PREFIX_PATH=${CMAKE_PREFIX_PATH}:/home/luka/ws_moveit/install/hello_moveit_py:/home/luka/ws_moveit/install/moveit_configs_utils:/opt/ros/jazzy DEBUGINFOD_URLS=https://debuginfod.ubuntu.com /usr/bin/cmake --install /home/luka/ws_moveit/build/robot_description
