[0.014s] Invoking command in '/home/luka/ws_moveit/build/moveit_resources_prbt_support': CMAKE_PREFIX_PATH=${CMAKE_PREFIX_PATH}:/opt/ros/jazzy DEBUGINFOD_URLS=https://debuginfod.ubuntu.com /usr/bin/cmake --build /home/luka/ws_moveit/build/moveit_resources_prbt_support -- -j4 -l4
[0.097s] Invoked command in '/home/luka/ws_moveit/build/moveit_resources_prbt_support' returned '0': CMAKE_PREFIX_PATH=${CMAKE_PREFIX_PATH}:/opt/ros/jazzy DEBUGINFOD_URLS=https://debuginfod.ubuntu.com /usr/bin/cmake --build /home/luka/ws_moveit/build/moveit_resources_prbt_support -- -j4 -l4
[0.098s] Invoking command in '/home/luka/ws_moveit/build/moveit_resources_prbt_support': CMAKE_PREFIX_PATH=${CMAKE_PREFIX_PATH}:/opt/ros/jazzy DEBUGINFOD_URLS=https://debuginfod.ubuntu.com /usr/bin/cmake --install /home/luka/ws_moveit/build/moveit_resources_prbt_support
[0.115s] -- Install configuration: "Release"
[0.115s] -- Up-to-date: /home/luka/ws_moveit/install/moveit_resources_prbt_support/share/ament_index/resource_index/package_run_dependencies/moveit_resources_prbt_support
[0.116s] -- Up-to-date: /home/luka/ws_moveit/install/moveit_resources_prbt_support/share/ament_index/resource_index/parent_prefix_path/moveit_resources_prbt_support
[0.116s] -- Up-to-date: /home/luka/ws_moveit/install/moveit_resources_prbt_support/share/moveit_resources_prbt_support/environment/ament_prefix_path.sh
[0.117s] -- Up-to-date: /home/luka/ws_moveit/install/moveit_resources_prbt_support/share/moveit_resources_prbt_support/environment/ament_prefix_path.dsv
[0.117s] -- Up-to-date: /home/luka/ws_moveit/install/moveit_resources_prbt_support/share/moveit_resources_prbt_support/environment/path.sh
[0.118s] -- Up-to-date: /home/luka/ws_moveit/install/moveit_resources_prbt_support/share/moveit_resources_prbt_support/environment/path.dsv
[0.118s] -- Up-to-date: /home/luka/ws_moveit/install/moveit_resources_prbt_support/share/moveit_resources_prbt_support/local_setup.bash
[0.119s] -- Up-to-date: /home/luka/ws_moveit/install/moveit_resources_prbt_support/share/moveit_resources_prbt_support/local_setup.sh
[0.119s] -- Up-to-date: /home/luka/ws_moveit/install/moveit_resources_prbt_support/share/moveit_resources_prbt_support/local_setup.zsh
[0.120s] -- Up-to-date: /home/luka/ws_moveit/install/moveit_resources_prbt_support/share/moveit_resources_prbt_support/local_setup.dsv
[0.121s] -- Installing: /home/luka/ws_moveit/install/moveit_resources_prbt_support/share/moveit_resources_prbt_support/package.dsv
[0.121s] -- Up-to-date: /home/luka/ws_moveit/install/moveit_resources_prbt_support/share/ament_index/resource_index/packages/moveit_resources_prbt_support
[0.121s] -- Up-to-date: /home/luka/ws_moveit/install/moveit_resources_prbt_support/share/moveit_resources_prbt_support/cmake/moveit_resources_prbt_supportConfig.cmake
[0.122s] -- Up-to-date: /home/luka/ws_moveit/install/moveit_resources_prbt_support/share/moveit_resources_prbt_support/cmake/moveit_resources_prbt_supportConfig-version.cmake
[0.122s] -- Up-to-date: /home/luka/ws_moveit/install/moveit_resources_prbt_support/share/moveit_resources_prbt_support/package.xml
[0.122s] -- Up-to-date: /home/luka/ws_moveit/install/moveit_resources_prbt_support/share/moveit_resources_prbt_support/urdf
[0.123s] -- Up-to-date: /home/luka/ws_moveit/install/moveit_resources_prbt_support/share/moveit_resources_prbt_support/urdf/prbt.xacro
[0.123s] -- Up-to-date: /home/luka/ws_moveit/install/moveit_resources_prbt_support/share/moveit_resources_prbt_support/urdf/prbt.ros2_control.xacro
[0.123s] -- Up-to-date: /home/luka/ws_moveit/install/moveit_resources_prbt_support/share/moveit_resources_prbt_support/urdf/prbt_macro.xacro
[0.123s] -- Up-to-date: /home/luka/ws_moveit/install/moveit_resources_prbt_support/share/moveit_resources_prbt_support/urdf/simple_gripper_brackets.urdf.xacro
[0.124s] -- Up-to-date: /home/luka/ws_moveit/install/moveit_resources_prbt_support/share/moveit_resources_prbt_support/meshes
[0.124s] -- Up-to-date: /home/luka/ws_moveit/install/moveit_resources_prbt_support/share/moveit_resources_prbt_support/meshes/link_1.stl
[0.124s] -- Up-to-date: /home/luka/ws_moveit/install/moveit_resources_prbt_support/share/moveit_resources_prbt_support/meshes/link_3.dae
[0.124s] -- Up-to-date: /home/luka/ws_moveit/install/moveit_resources_prbt_support/share/moveit_resources_prbt_support/meshes/flange.dae
[0.124s] -- Up-to-date: /home/luka/ws_moveit/install/moveit_resources_prbt_support/share/moveit_resources_prbt_support/meshes/foot.stl
[0.125s] -- Up-to-date: /home/luka/ws_moveit/install/moveit_resources_prbt_support/share/moveit_resources_prbt_support/meshes/link_2.stl
[0.125s] -- Up-to-date: /home/luka/ws_moveit/install/moveit_resources_prbt_support/share/moveit_resources_prbt_support/meshes/link_4.dae
[0.125s] -- Up-to-date: /home/luka/ws_moveit/install/moveit_resources_prbt_support/share/moveit_resources_prbt_support/meshes/link_3.stl
[0.125s] -- Up-to-date: /home/luka/ws_moveit/install/moveit_resources_prbt_support/share/moveit_resources_prbt_support/meshes/link_2.dae
[0.125s] -- Up-to-date: /home/luka/ws_moveit/install/moveit_resources_prbt_support/share/moveit_resources_prbt_support/meshes/flange.stl
[0.125s] -- Up-to-date: /home/luka/ws_moveit/install/moveit_resources_prbt_support/share/moveit_resources_prbt_support/meshes/foot.dae
[0.125s] -- Up-to-date: /home/luka/ws_moveit/install/moveit_resources_prbt_support/share/moveit_resources_prbt_support/meshes/link_5.stl
[0.126s] -- Up-to-date: /home/luka/ws_moveit/install/moveit_resources_prbt_support/share/moveit_resources_prbt_support/meshes/link_5.dae
[0.126s] -- Up-to-date: /home/luka/ws_moveit/install/moveit_resources_prbt_support/share/moveit_resources_prbt_support/meshes/link_4.stl
[0.126s] -- Up-to-date: /home/luka/ws_moveit/install/moveit_resources_prbt_support/share/moveit_resources_prbt_support/meshes/link_1.dae
[0.126s] -- Up-to-date: /home/luka/ws_moveit/install/moveit_resources_prbt_support/share/moveit_resources_prbt_support/config
[0.126s] -- Up-to-date: /home/luka/ws_moveit/install/moveit_resources_prbt_support/share/moveit_resources_prbt_support/config/manipulator_controller.yaml
[0.127s] -- Up-to-date: /home/luka/ws_moveit/install/moveit_resources_prbt_support/share/moveit_resources_prbt_support/config/manipulator_driver.yaml
[0.127s] -- Up-to-date: /home/luka/ws_moveit/install/moveit_resources_prbt_support/share/moveit_resources_prbt_support/config/prbt_0_1.dcf
[0.131s] Invoked command in '/home/luka/ws_moveit/build/moveit_resources_prbt_support' returned '0': CMAKE_PREFIX_PATH=${CMAKE_PREFIX_PATH}:/opt/ros/jazzy DEBUGINFOD_URLS=https://debuginfod.ubuntu.com /usr/bin/cmake --install /home/luka/ws_moveit/build/moveit_resources_prbt_support
