[0.033s] Invoking command in '/home/luka/ws_moveit/build/robotiq_controllers': CMAKE_PREFIX_PATH=${CMAKE_PREFIX_PATH}:/opt/ros/jazzy DEBUGINFOD_URLS=https://debuginfod.ubuntu.com /usr/bin/cmake --build /home/luka/ws_moveit/build/robotiq_controllers -- -j4 -l4
[0.193s] [100%] Built target robotiq_controllers
[0.227s] Invoked command in '/home/luka/ws_moveit/build/robotiq_controllers' returned '0': CMAKE_PREFIX_PATH=${CMAKE_PREFIX_PATH}:/opt/ros/jazzy DEBUGINFOD_URLS=https://debuginfod.ubuntu.com /usr/bin/cmake --build /home/luka/ws_moveit/build/robotiq_controllers -- -j4 -l4
[0.230s] Invoking command in '/home/luka/ws_moveit/build/robotiq_controllers': CMAKE_PREFIX_PATH=${CMAKE_PREFIX_PATH}:/opt/ros/jazzy DEBUGINFOD_URLS=https://debuginfod.ubuntu.com /usr/bin/cmake --install /home/luka/ws_moveit/build/robotiq_controllers
[0.246s] -- Install configuration: "Release"
[0.247s] -- Up-to-date: /home/luka/ws_moveit/install/robotiq_controllers/share/robotiq_controllers/controller_plugins.xml
[0.247s] -- Up-to-date: /home/luka/ws_moveit/install/robotiq_controllers/lib/librobotiq_controllers.so
[0.248s] -- Up-to-date: /home/luka/ws_moveit/install/robotiq_controllers/include
[0.249s] -- Up-to-date: /home/luka/ws_moveit/install/robotiq_controllers/include/robotiq_controllers
[0.249s] -- Up-to-date: /home/luka/ws_moveit/install/robotiq_controllers/include/robotiq_controllers/robotiq_activation_controller.hpp
[0.249s] -- Up-to-date: /home/luka/ws_moveit/install/robotiq_controllers/share/robotiq_controllers/environment/library_path.sh
[0.250s] -- Up-to-date: /home/luka/ws_moveit/install/robotiq_controllers/share/robotiq_controllers/environment/library_path.dsv
[0.250s] -- Up-to-date: /home/luka/ws_moveit/install/robotiq_controllers/share/ament_index/resource_index/package_run_dependencies/robotiq_controllers
[0.251s] -- Up-to-date: /home/luka/ws_moveit/install/robotiq_controllers/share/ament_index/resource_index/parent_prefix_path/robotiq_controllers
[0.251s] -- Up-to-date: /home/luka/ws_moveit/install/robotiq_controllers/share/robotiq_controllers/environment/ament_prefix_path.sh
[0.253s] -- Up-to-date: /home/luka/ws_moveit/install/robotiq_controllers/share/robotiq_controllers/environment/ament_prefix_path.dsv
[0.253s] -- Up-to-date: /home/luka/ws_moveit/install/robotiq_controllers/share/robotiq_controllers/environment/path.sh
[0.253s] -- Up-to-date: /home/luka/ws_moveit/install/robotiq_controllers/share/robotiq_controllers/environment/path.dsv
[0.254s] -- Up-to-date: /home/luka/ws_moveit/install/robotiq_controllers/share/robotiq_controllers/local_setup.bash
[0.254s] -- Up-to-date: /home/luka/ws_moveit/install/robotiq_controllers/share/robotiq_controllers/local_setup.sh
[0.254s] -- Up-to-date: /home/luka/ws_moveit/install/robotiq_controllers/share/robotiq_controllers/local_setup.zsh
[0.254s] -- Up-to-date: /home/luka/ws_moveit/install/robotiq_controllers/share/robotiq_controllers/local_setup.dsv
[0.255s] -- Installing: /home/luka/ws_moveit/install/robotiq_controllers/share/robotiq_controllers/package.dsv
[0.255s] -- Up-to-date: /home/luka/ws_moveit/install/robotiq_controllers/share/ament_index/resource_index/packages/robotiq_controllers
[0.255s] -- Up-to-date: /home/luka/ws_moveit/install/robotiq_controllers/share/ament_index/resource_index/controller_interface__pluginlib__plugin/robotiq_controllers
[0.256s] -- Up-to-date: /home/luka/ws_moveit/install/robotiq_controllers/share/robotiq_controllers/cmake/export_robotiq_controllersExport.cmake
[0.257s] -- Up-to-date: /home/luka/ws_moveit/install/robotiq_controllers/share/robotiq_controllers/cmake/export_robotiq_controllersExport-release.cmake
[0.257s] -- Up-to-date: /home/luka/ws_moveit/install/robotiq_controllers/share/robotiq_controllers/cmake/ament_cmake_export_include_directories-extras.cmake
[0.258s] -- Up-to-date: /home/luka/ws_moveit/install/robotiq_controllers/share/robotiq_controllers/cmake/ament_cmake_export_libraries-extras.cmake
[0.258s] -- Up-to-date: /home/luka/ws_moveit/install/robotiq_controllers/share/robotiq_controllers/cmake/ament_cmake_export_targets-extras.cmake
[0.258s] -- Up-to-date: /home/luka/ws_moveit/install/robotiq_controllers/share/robotiq_controllers/cmake/ament_cmake_export_dependencies-extras.cmake
[0.259s] -- Up-to-date: /home/luka/ws_moveit/install/robotiq_controllers/share/robotiq_controllers/cmake/robotiq_controllersConfig.cmake
[0.260s] -- Up-to-date: /home/luka/ws_moveit/install/robotiq_controllers/share/robotiq_controllers/cmake/robotiq_controllersConfig-version.cmake
[0.260s] -- Up-to-date: /home/luka/ws_moveit/install/robotiq_controllers/share/robotiq_controllers/package.xml
[0.265s] Invoked command in '/home/luka/ws_moveit/build/robotiq_controllers' returned '0': CMAKE_PREFIX_PATH=${CMAKE_PREFIX_PATH}:/opt/ros/jazzy DEBUGINFOD_URLS=https://debuginfod.ubuntu.com /usr/bin/cmake --install /home/luka/ws_moveit/build/robotiq_controllers
