[0.138s] Invoking command in '/home/luka/ws_moveit/build/moveit_kinematics': AMENT_PREFIX_PATH=/home/luka/ws_moveit/install/moveit_ros_planning:/home/luka/ws_moveit/install/moveit_ros_occupancy_map_monitor:/home/luka/ws_moveit/install/moveit_core:/home/luka/ws_moveit/install/moveit_resources_panda_moveit_config:/home/luka/ws_moveit/install/moveit_resources_fanuc_moveit_config:/home/luka/ws_moveit/install/moveit_resources_pr2_description:/home/luka/ws_moveit/install/moveit_resources_panda_description:/home/luka/ws_moveit/install/moveit_resources_fanuc_description:/home/luka/ws_moveit/install/moveit_msgs:/home/luka/ws_moveit/install/moveit_configs_utils:/home/luka/ws_moveit/install/moveit_common:${AMENT_PREFIX_PATH} CMAKE_PREFIX_PATH=/home/luka/ws_moveit/install/moveit_ros_planning:/home/luka/ws_moveit/install/moveit_ros_occupancy_map_monitor:/home/luka/ws_moveit/install/moveit_core:/home/luka/ws_moveit/install/moveit_resources_panda_moveit_config:/home/luka/ws_moveit/install/moveit_resources_fanuc_moveit_config:/home/luka/ws_moveit/install/moveit_resources_pr2_description:/home/luka/ws_moveit/install/moveit_resources_panda_description:/home/luka/ws_moveit/install/moveit_resources_fanuc_description:/home/luka/ws_moveit/install/moveit_msgs:/home/luka/ws_moveit/install/moveit_common:/opt/ros/jazzy/opt/gz_sim_vendor:/opt/ros/jazzy/opt/gz_sensors_vendor:/opt/ros/jazzy/opt/gz_physics_vendor:/opt/ros/jazzy/opt/sdformat_vendor:/opt/ros/jazzy/opt/gz_gui_vendor:/opt/ros/jazzy/opt/gz_transport_vendor:/opt/ros/jazzy/opt/gz_rendering_vendor:/opt/ros/jazzy/opt/gz_plugin_vendor:/opt/ros/jazzy/opt/gz_fuel_tools_vendor:/opt/ros/jazzy/opt/gz_msgs_vendor:/opt/ros/jazzy/opt/gz_common_vendor:/opt/ros/jazzy/opt/gz_math_vendor:/opt/ros/jazzy/opt/gz_utils_vendor:/opt/ros/jazzy/opt/gz_tools_vendor:/opt/ros/jazzy/opt/gz_ogre_next_vendor:/opt/ros/jazzy/opt/gz_dartsim_vendor:/opt/ros/jazzy/opt/gz_cmake_vendor:/opt/ros/jazzy DEBUGINFOD_URLS=https://debuginfod.ubuntu.com LD_LIBRARY_PATH=/home/luka/ws_moveit/install/moveit_ros_planning/lib:/home/luka/ws_moveit/install/moveit_ros_occupancy_map_monitor/lib:/home/luka/ws_moveit/install/moveit_core/lib:/home/luka/ws_moveit/install/moveit_msgs/lib:${LD_LIBRARY_PATH} PATH=/home/luka/ws_moveit/install/moveit_core/bin:${PATH} PYTHONPATH=/home/luka/ws_moveit/install/moveit_msgs/lib/python3.12/site-packages:/home/luka/ws_moveit/install/moveit_configs_utils/lib/python3.12/site-packages:${PYTHONPATH} /usr/bin/cmake /home/luka/ws_moveit/src/moveit2/moveit_kinematics -DCMAKE_BUILD_TYPE=Release -DCMAKE_INSTALL_PREFIX=/home/luka/ws_moveit/install/moveit_kinematics
[0.614s] -- The CXX compiler identification is GNU 13.3.0
[0.745s] -- Detecting CXX compiler ABI info
[1.449s] -- Detecting CXX compiler ABI info - done
[1.559s] -- Check for working CXX compiler: /usr/bin/c++ - skipped
[1.564s] -- Detecting CXX compile features
[1.567s] -- Detecting CXX compile features - done
[1.578s] -- Found moveit_common: 2.14.1 (/home/luka/ws_moveit/install/moveit_common/share/moveit_common/cmake)
[1.621s] -- Found ament_cmake: 2.5.4 (/opt/ros/jazzy/share/ament_cmake/cmake)
[2.646s] -- Found Python3: /usr/bin/python3 (found version "3.12.3") found components: Interpreter 
[4.131s] -- Found class_loader: 2.7.0 (/opt/ros/jazzy/share/class_loader/cmake)
[4.411s] -- Found generate_parameter_library: 0.5.0 (/opt/ros/jazzy/share/generate_parameter_library/cmake)
[4.480s] -- Found parameter_traits: 0.5.0 (/opt/ros/jazzy/share/parameter_traits/cmake)
[4.882s] -- Found rosidl_generator_c: 4.6.6 (/opt/ros/jazzy/share/rosidl_generator_c/cmake)
[5.052s] -- Found rosidl_generator_cpp: 4.6.6 (/opt/ros/jazzy/share/rosidl_generator_cpp/cmake)
[5.249s] -- Using all available rosidl_typesupport_c: rosidl_typesupport_fastrtps_c;rosidl_typesupport_introspection_c
[5.434s] -- Using all available rosidl_typesupport_cpp: rosidl_typesupport_fastrtps_cpp;rosidl_typesupport_introspection_cpp
[6.289s] -- Found rmw_implementation_cmake: 7.3.2 (/opt/ros/jazzy/share/rmw_implementation_cmake/cmake)
[6.327s] -- Found rmw_fastrtps_cpp: 8.4.3 (/opt/ros/jazzy/share/rmw_fastrtps_cpp/cmake)
[6.969s] -- Found OpenSSL: /usr/lib/x86_64-linux-gnu/libcrypto.so (found version "3.0.13")  
[7.122s] -- Found FastRTPS: /opt/ros/jazzy/include (Required is at least version "2.13") 
[7.303s] -- Using RMW implementation 'rmw_fastrtps_cpp' as default
[8.173s] -- Found rclcpp_lifecycle: 28.1.13 (/opt/ros/jazzy/share/rclcpp_lifecycle/cmake)
[8.466s] -- Found kdl_parser: 2.11.0 (/opt/ros/jazzy/share/kdl_parser/cmake)
[8.588s] -- Found eigen3_cmake_module: 0.3.0 (/opt/ros/jazzy/share/eigen3_cmake_module/cmake)
[8.597s] -- Found Eigen3: TRUE (found version "3.4.0") 
[8.598s] -- Ensuring Eigen3 include directory is part of orocos-kdl CMake target
[8.637s] -- Found moveit_core: 2.14.1 (/home/luka/ws_moveit/install/moveit_core/share/moveit_core/cmake)
[10.227s] -- Found Boost: /usr/lib/x86_64-linux-gnu/cmake/Boost-1.83.0/BoostConfig.cmake (found version "1.83.0") found components: chrono date_time filesystem iostreams program_options regex serialization system thread 
[10.808s] -- Found Boost: /usr/lib/x86_64-linux-gnu/cmake/Boost-1.83.0/BoostConfig.cmake (found version "1.83.0") found components: filesystem 
[15.294s] -- Found moveit_ros_planning: 2.14.1 (/home/luka/ws_moveit/install/moveit_ros_planning/share/moveit_ros_planning/cmake)
[15.333s] -- Found Boost: /usr/lib/x86_64-linux-gnu/cmake/Boost-1.83.0/BoostConfig.cmake (found version "1.83.0") found components: system filesystem date_time program_options thread chrono 
[15.639s] -- Found Boost: /usr/lib/x86_64-linux-gnu/cmake/Boost-1.83.0/BoostConfig.cmake (found version "1.83.0") found components: program_options system 
[16.050s] -- Found ament_cmake_gtest: 2.5.4 (/opt/ros/jazzy/share/ament_cmake_gtest/cmake)
[16.074s] -- Found ros_testing: 0.6.0 (/opt/ros/jazzy/share/ros_testing/cmake)
[16.104s] -- Found launch_testing_ament_cmake: 3.4.9 (/opt/ros/jazzy/share/launch_testing_ament_cmake/cmake)
[16.128s] -- Found python_cmake_module: 0.11.1 (/opt/ros/jazzy/share/python_cmake_module/cmake)
[16.947s] -- Found PythonExtra: /usr/bin/python3  
[16.970s] -- Found moveit_resources_fanuc_description: 3.1.1 (/home/luka/ws_moveit/install/moveit_resources_fanuc_description/share/moveit_resources_fanuc_description/cmake)
[16.983s] -- Found moveit_resources_fanuc_moveit_config: 3.1.1 (/home/luka/ws_moveit/install/moveit_resources_fanuc_moveit_config/share/moveit_resources_fanuc_moveit_config/cmake)
[16.984s] -- Found moveit_resources_panda_description: 3.1.1 (/home/luka/ws_moveit/install/moveit_resources_panda_description/share/moveit_resources_panda_description/cmake)
[16.995s] -- Found moveit_resources_panda_moveit_config: 3.1.1 (/home/luka/ws_moveit/install/moveit_resources_panda_moveit_config/share/moveit_resources_panda_moveit_config/cmake)
[17.016s] -- Found gtest sources under '/opt/ros/jazzy/src/gtest_vendor': C++ tests using 'Google Test' will be built
[17.364s] -- The C compiler identification is GNU 13.3.0
[17.462s] -- Detecting C compiler ABI info
[18.241s] -- Detecting C compiler ABI info - done
[18.335s] -- Check for working C compiler: /usr/bin/cc - skipped
[18.341s] -- Detecting C compile features
[18.350s] -- Detecting C compile features - done
[18.381s] -- Found Threads: TRUE  
[18.684s] -- Configuring done (18.5s)
[20.559s] -- Generating done (1.4s)
[20.788s] -- Build files have been written to: /home/luka/ws_moveit/build/moveit_kinematics
[20.951s] Invoked command in '/home/luka/ws_moveit/build/moveit_kinematics' returned '0': AMENT_PREFIX_PATH=/home/luka/ws_moveit/install/moveit_ros_planning:/home/luka/ws_moveit/install/moveit_ros_occupancy_map_monitor:/home/luka/ws_moveit/install/moveit_core:/home/luka/ws_moveit/install/moveit_resources_panda_moveit_config:/home/luka/ws_moveit/install/moveit_resources_fanuc_moveit_config:/home/luka/ws_moveit/install/moveit_resources_pr2_description:/home/luka/ws_moveit/install/moveit_resources_panda_description:/home/luka/ws_moveit/install/moveit_resources_fanuc_description:/home/luka/ws_moveit/install/moveit_msgs:/home/luka/ws_moveit/install/moveit_configs_utils:/home/luka/ws_moveit/install/moveit_common:${AMENT_PREFIX_PATH} CMAKE_PREFIX_PATH=/home/luka/ws_moveit/install/moveit_ros_planning:/home/luka/ws_moveit/install/moveit_ros_occupancy_map_monitor:/home/luka/ws_moveit/install/moveit_core:/home/luka/ws_moveit/install/moveit_resources_panda_moveit_config:/home/luka/ws_moveit/install/moveit_resources_fanuc_moveit_config:/home/luka/ws_moveit/install/moveit_resources_pr2_description:/home/luka/ws_moveit/install/moveit_resources_panda_description:/home/luka/ws_moveit/install/moveit_resources_fanuc_description:/home/luka/ws_moveit/install/moveit_msgs:/home/luka/ws_moveit/install/moveit_common:/opt/ros/jazzy/opt/gz_sim_vendor:/opt/ros/jazzy/opt/gz_sensors_vendor:/opt/ros/jazzy/opt/gz_physics_vendor:/opt/ros/jazzy/opt/sdformat_vendor:/opt/ros/jazzy/opt/gz_gui_vendor:/opt/ros/jazzy/opt/gz_transport_vendor:/opt/ros/jazzy/opt/gz_rendering_vendor:/opt/ros/jazzy/opt/gz_plugin_vendor:/opt/ros/jazzy/opt/gz_fuel_tools_vendor:/opt/ros/jazzy/opt/gz_msgs_vendor:/opt/ros/jazzy/opt/gz_common_vendor:/opt/ros/jazzy/opt/gz_math_vendor:/opt/ros/jazzy/opt/gz_utils_vendor:/opt/ros/jazzy/opt/gz_tools_vendor:/opt/ros/jazzy/opt/gz_ogre_next_vendor:/opt/ros/jazzy/opt/gz_dartsim_vendor:/opt/ros/jazzy/opt/gz_cmake_vendor:/opt/ros/jazzy DEBUGINFOD_URLS=https://debuginfod.ubuntu.com LD_LIBRARY_PATH=/home/luka/ws_moveit/install/moveit_ros_planning/lib:/home/luka/ws_moveit/install/moveit_ros_occupancy_map_monitor/lib:/home/luka/ws_moveit/install/moveit_core/lib:/home/luka/ws_moveit/install/moveit_msgs/lib:${LD_LIBRARY_PATH} PATH=/home/luka/ws_moveit/install/moveit_core/bin:${PATH} PYTHONPATH=/home/luka/ws_moveit/install/moveit_msgs/lib/python3.12/site-packages:/home/luka/ws_moveit/install/moveit_configs_utils/lib/python3.12/site-packages:${PYTHONPATH} /usr/bin/cmake /home/luka/ws_moveit/src/moveit2/moveit_kinematics -DCMAKE_BUILD_TYPE=Release -DCMAKE_INSTALL_PREFIX=/home/luka/ws_moveit/install/moveit_kinematics
[20.969s] Invoking command in '/home/luka/ws_moveit/build/moveit_kinematics': AMENT_PREFIX_PATH=/home/luka/ws_moveit/install/moveit_ros_planning:/home/luka/ws_moveit/install/moveit_ros_occupancy_map_monitor:/home/luka/ws_moveit/install/moveit_core:/home/luka/ws_moveit/install/moveit_resources_panda_moveit_config:/home/luka/ws_moveit/install/moveit_resources_fanuc_moveit_config:/home/luka/ws_moveit/install/moveit_resources_pr2_description:/home/luka/ws_moveit/install/moveit_resources_panda_description:/home/luka/ws_moveit/install/moveit_resources_fanuc_description:/home/luka/ws_moveit/install/moveit_msgs:/home/luka/ws_moveit/install/moveit_configs_utils:/home/luka/ws_moveit/install/moveit_common:${AMENT_PREFIX_PATH} CMAKE_PREFIX_PATH=/home/luka/ws_moveit/install/moveit_ros_planning:/home/luka/ws_moveit/install/moveit_ros_occupancy_map_monitor:/home/luka/ws_moveit/install/moveit_core:/home/luka/ws_moveit/install/moveit_resources_panda_moveit_config:/home/luka/ws_moveit/install/moveit_resources_fanuc_moveit_config:/home/luka/ws_moveit/install/moveit_resources_pr2_description:/home/luka/ws_moveit/install/moveit_resources_panda_description:/home/luka/ws_moveit/install/moveit_resources_fanuc_description:/home/luka/ws_moveit/install/moveit_msgs:/home/luka/ws_moveit/install/moveit_common:/opt/ros/jazzy/opt/gz_sim_vendor:/opt/ros/jazzy/opt/gz_sensors_vendor:/opt/ros/jazzy/opt/gz_physics_vendor:/opt/ros/jazzy/opt/sdformat_vendor:/opt/ros/jazzy/opt/gz_gui_vendor:/opt/ros/jazzy/opt/gz_transport_vendor:/opt/ros/jazzy/opt/gz_rendering_vendor:/opt/ros/jazzy/opt/gz_plugin_vendor:/opt/ros/jazzy/opt/gz_fuel_tools_vendor:/opt/ros/jazzy/opt/gz_msgs_vendor:/opt/ros/jazzy/opt/gz_common_vendor:/opt/ros/jazzy/opt/gz_math_vendor:/opt/ros/jazzy/opt/gz_utils_vendor:/opt/ros/jazzy/opt/gz_tools_vendor:/opt/ros/jazzy/opt/gz_ogre_next_vendor:/opt/ros/jazzy/opt/gz_dartsim_vendor:/opt/ros/jazzy/opt/gz_cmake_vendor:/opt/ros/jazzy DEBUGINFOD_URLS=https://debuginfod.ubuntu.com LD_LIBRARY_PATH=/home/luka/ws_moveit/install/moveit_ros_planning/lib:/home/luka/ws_moveit/install/moveit_ros_occupancy_map_monitor/lib:/home/luka/ws_moveit/install/moveit_core/lib:/home/luka/ws_moveit/install/moveit_msgs/lib:${LD_LIBRARY_PATH} PATH=/home/luka/ws_moveit/install/moveit_core/bin:${PATH} PYTHONPATH=/home/luka/ws_moveit/install/moveit_msgs/lib/python3.12/site-packages:/home/luka/ws_moveit/install/moveit_configs_utils/lib/python3.12/site-packages:${PYTHONPATH} /usr/bin/cmake --build /home/luka/ws_moveit/build/moveit_kinematics -- -j4 -l4
[22.104s] [  4%] [32mBuilding CXX object gtest/CMakeFiles/gtest_main.dir/src/gtest_main.cc.o[0m
[22.257s] [  8%] [34m[1mRunning `/opt/ros/jazzy/bin/generate_parameter_library_cpp /home/luka/ws_moveit/build/moveit_kinematics/cached_ik_kinematics_plugin/include/moveit_kinematics/cached_ik_kinematics_parameters.hpp /home/luka/ws_moveit/src/moveit2/moveit_kinematics/cached_ik_kinematics_plugin/include/moveit/cached_ik_kinematics_plugin/cached_ik_kinematics_parameters.yaml `[0m
[22.260s] [ 13%] [34m[1mRunning `/opt/ros/jazzy/bin/generate_parameter_library_cpp /home/luka/ws_moveit/build/moveit_kinematics/srv_kinematics_plugin/include/moveit_kinematics/srv_kinematics_parameters.hpp /home/luka/ws_moveit/src/moveit2/moveit_kinematics/srv_kinematics_plugin/src/srv_kinematics_parameters.yaml `[0m
[22.326s] [ 17%] [34m[1mRunning `/opt/ros/jazzy/bin/generate_parameter_library_cpp /home/luka/ws_moveit/build/moveit_kinematics/kdl_kinematics_plugin/include/moveit_kinematics/kdl_kinematics_parameters.hpp /home/luka/ws_moveit/src/moveit2/moveit_kinematics/kdl_kinematics_plugin/src/kdl_kinematics_parameters.yaml `[0m
[39.633s] [ 21%] [34m[1mCreating deprecated header file /home/luka/ws_moveit/build/moveit_kinematics/srv_kinematics_plugin/include/srv_kinematics_parameters.hpp[0m
[40.095s] [ 21%] Built target srv_kinematics_parameters
[42.494s] [ 26%] [34m[1mCreating deprecated header file /home/luka/ws_moveit/build/moveit_kinematics/cached_ik_kinematics_plugin/include/cached_ik_kinematics_parameters.hpp[0m
[42.920s] [ 26%] Built target cached_ik_kinematics_parameters
[45.689s] [ 30%] [34m[1mCreating deprecated header file /home/luka/ws_moveit/build/moveit_kinematics/kdl_kinematics_plugin/include/kdl_kinematics_parameters.hpp[0m
[46.105s] [ 30%] Built target kdl_kinematics_parameters
[47.304s] [ 34%] [32m[1mLinking CXX static library libgtest_main.a[0m
[47.974s] [ 34%] Built target gtest_main
[48.141s] [ 39%] [32mBuilding CXX object cached_ik_kinematics_plugin/CMakeFiles/moveit_cached_ik_kinematics_base.dir/src/ik_cache.cpp.o[0m
[162.983s] [ 43%] [32m[1mLinking CXX shared library libmoveit_cached_ik_kinematics_base.so[0m
[164.333s] [ 43%] Built target moveit_cached_ik_kinematics_base
[164.529s] [ 47%] [32mBuilding CXX object srv_kinematics_plugin/CMakeFiles/moveit_srv_kinematics_plugin.dir/src/srv_kinematics_plugin.cpp.o[0m
[226.212s] [ 52%] [32m[1mLinking CXX shared library libmoveit_srv_kinematics_plugin.so[0m
[227.468s] [ 52%] Built target moveit_srv_kinematics_plugin
[227.626s] [ 56%] [32mBuilding CXX object kdl_kinematics_plugin/CMakeFiles/moveit_kdl_kinematics_plugin.dir/src/kdl_kinematics_plugin.cpp.o[0m
[291.002s] [ 60%] [32mBuilding CXX object kdl_kinematics_plugin/CMakeFiles/moveit_kdl_kinematics_plugin.dir/src/chainiksolver_vel_mimic_svd.cpp.o[0m
[347.419s] [ 65%] [32m[1mLinking CXX shared library libmoveit_kdl_kinematics_plugin.so[0m
[348.427s] [ 65%] Built target moveit_kdl_kinematics_plugin
[348.560s] [ 69%] [32mBuilding CXX object test/CMakeFiles/benchmark_ik.dir/benchmark_ik.cpp.o[0m
[472.550s] [ 73%] [32m[1mLinking CXX executable benchmark_ik[0m
[476.465s] [ 73%] Built target benchmark_ik
[476.794s] [ 78%] [32mBuilding CXX object cached_ik_kinematics_plugin/CMakeFiles/moveit_cached_ik_kinematics_plugin.dir/src/cached_ik_kinematics_plugin.cpp.o[0m
[543.524s] [ 82%] [32m[1mLinking CXX shared library libmoveit_cached_ik_kinematics_plugin.so[0m
[544.819s] [ 82%] Built target moveit_cached_ik_kinematics_plugin
[544.946s] [ 86%] [32mBuilding CXX object gtest/CMakeFiles/gtest.dir/src/gtest-all.cc.o[0m
[605.812s] [ 91%] [32m[1mLinking CXX static library libgtest.a[0m
[606.284s] [ 91%] Built target gtest
[606.406s] [ 95%] [32mBuilding CXX object test/CMakeFiles/test_kinematics_plugin.dir/test_kinematics_plugin.cpp.o[0m
[742.391s] [100%] [32m[1mLinking CXX executable test_kinematics_plugin[0m
[744.994s] [100%] Built target test_kinematics_plugin
[745.080s] Invoked command in '/home/luka/ws_moveit/build/moveit_kinematics' returned '0': AMENT_PREFIX_PATH=/home/luka/ws_moveit/install/moveit_ros_planning:/home/luka/ws_moveit/install/moveit_ros_occupancy_map_monitor:/home/luka/ws_moveit/install/moveit_core:/home/luka/ws_moveit/install/moveit_resources_panda_moveit_config:/home/luka/ws_moveit/install/moveit_resources_fanuc_moveit_config:/home/luka/ws_moveit/install/moveit_resources_pr2_description:/home/luka/ws_moveit/install/moveit_resources_panda_description:/home/luka/ws_moveit/install/moveit_resources_fanuc_description:/home/luka/ws_moveit/install/moveit_msgs:/home/luka/ws_moveit/install/moveit_configs_utils:/home/luka/ws_moveit/install/moveit_common:${AMENT_PREFIX_PATH} CMAKE_PREFIX_PATH=/home/luka/ws_moveit/install/moveit_ros_planning:/home/luka/ws_moveit/install/moveit_ros_occupancy_map_monitor:/home/luka/ws_moveit/install/moveit_core:/home/luka/ws_moveit/install/moveit_resources_panda_moveit_config:/home/luka/ws_moveit/install/moveit_resources_fanuc_moveit_config:/home/luka/ws_moveit/install/moveit_resources_pr2_description:/home/luka/ws_moveit/install/moveit_resources_panda_description:/home/luka/ws_moveit/install/moveit_resources_fanuc_description:/home/luka/ws_moveit/install/moveit_msgs:/home/luka/ws_moveit/install/moveit_common:/opt/ros/jazzy/opt/gz_sim_vendor:/opt/ros/jazzy/opt/gz_sensors_vendor:/opt/ros/jazzy/opt/gz_physics_vendor:/opt/ros/jazzy/opt/sdformat_vendor:/opt/ros/jazzy/opt/gz_gui_vendor:/opt/ros/jazzy/opt/gz_transport_vendor:/opt/ros/jazzy/opt/gz_rendering_vendor:/opt/ros/jazzy/opt/gz_plugin_vendor:/opt/ros/jazzy/opt/gz_fuel_tools_vendor:/opt/ros/jazzy/opt/gz_msgs_vendor:/opt/ros/jazzy/opt/gz_common_vendor:/opt/ros/jazzy/opt/gz_math_vendor:/opt/ros/jazzy/opt/gz_utils_vendor:/opt/ros/jazzy/opt/gz_tools_vendor:/opt/ros/jazzy/opt/gz_ogre_next_vendor:/opt/ros/jazzy/opt/gz_dartsim_vendor:/opt/ros/jazzy/opt/gz_cmake_vendor:/opt/ros/jazzy DEBUGINFOD_URLS=https://debuginfod.ubuntu.com LD_LIBRARY_PATH=/home/luka/ws_moveit/install/moveit_ros_planning/lib:/home/luka/ws_moveit/install/moveit_ros_occupancy_map_monitor/lib:/home/luka/ws_moveit/install/moveit_core/lib:/home/luka/ws_moveit/install/moveit_msgs/lib:${LD_LIBRARY_PATH} PATH=/home/luka/ws_moveit/install/moveit_core/bin:${PATH} PYTHONPATH=/home/luka/ws_moveit/install/moveit_msgs/lib/python3.12/site-packages:/home/luka/ws_moveit/install/moveit_configs_utils/lib/python3.12/site-packages:${PYTHONPATH} /usr/bin/cmake --build /home/luka/ws_moveit/build/moveit_kinematics -- -j4 -l4
[745.091s] Invoking command in '/home/luka/ws_moveit/build/moveit_kinematics': AMENT_PREFIX_PATH=/home/luka/ws_moveit/install/moveit_ros_planning:/home/luka/ws_moveit/install/moveit_ros_occupancy_map_monitor:/home/luka/ws_moveit/install/moveit_core:/home/luka/ws_moveit/install/moveit_resources_panda_moveit_config:/home/luka/ws_moveit/install/moveit_resources_fanuc_moveit_config:/home/luka/ws_moveit/install/moveit_resources_pr2_description:/home/luka/ws_moveit/install/moveit_resources_panda_description:/home/luka/ws_moveit/install/moveit_resources_fanuc_description:/home/luka/ws_moveit/install/moveit_msgs:/home/luka/ws_moveit/install/moveit_configs_utils:/home/luka/ws_moveit/install/moveit_common:${AMENT_PREFIX_PATH} CMAKE_PREFIX_PATH=/home/luka/ws_moveit/install/moveit_ros_planning:/home/luka/ws_moveit/install/moveit_ros_occupancy_map_monitor:/home/luka/ws_moveit/install/moveit_core:/home/luka/ws_moveit/install/moveit_resources_panda_moveit_config:/home/luka/ws_moveit/install/moveit_resources_fanuc_moveit_config:/home/luka/ws_moveit/install/moveit_resources_pr2_description:/home/luka/ws_moveit/install/moveit_resources_panda_description:/home/luka/ws_moveit/install/moveit_resources_fanuc_description:/home/luka/ws_moveit/install/moveit_msgs:/home/luka/ws_moveit/install/moveit_common:/opt/ros/jazzy/opt/gz_sim_vendor:/opt/ros/jazzy/opt/gz_sensors_vendor:/opt/ros/jazzy/opt/gz_physics_vendor:/opt/ros/jazzy/opt/sdformat_vendor:/opt/ros/jazzy/opt/gz_gui_vendor:/opt/ros/jazzy/opt/gz_transport_vendor:/opt/ros/jazzy/opt/gz_rendering_vendor:/opt/ros/jazzy/opt/gz_plugin_vendor:/opt/ros/jazzy/opt/gz_fuel_tools_vendor:/opt/ros/jazzy/opt/gz_msgs_vendor:/opt/ros/jazzy/opt/gz_common_vendor:/opt/ros/jazzy/opt/gz_math_vendor:/opt/ros/jazzy/opt/gz_utils_vendor:/opt/ros/jazzy/opt/gz_tools_vendor:/opt/ros/jazzy/opt/gz_ogre_next_vendor:/opt/ros/jazzy/opt/gz_dartsim_vendor:/opt/ros/jazzy/opt/gz_cmake_vendor:/opt/ros/jazzy DEBUGINFOD_URLS=https://debuginfod.ubuntu.com LD_LIBRARY_PATH=/home/luka/ws_moveit/install/moveit_ros_planning/lib:/home/luka/ws_moveit/install/moveit_ros_occupancy_map_monitor/lib:/home/luka/ws_moveit/install/moveit_core/lib:/home/luka/ws_moveit/install/moveit_msgs/lib:${LD_LIBRARY_PATH} PATH=/home/luka/ws_moveit/install/moveit_core/bin:${PATH} PYTHONPATH=/home/luka/ws_moveit/install/moveit_msgs/lib/python3.12/site-packages:/home/luka/ws_moveit/install/moveit_configs_utils/lib/python3.12/site-packages:${PYTHONPATH} /usr/bin/cmake --install /home/luka/ws_moveit/build/moveit_kinematics
[745.151s] -- Install configuration: "Release"
[745.153s] -- Installing: /home/luka/ws_moveit/install/moveit_kinematics/share/moveit_kinematics/kdl_kinematics_plugin_description.xml
[745.156s] -- Installing: /home/luka/ws_moveit/install/moveit_kinematics/share/moveit_kinematics/srv_kinematics_plugin_description.xml
[745.159s] -- Installing: /home/luka/ws_moveit/install/moveit_kinematics/share/moveit_kinematics/cached_ik_kinematics_plugin_description.xml
[745.162s] -- Installing: /home/luka/ws_moveit/install/moveit_kinematics/include/moveit_kinematics
[745.163s] -- Installing: /home/luka/ws_moveit/install/moveit_kinematics/include/moveit_kinematics/cached_ik_kinematics_parameters.hpp
[745.164s] -- Up-to-date: /home/luka/ws_moveit/install/moveit_kinematics/include/moveit_kinematics
[745.165s] -- Installing: /home/luka/ws_moveit/install/moveit_kinematics/include/moveit_kinematics/moveit
[745.166s] -- Installing: /home/luka/ws_moveit/install/moveit_kinematics/include/moveit_kinematics/moveit/cached_ik_kinematics_plugin
[745.167s] -- Installing: /home/luka/ws_moveit/install/moveit_kinematics/include/moveit_kinematics/moveit/cached_ik_kinematics_plugin/cached_ik_kinematics_plugin.hpp
[745.168s] -- Installing: /home/luka/ws_moveit/install/moveit_kinematics/include/moveit_kinematics/moveit/cached_ik_kinematics_plugin/cached_ik_kinematics_plugin-inl.hpp
[745.169s] -- Installing: /home/luka/ws_moveit/install/moveit_kinematics/include/moveit_kinematics/moveit/cached_ik_kinematics_plugin/detail
[745.169s] -- Installing: /home/luka/ws_moveit/install/moveit_kinematics/include/moveit_kinematics/moveit/cached_ik_kinematics_plugin/detail/GreedyKCenters.hpp
[745.171s] -- Installing: /home/luka/ws_moveit/install/moveit_kinematics/include/moveit_kinematics/moveit/cached_ik_kinematics_plugin/detail/NearestNeighborsGNAT.hpp
[745.172s] -- Installing: /home/luka/ws_moveit/install/moveit_kinematics/include/moveit_kinematics/moveit/cached_ik_kinematics_plugin/detail/GreedyKCenters.h
[745.173s] -- Installing: /home/luka/ws_moveit/install/moveit_kinematics/include/moveit_kinematics/moveit/cached_ik_kinematics_plugin/detail/NearestNeighborsGNAT.h
[745.173s] -- Installing: /home/luka/ws_moveit/install/moveit_kinematics/include/moveit_kinematics/moveit/cached_ik_kinematics_plugin/detail/NearestNeighbors.hpp
[745.174s] -- Installing: /home/luka/ws_moveit/install/moveit_kinematics/include/moveit_kinematics/moveit/cached_ik_kinematics_plugin/detail/NearestNeighbors.h
[745.175s] -- Installing: /home/luka/ws_moveit/install/moveit_kinematics/include/moveit_kinematics/moveit/cached_ik_kinematics_plugin/cached_ik_kinematics_plugin.h
[745.176s] -- Installing: /home/luka/ws_moveit/install/moveit_kinematics/include/moveit_kinematics/moveit/cached_ik_kinematics_plugin/cached_ik_kinematics_plugin-inl.h
[745.176s] -- Installing: /home/luka/ws_moveit/install/moveit_kinematics/include/moveit_kinematics/moveit/cached_ik_kinematics_plugin/cached_ik_kinematics_parameters.yaml
[745.177s] -- Installing: /home/luka/ws_moveit/install/moveit_kinematics/share/moveit_kinematics/launch
[745.178s] -- Installing: /home/luka/ws_moveit/install/moveit_kinematics/share/moveit_kinematics/launch/measure_ik_call_cost.launch
[745.179s] -- Installing: /home/luka/ws_moveit/install/moveit_kinematics/lib/moveit_kinematics/auto_create_ikfast_moveit_plugin.sh
[745.180s] -- Installing: /home/luka/ws_moveit/install/moveit_kinematics/lib/moveit_kinematics/create_ikfast_moveit_plugin.py
[745.181s] -- Installing: /home/luka/ws_moveit/install/moveit_kinematics/lib/moveit_kinematics/round_collada_numbers.py
[745.181s] -- Installing: /home/luka/ws_moveit/install/moveit_kinematics/share/moveit_kinematics/ikfast_kinematics_plugin/templates
[745.183s] -- Installing: /home/luka/ws_moveit/install/moveit_kinematics/share/moveit_kinematics/ikfast_kinematics_plugin/templates/ikfast.h
[745.184s] -- Installing: /home/luka/ws_moveit/install/moveit_kinematics/share/moveit_kinematics/ikfast_kinematics_plugin/templates/ikfast61_moveit_plugin_template.cpp
[745.185s] -- Installing: /home/luka/ws_moveit/install/moveit_kinematics/share/moveit_kinematics/ikfast_kinematics_plugin/templates/ikfast_kinematics_parameters.yaml
[745.186s] -- Installing: /home/luka/ws_moveit/install/moveit_kinematics/share/moveit_kinematics/ikfast_kinematics_plugin/templates/CMakeLists.txt
[745.187s] -- Up-to-date: /home/luka/ws_moveit/install/moveit_kinematics/include/moveit_kinematics
[745.188s] -- Installing: /home/luka/ws_moveit/install/moveit_kinematics/include/moveit_kinematics/kdl_kinematics_parameters.hpp
[745.189s] -- Up-to-date: /home/luka/ws_moveit/install/moveit_kinematics/include/moveit_kinematics
[745.190s] -- Up-to-date: /home/luka/ws_moveit/install/moveit_kinematics/include/moveit_kinematics/moveit
[745.191s] -- Installing: /home/luka/ws_moveit/install/moveit_kinematics/include/moveit_kinematics/moveit/kdl_kinematics_plugin
[745.192s] -- Installing: /home/luka/ws_moveit/install/moveit_kinematics/include/moveit_kinematics/moveit/kdl_kinematics_plugin/joint_mimic.hpp
[745.193s] -- Installing: /home/luka/ws_moveit/install/moveit_kinematics/include/moveit_kinematics/moveit/kdl_kinematics_plugin/joint_mimic.h
[745.194s] -- Installing: /home/luka/ws_moveit/install/moveit_kinematics/include/moveit_kinematics/moveit/kdl_kinematics_plugin/chainiksolver_vel_mimic_svd.hpp
[745.194s] -- Installing: /home/luka/ws_moveit/install/moveit_kinematics/include/moveit_kinematics/moveit/kdl_kinematics_plugin/chainiksolver_vel_mimic_svd.h
[745.196s] -- Installing: /home/luka/ws_moveit/install/moveit_kinematics/include/moveit_kinematics/moveit/kdl_kinematics_plugin/kdl_kinematics_plugin.hpp
[745.197s] -- Installing: /home/luka/ws_moveit/install/moveit_kinematics/include/moveit_kinematics/moveit/kdl_kinematics_plugin/kdl_kinematics_plugin.h
[745.197s] -- Up-to-date: /home/luka/ws_moveit/install/moveit_kinematics/include/moveit_kinematics
[745.198s] -- Installing: /home/luka/ws_moveit/install/moveit_kinematics/include/moveit_kinematics/srv_kinematics_parameters.hpp
[745.199s] -- Up-to-date: /home/luka/ws_moveit/install/moveit_kinematics/include/moveit_kinematics
[745.199s] -- Up-to-date: /home/luka/ws_moveit/install/moveit_kinematics/include/moveit_kinematics/moveit
[745.201s] -- Installing: /home/luka/ws_moveit/install/moveit_kinematics/include/moveit_kinematics/moveit/srv_kinematics_plugin
[745.202s] -- Installing: /home/luka/ws_moveit/install/moveit_kinematics/include/moveit_kinematics/moveit/srv_kinematics_plugin/srv_kinematics_plugin.h
[745.203s] -- Installing: /home/luka/ws_moveit/install/moveit_kinematics/include/moveit_kinematics/moveit/srv_kinematics_plugin/srv_kinematics_plugin.hpp
[745.203s] -- Installing: /home/luka/ws_moveit/install/moveit_kinematics/share/moveit_kinematics/config
[745.205s] -- Installing: /home/luka/ws_moveit/install/moveit_kinematics/share/moveit_kinematics/config/fanuc-kdl-singular-test.yaml
[745.205s] -- Installing: /home/luka/ws_moveit/install/moveit_kinematics/share/moveit_kinematics/config/panda-kdl-singular-test.yaml
[745.206s] -- Installing: /home/luka/ws_moveit/install/moveit_kinematics/share/moveit_kinematics/config/panda-kdl-test.yaml
[745.207s] -- Installing: /home/luka/ws_moveit/install/moveit_kinematics/share/moveit_kinematics/config/fanuc-kdl-test.yaml
[745.208s] -- Up-to-date: /home/luka/ws_moveit/install/moveit_kinematics/share/moveit_kinematics/launch
[745.208s] -- Installing: /home/luka/ws_moveit/install/moveit_kinematics/share/moveit_kinematics/launch/fanuc-kdl.test.py
[745.209s] -- Installing: /home/luka/ws_moveit/install/moveit_kinematics/share/moveit_kinematics/launch/panda-kdl-singular.test.py
[745.210s] -- Installing: /home/luka/ws_moveit/install/moveit_kinematics/share/moveit_kinematics/launch/panda-kdl.test.py
[745.211s] -- Installing: /home/luka/ws_moveit/install/moveit_kinematics/share/moveit_kinematics/launch/fanuc-kdl-singular.test.py
[745.211s] -- Installing: /home/luka/ws_moveit/install/moveit_kinematics/lib/moveit_kinematics/benchmark_ik
[745.212s] -- Set non-toolchain portion of runtime path of "/home/luka/ws_moveit/install/moveit_kinematics/lib/moveit_kinematics/benchmark_ik" to ""
[745.212s] -- Installing: /home/luka/ws_moveit/install/moveit_kinematics/lib/moveit_kinematics/test_kinematics_plugin
[745.219s] -- Set non-toolchain portion of runtime path of "/home/luka/ws_moveit/install/moveit_kinematics/lib/moveit_kinematics/test_kinematics_plugin" to ""
[745.221s] -- Installing: /home/luka/ws_moveit/install/moveit_kinematics/lib/libmoveit_cached_ik_kinematics_base.so.2.14.1
[745.224s] -- Set non-toolchain portion of runtime path of "/home/luka/ws_moveit/install/moveit_kinematics/lib/libmoveit_cached_ik_kinematics_base.so.2.14.1" to ""
[745.225s] -- Installing: /home/luka/ws_moveit/install/moveit_kinematics/lib/libmoveit_cached_ik_kinematics_base.so
[745.226s] -- Installing: /home/luka/ws_moveit/install/moveit_kinematics/lib/libmoveit_cached_ik_kinematics_plugin.so.2.14.1
[745.228s] -- Set non-toolchain portion of runtime path of "/home/luka/ws_moveit/install/moveit_kinematics/lib/libmoveit_cached_ik_kinematics_plugin.so.2.14.1" to ""
[745.229s] -- Installing: /home/luka/ws_moveit/install/moveit_kinematics/lib/libmoveit_cached_ik_kinematics_plugin.so
[745.230s] -- Installing: /home/luka/ws_moveit/install/moveit_kinematics/lib/libmoveit_kdl_kinematics_plugin.so
[745.233s] -- Set non-toolchain portion of runtime path of "/home/luka/ws_moveit/install/moveit_kinematics/lib/libmoveit_kdl_kinematics_plugin.so" to ""
[745.234s] -- Installing: /home/luka/ws_moveit/install/moveit_kinematics/lib/libmoveit_srv_kinematics_plugin.so.2.14.1
[745.238s] -- Set non-toolchain portion of runtime path of "/home/luka/ws_moveit/install/moveit_kinematics/lib/libmoveit_srv_kinematics_plugin.so.2.14.1" to ""
[745.239s] -- Installing: /home/luka/ws_moveit/install/moveit_kinematics/lib/libmoveit_srv_kinematics_plugin.so
[745.240s] -- Installing: /home/luka/ws_moveit/install/moveit_kinematics/share/moveit_kinematics/environment/library_path.sh
[745.241s] -- Installing: /home/luka/ws_moveit/install/moveit_kinematics/share/moveit_kinematics/environment/library_path.dsv
[745.242s] -- Installing: /home/luka/ws_moveit/install/moveit_kinematics/share/ament_index/resource_index/package_run_dependencies/moveit_kinematics
[745.243s] -- Installing: /home/luka/ws_moveit/install/moveit_kinematics/share/ament_index/resource_index/parent_prefix_path/moveit_kinematics
[745.243s] -- Installing: /home/luka/ws_moveit/install/moveit_kinematics/share/moveit_kinematics/environment/ament_prefix_path.sh
[745.245s] -- Installing: /home/luka/ws_moveit/install/moveit_kinematics/share/moveit_kinematics/environment/ament_prefix_path.dsv
[745.245s] -- Installing: /home/luka/ws_moveit/install/moveit_kinematics/share/moveit_kinematics/environment/path.sh
[745.246s] -- Installing: /home/luka/ws_moveit/install/moveit_kinematics/share/moveit_kinematics/environment/path.dsv
[745.247s] -- Installing: /home/luka/ws_moveit/install/moveit_kinematics/share/moveit_kinematics/local_setup.bash
[745.248s] -- Installing: /home/luka/ws_moveit/install/moveit_kinematics/share/moveit_kinematics/local_setup.sh
[745.249s] -- Installing: /home/luka/ws_moveit/install/moveit_kinematics/share/moveit_kinematics/local_setup.zsh
[745.250s] -- Installing: /home/luka/ws_moveit/install/moveit_kinematics/share/moveit_kinematics/local_setup.dsv
[745.251s] -- Installing: /home/luka/ws_moveit/install/moveit_kinematics/share/moveit_kinematics/package.dsv
[745.252s] -- Installing: /home/luka/ws_moveit/install/moveit_kinematics/share/ament_index/resource_index/packages/moveit_kinematics
[745.252s] -- Installing: /home/luka/ws_moveit/install/moveit_kinematics/share/ament_index/resource_index/moveit_core__pluginlib__plugin/moveit_kinematics
[745.254s] -- Installing: /home/luka/ws_moveit/install/moveit_kinematics/share/moveit_kinematics/cmake/moveit_kinematicsTargetsExport.cmake
[745.255s] -- Installing: /home/luka/ws_moveit/install/moveit_kinematics/share/moveit_kinematics/cmake/moveit_kinematicsTargetsExport-release.cmake
[745.256s] -- Installing: /home/luka/ws_moveit/install/moveit_kinematics/share/moveit_kinematics/cmake/ConfigExtras.cmake
[745.257s] -- Installing: /home/luka/ws_moveit/install/moveit_kinematics/share/moveit_kinematics/cmake/ament_cmake_export_targets-extras.cmake
[745.258s] -- Installing: /home/luka/ws_moveit/install/moveit_kinematics/share/moveit_kinematics/cmake/ament_cmake_export_dependencies-extras.cmake
[745.258s] -- Installing: /home/luka/ws_moveit/install/moveit_kinematics/share/moveit_kinematics/cmake/moveit_kinematicsConfig.cmake
[745.259s] -- Installing: /home/luka/ws_moveit/install/moveit_kinematics/share/moveit_kinematics/cmake/moveit_kinematicsConfig-version.cmake
[745.260s] -- Installing: /home/luka/ws_moveit/install/moveit_kinematics/share/moveit_kinematics/package.xml
[745.271s] Invoked command in '/home/luka/ws_moveit/build/moveit_kinematics' returned '0': AMENT_PREFIX_PATH=/home/luka/ws_moveit/install/moveit_ros_planning:/home/luka/ws_moveit/install/moveit_ros_occupancy_map_monitor:/home/luka/ws_moveit/install/moveit_core:/home/luka/ws_moveit/install/moveit_resources_panda_moveit_config:/home/luka/ws_moveit/install/moveit_resources_fanuc_moveit_config:/home/luka/ws_moveit/install/moveit_resources_pr2_description:/home/luka/ws_moveit/install/moveit_resources_panda_description:/home/luka/ws_moveit/install/moveit_resources_fanuc_description:/home/luka/ws_moveit/install/moveit_msgs:/home/luka/ws_moveit/install/moveit_configs_utils:/home/luka/ws_moveit/install/moveit_common:${AMENT_PREFIX_PATH} CMAKE_PREFIX_PATH=/home/luka/ws_moveit/install/moveit_ros_planning:/home/luka/ws_moveit/install/moveit_ros_occupancy_map_monitor:/home/luka/ws_moveit/install/moveit_core:/home/luka/ws_moveit/install/moveit_resources_panda_moveit_config:/home/luka/ws_moveit/install/moveit_resources_fanuc_moveit_config:/home/luka/ws_moveit/install/moveit_resources_pr2_description:/home/luka/ws_moveit/install/moveit_resources_panda_description:/home/luka/ws_moveit/install/moveit_resources_fanuc_description:/home/luka/ws_moveit/install/moveit_msgs:/home/luka/ws_moveit/install/moveit_common:/opt/ros/jazzy/opt/gz_sim_vendor:/opt/ros/jazzy/opt/gz_sensors_vendor:/opt/ros/jazzy/opt/gz_physics_vendor:/opt/ros/jazzy/opt/sdformat_vendor:/opt/ros/jazzy/opt/gz_gui_vendor:/opt/ros/jazzy/opt/gz_transport_vendor:/opt/ros/jazzy/opt/gz_rendering_vendor:/opt/ros/jazzy/opt/gz_plugin_vendor:/opt/ros/jazzy/opt/gz_fuel_tools_vendor:/opt/ros/jazzy/opt/gz_msgs_vendor:/opt/ros/jazzy/opt/gz_common_vendor:/opt/ros/jazzy/opt/gz_math_vendor:/opt/ros/jazzy/opt/gz_utils_vendor:/opt/ros/jazzy/opt/gz_tools_vendor:/opt/ros/jazzy/opt/gz_ogre_next_vendor:/opt/ros/jazzy/opt/gz_dartsim_vendor:/opt/ros/jazzy/opt/gz_cmake_vendor:/opt/ros/jazzy DEBUGINFOD_URLS=https://debuginfod.ubuntu.com LD_LIBRARY_PATH=/home/luka/ws_moveit/install/moveit_ros_planning/lib:/home/luka/ws_moveit/install/moveit_ros_occupancy_map_monitor/lib:/home/luka/ws_moveit/install/moveit_core/lib:/home/luka/ws_moveit/install/moveit_msgs/lib:${LD_LIBRARY_PATH} PATH=/home/luka/ws_moveit/install/moveit_core/bin:${PATH} PYTHONPATH=/home/luka/ws_moveit/install/moveit_msgs/lib/python3.12/site-packages:/home/luka/ws_moveit/install/moveit_configs_utils/lib/python3.12/site-packages:${PYTHONPATH} /usr/bin/cmake --install /home/luka/ws_moveit/build/moveit_kinematics
