-- Found moveit_common: 2.14.1 (/home/luka/ws_moveit/install/moveit_common/share/moveit_common/cmake)
-- Found ament_cmake: 2.5.4 (/opt/ros/jazzy/share/ament_cmake/cmake)
-- Found angles: 1.16.1 (/opt/ros/jazzy/share/angles/cmake)
-- Found common_interfaces: 5.3.6 (/opt/ros/jazzy/share/common_interfaces/cmake)
-- Found eigen_stl_containers: 1.1.0 (/opt/ros/jazzy/share/eigen_stl_containers/cmake)
-- Found eigen3_cmake_module: 0.3.0 (/opt/ros/jazzy/share/eigen3_cmake_module/cmake)
-- Found generate_parameter_library: 0.5.0 (/opt/ros/jazzy/share/generate_parameter_library/cmake)
-- Found parameter_traits: 0.5.0 (/opt/ros/jazzy/share/parameter_traits/cmake)
-- Found rosidl_generator_c: 4.6.6 (/opt/ros/jazzy/share/rosidl_generator_c/cmake)
-- Found rosidl_generator_cpp: 4.6.6 (/opt/ros/jazzy/share/rosidl_generator_cpp/cmake)
-- Using all available rosidl_typesupport_c: rosidl_typesupport_fastrtps_c;rosidl_typesupport_introspection_c
-- Using all available rosidl_typesupport_cpp: rosidl_typesupport_fastrtps_cpp;rosidl_typesupport_introspection_cpp
-- Found rmw_implementation_cmake: 7.3.2 (/opt/ros/jazzy/share/rmw_implementation_cmake/cmake)
-- Found rmw_fastrtps_cpp: 8.4.3 (/opt/ros/jazzy/share/rmw_fastrtps_cpp/cmake)
-- Using RMW implementation 'rmw_fastrtps_cpp' as default
-- Found rclcpp_lifecycle: 28.1.13 (/opt/ros/jazzy/share/rclcpp_lifecycle/cmake)
-- Found geometric_shapes: 2.3.2 (/opt/ros/jazzy/share/geometric_shapes/cmake)
-- Found Boost: /usr/lib/x86_64-linux-gnu/cmake/Boost-1.83.0/BoostConfig.cmake (found version "1.83.0") found components: filesystem 
-- Found kdl_parser: 2.11.0 (/opt/ros/jazzy/share/kdl_parser/cmake)
-- Ensuring Eigen3 include directory is part of orocos-kdl CMake target
-- Found moveit_msgs: 2.7.1 (/home/luka/ws_moveit/install/moveit_msgs/share/moveit_msgs/cmake)
-- Found pluginlib: 5.4.3 (/opt/ros/jazzy/share/pluginlib/cmake)
-- Found srdfdom: 2.0.7 (/opt/ros/jazzy/share/srdfdom/cmake)
-- Found tf2_eigen: 0.36.16 (/opt/ros/jazzy/share/tf2_eigen/cmake)
-- Found tf2_geometry_msgs: 0.36.16 (/opt/ros/jazzy/share/tf2_geometry_msgs/cmake)
-- Found tf2_kdl: 0.36.16 (/opt/ros/jazzy/share/tf2_kdl/cmake)
-- Found Boost: /usr/lib/x86_64-linux-gnu/cmake/Boost-1.83.0/BoostConfig.cmake (found version "1.83.0") found components: chrono date_time filesystem iostreams program_options regex serialization system thread 
-- Found ament_cmake_gtest: 2.5.4 (/opt/ros/jazzy/share/ament_cmake_gtest/cmake)
-- Found gtest sources under '/opt/ros/jazzy/src/gtest_vendor': C++ tests using 'Google Test' will be built
-- Found gtest sources under '/opt/ros/jazzy/src/gtest_vendor': C++ tests using 'Google Test' will be built
-- Found gtest sources under '/opt/ros/jazzy/src/gtest_vendor': C++ tests using 'Google Test' will be built
-- Found ament_cmake_gtest: 2.5.4 (/opt/ros/jazzy/share/ament_cmake_gtest/cmake)
-- Found gtest sources under '/opt/ros/jazzy/src/gtest_vendor': C++ tests using 'Google Test' will be built
-- Found ament_cmake_gmock: 2.5.4 (/opt/ros/jazzy/share/ament_cmake_gmock/cmake)
-- Found gmock sources under '/opt/ros/jazzy/src/gmock_vendor': C++ tests using 'Google Mock' will be built
-- Found ament_cmake_gtest: 2.5.4 (/opt/ros/jazzy/share/ament_cmake_gtest/cmake)
-- Found gtest sources under '/opt/ros/jazzy/src/gtest_vendor': C++ tests using 'Google Test' will be built
-- Found ament_cmake_gtest: 2.5.4 (/opt/ros/jazzy/share/ament_cmake_gtest/cmake)
-- Found gtest sources under '/opt/ros/jazzy/src/gtest_vendor': C++ tests using 'Google Test' will be built
-- Found ament_cmake_gtest: 2.5.4 (/opt/ros/jazzy/share/ament_cmake_gtest/cmake)
-- Found gtest sources under '/opt/ros/jazzy/src/gtest_vendor': C++ tests using 'Google Test' will be built
-- Found ament_cmake_gtest: 2.5.4 (/opt/ros/jazzy/share/ament_cmake_gtest/cmake)
-- Found gtest sources under '/opt/ros/jazzy/src/gtest_vendor': C++ tests using 'Google Test' will be built
-- Found ament_cmake_gtest: 2.5.4 (/opt/ros/jazzy/share/ament_cmake_gtest/cmake)
-- Found gtest sources under '/opt/ros/jazzy/src/gtest_vendor': C++ tests using 'Google Test' will be built
-- Found ament_cmake_gtest: 2.5.4 (/opt/ros/jazzy/share/ament_cmake_gtest/cmake)
-- Found gtest sources under '/opt/ros/jazzy/src/gtest_vendor': C++ tests using 'Google Test' will be built
-- Found ament_cmake_google_benchmark: 2.5.4 (/opt/ros/jazzy/share/ament_cmake_google_benchmark/cmake)
-- Found ament_cmake_gtest: 2.5.4 (/opt/ros/jazzy/share/ament_cmake_gtest/cmake)
-- Found gmock sources under '/opt/ros/jazzy/src/gmock_vendor': C++ tests using 'Google Mock' will be built
-- Found gtest sources under '/opt/ros/jazzy/src/gtest_vendor': C++ tests using 'Google Test' will be built
-- Performance tests are disabled by default, so Google Benchmark tests will be skipped. To enable these tests, set the CMake variable 'AMENT_RUN_PERFORMANCE_TESTS'.
-- Found gtest sources under '/opt/ros/jazzy/src/gtest_vendor': C++ tests using 'Google Test' will be built
-- Found ament_cmake_google_benchmark: 2.5.4 (/opt/ros/jazzy/share/ament_cmake_google_benchmark/cmake)
-- Found ament_cmake_gtest: 2.5.4 (/opt/ros/jazzy/share/ament_cmake_gtest/cmake)
-- Found gtest sources under '/opt/ros/jazzy/src/gtest_vendor': C++ tests using 'Google Test' will be built
-- Performance tests are disabled by default, so Google Benchmark tests will be skipped. To enable these tests, set the CMake variable 'AMENT_RUN_PERFORMANCE_TESTS'.
-- Found ament_cmake_gtest: 2.5.4 (/opt/ros/jazzy/share/ament_cmake_gtest/cmake)
-- Found gtest sources under '/opt/ros/jazzy/src/gtest_vendor': C++ tests using 'Google Test' will be built
-- Found launch_testing_ament_cmake: 3.4.9 (/opt/ros/jazzy/share/launch_testing_ament_cmake/cmake)
-- Found python_cmake_module: 0.11.1 (/opt/ros/jazzy/share/python_cmake_module/cmake)
--  *** Building MoveIt 2.14.1 devel ***
-- Configuring done (6.0s)
-- Generating done (2.6s)
-- Build files have been written to: /home/luka/ws_moveit/build/moveit_core
[  1%] [32m[1mLinking CXX shared library libmoveit_utils.so[0m
[  3%] Built target moveit_utils
[  4%] Built target gmock
[  6%] Built target gmock_main
[  8%] Built target moveit_smoothing_base
[  9%] Built target moveit_acceleration_filter_parameters
[ 10%] Built target moveit_butterworth_filter_parameters
[ 11%] Built target moveit_ruckig_filter_parameters
[ 12%] [32m[1mLinking CXX executable logger_dut[0m
[ 12%] Built target logger_dut
[ 13%] [34m[1mGenerate version header[0m
[ 14%] [34m[1mGenerating version.hpp[0m
[ 14%] Built target version_hpp
[ 15%] [32m[1mLinking CXX shared library libmoveit_exceptions.so[0m
[ 16%] Built target moveit_exceptions
[ 17%] [32m[1mLinking CXX shared library libmoveit_transforms.so[0m
[ 17%] Built target moveit_transforms
[ 17%] [32m[1mLinking CXX shared library libmoveit_distance_field.so[0m
[ 19%] Built target moveit_distance_field
[ 20%] Built target moveit_version
[ 20%] [32m[1mLinking CXX shared library libmoveit_robot_model.so[0m
[ 26%] Built target moveit_robot_model
[ 27%] Built target gtest_main
[ 27%] [32m[1mLinking CXX shared library libmoveit_butterworth_filter.so[0m
[ 28%] Built target moveit_butterworth_filter
[ 28%] [32m[1mLinking CXX shared library libmoveit_kinematics_base.so[0m
[ 29%] Built target moveit_kinematics_base
[ 30%] Built target gtest
[ 31%] [32m[1mLinking CXX shared library libmoveit_test_utils.so[0m
[ 31%] Built target moveit_test_utils
[ 32%] [32m[1mLinking CXX executable test_distance_field[0m
[ 32%] Built target test_distance_field
[ 33%] [32m[1mLinking CXX executable test_butterworth_filter[0m
[ 33%] Built target test_butterworth_filter
[ 33%] [32m[1mLinking CXX executable test_robot_model[0m
[ 34%] Built target test_robot_model
[ 34%] [32m[1mLinking CXX executable test_transforms[0m
[ 35%] Built target test_transforms
[ 35%] [32m[1mLinking CXX executable test_voxel_grid[0m
[ 36%] Built target test_voxel_grid
[ 36%] [32m[1mLinking CXX shared library libmoveit_robot_state.so[0m
[ 39%] Built target moveit_robot_state
[ 40%] [32m[1mLinking CXX shared library libmoveit_collision_detection.so[0m
[ 45%] Built target moveit_collision_detection
[ 45%] [32m[1mLinking CXX shared library libmoveit_kinematics_metrics.so[0m
[ 46%] Built target moveit_kinematics_metrics
[ 47%] [32m[1mLinking CXX shared library libmoveit_acceleration_filter.so[0m
[ 47%] Built target moveit_acceleration_filter
[ 47%] [32m[1mLinking CXX shared library libmoveit_ruckig_filter.so[0m
[ 48%] Built target moveit_ruckig_filter
[ 49%] [32m[1mLinking CXX executable test_robot_state[0m
[ 50%] Built target test_robot_state
[ 51%] [32m[1mLinking CXX executable test_robot_state_complex[0m
[ 51%] Built target test_robot_state_complex
[ 51%] [32m[1mLinking CXX executable test_aabb[0m
[ 52%] Built target test_aabb
[ 53%] [32m[1mLinking CXX executable test_cartesian_interpolator[0m
[ 53%] Built target test_cartesian_interpolator
[ 54%] [32m[1mLinking CXX executable robot_state_benchmark[0m
[ 54%] Built target robot_state_benchmark
[ 54%] [32m[1mLinking CXX shared library libmoveit_collision_detection_bullet.so[0m
[ 58%] Built target moveit_collision_detection_bullet
[ 59%] [32m[1mLinking CXX shared library libmoveit_collision_detection_fcl.so[0m
[ 60%] Built target moveit_collision_detection_fcl
[ 60%] [32m[1mLinking CXX executable test_world[0m
[ 61%] Built target test_world
[ 61%] [32m[1mLinking CXX executable test_world_diff[0m
[ 62%] Built target test_world_diff
[ 62%] [32m[1mLinking CXX executable test_all_valid[0m
[ 63%] Built target test_all_valid
[ 63%] [32m[1mLinking CXX executable test_acceleration_filter[0m
[ 64%] Built target test_acceleration_filter
[ 64%] [32m[1mLinking CXX shared library libmoveit_kinematic_constraints.so[0m
[ 65%] Built target moveit_kinematic_constraints
[ 66%] [32m[1mLinking CXX executable test_bullet_collision_detection[0m
[ 67%] Built target test_bullet_collision_detection
[ 68%] [32m[1mLinking CXX executable test_bullet_collision_detection_panda[0m
[ 68%] Built target test_bullet_collision_detection_panda
[ 69%] [32m[1mLinking CXX executable test_bullet_continuous_collision_checking[0m
[ 69%] Built target test_bullet_continuous_collision_checking
[ 70%] [32m[1mLinking CXX executable test_fcl_collision_env[0m
[ 70%] Built target test_fcl_collision_env
[ 71%] [32m[1mLinking CXX executable test_fcl_collision_detection[0m
[ 71%] Built target test_fcl_collision_detection
[ 72%] [32m[1mLinking CXX executable test_fcl_collision_detection_panda[0m
[ 72%] Built target test_fcl_collision_detection_panda
[ 73%] [32m[1mLinking CXX executable test_constraints[0m
[ 74%] Built target test_constraints
[ 74%] [32m[1mLinking CXX executable test_orientation_constraints[0m
[ 75%] Built target test_orientation_constraints
[ 75%] [32m[1mLinking CXX shared library libmoveit_dynamics_solver.so[0m
[ 76%] Built target moveit_dynamics_solver
[ 76%] [32m[1mLinking CXX shared library libmoveit_robot_trajectory.so[0m
[ 77%] Built target moveit_robot_trajectory
[ 78%] [32m[1mLinking CXX shared library libmoveit_trajectory_processing.so[0m
[ 79%] Built target moveit_trajectory_processing
[ 80%] [32m[1mLinking CXX executable test_robot_trajectory[0m
[ 80%] Built target test_robot_trajectory
[ 81%] [32m[1mLinking CXX executable test_ruckig_traj_smoothing[0m
[ 81%] Built target test_ruckig_traj_smoothing
[ 81%] [32m[1mLinking CXX executable robot_trajectory_benchmark[0m
[ 82%] Built target robot_trajectory_benchmark
[ 83%] [32m[1mLinking CXX executable test_time_optimal_trajectory_generation[0m
[ 83%] Built target test_time_optimal_trajectory_generation
[ 83%] [32m[1mLinking CXX shared library libmoveit_planning_scene.so[0m
[ 84%] Built target moveit_planning_scene
[ 85%] [32m[1mLinking CXX shared library libcollision_detector_bullet_plugin.so[0m
[ 85%] Built target collision_detector_bullet_plugin
[ 85%] [32m[1mLinking CXX shared library libmoveit_constraint_samplers.so[0m
[ 88%] Built target moveit_constraint_samplers
[ 88%] [32m[1mLinking CXX shared library libmoveit_planning_interface.so[0m
[ 90%] Built target moveit_planning_interface
[ 90%] [32m[1mLinking CXX executable test_planning_scene[0m
[ 91%] Built target test_planning_scene
[ 91%] [32m[1mLinking CXX executable test_collision_objects[0m
[ 92%] Built target test_collision_objects
[ 92%] [32m[1mLinking CXX executable test_multi_threaded[0m
[ 93%] Built target test_multi_threaded
[ 93%] [32m[1mLinking CXX executable test_constraint_samplers[0m
[ 95%] Built target test_constraint_samplers
[ 96%] [32m[1mLinking CXX shared library libmoveit_collision_distance_field.so[0m
[ 98%] Built target moveit_collision_distance_field
[ 99%] [32m[1mLinking CXX shared library libcollision_detector_fcl_plugin.so[0m
[ 99%] Built target collision_detector_fcl_plugin
[ 99%] [32m[1mLinking CXX executable test_collision_distance_field[0m
[100%] Built target test_collision_distance_field
-- Install configuration: "Release"
-- Up-to-date: /home/luka/ws_moveit/install/moveit_core/include/moveit_core
-- Up-to-date: /home/luka/ws_moveit/install/moveit_core/include/moveit_core/moveit
-- Up-to-date: /home/luka/ws_moveit/install/moveit_core/include/moveit_core/moveit/collision_detection_bullet
-- Up-to-date: /home/luka/ws_moveit/install/moveit_core/include/moveit_core/moveit/collision_detection_bullet/collision_env_bullet.hpp
-- Up-to-date: /home/luka/ws_moveit/install/moveit_core/include/moveit_core/moveit/collision_detection_bullet/collision_detector_bullet_plugin_loader.hpp
-- Up-to-date: /home/luka/ws_moveit/install/moveit_core/include/moveit_core/moveit/collision_detection_bullet/collision_env_bullet.h
-- Up-to-date: /home/luka/ws_moveit/install/moveit_core/include/moveit_core/moveit/collision_detection_bullet/bullet_integration
-- Up-to-date: /home/luka/ws_moveit/install/moveit_core/include/moveit_core/moveit/collision_detection_bullet/bullet_integration/bullet_utils.h
-- Up-to-date: /home/luka/ws_moveit/install/moveit_core/include/moveit_core/moveit/collision_detection_bullet/bullet_integration/contact_checker_common.h
-- Up-to-date: /home/luka/ws_moveit/install/moveit_core/include/moveit_core/moveit/collision_detection_bullet/bullet_integration/bullet_bvh_manager.h
-- Up-to-date: /home/luka/ws_moveit/install/moveit_core/include/moveit_core/moveit/collision_detection_bullet/bullet_integration/bullet_cast_bvh_manager.h
-- Up-to-date: /home/luka/ws_moveit/install/moveit_core/include/moveit_core/moveit/collision_detection_bullet/bullet_integration/bullet_utils.hpp
-- Up-to-date: /home/luka/ws_moveit/install/moveit_core/include/moveit_core/moveit/collision_detection_bullet/bullet_integration/bullet_discrete_bvh_manager.hpp
-- Up-to-date: /home/luka/ws_moveit/install/moveit_core/include/moveit_core/moveit/collision_detection_bullet/bullet_integration/basic_types.h
-- Up-to-date: /home/luka/ws_moveit/install/moveit_core/include/moveit_core/moveit/collision_detection_bullet/bullet_integration/ros_bullet_utils.h
-- Up-to-date: /home/luka/ws_moveit/install/moveit_core/include/moveit_core/moveit/collision_detection_bullet/bullet_integration/bullet_bvh_manager.hpp
-- Up-to-date: /home/luka/ws_moveit/install/moveit_core/include/moveit_core/moveit/collision_detection_bullet/bullet_integration/basic_types.hpp
-- Up-to-date: /home/luka/ws_moveit/install/moveit_core/include/moveit_core/moveit/collision_detection_bullet/bullet_integration/bullet_cast_bvh_manager.hpp
-- Up-to-date: /home/luka/ws_moveit/install/moveit_core/include/moveit_core/moveit/collision_detection_bullet/bullet_integration/bullet_discrete_bvh_manager.h
-- Up-to-date: /home/luka/ws_moveit/install/moveit_core/include/moveit_core/moveit/collision_detection_bullet/bullet_integration/contact_checker_common.hpp
-- Up-to-date: /home/luka/ws_moveit/install/moveit_core/include/moveit_core/moveit/collision_detection_bullet/bullet_integration/ros_bullet_utils.hpp
-- Up-to-date: /home/luka/ws_moveit/install/moveit_core/include/moveit_core/moveit/collision_detection_bullet/collision_detector_allocator_bullet.hpp
-- Up-to-date: /home/luka/ws_moveit/install/moveit_core/include/moveit_core/moveit/collision_detection_bullet/collision_detector_allocator_bullet.h
-- Up-to-date: /home/luka/ws_moveit/install/moveit_core/include/moveit_core/moveit/collision_detection_bullet/collision_detector_bullet_plugin_loader.h
-- Up-to-date: /home/luka/ws_moveit/install/moveit_core/include/moveit_core/moveit_collision_detection_bullet_export.h
-- Up-to-date: /home/luka/ws_moveit/install/moveit_core/include/moveit_core
-- Up-to-date: /home/luka/ws_moveit/install/moveit_core/include/moveit_core/moveit
-- Up-to-date: /home/luka/ws_moveit/install/moveit_core/include/moveit_core/moveit/collision_detection_fcl
-- Up-to-date: /home/luka/ws_moveit/install/moveit_core/include/moveit_core/moveit/collision_detection_fcl/collision_env_fcl.h
-- Up-to-date: /home/luka/ws_moveit/install/moveit_core/include/moveit_core/moveit/collision_detection_fcl/collision_detector_allocator_fcl.h
-- Up-to-date: /home/luka/ws_moveit/install/moveit_core/include/moveit_core/moveit/collision_detection_fcl/fcl_compat.h
-- Up-to-date: /home/luka/ws_moveit/install/moveit_core/include/moveit_core/moveit/collision_detection_fcl/collision_detector_fcl_plugin_loader.h
-- Up-to-date: /home/luka/ws_moveit/install/moveit_core/include/moveit_core/moveit/collision_detection_fcl/collision_common.hpp
-- Up-to-date: /home/luka/ws_moveit/install/moveit_core/include/moveit_core/moveit/collision_detection_fcl/collision_detector_fcl_plugin_loader.hpp
-- Up-to-date: /home/luka/ws_moveit/install/moveit_core/include/moveit_core/moveit/collision_detection_fcl/fcl_compat.hpp
-- Up-to-date: /home/luka/ws_moveit/install/moveit_core/include/moveit_core/moveit/collision_detection_fcl/collision_env_fcl.hpp
-- Up-to-date: /home/luka/ws_moveit/install/moveit_core/include/moveit_core/moveit/collision_detection_fcl/collision_common.h
-- Up-to-date: /home/luka/ws_moveit/install/moveit_core/include/moveit_core/moveit/collision_detection_fcl/collision_detector_allocator_fcl.hpp
-- Up-to-date: /home/luka/ws_moveit/install/moveit_core/include/moveit_core/moveit_collision_detection_fcl_export.h
-- Up-to-date: /home/luka/ws_moveit/install/moveit_core/include/moveit_core
-- Up-to-date: /home/luka/ws_moveit/install/moveit_core/include/moveit_core/moveit
-- Up-to-date: /home/luka/ws_moveit/install/moveit_core/include/moveit_core/moveit/collision_detection
-- Up-to-date: /home/luka/ws_moveit/install/moveit_core/include/moveit_core/moveit/collision_detection/collision_detector_allocator.hpp
-- Up-to-date: /home/luka/ws_moveit/install/moveit_core/include/moveit_core/moveit/collision_detection/collision_tools.hpp
-- Up-to-date: /home/luka/ws_moveit/install/moveit_core/include/moveit_core/moveit/collision_detection/test_collision_common_panda.h
-- Up-to-date: /home/luka/ws_moveit/install/moveit_core/include/moveit_core/moveit/collision_detection/collision_matrix.h
-- Up-to-date: /home/luka/ws_moveit/install/moveit_core/include/moveit_core/moveit/collision_detection/allvalid
-- Up-to-date: /home/luka/ws_moveit/install/moveit_core/include/moveit_core/moveit/collision_detection/allvalid/collision_env_allvalid.hpp
-- Up-to-date: /home/luka/ws_moveit/install/moveit_core/include/moveit_core/moveit/collision_detection/allvalid/collision_detector_allocator_allvalid.hpp
-- Up-to-date: /home/luka/ws_moveit/install/moveit_core/include/moveit_core/moveit/collision_detection/allvalid/collision_detector_allocator_allvalid.h
-- Up-to-date: /home/luka/ws_moveit/install/moveit_core/include/moveit_core/moveit/collision_detection/allvalid/collision_env_allvalid.h
-- Up-to-date: /home/luka/ws_moveit/install/moveit_core/include/moveit_core/moveit/collision_detection/test_collision_common_pr2.h
-- Up-to-date: /home/luka/ws_moveit/install/moveit_core/include/moveit_core/moveit/collision_detection/collision_matrix.hpp
-- Up-to-date: /home/luka/ws_moveit/install/moveit_core/include/moveit_core/moveit/collision_detection/collision_tools.h
-- Up-to-date: /home/luka/ws_moveit/install/moveit_core/include/moveit_core/moveit/collision_detection/collision_common.hpp
-- Up-to-date: /home/luka/ws_moveit/install/moveit_core/include/moveit_core/moveit/collision_detection/world_diff.h
-- Up-to-date: /home/luka/ws_moveit/install/moveit_core/include/moveit_core/moveit/collision_detection/world.h
-- Up-to-date: /home/luka/ws_moveit/install/moveit_core/include/moveit_core/moveit/collision_detection/occupancy_map.hpp
-- Up-to-date: /home/luka/ws_moveit/install/moveit_core/include/moveit_core/moveit/collision_detection/collision_plugin_cache.hpp
-- Up-to-date: /home/luka/ws_moveit/install/moveit_core/include/moveit_core/moveit/collision_detection/collision_detector_allocator.h
-- Up-to-date: /home/luka/ws_moveit/install/moveit_core/include/moveit_core/moveit/collision_detection/collision_plugin.h
-- Up-to-date: /home/luka/ws_moveit/install/moveit_core/include/moveit_core/moveit/collision_detection/collision_plugin.hpp
-- Up-to-date: /home/luka/ws_moveit/install/moveit_core/include/moveit_core/moveit/collision_detection/collision_octomap_filter.hpp
-- Up-to-date: /home/luka/ws_moveit/install/moveit_core/include/moveit_core/moveit/collision_detection/collision_env.hpp
-- Up-to-date: /home/luka/ws_moveit/install/moveit_core/include/moveit_core/moveit/collision_detection/test_collision_common_panda.hpp
-- Up-to-date: /home/luka/ws_moveit/install/moveit_core/include/moveit_core/moveit/collision_detection/collision_env.h
-- Up-to-date: /home/luka/ws_moveit/install/moveit_core/include/moveit_core/moveit/collision_detection/world_diff.hpp
-- Up-to-date: /home/luka/ws_moveit/install/moveit_core/include/moveit_core/moveit/collision_detection/test_collision_common_pr2.hpp
-- Up-to-date: /home/luka/ws_moveit/install/moveit_core/include/moveit_core/moveit/collision_detection/collision_octomap_filter.h
-- Up-to-date: /home/luka/ws_moveit/install/moveit_core/include/moveit_core/moveit/collision_detection/collision_plugin_cache.h
-- Up-to-date: /home/luka/ws_moveit/install/moveit_core/include/moveit_core/moveit/collision_detection/collision_common.h
-- Up-to-date: /home/luka/ws_moveit/install/moveit_core/include/moveit_core/moveit/collision_detection/world.hpp
-- Up-to-date: /home/luka/ws_moveit/install/moveit_core/include/moveit_core/moveit/collision_detection/occupancy_map.h
-- Up-to-date: /home/luka/ws_moveit/install/moveit_core/include/moveit_core/moveit_collision_detection_export.h
-- Up-to-date: /home/luka/ws_moveit/install/moveit_core/include/moveit_core
-- Up-to-date: /home/luka/ws_moveit/install/moveit_core/include/moveit_core/moveit
-- Up-to-date: /home/luka/ws_moveit/install/moveit_core/include/moveit_core/moveit/collision_distance_field
-- Up-to-date: /home/luka/ws_moveit/install/moveit_core/include/moveit_core/moveit/collision_distance_field/collision_detector_allocator_distance_field.h
-- Up-to-date: /home/luka/ws_moveit/install/moveit_core/include/moveit_core/moveit/collision_distance_field/collision_distance_field_types.hpp
-- Up-to-date: /home/luka/ws_moveit/install/moveit_core/include/moveit_core/moveit/collision_distance_field/collision_detector_allocator_distance_field.hpp
-- Up-to-date: /home/luka/ws_moveit/install/moveit_core/include/moveit_core/moveit/collision_distance_field/collision_detector_allocator_hybrid.h
-- Up-to-date: /home/luka/ws_moveit/install/moveit_core/include/moveit_core/moveit/collision_distance_field/collision_common_distance_field.h
-- Up-to-date: /home/luka/ws_moveit/install/moveit_core/include/moveit_core/moveit/collision_distance_field/collision_env_distance_field.h
-- Up-to-date: /home/luka/ws_moveit/install/moveit_core/include/moveit_core/moveit/collision_distance_field/collision_common_distance_field.hpp
-- Up-to-date: /home/luka/ws_moveit/install/moveit_core/include/moveit_core/moveit/collision_distance_field/collision_env_hybrid.h
-- Up-to-date: /home/luka/ws_moveit/install/moveit_core/include/moveit_core/moveit/collision_distance_field/collision_env_hybrid.hpp
-- Up-to-date: /home/luka/ws_moveit/install/moveit_core/include/moveit_core/moveit/collision_distance_field/collision_distance_field_types.h
-- Up-to-date: /home/luka/ws_moveit/install/moveit_core/include/moveit_core/moveit/collision_distance_field/collision_env_distance_field.hpp
-- Up-to-date: /home/luka/ws_moveit/install/moveit_core/include/moveit_core/moveit/collision_distance_field/collision_detector_allocator_hybrid.hpp
-- Up-to-date: /home/luka/ws_moveit/install/moveit_core/include/moveit_core/moveit_collision_distance_field_export.h
-- Up-to-date: /home/luka/ws_moveit/install/moveit_core/include/moveit_core
-- Up-to-date: /home/luka/ws_moveit/install/moveit_core/include/moveit_core/moveit
-- Up-to-date: /home/luka/ws_moveit/install/moveit_core/include/moveit_core/moveit/constraint_samplers
-- Up-to-date: /home/luka/ws_moveit/install/moveit_core/include/moveit_core/moveit/constraint_samplers/constraint_sampler_allocator.h
-- Up-to-date: /home/luka/ws_moveit/install/moveit_core/include/moveit_core/moveit/constraint_samplers/constraint_sampler_tools.h
-- Up-to-date: /home/luka/ws_moveit/install/moveit_core/include/moveit_core/moveit/constraint_samplers/union_constraint_sampler.hpp
-- Up-to-date: /home/luka/ws_moveit/install/moveit_core/include/moveit_core/moveit/constraint_samplers/constraint_sampler_manager.h
-- Up-to-date: /home/luka/ws_moveit/install/moveit_core/include/moveit_core/moveit/constraint_samplers/constraint_sampler_manager.hpp
-- Up-to-date: /home/luka/ws_moveit/install/moveit_core/include/moveit_core/moveit/constraint_samplers/union_constraint_sampler.h
-- Up-to-date: /home/luka/ws_moveit/install/moveit_core/include/moveit_core/moveit/constraint_samplers/constraint_sampler_tools.hpp
-- Up-to-date: /home/luka/ws_moveit/install/moveit_core/include/moveit_core/moveit/constraint_samplers/default_constraint_samplers.hpp
-- Up-to-date: /home/luka/ws_moveit/install/moveit_core/include/moveit_core/moveit/constraint_samplers/constraint_sampler.hpp
-- Up-to-date: /home/luka/ws_moveit/install/moveit_core/include/moveit_core/moveit/constraint_samplers/constraint_sampler_allocator.hpp
-- Up-to-date: /home/luka/ws_moveit/install/moveit_core/include/moveit_core/moveit/constraint_samplers/default_constraint_samplers.h
-- Up-to-date: /home/luka/ws_moveit/install/moveit_core/include/moveit_core/moveit/constraint_samplers/constraint_sampler.h
-- Up-to-date: /home/luka/ws_moveit/install/moveit_core/include/moveit_core
-- Up-to-date: /home/luka/ws_moveit/install/moveit_core/include/moveit_core/moveit
-- Up-to-date: /home/luka/ws_moveit/install/moveit_core/include/moveit_core/moveit/controller_manager
-- Up-to-date: /home/luka/ws_moveit/install/moveit_core/include/moveit_core/moveit/controller_manager/controller_manager.hpp
-- Up-to-date: /home/luka/ws_moveit/install/moveit_core/include/moveit_core/moveit/controller_manager/controller_manager.h
-- Up-to-date: /home/luka/ws_moveit/install/moveit_core/include/moveit_core
-- Up-to-date: /home/luka/ws_moveit/install/moveit_core/include/moveit_core/moveit
-- Up-to-date: /home/luka/ws_moveit/install/moveit_core/include/moveit_core/moveit/distance_field
-- Up-to-date: /home/luka/ws_moveit/install/moveit_core/include/moveit_core/moveit/distance_field/voxel_grid.hpp
-- Up-to-date: /home/luka/ws_moveit/install/moveit_core/include/moveit_core/moveit/distance_field/find_internal_points.hpp
-- Up-to-date: /home/luka/ws_moveit/install/moveit_core/include/moveit_core/moveit/distance_field/voxel_grid.h
-- Up-to-date: /home/luka/ws_moveit/install/moveit_core/include/moveit_core/moveit/distance_field/propagation_distance_field.hpp
-- Up-to-date: /home/luka/ws_moveit/install/moveit_core/include/moveit_core/moveit/distance_field/distance_field.h
-- Up-to-date: /home/luka/ws_moveit/install/moveit_core/include/moveit_core/moveit/distance_field/propagation_distance_field.h
-- Up-to-date: /home/luka/ws_moveit/install/moveit_core/include/moveit_core/moveit/distance_field/find_internal_points.h
-- Up-to-date: /home/luka/ws_moveit/install/moveit_core/include/moveit_core/moveit/distance_field/distance_field.hpp
-- Up-to-date: /home/luka/ws_moveit/install/moveit_core/include/moveit_core
-- Up-to-date: /home/luka/ws_moveit/install/moveit_core/include/moveit_core/moveit
-- Up-to-date: /home/luka/ws_moveit/install/moveit_core/include/moveit_core/moveit/dynamics_solver
-- Up-to-date: /home/luka/ws_moveit/install/moveit_core/include/moveit_core/moveit/dynamics_solver/dynamics_solver.hpp
-- Up-to-date: /home/luka/ws_moveit/install/moveit_core/include/moveit_core/moveit/dynamics_solver/dynamics_solver.h
-- Up-to-date: /home/luka/ws_moveit/install/moveit_core/include/moveit_core
-- Up-to-date: /home/luka/ws_moveit/install/moveit_core/include/moveit_core/moveit
-- Up-to-date: /home/luka/ws_moveit/install/moveit_core/include/moveit_core/moveit/exceptions
-- Up-to-date: /home/luka/ws_moveit/install/moveit_core/include/moveit_core/moveit/exceptions/exceptions.h
-- Up-to-date: /home/luka/ws_moveit/install/moveit_core/include/moveit_core/moveit/exceptions/exceptions.hpp
-- Up-to-date: /home/luka/ws_moveit/install/moveit_core/include/moveit_core
-- Up-to-date: /home/luka/ws_moveit/install/moveit_core/include/moveit_core/moveit
-- Up-to-date: /home/luka/ws_moveit/install/moveit_core/include/moveit_core/moveit/kinematic_constraints
-- Up-to-date: /home/luka/ws_moveit/install/moveit_core/include/moveit_core/moveit/kinematic_constraints/utils.h
-- Up-to-date: /home/luka/ws_moveit/install/moveit_core/include/moveit_core/moveit/kinematic_constraints/kinematic_constraint.hpp
-- Up-to-date: /home/luka/ws_moveit/install/moveit_core/include/moveit_core/moveit/kinematic_constraints/utils.hpp
-- Up-to-date: /home/luka/ws_moveit/install/moveit_core/include/moveit_core/moveit/kinematic_constraints/kinematic_constraint.h
-- Up-to-date: /home/luka/ws_moveit/install/moveit_core/include/moveit_core
-- Up-to-date: /home/luka/ws_moveit/install/moveit_core/include/moveit_core/moveit
-- Up-to-date: /home/luka/ws_moveit/install/moveit_core/include/moveit_core/moveit/kinematics_base
-- Up-to-date: /home/luka/ws_moveit/install/moveit_core/include/moveit_core/moveit/kinematics_base/kinematics_base.h
-- Up-to-date: /home/luka/ws_moveit/install/moveit_core/include/moveit_core/moveit/kinematics_base/kinematics_base.hpp
-- Up-to-date: /home/luka/ws_moveit/install/moveit_core/include/moveit_core/moveit_kinematics_base_export.h
-- Up-to-date: /home/luka/ws_moveit/install/moveit_core/include/moveit_core
-- Up-to-date: /home/luka/ws_moveit/install/moveit_core/include/moveit_core/moveit
-- Up-to-date: /home/luka/ws_moveit/install/moveit_core/include/moveit_core/moveit/kinematics_metrics
-- Up-to-date: /home/luka/ws_moveit/install/moveit_core/include/moveit_core/moveit/kinematics_metrics/kinematics_metrics.hpp
-- Up-to-date: /home/luka/ws_moveit/install/moveit_core/include/moveit_core/moveit/kinematics_metrics/kinematics_metrics.h
-- Up-to-date: /home/luka/ws_moveit/install/moveit_core/include/moveit_core
-- Up-to-date: /home/luka/ws_moveit/install/moveit_core/include/moveit_core/moveit
-- Up-to-date: /home/luka/ws_moveit/install/moveit_core/include/moveit_core/moveit/macros
-- Up-to-date: /home/luka/ws_moveit/install/moveit_core/include/moveit_core/moveit/macros/class_forward.hpp
-- Up-to-date: /home/luka/ws_moveit/install/moveit_core/include/moveit_core/moveit/macros/console_colors.hpp
-- Up-to-date: /home/luka/ws_moveit/install/moveit_core/include/moveit_core/moveit/macros/declare_ptr.hpp
-- Up-to-date: /home/luka/ws_moveit/install/moveit_core/include/moveit_core/moveit/macros/class_forward.h
-- Up-to-date: /home/luka/ws_moveit/install/moveit_core/include/moveit_core/moveit/macros/declare_ptr.h
-- Up-to-date: /home/luka/ws_moveit/install/moveit_core/include/moveit_core/moveit/macros/console_colors.h
-- Up-to-date: /home/luka/ws_moveit/install/moveit_core/include/moveit_core
-- Up-to-date: /home/luka/ws_moveit/install/moveit_core/include/moveit_core/moveit_butterworth_filter_parameters.hpp
-- Up-to-date: /home/luka/ws_moveit/install/moveit_core/include/moveit_core/moveit_acceleration_filter_parameters.hpp
-- Up-to-date: /home/luka/ws_moveit/install/moveit_core/include/moveit_core/moveit_ruckig_filter_parameters.hpp
-- Up-to-date: /home/luka/ws_moveit/install/moveit_core/include/moveit_core
-- Up-to-date: /home/luka/ws_moveit/install/moveit_core/include/moveit_core/moveit_butterworth_filter_parameters.hpp
-- Up-to-date: /home/luka/ws_moveit/install/moveit_core/include/moveit_core/moveit_acceleration_filter_parameters.hpp
-- Up-to-date: /home/luka/ws_moveit/install/moveit_core/include/moveit_core/moveit_ruckig_filter_parameters.hpp
-- Up-to-date: /home/luka/ws_moveit/install/moveit_core/include/moveit_core
-- Up-to-date: /home/luka/ws_moveit/install/moveit_core/include/moveit_core/moveit_butterworth_filter_parameters.hpp
-- Up-to-date: /home/luka/ws_moveit/install/moveit_core/include/moveit_core/moveit_acceleration_filter_parameters.hpp
-- Up-to-date: /home/luka/ws_moveit/install/moveit_core/include/moveit_core/moveit_ruckig_filter_parameters.hpp
-- Up-to-date: /home/luka/ws_moveit/install/moveit_core/include/moveit_core
-- Up-to-date: /home/luka/ws_moveit/install/moveit_core/include/moveit_core/moveit
-- Up-to-date: /home/luka/ws_moveit/install/moveit_core/include/moveit_core/moveit/online_signal_smoothing
-- Up-to-date: /home/luka/ws_moveit/install/moveit_core/include/moveit_core/moveit/online_signal_smoothing/butterworth_filter.hpp
-- Up-to-date: /home/luka/ws_moveit/install/moveit_core/include/moveit_core/moveit/online_signal_smoothing/ruckig_filter.hpp
-- Up-to-date: /home/luka/ws_moveit/install/moveit_core/include/moveit_core/moveit/online_signal_smoothing/ruckig_filter.h
-- Up-to-date: /home/luka/ws_moveit/install/moveit_core/include/moveit_core/moveit/online_signal_smoothing/acceleration_filter.h
-- Up-to-date: /home/luka/ws_moveit/install/moveit_core/include/moveit_core/moveit/online_signal_smoothing/smoothing_base_class.h
-- Up-to-date: /home/luka/ws_moveit/install/moveit_core/include/moveit_core/moveit/online_signal_smoothing/butterworth_filter.h
-- Up-to-date: /home/luka/ws_moveit/install/moveit_core/include/moveit_core/moveit/online_signal_smoothing/acceleration_filter.hpp
-- Up-to-date: /home/luka/ws_moveit/install/moveit_core/include/moveit_core/moveit/online_signal_smoothing/smoothing_base_class.hpp
-- Up-to-date: /home/luka/ws_moveit/install/moveit_core/include/moveit_core/moveit_smoothing_base_export.h
-- Up-to-date: /home/luka/ws_moveit/install/moveit_core/include/moveit_core/moveit_acceleration_filter_export.h
-- Up-to-date: /home/luka/ws_moveit/install/moveit_core/include/moveit_core/moveit_butterworth_filter_export.h
-- Up-to-date: /home/luka/ws_moveit/install/moveit_core/include/moveit_core/moveit_ruckig_filter_export.h
-- Up-to-date: /home/luka/ws_moveit/install/moveit_core/include/moveit_core
-- Up-to-date: /home/luka/ws_moveit/install/moveit_core/include/moveit_core/moveit
-- Up-to-date: /home/luka/ws_moveit/install/moveit_core/include/moveit_core/moveit/planning_interface
-- Up-to-date: /home/luka/ws_moveit/install/moveit_core/include/moveit_core/moveit/planning_interface/planning_request_adapter.hpp
-- Up-to-date: /home/luka/ws_moveit/install/moveit_core/include/moveit_core/moveit/planning_interface/planning_request_adapter.h
-- Up-to-date: /home/luka/ws_moveit/install/moveit_core/include/moveit_core/moveit/planning_interface/planning_request.h
-- Up-to-date: /home/luka/ws_moveit/install/moveit_core/include/moveit_core/moveit/planning_interface/planning_interface.h
-- Up-to-date: /home/luka/ws_moveit/install/moveit_core/include/moveit_core/moveit/planning_interface/planning_response.hpp
-- Up-to-date: /home/luka/ws_moveit/install/moveit_core/include/moveit_core/moveit/planning_interface/planning_request.hpp
-- Up-to-date: /home/luka/ws_moveit/install/moveit_core/include/moveit_core/moveit/planning_interface/planning_response_adapter.h
-- Up-to-date: /home/luka/ws_moveit/install/moveit_core/include/moveit_core/moveit/planning_interface/planning_interface.hpp
-- Up-to-date: /home/luka/ws_moveit/install/moveit_core/include/moveit_core/moveit/planning_interface/planning_response.h
-- Up-to-date: /home/luka/ws_moveit/install/moveit_core/include/moveit_core/moveit/planning_interface/planning_response_adapter.hpp
-- Up-to-date: /home/luka/ws_moveit/install/moveit_core/include/moveit_core
-- Up-to-date: /home/luka/ws_moveit/install/moveit_core/include/moveit_core/moveit
-- Up-to-date: /home/luka/ws_moveit/install/moveit_core/include/moveit_core/moveit/planning_scene
-- Up-to-date: /home/luka/ws_moveit/install/moveit_core/include/moveit_core/moveit/planning_scene/planning_scene.hpp
-- Up-to-date: /home/luka/ws_moveit/install/moveit_core/include/moveit_core/moveit/planning_scene/planning_scene.h
-- Up-to-date: /home/luka/ws_moveit/install/moveit_core/include/moveit_core/moveit_planning_scene_export.h
-- Up-to-date: /home/luka/ws_moveit/install/moveit_core/include/moveit_core
-- Up-to-date: /home/luka/ws_moveit/install/moveit_core/include/moveit_core/moveit
-- Up-to-date: /home/luka/ws_moveit/install/moveit_core/include/moveit_core/moveit/robot_model
-- Up-to-date: /home/luka/ws_moveit/install/moveit_core/include/moveit_core/moveit/robot_model/revolute_joint_model.h
-- Up-to-date: /home/luka/ws_moveit/install/moveit_core/include/moveit_core/moveit/robot_model/robot_model.hpp
-- Up-to-date: /home/luka/ws_moveit/install/moveit_core/include/moveit_core/moveit/robot_model/joint_model_group.hpp
-- Up-to-date: /home/luka/ws_moveit/install/moveit_core/include/moveit_core/moveit/robot_model/floating_joint_model.h
-- Up-to-date: /home/luka/ws_moveit/install/moveit_core/include/moveit_core/moveit/robot_model/fixed_joint_model.h
-- Up-to-date: /home/luka/ws_moveit/install/moveit_core/include/moveit_core/moveit/robot_model/robot_model.h
-- Up-to-date: /home/luka/ws_moveit/install/moveit_core/include/moveit_core/moveit/robot_model/joint_model_group.h
-- Up-to-date: /home/luka/ws_moveit/install/moveit_core/include/moveit_core/moveit/robot_model/link_model.h
-- Up-to-date: /home/luka/ws_moveit/install/moveit_core/include/moveit_core/moveit/robot_model/link_model.hpp
-- Up-to-date: /home/luka/ws_moveit/install/moveit_core/include/moveit_core/moveit/robot_model/fixed_joint_model.hpp
-- Up-to-date: /home/luka/ws_moveit/install/moveit_core/include/moveit_core/moveit/robot_model/prismatic_joint_model.h
-- Up-to-date: /home/luka/ws_moveit/install/moveit_core/include/moveit_core/moveit/robot_model/aabb.hpp
-- Up-to-date: /home/luka/ws_moveit/install/moveit_core/include/moveit_core/moveit/robot_model/aabb.h
-- Up-to-date: /home/luka/ws_moveit/install/moveit_core/include/moveit_core/moveit/robot_model/revolute_joint_model.hpp
-- Up-to-date: /home/luka/ws_moveit/install/moveit_core/include/moveit_core/moveit/robot_model/planar_joint_model.hpp
-- Up-to-date: /home/luka/ws_moveit/install/moveit_core/include/moveit_core/moveit/robot_model/joint_model.hpp
-- Up-to-date: /home/luka/ws_moveit/install/moveit_core/include/moveit_core/moveit/robot_model/prismatic_joint_model.hpp
-- Up-to-date: /home/luka/ws_moveit/install/moveit_core/include/moveit_core/moveit/robot_model/floating_joint_model.hpp
-- Up-to-date: /home/luka/ws_moveit/install/moveit_core/include/moveit_core/moveit/robot_model/joint_model.h
-- Up-to-date: /home/luka/ws_moveit/install/moveit_core/include/moveit_core/moveit/robot_model/planar_joint_model.h
-- Up-to-date: /home/luka/ws_moveit/install/moveit_core/include/moveit_core
-- Up-to-date: /home/luka/ws_moveit/install/moveit_core/include/moveit_core/moveit
-- Up-to-date: /home/luka/ws_moveit/install/moveit_core/include/moveit_core/moveit/robot_state
-- Up-to-date: /home/luka/ws_moveit/install/moveit_core/include/moveit_core/moveit/robot_state/cartesian_interpolator.h
-- Up-to-date: /home/luka/ws_moveit/install/moveit_core/include/moveit_core/moveit/robot_state/attached_body.h
-- Up-to-date: /home/luka/ws_moveit/install/moveit_core/include/moveit_core/moveit/robot_state/robot_state.hpp
-- Up-to-date: /home/luka/ws_moveit/install/moveit_core/include/moveit_core/moveit/robot_state/robot_state.h
-- Up-to-date: /home/luka/ws_moveit/install/moveit_core/include/moveit_core/moveit/robot_state/attached_body.hpp
-- Up-to-date: /home/luka/ws_moveit/install/moveit_core/include/moveit_core/moveit/robot_state/conversions.hpp
-- Up-to-date: /home/luka/ws_moveit/install/moveit_core/include/moveit_core/moveit/robot_state/cartesian_interpolator.hpp
-- Up-to-date: /home/luka/ws_moveit/install/moveit_core/include/moveit_core/moveit/robot_state/conversions.h
-- Up-to-date: /home/luka/ws_moveit/install/moveit_core/include/moveit_core
-- Up-to-date: /home/luka/ws_moveit/install/moveit_core/include/moveit_core/moveit
-- Up-to-date: /home/luka/ws_moveit/install/moveit_core/include/moveit_core/moveit/robot_trajectory
-- Up-to-date: /home/luka/ws_moveit/install/moveit_core/include/moveit_core/moveit/robot_trajectory/robot_trajectory.h
-- Up-to-date: /home/luka/ws_moveit/install/moveit_core/include/moveit_core/moveit/robot_trajectory/robot_trajectory.hpp
-- Up-to-date: /home/luka/ws_moveit/install/moveit_core/include/moveit_core
-- Up-to-date: /home/luka/ws_moveit/install/moveit_core/include/moveit_core/moveit
-- Up-to-date: /home/luka/ws_moveit/install/moveit_core/include/moveit_core/moveit/trajectory_processing
-- Up-to-date: /home/luka/ws_moveit/install/moveit_core/include/moveit_core/moveit/trajectory_processing/time_parameterization.h
-- Up-to-date: /home/luka/ws_moveit/install/moveit_core/include/moveit_core/moveit/trajectory_processing/time_parameterization.hpp
-- Up-to-date: /home/luka/ws_moveit/install/moveit_core/include/moveit_core/moveit/trajectory_processing/trajectory_tools.hpp
-- Up-to-date: /home/luka/ws_moveit/install/moveit_core/include/moveit_core/moveit/trajectory_processing/ruckig_traj_smoothing.h
-- Up-to-date: /home/luka/ws_moveit/install/moveit_core/include/moveit_core/moveit/trajectory_processing/ruckig_traj_smoothing.hpp
-- Up-to-date: /home/luka/ws_moveit/install/moveit_core/include/moveit_core/moveit/trajectory_processing/trajectory_tools.h
-- Up-to-date: /home/luka/ws_moveit/install/moveit_core/include/moveit_core/moveit/trajectory_processing/time_optimal_trajectory_generation.h
-- Up-to-date: /home/luka/ws_moveit/install/moveit_core/include/moveit_core/moveit/trajectory_processing/time_optimal_trajectory_generation.hpp
-- Up-to-date: /home/luka/ws_moveit/install/moveit_core/include/moveit_core
-- Up-to-date: /home/luka/ws_moveit/install/moveit_core/include/moveit_core/moveit
-- Up-to-date: /home/luka/ws_moveit/install/moveit_core/include/moveit_core/moveit/transforms
-- Up-to-date: /home/luka/ws_moveit/install/moveit_core/include/moveit_core/moveit/transforms/transforms.h
-- Up-to-date: /home/luka/ws_moveit/install/moveit_core/include/moveit_core/moveit/transforms/transforms.hpp
-- Up-to-date: /home/luka/ws_moveit/install/moveit_core/include/moveit_core
-- Up-to-date: /home/luka/ws_moveit/install/moveit_core/include/moveit_core/moveit
-- Up-to-date: /home/luka/ws_moveit/install/moveit_core/include/moveit_core/moveit/utils
-- Up-to-date: /home/luka/ws_moveit/install/moveit_core/include/moveit_core/moveit/utils/logger.hpp
-- Up-to-date: /home/luka/ws_moveit/install/moveit_core/include/moveit_core/moveit/utils/lexical_casts.h
-- Up-to-date: /home/luka/ws_moveit/install/moveit_core/include/moveit_core/moveit/utils/robot_model_test_utils.h
-- Up-to-date: /home/luka/ws_moveit/install/moveit_core/include/moveit_core/moveit/utils/eigen_test_utils.hpp
-- Up-to-date: /home/luka/ws_moveit/install/moveit_core/include/moveit_core/moveit/utils/message_checks.hpp
-- Up-to-date: /home/luka/ws_moveit/install/moveit_core/include/moveit_core/moveit/utils/logger.h
-- Up-to-date: /home/luka/ws_moveit/install/moveit_core/include/moveit_core/moveit/utils/robot_model_test_utils.hpp
-- Up-to-date: /home/luka/ws_moveit/install/moveit_core/include/moveit_core/moveit/utils/rclcpp_utils.h
-- Up-to-date: /home/luka/ws_moveit/install/moveit_core/include/moveit_core/moveit/utils/rclcpp_utils.hpp
-- Up-to-date: /home/luka/ws_moveit/install/moveit_core/include/moveit_core/moveit/utils/moveit_error_code.hpp
-- Up-to-date: /home/luka/ws_moveit/install/moveit_core/include/moveit_core/moveit/utils/moveit_error_code.h
-- Up-to-date: /home/luka/ws_moveit/install/moveit_core/include/moveit_core/moveit/utils/message_checks.h
-- Up-to-date: /home/luka/ws_moveit/install/moveit_core/include/moveit_core/moveit/utils/lexical_casts.hpp
-- Up-to-date: /home/luka/ws_moveit/install/moveit_core/include/moveit_core/moveit/utils/eigen_test_utils.h
-- Installing: /home/luka/ws_moveit/install/moveit_core/lib/moveit_core/logger_dut
-- Set non-toolchain portion of runtime path of "/home/luka/ws_moveit/install/moveit_core/lib/moveit_core/logger_dut" to ""
-- Up-to-date: /home/luka/ws_moveit/install/moveit_core/include/moveit_core/moveit/version.hpp
-- Up-to-date: /home/luka/ws_moveit/install/moveit_core/bin/moveit_version
-- Installing: /home/luka/ws_moveit/install/moveit_core/lib/libmoveit_collision_detection.so.2.14.1
-- Set non-toolchain portion of runtime path of "/home/luka/ws_moveit/install/moveit_core/lib/libmoveit_collision_detection.so.2.14.1" to ""
-- Up-to-date: /home/luka/ws_moveit/install/moveit_core/lib/libmoveit_collision_detection.so
-- Installing: /home/luka/ws_moveit/install/moveit_core/lib/libmoveit_collision_detection_bullet.so.2.14.1
-- Set non-toolchain portion of runtime path of "/home/luka/ws_moveit/install/moveit_core/lib/libmoveit_collision_detection_bullet.so.2.14.1" to ""
-- Up-to-date: /home/luka/ws_moveit/install/moveit_core/lib/libmoveit_collision_detection_bullet.so
-- Installing: /home/luka/ws_moveit/install/moveit_core/lib/libmoveit_collision_detection_fcl.so.2.14.1
-- Set non-toolchain portion of runtime path of "/home/luka/ws_moveit/install/moveit_core/lib/libmoveit_collision_detection_fcl.so.2.14.1" to ""
-- Up-to-date: /home/luka/ws_moveit/install/moveit_core/lib/libmoveit_collision_detection_fcl.so
-- Installing: /home/luka/ws_moveit/install/moveit_core/lib/libmoveit_collision_distance_field.so.2.14.1
-- Set non-toolchain portion of runtime path of "/home/luka/ws_moveit/install/moveit_core/lib/libmoveit_collision_distance_field.so.2.14.1" to ""
-- Up-to-date: /home/luka/ws_moveit/install/moveit_core/lib/libmoveit_collision_distance_field.so
-- Installing: /home/luka/ws_moveit/install/moveit_core/lib/libmoveit_constraint_samplers.so.2.14.1
-- Set non-toolchain portion of runtime path of "/home/luka/ws_moveit/install/moveit_core/lib/libmoveit_constraint_samplers.so.2.14.1" to ""
-- Up-to-date: /home/luka/ws_moveit/install/moveit_core/lib/libmoveit_constraint_samplers.so
-- Installing: /home/luka/ws_moveit/install/moveit_core/lib/libmoveit_distance_field.so.2.14.1
-- Set non-toolchain portion of runtime path of "/home/luka/ws_moveit/install/moveit_core/lib/libmoveit_distance_field.so.2.14.1" to ""
-- Up-to-date: /home/luka/ws_moveit/install/moveit_core/lib/libmoveit_distance_field.so
-- Installing: /home/luka/ws_moveit/install/moveit_core/lib/libmoveit_dynamics_solver.so.2.14.1
-- Set non-toolchain portion of runtime path of "/home/luka/ws_moveit/install/moveit_core/lib/libmoveit_dynamics_solver.so.2.14.1" to ""
-- Up-to-date: /home/luka/ws_moveit/install/moveit_core/lib/libmoveit_dynamics_solver.so
-- Installing: /home/luka/ws_moveit/install/moveit_core/lib/libmoveit_exceptions.so.2.14.1
-- Set non-toolchain portion of runtime path of "/home/luka/ws_moveit/install/moveit_core/lib/libmoveit_exceptions.so.2.14.1" to ""
-- Up-to-date: /home/luka/ws_moveit/install/moveit_core/lib/libmoveit_exceptions.so
-- Installing: /home/luka/ws_moveit/install/moveit_core/lib/libmoveit_kinematic_constraints.so.2.14.1
-- Set non-toolchain portion of runtime path of "/home/luka/ws_moveit/install/moveit_core/lib/libmoveit_kinematic_constraints.so.2.14.1" to ""
-- Up-to-date: /home/luka/ws_moveit/install/moveit_core/lib/libmoveit_kinematic_constraints.so
-- Installing: /home/luka/ws_moveit/install/moveit_core/lib/libmoveit_kinematics_base.so
-- Set non-toolchain portion of runtime path of "/home/luka/ws_moveit/install/moveit_core/lib/libmoveit_kinematics_base.so" to ""
-- Installing: /home/luka/ws_moveit/install/moveit_core/lib/libmoveit_kinematics_metrics.so.2.14.1
-- Set non-toolchain portion of runtime path of "/home/luka/ws_moveit/install/moveit_core/lib/libmoveit_kinematics_metrics.so.2.14.1" to ""
-- Up-to-date: /home/luka/ws_moveit/install/moveit_core/lib/libmoveit_kinematics_metrics.so
-- Installing: /home/luka/ws_moveit/install/moveit_core/lib/libmoveit_planning_interface.so.2.14.1
-- Set non-toolchain portion of runtime path of "/home/luka/ws_moveit/install/moveit_core/lib/libmoveit_planning_interface.so.2.14.1" to ""
-- Up-to-date: /home/luka/ws_moveit/install/moveit_core/lib/libmoveit_planning_interface.so
-- Installing: /home/luka/ws_moveit/install/moveit_core/lib/libmoveit_planning_scene.so.2.14.1
-- Set non-toolchain portion of runtime path of "/home/luka/ws_moveit/install/moveit_core/lib/libmoveit_planning_scene.so.2.14.1" to ""
-- Up-to-date: /home/luka/ws_moveit/install/moveit_core/lib/libmoveit_planning_scene.so
-- Installing: /home/luka/ws_moveit/install/moveit_core/lib/libmoveit_robot_model.so.2.14.1
-- Set non-toolchain portion of runtime path of "/home/luka/ws_moveit/install/moveit_core/lib/libmoveit_robot_model.so.2.14.1" to ""
-- Up-to-date: /home/luka/ws_moveit/install/moveit_core/lib/libmoveit_robot_model.so
-- Installing: /home/luka/ws_moveit/install/moveit_core/lib/libmoveit_robot_state.so.2.14.1
-- Set non-toolchain portion of runtime path of "/home/luka/ws_moveit/install/moveit_core/lib/libmoveit_robot_state.so.2.14.1" to ""
-- Up-to-date: /home/luka/ws_moveit/install/moveit_core/lib/libmoveit_robot_state.so
-- Installing: /home/luka/ws_moveit/install/moveit_core/lib/libmoveit_robot_trajectory.so.2.14.1
-- Set non-toolchain portion of runtime path of "/home/luka/ws_moveit/install/moveit_core/lib/libmoveit_robot_trajectory.so.2.14.1" to ""
-- Up-to-date: /home/luka/ws_moveit/install/moveit_core/lib/libmoveit_robot_trajectory.so
-- Up-to-date: /home/luka/ws_moveit/install/moveit_core/lib/libmoveit_smoothing_base.so.2.14.1
-- Up-to-date: /home/luka/ws_moveit/install/moveit_core/lib/libmoveit_smoothing_base.so
-- Installing: /home/luka/ws_moveit/install/moveit_core/lib/libmoveit_test_utils.so.2.14.1
-- Set non-toolchain portion of runtime path of "/home/luka/ws_moveit/install/moveit_core/lib/libmoveit_test_utils.so.2.14.1" to ""
-- Up-to-date: /home/luka/ws_moveit/install/moveit_core/lib/libmoveit_test_utils.so
-- Installing: /home/luka/ws_moveit/install/moveit_core/lib/libmoveit_trajectory_processing.so.2.14.1
-- Set non-toolchain portion of runtime path of "/home/luka/ws_moveit/install/moveit_core/lib/libmoveit_trajectory_processing.so.2.14.1" to ""
-- Up-to-date: /home/luka/ws_moveit/install/moveit_core/lib/libmoveit_trajectory_processing.so
-- Installing: /home/luka/ws_moveit/install/moveit_core/lib/libmoveit_transforms.so.2.14.1
-- Set non-toolchain portion of runtime path of "/home/luka/ws_moveit/install/moveit_core/lib/libmoveit_transforms.so.2.14.1" to ""
-- Up-to-date: /home/luka/ws_moveit/install/moveit_core/lib/libmoveit_transforms.so
-- Installing: /home/luka/ws_moveit/install/moveit_core/lib/libmoveit_utils.so.2.14.1
-- Set non-toolchain portion of runtime path of "/home/luka/ws_moveit/install/moveit_core/lib/libmoveit_utils.so.2.14.1" to ""
-- Up-to-date: /home/luka/ws_moveit/install/moveit_core/lib/libmoveit_utils.so
-- Installing: /home/luka/ws_moveit/install/moveit_core/lib/libcollision_detector_bullet_plugin.so.2.14.1
-- Set non-toolchain portion of runtime path of "/home/luka/ws_moveit/install/moveit_core/lib/libcollision_detector_bullet_plugin.so.2.14.1" to ""
-- Up-to-date: /home/luka/ws_moveit/install/moveit_core/lib/libcollision_detector_bullet_plugin.so
-- Installing: /home/luka/ws_moveit/install/moveit_core/lib/libcollision_detector_fcl_plugin.so.2.14.1
-- Set non-toolchain portion of runtime path of "/home/luka/ws_moveit/install/moveit_core/lib/libcollision_detector_fcl_plugin.so.2.14.1" to ""
-- Up-to-date: /home/luka/ws_moveit/install/moveit_core/lib/libcollision_detector_fcl_plugin.so
-- Installing: /home/luka/ws_moveit/install/moveit_core/lib/libmoveit_acceleration_filter.so.2.14.1
-- Set non-toolchain portion of runtime path of "/home/luka/ws_moveit/install/moveit_core/lib/libmoveit_acceleration_filter.so.2.14.1" to ""
-- Up-to-date: /home/luka/ws_moveit/install/moveit_core/lib/libmoveit_acceleration_filter.so
-- Installing: /home/luka/ws_moveit/install/moveit_core/lib/libmoveit_butterworth_filter.so.2.14.1
-- Set non-toolchain portion of runtime path of "/home/luka/ws_moveit/install/moveit_core/lib/libmoveit_butterworth_filter.so.2.14.1" to ""
-- Up-to-date: /home/luka/ws_moveit/install/moveit_core/lib/libmoveit_butterworth_filter.so
-- Installing: /home/luka/ws_moveit/install/moveit_core/lib/libmoveit_ruckig_filter.so.2.14.1
-- Set non-toolchain portion of runtime path of "/home/luka/ws_moveit/install/moveit_core/lib/libmoveit_ruckig_filter.so.2.14.1" to ""
-- Up-to-date: /home/luka/ws_moveit/install/moveit_core/lib/libmoveit_ruckig_filter.so
-- Up-to-date: /home/luka/ws_moveit/install/moveit_core/share/moveit_core/environment/library_path.sh
-- Up-to-date: /home/luka/ws_moveit/install/moveit_core/share/moveit_core/environment/library_path.dsv
-- Up-to-date: /home/luka/ws_moveit/install/moveit_core/share/moveit_core/collision_detector_fcl_description.xml
-- Up-to-date: /home/luka/ws_moveit/install/moveit_core/share/moveit_core/collision_detector_bullet_description.xml
-- Up-to-date: /home/luka/ws_moveit/install/moveit_core/share/moveit_core/filter_plugin_acceleration.xml
-- Up-to-date: /home/luka/ws_moveit/install/moveit_core/share/moveit_core/filter_plugin_butterworth.xml
-- Up-to-date: /home/luka/ws_moveit/install/moveit_core/share/moveit_core/filter_plugin_ruckig.xml
-- Up-to-date: /home/luka/ws_moveit/install/moveit_core/share/ament_index/resource_index/package_run_dependencies/moveit_core
-- Installing: /home/luka/ws_moveit/install/moveit_core/share/ament_index/resource_index/parent_prefix_path/moveit_core
-- Up-to-date: /home/luka/ws_moveit/install/moveit_core/share/moveit_core/environment/ament_prefix_path.sh
-- Up-to-date: /home/luka/ws_moveit/install/moveit_core/share/moveit_core/environment/ament_prefix_path.dsv
-- Up-to-date: /home/luka/ws_moveit/install/moveit_core/share/moveit_core/environment/path.sh
-- Up-to-date: /home/luka/ws_moveit/install/moveit_core/share/moveit_core/environment/path.dsv
-- Up-to-date: /home/luka/ws_moveit/install/moveit_core/share/moveit_core/local_setup.bash
-- Up-to-date: /home/luka/ws_moveit/install/moveit_core/share/moveit_core/local_setup.sh
-- Up-to-date: /home/luka/ws_moveit/install/moveit_core/share/moveit_core/local_setup.zsh
-- Up-to-date: /home/luka/ws_moveit/install/moveit_core/share/moveit_core/local_setup.dsv
-- Installing: /home/luka/ws_moveit/install/moveit_core/share/moveit_core/package.dsv
-- Up-to-date: /home/luka/ws_moveit/install/moveit_core/share/ament_index/resource_index/packages/moveit_core
-- Up-to-date: /home/luka/ws_moveit/install/moveit_core/share/ament_index/resource_index/moveit_core__pluginlib__plugin/moveit_core
-- Up-to-date: /home/luka/ws_moveit/install/moveit_core/share/moveit_core/cmake/moveit_coreTargetsExport.cmake
-- Up-to-date: /home/luka/ws_moveit/install/moveit_core/share/moveit_core/cmake/moveit_coreTargetsExport-release.cmake
-- Up-to-date: /home/luka/ws_moveit/install/moveit_core/share/moveit_core/cmake/ConfigExtras.cmake
-- Up-to-date: /home/luka/ws_moveit/install/moveit_core/share/moveit_core/cmake/ament_cmake_export_targets-extras.cmake
-- Up-to-date: /home/luka/ws_moveit/install/moveit_core/share/moveit_core/cmake/ament_cmake_export_dependencies-extras.cmake
-- Up-to-date: /home/luka/ws_moveit/install/moveit_core/share/moveit_core/cmake/moveit_coreConfig.cmake
-- Up-to-date: /home/luka/ws_moveit/install/moveit_core/share/moveit_core/cmake/moveit_coreConfig-version.cmake
-- Up-to-date: /home/luka/ws_moveit/install/moveit_core/share/moveit_core/package.xml
