[0.010s] Invoking command in '/home/luka/ws_moveit/build/rviz_visual_tools': CMAKE_PREFIX_PATH=${CMAKE_PREFIX_PATH}:/opt/ros/jazzy DEBUGINFOD_URLS=https://debuginfod.ubuntu.com /usr/bin/cmake --build /home/luka/ws_moveit/build/rviz_visual_tools -- -j4 -l4
[0.086s] [  0%] Built target rviz_visual_tools_gui_autogen_timestamp_deps
[0.092s] [  0%] Built target rviz_visual_tools_remote_control_autogen_timestamp_deps
[0.092s] [  0%] Built target gtest_main_autogen_timestamp_deps
[0.120s] [  0%] Built target gtest_autogen_timestamp_deps
[0.150s] [  2%] Built target rviz_visual_tools_remote_control_autogen
[0.154s] [  4%] Built target gtest_main_autogen
[0.164s] [  6%] Built target rviz_visual_tools_gui_autogen
[0.187s] [  8%] Built target gtest_autogen
[0.199s] [ 16%] Built target gtest_main
[0.230s] [ 25%] Built target rviz_visual_tools_remote_control
[0.239s] [ 33%] Built target gtest
[0.264s] [ 33%] Built target rviz_visual_tools_autogen_timestamp_deps
[0.272s] [ 45%] Built target rviz_visual_tools_gui
[0.304s] [ 47%] Built target rviz_visual_tools_autogen
[0.364s] [ 58%] Built target rviz_visual_tools
[0.394s] [ 58%] Built target rviz_visual_tools_imarker_simple_autogen_timestamp_deps
[0.394s] [ 58%] Built target rviz_visual_tools_demo_autogen_timestamp_deps
[0.457s] [ 58%] Built target rviz_visual_tools_rvt_test_autogen_timestamp_deps
[0.513s] [ 60%] Built target rviz_visual_tools_imarker_simple_autogen
[0.559s] [ 62%] Built target rviz_visual_tools_demo_autogen
[0.579s] [ 64%] Built target rviz_visual_tools_rvt_test_autogen
[0.612s] [ 72%] Built target rviz_visual_tools_imarker_simple
[0.637s] [ 81%] Built target rviz_visual_tools_demo
[0.664s] [ 81%] Built target rviz_visual_tools_imarker_simple_demo_autogen_timestamp_deps
[0.666s] [ 89%] Built target rviz_visual_tools_rvt_test
[0.705s] [ 91%] Built target rviz_visual_tools_imarker_simple_demo_autogen
[0.766s] [100%] Built target rviz_visual_tools_imarker_simple_demo
[0.781s] Invoked command in '/home/luka/ws_moveit/build/rviz_visual_tools' returned '0': CMAKE_PREFIX_PATH=${CMAKE_PREFIX_PATH}:/opt/ros/jazzy DEBUGINFOD_URLS=https://debuginfod.ubuntu.com /usr/bin/cmake --build /home/luka/ws_moveit/build/rviz_visual_tools -- -j4 -l4
[0.783s] Invoking command in '/home/luka/ws_moveit/build/rviz_visual_tools': CMAKE_PREFIX_PATH=${CMAKE_PREFIX_PATH}:/opt/ros/jazzy DEBUGINFOD_URLS=https://debuginfod.ubuntu.com /usr/bin/cmake --install /home/luka/ws_moveit/build/rviz_visual_tools
[0.794s] -- Install configuration: "Release"
[0.794s] -- Up-to-date: /home/luka/ws_moveit/install/rviz_visual_tools/share/rviz_visual_tools/plugin_description.xml
[0.794s] -- Up-to-date: /home/luka/ws_moveit/install/rviz_visual_tools/lib/librviz_visual_tools.so
[0.794s] -- Up-to-date: /home/luka/ws_moveit/install/rviz_visual_tools/lib/librviz_visual_tools_remote_control.so
[0.795s] -- Up-to-date: /home/luka/ws_moveit/install/rviz_visual_tools/lib/librviz_visual_tools_gui.so
[0.796s] -- Up-to-date: /home/luka/ws_moveit/install/rviz_visual_tools/lib/librviz_visual_tools_imarker_simple.so
[0.796s] -- Up-to-date: /home/luka/ws_moveit/install/rviz_visual_tools/lib/rviz_visual_tools/rviz_visual_tools_demo
[0.797s] -- Up-to-date: /home/luka/ws_moveit/install/rviz_visual_tools/lib/rviz_visual_tools/rviz_visual_tools_imarker_simple_demo
[0.798s] -- Up-to-date: /home/luka/ws_moveit/install/rviz_visual_tools/include
[0.798s] -- Up-to-date: /home/luka/ws_moveit/install/rviz_visual_tools/include/rviz_visual_tools
[0.798s] -- Up-to-date: /home/luka/ws_moveit/install/rviz_visual_tools/include/rviz_visual_tools/remote_reciever.hpp
[0.798s] -- Up-to-date: /home/luka/ws_moveit/install/rviz_visual_tools/include/rviz_visual_tools/remote_control.hpp
[0.799s] -- Up-to-date: /home/luka/ws_moveit/install/rviz_visual_tools/include/rviz_visual_tools/key_tool.hpp
[0.799s] -- Up-to-date: /home/luka/ws_moveit/install/rviz_visual_tools/include/rviz_visual_tools/tf_visual_tools.hpp
[0.799s] -- Up-to-date: /home/luka/ws_moveit/install/rviz_visual_tools/include/rviz_visual_tools/rviz_visual_tools.hpp
[0.799s] -- Up-to-date: /home/luka/ws_moveit/install/rviz_visual_tools/include/rviz_visual_tools/rviz_visual_tools_gui.hpp
[0.799s] -- Up-to-date: /home/luka/ws_moveit/install/rviz_visual_tools/include/rviz_visual_tools/imarker_simple.hpp
[0.800s] -- Up-to-date: /home/luka/ws_moveit/install/rviz_visual_tools/share/rviz_visual_tools/launch
[0.800s] -- Up-to-date: /home/luka/ws_moveit/install/rviz_visual_tools/share/rviz_visual_tools/launch/demo_rviz.launch.py
[0.800s] -- Up-to-date: /home/luka/ws_moveit/install/rviz_visual_tools/share/rviz_visual_tools/launch/demo.rviz
[0.800s] -- Up-to-date: /home/luka/ws_moveit/install/rviz_visual_tools/share/rviz_visual_tools/launch/demo_combined.launch.py
[0.800s] -- Up-to-date: /home/luka/ws_moveit/install/rviz_visual_tools/share/rviz_visual_tools/launch/rvt_test.launch
[0.800s] -- Up-to-date: /home/luka/ws_moveit/install/rviz_visual_tools/share/rviz_visual_tools/environment/library_path.sh
[0.801s] -- Up-to-date: /home/luka/ws_moveit/install/rviz_visual_tools/share/rviz_visual_tools/environment/library_path.dsv
[0.801s] -- Up-to-date: /home/luka/ws_moveit/install/rviz_visual_tools/share/ament_index/resource_index/package_run_dependencies/rviz_visual_tools
[0.801s] -- Up-to-date: /home/luka/ws_moveit/install/rviz_visual_tools/share/ament_index/resource_index/parent_prefix_path/rviz_visual_tools
[0.801s] -- Up-to-date: /home/luka/ws_moveit/install/rviz_visual_tools/share/rviz_visual_tools/environment/ament_prefix_path.sh
[0.801s] -- Up-to-date: /home/luka/ws_moveit/install/rviz_visual_tools/share/rviz_visual_tools/environment/ament_prefix_path.dsv
[0.801s] -- Up-to-date: /home/luka/ws_moveit/install/rviz_visual_tools/share/rviz_visual_tools/environment/path.sh
[0.802s] -- Up-to-date: /home/luka/ws_moveit/install/rviz_visual_tools/share/rviz_visual_tools/environment/path.dsv
[0.802s] -- Up-to-date: /home/luka/ws_moveit/install/rviz_visual_tools/share/rviz_visual_tools/local_setup.bash
[0.802s] -- Up-to-date: /home/luka/ws_moveit/install/rviz_visual_tools/share/rviz_visual_tools/local_setup.sh
[0.802s] -- Up-to-date: /home/luka/ws_moveit/install/rviz_visual_tools/share/rviz_visual_tools/local_setup.zsh
[0.802s] -- Up-to-date: /home/luka/ws_moveit/install/rviz_visual_tools/share/rviz_visual_tools/local_setup.dsv
[0.802s] -- Installing: /home/luka/ws_moveit/install/rviz_visual_tools/share/rviz_visual_tools/package.dsv
[0.803s] -- Up-to-date: /home/luka/ws_moveit/install/rviz_visual_tools/share/ament_index/resource_index/packages/rviz_visual_tools
[0.803s] -- Up-to-date: /home/luka/ws_moveit/install/rviz_visual_tools/share/ament_index/resource_index/rviz_common__pluginlib__plugin/rviz_visual_tools
[0.803s] -- Up-to-date: /home/luka/ws_moveit/install/rviz_visual_tools/share/rviz_visual_tools/cmake/export_rviz_visual_toolsExport.cmake
[0.803s] -- Up-to-date: /home/luka/ws_moveit/install/rviz_visual_tools/share/rviz_visual_tools/cmake/export_rviz_visual_toolsExport-release.cmake
[0.803s] -- Up-to-date: /home/luka/ws_moveit/install/rviz_visual_tools/share/rviz_visual_tools/cmake/ament_cmake_export_targets-extras.cmake
[0.803s] -- Up-to-date: /home/luka/ws_moveit/install/rviz_visual_tools/share/rviz_visual_tools/cmake/ament_cmake_export_dependencies-extras.cmake
[0.803s] -- Up-to-date: /home/luka/ws_moveit/install/rviz_visual_tools/share/rviz_visual_tools/cmake/ament_cmake_export_include_directories-extras.cmake
[0.803s] -- Up-to-date: /home/luka/ws_moveit/install/rviz_visual_tools/share/rviz_visual_tools/cmake/ament_cmake_export_libraries-extras.cmake
[0.804s] -- Up-to-date: /home/luka/ws_moveit/install/rviz_visual_tools/share/rviz_visual_tools/cmake/rviz_visual_toolsConfig.cmake
[0.804s] -- Up-to-date: /home/luka/ws_moveit/install/rviz_visual_tools/share/rviz_visual_tools/cmake/rviz_visual_toolsConfig-version.cmake
[0.804s] -- Up-to-date: /home/luka/ws_moveit/install/rviz_visual_tools/share/rviz_visual_tools/package.xml
[0.805s] Invoked command in '/home/luka/ws_moveit/build/rviz_visual_tools' returned '0': CMAKE_PREFIX_PATH=${CMAKE_PREFIX_PATH}:/opt/ros/jazzy DEBUGINFOD_URLS=https://debuginfod.ubuntu.com /usr/bin/cmake --install /home/luka/ws_moveit/build/rviz_visual_tools
