[0.107s] Invoking command in '/home/luka/ws_moveit/build/rviz_visual_tools': CMAKE_PREFIX_PATH=${CMAKE_PREFIX_PATH}:/home/luka/ws_moveit/install/hello_moveit_py:/home/luka/ws_moveit/install/moveit_configs_utils:/opt/ros/jazzy DEBUGINFOD_URLS=https://debuginfod.ubuntu.com /usr/bin/cmake /home/luka/ws_moveit/src/rviz_visual_tools -DCMAKE_INSTALL_PREFIX=/home/luka/ws_moveit/install/rviz_visual_tools
[0.212s] -- Found ament_cmake: 2.5.4 (/opt/ros/jazzy/share/ament_cmake/cmake)
[0.986s] -- Found rclcpp: 28.1.13 (/opt/ros/jazzy/share/rclcpp/cmake)
[1.054s] -- Found rosidl_generator_c: 4.6.6 (/opt/ros/jazzy/share/rosidl_generator_c/cmake)
[1.078s] -- Found rosidl_generator_cpp: 4.6.6 (/opt/ros/jazzy/share/rosidl_generator_cpp/cmake)
[1.114s] -- Using all available rosidl_typesupport_c: rosidl_typesupport_fastrtps_c;rosidl_typesupport_introspection_c
[1.157s] -- Using all available rosidl_typesupport_cpp: rosidl_typesupport_fastrtps_cpp;rosidl_typesupport_introspection_cpp
[1.308s] -- Found rmw_implementation_cmake: 7.3.2 (/opt/ros/jazzy/share/rmw_implementation_cmake/cmake)
[1.318s] -- Found rmw_fastrtps_cpp: 8.4.3 (/opt/ros/jazzy/share/rmw_fastrtps_cpp/cmake)
[1.682s] -- Using RMW implementation 'rmw_fastrtps_cpp' as default
[1.957s] -- Found rclcpp_components: 28.1.13 (/opt/ros/jazzy/share/rclcpp_components/cmake)
[2.129s] -- Found rviz_ogre_vendor: 14.1.17 (/opt/ros/jazzy/share/rviz_ogre_vendor/cmake)
[2.129s] -- Setting OGRE_DIR to: '/opt/ros/jazzy/share/rviz_ogre_vendor/cmake/../../../opt/rviz_ogre_vendor/lib/OGRE/cmake'
[2.135s] -- Found OGRE
[2.135s] --   static     : OFF
[2.136s] --   components : MeshLodGenerator;Overlay;Paging;Property;RTShaderSystem;Terrain;Volume
[2.138s] --   plugins    : Plugin_BSPSceneManager;Plugin_OctreeSceneManager;Plugin_PCZSceneManager;Plugin_ParticleFX;RenderSystem_GL;RenderSystem_GL3Plus;Codec_STBI
[2.138s] --   media      : /opt/ros/jazzy/opt/rviz_ogre_vendor/share/OGRE/Media
[2.138s] -- OGRE_LIBRARIES: OgreMeshLodGenerator;OgreOverlay;OgrePaging;OgreProperty;OgreRTShaderSystem;OgreTerrain;OgreVolume;OgreMain
[2.140s] -- OGRE_LIBRARY_DIRS: /opt/ros/jazzy/opt/rviz_ogre_vendor/lib
[2.140s] -- OGRE_PLUGINS: Plugin_BSPSceneManager;Plugin_OctreeSceneManager;Plugin_PCZSceneManager;Plugin_ParticleFX;RenderSystem_GL;RenderSystem_GL3Plus;Codec_STBI
[2.141s] -- OGRE_PLUGIN_DIR: /opt/ros/jazzy/opt/rviz_ogre_vendor/lib/OGRE
[2.142s] -- rviz_ogre_vendor::OgreOverlay for IMPORTED_LOCATION_RELEASE: /opt/ros/jazzy/opt/rviz_ogre_vendor/lib/libOgreOverlay.so
[2.142s] -- rviz_ogre_vendor::OgreOverlay for IMPORTED_LOCATION_DEBUG: /opt/ros/jazzy/opt/rviz_ogre_vendor/lib/libOgreOverlay.so
[2.144s] -- rviz_ogre_vendor::OgreMain for IMPORTED_LOCATION_RELEASE: /opt/ros/jazzy/opt/rviz_ogre_vendor/lib/libOgreMain.so
[2.144s] -- rviz_ogre_vendor::OgreMain for IMPORTED_LOCATION_DEBUG: /opt/ros/jazzy/opt/rviz_ogre_vendor/lib/libOgreMain.so
[2.672s] -- Found sensor_msgs: 5.3.6 (/opt/ros/jazzy/share/sensor_msgs/cmake)
[3.038s] -- Found shape_msgs: 5.3.6 (/opt/ros/jazzy/share/shape_msgs/cmake)
[3.086s] -- Found visualization_msgs: 5.3.6 (/opt/ros/jazzy/share/visualization_msgs/cmake)
[3.164s] -- Found trajectory_msgs: 5.3.6 (/opt/ros/jazzy/share/trajectory_msgs/cmake)
[3.214s] -- Found eigen3_cmake_module: 0.3.0 (/opt/ros/jazzy/share/eigen3_cmake_module/cmake)
[3.222s] -- Found eigen_stl_containers: 1.1.0 (/opt/ros/jazzy/share/eigen_stl_containers/cmake)
[3.277s] -- Found tf2: 0.36.16 (/opt/ros/jazzy/share/tf2/cmake)
[3.311s] -- Found tf2_eigen: 0.36.16 (/opt/ros/jazzy/share/tf2_eigen/cmake)
[3.681s] -- Found tf2_geometry_msgs: 0.36.16 (/opt/ros/jazzy/share/tf2_geometry_msgs/cmake)
[3.714s] -- Ensuring Eigen3 include directory is part of orocos-kdl CMake target
[3.720s] -- Found pluginlib: 5.4.3 (/opt/ros/jazzy/share/pluginlib/cmake)
[3.723s] -- Found interactive_markers: 2.5.5 (/opt/ros/jazzy/share/interactive_markers/cmake)
[3.745s] -- Found rviz_common: 14.1.17 (/opt/ros/jazzy/share/rviz_common/cmake)
[4.125s] -- Setting yaml-cpp_DIR to: '/opt/ros/jazzy/share/yaml_cpp_vendor/cmake/../../../opt/yaml_cpp_vendor/share/cmake/yaml-cpp'
[4.234s] -- Found rviz_default_plugins: 14.1.17 (/opt/ros/jazzy/share/rviz_default_plugins/cmake)
[5.668s] -- Found ament_cmake_gtest: 2.5.4 (/opt/ros/jazzy/share/ament_cmake_gtest/cmake)
[5.674s] -- Found gtest sources under '/opt/ros/jazzy/src/gtest_vendor': C++ tests using 'Google Test' will be built
[6.167s] -- Configuring done (6.0s)
[6.782s] -- Generating done (0.4s)
[6.973s] -- Build files have been written to: /home/luka/ws_moveit/build/rviz_visual_tools
[7.038s] Invoked command in '/home/luka/ws_moveit/build/rviz_visual_tools' returned '0': CMAKE_PREFIX_PATH=${CMAKE_PREFIX_PATH}:/home/luka/ws_moveit/install/hello_moveit_py:/home/luka/ws_moveit/install/moveit_configs_utils:/opt/ros/jazzy DEBUGINFOD_URLS=https://debuginfod.ubuntu.com /usr/bin/cmake /home/luka/ws_moveit/src/rviz_visual_tools -DCMAKE_INSTALL_PREFIX=/home/luka/ws_moveit/install/rviz_visual_tools
[7.039s] Invoking command in '/home/luka/ws_moveit/build/rviz_visual_tools': CMAKE_PREFIX_PATH=${CMAKE_PREFIX_PATH}:/home/luka/ws_moveit/install/hello_moveit_py:/home/luka/ws_moveit/install/moveit_configs_utils:/opt/ros/jazzy DEBUGINFOD_URLS=https://debuginfod.ubuntu.com /usr/bin/cmake --build /home/luka/ws_moveit/build/rviz_visual_tools -- -j4 -l4
[7.439s] [  0%] Built target rviz_visual_tools_gui_autogen_timestamp_deps
[7.528s] [  0%] Built target gtest_autogen_timestamp_deps
[7.799s] [  2%] [34m[1mAutomatic MOC for target rviz_visual_tools_gui[0m
[7.953s] [  2%] Built target rviz_visual_tools_gui_autogen
[8.150s] [  4%] Built target gtest_autogen
[8.437s] [ 16%] Built target rviz_visual_tools_gui
[8.559s] [ 25%] Built target gtest
[8.696s] [ 25%] Built target gtest_main_autogen_timestamp_deps
[8.808s] [ 25%] Built target rviz_visual_tools_remote_control_autogen_timestamp_deps
[8.931s] [ 27%] Built target gtest_main_autogen
[9.164s] [ 29%] [34m[1mAutomatic MOC for target rviz_visual_tools_remote_control[0m
[9.357s] [ 29%] Built target rviz_visual_tools_remote_control_autogen
[9.483s] [ 37%] Built target gtest_main
[9.761s] [ 45%] Built target rviz_visual_tools_remote_control
[9.900s] [ 45%] Built target rviz_visual_tools_autogen_timestamp_deps
[10.128s] [ 47%] [34m[1mAutomatic MOC for target rviz_visual_tools[0m
[10.274s] [ 47%] Built target rviz_visual_tools_autogen
[10.610s] [ 58%] Built target rviz_visual_tools
[10.764s] [ 58%] Built target rviz_visual_tools_imarker_simple_autogen_timestamp_deps
[10.916s] [ 58%] Built target rviz_visual_tools_rvt_test_autogen_timestamp_deps
[11.085s] [ 60%] [34m[1mAutomatic MOC for target rviz_visual_tools_imarker_simple[0m
[11.247s] [ 60%] Built target rviz_visual_tools_imarker_simple_autogen
[11.376s] [ 62%] [34m[1mAutomatic MOC for target rviz_visual_tools_rvt_test[0m
[11.578s] [ 62%] Built target rviz_visual_tools_rvt_test_autogen
[11.768s] [ 70%] Built target rviz_visual_tools_imarker_simple
[11.980s] [ 79%] Built target rviz_visual_tools_rvt_test
[12.097s] [ 79%] Built target rviz_visual_tools_imarker_simple_demo_autogen_timestamp_deps
[12.186s] [ 79%] Built target rviz_visual_tools_demo_autogen_timestamp_deps
[12.350s] [ 81%] [34m[1mAutomatic MOC for target rviz_visual_tools_imarker_simple_demo[0m
[12.521s] [ 81%] Built target rviz_visual_tools_imarker_simple_demo_autogen
[12.685s] [ 83%] [34m[1mAutomatic MOC for target rviz_visual_tools_demo[0m
[12.871s] [ 83%] Built target rviz_visual_tools_demo_autogen
[13.052s] [ 91%] Built target rviz_visual_tools_imarker_simple_demo
[13.290s] [100%] Built target rviz_visual_tools_demo
[13.364s] Invoked command in '/home/luka/ws_moveit/build/rviz_visual_tools' returned '0': CMAKE_PREFIX_PATH=${CMAKE_PREFIX_PATH}:/home/luka/ws_moveit/install/hello_moveit_py:/home/luka/ws_moveit/install/moveit_configs_utils:/opt/ros/jazzy DEBUGINFOD_URLS=https://debuginfod.ubuntu.com /usr/bin/cmake --build /home/luka/ws_moveit/build/rviz_visual_tools -- -j4 -l4
[13.374s] Invoking command in '/home/luka/ws_moveit/build/rviz_visual_tools': CMAKE_PREFIX_PATH=${CMAKE_PREFIX_PATH}:/home/luka/ws_moveit/install/hello_moveit_py:/home/luka/ws_moveit/install/moveit_configs_utils:/opt/ros/jazzy DEBUGINFOD_URLS=https://debuginfod.ubuntu.com /usr/bin/cmake --install /home/luka/ws_moveit/build/rviz_visual_tools
[13.426s] -- Install configuration: "Release"
[13.427s] -- Up-to-date: /home/luka/ws_moveit/install/rviz_visual_tools/share/rviz_visual_tools/plugin_description.xml
[13.428s] -- Up-to-date: /home/luka/ws_moveit/install/rviz_visual_tools/lib/librviz_visual_tools.so
[13.436s] -- Up-to-date: /home/luka/ws_moveit/install/rviz_visual_tools/lib/librviz_visual_tools_remote_control.so
[13.439s] -- Up-to-date: /home/luka/ws_moveit/install/rviz_visual_tools/lib/librviz_visual_tools_gui.so
[13.446s] -- Up-to-date: /home/luka/ws_moveit/install/rviz_visual_tools/lib/librviz_visual_tools_imarker_simple.so
[13.449s] -- Up-to-date: /home/luka/ws_moveit/install/rviz_visual_tools/lib/rviz_visual_tools/rviz_visual_tools_demo
[13.453s] -- Up-to-date: /home/luka/ws_moveit/install/rviz_visual_tools/lib/rviz_visual_tools/rviz_visual_tools_imarker_simple_demo
[13.457s] -- Up-to-date: /home/luka/ws_moveit/install/rviz_visual_tools/include
[13.457s] -- Up-to-date: /home/luka/ws_moveit/install/rviz_visual_tools/include/rviz_visual_tools
[13.458s] -- Up-to-date: /home/luka/ws_moveit/install/rviz_visual_tools/include/rviz_visual_tools/remote_reciever.hpp
[13.460s] -- Up-to-date: /home/luka/ws_moveit/install/rviz_visual_tools/include/rviz_visual_tools/remote_control.hpp
[13.465s] -- Up-to-date: /home/luka/ws_moveit/install/rviz_visual_tools/include/rviz_visual_tools/key_tool.hpp
[13.465s] -- Up-to-date: /home/luka/ws_moveit/install/rviz_visual_tools/include/rviz_visual_tools/tf_visual_tools.hpp
[13.465s] -- Up-to-date: /home/luka/ws_moveit/install/rviz_visual_tools/include/rviz_visual_tools/rviz_visual_tools.hpp
[13.465s] -- Up-to-date: /home/luka/ws_moveit/install/rviz_visual_tools/include/rviz_visual_tools/rviz_visual_tools_gui.hpp
[13.465s] -- Up-to-date: /home/luka/ws_moveit/install/rviz_visual_tools/include/rviz_visual_tools/imarker_simple.hpp
[13.474s] -- Up-to-date: /home/luka/ws_moveit/install/rviz_visual_tools/share/rviz_visual_tools/launch
[13.474s] -- Up-to-date: /home/luka/ws_moveit/install/rviz_visual_tools/share/rviz_visual_tools/launch/demo_rviz.launch.py
[13.474s] -- Up-to-date: /home/luka/ws_moveit/install/rviz_visual_tools/share/rviz_visual_tools/launch/demo.rviz
[13.474s] -- Up-to-date: /home/luka/ws_moveit/install/rviz_visual_tools/share/rviz_visual_tools/launch/demo_combined.launch.py
[13.474s] -- Up-to-date: /home/luka/ws_moveit/install/rviz_visual_tools/share/rviz_visual_tools/launch/rvt_test.launch
[13.474s] -- Up-to-date: /home/luka/ws_moveit/install/rviz_visual_tools/share/rviz_visual_tools/environment/library_path.sh
[13.475s] -- Up-to-date: /home/luka/ws_moveit/install/rviz_visual_tools/share/rviz_visual_tools/environment/library_path.dsv
[13.475s] -- Up-to-date: /home/luka/ws_moveit/install/rviz_visual_tools/share/ament_index/resource_index/package_run_dependencies/rviz_visual_tools
[13.475s] -- Installing: /home/luka/ws_moveit/install/rviz_visual_tools/share/ament_index/resource_index/parent_prefix_path/rviz_visual_tools
[13.475s] -- Up-to-date: /home/luka/ws_moveit/install/rviz_visual_tools/share/rviz_visual_tools/environment/ament_prefix_path.sh
[13.475s] -- Up-to-date: /home/luka/ws_moveit/install/rviz_visual_tools/share/rviz_visual_tools/environment/ament_prefix_path.dsv
[13.475s] -- Up-to-date: /home/luka/ws_moveit/install/rviz_visual_tools/share/rviz_visual_tools/environment/path.sh
[13.475s] -- Up-to-date: /home/luka/ws_moveit/install/rviz_visual_tools/share/rviz_visual_tools/environment/path.dsv
[13.476s] -- Up-to-date: /home/luka/ws_moveit/install/rviz_visual_tools/share/rviz_visual_tools/local_setup.bash
[13.476s] -- Up-to-date: /home/luka/ws_moveit/install/rviz_visual_tools/share/rviz_visual_tools/local_setup.sh
[13.491s] -- Up-to-date: /home/luka/ws_moveit/install/rviz_visual_tools/share/rviz_visual_tools/local_setup.zsh
[13.492s] -- Up-to-date: /home/luka/ws_moveit/install/rviz_visual_tools/share/rviz_visual_tools/local_setup.dsv
[13.492s] -- Installing: /home/luka/ws_moveit/install/rviz_visual_tools/share/rviz_visual_tools/package.dsv
[13.497s] -- Up-to-date: /home/luka/ws_moveit/install/rviz_visual_tools/share/ament_index/resource_index/packages/rviz_visual_tools
[13.500s] -- Up-to-date: /home/luka/ws_moveit/install/rviz_visual_tools/share/ament_index/resource_index/rviz_common__pluginlib__plugin/rviz_visual_tools
[13.501s] -- Up-to-date: /home/luka/ws_moveit/install/rviz_visual_tools/share/rviz_visual_tools/cmake/export_rviz_visual_toolsExport.cmake
[13.501s] -- Up-to-date: /home/luka/ws_moveit/install/rviz_visual_tools/share/rviz_visual_tools/cmake/export_rviz_visual_toolsExport-release.cmake
[13.501s] -- Up-to-date: /home/luka/ws_moveit/install/rviz_visual_tools/share/rviz_visual_tools/cmake/ament_cmake_export_targets-extras.cmake
[13.501s] -- Up-to-date: /home/luka/ws_moveit/install/rviz_visual_tools/share/rviz_visual_tools/cmake/ament_cmake_export_dependencies-extras.cmake
[13.502s] -- Up-to-date: /home/luka/ws_moveit/install/rviz_visual_tools/share/rviz_visual_tools/cmake/ament_cmake_export_include_directories-extras.cmake
[13.502s] -- Up-to-date: /home/luka/ws_moveit/install/rviz_visual_tools/share/rviz_visual_tools/cmake/ament_cmake_export_libraries-extras.cmake
[13.502s] -- Up-to-date: /home/luka/ws_moveit/install/rviz_visual_tools/share/rviz_visual_tools/cmake/rviz_visual_toolsConfig.cmake
[13.509s] -- Up-to-date: /home/luka/ws_moveit/install/rviz_visual_tools/share/rviz_visual_tools/cmake/rviz_visual_toolsConfig-version.cmake
[13.509s] -- Up-to-date: /home/luka/ws_moveit/install/rviz_visual_tools/share/rviz_visual_tools/package.xml
[13.510s] Invoked command in '/home/luka/ws_moveit/build/rviz_visual_tools' returned '0': CMAKE_PREFIX_PATH=${CMAKE_PREFIX_PATH}:/home/luka/ws_moveit/install/hello_moveit_py:/home/luka/ws_moveit/install/moveit_configs_utils:/opt/ros/jazzy DEBUGINFOD_URLS=https://debuginfod.ubuntu.com /usr/bin/cmake --install /home/luka/ws_moveit/build/rviz_visual_tools
