[0.047s] Invoking command in '/home/luka/ws_moveit/build/moveit_servo': AMENT_PREFIX_PATH=/home/luka/ws_moveit/install/moveit_ros_visualization:/home/luka/ws_moveit/install/moveit_ros_planning_interface:/home/luka/ws_moveit/install/moveit_ros_move_group:/home/luka/ws_moveit/install/moveit_ros_warehouse:/home/luka/ws_moveit/install/moveit_ros_robot_interaction:/home/luka/ws_moveit/install/moveit_kinematics:/home/luka/ws_moveit/install/moveit_ros_planning:/home/luka/ws_moveit/install/moveit_simple_controller_manager:/home/luka/ws_moveit/install/moveit_ros_occupancy_map_monitor:/home/luka/ws_moveit/install/moveit_core:/home/luka/ws_moveit/install/moveit_resources_panda_moveit_config:/home/luka/ws_moveit/install/moveit_resources_fanuc_moveit_config:/home/luka/ws_moveit/install/moveit_resources_pr2_description:/home/luka/ws_moveit/install/moveit_resources_panda_description:/home/luka/ws_moveit/install/moveit_resources_fanuc_description:/home/luka/ws_moveit/install/moveit_msgs:/home/luka/ws_moveit/install/moveit_configs_utils:/home/luka/ws_moveit/install/moveit_common:${AMENT_PREFIX_PATH} CMAKE_PREFIX_PATH=/home/luka/ws_moveit/install/moveit_ros_visualization:/home/luka/ws_moveit/install/moveit_ros_planning_interface:/home/luka/ws_moveit/install/moveit_ros_move_group:/home/luka/ws_moveit/install/moveit_ros_warehouse:/home/luka/ws_moveit/install/moveit_ros_robot_interaction:/home/luka/ws_moveit/install/moveit_kinematics:/home/luka/ws_moveit/install/moveit_ros_planning:/home/luka/ws_moveit/install/moveit_simple_controller_manager:/home/luka/ws_moveit/install/moveit_ros_occupancy_map_monitor:/home/luka/ws_moveit/install/moveit_core:/home/luka/ws_moveit/install/moveit_resources_panda_moveit_config:/home/luka/ws_moveit/install/moveit_resources_fanuc_moveit_config:/home/luka/ws_moveit/install/moveit_resources_pr2_description:/home/luka/ws_moveit/install/moveit_resources_panda_description:/home/luka/ws_moveit/install/moveit_resources_fanuc_description:/home/luka/ws_moveit/install/moveit_msgs:/home/luka/ws_moveit/install/moveit_common:/opt/ros/jazzy/opt/gz_sim_vendor:/opt/ros/jazzy/opt/gz_sensors_vendor:/opt/ros/jazzy/opt/gz_physics_vendor:/opt/ros/jazzy/opt/sdformat_vendor:/opt/ros/jazzy/opt/gz_gui_vendor:/opt/ros/jazzy/opt/gz_transport_vendor:/opt/ros/jazzy/opt/gz_rendering_vendor:/opt/ros/jazzy/opt/gz_plugin_vendor:/opt/ros/jazzy/opt/gz_fuel_tools_vendor:/opt/ros/jazzy/opt/gz_msgs_vendor:/opt/ros/jazzy/opt/gz_common_vendor:/opt/ros/jazzy/opt/gz_math_vendor:/opt/ros/jazzy/opt/gz_utils_vendor:/opt/ros/jazzy/opt/gz_tools_vendor:/opt/ros/jazzy/opt/gz_ogre_next_vendor:/opt/ros/jazzy/opt/gz_dartsim_vendor:/opt/ros/jazzy/opt/gz_cmake_vendor:/opt/ros/jazzy DEBUGINFOD_URLS=https://debuginfod.ubuntu.com LD_LIBRARY_PATH=/home/luka/ws_moveit/install/moveit_ros_visualization/lib:/home/luka/ws_moveit/install/moveit_ros_planning_interface/lib:/home/luka/ws_moveit/install/moveit_ros_move_group/lib:/home/luka/ws_moveit/install/moveit_ros_warehouse/lib:/home/luka/ws_moveit/install/moveit_ros_robot_interaction/lib:/home/luka/ws_moveit/install/moveit_kinematics/lib:/home/luka/ws_moveit/install/moveit_ros_planning/lib:/home/luka/ws_moveit/install/moveit_simple_controller_manager/lib:/home/luka/ws_moveit/install/moveit_ros_occupancy_map_monitor/lib:/home/luka/ws_moveit/install/moveit_core/lib:/home/luka/ws_moveit/install/moveit_msgs/lib:${LD_LIBRARY_PATH} PATH=/home/luka/ws_moveit/install/moveit_core/bin:${PATH} PYTHONPATH=/home/luka/ws_moveit/install/moveit_msgs/lib/python3.12/site-packages:/home/luka/ws_moveit/install/moveit_configs_utils/lib/python3.12/site-packages:${PYTHONPATH} /usr/bin/cmake --build /home/luka/ws_moveit/build/moveit_servo -- -j4 -l4
[0.139s] [  6%] Built target moveit_servo_lib_parameters
[0.147s] [ 13%] Built target gtest_main
[0.152s] [ 20%] Built target servo_node
[0.154s] [ 24%] [32m[1mLinking CXX executable servo_keyboard_input[0m
[0.186s] [ 31%] Built target gtest
[0.233s] [ 34%] [32m[1mLinking CXX shared library libmoveit_servo_lib_cpp.so[0m
[0.249s] [ 37%] [32m[1mLinking CXX executable moveit_servo_ros_integration_test[0m
[1.044s] [ 51%] Built target moveit_servo_lib_cpp
[1.116s] [ 55%] Built target servo_keyboard_input
[1.162s] [ 58%] [32m[1mLinking CXX shared library libmoveit_servo_lib_ros.so[0m
[1.167s] [ 62%] [32m[1mLinking CXX executable demo_joint_jog[0m
[1.216s] [ 65%] [32m[1mLinking CXX executable demo_twist[0m
[1.241s] [ 68%] Built target moveit_servo_ros_integration_test
[1.334s] [ 72%] [32m[1mLinking CXX executable demo_pose[0m
[2.551s] [ 75%] Built target demo_joint_jog
[2.665s] [ 79%] [32m[1mLinking CXX executable moveit_servo_utils_test[0m
[2.790s] [ 82%] Built target moveit_servo_lib_ros
[2.880s] [ 86%] [32m[1mLinking CXX executable moveit_servo_cpp_integration_test[0m
[3.012s] [ 89%] Built target demo_twist
[3.089s] [ 93%] Built target demo_pose
[3.493s] [ 96%] Built target moveit_servo_utils_test
[3.667s] [100%] Built target moveit_servo_cpp_integration_test
[3.682s] Invoked command in '/home/luka/ws_moveit/build/moveit_servo' returned '0': AMENT_PREFIX_PATH=/home/luka/ws_moveit/install/moveit_ros_visualization:/home/luka/ws_moveit/install/moveit_ros_planning_interface:/home/luka/ws_moveit/install/moveit_ros_move_group:/home/luka/ws_moveit/install/moveit_ros_warehouse:/home/luka/ws_moveit/install/moveit_ros_robot_interaction:/home/luka/ws_moveit/install/moveit_kinematics:/home/luka/ws_moveit/install/moveit_ros_planning:/home/luka/ws_moveit/install/moveit_simple_controller_manager:/home/luka/ws_moveit/install/moveit_ros_occupancy_map_monitor:/home/luka/ws_moveit/install/moveit_core:/home/luka/ws_moveit/install/moveit_resources_panda_moveit_config:/home/luka/ws_moveit/install/moveit_resources_fanuc_moveit_config:/home/luka/ws_moveit/install/moveit_resources_pr2_description:/home/luka/ws_moveit/install/moveit_resources_panda_description:/home/luka/ws_moveit/install/moveit_resources_fanuc_description:/home/luka/ws_moveit/install/moveit_msgs:/home/luka/ws_moveit/install/moveit_configs_utils:/home/luka/ws_moveit/install/moveit_common:${AMENT_PREFIX_PATH} CMAKE_PREFIX_PATH=/home/luka/ws_moveit/install/moveit_ros_visualization:/home/luka/ws_moveit/install/moveit_ros_planning_interface:/home/luka/ws_moveit/install/moveit_ros_move_group:/home/luka/ws_moveit/install/moveit_ros_warehouse:/home/luka/ws_moveit/install/moveit_ros_robot_interaction:/home/luka/ws_moveit/install/moveit_kinematics:/home/luka/ws_moveit/install/moveit_ros_planning:/home/luka/ws_moveit/install/moveit_simple_controller_manager:/home/luka/ws_moveit/install/moveit_ros_occupancy_map_monitor:/home/luka/ws_moveit/install/moveit_core:/home/luka/ws_moveit/install/moveit_resources_panda_moveit_config:/home/luka/ws_moveit/install/moveit_resources_fanuc_moveit_config:/home/luka/ws_moveit/install/moveit_resources_pr2_description:/home/luka/ws_moveit/install/moveit_resources_panda_description:/home/luka/ws_moveit/install/moveit_resources_fanuc_description:/home/luka/ws_moveit/install/moveit_msgs:/home/luka/ws_moveit/install/moveit_common:/opt/ros/jazzy/opt/gz_sim_vendor:/opt/ros/jazzy/opt/gz_sensors_vendor:/opt/ros/jazzy/opt/gz_physics_vendor:/opt/ros/jazzy/opt/sdformat_vendor:/opt/ros/jazzy/opt/gz_gui_vendor:/opt/ros/jazzy/opt/gz_transport_vendor:/opt/ros/jazzy/opt/gz_rendering_vendor:/opt/ros/jazzy/opt/gz_plugin_vendor:/opt/ros/jazzy/opt/gz_fuel_tools_vendor:/opt/ros/jazzy/opt/gz_msgs_vendor:/opt/ros/jazzy/opt/gz_common_vendor:/opt/ros/jazzy/opt/gz_math_vendor:/opt/ros/jazzy/opt/gz_utils_vendor:/opt/ros/jazzy/opt/gz_tools_vendor:/opt/ros/jazzy/opt/gz_ogre_next_vendor:/opt/ros/jazzy/opt/gz_dartsim_vendor:/opt/ros/jazzy/opt/gz_cmake_vendor:/opt/ros/jazzy DEBUGINFOD_URLS=https://debuginfod.ubuntu.com LD_LIBRARY_PATH=/home/luka/ws_moveit/install/moveit_ros_visualization/lib:/home/luka/ws_moveit/install/moveit_ros_planning_interface/lib:/home/luka/ws_moveit/install/moveit_ros_move_group/lib:/home/luka/ws_moveit/install/moveit_ros_warehouse/lib:/home/luka/ws_moveit/install/moveit_ros_robot_interaction/lib:/home/luka/ws_moveit/install/moveit_kinematics/lib:/home/luka/ws_moveit/install/moveit_ros_planning/lib:/home/luka/ws_moveit/install/moveit_simple_controller_manager/lib:/home/luka/ws_moveit/install/moveit_ros_occupancy_map_monitor/lib:/home/luka/ws_moveit/install/moveit_core/lib:/home/luka/ws_moveit/install/moveit_msgs/lib:${LD_LIBRARY_PATH} PATH=/home/luka/ws_moveit/install/moveit_core/bin:${PATH} PYTHONPATH=/home/luka/ws_moveit/install/moveit_msgs/lib/python3.12/site-packages:/home/luka/ws_moveit/install/moveit_configs_utils/lib/python3.12/site-packages:${PYTHONPATH} /usr/bin/cmake --build /home/luka/ws_moveit/build/moveit_servo -- -j4 -l4
[3.684s] Invoking command in '/home/luka/ws_moveit/build/moveit_servo': AMENT_PREFIX_PATH=/home/luka/ws_moveit/install/moveit_ros_visualization:/home/luka/ws_moveit/install/moveit_ros_planning_interface:/home/luka/ws_moveit/install/moveit_ros_move_group:/home/luka/ws_moveit/install/moveit_ros_warehouse:/home/luka/ws_moveit/install/moveit_ros_robot_interaction:/home/luka/ws_moveit/install/moveit_kinematics:/home/luka/ws_moveit/install/moveit_ros_planning:/home/luka/ws_moveit/install/moveit_simple_controller_manager:/home/luka/ws_moveit/install/moveit_ros_occupancy_map_monitor:/home/luka/ws_moveit/install/moveit_core:/home/luka/ws_moveit/install/moveit_resources_panda_moveit_config:/home/luka/ws_moveit/install/moveit_resources_fanuc_moveit_config:/home/luka/ws_moveit/install/moveit_resources_pr2_description:/home/luka/ws_moveit/install/moveit_resources_panda_description:/home/luka/ws_moveit/install/moveit_resources_fanuc_description:/home/luka/ws_moveit/install/moveit_msgs:/home/luka/ws_moveit/install/moveit_configs_utils:/home/luka/ws_moveit/install/moveit_common:${AMENT_PREFIX_PATH} CMAKE_PREFIX_PATH=/home/luka/ws_moveit/install/moveit_ros_visualization:/home/luka/ws_moveit/install/moveit_ros_planning_interface:/home/luka/ws_moveit/install/moveit_ros_move_group:/home/luka/ws_moveit/install/moveit_ros_warehouse:/home/luka/ws_moveit/install/moveit_ros_robot_interaction:/home/luka/ws_moveit/install/moveit_kinematics:/home/luka/ws_moveit/install/moveit_ros_planning:/home/luka/ws_moveit/install/moveit_simple_controller_manager:/home/luka/ws_moveit/install/moveit_ros_occupancy_map_monitor:/home/luka/ws_moveit/install/moveit_core:/home/luka/ws_moveit/install/moveit_resources_panda_moveit_config:/home/luka/ws_moveit/install/moveit_resources_fanuc_moveit_config:/home/luka/ws_moveit/install/moveit_resources_pr2_description:/home/luka/ws_moveit/install/moveit_resources_panda_description:/home/luka/ws_moveit/install/moveit_resources_fanuc_description:/home/luka/ws_moveit/install/moveit_msgs:/home/luka/ws_moveit/install/moveit_common:/opt/ros/jazzy/opt/gz_sim_vendor:/opt/ros/jazzy/opt/gz_sensors_vendor:/opt/ros/jazzy/opt/gz_physics_vendor:/opt/ros/jazzy/opt/sdformat_vendor:/opt/ros/jazzy/opt/gz_gui_vendor:/opt/ros/jazzy/opt/gz_transport_vendor:/opt/ros/jazzy/opt/gz_rendering_vendor:/opt/ros/jazzy/opt/gz_plugin_vendor:/opt/ros/jazzy/opt/gz_fuel_tools_vendor:/opt/ros/jazzy/opt/gz_msgs_vendor:/opt/ros/jazzy/opt/gz_common_vendor:/opt/ros/jazzy/opt/gz_math_vendor:/opt/ros/jazzy/opt/gz_utils_vendor:/opt/ros/jazzy/opt/gz_tools_vendor:/opt/ros/jazzy/opt/gz_ogre_next_vendor:/opt/ros/jazzy/opt/gz_dartsim_vendor:/opt/ros/jazzy/opt/gz_cmake_vendor:/opt/ros/jazzy DEBUGINFOD_URLS=https://debuginfod.ubuntu.com LD_LIBRARY_PATH=/home/luka/ws_moveit/install/moveit_ros_visualization/lib:/home/luka/ws_moveit/install/moveit_ros_planning_interface/lib:/home/luka/ws_moveit/install/moveit_ros_move_group/lib:/home/luka/ws_moveit/install/moveit_ros_warehouse/lib:/home/luka/ws_moveit/install/moveit_ros_robot_interaction/lib:/home/luka/ws_moveit/install/moveit_kinematics/lib:/home/luka/ws_moveit/install/moveit_ros_planning/lib:/home/luka/ws_moveit/install/moveit_simple_controller_manager/lib:/home/luka/ws_moveit/install/moveit_ros_occupancy_map_monitor/lib:/home/luka/ws_moveit/install/moveit_core/lib:/home/luka/ws_moveit/install/moveit_msgs/lib:${LD_LIBRARY_PATH} PATH=/home/luka/ws_moveit/install/moveit_core/bin:${PATH} PYTHONPATH=/home/luka/ws_moveit/install/moveit_msgs/lib/python3.12/site-packages:/home/luka/ws_moveit/install/moveit_configs_utils/lib/python3.12/site-packages:${PYTHONPATH} /usr/bin/cmake --install /home/luka/ws_moveit/build/moveit_servo
[3.695s] -- Install configuration: "Release"
[3.695s] -- Up-to-date: /home/luka/ws_moveit/install/moveit_servo/include/moveit_servo
[3.695s] -- Up-to-date: /home/luka/ws_moveit/install/moveit_servo/include/moveit_servo/moveit_servo_lib_parameters.hpp
[3.696s] -- Up-to-date: /home/luka/ws_moveit/install/moveit_servo/lib/moveit_servo/servo_node
[3.697s] -- Installing: /home/luka/ws_moveit/install/moveit_servo/lib/libmoveit_servo_lib_cpp.so.2.14.1
[3.699s] -- Set non-toolchain portion of runtime path of "/home/luka/ws_moveit/install/moveit_servo/lib/libmoveit_servo_lib_cpp.so.2.14.1" to ""
[3.699s] -- Up-to-date: /home/luka/ws_moveit/install/moveit_servo/lib/libmoveit_servo_lib_cpp.so
[3.699s] -- Installing: /home/luka/ws_moveit/install/moveit_servo/lib/libmoveit_servo_lib_ros.so.2.14.1
[3.702s] -- Set non-toolchain portion of runtime path of "/home/luka/ws_moveit/install/moveit_servo/lib/libmoveit_servo_lib_ros.so.2.14.1" to ""
[3.702s] -- Up-to-date: /home/luka/ws_moveit/install/moveit_servo/lib/libmoveit_servo_lib_ros.so
[3.703s] -- Installing: /home/luka/ws_moveit/install/moveit_servo/lib/moveit_servo/demo_joint_jog
[3.704s] -- Set non-toolchain portion of runtime path of "/home/luka/ws_moveit/install/moveit_servo/lib/moveit_servo/demo_joint_jog" to ""
[3.704s] -- Installing: /home/luka/ws_moveit/install/moveit_servo/lib/moveit_servo/demo_twist
[3.705s] -- Set non-toolchain portion of runtime path of "/home/luka/ws_moveit/install/moveit_servo/lib/moveit_servo/demo_twist" to ""
[3.706s] -- Installing: /home/luka/ws_moveit/install/moveit_servo/lib/moveit_servo/demo_pose
[3.707s] -- Set non-toolchain portion of runtime path of "/home/luka/ws_moveit/install/moveit_servo/lib/moveit_servo/demo_pose" to ""
[3.707s] -- Up-to-date: /home/luka/ws_moveit/install/moveit_servo/lib/moveit_servo/servo_node
[3.709s] -- Installing: /home/luka/ws_moveit/install/moveit_servo/lib/moveit_servo/servo_keyboard_input
[3.710s] -- Set non-toolchain portion of runtime path of "/home/luka/ws_moveit/install/moveit_servo/lib/moveit_servo/servo_keyboard_input" to ""
[3.710s] -- Up-to-date: /home/luka/ws_moveit/install/moveit_servo/include/moveit_servo
[3.710s] -- Up-to-date: /home/luka/ws_moveit/install/moveit_servo/include/moveit_servo/moveit_servo
[3.711s] -- Up-to-date: /home/luka/ws_moveit/install/moveit_servo/include/moveit_servo/moveit_servo/servo.h
[3.711s] -- Up-to-date: /home/luka/ws_moveit/install/moveit_servo/include/moveit_servo/moveit_servo/collision_monitor.h
[3.711s] -- Up-to-date: /home/luka/ws_moveit/install/moveit_servo/include/moveit_servo/moveit_servo/servo_node.h
[3.711s] -- Up-to-date: /home/luka/ws_moveit/install/moveit_servo/include/moveit_servo/moveit_servo/utils
[3.711s] -- Up-to-date: /home/luka/ws_moveit/install/moveit_servo/include/moveit_servo/moveit_servo/utils/datatypes.h
[3.711s] -- Up-to-date: /home/luka/ws_moveit/install/moveit_servo/include/moveit_servo/moveit_servo/utils/command.hpp
[3.712s] -- Up-to-date: /home/luka/ws_moveit/install/moveit_servo/include/moveit_servo/moveit_servo/utils/common.hpp
[3.712s] -- Up-to-date: /home/luka/ws_moveit/install/moveit_servo/include/moveit_servo/moveit_servo/utils/command.h
[3.712s] -- Up-to-date: /home/luka/ws_moveit/install/moveit_servo/include/moveit_servo/moveit_servo/utils/datatypes.hpp
[3.712s] -- Up-to-date: /home/luka/ws_moveit/install/moveit_servo/include/moveit_servo/moveit_servo/utils/common.h
[3.712s] -- Up-to-date: /home/luka/ws_moveit/install/moveit_servo/include/moveit_servo/moveit_servo/collision_monitor.hpp
[3.713s] -- Up-to-date: /home/luka/ws_moveit/install/moveit_servo/include/moveit_servo/moveit_servo/servo_node.hpp
[3.713s] -- Up-to-date: /home/luka/ws_moveit/install/moveit_servo/include/moveit_servo/moveit_servo/servo.hpp
[3.713s] -- Up-to-date: /home/luka/ws_moveit/install/moveit_servo/share/moveit_servo/launch
[3.713s] -- Up-to-date: /home/luka/ws_moveit/install/moveit_servo/share/moveit_servo/launch/demo_pose.launch.py
[3.713s] -- Up-to-date: /home/luka/ws_moveit/install/moveit_servo/share/moveit_servo/launch/demo_joint_jog.launch.py
[3.714s] -- Up-to-date: /home/luka/ws_moveit/install/moveit_servo/share/moveit_servo/launch/demo_twist.launch.py
[3.714s] -- Up-to-date: /home/luka/ws_moveit/install/moveit_servo/share/moveit_servo/launch/demo_ros_api.launch.py
[3.714s] -- Up-to-date: /home/luka/ws_moveit/install/moveit_servo/share/moveit_servo/config
[3.714s] -- Up-to-date: /home/luka/ws_moveit/install/moveit_servo/share/moveit_servo/config/servo_parameters.yaml
[3.714s] -- Up-to-date: /home/luka/ws_moveit/install/moveit_servo/share/moveit_servo/config/demo_rviz_config_ros.rviz
[3.714s] -- Up-to-date: /home/luka/ws_moveit/install/moveit_servo/share/moveit_servo/config/test_config_panda.yaml
[3.714s] -- Up-to-date: /home/luka/ws_moveit/install/moveit_servo/share/moveit_servo/config/panda_simulated_config.yaml
[3.715s] -- Up-to-date: /home/luka/ws_moveit/install/moveit_servo/share/moveit_servo/config/demo_rviz_config.rviz
[3.715s] -- Up-to-date: /home/luka/ws_moveit/install/moveit_servo/share/moveit_servo/environment/library_path.sh
[3.715s] -- Up-to-date: /home/luka/ws_moveit/install/moveit_servo/share/moveit_servo/environment/library_path.dsv
[3.715s] -- Up-to-date: /home/luka/ws_moveit/install/moveit_servo/share/ament_index/resource_index/package_run_dependencies/moveit_servo
[3.715s] -- Up-to-date: /home/luka/ws_moveit/install/moveit_servo/share/ament_index/resource_index/parent_prefix_path/moveit_servo
[3.715s] -- Up-to-date: /home/luka/ws_moveit/install/moveit_servo/share/moveit_servo/environment/ament_prefix_path.sh
[3.716s] -- Up-to-date: /home/luka/ws_moveit/install/moveit_servo/share/moveit_servo/environment/ament_prefix_path.dsv
[3.716s] -- Up-to-date: /home/luka/ws_moveit/install/moveit_servo/share/moveit_servo/environment/path.sh
[3.716s] -- Up-to-date: /home/luka/ws_moveit/install/moveit_servo/share/moveit_servo/environment/path.dsv
[3.716s] -- Up-to-date: /home/luka/ws_moveit/install/moveit_servo/share/moveit_servo/local_setup.bash
[3.716s] -- Up-to-date: /home/luka/ws_moveit/install/moveit_servo/share/moveit_servo/local_setup.sh
[3.716s] -- Up-to-date: /home/luka/ws_moveit/install/moveit_servo/share/moveit_servo/local_setup.zsh
[3.717s] -- Up-to-date: /home/luka/ws_moveit/install/moveit_servo/share/moveit_servo/local_setup.dsv
[3.717s] -- Installing: /home/luka/ws_moveit/install/moveit_servo/share/moveit_servo/package.dsv
[3.717s] -- Up-to-date: /home/luka/ws_moveit/install/moveit_servo/share/ament_index/resource_index/packages/moveit_servo
[3.717s] -- Up-to-date: /home/luka/ws_moveit/install/moveit_servo/share/ament_index/resource_index/rclcpp_components/moveit_servo
[3.717s] -- Up-to-date: /home/luka/ws_moveit/install/moveit_servo/share/moveit_servo/cmake/moveit_servoTargetsExport.cmake
[3.717s] -- Up-to-date: /home/luka/ws_moveit/install/moveit_servo/share/moveit_servo/cmake/moveit_servoTargetsExport-release.cmake
[3.718s] -- Up-to-date: /home/luka/ws_moveit/install/moveit_servo/share/moveit_servo/cmake/ament_cmake_export_dependencies-extras.cmake
[3.718s] -- Up-to-date: /home/luka/ws_moveit/install/moveit_servo/share/moveit_servo/cmake/ament_cmake_export_targets-extras.cmake
[3.718s] -- Up-to-date: /home/luka/ws_moveit/install/moveit_servo/share/moveit_servo/cmake/moveit_servoConfig.cmake
[3.718s] -- Up-to-date: /home/luka/ws_moveit/install/moveit_servo/share/moveit_servo/cmake/moveit_servoConfig-version.cmake
[3.718s] -- Up-to-date: /home/luka/ws_moveit/install/moveit_servo/share/moveit_servo/package.xml
[3.719s] Invoked command in '/home/luka/ws_moveit/build/moveit_servo' returned '0': AMENT_PREFIX_PATH=/home/luka/ws_moveit/install/moveit_ros_visualization:/home/luka/ws_moveit/install/moveit_ros_planning_interface:/home/luka/ws_moveit/install/moveit_ros_move_group:/home/luka/ws_moveit/install/moveit_ros_warehouse:/home/luka/ws_moveit/install/moveit_ros_robot_interaction:/home/luka/ws_moveit/install/moveit_kinematics:/home/luka/ws_moveit/install/moveit_ros_planning:/home/luka/ws_moveit/install/moveit_simple_controller_manager:/home/luka/ws_moveit/install/moveit_ros_occupancy_map_monitor:/home/luka/ws_moveit/install/moveit_core:/home/luka/ws_moveit/install/moveit_resources_panda_moveit_config:/home/luka/ws_moveit/install/moveit_resources_fanuc_moveit_config:/home/luka/ws_moveit/install/moveit_resources_pr2_description:/home/luka/ws_moveit/install/moveit_resources_panda_description:/home/luka/ws_moveit/install/moveit_resources_fanuc_description:/home/luka/ws_moveit/install/moveit_msgs:/home/luka/ws_moveit/install/moveit_configs_utils:/home/luka/ws_moveit/install/moveit_common:${AMENT_PREFIX_PATH} CMAKE_PREFIX_PATH=/home/luka/ws_moveit/install/moveit_ros_visualization:/home/luka/ws_moveit/install/moveit_ros_planning_interface:/home/luka/ws_moveit/install/moveit_ros_move_group:/home/luka/ws_moveit/install/moveit_ros_warehouse:/home/luka/ws_moveit/install/moveit_ros_robot_interaction:/home/luka/ws_moveit/install/moveit_kinematics:/home/luka/ws_moveit/install/moveit_ros_planning:/home/luka/ws_moveit/install/moveit_simple_controller_manager:/home/luka/ws_moveit/install/moveit_ros_occupancy_map_monitor:/home/luka/ws_moveit/install/moveit_core:/home/luka/ws_moveit/install/moveit_resources_panda_moveit_config:/home/luka/ws_moveit/install/moveit_resources_fanuc_moveit_config:/home/luka/ws_moveit/install/moveit_resources_pr2_description:/home/luka/ws_moveit/install/moveit_resources_panda_description:/home/luka/ws_moveit/install/moveit_resources_fanuc_description:/home/luka/ws_moveit/install/moveit_msgs:/home/luka/ws_moveit/install/moveit_common:/opt/ros/jazzy/opt/gz_sim_vendor:/opt/ros/jazzy/opt/gz_sensors_vendor:/opt/ros/jazzy/opt/gz_physics_vendor:/opt/ros/jazzy/opt/sdformat_vendor:/opt/ros/jazzy/opt/gz_gui_vendor:/opt/ros/jazzy/opt/gz_transport_vendor:/opt/ros/jazzy/opt/gz_rendering_vendor:/opt/ros/jazzy/opt/gz_plugin_vendor:/opt/ros/jazzy/opt/gz_fuel_tools_vendor:/opt/ros/jazzy/opt/gz_msgs_vendor:/opt/ros/jazzy/opt/gz_common_vendor:/opt/ros/jazzy/opt/gz_math_vendor:/opt/ros/jazzy/opt/gz_utils_vendor:/opt/ros/jazzy/opt/gz_tools_vendor:/opt/ros/jazzy/opt/gz_ogre_next_vendor:/opt/ros/jazzy/opt/gz_dartsim_vendor:/opt/ros/jazzy/opt/gz_cmake_vendor:/opt/ros/jazzy DEBUGINFOD_URLS=https://debuginfod.ubuntu.com LD_LIBRARY_PATH=/home/luka/ws_moveit/install/moveit_ros_visualization/lib:/home/luka/ws_moveit/install/moveit_ros_planning_interface/lib:/home/luka/ws_moveit/install/moveit_ros_move_group/lib:/home/luka/ws_moveit/install/moveit_ros_warehouse/lib:/home/luka/ws_moveit/install/moveit_ros_robot_interaction/lib:/home/luka/ws_moveit/install/moveit_kinematics/lib:/home/luka/ws_moveit/install/moveit_ros_planning/lib:/home/luka/ws_moveit/install/moveit_simple_controller_manager/lib:/home/luka/ws_moveit/install/moveit_ros_occupancy_map_monitor/lib:/home/luka/ws_moveit/install/moveit_core/lib:/home/luka/ws_moveit/install/moveit_msgs/lib:${LD_LIBRARY_PATH} PATH=/home/luka/ws_moveit/install/moveit_core/bin:${PATH} PYTHONPATH=/home/luka/ws_moveit/install/moveit_msgs/lib/python3.12/site-packages:/home/luka/ws_moveit/install/moveit_configs_utils/lib/python3.12/site-packages:${PYTHONPATH} /usr/bin/cmake --install /home/luka/ws_moveit/build/moveit_servo
