[0.026s] Invoking command in '/home/luka/ws_moveit/build/kortex_bringup': AMENT_PREFIX_PATH=/home/luka/ws_moveit/install/kortex_driver:/home/luka/ws_moveit/install/kortex_description:/home/luka/ws_moveit/install/robotiq_description:/home/luka/ws_moveit/install/kortex_api:${AMENT_PREFIX_PATH} CMAKE_PREFIX_PATH=/home/luka/ws_moveit/install/kortex_driver:/home/luka/ws_moveit/install/kortex_description:/home/luka/ws_moveit/install/robotiq_description:/home/luka/ws_moveit/install/kortex_api:/opt/ros/jazzy/opt/gz_sim_vendor:/opt/ros/jazzy/opt/gz_sensors_vendor:/opt/ros/jazzy/opt/gz_physics_vendor:/opt/ros/jazzy/opt/sdformat_vendor:/opt/ros/jazzy/opt/gz_gui_vendor:/opt/ros/jazzy/opt/gz_transport_vendor:/opt/ros/jazzy/opt/gz_rendering_vendor:/opt/ros/jazzy/opt/gz_plugin_vendor:/opt/ros/jazzy/opt/gz_fuel_tools_vendor:/opt/ros/jazzy/opt/gz_msgs_vendor:/opt/ros/jazzy/opt/gz_common_vendor:/opt/ros/jazzy/opt/gz_math_vendor:/opt/ros/jazzy/opt/gz_utils_vendor:/opt/ros/jazzy/opt/gz_tools_vendor:/opt/ros/jazzy/opt/gz_ogre_next_vendor:/opt/ros/jazzy/opt/gz_dartsim_vendor:/opt/ros/jazzy/opt/gz_cmake_vendor:/opt/ros/jazzy DEBUGINFOD_URLS=https://debuginfod.ubuntu.com LD_LIBRARY_PATH=/home/luka/ws_moveit/install/kortex_driver/lib:${LD_LIBRARY_PATH} /usr/bin/cmake --build /home/luka/ws_moveit/build/kortex_bringup -- -j4 -l4
[0.103s] Invoked command in '/home/luka/ws_moveit/build/kortex_bringup' returned '0': AMENT_PREFIX_PATH=/home/luka/ws_moveit/install/kortex_driver:/home/luka/ws_moveit/install/kortex_description:/home/luka/ws_moveit/install/robotiq_description:/home/luka/ws_moveit/install/kortex_api:${AMENT_PREFIX_PATH} CMAKE_PREFIX_PATH=/home/luka/ws_moveit/install/kortex_driver:/home/luka/ws_moveit/install/kortex_description:/home/luka/ws_moveit/install/robotiq_description:/home/luka/ws_moveit/install/kortex_api:/opt/ros/jazzy/opt/gz_sim_vendor:/opt/ros/jazzy/opt/gz_sensors_vendor:/opt/ros/jazzy/opt/gz_physics_vendor:/opt/ros/jazzy/opt/sdformat_vendor:/opt/ros/jazzy/opt/gz_gui_vendor:/opt/ros/jazzy/opt/gz_transport_vendor:/opt/ros/jazzy/opt/gz_rendering_vendor:/opt/ros/jazzy/opt/gz_plugin_vendor:/opt/ros/jazzy/opt/gz_fuel_tools_vendor:/opt/ros/jazzy/opt/gz_msgs_vendor:/opt/ros/jazzy/opt/gz_common_vendor:/opt/ros/jazzy/opt/gz_math_vendor:/opt/ros/jazzy/opt/gz_utils_vendor:/opt/ros/jazzy/opt/gz_tools_vendor:/opt/ros/jazzy/opt/gz_ogre_next_vendor:/opt/ros/jazzy/opt/gz_dartsim_vendor:/opt/ros/jazzy/opt/gz_cmake_vendor:/opt/ros/jazzy DEBUGINFOD_URLS=https://debuginfod.ubuntu.com LD_LIBRARY_PATH=/home/luka/ws_moveit/install/kortex_driver/lib:${LD_LIBRARY_PATH} /usr/bin/cmake --build /home/luka/ws_moveit/build/kortex_bringup -- -j4 -l4
[0.106s] Invoking command in '/home/luka/ws_moveit/build/kortex_bringup': AMENT_PREFIX_PATH=/home/luka/ws_moveit/install/kortex_driver:/home/luka/ws_moveit/install/kortex_description:/home/luka/ws_moveit/install/robotiq_description:/home/luka/ws_moveit/install/kortex_api:${AMENT_PREFIX_PATH} CMAKE_PREFIX_PATH=/home/luka/ws_moveit/install/kortex_driver:/home/luka/ws_moveit/install/kortex_description:/home/luka/ws_moveit/install/robotiq_description:/home/luka/ws_moveit/install/kortex_api:/opt/ros/jazzy/opt/gz_sim_vendor:/opt/ros/jazzy/opt/gz_sensors_vendor:/opt/ros/jazzy/opt/gz_physics_vendor:/opt/ros/jazzy/opt/sdformat_vendor:/opt/ros/jazzy/opt/gz_gui_vendor:/opt/ros/jazzy/opt/gz_transport_vendor:/opt/ros/jazzy/opt/gz_rendering_vendor:/opt/ros/jazzy/opt/gz_plugin_vendor:/opt/ros/jazzy/opt/gz_fuel_tools_vendor:/opt/ros/jazzy/opt/gz_msgs_vendor:/opt/ros/jazzy/opt/gz_common_vendor:/opt/ros/jazzy/opt/gz_math_vendor:/opt/ros/jazzy/opt/gz_utils_vendor:/opt/ros/jazzy/opt/gz_tools_vendor:/opt/ros/jazzy/opt/gz_ogre_next_vendor:/opt/ros/jazzy/opt/gz_dartsim_vendor:/opt/ros/jazzy/opt/gz_cmake_vendor:/opt/ros/jazzy DEBUGINFOD_URLS=https://debuginfod.ubuntu.com LD_LIBRARY_PATH=/home/luka/ws_moveit/install/kortex_driver/lib:${LD_LIBRARY_PATH} /usr/bin/cmake --install /home/luka/ws_moveit/build/kortex_bringup
[0.128s] -- Install configuration: "Release"
[0.128s] -- Up-to-date: /home/luka/ws_moveit/install/kortex_bringup/lib/kortex_bringup/test_huge_joint_space_jump.py
[0.128s] -- Up-to-date: /home/luka/ws_moveit/install/kortex_bringup/share/kortex_bringup/config
[0.129s] -- Up-to-date: /home/luka/ws_moveit/install/kortex_bringup/share/kortex_bringup/config/test_huge_joint_space_jump_config.yaml
[0.130s] -- Up-to-date: /home/luka/ws_moveit/install/kortex_bringup/share/kortex_bringup/config/servo.yaml
[0.130s] -- Up-to-date: /home/luka/ws_moveit/install/kortex_bringup/share/kortex_bringup/config/test_trajectory_goal_publishers_config.yaml
[0.131s] -- Up-to-date: /home/luka/ws_moveit/install/kortex_bringup/share/kortex_bringup/launch
[0.131s] -- Up-to-date: /home/luka/ws_moveit/install/kortex_bringup/share/kortex_bringup/launch/kortex_control.launch.py
[0.131s] -- Up-to-date: /home/luka/ws_moveit/install/kortex_bringup/share/kortex_bringup/launch/test_joint_trajectory_controller.launch.py
[0.131s] -- Up-to-date: /home/luka/ws_moveit/install/kortex_bringup/share/kortex_bringup/launch/test_huge_joint_space_jump.launch.py
[0.131s] -- Up-to-date: /home/luka/ws_moveit/install/kortex_bringup/share/kortex_bringup/launch/gen3.launch.py
[0.131s] -- Up-to-date: /home/luka/ws_moveit/install/kortex_bringup/share/kortex_bringup/launch/gen3_lite.launch.py
[0.132s] -- Up-to-date: /home/luka/ws_moveit/install/kortex_bringup/share/kortex_bringup/launch/kortex_sim_control.launch.py
[0.132s] -- Up-to-date: /home/luka/ws_moveit/install/kortex_bringup/share/ament_index/resource_index/package_run_dependencies/kortex_bringup
[0.132s] -- Up-to-date: /home/luka/ws_moveit/install/kortex_bringup/share/ament_index/resource_index/parent_prefix_path/kortex_bringup
[0.132s] -- Up-to-date: /home/luka/ws_moveit/install/kortex_bringup/share/kortex_bringup/environment/ament_prefix_path.sh
[0.133s] -- Up-to-date: /home/luka/ws_moveit/install/kortex_bringup/share/kortex_bringup/environment/ament_prefix_path.dsv
[0.134s] -- Up-to-date: /home/luka/ws_moveit/install/kortex_bringup/share/kortex_bringup/environment/path.sh
[0.134s] -- Up-to-date: /home/luka/ws_moveit/install/kortex_bringup/share/kortex_bringup/environment/path.dsv
[0.134s] -- Up-to-date: /home/luka/ws_moveit/install/kortex_bringup/share/kortex_bringup/local_setup.bash
[0.134s] -- Up-to-date: /home/luka/ws_moveit/install/kortex_bringup/share/kortex_bringup/local_setup.sh
[0.134s] -- Up-to-date: /home/luka/ws_moveit/install/kortex_bringup/share/kortex_bringup/local_setup.zsh
[0.135s] -- Up-to-date: /home/luka/ws_moveit/install/kortex_bringup/share/kortex_bringup/local_setup.dsv
[0.135s] -- Up-to-date: /home/luka/ws_moveit/install/kortex_bringup/share/kortex_bringup/package.dsv
[0.135s] -- Up-to-date: /home/luka/ws_moveit/install/kortex_bringup/share/ament_index/resource_index/packages/kortex_bringup
[0.135s] -- Up-to-date: /home/luka/ws_moveit/install/kortex_bringup/share/kortex_bringup/cmake/kortex_bringupConfig.cmake
[0.135s] -- Up-to-date: /home/luka/ws_moveit/install/kortex_bringup/share/kortex_bringup/cmake/kortex_bringupConfig-version.cmake
[0.135s] -- Up-to-date: /home/luka/ws_moveit/install/kortex_bringup/share/kortex_bringup/package.xml
[0.138s] Invoked command in '/home/luka/ws_moveit/build/kortex_bringup' returned '0': AMENT_PREFIX_PATH=/home/luka/ws_moveit/install/kortex_driver:/home/luka/ws_moveit/install/kortex_description:/home/luka/ws_moveit/install/robotiq_description:/home/luka/ws_moveit/install/kortex_api:${AMENT_PREFIX_PATH} CMAKE_PREFIX_PATH=/home/luka/ws_moveit/install/kortex_driver:/home/luka/ws_moveit/install/kortex_description:/home/luka/ws_moveit/install/robotiq_description:/home/luka/ws_moveit/install/kortex_api:/opt/ros/jazzy/opt/gz_sim_vendor:/opt/ros/jazzy/opt/gz_sensors_vendor:/opt/ros/jazzy/opt/gz_physics_vendor:/opt/ros/jazzy/opt/sdformat_vendor:/opt/ros/jazzy/opt/gz_gui_vendor:/opt/ros/jazzy/opt/gz_transport_vendor:/opt/ros/jazzy/opt/gz_rendering_vendor:/opt/ros/jazzy/opt/gz_plugin_vendor:/opt/ros/jazzy/opt/gz_fuel_tools_vendor:/opt/ros/jazzy/opt/gz_msgs_vendor:/opt/ros/jazzy/opt/gz_common_vendor:/opt/ros/jazzy/opt/gz_math_vendor:/opt/ros/jazzy/opt/gz_utils_vendor:/opt/ros/jazzy/opt/gz_tools_vendor:/opt/ros/jazzy/opt/gz_ogre_next_vendor:/opt/ros/jazzy/opt/gz_dartsim_vendor:/opt/ros/jazzy/opt/gz_cmake_vendor:/opt/ros/jazzy DEBUGINFOD_URLS=https://debuginfod.ubuntu.com LD_LIBRARY_PATH=/home/luka/ws_moveit/install/kortex_driver/lib:${LD_LIBRARY_PATH} /usr/bin/cmake --install /home/luka/ws_moveit/build/kortex_bringup
