[0.043s] Invoking command in '/home/luka/ws_moveit/build/yolov8_obb': CMAKE_PREFIX_PATH=${CMAKE_PREFIX_PATH}:/home/luka/ws_moveit/install/hello_moveit_py:/home/luka/ws_moveit/install/moveit_configs_utils:/opt/ros/jazzy DEBUGINFOD_URLS=https://debuginfod.ubuntu.com /usr/bin/cmake /home/luka/ws_moveit/src/yolov8_obb -DCMAKE_INSTALL_PREFIX=/home/luka/ws_moveit/install/yolov8_obb
[0.174s] -- The C compiler identification is GNU 13.3.0
[0.296s] -- The CXX compiler identification is GNU 13.3.0
[0.335s] -- Detecting C compiler ABI info
[0.533s] -- Detecting C compiler ABI info - done
[0.548s] -- Check for working C compiler: /usr/bin/cc - skipped
[0.549s] -- Detecting C compile features
[0.550s] -- Detecting C compile features - done
[0.571s] -- Detecting CXX compiler ABI info
[0.762s] -- Detecting CXX compiler ABI info - done
[0.786s] -- Check for working CXX compiler: /usr/bin/c++ - skipped
[0.787s] -- Detecting CXX compile features
[0.787s] -- Detecting CXX compile features - done
[0.808s] -- Found ament_cmake: 2.5.4 (/opt/ros/jazzy/share/ament_cmake/cmake)
[1.166s] -- Found Python3: /usr/bin/python3 (found version "3.12.3") found components: Interpreter 
[1.495s] -- Found ament_lint_auto: 0.17.3 (/opt/ros/jazzy/share/ament_lint_auto/cmake)
[1.845s] -- Added test 'flake8' to check Python code syntax and style conventions
[1.845s] -- Configured 'flake8' exclude dirs and/or files: 
[1.851s] -- Added test 'lint_cmake' to check CMake code style
[1.856s] -- Added test 'pep257' to check Python code against some of the docstring style conventions in PEP 257
[1.863s] -- Added test 'xmllint' to check XML markup files
[1.873s] -- Configuring done (1.8s)
[1.879s] -- Generating done (0.0s)
[1.882s] -- Build files have been written to: /home/luka/ws_moveit/build/yolov8_obb
[1.893s] Invoked command in '/home/luka/ws_moveit/build/yolov8_obb' returned '0': CMAKE_PREFIX_PATH=${CMAKE_PREFIX_PATH}:/home/luka/ws_moveit/install/hello_moveit_py:/home/luka/ws_moveit/install/moveit_configs_utils:/opt/ros/jazzy DEBUGINFOD_URLS=https://debuginfod.ubuntu.com /usr/bin/cmake /home/luka/ws_moveit/src/yolov8_obb -DCMAKE_INSTALL_PREFIX=/home/luka/ws_moveit/install/yolov8_obb
[1.896s] Invoking command in '/home/luka/ws_moveit/build/yolov8_obb': CMAKE_PREFIX_PATH=${CMAKE_PREFIX_PATH}:/home/luka/ws_moveit/install/hello_moveit_py:/home/luka/ws_moveit/install/moveit_configs_utils:/opt/ros/jazzy DEBUGINFOD_URLS=https://debuginfod.ubuntu.com /usr/bin/cmake --build /home/luka/ws_moveit/build/yolov8_obb -- -j4 -l4
[1.997s] Invoked command in '/home/luka/ws_moveit/build/yolov8_obb' returned '0': CMAKE_PREFIX_PATH=${CMAKE_PREFIX_PATH}:/home/luka/ws_moveit/install/hello_moveit_py:/home/luka/ws_moveit/install/moveit_configs_utils:/opt/ros/jazzy DEBUGINFOD_URLS=https://debuginfod.ubuntu.com /usr/bin/cmake --build /home/luka/ws_moveit/build/yolov8_obb -- -j4 -l4
[2.023s] Invoking command in '/home/luka/ws_moveit/build/yolov8_obb': CMAKE_PREFIX_PATH=${CMAKE_PREFIX_PATH}:/home/luka/ws_moveit/install/hello_moveit_py:/home/luka/ws_moveit/install/moveit_configs_utils:/opt/ros/jazzy DEBUGINFOD_URLS=https://debuginfod.ubuntu.com /usr/bin/cmake --install /home/luka/ws_moveit/build/yolov8_obb
[2.046s] -- Install configuration: ""
[2.046s] -- Installing: /home/luka/ws_moveit/install/yolov8_obb/share/yolov8_obb//scripts
[2.046s] -- Installing: /home/luka/ws_moveit/install/yolov8_obb/share/yolov8_obb//scripts/yolov8_obb_subscriber.py
[2.046s] -- Installing: /home/luka/ws_moveit/install/yolov8_obb/share/yolov8_obb//scripts/best.pt
[2.054s] -- Installing: /home/luka/ws_moveit/install/yolov8_obb/share/yolov8_obb//scripts/yolov8_obb_publisher.py
[2.054s] -- Installing: /home/luka/ws_moveit/install/yolov8_obb/share/yolov8_obb//launch
[2.054s] -- Installing: /home/luka/ws_moveit/install/yolov8_obb/share/yolov8_obb//launch/yolov8_obb.launch.py
[2.054s] -- Installing: /home/luka/ws_moveit/install/yolov8_obb/lib/yolov8_obb/yolov8_obb_publisher.py
[2.055s] -- Installing: /home/luka/ws_moveit/install/yolov8_obb/lib/yolov8_obb/yolov8_obb_subscriber.py
[2.055s] -- Installing: /home/luka/ws_moveit/install/yolov8_obb/lib/yolov8_obb/yolov8_obb.launch.py
[2.055s] -- Installing: /home/luka/ws_moveit/install/yolov8_obb/share/ament_index/resource_index/package_run_dependencies/yolov8_obb
[2.056s] -- Installing: /home/luka/ws_moveit/install/yolov8_obb/share/ament_index/resource_index/parent_prefix_path/yolov8_obb
[2.056s] -- Installing: /home/luka/ws_moveit/install/yolov8_obb/share/yolov8_obb/environment/ament_prefix_path.sh
[2.057s] -- Installing: /home/luka/ws_moveit/install/yolov8_obb/share/yolov8_obb/environment/ament_prefix_path.dsv
[2.057s] -- Installing: /home/luka/ws_moveit/install/yolov8_obb/share/yolov8_obb/environment/path.sh
[2.057s] -- Installing: /home/luka/ws_moveit/install/yolov8_obb/share/yolov8_obb/environment/path.dsv
[2.057s] -- Installing: /home/luka/ws_moveit/install/yolov8_obb/share/yolov8_obb/local_setup.bash
[2.058s] -- Installing: /home/luka/ws_moveit/install/yolov8_obb/share/yolov8_obb/local_setup.sh
[2.058s] -- Installing: /home/luka/ws_moveit/install/yolov8_obb/share/yolov8_obb/local_setup.zsh
[2.058s] -- Installing: /home/luka/ws_moveit/install/yolov8_obb/share/yolov8_obb/local_setup.dsv
[2.058s] -- Installing: /home/luka/ws_moveit/install/yolov8_obb/share/yolov8_obb/package.dsv
[2.059s] -- Installing: /home/luka/ws_moveit/install/yolov8_obb/share/ament_index/resource_index/packages/yolov8_obb
[2.059s] -- Installing: /home/luka/ws_moveit/install/yolov8_obb/share/yolov8_obb/cmake/yolov8_obbConfig.cmake
[2.059s] -- Installing: /home/luka/ws_moveit/install/yolov8_obb/share/yolov8_obb/cmake/yolov8_obbConfig-version.cmake
[2.059s] -- Installing: /home/luka/ws_moveit/install/yolov8_obb/share/yolov8_obb/package.xml
[2.061s] Invoked command in '/home/luka/ws_moveit/build/yolov8_obb' returned '0': CMAKE_PREFIX_PATH=${CMAKE_PREFIX_PATH}:/home/luka/ws_moveit/install/hello_moveit_py:/home/luka/ws_moveit/install/moveit_configs_utils:/opt/ros/jazzy DEBUGINFOD_URLS=https://debuginfod.ubuntu.com /usr/bin/cmake --install /home/luka/ws_moveit/build/yolov8_obb
