[  5%] [32m[1mLinking CXX shared library libmoveit_warehouse.so[0m
[ 40%] Built target moveit_warehouse
[ 45%] [32m[1mLinking CXX executable moveit_warehouse_broadcast[0m
[ 50%] [32m[1mLinking CXX executable moveit_save_to_warehouse[0m
[ 55%] Built target moveit_warehouse_broadcast
[ 60%] [32m[1mLinking CXX executable moveit_warehouse_save_as_text[0m
[ 65%] [32m[1mLinking CXX executable moveit_warehouse_import_from_text[0m
[ 70%] Built target moveit_save_to_warehouse
[ 75%] [32m[1mLinking CXX executable moveit_init_demo_warehouse[0m
[ 80%] Built target moveit_warehouse_save_as_text
[ 85%] [32m[1mLinking CXX executable moveit_warehouse_services[0m
[ 90%] Built target moveit_warehouse_import_from_text
[ 95%] Built target moveit_init_demo_warehouse
[100%] Built target moveit_warehouse_services
-- Install configuration: "Release"
-- Installing: /home/luka/ws_moveit/install/moveit_ros_warehouse/lib/moveit_ros_warehouse/moveit_save_to_warehouse
-- Set non-toolchain portion of runtime path of "/home/luka/ws_moveit/install/moveit_ros_warehouse/lib/moveit_ros_warehouse/moveit_save_to_warehouse" to ""
-- Installing: /home/luka/ws_moveit/install/moveit_ros_warehouse/lib/moveit_ros_warehouse/moveit_warehouse_broadcast
-- Set non-toolchain portion of runtime path of "/home/luka/ws_moveit/install/moveit_ros_warehouse/lib/moveit_ros_warehouse/moveit_warehouse_broadcast" to ""
-- Installing: /home/luka/ws_moveit/install/moveit_ros_warehouse/lib/moveit_ros_warehouse/moveit_warehouse_import_from_text
-- Set non-toolchain portion of runtime path of "/home/luka/ws_moveit/install/moveit_ros_warehouse/lib/moveit_ros_warehouse/moveit_warehouse_import_from_text" to ""
-- Installing: /home/luka/ws_moveit/install/moveit_ros_warehouse/lib/moveit_ros_warehouse/moveit_warehouse_save_as_text
-- Set non-toolchain portion of runtime path of "/home/luka/ws_moveit/install/moveit_ros_warehouse/lib/moveit_ros_warehouse/moveit_warehouse_save_as_text" to ""
-- Installing: /home/luka/ws_moveit/install/moveit_ros_warehouse/lib/moveit_ros_warehouse/moveit_init_demo_warehouse
-- Set non-toolchain portion of runtime path of "/home/luka/ws_moveit/install/moveit_ros_warehouse/lib/moveit_ros_warehouse/moveit_init_demo_warehouse" to ""
-- Installing: /home/luka/ws_moveit/install/moveit_ros_warehouse/lib/moveit_ros_warehouse/moveit_warehouse_services
-- Set non-toolchain portion of runtime path of "/home/luka/ws_moveit/install/moveit_ros_warehouse/lib/moveit_ros_warehouse/moveit_warehouse_services" to ""
-- Up-to-date: /home/luka/ws_moveit/install/moveit_ros_warehouse/include/moveit_ros_warehouse
-- Up-to-date: /home/luka/ws_moveit/install/moveit_ros_warehouse/include/moveit_ros_warehouse/moveit
-- Up-to-date: /home/luka/ws_moveit/install/moveit_ros_warehouse/include/moveit_ros_warehouse/moveit/warehouse
-- Up-to-date: /home/luka/ws_moveit/install/moveit_ros_warehouse/include/moveit_ros_warehouse/moveit/warehouse/state_storage.h
-- Up-to-date: /home/luka/ws_moveit/install/moveit_ros_warehouse/include/moveit_ros_warehouse/moveit/warehouse/trajectory_constraints_storage.hpp
-- Up-to-date: /home/luka/ws_moveit/install/moveit_ros_warehouse/include/moveit_ros_warehouse/moveit/warehouse/moveit_message_storage.h
-- Up-to-date: /home/luka/ws_moveit/install/moveit_ros_warehouse/include/moveit_ros_warehouse/moveit/warehouse/planning_scene_world_storage.hpp
-- Up-to-date: /home/luka/ws_moveit/install/moveit_ros_warehouse/include/moveit_ros_warehouse/moveit/warehouse/warehouse_connector.hpp
-- Up-to-date: /home/luka/ws_moveit/install/moveit_ros_warehouse/include/moveit_ros_warehouse/moveit/warehouse/planning_scene_storage.hpp
-- Up-to-date: /home/luka/ws_moveit/install/moveit_ros_warehouse/include/moveit_ros_warehouse/moveit/warehouse/warehouse_connector.h
-- Up-to-date: /home/luka/ws_moveit/install/moveit_ros_warehouse/include/moveit_ros_warehouse/moveit/warehouse/constraints_storage.h
-- Up-to-date: /home/luka/ws_moveit/install/moveit_ros_warehouse/include/moveit_ros_warehouse/moveit/warehouse/moveit_message_storage.hpp
-- Up-to-date: /home/luka/ws_moveit/install/moveit_ros_warehouse/include/moveit_ros_warehouse/moveit/warehouse/planning_scene_storage.h
-- Up-to-date: /home/luka/ws_moveit/install/moveit_ros_warehouse/include/moveit_ros_warehouse/moveit/warehouse/planning_scene_world_storage.h
-- Up-to-date: /home/luka/ws_moveit/install/moveit_ros_warehouse/include/moveit_ros_warehouse/moveit/warehouse/constraints_storage.hpp
-- Up-to-date: /home/luka/ws_moveit/install/moveit_ros_warehouse/include/moveit_ros_warehouse/moveit/warehouse/trajectory_constraints_storage.h
-- Up-to-date: /home/luka/ws_moveit/install/moveit_ros_warehouse/include/moveit_ros_warehouse/moveit/warehouse/state_storage.hpp
-- Up-to-date: /home/luka/ws_moveit/install/moveit_ros_warehouse/include/moveit_ros_warehouse/moveit_warehouse_export.h
-- Installing: /home/luka/ws_moveit/install/moveit_ros_warehouse/lib/libmoveit_warehouse.so.2.14.1
-- Set non-toolchain portion of runtime path of "/home/luka/ws_moveit/install/moveit_ros_warehouse/lib/libmoveit_warehouse.so.2.14.1" to ""
-- Up-to-date: /home/luka/ws_moveit/install/moveit_ros_warehouse/lib/libmoveit_warehouse.so
-- Up-to-date: /home/luka/ws_moveit/install/moveit_ros_warehouse/share/moveit_ros_warehouse/environment/library_path.sh
-- Up-to-date: /home/luka/ws_moveit/install/moveit_ros_warehouse/share/moveit_ros_warehouse/environment/library_path.dsv
-- Up-to-date: /home/luka/ws_moveit/install/moveit_ros_warehouse/share/ament_index/resource_index/package_run_dependencies/moveit_ros_warehouse
-- Up-to-date: /home/luka/ws_moveit/install/moveit_ros_warehouse/share/ament_index/resource_index/parent_prefix_path/moveit_ros_warehouse
-- Up-to-date: /home/luka/ws_moveit/install/moveit_ros_warehouse/share/moveit_ros_warehouse/environment/ament_prefix_path.sh
-- Up-to-date: /home/luka/ws_moveit/install/moveit_ros_warehouse/share/moveit_ros_warehouse/environment/ament_prefix_path.dsv
-- Up-to-date: /home/luka/ws_moveit/install/moveit_ros_warehouse/share/moveit_ros_warehouse/environment/path.sh
-- Up-to-date: /home/luka/ws_moveit/install/moveit_ros_warehouse/share/moveit_ros_warehouse/environment/path.dsv
-- Up-to-date: /home/luka/ws_moveit/install/moveit_ros_warehouse/share/moveit_ros_warehouse/local_setup.bash
-- Up-to-date: /home/luka/ws_moveit/install/moveit_ros_warehouse/share/moveit_ros_warehouse/local_setup.sh
-- Up-to-date: /home/luka/ws_moveit/install/moveit_ros_warehouse/share/moveit_ros_warehouse/local_setup.zsh
-- Up-to-date: /home/luka/ws_moveit/install/moveit_ros_warehouse/share/moveit_ros_warehouse/local_setup.dsv
-- Installing: /home/luka/ws_moveit/install/moveit_ros_warehouse/share/moveit_ros_warehouse/package.dsv
-- Up-to-date: /home/luka/ws_moveit/install/moveit_ros_warehouse/share/ament_index/resource_index/packages/moveit_ros_warehouse
-- Up-to-date: /home/luka/ws_moveit/install/moveit_ros_warehouse/share/moveit_ros_warehouse/cmake/moveit_ros_warehouseTargetsExport.cmake
-- Up-to-date: /home/luka/ws_moveit/install/moveit_ros_warehouse/share/moveit_ros_warehouse/cmake/moveit_ros_warehouseTargetsExport-release.cmake
-- Up-to-date: /home/luka/ws_moveit/install/moveit_ros_warehouse/share/moveit_ros_warehouse/cmake/ConfigExtras.cmake
-- Up-to-date: /home/luka/ws_moveit/install/moveit_ros_warehouse/share/moveit_ros_warehouse/cmake/ament_cmake_export_targets-extras.cmake
-- Up-to-date: /home/luka/ws_moveit/install/moveit_ros_warehouse/share/moveit_ros_warehouse/cmake/ament_cmake_export_dependencies-extras.cmake
-- Up-to-date: /home/luka/ws_moveit/install/moveit_ros_warehouse/share/moveit_ros_warehouse/cmake/moveit_ros_warehouseConfig.cmake
-- Up-to-date: /home/luka/ws_moveit/install/moveit_ros_warehouse/share/moveit_ros_warehouse/cmake/moveit_ros_warehouseConfig-version.cmake
-- Up-to-date: /home/luka/ws_moveit/install/moveit_ros_warehouse/share/moveit_ros_warehouse/package.xml
