[0.028s] Invoking command in '/home/luka/ws_moveit/build/moveit_ros_warehouse': AMENT_PREFIX_PATH=/home/luka/ws_moveit/install/moveit_ros_planning:/home/luka/ws_moveit/install/moveit_ros_occupancy_map_monitor:/home/luka/ws_moveit/install/moveit_core:/home/luka/ws_moveit/install/moveit_resources_panda_moveit_config:/home/luka/ws_moveit/install/moveit_resources_pr2_description:/home/luka/ws_moveit/install/moveit_resources_panda_description:/home/luka/ws_moveit/install/moveit_msgs:/home/luka/ws_moveit/install/moveit_configs_utils:/home/luka/ws_moveit/install/moveit_common:${AMENT_PREFIX_PATH} CMAKE_PREFIX_PATH=/home/luka/ws_moveit/install/moveit_ros_planning:/home/luka/ws_moveit/install/moveit_ros_occupancy_map_monitor:/home/luka/ws_moveit/install/moveit_core:/home/luka/ws_moveit/install/moveit_resources_panda_moveit_config:/home/luka/ws_moveit/install/moveit_resources_pr2_description:/home/luka/ws_moveit/install/moveit_resources_panda_description:/home/luka/ws_moveit/install/moveit_msgs:/home/luka/ws_moveit/install/moveit_common:/opt/ros/jazzy/opt/gz_sim_vendor:/opt/ros/jazzy/opt/gz_sensors_vendor:/opt/ros/jazzy/opt/gz_physics_vendor:/opt/ros/jazzy/opt/sdformat_vendor:/opt/ros/jazzy/opt/gz_gui_vendor:/opt/ros/jazzy/opt/gz_transport_vendor:/opt/ros/jazzy/opt/gz_rendering_vendor:/opt/ros/jazzy/opt/gz_plugin_vendor:/opt/ros/jazzy/opt/gz_fuel_tools_vendor:/opt/ros/jazzy/opt/gz_msgs_vendor:/opt/ros/jazzy/opt/gz_common_vendor:/opt/ros/jazzy/opt/gz_math_vendor:/opt/ros/jazzy/opt/gz_utils_vendor:/opt/ros/jazzy/opt/gz_tools_vendor:/opt/ros/jazzy/opt/gz_ogre_next_vendor:/opt/ros/jazzy/opt/gz_dartsim_vendor:/opt/ros/jazzy/opt/gz_cmake_vendor:/opt/ros/jazzy DEBUGINFOD_URLS=https://debuginfod.ubuntu.com LD_LIBRARY_PATH=/home/luka/ws_moveit/install/moveit_ros_planning/lib:/home/luka/ws_moveit/install/moveit_ros_occupancy_map_monitor/lib:/home/luka/ws_moveit/install/moveit_core/lib:/home/luka/ws_moveit/install/moveit_msgs/lib:${LD_LIBRARY_PATH} PATH=/home/luka/ws_moveit/install/moveit_core/bin:${PATH} PYTHONPATH=/home/luka/ws_moveit/install/moveit_msgs/lib/python3.12/site-packages:/home/luka/ws_moveit/install/moveit_configs_utils/lib/python3.12/site-packages:${PYTHONPATH} /usr/bin/cmake --build /home/luka/ws_moveit/build/moveit_ros_warehouse -- -j4 -l4
[0.137s] [  5%] [32m[1mLinking CXX shared library libmoveit_warehouse.so[0m
[1.350s] [ 40%] Built target moveit_warehouse
[1.432s] [ 45%] [32m[1mLinking CXX executable moveit_warehouse_broadcast[0m
[1.457s] [ 50%] [32m[1mLinking CXX executable moveit_save_to_warehouse[0m
[2.247s] [ 55%] Built target moveit_warehouse_broadcast
[2.326s] [ 60%] [32m[1mLinking CXX executable moveit_warehouse_save_as_text[0m
[2.336s] [ 65%] [32m[1mLinking CXX executable moveit_warehouse_import_from_text[0m
[2.774s] [ 70%] Built target moveit_save_to_warehouse
[2.896s] [ 75%] [32m[1mLinking CXX executable moveit_init_demo_warehouse[0m
[3.520s] [ 80%] Built target moveit_warehouse_save_as_text
[3.597s] [ 85%] [32m[1mLinking CXX executable moveit_warehouse_services[0m
[3.635s] [ 90%] Built target moveit_warehouse_import_from_text
[3.928s] [ 95%] Built target moveit_init_demo_warehouse
[4.081s] [100%] Built target moveit_warehouse_services
[4.097s] Invoked command in '/home/luka/ws_moveit/build/moveit_ros_warehouse' returned '0': AMENT_PREFIX_PATH=/home/luka/ws_moveit/install/moveit_ros_planning:/home/luka/ws_moveit/install/moveit_ros_occupancy_map_monitor:/home/luka/ws_moveit/install/moveit_core:/home/luka/ws_moveit/install/moveit_resources_panda_moveit_config:/home/luka/ws_moveit/install/moveit_resources_pr2_description:/home/luka/ws_moveit/install/moveit_resources_panda_description:/home/luka/ws_moveit/install/moveit_msgs:/home/luka/ws_moveit/install/moveit_configs_utils:/home/luka/ws_moveit/install/moveit_common:${AMENT_PREFIX_PATH} CMAKE_PREFIX_PATH=/home/luka/ws_moveit/install/moveit_ros_planning:/home/luka/ws_moveit/install/moveit_ros_occupancy_map_monitor:/home/luka/ws_moveit/install/moveit_core:/home/luka/ws_moveit/install/moveit_resources_panda_moveit_config:/home/luka/ws_moveit/install/moveit_resources_pr2_description:/home/luka/ws_moveit/install/moveit_resources_panda_description:/home/luka/ws_moveit/install/moveit_msgs:/home/luka/ws_moveit/install/moveit_common:/opt/ros/jazzy/opt/gz_sim_vendor:/opt/ros/jazzy/opt/gz_sensors_vendor:/opt/ros/jazzy/opt/gz_physics_vendor:/opt/ros/jazzy/opt/sdformat_vendor:/opt/ros/jazzy/opt/gz_gui_vendor:/opt/ros/jazzy/opt/gz_transport_vendor:/opt/ros/jazzy/opt/gz_rendering_vendor:/opt/ros/jazzy/opt/gz_plugin_vendor:/opt/ros/jazzy/opt/gz_fuel_tools_vendor:/opt/ros/jazzy/opt/gz_msgs_vendor:/opt/ros/jazzy/opt/gz_common_vendor:/opt/ros/jazzy/opt/gz_math_vendor:/opt/ros/jazzy/opt/gz_utils_vendor:/opt/ros/jazzy/opt/gz_tools_vendor:/opt/ros/jazzy/opt/gz_ogre_next_vendor:/opt/ros/jazzy/opt/gz_dartsim_vendor:/opt/ros/jazzy/opt/gz_cmake_vendor:/opt/ros/jazzy DEBUGINFOD_URLS=https://debuginfod.ubuntu.com LD_LIBRARY_PATH=/home/luka/ws_moveit/install/moveit_ros_planning/lib:/home/luka/ws_moveit/install/moveit_ros_occupancy_map_monitor/lib:/home/luka/ws_moveit/install/moveit_core/lib:/home/luka/ws_moveit/install/moveit_msgs/lib:${LD_LIBRARY_PATH} PATH=/home/luka/ws_moveit/install/moveit_core/bin:${PATH} PYTHONPATH=/home/luka/ws_moveit/install/moveit_msgs/lib/python3.12/site-packages:/home/luka/ws_moveit/install/moveit_configs_utils/lib/python3.12/site-packages:${PYTHONPATH} /usr/bin/cmake --build /home/luka/ws_moveit/build/moveit_ros_warehouse -- -j4 -l4
[4.099s] Invoking command in '/home/luka/ws_moveit/build/moveit_ros_warehouse': AMENT_PREFIX_PATH=/home/luka/ws_moveit/install/moveit_ros_planning:/home/luka/ws_moveit/install/moveit_ros_occupancy_map_monitor:/home/luka/ws_moveit/install/moveit_core:/home/luka/ws_moveit/install/moveit_resources_panda_moveit_config:/home/luka/ws_moveit/install/moveit_resources_pr2_description:/home/luka/ws_moveit/install/moveit_resources_panda_description:/home/luka/ws_moveit/install/moveit_msgs:/home/luka/ws_moveit/install/moveit_configs_utils:/home/luka/ws_moveit/install/moveit_common:${AMENT_PREFIX_PATH} CMAKE_PREFIX_PATH=/home/luka/ws_moveit/install/moveit_ros_planning:/home/luka/ws_moveit/install/moveit_ros_occupancy_map_monitor:/home/luka/ws_moveit/install/moveit_core:/home/luka/ws_moveit/install/moveit_resources_panda_moveit_config:/home/luka/ws_moveit/install/moveit_resources_pr2_description:/home/luka/ws_moveit/install/moveit_resources_panda_description:/home/luka/ws_moveit/install/moveit_msgs:/home/luka/ws_moveit/install/moveit_common:/opt/ros/jazzy/opt/gz_sim_vendor:/opt/ros/jazzy/opt/gz_sensors_vendor:/opt/ros/jazzy/opt/gz_physics_vendor:/opt/ros/jazzy/opt/sdformat_vendor:/opt/ros/jazzy/opt/gz_gui_vendor:/opt/ros/jazzy/opt/gz_transport_vendor:/opt/ros/jazzy/opt/gz_rendering_vendor:/opt/ros/jazzy/opt/gz_plugin_vendor:/opt/ros/jazzy/opt/gz_fuel_tools_vendor:/opt/ros/jazzy/opt/gz_msgs_vendor:/opt/ros/jazzy/opt/gz_common_vendor:/opt/ros/jazzy/opt/gz_math_vendor:/opt/ros/jazzy/opt/gz_utils_vendor:/opt/ros/jazzy/opt/gz_tools_vendor:/opt/ros/jazzy/opt/gz_ogre_next_vendor:/opt/ros/jazzy/opt/gz_dartsim_vendor:/opt/ros/jazzy/opt/gz_cmake_vendor:/opt/ros/jazzy DEBUGINFOD_URLS=https://debuginfod.ubuntu.com LD_LIBRARY_PATH=/home/luka/ws_moveit/install/moveit_ros_planning/lib:/home/luka/ws_moveit/install/moveit_ros_occupancy_map_monitor/lib:/home/luka/ws_moveit/install/moveit_core/lib:/home/luka/ws_moveit/install/moveit_msgs/lib:${LD_LIBRARY_PATH} PATH=/home/luka/ws_moveit/install/moveit_core/bin:${PATH} PYTHONPATH=/home/luka/ws_moveit/install/moveit_msgs/lib/python3.12/site-packages:/home/luka/ws_moveit/install/moveit_configs_utils/lib/python3.12/site-packages:${PYTHONPATH} /usr/bin/cmake --install /home/luka/ws_moveit/build/moveit_ros_warehouse
[4.114s] -- Install configuration: "Release"
[4.115s] -- Installing: /home/luka/ws_moveit/install/moveit_ros_warehouse/lib/moveit_ros_warehouse/moveit_save_to_warehouse
[4.117s] -- Set non-toolchain portion of runtime path of "/home/luka/ws_moveit/install/moveit_ros_warehouse/lib/moveit_ros_warehouse/moveit_save_to_warehouse" to ""
[4.118s] -- Installing: /home/luka/ws_moveit/install/moveit_ros_warehouse/lib/moveit_ros_warehouse/moveit_warehouse_broadcast
[4.119s] -- Set non-toolchain portion of runtime path of "/home/luka/ws_moveit/install/moveit_ros_warehouse/lib/moveit_ros_warehouse/moveit_warehouse_broadcast" to ""
[4.120s] -- Installing: /home/luka/ws_moveit/install/moveit_ros_warehouse/lib/moveit_ros_warehouse/moveit_warehouse_import_from_text
[4.120s] -- Set non-toolchain portion of runtime path of "/home/luka/ws_moveit/install/moveit_ros_warehouse/lib/moveit_ros_warehouse/moveit_warehouse_import_from_text" to ""
[4.121s] -- Installing: /home/luka/ws_moveit/install/moveit_ros_warehouse/lib/moveit_ros_warehouse/moveit_warehouse_save_as_text
[4.122s] -- Set non-toolchain portion of runtime path of "/home/luka/ws_moveit/install/moveit_ros_warehouse/lib/moveit_ros_warehouse/moveit_warehouse_save_as_text" to ""
[4.123s] -- Installing: /home/luka/ws_moveit/install/moveit_ros_warehouse/lib/moveit_ros_warehouse/moveit_init_demo_warehouse
[4.123s] -- Set non-toolchain portion of runtime path of "/home/luka/ws_moveit/install/moveit_ros_warehouse/lib/moveit_ros_warehouse/moveit_init_demo_warehouse" to ""
[4.124s] -- Installing: /home/luka/ws_moveit/install/moveit_ros_warehouse/lib/moveit_ros_warehouse/moveit_warehouse_services
[4.125s] -- Set non-toolchain portion of runtime path of "/home/luka/ws_moveit/install/moveit_ros_warehouse/lib/moveit_ros_warehouse/moveit_warehouse_services" to ""
[4.125s] -- Up-to-date: /home/luka/ws_moveit/install/moveit_ros_warehouse/include/moveit_ros_warehouse
[4.125s] -- Up-to-date: /home/luka/ws_moveit/install/moveit_ros_warehouse/include/moveit_ros_warehouse/moveit
[4.126s] -- Up-to-date: /home/luka/ws_moveit/install/moveit_ros_warehouse/include/moveit_ros_warehouse/moveit/warehouse
[4.126s] -- Up-to-date: /home/luka/ws_moveit/install/moveit_ros_warehouse/include/moveit_ros_warehouse/moveit/warehouse/state_storage.h
[4.126s] -- Up-to-date: /home/luka/ws_moveit/install/moveit_ros_warehouse/include/moveit_ros_warehouse/moveit/warehouse/trajectory_constraints_storage.hpp
[4.126s] -- Up-to-date: /home/luka/ws_moveit/install/moveit_ros_warehouse/include/moveit_ros_warehouse/moveit/warehouse/moveit_message_storage.h
[4.126s] -- Up-to-date: /home/luka/ws_moveit/install/moveit_ros_warehouse/include/moveit_ros_warehouse/moveit/warehouse/planning_scene_world_storage.hpp
[4.126s] -- Up-to-date: /home/luka/ws_moveit/install/moveit_ros_warehouse/include/moveit_ros_warehouse/moveit/warehouse/warehouse_connector.hpp
[4.127s] -- Up-to-date: /home/luka/ws_moveit/install/moveit_ros_warehouse/include/moveit_ros_warehouse/moveit/warehouse/planning_scene_storage.hpp
[4.127s] -- Up-to-date: /home/luka/ws_moveit/install/moveit_ros_warehouse/include/moveit_ros_warehouse/moveit/warehouse/warehouse_connector.h
[4.127s] -- Up-to-date: /home/luka/ws_moveit/install/moveit_ros_warehouse/include/moveit_ros_warehouse/moveit/warehouse/constraints_storage.h
[4.127s] -- Up-to-date: /home/luka/ws_moveit/install/moveit_ros_warehouse/include/moveit_ros_warehouse/moveit/warehouse/moveit_message_storage.hpp
[4.127s] -- Up-to-date: /home/luka/ws_moveit/install/moveit_ros_warehouse/include/moveit_ros_warehouse/moveit/warehouse/planning_scene_storage.h
[4.127s] -- Up-to-date: /home/luka/ws_moveit/install/moveit_ros_warehouse/include/moveit_ros_warehouse/moveit/warehouse/planning_scene_world_storage.h
[4.128s] -- Up-to-date: /home/luka/ws_moveit/install/moveit_ros_warehouse/include/moveit_ros_warehouse/moveit/warehouse/constraints_storage.hpp
[4.128s] -- Up-to-date: /home/luka/ws_moveit/install/moveit_ros_warehouse/include/moveit_ros_warehouse/moveit/warehouse/trajectory_constraints_storage.h
[4.128s] -- Up-to-date: /home/luka/ws_moveit/install/moveit_ros_warehouse/include/moveit_ros_warehouse/moveit/warehouse/state_storage.hpp
[4.128s] -- Up-to-date: /home/luka/ws_moveit/install/moveit_ros_warehouse/include/moveit_ros_warehouse/moveit_warehouse_export.h
[4.128s] -- Installing: /home/luka/ws_moveit/install/moveit_ros_warehouse/lib/libmoveit_warehouse.so.2.14.1
[4.128s] -- Set non-toolchain portion of runtime path of "/home/luka/ws_moveit/install/moveit_ros_warehouse/lib/libmoveit_warehouse.so.2.14.1" to ""
[4.129s] -- Up-to-date: /home/luka/ws_moveit/install/moveit_ros_warehouse/lib/libmoveit_warehouse.so
[4.129s] -- Up-to-date: /home/luka/ws_moveit/install/moveit_ros_warehouse/share/moveit_ros_warehouse/environment/library_path.sh
[4.129s] -- Up-to-date: /home/luka/ws_moveit/install/moveit_ros_warehouse/share/moveit_ros_warehouse/environment/library_path.dsv
[4.129s] -- Up-to-date: /home/luka/ws_moveit/install/moveit_ros_warehouse/share/ament_index/resource_index/package_run_dependencies/moveit_ros_warehouse
[4.129s] -- Up-to-date: /home/luka/ws_moveit/install/moveit_ros_warehouse/share/ament_index/resource_index/parent_prefix_path/moveit_ros_warehouse
[4.129s] -- Up-to-date: /home/luka/ws_moveit/install/moveit_ros_warehouse/share/moveit_ros_warehouse/environment/ament_prefix_path.sh
[4.130s] -- Up-to-date: /home/luka/ws_moveit/install/moveit_ros_warehouse/share/moveit_ros_warehouse/environment/ament_prefix_path.dsv
[4.130s] -- Up-to-date: /home/luka/ws_moveit/install/moveit_ros_warehouse/share/moveit_ros_warehouse/environment/path.sh
[4.130s] -- Up-to-date: /home/luka/ws_moveit/install/moveit_ros_warehouse/share/moveit_ros_warehouse/environment/path.dsv
[4.130s] -- Up-to-date: /home/luka/ws_moveit/install/moveit_ros_warehouse/share/moveit_ros_warehouse/local_setup.bash
[4.130s] -- Up-to-date: /home/luka/ws_moveit/install/moveit_ros_warehouse/share/moveit_ros_warehouse/local_setup.sh
[4.130s] -- Up-to-date: /home/luka/ws_moveit/install/moveit_ros_warehouse/share/moveit_ros_warehouse/local_setup.zsh
[4.131s] -- Up-to-date: /home/luka/ws_moveit/install/moveit_ros_warehouse/share/moveit_ros_warehouse/local_setup.dsv
[4.131s] -- Installing: /home/luka/ws_moveit/install/moveit_ros_warehouse/share/moveit_ros_warehouse/package.dsv
[4.131s] -- Up-to-date: /home/luka/ws_moveit/install/moveit_ros_warehouse/share/ament_index/resource_index/packages/moveit_ros_warehouse
[4.131s] -- Up-to-date: /home/luka/ws_moveit/install/moveit_ros_warehouse/share/moveit_ros_warehouse/cmake/moveit_ros_warehouseTargetsExport.cmake
[4.131s] -- Up-to-date: /home/luka/ws_moveit/install/moveit_ros_warehouse/share/moveit_ros_warehouse/cmake/moveit_ros_warehouseTargetsExport-release.cmake
[4.131s] -- Up-to-date: /home/luka/ws_moveit/install/moveit_ros_warehouse/share/moveit_ros_warehouse/cmake/ConfigExtras.cmake
[4.132s] -- Up-to-date: /home/luka/ws_moveit/install/moveit_ros_warehouse/share/moveit_ros_warehouse/cmake/ament_cmake_export_targets-extras.cmake
[4.132s] -- Up-to-date: /home/luka/ws_moveit/install/moveit_ros_warehouse/share/moveit_ros_warehouse/cmake/ament_cmake_export_dependencies-extras.cmake
[4.132s] -- Up-to-date: /home/luka/ws_moveit/install/moveit_ros_warehouse/share/moveit_ros_warehouse/cmake/moveit_ros_warehouseConfig.cmake
[4.132s] -- Up-to-date: /home/luka/ws_moveit/install/moveit_ros_warehouse/share/moveit_ros_warehouse/cmake/moveit_ros_warehouseConfig-version.cmake
[4.132s] -- Up-to-date: /home/luka/ws_moveit/install/moveit_ros_warehouse/share/moveit_ros_warehouse/package.xml
[4.133s] Invoked command in '/home/luka/ws_moveit/build/moveit_ros_warehouse' returned '0': AMENT_PREFIX_PATH=/home/luka/ws_moveit/install/moveit_ros_planning:/home/luka/ws_moveit/install/moveit_ros_occupancy_map_monitor:/home/luka/ws_moveit/install/moveit_core:/home/luka/ws_moveit/install/moveit_resources_panda_moveit_config:/home/luka/ws_moveit/install/moveit_resources_pr2_description:/home/luka/ws_moveit/install/moveit_resources_panda_description:/home/luka/ws_moveit/install/moveit_msgs:/home/luka/ws_moveit/install/moveit_configs_utils:/home/luka/ws_moveit/install/moveit_common:${AMENT_PREFIX_PATH} CMAKE_PREFIX_PATH=/home/luka/ws_moveit/install/moveit_ros_planning:/home/luka/ws_moveit/install/moveit_ros_occupancy_map_monitor:/home/luka/ws_moveit/install/moveit_core:/home/luka/ws_moveit/install/moveit_resources_panda_moveit_config:/home/luka/ws_moveit/install/moveit_resources_pr2_description:/home/luka/ws_moveit/install/moveit_resources_panda_description:/home/luka/ws_moveit/install/moveit_msgs:/home/luka/ws_moveit/install/moveit_common:/opt/ros/jazzy/opt/gz_sim_vendor:/opt/ros/jazzy/opt/gz_sensors_vendor:/opt/ros/jazzy/opt/gz_physics_vendor:/opt/ros/jazzy/opt/sdformat_vendor:/opt/ros/jazzy/opt/gz_gui_vendor:/opt/ros/jazzy/opt/gz_transport_vendor:/opt/ros/jazzy/opt/gz_rendering_vendor:/opt/ros/jazzy/opt/gz_plugin_vendor:/opt/ros/jazzy/opt/gz_fuel_tools_vendor:/opt/ros/jazzy/opt/gz_msgs_vendor:/opt/ros/jazzy/opt/gz_common_vendor:/opt/ros/jazzy/opt/gz_math_vendor:/opt/ros/jazzy/opt/gz_utils_vendor:/opt/ros/jazzy/opt/gz_tools_vendor:/opt/ros/jazzy/opt/gz_ogre_next_vendor:/opt/ros/jazzy/opt/gz_dartsim_vendor:/opt/ros/jazzy/opt/gz_cmake_vendor:/opt/ros/jazzy DEBUGINFOD_URLS=https://debuginfod.ubuntu.com LD_LIBRARY_PATH=/home/luka/ws_moveit/install/moveit_ros_planning/lib:/home/luka/ws_moveit/install/moveit_ros_occupancy_map_monitor/lib:/home/luka/ws_moveit/install/moveit_core/lib:/home/luka/ws_moveit/install/moveit_msgs/lib:${LD_LIBRARY_PATH} PATH=/home/luka/ws_moveit/install/moveit_core/bin:${PATH} PYTHONPATH=/home/luka/ws_moveit/install/moveit_msgs/lib/python3.12/site-packages:/home/luka/ws_moveit/install/moveit_configs_utils/lib/python3.12/site-packages:${PYTHONPATH} /usr/bin/cmake --install /home/luka/ws_moveit/build/moveit_ros_warehouse
