[0.000000] (-) TimerEvent: {}
[0.000465] (-) JobUnselected: {'identifier': 'chomp_motion_planner'}
[0.000522] (-) JobUnselected: {'identifier': 'dual_arm_panda_moveit_config'}
[0.000561] (-) JobUnselected: {'identifier': 'hello_moveit'}
[0.000592] (-) JobUnselected: {'identifier': 'hello_moveit_1st'}
[0.000623] (-) JobUnselected: {'identifier': 'hello_moveit_py'}
[0.000653] (-) JobUnselected: {'identifier': 'kinova_gen3_6dof_robotiq_2f_85_moveit_config'}
[0.000683] (-) JobUnselected: {'identifier': 'kinova_gen3_7dof_robotiq_2f_85_moveit_config'}
[0.000712] (-) JobUnselected: {'identifier': 'kinova_gen3_lite_moveit_config'}
[0.000742] (-) JobUnselected: {'identifier': 'kortex_api'}
[0.000771] (-) JobUnselected: {'identifier': 'kortex_bringup'}
[0.000801] (-) JobUnselected: {'identifier': 'kortex_description'}
[0.000831] (-) JobUnselected: {'identifier': 'kortex_driver'}
[0.000860] (-) JobUnselected: {'identifier': 'moveit'}
[0.000891] (-) JobUnselected: {'identifier': 'moveit2_tutorials'}
[0.000922] (-) JobUnselected: {'identifier': 'moveit_common'}
[0.000953] (-) JobUnselected: {'identifier': 'moveit_configs_utils'}
[0.000983] (-) JobUnselected: {'identifier': 'moveit_core'}
[0.001014] (-) JobUnselected: {'identifier': 'moveit_hybrid_planning'}
[0.001044] (-) JobUnselected: {'identifier': 'moveit_kinematics'}
[0.001085] (-) JobUnselected: {'identifier': 'moveit_msgs'}
[0.001116] (-) JobUnselected: {'identifier': 'moveit_planners'}
[0.001147] (-) JobUnselected: {'identifier': 'moveit_planners_chomp'}
[0.001178] (-) JobUnselected: {'identifier': 'moveit_planners_ompl'}
[0.001208] (-) JobUnselected: {'identifier': 'moveit_planners_stomp'}
[0.001238] (-) JobUnselected: {'identifier': 'moveit_plugins'}
[0.001268] (-) JobUnselected: {'identifier': 'moveit_py'}
[0.001298] (-) JobUnselected: {'identifier': 'moveit_resources'}
[0.001329] (-) JobUnselected: {'identifier': 'moveit_resources_fanuc_description'}
[0.001360] (-) JobUnselected: {'identifier': 'moveit_resources_fanuc_moveit_config'}
[0.001390] (-) JobUnselected: {'identifier': 'moveit_resources_panda_description'}
[0.001422] (-) JobUnselected: {'identifier': 'moveit_resources_panda_moveit_config'}
[0.001453] (-) JobUnselected: {'identifier': 'moveit_resources_pr2_description'}
[0.001491] (-) JobUnselected: {'identifier': 'moveit_resources_prbt_ikfast_manipulator_plugin'}
[0.001570] (-) JobUnselected: {'identifier': 'moveit_resources_prbt_moveit_config'}
[0.001603] (-) JobUnselected: {'identifier': 'moveit_resources_prbt_pg70_support'}
[0.001633] (-) JobUnselected: {'identifier': 'moveit_resources_prbt_support'}
[0.001664] (-) JobUnselected: {'identifier': 'moveit_ros'}
[0.001693] (-) JobUnselected: {'identifier': 'moveit_ros_benchmarks'}
[0.001724] (-) JobUnselected: {'identifier': 'moveit_ros_control_interface'}
[0.001754] (-) JobUnselected: {'identifier': 'moveit_ros_move_group'}
[0.001784] (-) JobUnselected: {'identifier': 'moveit_ros_occupancy_map_monitor'}
[0.001815] (-) JobUnselected: {'identifier': 'moveit_ros_perception'}
[0.001846] (-) JobUnselected: {'identifier': 'moveit_ros_planning'}
[0.001877] (-) JobUnselected: {'identifier': 'moveit_ros_planning_interface'}
[0.001909] (-) JobUnselected: {'identifier': 'moveit_ros_robot_interaction'}
[0.001943] (-) JobUnselected: {'identifier': 'moveit_ros_tests'}
[0.001975] (-) JobUnselected: {'identifier': 'moveit_ros_trajectory_cache'}
[0.002006] (-) JobUnselected: {'identifier': 'moveit_ros_visualization'}
[0.002036] (-) JobUnselected: {'identifier': 'moveit_ros_warehouse'}
[0.002067] (-) JobUnselected: {'identifier': 'moveit_runtime'}
[0.002098] (-) JobUnselected: {'identifier': 'moveit_servo'}
[0.002130] (-) JobUnselected: {'identifier': 'moveit_setup_app_plugins'}
[0.002161] (-) JobUnselected: {'identifier': 'moveit_setup_assistant'}
[0.002192] (-) JobUnselected: {'identifier': 'moveit_setup_controllers'}
[0.002223] (-) JobUnselected: {'identifier': 'moveit_setup_core_plugins'}
[0.002253] (-) JobUnselected: {'identifier': 'moveit_setup_framework'}
[0.002284] (-) JobUnselected: {'identifier': 'moveit_setup_srdf_plugins'}
[0.002425] (-) JobUnselected: {'identifier': 'moveit_simple_controller_manager'}
[0.002458] (-) JobUnselected: {'identifier': 'moveit_task_constructor_capabilities'}
[0.002500] (-) JobUnselected: {'identifier': 'moveit_task_constructor_core'}
[0.002533] (-) JobUnselected: {'identifier': 'moveit_task_constructor_demo'}
[0.002563] (-) JobUnselected: {'identifier': 'moveit_task_constructor_msgs'}
[0.002593] (-) JobUnselected: {'identifier': 'moveit_task_constructor_visualization'}
[0.002623] (-) JobUnselected: {'identifier': 'moveit_visual_tools'}
[0.002652] (-) JobUnselected: {'identifier': 'mtc_tutorial'}
[0.002682] (-) JobUnselected: {'identifier': 'panda_moveit_config'}
[0.002712] (-) JobUnselected: {'identifier': 'pick_ik'}
[0.002741] (-) JobUnselected: {'identifier': 'pilz_industrial_motion_planner'}
[0.002771] (-) JobUnselected: {'identifier': 'pilz_industrial_motion_planner_testutils'}
[0.002800] (-) JobUnselected: {'identifier': 'plan_around_obj'}
[0.002830] (-) JobUnselected: {'identifier': 'robot_description'}
[0.002859] (-) JobUnselected: {'identifier': 'robotiq_controllers'}
[0.002889] (-) JobUnselected: {'identifier': 'robotiq_description'}
[0.002918] (-) JobUnselected: {'identifier': 'robotiq_driver'}
[0.002948] (-) JobUnselected: {'identifier': 'robotiq_hardware_tests'}
[0.002978] (-) JobUnselected: {'identifier': 'rviz_marker_tools'}
[0.003007] (-) JobUnselected: {'identifier': 'rviz_visual_tools'}
[0.003049] (-) JobUnselected: {'identifier': 'serial'}
[0.003080] (-) JobUnselected: {'identifier': 'yolov8_msgs'}
[0.003109] (-) JobUnselected: {'identifier': 'yolov8_obb'}
[0.003372] (-) EventReactorShutdown: {}
