running egg_info
creating ../../build/hello_moveit_py/hello_moveit_py.egg-info
writing ../../build/hello_moveit_py/hello_moveit_py.egg-info/PKG-INFO
writing dependency_links to ../../build/hello_moveit_py/hello_moveit_py.egg-info/dependency_links.txt
writing entry points to ../../build/hello_moveit_py/hello_moveit_py.egg-info/entry_points.txt
writing requirements to ../../build/hello_moveit_py/hello_moveit_py.egg-info/requires.txt
writing top-level names to ../../build/hello_moveit_py/hello_moveit_py.egg-info/top_level.txt
writing manifest file '../../build/hello_moveit_py/hello_moveit_py.egg-info/SOURCES.txt'
reading manifest file '../../build/hello_moveit_py/hello_moveit_py.egg-info/SOURCES.txt'
adding license file 'LICENSE'
writing manifest file '../../build/hello_moveit_py/hello_moveit_py.egg-info/SOURCES.txt'
running build
running build_py
creating /home/luka/ws_moveit/build/hello_moveit_py/build
creating /home/luka/ws_moveit/build/hello_moveit_py/build/lib
creating /home/luka/ws_moveit/build/hello_moveit_py/build/lib/hello_moveit_py
copying hello_moveit_py/__init__.py -> /home/luka/ws_moveit/build/hello_moveit_py/build/lib/hello_moveit_py
copying hello_moveit_py/hello_moveit_py.py -> /home/luka/ws_moveit/build/hello_moveit_py/build/lib/hello_moveit_py
running install
running install_lib
creating /home/luka/ws_moveit/install/hello_moveit_py/lib/python3.12/site-packages/hello_moveit_py
copying /home/luka/ws_moveit/build/hello_moveit_py/build/lib/hello_moveit_py/__init__.py -> /home/luka/ws_moveit/install/hello_moveit_py/lib/python3.12/site-packages/hello_moveit_py
copying /home/luka/ws_moveit/build/hello_moveit_py/build/lib/hello_moveit_py/hello_moveit_py.py -> /home/luka/ws_moveit/install/hello_moveit_py/lib/python3.12/site-packages/hello_moveit_py
byte-compiling /home/luka/ws_moveit/install/hello_moveit_py/lib/python3.12/site-packages/hello_moveit_py/__init__.py to __init__.cpython-312.pyc
byte-compiling /home/luka/ws_moveit/install/hello_moveit_py/lib/python3.12/site-packages/hello_moveit_py/hello_moveit_py.py to hello_moveit_py.cpython-312.pyc
running install_data
creating /home/luka/ws_moveit/install/hello_moveit_py/share/ament_index
creating /home/luka/ws_moveit/install/hello_moveit_py/share/ament_index/resource_index
creating /home/luka/ws_moveit/install/hello_moveit_py/share/ament_index/resource_index/packages
copying resource/hello_moveit_py -> /home/luka/ws_moveit/install/hello_moveit_py/share/ament_index/resource_index/packages
copying package.xml -> /home/luka/ws_moveit/install/hello_moveit_py/share/hello_moveit_py
running install_egg_info
Copying ../../build/hello_moveit_py/hello_moveit_py.egg-info to /home/luka/ws_moveit/install/hello_moveit_py/lib/python3.12/site-packages/hello_moveit_py-0.0.0-py3.12.egg-info
running install_scripts
Installing hello_moveit_py script to /home/luka/ws_moveit/install/hello_moveit_py/lib/hello_moveit_py
writing list of installed files to '/home/luka/ws_moveit/build/hello_moveit_py/install.log'
