[1.292s] Invoking command in '/home/luka/ws_moveit/src/hello_moveit_py': AMENT_PREFIX_PATH=/home/luka/ws_moveit/install/moveit_ros_planning_interface:/home/luka/ws_moveit/install/moveit_ros_move_group:/home/luka/ws_moveit/install/moveit_ros_warehouse:/home/luka/ws_moveit/install/moveit_kinematics:/home/luka/ws_moveit/install/moveit_ros_planning:/home/luka/ws_moveit/install/moveit_simple_controller_manager:/home/luka/ws_moveit/install/moveit_ros_occupancy_map_monitor:/home/luka/ws_moveit/install/moveit_core:/home/luka/ws_moveit/install/moveit_resources_panda_moveit_config:/home/luka/ws_moveit/install/moveit_resources_fanuc_moveit_config:/home/luka/ws_moveit/install/moveit_resources_pr2_description:/home/luka/ws_moveit/install/moveit_resources_panda_description:/home/luka/ws_moveit/install/moveit_resources_fanuc_description:/home/luka/ws_moveit/install/moveit_msgs:/home/luka/ws_moveit/install/moveit_configs_utils:/home/luka/ws_moveit/install/moveit_common:${AMENT_PREFIX_PATH} CMAKE_PREFIX_PATH=/home/luka/ws_moveit/install/moveit_ros_planning_interface:/home/luka/ws_moveit/install/moveit_ros_move_group:/home/luka/ws_moveit/install/moveit_ros_warehouse:/home/luka/ws_moveit/install/moveit_kinematics:/home/luka/ws_moveit/install/moveit_ros_planning:/home/luka/ws_moveit/install/moveit_simple_controller_manager:/home/luka/ws_moveit/install/moveit_ros_occupancy_map_monitor:/home/luka/ws_moveit/install/moveit_core:/home/luka/ws_moveit/install/moveit_resources_panda_moveit_config:/home/luka/ws_moveit/install/moveit_resources_fanuc_moveit_config:/home/luka/ws_moveit/install/moveit_resources_pr2_description:/home/luka/ws_moveit/install/moveit_resources_panda_description:/home/luka/ws_moveit/install/moveit_resources_fanuc_description:/home/luka/ws_moveit/install/moveit_msgs:/home/luka/ws_moveit/install/moveit_common:${CMAKE_PREFIX_PATH} DEBUGINFOD_URLS=https://debuginfod.ubuntu.com LD_LIBRARY_PATH=/home/luka/ws_moveit/install/moveit_ros_planning_interface/lib:/home/luka/ws_moveit/install/moveit_ros_move_group/lib:/home/luka/ws_moveit/install/moveit_ros_warehouse/lib:/home/luka/ws_moveit/install/moveit_kinematics/lib:/home/luka/ws_moveit/install/moveit_ros_planning/lib:/home/luka/ws_moveit/install/moveit_simple_controller_manager/lib:/home/luka/ws_moveit/install/moveit_ros_occupancy_map_monitor/lib:/home/luka/ws_moveit/install/moveit_core/lib:/home/luka/ws_moveit/install/moveit_msgs/lib:${LD_LIBRARY_PATH} PATH=/home/luka/ws_moveit/install/moveit_core/bin:${PATH} PYTHONPATH=/home/luka/ws_moveit/build/hello_moveit_py/prefix_override:/usr/lib/python3/dist-packages/colcon_core/task/python/colcon_distutils_commands:/home/luka/ws_moveit/install/hello_moveit_py/lib/python3.12/site-packages:/home/luka/ws_moveit/install/moveit_msgs/lib/python3.12/site-packages:/home/luka/ws_moveit/install/moveit_configs_utils/lib/python3.12/site-packages:${PYTHONPATH} /usr/bin/python3 -W ignore:setup.py install is deprecated -W ignore:easy_install command is deprecated setup.py egg_info --egg-base ../../build/hello_moveit_py build --build-base /home/luka/ws_moveit/build/hello_moveit_py/build install --record /home/luka/ws_moveit/build/hello_moveit_py/install.log --single-version-externally-managed install_data
[1.719s] running egg_info
[1.719s] creating ../../build/hello_moveit_py/hello_moveit_py.egg-info
[1.762s] writing ../../build/hello_moveit_py/hello_moveit_py.egg-info/PKG-INFO
[1.763s] writing dependency_links to ../../build/hello_moveit_py/hello_moveit_py.egg-info/dependency_links.txt
[1.763s] writing entry points to ../../build/hello_moveit_py/hello_moveit_py.egg-info/entry_points.txt
[1.763s] writing requirements to ../../build/hello_moveit_py/hello_moveit_py.egg-info/requires.txt
[1.763s] writing top-level names to ../../build/hello_moveit_py/hello_moveit_py.egg-info/top_level.txt
[1.764s] writing manifest file '../../build/hello_moveit_py/hello_moveit_py.egg-info/SOURCES.txt'
[1.836s] reading manifest file '../../build/hello_moveit_py/hello_moveit_py.egg-info/SOURCES.txt'
[1.836s] adding license file 'LICENSE'
[1.836s] writing manifest file '../../build/hello_moveit_py/hello_moveit_py.egg-info/SOURCES.txt'
[1.837s] running build
[1.837s] running build_py
[1.837s] creating /home/luka/ws_moveit/build/hello_moveit_py/build
[1.837s] creating /home/luka/ws_moveit/build/hello_moveit_py/build/lib
[1.837s] creating /home/luka/ws_moveit/build/hello_moveit_py/build/lib/hello_moveit_py
[1.837s] copying hello_moveit_py/__init__.py -> /home/luka/ws_moveit/build/hello_moveit_py/build/lib/hello_moveit_py
[1.838s] copying hello_moveit_py/hello_moveit_py.py -> /home/luka/ws_moveit/build/hello_moveit_py/build/lib/hello_moveit_py
[1.838s] running install
[1.845s] running install_lib
[1.882s] creating /home/luka/ws_moveit/install/hello_moveit_py/lib/python3.12/site-packages/hello_moveit_py
[1.882s] copying /home/luka/ws_moveit/build/hello_moveit_py/build/lib/hello_moveit_py/__init__.py -> /home/luka/ws_moveit/install/hello_moveit_py/lib/python3.12/site-packages/hello_moveit_py
[1.882s] copying /home/luka/ws_moveit/build/hello_moveit_py/build/lib/hello_moveit_py/hello_moveit_py.py -> /home/luka/ws_moveit/install/hello_moveit_py/lib/python3.12/site-packages/hello_moveit_py
[1.883s] byte-compiling /home/luka/ws_moveit/install/hello_moveit_py/lib/python3.12/site-packages/hello_moveit_py/__init__.py to __init__.cpython-312.pyc
[1.883s] byte-compiling /home/luka/ws_moveit/install/hello_moveit_py/lib/python3.12/site-packages/hello_moveit_py/hello_moveit_py.py to hello_moveit_py.cpython-312.pyc
[1.884s] running install_data
[1.884s] creating /home/luka/ws_moveit/install/hello_moveit_py/share/ament_index
[1.884s] creating /home/luka/ws_moveit/install/hello_moveit_py/share/ament_index/resource_index
[1.884s] creating /home/luka/ws_moveit/install/hello_moveit_py/share/ament_index/resource_index/packages
[1.884s] copying resource/hello_moveit_py -> /home/luka/ws_moveit/install/hello_moveit_py/share/ament_index/resource_index/packages
[1.884s] copying package.xml -> /home/luka/ws_moveit/install/hello_moveit_py/share/hello_moveit_py
[1.885s] running install_egg_info
[1.924s] Copying ../../build/hello_moveit_py/hello_moveit_py.egg-info to /home/luka/ws_moveit/install/hello_moveit_py/lib/python3.12/site-packages/hello_moveit_py-0.0.0-py3.12.egg-info
[1.925s] running install_scripts
[2.147s] Installing hello_moveit_py script to /home/luka/ws_moveit/install/hello_moveit_py/lib/hello_moveit_py
[2.147s] writing list of installed files to '/home/luka/ws_moveit/build/hello_moveit_py/install.log'
[2.182s] Invoked command in '/home/luka/ws_moveit/src/hello_moveit_py' returned '0': AMENT_PREFIX_PATH=/home/luka/ws_moveit/install/moveit_ros_planning_interface:/home/luka/ws_moveit/install/moveit_ros_move_group:/home/luka/ws_moveit/install/moveit_ros_warehouse:/home/luka/ws_moveit/install/moveit_kinematics:/home/luka/ws_moveit/install/moveit_ros_planning:/home/luka/ws_moveit/install/moveit_simple_controller_manager:/home/luka/ws_moveit/install/moveit_ros_occupancy_map_monitor:/home/luka/ws_moveit/install/moveit_core:/home/luka/ws_moveit/install/moveit_resources_panda_moveit_config:/home/luka/ws_moveit/install/moveit_resources_fanuc_moveit_config:/home/luka/ws_moveit/install/moveit_resources_pr2_description:/home/luka/ws_moveit/install/moveit_resources_panda_description:/home/luka/ws_moveit/install/moveit_resources_fanuc_description:/home/luka/ws_moveit/install/moveit_msgs:/home/luka/ws_moveit/install/moveit_configs_utils:/home/luka/ws_moveit/install/moveit_common:${AMENT_PREFIX_PATH} CMAKE_PREFIX_PATH=/home/luka/ws_moveit/install/moveit_ros_planning_interface:/home/luka/ws_moveit/install/moveit_ros_move_group:/home/luka/ws_moveit/install/moveit_ros_warehouse:/home/luka/ws_moveit/install/moveit_kinematics:/home/luka/ws_moveit/install/moveit_ros_planning:/home/luka/ws_moveit/install/moveit_simple_controller_manager:/home/luka/ws_moveit/install/moveit_ros_occupancy_map_monitor:/home/luka/ws_moveit/install/moveit_core:/home/luka/ws_moveit/install/moveit_resources_panda_moveit_config:/home/luka/ws_moveit/install/moveit_resources_fanuc_moveit_config:/home/luka/ws_moveit/install/moveit_resources_pr2_description:/home/luka/ws_moveit/install/moveit_resources_panda_description:/home/luka/ws_moveit/install/moveit_resources_fanuc_description:/home/luka/ws_moveit/install/moveit_msgs:/home/luka/ws_moveit/install/moveit_common:${CMAKE_PREFIX_PATH} DEBUGINFOD_URLS=https://debuginfod.ubuntu.com LD_LIBRARY_PATH=/home/luka/ws_moveit/install/moveit_ros_planning_interface/lib:/home/luka/ws_moveit/install/moveit_ros_move_group/lib:/home/luka/ws_moveit/install/moveit_ros_warehouse/lib:/home/luka/ws_moveit/install/moveit_kinematics/lib:/home/luka/ws_moveit/install/moveit_ros_planning/lib:/home/luka/ws_moveit/install/moveit_simple_controller_manager/lib:/home/luka/ws_moveit/install/moveit_ros_occupancy_map_monitor/lib:/home/luka/ws_moveit/install/moveit_core/lib:/home/luka/ws_moveit/install/moveit_msgs/lib:${LD_LIBRARY_PATH} PATH=/home/luka/ws_moveit/install/moveit_core/bin:${PATH} PYTHONPATH=/home/luka/ws_moveit/build/hello_moveit_py/prefix_override:/usr/lib/python3/dist-packages/colcon_core/task/python/colcon_distutils_commands:/home/luka/ws_moveit/install/hello_moveit_py/lib/python3.12/site-packages:/home/luka/ws_moveit/install/moveit_msgs/lib/python3.12/site-packages:/home/luka/ws_moveit/install/moveit_configs_utils/lib/python3.12/site-packages:${PYTHONPATH} /usr/bin/python3 -W ignore:setup.py install is deprecated -W ignore:easy_install command is deprecated setup.py egg_info --egg-base ../../build/hello_moveit_py build --build-base /home/luka/ws_moveit/build/hello_moveit_py/build install --record /home/luka/ws_moveit/build/hello_moveit_py/install.log --single-version-externally-managed install_data
