[0.035s] Invoking command in '/home/luka/ws_moveit/build/rviz_visual_tools': CMAKE_PREFIX_PATH=${CMAKE_PREFIX_PATH}:/home/luka/ws_moveit/install/hello_moveit_py:/home/luka/ws_moveit/install/moveit_configs_utils:/opt/ros/jazzy DEBUGINFOD_URLS=https://debuginfod.ubuntu.com /usr/bin/cmake --build /home/luka/ws_moveit/build/rviz_visual_tools -- -j4 -l4
[0.257s] [  0%] Built target rviz_visual_tools_gui_autogen_timestamp_deps
[0.350s] [  0%] Built target gtest_autogen_timestamp_deps
[0.500s] [  2%] Built target rviz_visual_tools_gui_autogen
[0.562s] [  4%] Built target gtest_autogen
[0.705s] [ 16%] Built target rviz_visual_tools_gui
[0.778s] [ 25%] Built target gtest
[0.850s] [ 25%] Built target gtest_main_autogen_timestamp_deps
[0.915s] [ 25%] Built target rviz_visual_tools_remote_control_autogen_timestamp_deps
[0.988s] [ 27%] Built target gtest_main_autogen
[1.130s] [ 29%] Built target rviz_visual_tools_remote_control_autogen
[1.200s] [ 37%] Built target gtest_main
[1.371s] [ 45%] Built target rviz_visual_tools_remote_control
[1.449s] [ 45%] Built target rviz_visual_tools_autogen_timestamp_deps
[1.569s] [ 47%] Built target rviz_visual_tools_autogen
[1.702s] [ 58%] Built target rviz_visual_tools
[1.781s] [ 58%] Built target rviz_visual_tools_imarker_simple_autogen_timestamp_deps
[1.846s] [ 58%] Built target rviz_visual_tools_rvt_test_autogen_timestamp_deps
[1.962s] [ 60%] Built target rviz_visual_tools_imarker_simple_autogen
[2.070s] [ 62%] Built target rviz_visual_tools_rvt_test_autogen
[2.196s] [ 70%] Built target rviz_visual_tools_imarker_simple
[2.315s] [ 79%] Built target rviz_visual_tools_rvt_test
[2.380s] [ 79%] Built target rviz_visual_tools_imarker_simple_demo_autogen_timestamp_deps
[2.457s] [ 79%] Built target rviz_visual_tools_demo_autogen_timestamp_deps
[2.609s] [ 81%] Built target rviz_visual_tools_imarker_simple_demo_autogen
[2.744s] [ 83%] Built target rviz_visual_tools_demo_autogen
[2.870s] [ 91%] Built target rviz_visual_tools_imarker_simple_demo
[3.047s] [100%] Built target rviz_visual_tools_demo
[3.083s] Invoked command in '/home/luka/ws_moveit/build/rviz_visual_tools' returned '0': CMAKE_PREFIX_PATH=${CMAKE_PREFIX_PATH}:/home/luka/ws_moveit/install/hello_moveit_py:/home/luka/ws_moveit/install/moveit_configs_utils:/opt/ros/jazzy DEBUGINFOD_URLS=https://debuginfod.ubuntu.com /usr/bin/cmake --build /home/luka/ws_moveit/build/rviz_visual_tools -- -j4 -l4
[3.086s] Invoking command in '/home/luka/ws_moveit/build/rviz_visual_tools': CMAKE_PREFIX_PATH=${CMAKE_PREFIX_PATH}:/home/luka/ws_moveit/install/hello_moveit_py:/home/luka/ws_moveit/install/moveit_configs_utils:/opt/ros/jazzy DEBUGINFOD_URLS=https://debuginfod.ubuntu.com /usr/bin/cmake --install /home/luka/ws_moveit/build/rviz_visual_tools
[3.123s] -- Install configuration: "Release"
[3.123s] -- Up-to-date: /home/luka/ws_moveit/install/rviz_visual_tools/share/rviz_visual_tools/plugin_description.xml
[3.125s] -- Up-to-date: /home/luka/ws_moveit/install/rviz_visual_tools/lib/librviz_visual_tools.so
[3.127s] -- Up-to-date: /home/luka/ws_moveit/install/rviz_visual_tools/lib/librviz_visual_tools_remote_control.so
[3.129s] -- Up-to-date: /home/luka/ws_moveit/install/rviz_visual_tools/lib/librviz_visual_tools_gui.so
[3.130s] -- Up-to-date: /home/luka/ws_moveit/install/rviz_visual_tools/lib/librviz_visual_tools_imarker_simple.so
[3.132s] -- Up-to-date: /home/luka/ws_moveit/install/rviz_visual_tools/lib/rviz_visual_tools/rviz_visual_tools_demo
[3.134s] -- Up-to-date: /home/luka/ws_moveit/install/rviz_visual_tools/lib/rviz_visual_tools/rviz_visual_tools_imarker_simple_demo
[3.134s] -- Up-to-date: /home/luka/ws_moveit/install/rviz_visual_tools/include
[3.134s] -- Up-to-date: /home/luka/ws_moveit/install/rviz_visual_tools/include/rviz_visual_tools
[3.134s] -- Up-to-date: /home/luka/ws_moveit/install/rviz_visual_tools/include/rviz_visual_tools/remote_reciever.hpp
[3.135s] -- Up-to-date: /home/luka/ws_moveit/install/rviz_visual_tools/include/rviz_visual_tools/remote_control.hpp
[3.135s] -- Up-to-date: /home/luka/ws_moveit/install/rviz_visual_tools/include/rviz_visual_tools/key_tool.hpp
[3.135s] -- Up-to-date: /home/luka/ws_moveit/install/rviz_visual_tools/include/rviz_visual_tools/tf_visual_tools.hpp
[3.135s] -- Up-to-date: /home/luka/ws_moveit/install/rviz_visual_tools/include/rviz_visual_tools/rviz_visual_tools.hpp
[3.135s] -- Up-to-date: /home/luka/ws_moveit/install/rviz_visual_tools/include/rviz_visual_tools/rviz_visual_tools_gui.hpp
[3.136s] -- Up-to-date: /home/luka/ws_moveit/install/rviz_visual_tools/include/rviz_visual_tools/imarker_simple.hpp
[3.138s] -- Up-to-date: /home/luka/ws_moveit/install/rviz_visual_tools/share/rviz_visual_tools/launch
[3.138s] -- Up-to-date: /home/luka/ws_moveit/install/rviz_visual_tools/share/rviz_visual_tools/launch/demo_rviz.launch.py
[3.138s] -- Up-to-date: /home/luka/ws_moveit/install/rviz_visual_tools/share/rviz_visual_tools/launch/demo.rviz
[3.138s] -- Up-to-date: /home/luka/ws_moveit/install/rviz_visual_tools/share/rviz_visual_tools/launch/demo_combined.launch.py
[3.139s] -- Up-to-date: /home/luka/ws_moveit/install/rviz_visual_tools/share/rviz_visual_tools/launch/rvt_test.launch
[3.140s] -- Up-to-date: /home/luka/ws_moveit/install/rviz_visual_tools/share/rviz_visual_tools/environment/library_path.sh
[3.141s] -- Up-to-date: /home/luka/ws_moveit/install/rviz_visual_tools/share/rviz_visual_tools/environment/library_path.dsv
[3.142s] -- Up-to-date: /home/luka/ws_moveit/install/rviz_visual_tools/share/ament_index/resource_index/package_run_dependencies/rviz_visual_tools
[3.143s] -- Up-to-date: /home/luka/ws_moveit/install/rviz_visual_tools/share/ament_index/resource_index/parent_prefix_path/rviz_visual_tools
[3.144s] -- Up-to-date: /home/luka/ws_moveit/install/rviz_visual_tools/share/rviz_visual_tools/environment/ament_prefix_path.sh
[3.144s] -- Up-to-date: /home/luka/ws_moveit/install/rviz_visual_tools/share/rviz_visual_tools/environment/ament_prefix_path.dsv
[3.145s] -- Up-to-date: /home/luka/ws_moveit/install/rviz_visual_tools/share/rviz_visual_tools/environment/path.sh
[3.145s] -- Up-to-date: /home/luka/ws_moveit/install/rviz_visual_tools/share/rviz_visual_tools/environment/path.dsv
[3.145s] -- Up-to-date: /home/luka/ws_moveit/install/rviz_visual_tools/share/rviz_visual_tools/local_setup.bash
[3.145s] -- Up-to-date: /home/luka/ws_moveit/install/rviz_visual_tools/share/rviz_visual_tools/local_setup.sh
[3.146s] -- Up-to-date: /home/luka/ws_moveit/install/rviz_visual_tools/share/rviz_visual_tools/local_setup.zsh
[3.147s] -- Up-to-date: /home/luka/ws_moveit/install/rviz_visual_tools/share/rviz_visual_tools/local_setup.dsv
[3.147s] -- Installing: /home/luka/ws_moveit/install/rviz_visual_tools/share/rviz_visual_tools/package.dsv
[3.154s] -- Up-to-date: /home/luka/ws_moveit/install/rviz_visual_tools/share/ament_index/resource_index/packages/rviz_visual_tools
[3.155s] -- Up-to-date: /home/luka/ws_moveit/install/rviz_visual_tools/share/ament_index/resource_index/rviz_common__pluginlib__plugin/rviz_visual_tools
[3.155s] -- Up-to-date: /home/luka/ws_moveit/install/rviz_visual_tools/share/rviz_visual_tools/cmake/export_rviz_visual_toolsExport.cmake
[3.155s] -- Up-to-date: /home/luka/ws_moveit/install/rviz_visual_tools/share/rviz_visual_tools/cmake/export_rviz_visual_toolsExport-release.cmake
[3.155s] -- Up-to-date: /home/luka/ws_moveit/install/rviz_visual_tools/share/rviz_visual_tools/cmake/ament_cmake_export_targets-extras.cmake
[3.155s] -- Up-to-date: /home/luka/ws_moveit/install/rviz_visual_tools/share/rviz_visual_tools/cmake/ament_cmake_export_dependencies-extras.cmake
[3.156s] -- Up-to-date: /home/luka/ws_moveit/install/rviz_visual_tools/share/rviz_visual_tools/cmake/ament_cmake_export_include_directories-extras.cmake
[3.156s] -- Up-to-date: /home/luka/ws_moveit/install/rviz_visual_tools/share/rviz_visual_tools/cmake/ament_cmake_export_libraries-extras.cmake
[3.156s] -- Up-to-date: /home/luka/ws_moveit/install/rviz_visual_tools/share/rviz_visual_tools/cmake/rviz_visual_toolsConfig.cmake
[3.156s] -- Up-to-date: /home/luka/ws_moveit/install/rviz_visual_tools/share/rviz_visual_tools/cmake/rviz_visual_toolsConfig-version.cmake
[3.156s] -- Up-to-date: /home/luka/ws_moveit/install/rviz_visual_tools/share/rviz_visual_tools/package.xml
[3.157s] Invoked command in '/home/luka/ws_moveit/build/rviz_visual_tools' returned '0': CMAKE_PREFIX_PATH=${CMAKE_PREFIX_PATH}:/home/luka/ws_moveit/install/hello_moveit_py:/home/luka/ws_moveit/install/moveit_configs_utils:/opt/ros/jazzy DEBUGINFOD_URLS=https://debuginfod.ubuntu.com /usr/bin/cmake --install /home/luka/ws_moveit/build/rviz_visual_tools
