[0.013s] Invoking command in '/home/luka/ws_moveit/build/kortex_api': CMAKE_PREFIX_PATH=${CMAKE_PREFIX_PATH}:/opt/ros/jazzy DEBUGINFOD_URLS=https://debuginfod.ubuntu.com /usr/bin/cmake /home/luka/ws_moveit/src/ros2_kortex/kortex_api -DCMAKE_BUILD_TYPE=Release -DCMAKE_INSTALL_PREFIX=/home/luka/ws_moveit/install/kortex_api
[0.040s] [33mCMake Warning (dev) at /usr/share/cmake-3.28/Modules/FetchContent.cmake:1331 (message):
[0.040s]   The DOWNLOAD_EXTRACT_TIMESTAMP option was not given and policy CMP0135 is
[0.040s]   not set.  The policy's OLD behavior will be used.  When using a URL
[0.040s]   download, the timestamps of extracted files should preferably be that of
[0.040s]   the time of extraction, otherwise code that depends on the extracted
[0.041s]   contents might not be rebuilt if the URL changes.  The OLD behavior
[0.041s]   preserves the timestamps from the archive instead, but this is usually not
[0.041s]   what you want.  Update your project to the NEW behavior or specify the
[0.041s]   DOWNLOAD_EXTRACT_TIMESTAMP option with a value of true to avoid this
[0.041s]   robustness issue.
[0.041s] Call Stack (most recent call first):
[0.041s]   CMakeLists.txt:4 (FetchContent_Declare)
[0.042s] This warning is for project developers.  Use -Wno-dev to suppress it.
[0.044s] [0m
[0.364s] -- Found ament_cmake: 2.5.4 (/opt/ros/jazzy/share/ament_cmake/cmake)
[1.061s] -- Configuring done (1.0s)
[1.069s] -- Generating done (0.0s)
[1.073s] -- Build files have been written to: /home/luka/ws_moveit/build/kortex_api
[1.080s] Invoked command in '/home/luka/ws_moveit/build/kortex_api' returned '0': CMAKE_PREFIX_PATH=${CMAKE_PREFIX_PATH}:/opt/ros/jazzy DEBUGINFOD_URLS=https://debuginfod.ubuntu.com /usr/bin/cmake /home/luka/ws_moveit/src/ros2_kortex/kortex_api -DCMAKE_BUILD_TYPE=Release -DCMAKE_INSTALL_PREFIX=/home/luka/ws_moveit/install/kortex_api
[1.081s] Invoking command in '/home/luka/ws_moveit/build/kortex_api': CMAKE_PREFIX_PATH=${CMAKE_PREFIX_PATH}:/opt/ros/jazzy DEBUGINFOD_URLS=https://debuginfod.ubuntu.com /usr/bin/cmake --build /home/luka/ws_moveit/build/kortex_api -- -j4 -l4
[1.166s] Invoked command in '/home/luka/ws_moveit/build/kortex_api' returned '0': CMAKE_PREFIX_PATH=${CMAKE_PREFIX_PATH}:/opt/ros/jazzy DEBUGINFOD_URLS=https://debuginfod.ubuntu.com /usr/bin/cmake --build /home/luka/ws_moveit/build/kortex_api -- -j4 -l4
[1.168s] Invoking command in '/home/luka/ws_moveit/build/kortex_api': CMAKE_PREFIX_PATH=${CMAKE_PREFIX_PATH}:/opt/ros/jazzy DEBUGINFOD_URLS=https://debuginfod.ubuntu.com /usr/bin/cmake --install /home/luka/ws_moveit/build/kortex_api
[1.187s] -- Install configuration: "Release"
[1.187s] -- Up-to-date: /home/luka/ws_moveit/install/kortex_api/include/kortex_api
[1.189s] -- Up-to-date: /home/luka/ws_moveit/install/kortex_api/include/kortex_api/ITransportClient.h
[1.189s] -- Up-to-date: /home/luka/ws_moveit/install/kortex_api/include/kortex_api/IRouterClient.h
[1.190s] -- Up-to-date: /home/luka/ws_moveit/install/kortex_api/include/kortex_api/NotificationHandler.h
[1.190s] -- Up-to-date: /home/luka/ws_moveit/install/kortex_api/include/kortex_api/FrameHandler.h
[1.190s] -- Up-to-date: /home/luka/ws_moveit/install/kortex_api/include/kortex_api/SessionManager.h
[1.190s] -- Up-to-date: /home/luka/ws_moveit/install/kortex_api/include/kortex_api/RouterClient.h
[1.191s] -- Up-to-date: /home/luka/ws_moveit/install/kortex_api/include/kortex_api/TransportClientUdp.h
[1.192s] -- Up-to-date: /home/luka/ws_moveit/install/kortex_api/include/kortex_api/TransportClientTcp.h
[1.192s] -- Up-to-date: /home/luka/ws_moveit/install/kortex_api/include/kortex_api/version.h
[1.192s] -- Up-to-date: /home/luka/ws_moveit/install/kortex_api/include/kortex_api
[1.192s] -- Up-to-date: /home/luka/ws_moveit/install/kortex_api/include/kortex_api/KinovaTcpUtilities.h
[1.192s] -- Up-to-date: /home/luka/ws_moveit/install/kortex_api/include/kortex_api/KBasicException.h
[1.193s] -- Up-to-date: /home/luka/ws_moveit/install/kortex_api/include/kortex_api/KDetailedException.h
[1.193s] -- Up-to-date: /home/luka/ws_moveit/install/kortex_api/include/kortex_api/KError.h
[1.193s] -- Up-to-date: /home/luka/ws_moveit/install/kortex_api/include/kortex_api/TransportBridgeDummy.h
[1.193s] -- Up-to-date: /home/luka/ws_moveit/install/kortex_api/include/kortex_api/HeaderInfo.h
[1.193s] -- Up-to-date: /home/luka/ws_moveit/install/kortex_api/include/kortex_api/version.h
[1.194s] -- Up-to-date: /home/luka/ws_moveit/install/kortex_api/include/kortex_api/Frame.h
[1.194s] -- Up-to-date: /home/luka/ws_moveit/install/kortex_api/include/kortex_api
[1.194s] -- Up-to-date: /home/luka/ws_moveit/install/kortex_api/include/kortex_api/Errors.pb.h
[1.194s] -- Up-to-date: /home/luka/ws_moveit/install/kortex_api/include/kortex_api/Test.pb.h
[1.195s] -- Up-to-date: /home/luka/ws_moveit/install/kortex_api/include/kortex_api/Common.pb.h
[1.195s] -- Up-to-date: /home/luka/ws_moveit/install/kortex_api/include/kortex_api/InterconnectCyclic.pb.h
[1.195s] -- Up-to-date: /home/luka/ws_moveit/install/kortex_api/include/kortex_api/DeviceConfig.pb.h
[1.195s] -- Up-to-date: /home/luka/ws_moveit/install/kortex_api/include/kortex_api/ActuatorConfig.pb.h
[1.195s] -- Up-to-date: /home/luka/ws_moveit/install/kortex_api/include/kortex_api/InterconnectConfig.pb.h
[1.195s] -- Up-to-date: /home/luka/ws_moveit/install/kortex_api/include/kortex_api/Session.pb.h
[1.196s] -- Up-to-date: /home/luka/ws_moveit/install/kortex_api/include/kortex_api/DeviceManager.pb.h
[1.196s] -- Up-to-date: /home/luka/ws_moveit/install/kortex_api/include/kortex_api/ControlConfig.pb.h
[1.196s] -- Up-to-date: /home/luka/ws_moveit/install/kortex_api/include/kortex_api/Base.pb.h
[1.197s] -- Up-to-date: /home/luka/ws_moveit/install/kortex_api/include/kortex_api/GripperCyclic.pb.h
[1.197s] -- Up-to-date: /home/luka/ws_moveit/install/kortex_api/include/kortex_api/VisionConfig.pb.h
[1.197s] -- Up-to-date: /home/luka/ws_moveit/install/kortex_api/include/kortex_api/GripperCyclicMessage.pb.h
[1.197s] -- Up-to-date: /home/luka/ws_moveit/install/kortex_api/include/kortex_api/InterconnectCyclicMessage.pb.h
[1.197s] -- Up-to-date: /home/luka/ws_moveit/install/kortex_api/include/kortex_api/BaseCyclic.pb.h
[1.198s] -- Up-to-date: /home/luka/ws_moveit/install/kortex_api/include/kortex_api/GripperConfig.pb.h
[1.198s] -- Up-to-date: /home/luka/ws_moveit/install/kortex_api/include/kortex_api/ActuatorCyclic.pb.h
[1.198s] -- Up-to-date: /home/luka/ws_moveit/install/kortex_api/include/kortex_api/ProductConfiguration.pb.h
[1.198s] -- Up-to-date: /home/luka/ws_moveit/install/kortex_api/include/kortex_api/Frame.pb.h
[1.199s] -- Up-to-date: /home/luka/ws_moveit/install/kortex_api/include/kortex_api
[1.199s] -- Up-to-date: /home/luka/ws_moveit/install/kortex_api/include/kortex_api/ControlConfigClientRpc.h
[1.199s] -- Up-to-date: /home/luka/ws_moveit/install/kortex_api/include/kortex_api/SessionClientRpc.h
[1.199s] -- Up-to-date: /home/luka/ws_moveit/install/kortex_api/include/kortex_api/BaseClientRpc.h
[1.199s] -- Up-to-date: /home/luka/ws_moveit/install/kortex_api/include/kortex_api/ActuatorCyclicClientRpc.h
[1.200s] -- Up-to-date: /home/luka/ws_moveit/install/kortex_api/include/kortex_api/GripperCyclicClientRpc.h
[1.200s] -- Up-to-date: /home/luka/ws_moveit/install/kortex_api/include/kortex_api/InterconnectConfigClientRpc.h
[1.200s] -- Up-to-date: /home/luka/ws_moveit/install/kortex_api/include/kortex_api/InterconnectCyclicClientRpc.h
[1.200s] -- Up-to-date: /home/luka/ws_moveit/install/kortex_api/include/kortex_api/TestClientRpc.h
[1.200s] -- Up-to-date: /home/luka/ws_moveit/install/kortex_api/include/kortex_api/ActuatorConfigClientRpc.h
[1.201s] -- Up-to-date: /home/luka/ws_moveit/install/kortex_api/include/kortex_api/DeviceManagerClientRpc.h
[1.201s] -- Up-to-date: /home/luka/ws_moveit/install/kortex_api/include/kortex_api/DeviceConfigClientRpc.h
[1.201s] -- Up-to-date: /home/luka/ws_moveit/install/kortex_api/include/kortex_api/VisionConfigClientRpc.h
[1.201s] -- Up-to-date: /home/luka/ws_moveit/install/kortex_api/include/kortex_api/BaseCyclicClientRpc.h
[1.201s] -- Up-to-date: /home/luka/ws_moveit/install/kortex_api/include/kortex_api/google/protobuf
[1.201s] -- Up-to-date: /home/luka/ws_moveit/install/kortex_api/include/kortex_api/google/protobuf/repeated_field.h
[1.202s] -- Up-to-date: /home/luka/ws_moveit/install/kortex_api/include/kortex_api/google/protobuf/duration.pb.h
[1.202s] -- Up-to-date: /home/luka/ws_moveit/install/kortex_api/include/kortex_api/google/protobuf/reflection_ops.h
[1.202s] -- Up-to-date: /home/luka/ws_moveit/install/kortex_api/include/kortex_api/google/protobuf/metadata_lite.h
[1.202s] -- Up-to-date: /home/luka/ws_moveit/install/kortex_api/include/kortex_api/google/protobuf/map.h
[1.202s] -- Up-to-date: /home/luka/ws_moveit/install/kortex_api/include/kortex_api/google/protobuf/descriptor.h
[1.202s] -- Up-to-date: /home/luka/ws_moveit/install/kortex_api/include/kortex_api/google/protobuf/dynamic_message.h
[1.202s] -- Up-to-date: /home/luka/ws_moveit/install/kortex_api/include/kortex_api/google/protobuf/io
[1.202s] -- Up-to-date: /home/luka/ws_moveit/install/kortex_api/include/kortex_api/google/protobuf/io/strtod.h
[1.203s] -- Up-to-date: /home/luka/ws_moveit/install/kortex_api/include/kortex_api/google/protobuf/io/zero_copy_stream_impl.h
[1.203s] -- Up-to-date: /home/luka/ws_moveit/install/kortex_api/include/kortex_api/google/protobuf/io/coded_stream.h
[1.203s] -- Up-to-date: /home/luka/ws_moveit/install/kortex_api/include/kortex_api/google/protobuf/io/gzip_stream.h
[1.203s] -- Up-to-date: /home/luka/ws_moveit/install/kortex_api/include/kortex_api/google/protobuf/io/tokenizer.h
[1.203s] -- Up-to-date: /home/luka/ws_moveit/install/kortex_api/include/kortex_api/google/protobuf/io/zero_copy_stream.h
[1.204s] -- Up-to-date: /home/luka/ws_moveit/install/kortex_api/include/kortex_api/google/protobuf/io/zero_copy_stream_impl_lite.h
[1.204s] -- Up-to-date: /home/luka/ws_moveit/install/kortex_api/include/kortex_api/google/protobuf/io/printer.h
[1.204s] -- Up-to-date: /home/luka/ws_moveit/install/kortex_api/include/kortex_api/google/protobuf/struct.pb.h
[1.205s] -- Up-to-date: /home/luka/ws_moveit/install/kortex_api/include/kortex_api/google/protobuf/any.pb.h
[1.205s] -- Up-to-date: /home/luka/ws_moveit/install/kortex_api/include/kortex_api/google/protobuf/wire_format_lite.h
[1.205s] -- Up-to-date: /home/luka/ws_moveit/install/kortex_api/include/kortex_api/google/protobuf/extension_set.h
[1.206s] -- Up-to-date: /home/luka/ws_moveit/install/kortex_api/include/kortex_api/google/protobuf/wire_format_lite_inl.h
[1.206s] -- Up-to-date: /home/luka/ws_moveit/install/kortex_api/include/kortex_api/google/protobuf/map_field_inl.h
[1.207s] -- Up-to-date: /home/luka/ws_moveit/install/kortex_api/include/kortex_api/google/protobuf/reflection.h
[1.207s] -- Up-to-date: /home/luka/ws_moveit/install/kortex_api/include/kortex_api/google/protobuf/generated_message_util.h
[1.207s] -- Up-to-date: /home/luka/ws_moveit/install/kortex_api/include/kortex_api/google/protobuf/descriptor.pb.h
[1.208s] -- Up-to-date: /home/luka/ws_moveit/install/kortex_api/include/kortex_api/google/protobuf/metadata.h
[1.208s] -- Up-to-date: /home/luka/ws_moveit/install/kortex_api/include/kortex_api/google/protobuf/has_bits.h
[1.208s] -- Up-to-date: /home/luka/ws_moveit/install/kortex_api/include/kortex_api/google/protobuf/wire_format.h
[1.209s] -- Up-to-date: /home/luka/ws_moveit/install/kortex_api/include/kortex_api/google/protobuf/compiler
[1.209s] -- Up-to-date: /home/luka/ws_moveit/install/kortex_api/include/kortex_api/google/protobuf/compiler/cpp
[1.209s] -- Up-to-date: /home/luka/ws_moveit/install/kortex_api/include/kortex_api/google/protobuf/compiler/cpp/cpp_generator.h
[1.209s] -- Up-to-date: /home/luka/ws_moveit/install/kortex_api/include/kortex_api/google/protobuf/compiler/ruby
[1.210s] -- Up-to-date: /home/luka/ws_moveit/install/kortex_api/include/kortex_api/google/protobuf/compiler/ruby/ruby_generator.h
[1.210s] -- Up-to-date: /home/luka/ws_moveit/install/kortex_api/include/kortex_api/google/protobuf/compiler/java
[1.210s] -- Up-to-date: /home/luka/ws_moveit/install/kortex_api/include/kortex_api/google/protobuf/compiler/java/java_names.h
[1.210s] -- Up-to-date: /home/luka/ws_moveit/install/kortex_api/include/kortex_api/google/protobuf/compiler/java/java_generator.h
[1.210s] -- Up-to-date: /home/luka/ws_moveit/install/kortex_api/include/kortex_api/google/protobuf/compiler/parser.h
[1.211s] -- Up-to-date: /home/luka/ws_moveit/install/kortex_api/include/kortex_api/google/protobuf/compiler/importer.h
[1.211s] -- Up-to-date: /home/luka/ws_moveit/install/kortex_api/include/kortex_api/google/protobuf/compiler/plugin.pb.h
[1.211s] -- Up-to-date: /home/luka/ws_moveit/install/kortex_api/include/kortex_api/google/protobuf/compiler/plugin.h
[1.211s] -- Up-to-date: /home/luka/ws_moveit/install/kortex_api/include/kortex_api/google/protobuf/compiler/objectivec
[1.211s] -- Up-to-date: /home/luka/ws_moveit/install/kortex_api/include/kortex_api/google/protobuf/compiler/objectivec/objectivec_helpers.h
[1.211s] -- Up-to-date: /home/luka/ws_moveit/install/kortex_api/include/kortex_api/google/protobuf/compiler/objectivec/objectivec_generator.h
[1.212s] -- Up-to-date: /home/luka/ws_moveit/install/kortex_api/include/kortex_api/google/protobuf/compiler/code_generator.h
[1.212s] -- Up-to-date: /home/luka/ws_moveit/install/kortex_api/include/kortex_api/google/protobuf/compiler/python
[1.212s] -- Up-to-date: /home/luka/ws_moveit/install/kortex_api/include/kortex_api/google/protobuf/compiler/python/python_generator.h
[1.212s] -- Up-to-date: /home/luka/ws_moveit/install/kortex_api/include/kortex_api/google/protobuf/compiler/javanano
[1.212s] -- Up-to-date: /home/luka/ws_moveit/install/kortex_api/include/kortex_api/google/protobuf/compiler/javanano/javanano_generator.h
[1.212s] -- Up-to-date: /home/luka/ws_moveit/install/kortex_api/include/kortex_api/google/protobuf/compiler/php
[1.213s] -- Up-to-date: /home/luka/ws_moveit/install/kortex_api/include/kortex_api/google/protobuf/compiler/php/php_generator.h
[1.213s] -- Up-to-date: /home/luka/ws_moveit/install/kortex_api/include/kortex_api/google/protobuf/compiler/js
[1.213s] -- Up-to-date: /home/luka/ws_moveit/install/kortex_api/include/kortex_api/google/protobuf/compiler/js/well_known_types_embed.h
[1.213s] -- Up-to-date: /home/luka/ws_moveit/install/kortex_api/include/kortex_api/google/protobuf/compiler/js/js_generator.h
[1.213s] -- Up-to-date: /home/luka/ws_moveit/install/kortex_api/include/kortex_api/google/protobuf/compiler/csharp
[1.213s] -- Up-to-date: /home/luka/ws_moveit/install/kortex_api/include/kortex_api/google/protobuf/compiler/csharp/csharp_names.h
[1.214s] -- Up-to-date: /home/luka/ws_moveit/install/kortex_api/include/kortex_api/google/protobuf/compiler/csharp/csharp_generator.h
[1.214s] -- Up-to-date: /home/luka/ws_moveit/install/kortex_api/include/kortex_api/google/protobuf/compiler/command_line_interface.h
[1.214s] -- Up-to-date: /home/luka/ws_moveit/install/kortex_api/include/kortex_api/google/protobuf/api.pb.h
[1.214s] -- Up-to-date: /home/luka/ws_moveit/install/kortex_api/include/kortex_api/google/protobuf/wrappers.pb.h
[1.214s] -- Up-to-date: /home/luka/ws_moveit/install/kortex_api/include/kortex_api/google/protobuf/generated_message_reflection.h
[1.214s] -- Up-to-date: /home/luka/ws_moveit/install/kortex_api/include/kortex_api/google/protobuf/map_field.h
[1.215s] -- Up-to-date: /home/luka/ws_moveit/install/kortex_api/include/kortex_api/google/protobuf/map_type_handler.h
[1.215s] -- Up-to-date: /home/luka/ws_moveit/install/kortex_api/include/kortex_api/google/protobuf/stubs
[1.215s] -- Up-to-date: /home/luka/ws_moveit/install/kortex_api/include/kortex_api/google/protobuf/stubs/shared_ptr.h
[1.215s] -- Up-to-date: /home/luka/ws_moveit/install/kortex_api/include/kortex_api/google/protobuf/stubs/type_traits.h
[1.216s] -- Up-to-date: /home/luka/ws_moveit/install/kortex_api/include/kortex_api/google/protobuf/stubs/bytestream.h
[1.216s] -- Up-to-date: /home/luka/ws_moveit/install/kortex_api/include/kortex_api/google/protobuf/stubs/status.h
[1.217s] -- Up-to-date: /home/luka/ws_moveit/install/kortex_api/include/kortex_api/google/protobuf/stubs/atomicops_internals_mips_gcc.h
[1.217s] -- Up-to-date: /home/luka/ws_moveit/install/kortex_api/include/kortex_api/google/protobuf/stubs/atomicops_internals_arm_qnx.h
[1.217s] -- Up-to-date: /home/luka/ws_moveit/install/kortex_api/include/kortex_api/google/protobuf/stubs/atomicops.h
[1.218s] -- Up-to-date: /home/luka/ws_moveit/install/kortex_api/include/kortex_api/google/protobuf/stubs/atomicops_internals_generic_c11_atomic.h
[1.218s] -- Up-to-date: /home/luka/ws_moveit/install/kortex_api/include/kortex_api/google/protobuf/stubs/atomicops_internals_generic_gcc.h
[1.218s] -- Up-to-date: /home/luka/ws_moveit/install/kortex_api/include/kortex_api/google/protobuf/stubs/mutex.h
[1.218s] -- Up-to-date: /home/luka/ws_moveit/install/kortex_api/include/kortex_api/google/protobuf/stubs/macros.h
[1.219s] -- Up-to-date: /home/luka/ws_moveit/install/kortex_api/include/kortex_api/google/protobuf/stubs/fastmem.h
[1.219s] -- Up-to-date: /home/luka/ws_moveit/install/kortex_api/include/kortex_api/google/protobuf/stubs/port.h
[1.219s] -- Up-to-date: /home/luka/ws_moveit/install/kortex_api/include/kortex_api/google/protobuf/stubs/logging.h
[1.219s] -- Up-to-date: /home/luka/ws_moveit/install/kortex_api/include/kortex_api/google/protobuf/stubs/casts.h
[1.220s] -- Up-to-date: /home/luka/ws_moveit/install/kortex_api/include/kortex_api/google/protobuf/stubs/atomicops_internals_tsan.h
[1.220s] -- Up-to-date: /home/luka/ws_moveit/install/kortex_api/include/kortex_api/google/protobuf/stubs/atomicops_internals_solaris.h
[1.220s] -- Up-to-date: /home/luka/ws_moveit/install/kortex_api/include/kortex_api/google/protobuf/stubs/platform_macros.h
[1.220s] -- Up-to-date: /home/luka/ws_moveit/install/kortex_api/include/kortex_api/google/protobuf/stubs/stringpiece.h
[1.221s] -- Up-to-date: /home/luka/ws_moveit/install/kortex_api/include/kortex_api/google/protobuf/stubs/hash.h
[1.221s] -- Up-to-date: /home/luka/ws_moveit/install/kortex_api/include/kortex_api/google/protobuf/stubs/atomicops_internals_x86_gcc.h
[1.221s] -- Up-to-date: /home/luka/ws_moveit/install/kortex_api/include/kortex_api/google/protobuf/stubs/stl_util.h
[1.222s] -- Up-to-date: /home/luka/ws_moveit/install/kortex_api/include/kortex_api/google/protobuf/stubs/atomic_sequence_num.h
[1.222s] -- Up-to-date: /home/luka/ws_moveit/install/kortex_api/include/kortex_api/google/protobuf/stubs/atomicops_internals_arm64_gcc.h
[1.222s] -- Up-to-date: /home/luka/ws_moveit/install/kortex_api/include/kortex_api/google/protobuf/stubs/atomicops_internals_x86_msvc.h
[1.222s] -- Up-to-date: /home/luka/ws_moveit/install/kortex_api/include/kortex_api/google/protobuf/stubs/atomicops_internals_arm_gcc.h
[1.222s] -- Up-to-date: /home/luka/ws_moveit/install/kortex_api/include/kortex_api/google/protobuf/stubs/common.h
[1.222s] -- Up-to-date: /home/luka/ws_moveit/install/kortex_api/include/kortex_api/google/protobuf/stubs/once.h
[1.222s] -- Up-to-date: /home/luka/ws_moveit/install/kortex_api/include/kortex_api/google/protobuf/stubs/callback.h
[1.223s] -- Up-to-date: /home/luka/ws_moveit/install/kortex_api/include/kortex_api/google/protobuf/stubs/atomicops_internals_power.h
[1.223s] -- Up-to-date: /home/luka/ws_moveit/install/kortex_api/include/kortex_api/google/protobuf/stubs/singleton.h
[1.223s] -- Up-to-date: /home/luka/ws_moveit/install/kortex_api/include/kortex_api/google/protobuf/stubs/atomicops_internals_ppc_gcc.h
[1.223s] -- Up-to-date: /home/luka/ws_moveit/install/kortex_api/include/kortex_api/google/protobuf/stubs/template_util.h
[1.223s] -- Up-to-date: /home/luka/ws_moveit/install/kortex_api/include/kortex_api/google/protobuf/stubs/scoped_ptr.h
[1.223s] -- Up-to-date: /home/luka/ws_moveit/install/kortex_api/include/kortex_api/google/protobuf/arenastring.h
[1.223s] -- Up-to-date: /home/luka/ws_moveit/install/kortex_api/include/kortex_api/google/protobuf/message_lite.h
[1.224s] -- Up-to-date: /home/luka/ws_moveit/install/kortex_api/include/kortex_api/google/protobuf/field_mask.pb.h
[1.224s] -- Up-to-date: /home/luka/ws_moveit/install/kortex_api/include/kortex_api/google/protobuf/message.h
[1.224s] -- Up-to-date: /home/luka/ws_moveit/install/kortex_api/include/kortex_api/google/protobuf/arena.h
[1.224s] -- Up-to-date: /home/luka/ws_moveit/install/kortex_api/include/kortex_api/google/protobuf/any.h
[1.224s] -- Up-to-date: /home/luka/ws_moveit/install/kortex_api/include/kortex_api/google/protobuf/service.h
[1.225s] -- Up-to-date: /home/luka/ws_moveit/install/kortex_api/include/kortex_api/google/protobuf/timestamp.pb.h
[1.225s] -- Up-to-date: /home/luka/ws_moveit/install/kortex_api/include/kortex_api/google/protobuf/type.pb.h
[1.225s] -- Up-to-date: /home/luka/ws_moveit/install/kortex_api/include/kortex_api/google/protobuf/descriptor_database.h
[1.225s] -- Up-to-date: /home/luka/ws_moveit/install/kortex_api/include/kortex_api/google/protobuf/generated_enum_util.h
[1.225s] -- Up-to-date: /home/luka/ws_moveit/install/kortex_api/include/kortex_api/google/protobuf/empty.pb.h
[1.226s] -- Up-to-date: /home/luka/ws_moveit/install/kortex_api/include/kortex_api/google/protobuf/unknown_field_set.h
[1.226s] -- Up-to-date: /home/luka/ws_moveit/install/kortex_api/include/kortex_api/google/protobuf/map_entry.h
[1.226s] -- Up-to-date: /home/luka/ws_moveit/install/kortex_api/include/kortex_api/google/protobuf/map_field_lite.h
[1.226s] -- Up-to-date: /home/luka/ws_moveit/install/kortex_api/include/kortex_api/google/protobuf/generated_enum_reflection.h
[1.226s] -- Up-to-date: /home/luka/ws_moveit/install/kortex_api/include/kortex_api/google/protobuf/util
[1.227s] -- Up-to-date: /home/luka/ws_moveit/install/kortex_api/include/kortex_api/google/protobuf/util/message_differencer.h
[1.227s] -- Up-to-date: /home/luka/ws_moveit/install/kortex_api/include/kortex_api/google/protobuf/util/field_comparator.h
[1.227s] -- Up-to-date: /home/luka/ws_moveit/install/kortex_api/include/kortex_api/google/protobuf/util/time_util.h
[1.227s] -- Up-to-date: /home/luka/ws_moveit/install/kortex_api/include/kortex_api/google/protobuf/util/field_mask_util.h
[1.227s] -- Up-to-date: /home/luka/ws_moveit/install/kortex_api/include/kortex_api/google/protobuf/util/json_util.h
[1.227s] -- Up-to-date: /home/luka/ws_moveit/install/kortex_api/include/kortex_api/google/protobuf/util/type_resolver_util.h
[1.228s] -- Up-to-date: /home/luka/ws_moveit/install/kortex_api/include/kortex_api/google/protobuf/util/type_resolver.h
[1.228s] -- Up-to-date: /home/luka/ws_moveit/install/kortex_api/include/kortex_api/google/protobuf/util/delimited_message_util.h
[1.228s] -- Up-to-date: /home/luka/ws_moveit/install/kortex_api/include/kortex_api/google/protobuf/generated_message_table_driven.h
[1.228s] -- Up-to-date: /home/luka/ws_moveit/install/kortex_api/include/kortex_api/google/protobuf/source_context.pb.h
[1.228s] -- Up-to-date: /home/luka/ws_moveit/install/kortex_api/include/kortex_api/google/protobuf/map_entry_lite.h
[1.229s] -- Up-to-date: /home/luka/ws_moveit/install/kortex_api/include/kortex_api/google/protobuf/arena_impl.h
[1.230s] -- Up-to-date: /home/luka/ws_moveit/install/kortex_api/include/kortex_api/google/protobuf/text_format.h
[1.230s] -- Up-to-date: /home/luka/ws_moveit/install/kortex_api/share/ament_index/resource_index/package_run_dependencies/kortex_api
[1.230s] -- Up-to-date: /home/luka/ws_moveit/install/kortex_api/share/ament_index/resource_index/parent_prefix_path/kortex_api
[1.231s] -- Up-to-date: /home/luka/ws_moveit/install/kortex_api/share/kortex_api/environment/ament_prefix_path.sh
[1.231s] -- Up-to-date: /home/luka/ws_moveit/install/kortex_api/share/kortex_api/environment/ament_prefix_path.dsv
[1.231s] -- Up-to-date: /home/luka/ws_moveit/install/kortex_api/share/kortex_api/environment/path.sh
[1.231s] -- Up-to-date: /home/luka/ws_moveit/install/kortex_api/share/kortex_api/environment/path.dsv
[1.231s] -- Up-to-date: /home/luka/ws_moveit/install/kortex_api/share/kortex_api/local_setup.bash
[1.232s] -- Up-to-date: /home/luka/ws_moveit/install/kortex_api/share/kortex_api/local_setup.sh
[1.232s] -- Up-to-date: /home/luka/ws_moveit/install/kortex_api/share/kortex_api/local_setup.zsh
[1.232s] -- Up-to-date: /home/luka/ws_moveit/install/kortex_api/share/kortex_api/local_setup.dsv
[1.232s] -- Installing: /home/luka/ws_moveit/install/kortex_api/share/kortex_api/package.dsv
[1.234s] -- Up-to-date: /home/luka/ws_moveit/install/kortex_api/share/ament_index/resource_index/packages/kortex_api
[1.234s] -- Up-to-date: /home/luka/ws_moveit/install/kortex_api/share/kortex_api/cmake/ament_cmake_export_include_directories-extras.cmake
[1.234s] -- Up-to-date: /home/luka/ws_moveit/install/kortex_api/share/kortex_api/cmake/kortex_apiConfig.cmake
[1.237s] -- Up-to-date: /home/luka/ws_moveit/install/kortex_api/share/kortex_api/cmake/kortex_apiConfig-version.cmake
[1.237s] -- Up-to-date: /home/luka/ws_moveit/install/kortex_api/share/kortex_api/package.xml
[1.237s] Invoked command in '/home/luka/ws_moveit/build/kortex_api' returned '0': CMAKE_PREFIX_PATH=${CMAKE_PREFIX_PATH}:/opt/ros/jazzy DEBUGINFOD_URLS=https://debuginfod.ubuntu.com /usr/bin/cmake --install /home/luka/ws_moveit/build/kortex_api
