[  2%] [32m[1mLinking CXX executable collision_scene_example[0m
[  4%] [32m[1mLinking CXX executable motion_planning_pipeline_tutorial[0m
[  7%] [32m[1mLinking CXX executable move_group_interface_tutorial[0m
[  9%] [32m[1mLinking CXX executable motion_planning_api_tutorial[0m
[ 11%] Built target collision_scene_example
[ 14%] [32m[1mLinking CXX executable moveit_cpp_tutorial[0m
[ 16%] Built target move_group_interface_tutorial
[ 19%] [32m[1mLinking CXX executable planning_scene_tutorial[0m
[ 21%] Built target motion_planning_api_tutorial
[ 23%] [32m[1mLinking CXX executable planning_scene_ros_api_tutorial[0m
[ 26%] Built target motion_planning_pipeline_tutorial
[ 28%] [32m[1mLinking CXX executable pose_tracking_tutorial[0m
[ 30%] Built target planning_scene_tutorial
[ 33%] Built target moveit_cpp_tutorial
[ 35%] [32m[1mLinking CXX executable robot_model_and_robot_state_tutorial[0m
[ 38%] [32m[1mLinking CXX executable kinematics_cost_function_tutorial[0m
[ 40%] Built target planning_scene_ros_api_tutorial
[ 42%] [32m[1mLinking CXX executable parallel_planning_example[0m
[ 45%] Built target pose_tracking_tutorial
[ 47%] Built target robot_model_and_robot_state_tutorial
[ 50%] [32m[1mLinking CXX executable pilz_move_group[0m
[ 52%] [32m[1mLinking CXX executable pilz_mtc[0m
[ 54%] Built target kinematics_cost_function_tutorial
[ 57%] [32m[1mLinking CXX executable pilz_sequence[0m
[ 59%] Built target pilz_move_group
[ 61%] Built target pilz_mtc
[ 64%] Built target parallel_planning_example
[ 66%] [32m[1mLinking CXX executable trajectory_cache_demo[0m
[ 69%] [32m[1mLinking CXX executable ompl_constrained_planning[0m
[ 71%] [32m[1mLinking CXX executable mtc_tutorial[0m
[ 73%] Built target pilz_sequence
[ 76%] [32m[1mLinking CXX executable minimal_mtc_tutorial[0m
[ 78%] Built target trajectory_cache_demo
[ 80%] Built target mtc_tutorial
[ 85%] Built target gtest_main
[ 90%] Built target gtest
[ 92%] Built target ompl_constrained_planning
[ 95%] [32m[1mLinking CXX executable bringup_test[0m
[ 97%] Built target minimal_mtc_tutorial
[100%] Built target bringup_test
-- Install configuration: "Release"
-- Installing: /home/luka/ws_moveit/install/moveit2_tutorials/lib/moveit2_tutorials/collision_scene_example
-- Set non-toolchain portion of runtime path of "/home/luka/ws_moveit/install/moveit2_tutorials/lib/moveit2_tutorials/collision_scene_example" to ""
-- Up-to-date: /home/luka/ws_moveit/install/moveit2_tutorials/share/moveit2_tutorials/urdf
-- Up-to-date: /home/luka/ws_moveit/install/moveit2_tutorials/share/moveit2_tutorials/urdf/realsense_d435
-- Up-to-date: /home/luka/ws_moveit/install/moveit2_tutorials/share/moveit2_tutorials/urdf/realsense_d435/macros.xacro
-- Up-to-date: /home/luka/ws_moveit/install/moveit2_tutorials/share/moveit2_tutorials/urdf/realsense_d435/camera.urdf.xacro
-- Up-to-date: /home/luka/ws_moveit/install/moveit2_tutorials/share/moveit2_tutorials/launch
-- Up-to-date: /home/luka/ws_moveit/install/moveit2_tutorials/share/moveit2_tutorials/launch/depth_camera_environment.launch.py
-- Up-to-date: /home/luka/ws_moveit/install/moveit2_tutorials/share/moveit2_tutorials/launch/perception_pipeline_demo.launch.py
-- Up-to-date: /home/luka/ws_moveit/install/moveit2_tutorials/share/moveit2_tutorials/meshes
-- Up-to-date: /home/luka/ws_moveit/install/moveit2_tutorials/share/moveit2_tutorials/meshes/d435.dae
-- Up-to-date: /home/luka/ws_moveit/install/moveit2_tutorials/share/moveit2_tutorials/config
-- Up-to-date: /home/luka/ws_moveit/install/moveit2_tutorials/share/moveit2_tutorials/config/sensors_3d.yaml
-- Up-to-date: /home/luka/ws_moveit/install/moveit2_tutorials/share/moveit2_tutorials/worlds
-- Up-to-date: /home/luka/ws_moveit/install/moveit2_tutorials/share/moveit2_tutorials/worlds/perception_pipeline_demo.world
-- Up-to-date: /home/luka/ws_moveit/install/moveit2_tutorials/share/moveit2_tutorials/rviz2
-- Up-to-date: /home/luka/ws_moveit/install/moveit2_tutorials/share/moveit2_tutorials/rviz2/depth_camera_environment.rviz
-- Up-to-date: /home/luka/ws_moveit/install/moveit2_tutorials/share/moveit2_tutorials/config
-- Up-to-date: /home/luka/ws_moveit/install/moveit2_tutorials/share/moveit2_tutorials/config/jupyter_notebook_prototyping.yaml
-- Up-to-date: /home/luka/ws_moveit/install/moveit2_tutorials/share/moveit2_tutorials/config/jupyter_notebook_prototyping.rviz
-- Up-to-date: /home/luka/ws_moveit/install/moveit2_tutorials/share/moveit2_tutorials/launch
-- Up-to-date: /home/luka/ws_moveit/install/moveit2_tutorials/share/moveit2_tutorials/launch/jupyter_notebook_prototyping.launch.py
-- Up-to-date: /home/luka/ws_moveit/install/moveit2_tutorials/share/moveit2_tutorials/src
-- Up-to-date: /home/luka/ws_moveit/install/moveit2_tutorials/share/moveit2_tutorials/src/moveit_notebook_tutorial.ipynb
-- Installing: /home/luka/ws_moveit/install/moveit2_tutorials/lib/moveit2_tutorials/motion_planning_api_tutorial
-- Set non-toolchain portion of runtime path of "/home/luka/ws_moveit/install/moveit2_tutorials/lib/moveit2_tutorials/motion_planning_api_tutorial" to ""
-- Up-to-date: /home/luka/ws_moveit/install/moveit2_tutorials/share/moveit2_tutorials/launch
-- Up-to-date: /home/luka/ws_moveit/install/moveit2_tutorials/share/moveit2_tutorials/launch/motion_planning_api_tutorial.launch.py
-- Installing: /home/luka/ws_moveit/install/moveit2_tutorials/lib/moveit2_tutorials/motion_planning_pipeline_tutorial
-- Set non-toolchain portion of runtime path of "/home/luka/ws_moveit/install/moveit2_tutorials/lib/moveit2_tutorials/motion_planning_pipeline_tutorial" to ""
-- Up-to-date: /home/luka/ws_moveit/install/moveit2_tutorials/share/moveit2_tutorials/launch
-- Up-to-date: /home/luka/ws_moveit/install/moveit2_tutorials/share/moveit2_tutorials/launch/motion_planning_pipeline_tutorial.launch.py
-- Up-to-date: /home/luka/ws_moveit/install/moveit2_tutorials/lib/moveit2_tutorials/motion_planning_python_api_tutorial.py
-- Up-to-date: /home/luka/ws_moveit/install/moveit2_tutorials/lib/moveit2_tutorials/motion_planning_python_api_planning_scene.py
-- Up-to-date: /home/luka/ws_moveit/install/moveit2_tutorials/share/moveit2_tutorials/config
-- Up-to-date: /home/luka/ws_moveit/install/moveit2_tutorials/share/moveit2_tutorials/config/motion_planning_python_api_tutorial.rviz
-- Up-to-date: /home/luka/ws_moveit/install/moveit2_tutorials/share/moveit2_tutorials/config/motion_planning_python_api_tutorial.yaml
-- Up-to-date: /home/luka/ws_moveit/install/moveit2_tutorials/share/moveit2_tutorials/launch
-- Up-to-date: /home/luka/ws_moveit/install/moveit2_tutorials/share/moveit2_tutorials/launch/motion_planning_python_api_tutorial.launch.py
-- Installing: /home/luka/ws_moveit/install/moveit2_tutorials/lib/moveit2_tutorials/move_group_interface_tutorial
-- Set non-toolchain portion of runtime path of "/home/luka/ws_moveit/install/moveit2_tutorials/lib/moveit2_tutorials/move_group_interface_tutorial" to ""
-- Up-to-date: /home/luka/ws_moveit/install/moveit2_tutorials/share/moveit2_tutorials/launch
-- Up-to-date: /home/luka/ws_moveit/install/moveit2_tutorials/share/moveit2_tutorials/launch/move_group.launch.py
-- Up-to-date: /home/luka/ws_moveit/install/moveit2_tutorials/share/moveit2_tutorials/launch/move_group_interface_tutorial.launch.py
-- Up-to-date: /home/luka/ws_moveit/install/moveit2_tutorials/share/moveit2_tutorials/launch/move_group.rviz
-- Installing: /home/luka/ws_moveit/install/moveit2_tutorials/lib/moveit2_tutorials/moveit_cpp_tutorial
-- Set non-toolchain portion of runtime path of "/home/luka/ws_moveit/install/moveit2_tutorials/lib/moveit2_tutorials/moveit_cpp_tutorial" to ""
-- Up-to-date: /home/luka/ws_moveit/install/moveit2_tutorials/share/moveit2_tutorials/launch
-- Up-to-date: /home/luka/ws_moveit/install/moveit2_tutorials/share/moveit2_tutorials/launch/moveit_cpp_tutorial.rviz
-- Up-to-date: /home/luka/ws_moveit/install/moveit2_tutorials/share/moveit2_tutorials/launch/moveit_cpp_tutorial.launch.py
-- Up-to-date: /home/luka/ws_moveit/install/moveit2_tutorials/share/moveit2_tutorials/config
-- Up-to-date: /home/luka/ws_moveit/install/moveit2_tutorials/share/moveit2_tutorials/config/moveit_cpp.yaml
-- Installing: /home/luka/ws_moveit/install/moveit2_tutorials/lib/moveit2_tutorials/planning_scene_tutorial
-- Set non-toolchain portion of runtime path of "/home/luka/ws_moveit/install/moveit2_tutorials/lib/moveit2_tutorials/planning_scene_tutorial" to ""
-- Up-to-date: /home/luka/ws_moveit/install/moveit2_tutorials/share/moveit2_tutorials/launch
-- Up-to-date: /home/luka/ws_moveit/install/moveit2_tutorials/share/moveit2_tutorials/launch/planning_scene_tutorial.launch.py
-- Installing: /home/luka/ws_moveit/install/moveit2_tutorials/lib/moveit2_tutorials/planning_scene_ros_api_tutorial
-- Set non-toolchain portion of runtime path of "/home/luka/ws_moveit/install/moveit2_tutorials/lib/moveit2_tutorials/planning_scene_ros_api_tutorial" to ""
-- Up-to-date: /home/luka/ws_moveit/install/moveit2_tutorials/share/moveit2_tutorials/launch
-- Up-to-date: /home/luka/ws_moveit/install/moveit2_tutorials/share/moveit2_tutorials/launch/planning_scene_ros_api_tutorial.launch.py
-- Installing: /home/luka/ws_moveit/install/moveit2_tutorials/lib/moveit2_tutorials/pose_tracking_tutorial
-- Set non-toolchain portion of runtime path of "/home/luka/ws_moveit/install/moveit2_tutorials/lib/moveit2_tutorials/pose_tracking_tutorial" to ""
-- Up-to-date: /home/luka/ws_moveit/install/moveit2_tutorials/share/moveit2_tutorials/launch
-- Up-to-date: /home/luka/ws_moveit/install/moveit2_tutorials/share/moveit2_tutorials/launch/pose_tracking_tutorial.launch.py
-- Up-to-date: /home/luka/ws_moveit/install/moveit2_tutorials/share/moveit2_tutorials/config
-- Up-to-date: /home/luka/ws_moveit/install/moveit2_tutorials/share/moveit2_tutorials/config/panda_simulated_config.yaml
-- Up-to-date: /home/luka/ws_moveit/install/moveit2_tutorials/share/moveit2_tutorials/config/demo_rviz_config.rviz
-- Installing: /home/luka/ws_moveit/install/moveit2_tutorials/lib/moveit2_tutorials/robot_model_and_robot_state_tutorial
-- Set non-toolchain portion of runtime path of "/home/luka/ws_moveit/install/moveit2_tutorials/lib/moveit2_tutorials/robot_model_and_robot_state_tutorial" to ""
-- Up-to-date: /home/luka/ws_moveit/install/moveit2_tutorials/share/moveit2_tutorials/launch
-- Up-to-date: /home/luka/ws_moveit/install/moveit2_tutorials/share/moveit2_tutorials/launch/robot_model_and_robot_state_tutorial.launch.py
-- Up-to-date: /home/luka/ws_moveit/install/moveit2_tutorials/share/moveit2_tutorials/launch
-- Up-to-date: /home/luka/ws_moveit/install/moveit2_tutorials/share/moveit2_tutorials/launch/run_benchmarks.launch.py
-- Up-to-date: /home/luka/ws_moveit/install/moveit2_tutorials/share/moveit2_tutorials/config
-- Up-to-date: /home/luka/ws_moveit/install/moveit2_tutorials/share/moveit2_tutorials/config/benchmarking_moveit_cpp.yaml
-- Up-to-date: /home/luka/ws_moveit/install/moveit2_tutorials/share/moveit2_tutorials/config/benchmarks.yaml
-- Up-to-date: /home/luka/ws_moveit/install/moveit2_tutorials/share/moveit2_tutorials/launch
-- Up-to-date: /home/luka/ws_moveit/install/moveit2_tutorials/share/moveit2_tutorials/launch/isaac_demo.launch.py
-- Up-to-date: /home/luka/ws_moveit/install/moveit2_tutorials/share/moveit2_tutorials/launch/python.sh
-- Up-to-date: /home/luka/ws_moveit/install/moveit2_tutorials/share/moveit2_tutorials/launch/isaac_moveit.py
-- Up-to-date: /home/luka/ws_moveit/install/moveit2_tutorials/share/moveit2_tutorials/config
-- Up-to-date: /home/luka/ws_moveit/install/moveit2_tutorials/share/moveit2_tutorials/config/panda_moveit_config.rviz
-- Installing: /home/luka/ws_moveit/install/moveit2_tutorials/lib/moveit2_tutorials/kinematics_cost_function_tutorial
-- Set non-toolchain portion of runtime path of "/home/luka/ws_moveit/install/moveit2_tutorials/lib/moveit2_tutorials/kinematics_cost_function_tutorial" to ""
-- Up-to-date: /home/luka/ws_moveit/install/moveit2_tutorials/share/moveit2_tutorials/launch
-- Up-to-date: /home/luka/ws_moveit/install/moveit2_tutorials/share/moveit2_tutorials/launch/kinematics_cost_function_tutorial.launch.py
-- Installing: /home/luka/ws_moveit/install/moveit2_tutorials/lib/moveit2_tutorials/parallel_planning_example
-- Set non-toolchain portion of runtime path of "/home/luka/ws_moveit/install/moveit2_tutorials/lib/moveit2_tutorials/parallel_planning_example" to ""
-- Up-to-date: /home/luka/ws_moveit/install/moveit2_tutorials/share/moveit2_tutorials/launch
-- Up-to-date: /home/luka/ws_moveit/install/moveit2_tutorials/share/moveit2_tutorials/launch/parallel_planning_example.launch.py
-- Up-to-date: /home/luka/ws_moveit/install/moveit2_tutorials/share/moveit2_tutorials/config
-- Up-to-date: /home/luka/ws_moveit/install/moveit2_tutorials/share/moveit2_tutorials/config/parallel_planning_moveit_cpp.yaml
-- Up-to-date: /home/luka/ws_moveit/install/moveit2_tutorials/share/moveit2_tutorials/config/panda_test_db.sqlite
-- Up-to-date: /home/luka/ws_moveit/install/moveit2_tutorials/share/moveit2_tutorials/config/parallel_planning_config.rviz
-- Up-to-date: /home/luka/ws_moveit/install/moveit2_tutorials/share/moveit2_tutorials/launch
-- Up-to-date: /home/luka/ws_moveit/install/moveit2_tutorials/share/moveit2_tutorials/launch/chomp_demo.launch.py
-- Up-to-date: /home/luka/ws_moveit/install/moveit2_tutorials/share/moveit2_tutorials/config
-- Up-to-date: /home/luka/ws_moveit/install/moveit2_tutorials/share/moveit2_tutorials/config/moveit_chomp.rviz
-- Up-to-date: /home/luka/ws_moveit/install/moveit2_tutorials/share/moveit2_tutorials/launch
-- Up-to-date: /home/luka/ws_moveit/install/moveit2_tutorials/share/moveit2_tutorials/launch/persistent_scenes_demo.launch.py
-- Installing: /home/luka/ws_moveit/install/moveit2_tutorials/lib/moveit2_tutorials/pilz_move_group
-- Set non-toolchain portion of runtime path of "/home/luka/ws_moveit/install/moveit2_tutorials/lib/moveit2_tutorials/pilz_move_group" to ""
-- Installing: /home/luka/ws_moveit/install/moveit2_tutorials/lib/moveit2_tutorials/pilz_mtc
-- Set non-toolchain portion of runtime path of "/home/luka/ws_moveit/install/moveit2_tutorials/lib/moveit2_tutorials/pilz_mtc" to ""
-- Installing: /home/luka/ws_moveit/install/moveit2_tutorials/lib/moveit2_tutorials/pilz_sequence
-- Set non-toolchain portion of runtime path of "/home/luka/ws_moveit/install/moveit2_tutorials/lib/moveit2_tutorials/pilz_sequence" to ""
-- Up-to-date: /home/luka/ws_moveit/install/moveit2_tutorials/share/moveit2_tutorials/launch
-- Up-to-date: /home/luka/ws_moveit/install/moveit2_tutorials/share/moveit2_tutorials/launch/pilz_mtc.launch.py
-- Up-to-date: /home/luka/ws_moveit/install/moveit2_tutorials/share/moveit2_tutorials/launch/pilz_moveit.launch.py
-- Installing: /home/luka/ws_moveit/install/moveit2_tutorials/lib/moveit2_tutorials/trajectory_cache_demo
-- Set non-toolchain portion of runtime path of "/home/luka/ws_moveit/install/moveit2_tutorials/lib/moveit2_tutorials/trajectory_cache_demo" to ""
-- Up-to-date: /home/luka/ws_moveit/install/moveit2_tutorials/share/moveit2_tutorials/launch
-- Up-to-date: /home/luka/ws_moveit/install/moveit2_tutorials/share/moveit2_tutorials/launch/trajectory_cache_move_group.launch.py
-- Up-to-date: /home/luka/ws_moveit/install/moveit2_tutorials/share/moveit2_tutorials/launch/trajectory_cache.rviz
-- Up-to-date: /home/luka/ws_moveit/install/moveit2_tutorials/share/moveit2_tutorials/launch/trajectory_cache_demo.launch.py
-- Up-to-date: /home/luka/ws_moveit/install/moveit2_tutorials/share/moveit2_tutorials/config
-- Up-to-date: /home/luka/ws_moveit/install/moveit2_tutorials/share/moveit2_tutorials/config/trajectory_cache_joint_limits.yaml
-- Installing: /home/luka/ws_moveit/install/moveit2_tutorials/lib/moveit2_tutorials/ompl_constrained_planning
-- Set non-toolchain portion of runtime path of "/home/luka/ws_moveit/install/moveit2_tutorials/lib/moveit2_tutorials/ompl_constrained_planning" to ""
-- Up-to-date: /home/luka/ws_moveit/install/moveit2_tutorials/share/moveit2_tutorials/launch
-- Up-to-date: /home/luka/ws_moveit/install/moveit2_tutorials/share/moveit2_tutorials/launch/ompl_constrained_planning.launch.py
-- Up-to-date: /home/luka/ws_moveit/install/moveit2_tutorials/share/moveit2_tutorials/launch/ompl_constrained_planning.rviz
-- Installing: /home/luka/ws_moveit/install/moveit2_tutorials/lib/moveit2_tutorials/mtc_tutorial
-- Set non-toolchain portion of runtime path of "/home/luka/ws_moveit/install/moveit2_tutorials/lib/moveit2_tutorials/mtc_tutorial" to ""
-- Installing: /home/luka/ws_moveit/install/moveit2_tutorials/lib/moveit2_tutorials/minimal_mtc_tutorial
-- Set non-toolchain portion of runtime path of "/home/luka/ws_moveit/install/moveit2_tutorials/lib/moveit2_tutorials/minimal_mtc_tutorial" to ""
-- Up-to-date: /home/luka/ws_moveit/install/moveit2_tutorials/share/moveit2_tutorials/launch
-- Up-to-date: /home/luka/ws_moveit/install/moveit2_tutorials/share/moveit2_tutorials/launch/pick_place_demo.launch.py
-- Up-to-date: /home/luka/ws_moveit/install/moveit2_tutorials/share/moveit2_tutorials/launch/mtc_demo.launch.py
-- Up-to-date: /home/luka/ws_moveit/install/moveit2_tutorials/share/moveit2_tutorials/launch/mtc_demo_minimal.launch.py
-- Up-to-date: /home/luka/ws_moveit/install/moveit2_tutorials/share/moveit2_tutorials/launch/mtc.rviz
-- Up-to-date: /home/luka/ws_moveit/install/moveit2_tutorials/share/moveit2_tutorials/launch
-- Installing: /home/luka/ws_moveit/install/moveit2_tutorials/share/moveit2_tutorials/launch/kinova_moveit_config_demo.rviz
-- Up-to-date: /home/luka/ws_moveit/install/moveit2_tutorials/share/moveit2_tutorials/launch/kinova_hello_moveit.rviz
-- Up-to-date: /home/luka/ws_moveit/install/moveit2_tutorials/share/moveit2_tutorials/launch/kinova_moveit_config_demo_empty.rviz
-- Up-to-date: /home/luka/ws_moveit/install/moveit2_tutorials/share/moveit2_tutorials/launch/demo.launch.py
-- Up-to-date: /home/luka/ws_moveit/install/moveit2_tutorials/share/moveit2_tutorials/launch
-- Up-to-date: /home/luka/ws_moveit/install/moveit2_tutorials/share/moveit2_tutorials/launch/demo_pick_ik.launch.py
-- Up-to-date: /home/luka/ws_moveit/install/moveit2_tutorials/share/moveit2_tutorials/config
-- Up-to-date: /home/luka/ws_moveit/install/moveit2_tutorials/share/moveit2_tutorials/config/kinematics_pick_ik.yaml
-- Up-to-date: /home/luka/ws_moveit/install/moveit2_tutorials/share/ament_index/resource_index/package_run_dependencies/moveit2_tutorials
-- Up-to-date: /home/luka/ws_moveit/install/moveit2_tutorials/share/ament_index/resource_index/parent_prefix_path/moveit2_tutorials
-- Up-to-date: /home/luka/ws_moveit/install/moveit2_tutorials/share/moveit2_tutorials/environment/ament_prefix_path.sh
-- Up-to-date: /home/luka/ws_moveit/install/moveit2_tutorials/share/moveit2_tutorials/environment/ament_prefix_path.dsv
-- Up-to-date: /home/luka/ws_moveit/install/moveit2_tutorials/share/moveit2_tutorials/environment/path.sh
-- Up-to-date: /home/luka/ws_moveit/install/moveit2_tutorials/share/moveit2_tutorials/environment/path.dsv
-- Up-to-date: /home/luka/ws_moveit/install/moveit2_tutorials/share/moveit2_tutorials/local_setup.bash
-- Up-to-date: /home/luka/ws_moveit/install/moveit2_tutorials/share/moveit2_tutorials/local_setup.sh
-- Up-to-date: /home/luka/ws_moveit/install/moveit2_tutorials/share/moveit2_tutorials/local_setup.zsh
-- Up-to-date: /home/luka/ws_moveit/install/moveit2_tutorials/share/moveit2_tutorials/local_setup.dsv
-- Installing: /home/luka/ws_moveit/install/moveit2_tutorials/share/moveit2_tutorials/package.dsv
-- Up-to-date: /home/luka/ws_moveit/install/moveit2_tutorials/share/ament_index/resource_index/packages/moveit2_tutorials
-- Up-to-date: /home/luka/ws_moveit/install/moveit2_tutorials/share/moveit2_tutorials/cmake/ament_cmake_export_dependencies-extras.cmake
-- Up-to-date: /home/luka/ws_moveit/install/moveit2_tutorials/share/moveit2_tutorials/cmake/ament_cmake_export_include_directories-extras.cmake
-- Up-to-date: /home/luka/ws_moveit/install/moveit2_tutorials/share/moveit2_tutorials/cmake/moveit2_tutorialsConfig.cmake
-- Up-to-date: /home/luka/ws_moveit/install/moveit2_tutorials/share/moveit2_tutorials/cmake/moveit2_tutorialsConfig-version.cmake
-- Up-to-date: /home/luka/ws_moveit/install/moveit2_tutorials/share/moveit2_tutorials/package.xml
