[0.430s] Invoking command in '/home/luka/ws_moveit/build/moveit_servo': AMENT_PREFIX_PATH=/home/luka/ws_moveit/install/moveit_ros_visualization:/home/luka/ws_moveit/install/moveit_ros_planning_interface:/home/luka/ws_moveit/install/moveit_ros_move_group:/home/luka/ws_moveit/install/moveit_ros_warehouse:/home/luka/ws_moveit/install/moveit_ros_robot_interaction:/home/luka/ws_moveit/install/moveit_kinematics:/home/luka/ws_moveit/install/moveit_ros_planning:/home/luka/ws_moveit/install/moveit_simple_controller_manager:/home/luka/ws_moveit/install/moveit_ros_occupancy_map_monitor:/home/luka/ws_moveit/install/moveit_core:/home/luka/ws_moveit/install/moveit_resources_panda_moveit_config:/home/luka/ws_moveit/install/moveit_resources_fanuc_moveit_config:/home/luka/ws_moveit/install/moveit_resources_pr2_description:/home/luka/ws_moveit/install/moveit_resources_panda_description:/home/luka/ws_moveit/install/moveit_resources_fanuc_description:/home/luka/ws_moveit/install/moveit_msgs:/home/luka/ws_moveit/install/moveit_configs_utils:/home/luka/ws_moveit/install/moveit_common:${AMENT_PREFIX_PATH} CMAKE_PREFIX_PATH=/home/luka/ws_moveit/install/moveit_ros_visualization:/home/luka/ws_moveit/install/moveit_ros_planning_interface:/home/luka/ws_moveit/install/moveit_ros_move_group:/home/luka/ws_moveit/install/moveit_ros_warehouse:/home/luka/ws_moveit/install/moveit_ros_robot_interaction:/home/luka/ws_moveit/install/moveit_kinematics:/home/luka/ws_moveit/install/moveit_ros_planning:/home/luka/ws_moveit/install/moveit_simple_controller_manager:/home/luka/ws_moveit/install/moveit_ros_occupancy_map_monitor:/home/luka/ws_moveit/install/moveit_core:/home/luka/ws_moveit/install/moveit_resources_panda_moveit_config:/home/luka/ws_moveit/install/moveit_resources_fanuc_moveit_config:/home/luka/ws_moveit/install/moveit_resources_pr2_description:/home/luka/ws_moveit/install/moveit_resources_panda_description:/home/luka/ws_moveit/install/moveit_resources_fanuc_description:/home/luka/ws_moveit/install/moveit_msgs:/home/luka/ws_moveit/install/moveit_common:/opt/ros/jazzy/opt/gz_sim_vendor:/opt/ros/jazzy/opt/gz_sensors_vendor:/opt/ros/jazzy/opt/gz_physics_vendor:/opt/ros/jazzy/opt/sdformat_vendor:/opt/ros/jazzy/opt/gz_gui_vendor:/opt/ros/jazzy/opt/gz_transport_vendor:/opt/ros/jazzy/opt/gz_rendering_vendor:/opt/ros/jazzy/opt/gz_plugin_vendor:/opt/ros/jazzy/opt/gz_fuel_tools_vendor:/opt/ros/jazzy/opt/gz_msgs_vendor:/opt/ros/jazzy/opt/gz_common_vendor:/opt/ros/jazzy/opt/gz_math_vendor:/opt/ros/jazzy/opt/gz_utils_vendor:/opt/ros/jazzy/opt/gz_tools_vendor:/opt/ros/jazzy/opt/gz_ogre_next_vendor:/opt/ros/jazzy/opt/gz_dartsim_vendor:/opt/ros/jazzy/opt/gz_cmake_vendor:/opt/ros/jazzy DEBUGINFOD_URLS=https://debuginfod.ubuntu.com LD_LIBRARY_PATH=/home/luka/ws_moveit/install/moveit_ros_visualization/lib:/home/luka/ws_moveit/install/moveit_ros_planning_interface/lib:/home/luka/ws_moveit/install/moveit_ros_move_group/lib:/home/luka/ws_moveit/install/moveit_ros_warehouse/lib:/home/luka/ws_moveit/install/moveit_ros_robot_interaction/lib:/home/luka/ws_moveit/install/moveit_kinematics/lib:/home/luka/ws_moveit/install/moveit_ros_planning/lib:/home/luka/ws_moveit/install/moveit_simple_controller_manager/lib:/home/luka/ws_moveit/install/moveit_ros_occupancy_map_monitor/lib:/home/luka/ws_moveit/install/moveit_core/lib:/home/luka/ws_moveit/install/moveit_msgs/lib:${LD_LIBRARY_PATH} PATH=/home/luka/ws_moveit/install/moveit_core/bin:${PATH} PYTHONPATH=/home/luka/ws_moveit/install/moveit_msgs/lib/python3.12/site-packages:/home/luka/ws_moveit/install/moveit_configs_utils/lib/python3.12/site-packages:${PYTHONPATH} /usr/bin/cmake /home/luka/ws_moveit/src/moveit2/moveit_ros/moveit_servo -DCMAKE_BUILD_TYPE=Release -DCMAKE_INSTALL_PREFIX=/home/luka/ws_moveit/install/moveit_servo
[1.084s] -- The CXX compiler identification is GNU 13.3.0
[1.274s] -- Detecting CXX compiler ABI info
[2.012s] -- Detecting CXX compiler ABI info - done
[2.157s] -- Check for working CXX compiler: /usr/bin/c++ - skipped
[2.159s] -- Detecting CXX compile features
[2.163s] -- Detecting CXX compile features - done
[2.176s] -- Found moveit_common: 2.14.1 (/home/luka/ws_moveit/install/moveit_common/share/moveit_common/cmake)
[2.210s] -- Found ament_cmake: 2.5.4 (/opt/ros/jazzy/share/ament_cmake/cmake)
[3.694s] -- Found Python3: /usr/bin/python3 (found version "3.12.3") found components: Interpreter 
[5.585s] -- Found generate_parameter_library: 0.5.0 (/opt/ros/jazzy/share/generate_parameter_library/cmake)
[5.650s] -- Found parameter_traits: 0.5.0 (/opt/ros/jazzy/share/parameter_traits/cmake)
[6.144s] -- Found rosidl_generator_c: 4.6.6 (/opt/ros/jazzy/share/rosidl_generator_c/cmake)
[6.298s] -- Found rosidl_generator_cpp: 4.6.6 (/opt/ros/jazzy/share/rosidl_generator_cpp/cmake)
[6.475s] -- Using all available rosidl_typesupport_c: rosidl_typesupport_fastrtps_c;rosidl_typesupport_introspection_c
[6.668s] -- Using all available rosidl_typesupport_cpp: rosidl_typesupport_fastrtps_cpp;rosidl_typesupport_introspection_cpp
[7.380s] -- Found rmw_implementation_cmake: 7.3.2 (/opt/ros/jazzy/share/rmw_implementation_cmake/cmake)
[7.421s] -- Found rmw_fastrtps_cpp: 8.4.3 (/opt/ros/jazzy/share/rmw_fastrtps_cpp/cmake)
[8.044s] -- Found OpenSSL: /usr/lib/x86_64-linux-gnu/libcrypto.so (found version "3.0.13")  
[8.212s] -- Found FastRTPS: /opt/ros/jazzy/include (Required is at least version "2.13") 
[8.385s] -- Using RMW implementation 'rmw_fastrtps_cpp' as default
[9.177s] -- Found rclcpp_lifecycle: 28.1.13 (/opt/ros/jazzy/share/rclcpp_lifecycle/cmake)
[9.340s] -- Found control_msgs: 5.5.0 (/opt/ros/jazzy/share/control_msgs/cmake)
[10.053s] -- Found moveit_core: 2.14.1 (/home/luka/ws_moveit/install/moveit_core/share/moveit_core/cmake)
[10.874s] -- Found Boost: /usr/lib/x86_64-linux-gnu/cmake/Boost-1.83.0/BoostConfig.cmake (found version "1.83.0") found components: chrono date_time filesystem iostreams program_options regex serialization system thread 
[11.290s] -- Found Boost: /usr/lib/x86_64-linux-gnu/cmake/Boost-1.83.0/BoostConfig.cmake (found version "1.83.0") found components: filesystem 
[12.052s] -- Found Eigen3: TRUE (found version "3.4.0") 
[12.053s] -- Ensuring Eigen3 include directory is part of orocos-kdl CMake target
[14.633s] -- Found moveit_ros_planning: 2.14.1 (/home/luka/ws_moveit/install/moveit_ros_planning/share/moveit_ros_planning/cmake)
[14.656s] -- Found Boost: /usr/lib/x86_64-linux-gnu/cmake/Boost-1.83.0/BoostConfig.cmake (found version "1.83.0") found components: system filesystem date_time program_options thread chrono 
[14.953s] -- Found moveit_ros_planning_interface: 2.14.1 (/home/luka/ws_moveit/install/moveit_ros_planning_interface/share/moveit_ros_planning_interface/cmake)
[14.976s] -- Found Boost: /usr/lib/x86_64-linux-gnu/cmake/Boost-1.83.0/BoostConfig.cmake (found version "1.83.0") found components: date_time filesystem program_options system thread 
[15.048s] -- Found Boost: /usr/lib/x86_64-linux-gnu/cmake/Boost-1.83.0/BoostConfig.cmake (found version "1.83.0") found components: thread system filesystem regex date_time program_options 
[15.190s] -- Found Boost: /usr/lib/x86_64-linux-gnu/cmake/Boost-1.83.0/BoostConfig.cmake (found version "1.83.0") found components: system filesystem date_time program_options thread 
[15.409s] -- Found realtime_tools: 3.10.0 (/opt/ros/jazzy/share/realtime_tools/cmake)
[15.781s] -- Found ament_cmake_gtest: 2.5.4 (/opt/ros/jazzy/share/ament_cmake_gtest/cmake)
[15.799s] -- Found ros_testing: 0.6.0 (/opt/ros/jazzy/share/ros_testing/cmake)
[15.815s] -- Found launch_testing_ament_cmake: 3.4.9 (/opt/ros/jazzy/share/launch_testing_ament_cmake/cmake)
[15.833s] -- Found python_cmake_module: 0.11.1 (/opt/ros/jazzy/share/python_cmake_module/cmake)
[16.346s] -- Found PythonExtra: /usr/bin/python3  
[16.371s] -- Found gtest sources under '/opt/ros/jazzy/src/gtest_vendor': C++ tests using 'Google Test' will be built
[16.555s] -- The C compiler identification is GNU 13.3.0
[16.619s] -- Detecting C compiler ABI info
[17.101s] -- Detecting C compiler ABI info - done
[17.140s] -- Check for working C compiler: /usr/bin/cc - skipped
[17.142s] -- Detecting C compile features
[17.144s] -- Detecting C compile features - done
[17.162s] -- Found Threads: TRUE  
[17.526s] -- Configuring done (17.0s)
[18.397s] -- Generating done (0.7s)
[18.542s] -- Build files have been written to: /home/luka/ws_moveit/build/moveit_servo
[18.613s] Invoked command in '/home/luka/ws_moveit/build/moveit_servo' returned '0': AMENT_PREFIX_PATH=/home/luka/ws_moveit/install/moveit_ros_visualization:/home/luka/ws_moveit/install/moveit_ros_planning_interface:/home/luka/ws_moveit/install/moveit_ros_move_group:/home/luka/ws_moveit/install/moveit_ros_warehouse:/home/luka/ws_moveit/install/moveit_ros_robot_interaction:/home/luka/ws_moveit/install/moveit_kinematics:/home/luka/ws_moveit/install/moveit_ros_planning:/home/luka/ws_moveit/install/moveit_simple_controller_manager:/home/luka/ws_moveit/install/moveit_ros_occupancy_map_monitor:/home/luka/ws_moveit/install/moveit_core:/home/luka/ws_moveit/install/moveit_resources_panda_moveit_config:/home/luka/ws_moveit/install/moveit_resources_fanuc_moveit_config:/home/luka/ws_moveit/install/moveit_resources_pr2_description:/home/luka/ws_moveit/install/moveit_resources_panda_description:/home/luka/ws_moveit/install/moveit_resources_fanuc_description:/home/luka/ws_moveit/install/moveit_msgs:/home/luka/ws_moveit/install/moveit_configs_utils:/home/luka/ws_moveit/install/moveit_common:${AMENT_PREFIX_PATH} CMAKE_PREFIX_PATH=/home/luka/ws_moveit/install/moveit_ros_visualization:/home/luka/ws_moveit/install/moveit_ros_planning_interface:/home/luka/ws_moveit/install/moveit_ros_move_group:/home/luka/ws_moveit/install/moveit_ros_warehouse:/home/luka/ws_moveit/install/moveit_ros_robot_interaction:/home/luka/ws_moveit/install/moveit_kinematics:/home/luka/ws_moveit/install/moveit_ros_planning:/home/luka/ws_moveit/install/moveit_simple_controller_manager:/home/luka/ws_moveit/install/moveit_ros_occupancy_map_monitor:/home/luka/ws_moveit/install/moveit_core:/home/luka/ws_moveit/install/moveit_resources_panda_moveit_config:/home/luka/ws_moveit/install/moveit_resources_fanuc_moveit_config:/home/luka/ws_moveit/install/moveit_resources_pr2_description:/home/luka/ws_moveit/install/moveit_resources_panda_description:/home/luka/ws_moveit/install/moveit_resources_fanuc_description:/home/luka/ws_moveit/install/moveit_msgs:/home/luka/ws_moveit/install/moveit_common:/opt/ros/jazzy/opt/gz_sim_vendor:/opt/ros/jazzy/opt/gz_sensors_vendor:/opt/ros/jazzy/opt/gz_physics_vendor:/opt/ros/jazzy/opt/sdformat_vendor:/opt/ros/jazzy/opt/gz_gui_vendor:/opt/ros/jazzy/opt/gz_transport_vendor:/opt/ros/jazzy/opt/gz_rendering_vendor:/opt/ros/jazzy/opt/gz_plugin_vendor:/opt/ros/jazzy/opt/gz_fuel_tools_vendor:/opt/ros/jazzy/opt/gz_msgs_vendor:/opt/ros/jazzy/opt/gz_common_vendor:/opt/ros/jazzy/opt/gz_math_vendor:/opt/ros/jazzy/opt/gz_utils_vendor:/opt/ros/jazzy/opt/gz_tools_vendor:/opt/ros/jazzy/opt/gz_ogre_next_vendor:/opt/ros/jazzy/opt/gz_dartsim_vendor:/opt/ros/jazzy/opt/gz_cmake_vendor:/opt/ros/jazzy DEBUGINFOD_URLS=https://debuginfod.ubuntu.com LD_LIBRARY_PATH=/home/luka/ws_moveit/install/moveit_ros_visualization/lib:/home/luka/ws_moveit/install/moveit_ros_planning_interface/lib:/home/luka/ws_moveit/install/moveit_ros_move_group/lib:/home/luka/ws_moveit/install/moveit_ros_warehouse/lib:/home/luka/ws_moveit/install/moveit_ros_robot_interaction/lib:/home/luka/ws_moveit/install/moveit_kinematics/lib:/home/luka/ws_moveit/install/moveit_ros_planning/lib:/home/luka/ws_moveit/install/moveit_simple_controller_manager/lib:/home/luka/ws_moveit/install/moveit_ros_occupancy_map_monitor/lib:/home/luka/ws_moveit/install/moveit_core/lib:/home/luka/ws_moveit/install/moveit_msgs/lib:${LD_LIBRARY_PATH} PATH=/home/luka/ws_moveit/install/moveit_core/bin:${PATH} PYTHONPATH=/home/luka/ws_moveit/install/moveit_msgs/lib/python3.12/site-packages:/home/luka/ws_moveit/install/moveit_configs_utils/lib/python3.12/site-packages:${PYTHONPATH} /usr/bin/cmake /home/luka/ws_moveit/src/moveit2/moveit_ros/moveit_servo -DCMAKE_BUILD_TYPE=Release -DCMAKE_INSTALL_PREFIX=/home/luka/ws_moveit/install/moveit_servo
[18.619s] Invoking command in '/home/luka/ws_moveit/build/moveit_servo': AMENT_PREFIX_PATH=/home/luka/ws_moveit/install/moveit_ros_visualization:/home/luka/ws_moveit/install/moveit_ros_planning_interface:/home/luka/ws_moveit/install/moveit_ros_move_group:/home/luka/ws_moveit/install/moveit_ros_warehouse:/home/luka/ws_moveit/install/moveit_ros_robot_interaction:/home/luka/ws_moveit/install/moveit_kinematics:/home/luka/ws_moveit/install/moveit_ros_planning:/home/luka/ws_moveit/install/moveit_simple_controller_manager:/home/luka/ws_moveit/install/moveit_ros_occupancy_map_monitor:/home/luka/ws_moveit/install/moveit_core:/home/luka/ws_moveit/install/moveit_resources_panda_moveit_config:/home/luka/ws_moveit/install/moveit_resources_fanuc_moveit_config:/home/luka/ws_moveit/install/moveit_resources_pr2_description:/home/luka/ws_moveit/install/moveit_resources_panda_description:/home/luka/ws_moveit/install/moveit_resources_fanuc_description:/home/luka/ws_moveit/install/moveit_msgs:/home/luka/ws_moveit/install/moveit_configs_utils:/home/luka/ws_moveit/install/moveit_common:${AMENT_PREFIX_PATH} CMAKE_PREFIX_PATH=/home/luka/ws_moveit/install/moveit_ros_visualization:/home/luka/ws_moveit/install/moveit_ros_planning_interface:/home/luka/ws_moveit/install/moveit_ros_move_group:/home/luka/ws_moveit/install/moveit_ros_warehouse:/home/luka/ws_moveit/install/moveit_ros_robot_interaction:/home/luka/ws_moveit/install/moveit_kinematics:/home/luka/ws_moveit/install/moveit_ros_planning:/home/luka/ws_moveit/install/moveit_simple_controller_manager:/home/luka/ws_moveit/install/moveit_ros_occupancy_map_monitor:/home/luka/ws_moveit/install/moveit_core:/home/luka/ws_moveit/install/moveit_resources_panda_moveit_config:/home/luka/ws_moveit/install/moveit_resources_fanuc_moveit_config:/home/luka/ws_moveit/install/moveit_resources_pr2_description:/home/luka/ws_moveit/install/moveit_resources_panda_description:/home/luka/ws_moveit/install/moveit_resources_fanuc_description:/home/luka/ws_moveit/install/moveit_msgs:/home/luka/ws_moveit/install/moveit_common:/opt/ros/jazzy/opt/gz_sim_vendor:/opt/ros/jazzy/opt/gz_sensors_vendor:/opt/ros/jazzy/opt/gz_physics_vendor:/opt/ros/jazzy/opt/sdformat_vendor:/opt/ros/jazzy/opt/gz_gui_vendor:/opt/ros/jazzy/opt/gz_transport_vendor:/opt/ros/jazzy/opt/gz_rendering_vendor:/opt/ros/jazzy/opt/gz_plugin_vendor:/opt/ros/jazzy/opt/gz_fuel_tools_vendor:/opt/ros/jazzy/opt/gz_msgs_vendor:/opt/ros/jazzy/opt/gz_common_vendor:/opt/ros/jazzy/opt/gz_math_vendor:/opt/ros/jazzy/opt/gz_utils_vendor:/opt/ros/jazzy/opt/gz_tools_vendor:/opt/ros/jazzy/opt/gz_ogre_next_vendor:/opt/ros/jazzy/opt/gz_dartsim_vendor:/opt/ros/jazzy/opt/gz_cmake_vendor:/opt/ros/jazzy DEBUGINFOD_URLS=https://debuginfod.ubuntu.com LD_LIBRARY_PATH=/home/luka/ws_moveit/install/moveit_ros_visualization/lib:/home/luka/ws_moveit/install/moveit_ros_planning_interface/lib:/home/luka/ws_moveit/install/moveit_ros_move_group/lib:/home/luka/ws_moveit/install/moveit_ros_warehouse/lib:/home/luka/ws_moveit/install/moveit_ros_robot_interaction/lib:/home/luka/ws_moveit/install/moveit_kinematics/lib:/home/luka/ws_moveit/install/moveit_ros_planning/lib:/home/luka/ws_moveit/install/moveit_simple_controller_manager/lib:/home/luka/ws_moveit/install/moveit_ros_occupancy_map_monitor/lib:/home/luka/ws_moveit/install/moveit_core/lib:/home/luka/ws_moveit/install/moveit_msgs/lib:${LD_LIBRARY_PATH} PATH=/home/luka/ws_moveit/install/moveit_core/bin:${PATH} PYTHONPATH=/home/luka/ws_moveit/install/moveit_msgs/lib/python3.12/site-packages:/home/luka/ws_moveit/install/moveit_configs_utils/lib/python3.12/site-packages:${PYTHONPATH} /usr/bin/cmake --build /home/luka/ws_moveit/build/moveit_servo -- -j4 -l4
[18.843s] [  3%] [34m[1mRunning `/opt/ros/jazzy/bin/generate_parameter_library_cpp /home/luka/ws_moveit/build/moveit_servo/include/moveit_servo/moveit_servo_lib_parameters.hpp /home/luka/ws_moveit/src/moveit2/moveit_ros/moveit_servo/config/servo_parameters.yaml `[0m
[23.931s] [  6%] [34m[1mCreating deprecated header file /home/luka/ws_moveit/build/moveit_servo/include/moveit_servo_lib_parameters.hpp[0m
[24.035s] [  6%] Built target moveit_servo_lib_parameters
[24.126s] [ 10%] [32mBuilding CXX object gtest/CMakeFiles/gtest_main.dir/src/gtest_main.cc.o[0m
[27.493s] [ 13%] [32m[1mLinking CXX static library libgtest_main.a[0m
[27.712s] [ 13%] Built target gtest_main
[27.800s] [ 17%] [32mBuilding CXX object gtest/CMakeFiles/gtest.dir/src/gtest-all.cc.o[0m
[67.811s] [ 20%] [32m[1mLinking CXX static library libgtest.a[0m
[68.181s] [ 20%] Built target gtest
[68.323s] [ 24%] [32mBuilding CXX object CMakeFiles/moveit_servo_lib_cpp.dir/src/collision_monitor.cpp.o[0m
[139.540s] [ 27%] [32mBuilding CXX object CMakeFiles/moveit_servo_lib_cpp.dir/src/servo.cpp.o[0m
[246.358s] [ 31%] [32mBuilding CXX object CMakeFiles/moveit_servo_lib_cpp.dir/src/utils/common.cpp.o[0m
[392.995s] [ 34%] [32mBuilding CXX object CMakeFiles/moveit_servo_lib_cpp.dir/src/utils/command.cpp.o[0m
[520.023s] [ 37%] [32m[1mLinking CXX shared library libmoveit_servo_lib_cpp.so[0m
[521.383s] [ 37%] Built target moveit_servo_lib_cpp
[521.476s] [ 41%] [32mBuilding CXX object CMakeFiles/moveit_servo_ros_integration_test.dir/tests/test_ros_integration.cpp.o[0m
[525.703s] [ 44%] [32mBuilding CXX object CMakeFiles/moveit_servo_lib_ros.dir/src/servo_node.cpp.o[0m
[527.866s] [ 48%] [32mBuilding CXX object CMakeFiles/servo_keyboard_input.dir/demos/servo_keyboard_input.cpp.o[0m
[530.083s] [ 51%] [32mBuilding CXX object CMakeFiles/servo_node.dir/rclcpp_components/node_main_servo_node.cpp.o[0m
[593.221s] [ 55%] [32m[1mLinking CXX executable servo_node[0m
[596.226s] [ 55%] Built target servo_node
[655.910s] [ 58%] [32m[1mLinking CXX executable servo_keyboard_input[0m
[659.762s] [ 58%] Built target servo_keyboard_input
[769.750s] [ 62%] [32m[1mLinking CXX executable moveit_servo_ros_integration_test[0m
[773.253s] [ 62%] Built target moveit_servo_ros_integration_test
[834.152s] [ 65%] [32m[1mLinking CXX shared library libmoveit_servo_lib_ros.so[0m
[836.916s] [ 65%] Built target moveit_servo_lib_ros
[837.049s] [ 68%] [32mBuilding CXX object CMakeFiles/demo_pose.dir/demos/cpp_interface/demo_pose.cpp.o[0m
[950.931s] [ 72%] [32m[1mLinking CXX executable demo_pose[0m
[953.529s] [ 72%] Built target demo_pose
[953.685s] [ 75%] [32mBuilding CXX object CMakeFiles/moveit_servo_utils_test.dir/tests/test_utils.cpp.o[0m
[1055.756s] [ 79%] [32m[1mLinking CXX executable moveit_servo_utils_test[0m
[1059.855s] [ 79%] Built target moveit_servo_utils_test
[1060.354s] [ 82%] [32mBuilding CXX object CMakeFiles/moveit_servo_cpp_integration_test.dir/tests/test_integration.cpp.o[0m
[1182.008s] [ 86%] [32m[1mLinking CXX executable moveit_servo_cpp_integration_test[0m
[1184.735s] [ 86%] Built target moveit_servo_cpp_integration_test
[1184.884s] [ 89%] [32mBuilding CXX object CMakeFiles/demo_twist.dir/demos/cpp_interface/demo_twist.cpp.o[0m
[1326.152s] [ 93%] [32m[1mLinking CXX executable demo_twist[0m
[1328.583s] [ 93%] Built target demo_twist
[1328.718s] [ 96%] [32mBuilding CXX object CMakeFiles/demo_joint_jog.dir/demos/cpp_interface/demo_joint_jog.cpp.o[0m
[1488.734s] [100%] [32m[1mLinking CXX executable demo_joint_jog[0m
[1491.076s] [100%] Built target demo_joint_jog
[1491.147s] Invoked command in '/home/luka/ws_moveit/build/moveit_servo' returned '0': AMENT_PREFIX_PATH=/home/luka/ws_moveit/install/moveit_ros_visualization:/home/luka/ws_moveit/install/moveit_ros_planning_interface:/home/luka/ws_moveit/install/moveit_ros_move_group:/home/luka/ws_moveit/install/moveit_ros_warehouse:/home/luka/ws_moveit/install/moveit_ros_robot_interaction:/home/luka/ws_moveit/install/moveit_kinematics:/home/luka/ws_moveit/install/moveit_ros_planning:/home/luka/ws_moveit/install/moveit_simple_controller_manager:/home/luka/ws_moveit/install/moveit_ros_occupancy_map_monitor:/home/luka/ws_moveit/install/moveit_core:/home/luka/ws_moveit/install/moveit_resources_panda_moveit_config:/home/luka/ws_moveit/install/moveit_resources_fanuc_moveit_config:/home/luka/ws_moveit/install/moveit_resources_pr2_description:/home/luka/ws_moveit/install/moveit_resources_panda_description:/home/luka/ws_moveit/install/moveit_resources_fanuc_description:/home/luka/ws_moveit/install/moveit_msgs:/home/luka/ws_moveit/install/moveit_configs_utils:/home/luka/ws_moveit/install/moveit_common:${AMENT_PREFIX_PATH} CMAKE_PREFIX_PATH=/home/luka/ws_moveit/install/moveit_ros_visualization:/home/luka/ws_moveit/install/moveit_ros_planning_interface:/home/luka/ws_moveit/install/moveit_ros_move_group:/home/luka/ws_moveit/install/moveit_ros_warehouse:/home/luka/ws_moveit/install/moveit_ros_robot_interaction:/home/luka/ws_moveit/install/moveit_kinematics:/home/luka/ws_moveit/install/moveit_ros_planning:/home/luka/ws_moveit/install/moveit_simple_controller_manager:/home/luka/ws_moveit/install/moveit_ros_occupancy_map_monitor:/home/luka/ws_moveit/install/moveit_core:/home/luka/ws_moveit/install/moveit_resources_panda_moveit_config:/home/luka/ws_moveit/install/moveit_resources_fanuc_moveit_config:/home/luka/ws_moveit/install/moveit_resources_pr2_description:/home/luka/ws_moveit/install/moveit_resources_panda_description:/home/luka/ws_moveit/install/moveit_resources_fanuc_description:/home/luka/ws_moveit/install/moveit_msgs:/home/luka/ws_moveit/install/moveit_common:/opt/ros/jazzy/opt/gz_sim_vendor:/opt/ros/jazzy/opt/gz_sensors_vendor:/opt/ros/jazzy/opt/gz_physics_vendor:/opt/ros/jazzy/opt/sdformat_vendor:/opt/ros/jazzy/opt/gz_gui_vendor:/opt/ros/jazzy/opt/gz_transport_vendor:/opt/ros/jazzy/opt/gz_rendering_vendor:/opt/ros/jazzy/opt/gz_plugin_vendor:/opt/ros/jazzy/opt/gz_fuel_tools_vendor:/opt/ros/jazzy/opt/gz_msgs_vendor:/opt/ros/jazzy/opt/gz_common_vendor:/opt/ros/jazzy/opt/gz_math_vendor:/opt/ros/jazzy/opt/gz_utils_vendor:/opt/ros/jazzy/opt/gz_tools_vendor:/opt/ros/jazzy/opt/gz_ogre_next_vendor:/opt/ros/jazzy/opt/gz_dartsim_vendor:/opt/ros/jazzy/opt/gz_cmake_vendor:/opt/ros/jazzy DEBUGINFOD_URLS=https://debuginfod.ubuntu.com LD_LIBRARY_PATH=/home/luka/ws_moveit/install/moveit_ros_visualization/lib:/home/luka/ws_moveit/install/moveit_ros_planning_interface/lib:/home/luka/ws_moveit/install/moveit_ros_move_group/lib:/home/luka/ws_moveit/install/moveit_ros_warehouse/lib:/home/luka/ws_moveit/install/moveit_ros_robot_interaction/lib:/home/luka/ws_moveit/install/moveit_kinematics/lib:/home/luka/ws_moveit/install/moveit_ros_planning/lib:/home/luka/ws_moveit/install/moveit_simple_controller_manager/lib:/home/luka/ws_moveit/install/moveit_ros_occupancy_map_monitor/lib:/home/luka/ws_moveit/install/moveit_core/lib:/home/luka/ws_moveit/install/moveit_msgs/lib:${LD_LIBRARY_PATH} PATH=/home/luka/ws_moveit/install/moveit_core/bin:${PATH} PYTHONPATH=/home/luka/ws_moveit/install/moveit_msgs/lib/python3.12/site-packages:/home/luka/ws_moveit/install/moveit_configs_utils/lib/python3.12/site-packages:${PYTHONPATH} /usr/bin/cmake --build /home/luka/ws_moveit/build/moveit_servo -- -j4 -l4
[1491.152s] Invoking command in '/home/luka/ws_moveit/build/moveit_servo': AMENT_PREFIX_PATH=/home/luka/ws_moveit/install/moveit_ros_visualization:/home/luka/ws_moveit/install/moveit_ros_planning_interface:/home/luka/ws_moveit/install/moveit_ros_move_group:/home/luka/ws_moveit/install/moveit_ros_warehouse:/home/luka/ws_moveit/install/moveit_ros_robot_interaction:/home/luka/ws_moveit/install/moveit_kinematics:/home/luka/ws_moveit/install/moveit_ros_planning:/home/luka/ws_moveit/install/moveit_simple_controller_manager:/home/luka/ws_moveit/install/moveit_ros_occupancy_map_monitor:/home/luka/ws_moveit/install/moveit_core:/home/luka/ws_moveit/install/moveit_resources_panda_moveit_config:/home/luka/ws_moveit/install/moveit_resources_fanuc_moveit_config:/home/luka/ws_moveit/install/moveit_resources_pr2_description:/home/luka/ws_moveit/install/moveit_resources_panda_description:/home/luka/ws_moveit/install/moveit_resources_fanuc_description:/home/luka/ws_moveit/install/moveit_msgs:/home/luka/ws_moveit/install/moveit_configs_utils:/home/luka/ws_moveit/install/moveit_common:${AMENT_PREFIX_PATH} CMAKE_PREFIX_PATH=/home/luka/ws_moveit/install/moveit_ros_visualization:/home/luka/ws_moveit/install/moveit_ros_planning_interface:/home/luka/ws_moveit/install/moveit_ros_move_group:/home/luka/ws_moveit/install/moveit_ros_warehouse:/home/luka/ws_moveit/install/moveit_ros_robot_interaction:/home/luka/ws_moveit/install/moveit_kinematics:/home/luka/ws_moveit/install/moveit_ros_planning:/home/luka/ws_moveit/install/moveit_simple_controller_manager:/home/luka/ws_moveit/install/moveit_ros_occupancy_map_monitor:/home/luka/ws_moveit/install/moveit_core:/home/luka/ws_moveit/install/moveit_resources_panda_moveit_config:/home/luka/ws_moveit/install/moveit_resources_fanuc_moveit_config:/home/luka/ws_moveit/install/moveit_resources_pr2_description:/home/luka/ws_moveit/install/moveit_resources_panda_description:/home/luka/ws_moveit/install/moveit_resources_fanuc_description:/home/luka/ws_moveit/install/moveit_msgs:/home/luka/ws_moveit/install/moveit_common:/opt/ros/jazzy/opt/gz_sim_vendor:/opt/ros/jazzy/opt/gz_sensors_vendor:/opt/ros/jazzy/opt/gz_physics_vendor:/opt/ros/jazzy/opt/sdformat_vendor:/opt/ros/jazzy/opt/gz_gui_vendor:/opt/ros/jazzy/opt/gz_transport_vendor:/opt/ros/jazzy/opt/gz_rendering_vendor:/opt/ros/jazzy/opt/gz_plugin_vendor:/opt/ros/jazzy/opt/gz_fuel_tools_vendor:/opt/ros/jazzy/opt/gz_msgs_vendor:/opt/ros/jazzy/opt/gz_common_vendor:/opt/ros/jazzy/opt/gz_math_vendor:/opt/ros/jazzy/opt/gz_utils_vendor:/opt/ros/jazzy/opt/gz_tools_vendor:/opt/ros/jazzy/opt/gz_ogre_next_vendor:/opt/ros/jazzy/opt/gz_dartsim_vendor:/opt/ros/jazzy/opt/gz_cmake_vendor:/opt/ros/jazzy DEBUGINFOD_URLS=https://debuginfod.ubuntu.com LD_LIBRARY_PATH=/home/luka/ws_moveit/install/moveit_ros_visualization/lib:/home/luka/ws_moveit/install/moveit_ros_planning_interface/lib:/home/luka/ws_moveit/install/moveit_ros_move_group/lib:/home/luka/ws_moveit/install/moveit_ros_warehouse/lib:/home/luka/ws_moveit/install/moveit_ros_robot_interaction/lib:/home/luka/ws_moveit/install/moveit_kinematics/lib:/home/luka/ws_moveit/install/moveit_ros_planning/lib:/home/luka/ws_moveit/install/moveit_simple_controller_manager/lib:/home/luka/ws_moveit/install/moveit_ros_occupancy_map_monitor/lib:/home/luka/ws_moveit/install/moveit_core/lib:/home/luka/ws_moveit/install/moveit_msgs/lib:${LD_LIBRARY_PATH} PATH=/home/luka/ws_moveit/install/moveit_core/bin:${PATH} PYTHONPATH=/home/luka/ws_moveit/install/moveit_msgs/lib/python3.12/site-packages:/home/luka/ws_moveit/install/moveit_configs_utils/lib/python3.12/site-packages:${PYTHONPATH} /usr/bin/cmake --install /home/luka/ws_moveit/build/moveit_servo
[1491.206s] -- Install configuration: "Release"
[1491.207s] -- Installing: /home/luka/ws_moveit/install/moveit_servo/include/moveit_servo
[1491.209s] -- Installing: /home/luka/ws_moveit/install/moveit_servo/include/moveit_servo/moveit_servo_lib_parameters.hpp
[1491.209s] -- Installing: /home/luka/ws_moveit/install/moveit_servo/lib/moveit_servo/servo_node
[1491.212s] -- Set non-toolchain portion of runtime path of "/home/luka/ws_moveit/install/moveit_servo/lib/moveit_servo/servo_node" to ""
[1491.213s] -- Installing: /home/luka/ws_moveit/install/moveit_servo/lib/libmoveit_servo_lib_cpp.so.2.14.1
[1491.219s] -- Set non-toolchain portion of runtime path of "/home/luka/ws_moveit/install/moveit_servo/lib/libmoveit_servo_lib_cpp.so.2.14.1" to ""
[1491.223s] -- Installing: /home/luka/ws_moveit/install/moveit_servo/lib/libmoveit_servo_lib_cpp.so
[1491.224s] -- Installing: /home/luka/ws_moveit/install/moveit_servo/lib/libmoveit_servo_lib_ros.so.2.14.1
[1491.232s] -- Set non-toolchain portion of runtime path of "/home/luka/ws_moveit/install/moveit_servo/lib/libmoveit_servo_lib_ros.so.2.14.1" to ""
[1491.232s] -- Installing: /home/luka/ws_moveit/install/moveit_servo/lib/libmoveit_servo_lib_ros.so
[1491.233s] -- Installing: /home/luka/ws_moveit/install/moveit_servo/lib/moveit_servo/demo_joint_jog
[1491.238s] -- Set non-toolchain portion of runtime path of "/home/luka/ws_moveit/install/moveit_servo/lib/moveit_servo/demo_joint_jog" to ""
[1491.239s] -- Installing: /home/luka/ws_moveit/install/moveit_servo/lib/moveit_servo/demo_twist
[1491.240s] -- Set non-toolchain portion of runtime path of "/home/luka/ws_moveit/install/moveit_servo/lib/moveit_servo/demo_twist" to ""
[1491.244s] -- Installing: /home/luka/ws_moveit/install/moveit_servo/lib/moveit_servo/demo_pose
[1491.245s] -- Set non-toolchain portion of runtime path of "/home/luka/ws_moveit/install/moveit_servo/lib/moveit_servo/demo_pose" to ""
[1491.246s] -- Up-to-date: /home/luka/ws_moveit/install/moveit_servo/lib/moveit_servo/servo_node
[1491.247s] -- Installing: /home/luka/ws_moveit/install/moveit_servo/lib/moveit_servo/servo_keyboard_input
[1491.252s] -- Set non-toolchain portion of runtime path of "/home/luka/ws_moveit/install/moveit_servo/lib/moveit_servo/servo_keyboard_input" to ""
[1491.253s] -- Up-to-date: /home/luka/ws_moveit/install/moveit_servo/include/moveit_servo
[1491.256s] -- Installing: /home/luka/ws_moveit/install/moveit_servo/include/moveit_servo/moveit_servo
[1491.258s] -- Installing: /home/luka/ws_moveit/install/moveit_servo/include/moveit_servo/moveit_servo/servo.h
[1491.260s] -- Installing: /home/luka/ws_moveit/install/moveit_servo/include/moveit_servo/moveit_servo/collision_monitor.h
[1491.262s] -- Installing: /home/luka/ws_moveit/install/moveit_servo/include/moveit_servo/moveit_servo/servo_node.h
[1491.264s] -- Installing: /home/luka/ws_moveit/install/moveit_servo/include/moveit_servo/moveit_servo/utils
[1491.266s] -- Installing: /home/luka/ws_moveit/install/moveit_servo/include/moveit_servo/moveit_servo/utils/datatypes.h
[1491.268s] -- Installing: /home/luka/ws_moveit/install/moveit_servo/include/moveit_servo/moveit_servo/utils/command.hpp
[1491.269s] -- Installing: /home/luka/ws_moveit/install/moveit_servo/include/moveit_servo/moveit_servo/utils/common.hpp
[1491.271s] -- Installing: /home/luka/ws_moveit/install/moveit_servo/include/moveit_servo/moveit_servo/utils/command.h
[1491.273s] -- Installing: /home/luka/ws_moveit/install/moveit_servo/include/moveit_servo/moveit_servo/utils/datatypes.hpp
[1491.275s] -- Installing: /home/luka/ws_moveit/install/moveit_servo/include/moveit_servo/moveit_servo/utils/common.h
[1491.277s] -- Installing: /home/luka/ws_moveit/install/moveit_servo/include/moveit_servo/moveit_servo/collision_monitor.hpp
[1491.278s] -- Installing: /home/luka/ws_moveit/install/moveit_servo/include/moveit_servo/moveit_servo/servo_node.hpp
[1491.280s] -- Installing: /home/luka/ws_moveit/install/moveit_servo/include/moveit_servo/moveit_servo/servo.hpp
[1491.282s] -- Installing: /home/luka/ws_moveit/install/moveit_servo/share/moveit_servo/launch
[1491.287s] -- Installing: /home/luka/ws_moveit/install/moveit_servo/share/moveit_servo/launch/demo_pose.launch.py
[1491.287s] -- Installing: /home/luka/ws_moveit/install/moveit_servo/share/moveit_servo/launch/demo_joint_jog.launch.py
[1491.288s] -- Installing: /home/luka/ws_moveit/install/moveit_servo/share/moveit_servo/launch/demo_twist.launch.py
[1491.289s] -- Installing: /home/luka/ws_moveit/install/moveit_servo/share/moveit_servo/launch/demo_ros_api.launch.py
[1491.289s] -- Installing: /home/luka/ws_moveit/install/moveit_servo/share/moveit_servo/config
[1491.290s] -- Installing: /home/luka/ws_moveit/install/moveit_servo/share/moveit_servo/config/servo_parameters.yaml
[1491.290s] -- Installing: /home/luka/ws_moveit/install/moveit_servo/share/moveit_servo/config/demo_rviz_config_ros.rviz
[1491.291s] -- Installing: /home/luka/ws_moveit/install/moveit_servo/share/moveit_servo/config/test_config_panda.yaml
[1491.297s] -- Installing: /home/luka/ws_moveit/install/moveit_servo/share/moveit_servo/config/panda_simulated_config.yaml
[1491.298s] -- Installing: /home/luka/ws_moveit/install/moveit_servo/share/moveit_servo/config/demo_rviz_config.rviz
[1491.299s] -- Installing: /home/luka/ws_moveit/install/moveit_servo/share/moveit_servo/environment/library_path.sh
[1491.303s] -- Installing: /home/luka/ws_moveit/install/moveit_servo/share/moveit_servo/environment/library_path.dsv
[1491.304s] -- Installing: /home/luka/ws_moveit/install/moveit_servo/share/ament_index/resource_index/package_run_dependencies/moveit_servo
[1491.304s] -- Installing: /home/luka/ws_moveit/install/moveit_servo/share/ament_index/resource_index/parent_prefix_path/moveit_servo
[1491.305s] -- Installing: /home/luka/ws_moveit/install/moveit_servo/share/moveit_servo/environment/ament_prefix_path.sh
[1491.313s] -- Installing: /home/luka/ws_moveit/install/moveit_servo/share/moveit_servo/environment/ament_prefix_path.dsv
[1491.313s] -- Installing: /home/luka/ws_moveit/install/moveit_servo/share/moveit_servo/environment/path.sh
[1491.314s] -- Installing: /home/luka/ws_moveit/install/moveit_servo/share/moveit_servo/environment/path.dsv
[1491.315s] -- Installing: /home/luka/ws_moveit/install/moveit_servo/share/moveit_servo/local_setup.bash
[1491.315s] -- Installing: /home/luka/ws_moveit/install/moveit_servo/share/moveit_servo/local_setup.sh
[1491.319s] -- Installing: /home/luka/ws_moveit/install/moveit_servo/share/moveit_servo/local_setup.zsh
[1491.320s] -- Installing: /home/luka/ws_moveit/install/moveit_servo/share/moveit_servo/local_setup.dsv
[1491.320s] -- Installing: /home/luka/ws_moveit/install/moveit_servo/share/moveit_servo/package.dsv
[1491.321s] -- Installing: /home/luka/ws_moveit/install/moveit_servo/share/ament_index/resource_index/packages/moveit_servo
[1491.325s] -- Installing: /home/luka/ws_moveit/install/moveit_servo/share/ament_index/resource_index/rclcpp_components/moveit_servo
[1491.326s] -- Installing: /home/luka/ws_moveit/install/moveit_servo/share/moveit_servo/cmake/moveit_servoTargetsExport.cmake
[1491.326s] -- Installing: /home/luka/ws_moveit/install/moveit_servo/share/moveit_servo/cmake/moveit_servoTargetsExport-release.cmake
[1491.327s] -- Installing: /home/luka/ws_moveit/install/moveit_servo/share/moveit_servo/cmake/ament_cmake_export_dependencies-extras.cmake
[1491.327s] -- Installing: /home/luka/ws_moveit/install/moveit_servo/share/moveit_servo/cmake/ament_cmake_export_targets-extras.cmake
[1491.332s] -- Installing: /home/luka/ws_moveit/install/moveit_servo/share/moveit_servo/cmake/moveit_servoConfig.cmake
[1491.333s] -- Installing: /home/luka/ws_moveit/install/moveit_servo/share/moveit_servo/cmake/moveit_servoConfig-version.cmake
[1491.333s] -- Installing: /home/luka/ws_moveit/install/moveit_servo/share/moveit_servo/package.xml
[1491.334s] Invoked command in '/home/luka/ws_moveit/build/moveit_servo' returned '0': AMENT_PREFIX_PATH=/home/luka/ws_moveit/install/moveit_ros_visualization:/home/luka/ws_moveit/install/moveit_ros_planning_interface:/home/luka/ws_moveit/install/moveit_ros_move_group:/home/luka/ws_moveit/install/moveit_ros_warehouse:/home/luka/ws_moveit/install/moveit_ros_robot_interaction:/home/luka/ws_moveit/install/moveit_kinematics:/home/luka/ws_moveit/install/moveit_ros_planning:/home/luka/ws_moveit/install/moveit_simple_controller_manager:/home/luka/ws_moveit/install/moveit_ros_occupancy_map_monitor:/home/luka/ws_moveit/install/moveit_core:/home/luka/ws_moveit/install/moveit_resources_panda_moveit_config:/home/luka/ws_moveit/install/moveit_resources_fanuc_moveit_config:/home/luka/ws_moveit/install/moveit_resources_pr2_description:/home/luka/ws_moveit/install/moveit_resources_panda_description:/home/luka/ws_moveit/install/moveit_resources_fanuc_description:/home/luka/ws_moveit/install/moveit_msgs:/home/luka/ws_moveit/install/moveit_configs_utils:/home/luka/ws_moveit/install/moveit_common:${AMENT_PREFIX_PATH} CMAKE_PREFIX_PATH=/home/luka/ws_moveit/install/moveit_ros_visualization:/home/luka/ws_moveit/install/moveit_ros_planning_interface:/home/luka/ws_moveit/install/moveit_ros_move_group:/home/luka/ws_moveit/install/moveit_ros_warehouse:/home/luka/ws_moveit/install/moveit_ros_robot_interaction:/home/luka/ws_moveit/install/moveit_kinematics:/home/luka/ws_moveit/install/moveit_ros_planning:/home/luka/ws_moveit/install/moveit_simple_controller_manager:/home/luka/ws_moveit/install/moveit_ros_occupancy_map_monitor:/home/luka/ws_moveit/install/moveit_core:/home/luka/ws_moveit/install/moveit_resources_panda_moveit_config:/home/luka/ws_moveit/install/moveit_resources_fanuc_moveit_config:/home/luka/ws_moveit/install/moveit_resources_pr2_description:/home/luka/ws_moveit/install/moveit_resources_panda_description:/home/luka/ws_moveit/install/moveit_resources_fanuc_description:/home/luka/ws_moveit/install/moveit_msgs:/home/luka/ws_moveit/install/moveit_common:/opt/ros/jazzy/opt/gz_sim_vendor:/opt/ros/jazzy/opt/gz_sensors_vendor:/opt/ros/jazzy/opt/gz_physics_vendor:/opt/ros/jazzy/opt/sdformat_vendor:/opt/ros/jazzy/opt/gz_gui_vendor:/opt/ros/jazzy/opt/gz_transport_vendor:/opt/ros/jazzy/opt/gz_rendering_vendor:/opt/ros/jazzy/opt/gz_plugin_vendor:/opt/ros/jazzy/opt/gz_fuel_tools_vendor:/opt/ros/jazzy/opt/gz_msgs_vendor:/opt/ros/jazzy/opt/gz_common_vendor:/opt/ros/jazzy/opt/gz_math_vendor:/opt/ros/jazzy/opt/gz_utils_vendor:/opt/ros/jazzy/opt/gz_tools_vendor:/opt/ros/jazzy/opt/gz_ogre_next_vendor:/opt/ros/jazzy/opt/gz_dartsim_vendor:/opt/ros/jazzy/opt/gz_cmake_vendor:/opt/ros/jazzy DEBUGINFOD_URLS=https://debuginfod.ubuntu.com LD_LIBRARY_PATH=/home/luka/ws_moveit/install/moveit_ros_visualization/lib:/home/luka/ws_moveit/install/moveit_ros_planning_interface/lib:/home/luka/ws_moveit/install/moveit_ros_move_group/lib:/home/luka/ws_moveit/install/moveit_ros_warehouse/lib:/home/luka/ws_moveit/install/moveit_ros_robot_interaction/lib:/home/luka/ws_moveit/install/moveit_kinematics/lib:/home/luka/ws_moveit/install/moveit_ros_planning/lib:/home/luka/ws_moveit/install/moveit_simple_controller_manager/lib:/home/luka/ws_moveit/install/moveit_ros_occupancy_map_monitor/lib:/home/luka/ws_moveit/install/moveit_core/lib:/home/luka/ws_moveit/install/moveit_msgs/lib:${LD_LIBRARY_PATH} PATH=/home/luka/ws_moveit/install/moveit_core/bin:${PATH} PYTHONPATH=/home/luka/ws_moveit/install/moveit_msgs/lib/python3.12/site-packages:/home/luka/ws_moveit/install/moveit_configs_utils/lib/python3.12/site-packages:${PYTHONPATH} /usr/bin/cmake --install /home/luka/ws_moveit/build/moveit_servo
