[0.058s] Invoking command in '/home/luka/ws_moveit/build/moveit_resources_pr2_description': CMAKE_PREFIX_PATH=${CMAKE_PREFIX_PATH}:/home/luka/ws_moveit/install/hello_moveit_py:/home/luka/ws_moveit/install/moveit_configs_utils:/opt/ros/jazzy DEBUGINFOD_URLS=https://debuginfod.ubuntu.com /usr/bin/cmake /home/luka/ws_moveit/src/moveit_resources/pr2_description -DCMAKE_INSTALL_PREFIX=/home/luka/ws_moveit/install/moveit_resources_pr2_description
[0.105s] -- Found ament_cmake: 2.5.4 (/opt/ros/jazzy/share/ament_cmake/cmake)
[0.902s] -- Configuring done (0.8s)
[0.915s] -- Generating done (0.0s)
[0.922s] -- Build files have been written to: /home/luka/ws_moveit/build/moveit_resources_pr2_description
[0.932s] Invoked command in '/home/luka/ws_moveit/build/moveit_resources_pr2_description' returned '0': CMAKE_PREFIX_PATH=${CMAKE_PREFIX_PATH}:/home/luka/ws_moveit/install/hello_moveit_py:/home/luka/ws_moveit/install/moveit_configs_utils:/opt/ros/jazzy DEBUGINFOD_URLS=https://debuginfod.ubuntu.com /usr/bin/cmake /home/luka/ws_moveit/src/moveit_resources/pr2_description -DCMAKE_INSTALL_PREFIX=/home/luka/ws_moveit/install/moveit_resources_pr2_description
[0.934s] Invoking command in '/home/luka/ws_moveit/build/moveit_resources_pr2_description': CMAKE_PREFIX_PATH=${CMAKE_PREFIX_PATH}:/home/luka/ws_moveit/install/hello_moveit_py:/home/luka/ws_moveit/install/moveit_configs_utils:/opt/ros/jazzy DEBUGINFOD_URLS=https://debuginfod.ubuntu.com /usr/bin/cmake --build /home/luka/ws_moveit/build/moveit_resources_pr2_description -- -j4 -l4
[1.620s] Invoked command in '/home/luka/ws_moveit/build/moveit_resources_pr2_description' returned '0': CMAKE_PREFIX_PATH=${CMAKE_PREFIX_PATH}:/home/luka/ws_moveit/install/hello_moveit_py:/home/luka/ws_moveit/install/moveit_configs_utils:/opt/ros/jazzy DEBUGINFOD_URLS=https://debuginfod.ubuntu.com /usr/bin/cmake --build /home/luka/ws_moveit/build/moveit_resources_pr2_description -- -j4 -l4
[1.623s] Invoking command in '/home/luka/ws_moveit/build/moveit_resources_pr2_description': CMAKE_PREFIX_PATH=${CMAKE_PREFIX_PATH}:/home/luka/ws_moveit/install/hello_moveit_py:/home/luka/ws_moveit/install/moveit_configs_utils:/opt/ros/jazzy DEBUGINFOD_URLS=https://debuginfod.ubuntu.com /usr/bin/cmake --install /home/luka/ws_moveit/build/moveit_resources_pr2_description
[1.680s] -- Install configuration: "Release"
[1.680s] -- Up-to-date: /home/luka/ws_moveit/install/moveit_resources_pr2_description/share/ament_index/resource_index/package_run_dependencies/moveit_resources_pr2_description
[1.680s] -- Installing: /home/luka/ws_moveit/install/moveit_resources_pr2_description/share/ament_index/resource_index/parent_prefix_path/moveit_resources_pr2_description
[1.680s] -- Up-to-date: /home/luka/ws_moveit/install/moveit_resources_pr2_description/share/moveit_resources_pr2_description/environment/ament_prefix_path.sh
[1.680s] -- Up-to-date: /home/luka/ws_moveit/install/moveit_resources_pr2_description/share/moveit_resources_pr2_description/environment/ament_prefix_path.dsv
[1.680s] -- Up-to-date: /home/luka/ws_moveit/install/moveit_resources_pr2_description/share/moveit_resources_pr2_description/environment/path.sh
[1.680s] -- Up-to-date: /home/luka/ws_moveit/install/moveit_resources_pr2_description/share/moveit_resources_pr2_description/environment/path.dsv
[1.681s] -- Up-to-date: /home/luka/ws_moveit/install/moveit_resources_pr2_description/share/moveit_resources_pr2_description/local_setup.bash
[1.681s] -- Up-to-date: /home/luka/ws_moveit/install/moveit_resources_pr2_description/share/moveit_resources_pr2_description/local_setup.sh
[1.681s] -- Up-to-date: /home/luka/ws_moveit/install/moveit_resources_pr2_description/share/moveit_resources_pr2_description/local_setup.zsh
[1.683s] -- Up-to-date: /home/luka/ws_moveit/install/moveit_resources_pr2_description/share/moveit_resources_pr2_description/local_setup.dsv
[1.683s] -- Installing: /home/luka/ws_moveit/install/moveit_resources_pr2_description/share/moveit_resources_pr2_description/package.dsv
[1.686s] -- Up-to-date: /home/luka/ws_moveit/install/moveit_resources_pr2_description/share/ament_index/resource_index/packages/moveit_resources_pr2_description
[1.686s] -- Up-to-date: /home/luka/ws_moveit/install/moveit_resources_pr2_description/share/moveit_resources_pr2_description/cmake/moveit_resources_pr2_descriptionConfig.cmake
[1.686s] -- Up-to-date: /home/luka/ws_moveit/install/moveit_resources_pr2_description/share/moveit_resources_pr2_description/cmake/moveit_resources_pr2_descriptionConfig-version.cmake
[1.687s] -- Up-to-date: /home/luka/ws_moveit/install/moveit_resources_pr2_description/share/moveit_resources_pr2_description/package.xml
[1.688s] -- Up-to-date: /home/luka/ws_moveit/install/moveit_resources_pr2_description/share/moveit_resources_pr2_description/srdf
[1.690s] -- Up-to-date: /home/luka/ws_moveit/install/moveit_resources_pr2_description/share/moveit_resources_pr2_description/srdf/robot.xml
[1.690s] -- Up-to-date: /home/luka/ws_moveit/install/moveit_resources_pr2_description/share/moveit_resources_pr2_description/urdf
[1.690s] -- Up-to-date: /home/luka/ws_moveit/install/moveit_resources_pr2_description/share/moveit_resources_pr2_description/urdf/materials
[1.691s] -- Up-to-date: /home/luka/ws_moveit/install/moveit_resources_pr2_description/share/moveit_resources_pr2_description/urdf/materials/textures
[1.691s] -- Up-to-date: /home/luka/ws_moveit/install/moveit_resources_pr2_description/share/moveit_resources_pr2_description/urdf/materials/textures/pr2_wheel_left.png
[1.691s] -- Up-to-date: /home/luka/ws_moveit/install/moveit_resources_pr2_description/share/moveit_resources_pr2_description/urdf/materials/textures/pr2_wheel_right.png
[1.692s] -- Up-to-date: /home/luka/ws_moveit/install/moveit_resources_pr2_description/share/moveit_resources_pr2_description/urdf/materials/textures/pr2_caster_texture.png
[1.693s] -- Up-to-date: /home/luka/ws_moveit/install/moveit_resources_pr2_description/share/moveit_resources_pr2_description/urdf/robot.xml
[1.694s] -- Up-to-date: /home/luka/ws_moveit/install/moveit_resources_pr2_description/share/moveit_resources_pr2_description/urdf/meshes
[1.694s] -- Up-to-date: /home/luka/ws_moveit/install/moveit_resources_pr2_description/share/moveit_resources_pr2_description/urdf/meshes/base_v0
[1.694s] -- Up-to-date: /home/luka/ws_moveit/install/moveit_resources_pr2_description/share/moveit_resources_pr2_description/urdf/meshes/base_v0/wheel_h.dae
[1.694s] -- Up-to-date: /home/luka/ws_moveit/install/moveit_resources_pr2_description/share/moveit_resources_pr2_description/urdf/meshes/base_v0/convex
[1.696s] -- Up-to-date: /home/luka/ws_moveit/install/moveit_resources_pr2_description/share/moveit_resources_pr2_description/urdf/meshes/base_v0/convex/base_L.dae
[1.696s] -- Up-to-date: /home/luka/ws_moveit/install/moveit_resources_pr2_description/share/moveit_resources_pr2_description/urdf/meshes/base_v0/convex/base_convex.stlb
[1.696s] -- Up-to-date: /home/luka/ws_moveit/install/moveit_resources_pr2_description/share/moveit_resources_pr2_description/urdf/meshes/base_v0/convex/base_L_convex.stla
[1.697s] -- Up-to-date: /home/luka/ws_moveit/install/moveit_resources_pr2_description/share/moveit_resources_pr2_description/urdf/meshes/base_v0/convex/caster_convex.stla
[1.697s] -- Up-to-date: /home/luka/ws_moveit/install/moveit_resources_pr2_description/share/moveit_resources_pr2_description/urdf/meshes/base_v0/convex/caster.xml
[1.697s] -- Up-to-date: /home/luka/ws_moveit/install/moveit_resources_pr2_description/share/moveit_resources_pr2_description/urdf/meshes/base_v0/convex/base_L_convex.stlb
[1.698s] -- Up-to-date: /home/luka/ws_moveit/install/moveit_resources_pr2_description/share/moveit_resources_pr2_description/urdf/meshes/base_v0/convex/pr2_wheel.dae
[1.699s] -- Up-to-date: /home/luka/ws_moveit/install/moveit_resources_pr2_description/share/moveit_resources_pr2_description/urdf/meshes/base_v0/convex/wheel_convex.stlb
[1.699s] -- Up-to-date: /home/luka/ws_moveit/install/moveit_resources_pr2_description/share/moveit_resources_pr2_description/urdf/meshes/base_v0/convex/caster_L_convex.stla
[1.699s] -- Up-to-date: /home/luka/ws_moveit/install/moveit_resources_pr2_description/share/moveit_resources_pr2_description/urdf/meshes/base_v0/convex/caster_L.xml
[1.699s] -- Up-to-date: /home/luka/ws_moveit/install/moveit_resources_pr2_description/share/moveit_resources_pr2_description/urdf/meshes/base_v0/convex/pr2_wheel_convex.stlb
[1.700s] -- Up-to-date: /home/luka/ws_moveit/install/moveit_resources_pr2_description/share/moveit_resources_pr2_description/urdf/meshes/base_v0/convex/caster_L_convex.stlb
[1.701s] -- Up-to-date: /home/luka/ws_moveit/install/moveit_resources_pr2_description/share/moveit_resources_pr2_description/urdf/meshes/base_v0/convex/wheel.xml
[1.701s] -- Up-to-date: /home/luka/ws_moveit/install/moveit_resources_pr2_description/share/moveit_resources_pr2_description/urdf/meshes/base_v0/convex/caster_L.dae
[1.701s] -- Up-to-date: /home/luka/ws_moveit/install/moveit_resources_pr2_description/share/moveit_resources_pr2_description/urdf/meshes/base_v0/convex/base_convex.stla
[1.702s] -- Up-to-date: /home/luka/ws_moveit/install/moveit_resources_pr2_description/share/moveit_resources_pr2_description/urdf/meshes/base_v0/convex/base.xml
[1.703s] -- Up-to-date: /home/luka/ws_moveit/install/moveit_resources_pr2_description/share/moveit_resources_pr2_description/urdf/meshes/base_v0/convex/wheel.dae
[1.703s] -- Up-to-date: /home/luka/ws_moveit/install/moveit_resources_pr2_description/share/moveit_resources_pr2_description/urdf/meshes/base_v0/convex/pr2_wheel_convex.stla
[1.703s] -- Up-to-date: /home/luka/ws_moveit/install/moveit_resources_pr2_description/share/moveit_resources_pr2_description/urdf/meshes/base_v0/convex/caster.dae
[1.705s] -- Up-to-date: /home/luka/ws_moveit/install/moveit_resources_pr2_description/share/moveit_resources_pr2_description/urdf/meshes/base_v0/convex/wheel_convex.stla
[1.705s] -- Up-to-date: /home/luka/ws_moveit/install/moveit_resources_pr2_description/share/moveit_resources_pr2_description/urdf/meshes/base_v0/convex/caster_convex.stlb
[1.706s] -- Up-to-date: /home/luka/ws_moveit/install/moveit_resources_pr2_description/share/moveit_resources_pr2_description/urdf/meshes/base_v0/convex/pr2_wheel.xml
[1.706s] -- Up-to-date: /home/luka/ws_moveit/install/moveit_resources_pr2_description/share/moveit_resources_pr2_description/urdf/meshes/base_v0/convex/base_L.xml
[1.706s] -- Up-to-date: /home/luka/ws_moveit/install/moveit_resources_pr2_description/share/moveit_resources_pr2_description/urdf/meshes/base_v0/convex/base.dae
[1.707s] -- Up-to-date: /home/luka/ws_moveit/install/moveit_resources_pr2_description/share/moveit_resources_pr2_description/urdf/meshes/base_v0/base_color.tif
[1.708s] -- Up-to-date: /home/luka/ws_moveit/install/moveit_resources_pr2_description/share/moveit_resources_pr2_description/urdf/meshes/base_v0/caster_L.stl
[1.709s] -- Up-to-date: /home/luka/ws_moveit/install/moveit_resources_pr2_description/share/moveit_resources_pr2_description/urdf/meshes/base_v0/base.stl
[1.710s] -- Up-to-date: /home/luka/ws_moveit/install/moveit_resources_pr2_description/share/moveit_resources_pr2_description/urdf/meshes/base_v0/base_normals.tif
[1.711s] -- Up-to-date: /home/luka/ws_moveit/install/moveit_resources_pr2_description/share/moveit_resources_pr2_description/urdf/meshes/base_v0/wheel_h_color.tif
[1.711s] -- Up-to-date: /home/luka/ws_moveit/install/moveit_resources_pr2_description/share/moveit_resources_pr2_description/urdf/meshes/base_v0/wheel_normals.tif
[1.711s] -- Up-to-date: /home/luka/ws_moveit/install/moveit_resources_pr2_description/share/moveit_resources_pr2_description/urdf/meshes/base_v0/pr2_wheel.stl
[1.712s] -- Up-to-date: /home/luka/ws_moveit/install/moveit_resources_pr2_description/share/moveit_resources_pr2_description/urdf/meshes/base_v0/caster.stl
[1.712s] -- Up-to-date: /home/luka/ws_moveit/install/moveit_resources_pr2_description/share/moveit_resources_pr2_description/urdf/meshes/base_v0/wheel.dae
[1.713s] -- Up-to-date: /home/luka/ws_moveit/install/moveit_resources_pr2_description/share/moveit_resources_pr2_description/urdf/meshes/base_v0/wheel_color.tif
[1.713s] -- Up-to-date: /home/luka/ws_moveit/install/moveit_resources_pr2_description/share/moveit_resources_pr2_description/urdf/meshes/base_v0/base_L.stl
[1.713s] -- Up-to-date: /home/luka/ws_moveit/install/moveit_resources_pr2_description/share/moveit_resources_pr2_description/urdf/meshes/base_v0/wheel.stl
[1.714s] -- Up-to-date: /home/luka/ws_moveit/install/moveit_resources_pr2_description/share/moveit_resources_pr2_description/urdf/meshes/base_v0/base.dae
[1.715s] -- Up-to-date: /home/luka/ws_moveit/install/moveit_resources_pr2_description/share/moveit_resources_pr2_description/urdf/meshes/forearm_v0
[1.715s] -- Up-to-date: /home/luka/ws_moveit/install/moveit_resources_pr2_description/share/moveit_resources_pr2_description/urdf/meshes/forearm_v0/convex
[1.716s] -- Up-to-date: /home/luka/ws_moveit/install/moveit_resources_pr2_description/share/moveit_resources_pr2_description/urdf/meshes/forearm_v0/convex/forearm_convex.stlb
[1.716s] -- Up-to-date: /home/luka/ws_moveit/install/moveit_resources_pr2_description/share/moveit_resources_pr2_description/urdf/meshes/forearm_v0/convex/wrist_roll_L_convex.stlb
[1.717s] -- Up-to-date: /home/luka/ws_moveit/install/moveit_resources_pr2_description/share/moveit_resources_pr2_description/urdf/meshes/forearm_v0/convex/forearm_convex.stla
[1.718s] -- Up-to-date: /home/luka/ws_moveit/install/moveit_resources_pr2_description/share/moveit_resources_pr2_description/urdf/meshes/forearm_v0/convex/wrist_roll_L_convex.stla
[1.718s] -- Up-to-date: /home/luka/ws_moveit/install/moveit_resources_pr2_description/share/moveit_resources_pr2_description/urdf/meshes/forearm_v0/convex/wrist_flex_convex.stlb
[1.718s] -- Up-to-date: /home/luka/ws_moveit/install/moveit_resources_pr2_description/share/moveit_resources_pr2_description/urdf/meshes/forearm_v0/convex/forearm.xml
[1.719s] -- Up-to-date: /home/luka/ws_moveit/install/moveit_resources_pr2_description/share/moveit_resources_pr2_description/urdf/meshes/forearm_v0/convex/wrist_roll_convex.stlb
[1.719s] -- Up-to-date: /home/luka/ws_moveit/install/moveit_resources_pr2_description/share/moveit_resources_pr2_description/urdf/meshes/forearm_v0/convex/wrist_roll_convex.stla
[1.719s] -- Up-to-date: /home/luka/ws_moveit/install/moveit_resources_pr2_description/share/moveit_resources_pr2_description/urdf/meshes/forearm_v0/convex/wrist_flex.xml
[1.719s] -- Up-to-date: /home/luka/ws_moveit/install/moveit_resources_pr2_description/share/moveit_resources_pr2_description/urdf/meshes/forearm_v0/convex/wrist_flex.dae
[1.719s] -- Up-to-date: /home/luka/ws_moveit/install/moveit_resources_pr2_description/share/moveit_resources_pr2_description/urdf/meshes/forearm_v0/convex/wrist_flex_convex.stla
[1.719s] -- Up-to-date: /home/luka/ws_moveit/install/moveit_resources_pr2_description/share/moveit_resources_pr2_description/urdf/meshes/forearm_v0/convex/wrist_roll_L.xml
[1.720s] -- Up-to-date: /home/luka/ws_moveit/install/moveit_resources_pr2_description/share/moveit_resources_pr2_description/urdf/meshes/forearm_v0/convex/wrist_roll.dae
[1.720s] -- Up-to-date: /home/luka/ws_moveit/install/moveit_resources_pr2_description/share/moveit_resources_pr2_description/urdf/meshes/forearm_v0/convex/forearm.dae
[1.720s] -- Up-to-date: /home/luka/ws_moveit/install/moveit_resources_pr2_description/share/moveit_resources_pr2_description/urdf/meshes/forearm_v0/convex/wrist_roll.xml
[1.720s] -- Up-to-date: /home/luka/ws_moveit/install/moveit_resources_pr2_description/share/moveit_resources_pr2_description/urdf/meshes/forearm_v0/convex/wrist_roll_L.dae
[1.720s] -- Up-to-date: /home/luka/ws_moveit/install/moveit_resources_pr2_description/share/moveit_resources_pr2_description/urdf/meshes/forearm_v0/forearm.jpg
[1.720s] -- Up-to-date: /home/luka/ws_moveit/install/moveit_resources_pr2_description/share/moveit_resources_pr2_description/urdf/meshes/forearm_v0/wrist_roll_L.stl
[1.720s] -- Up-to-date: /home/luka/ws_moveit/install/moveit_resources_pr2_description/share/moveit_resources_pr2_description/urdf/meshes/forearm_v0/forearm.stl
[1.720s] -- Up-to-date: /home/luka/ws_moveit/install/moveit_resources_pr2_description/share/moveit_resources_pr2_description/urdf/meshes/forearm_v0/forearm_normals.tif
[1.721s] -- Up-to-date: /home/luka/ws_moveit/install/moveit_resources_pr2_description/share/moveit_resources_pr2_description/urdf/meshes/forearm_v0/wrist_color.tif
[1.721s] -- Up-to-date: /home/luka/ws_moveit/install/moveit_resources_pr2_description/share/moveit_resources_pr2_description/urdf/meshes/forearm_v0/wrist_flex.dae
[1.723s] -- Up-to-date: /home/luka/ws_moveit/install/moveit_resources_pr2_description/share/moveit_resources_pr2_description/urdf/meshes/forearm_v0/wrist_flex.stl
[1.724s] -- Up-to-date: /home/luka/ws_moveit/install/moveit_resources_pr2_description/share/moveit_resources_pr2_description/urdf/meshes/forearm_v0/forearm.dae
[1.725s] -- Up-to-date: /home/luka/ws_moveit/install/moveit_resources_pr2_description/share/moveit_resources_pr2_description/urdf/meshes/forearm_v0/wrist_roll.stl
[1.725s] -- Up-to-date: /home/luka/ws_moveit/install/moveit_resources_pr2_description/share/moveit_resources_pr2_description/urdf/meshes/forearm_v0/wrist_normals.tif
[1.725s] -- Up-to-date: /home/luka/ws_moveit/install/moveit_resources_pr2_description/share/moveit_resources_pr2_description/urdf/meshes/forearm_v0/forearm_color.tif
[1.726s] -- Up-to-date: /home/luka/ws_moveit/install/moveit_resources_pr2_description/share/moveit_resources_pr2_description/urdf/meshes/shoulder_v0
[1.726s] -- Up-to-date: /home/luka/ws_moveit/install/moveit_resources_pr2_description/share/moveit_resources_pr2_description/urdf/meshes/shoulder_v0/convex
[1.726s] -- Up-to-date: /home/luka/ws_moveit/install/moveit_resources_pr2_description/share/moveit_resources_pr2_description/urdf/meshes/shoulder_v0/convex/shoulder_pan_convex.stla
[1.726s] -- Up-to-date: /home/luka/ws_moveit/install/moveit_resources_pr2_description/share/moveit_resources_pr2_description/urdf/meshes/shoulder_v0/convex/shoulder_lift_convex.stla
[1.726s] -- Up-to-date: /home/luka/ws_moveit/install/moveit_resources_pr2_description/share/moveit_resources_pr2_description/urdf/meshes/shoulder_v0/convex/shoulder_lift_convex.stlb
[1.727s] -- Up-to-date: /home/luka/ws_moveit/install/moveit_resources_pr2_description/share/moveit_resources_pr2_description/urdf/meshes/shoulder_v0/convex/upper_arm_roll_L.xml
[1.727s] -- Up-to-date: /home/luka/ws_moveit/install/moveit_resources_pr2_description/share/moveit_resources_pr2_description/urdf/meshes/shoulder_v0/convex/upper_arm_roll_convex.stla
[1.728s] -- Up-to-date: /home/luka/ws_moveit/install/moveit_resources_pr2_description/share/moveit_resources_pr2_description/urdf/meshes/shoulder_v0/convex/upper_arm_roll_L.dae
[1.728s] -- Up-to-date: /home/luka/ws_moveit/install/moveit_resources_pr2_description/share/moveit_resources_pr2_description/urdf/meshes/shoulder_v0/convex/shoulder_yaw_convex.stla
[1.729s] -- Up-to-date: /home/luka/ws_moveit/install/moveit_resources_pr2_description/share/moveit_resources_pr2_description/urdf/meshes/shoulder_v0/convex/upper_arm_roll.dae
[1.729s] -- Up-to-date: /home/luka/ws_moveit/install/moveit_resources_pr2_description/share/moveit_resources_pr2_description/urdf/meshes/shoulder_v0/convex/shoulder_yaw.xml
[1.729s] -- Up-to-date: /home/luka/ws_moveit/install/moveit_resources_pr2_description/share/moveit_resources_pr2_description/urdf/meshes/shoulder_v0/convex/shoulder_yaw.dae
[1.731s] -- Up-to-date: /home/luka/ws_moveit/install/moveit_resources_pr2_description/share/moveit_resources_pr2_description/urdf/meshes/shoulder_v0/convex/shoulder_lift.dae
[1.731s] -- Up-to-date: /home/luka/ws_moveit/install/moveit_resources_pr2_description/share/moveit_resources_pr2_description/urdf/meshes/shoulder_v0/convex/upper_arm_roll_L_convex.stla
[1.731s] -- Up-to-date: /home/luka/ws_moveit/install/moveit_resources_pr2_description/share/moveit_resources_pr2_description/urdf/meshes/shoulder_v0/convex/shoulder_pan.xml
[1.731s] -- Up-to-date: /home/luka/ws_moveit/install/moveit_resources_pr2_description/share/moveit_resources_pr2_description/urdf/meshes/shoulder_v0/convex/shoulder_yaw_convex.stlb
[1.731s] -- Up-to-date: /home/luka/ws_moveit/install/moveit_resources_pr2_description/share/moveit_resources_pr2_description/urdf/meshes/shoulder_v0/convex/upper_arm_roll_L_convex.stlb
[1.731s] -- Up-to-date: /home/luka/ws_moveit/install/moveit_resources_pr2_description/share/moveit_resources_pr2_description/urdf/meshes/shoulder_v0/convex/upper_arm_roll_convex.stlb
[1.732s] -- Up-to-date: /home/luka/ws_moveit/install/moveit_resources_pr2_description/share/moveit_resources_pr2_description/urdf/meshes/shoulder_v0/convex/shoulder_pan.dae
[1.732s] -- Up-to-date: /home/luka/ws_moveit/install/moveit_resources_pr2_description/share/moveit_resources_pr2_description/urdf/meshes/shoulder_v0/convex/upper_arm_roll.xml
[1.732s] -- Up-to-date: /home/luka/ws_moveit/install/moveit_resources_pr2_description/share/moveit_resources_pr2_description/urdf/meshes/shoulder_v0/convex/shoulder_lift.xml
[1.733s] -- Up-to-date: /home/luka/ws_moveit/install/moveit_resources_pr2_description/share/moveit_resources_pr2_description/urdf/meshes/shoulder_v0/convex/shoulder_pan_convex.stlb
[1.733s] -- Up-to-date: /home/luka/ws_moveit/install/moveit_resources_pr2_description/share/moveit_resources_pr2_description/urdf/meshes/shoulder_v0/shoulder_pan_color.tif
[1.735s] -- Up-to-date: /home/luka/ws_moveit/install/moveit_resources_pr2_description/share/moveit_resources_pr2_description/urdf/meshes/shoulder_v0/shoulder_lift.stl
[1.735s] -- Up-to-date: /home/luka/ws_moveit/install/moveit_resources_pr2_description/share/moveit_resources_pr2_description/urdf/meshes/shoulder_v0/upper_arm_roll.dae
[1.735s] -- Up-to-date: /home/luka/ws_moveit/install/moveit_resources_pr2_description/share/moveit_resources_pr2_description/urdf/meshes/shoulder_v0/upper_arm_roll.stl
[1.736s] -- Up-to-date: /home/luka/ws_moveit/install/moveit_resources_pr2_description/share/moveit_resources_pr2_description/urdf/meshes/shoulder_v0/shoulder_lift.dae
[1.736s] -- Up-to-date: /home/luka/ws_moveit/install/moveit_resources_pr2_description/share/moveit_resources_pr2_description/urdf/meshes/shoulder_v0/upper_arm_roll_normals.tif
[1.736s] -- Up-to-date: /home/luka/ws_moveit/install/moveit_resources_pr2_description/share/moveit_resources_pr2_description/urdf/meshes/shoulder_v0/shoulder_yaw.stl
[1.739s] -- Up-to-date: /home/luka/ws_moveit/install/moveit_resources_pr2_description/share/moveit_resources_pr2_description/urdf/meshes/shoulder_v0/upper_arm_roll_color.tif
[1.739s] -- Up-to-date: /home/luka/ws_moveit/install/moveit_resources_pr2_description/share/moveit_resources_pr2_description/urdf/meshes/shoulder_v0/upper_arm_roll_L.stl
[1.740s] -- Up-to-date: /home/luka/ws_moveit/install/moveit_resources_pr2_description/share/moveit_resources_pr2_description/urdf/meshes/shoulder_v0/shoulder_pan.stl
[1.740s] -- Up-to-date: /home/luka/ws_moveit/install/moveit_resources_pr2_description/share/moveit_resources_pr2_description/urdf/meshes/shoulder_v0/shoulder_pan_normals.tif
[1.741s] -- Up-to-date: /home/luka/ws_moveit/install/moveit_resources_pr2_description/share/moveit_resources_pr2_description/urdf/meshes/shoulder_v0/shoulder_lift_normals.tif
[1.742s] -- Up-to-date: /home/luka/ws_moveit/install/moveit_resources_pr2_description/share/moveit_resources_pr2_description/urdf/meshes/shoulder_v0/shoulder_pan.dae
[1.742s] -- Up-to-date: /home/luka/ws_moveit/install/moveit_resources_pr2_description/share/moveit_resources_pr2_description/urdf/meshes/shoulder_v0/shoulder_lift_color.tif
[1.742s] -- Up-to-date: /home/luka/ws_moveit/install/moveit_resources_pr2_description/share/moveit_resources_pr2_description/urdf/meshes/sensors
[1.743s] -- Up-to-date: /home/luka/ws_moveit/install/moveit_resources_pr2_description/share/moveit_resources_pr2_description/urdf/meshes/sensors/kinect_prosilica_v0
[1.743s] -- Up-to-date: /home/luka/ws_moveit/install/moveit_resources_pr2_description/share/moveit_resources_pr2_description/urdf/meshes/sensors/kinect_prosilica_v0/115x100_swept_back--coarse.STL
[1.744s] -- Up-to-date: /home/luka/ws_moveit/install/moveit_resources_pr2_description/share/moveit_resources_pr2_description/urdf/meshes/sensors/kinect_prosilica_v0/68-04546_Kinect_Sensor--coarse.STL
[1.744s] -- Up-to-date: /home/luka/ws_moveit/install/moveit_resources_pr2_description/share/moveit_resources_pr2_description/urdf/meshes/sensors/kinect_prosilica_v0/115x100_swept_fwd_no_sensors--coarse.STL
[1.744s] -- Up-to-date: /home/luka/ws_moveit/install/moveit_resources_pr2_description/share/moveit_resources_pr2_description/urdf/meshes/sensors/kinect_prosilica_v0/115x100_swept_fwd--coarse.STL
[1.744s] -- Up-to-date: /home/luka/ws_moveit/install/moveit_resources_pr2_description/share/moveit_resources_pr2_description/urdf/meshes/sensors/kinect_prosilica_v0/Prosilica_w_Lens--coarse.STL
[1.745s] -- Up-to-date: /home/luka/ws_moveit/install/moveit_resources_pr2_description/share/moveit_resources_pr2_description/urdf/meshes/sensors/kinect_prosilica_v0/115x100_swept_back_no_sensors--coarse.STL
[1.745s] -- Up-to-date: /home/luka/ws_moveit/install/moveit_resources_pr2_description/share/moveit_resources_pr2_description/urdf/meshes/sensors/kinect_v0
[1.745s] -- Up-to-date: /home/luka/ws_moveit/install/moveit_resources_pr2_description/share/moveit_resources_pr2_description/urdf/meshes/sensors/kinect_v0/kinect.tga
[1.746s] -- Up-to-date: /home/luka/ws_moveit/install/moveit_resources_pr2_description/share/moveit_resources_pr2_description/urdf/meshes/sensors/kinect_v0/kinect.dae
[1.746s] -- Up-to-date: /home/luka/ws_moveit/install/moveit_resources_pr2_description/share/moveit_resources_pr2_description/urdf/meshes/sensors/kinect_v0/kinect_mount.stl
[1.748s] -- Up-to-date: /home/luka/ws_moveit/install/moveit_resources_pr2_description/share/moveit_resources_pr2_description/urdf/meshes/sensors/kinect_v0/kinect_color.tga
[1.748s] -- Up-to-date: /home/luka/ws_moveit/install/moveit_resources_pr2_description/share/moveit_resources_pr2_description/urdf/meshes/gripper_v0
[1.749s] -- Up-to-date: /home/luka/ws_moveit/install/moveit_resources_pr2_description/share/moveit_resources_pr2_description/urdf/meshes/gripper_v0/convex
[1.750s] -- Up-to-date: /home/luka/ws_moveit/install/moveit_resources_pr2_description/share/moveit_resources_pr2_description/urdf/meshes/gripper_v0/convex/l_finger.xml
[1.751s] -- Up-to-date: /home/luka/ws_moveit/install/moveit_resources_pr2_description/share/moveit_resources_pr2_description/urdf/meshes/gripper_v0/convex/upper_finger_r.xml
[1.752s] -- Up-to-date: /home/luka/ws_moveit/install/moveit_resources_pr2_description/share/moveit_resources_pr2_description/urdf/meshes/gripper_v0/convex/l_finger_tip.xml
[1.752s] -- Up-to-date: /home/luka/ws_moveit/install/moveit_resources_pr2_description/share/moveit_resources_pr2_description/urdf/meshes/gripper_v0/convex/l_finger.dae
[1.752s] -- Up-to-date: /home/luka/ws_moveit/install/moveit_resources_pr2_description/share/moveit_resources_pr2_description/urdf/meshes/gripper_v0/convex/finger_tip_pad2_r_convex.stlb
[1.753s] -- Up-to-date: /home/luka/ws_moveit/install/moveit_resources_pr2_description/share/moveit_resources_pr2_description/urdf/meshes/gripper_v0/convex/l_floating_convex.stlb
[1.753s] -- Up-to-date: /home/luka/ws_moveit/install/moveit_resources_pr2_description/share/moveit_resources_pr2_description/urdf/meshes/gripper_v0/convex/finger_tip_r_convex.stlb
[1.753s] -- Up-to-date: /home/luka/ws_moveit/install/moveit_resources_pr2_description/share/moveit_resources_pr2_description/urdf/meshes/gripper_v0/convex/finger_tip_r_convex.stla
[1.753s] -- Up-to-date: /home/luka/ws_moveit/install/moveit_resources_pr2_description/share/moveit_resources_pr2_description/urdf/meshes/gripper_v0/convex/l_finger_tip.dae
[1.754s] -- Up-to-date: /home/luka/ws_moveit/install/moveit_resources_pr2_description/share/moveit_resources_pr2_description/urdf/meshes/gripper_v0/convex/upper_finger_r_convex.stlb
[1.754s] -- Up-to-date: /home/luka/ws_moveit/install/moveit_resources_pr2_description/share/moveit_resources_pr2_description/urdf/meshes/gripper_v0/convex/finger_tip_r.dae
[1.754s] -- Up-to-date: /home/luka/ws_moveit/install/moveit_resources_pr2_description/share/moveit_resources_pr2_description/urdf/meshes/gripper_v0/convex/upper_finger_r.dae
[1.755s] -- Up-to-date: /home/luka/ws_moveit/install/moveit_resources_pr2_description/share/moveit_resources_pr2_description/urdf/meshes/gripper_v0/convex/upper_finger_l.xml
[1.756s] -- Up-to-date: /home/luka/ws_moveit/install/moveit_resources_pr2_description/share/moveit_resources_pr2_description/urdf/meshes/gripper_v0/convex/upper_finger_l_convex.stla
[1.756s] -- Up-to-date: /home/luka/ws_moveit/install/moveit_resources_pr2_description/share/moveit_resources_pr2_description/urdf/meshes/gripper_v0/convex/upper_finger_l.dae
[1.757s] -- Up-to-date: /home/luka/ws_moveit/install/moveit_resources_pr2_description/share/moveit_resources_pr2_description/urdf/meshes/gripper_v0/convex/l_finger_tip_convex.stlb
[1.757s] -- Up-to-date: /home/luka/ws_moveit/install/moveit_resources_pr2_description/share/moveit_resources_pr2_description/urdf/meshes/gripper_v0/convex/finger_tip_pad2_l.xml
[1.758s] -- Up-to-date: /home/luka/ws_moveit/install/moveit_resources_pr2_description/share/moveit_resources_pr2_description/urdf/meshes/gripper_v0/convex/gripper_palm_convex.stlb
[1.761s] -- Up-to-date: /home/luka/ws_moveit/install/moveit_resources_pr2_description/share/moveit_resources_pr2_description/urdf/meshes/gripper_v0/convex/finger_tip_l.xml
[1.761s] -- Up-to-date: /home/luka/ws_moveit/install/moveit_resources_pr2_description/share/moveit_resources_pr2_description/urdf/meshes/gripper_v0/convex/finger_tip_pad2_l.dae
[1.761s] -- Up-to-date: /home/luka/ws_moveit/install/moveit_resources_pr2_description/share/moveit_resources_pr2_description/urdf/meshes/gripper_v0/convex/l_finger_convex.stlb
[1.762s] -- Up-to-date: /home/luka/ws_moveit/install/moveit_resources_pr2_description/share/moveit_resources_pr2_description/urdf/meshes/gripper_v0/convex/l_finger_tip_convex.stla
[1.762s] -- Up-to-date: /home/luka/ws_moveit/install/moveit_resources_pr2_description/share/moveit_resources_pr2_description/urdf/meshes/gripper_v0/convex/finger_tip_pad2_r.dae
[1.763s] -- Up-to-date: /home/luka/ws_moveit/install/moveit_resources_pr2_description/share/moveit_resources_pr2_description/urdf/meshes/gripper_v0/convex/l_floating_convex.stla
[1.763s] -- Up-to-date: /home/luka/ws_moveit/install/moveit_resources_pr2_description/share/moveit_resources_pr2_description/urdf/meshes/gripper_v0/convex/finger_tip_l.dae
[1.763s] -- Up-to-date: /home/luka/ws_moveit/install/moveit_resources_pr2_description/share/moveit_resources_pr2_description/urdf/meshes/gripper_v0/convex/upper_finger_l_convex.stlb
[1.763s] -- Up-to-date: /home/luka/ws_moveit/install/moveit_resources_pr2_description/share/moveit_resources_pr2_description/urdf/meshes/gripper_v0/convex/gripper_palm_convex.stla
[1.764s] -- Up-to-date: /home/luka/ws_moveit/install/moveit_resources_pr2_description/share/moveit_resources_pr2_description/urdf/meshes/gripper_v0/convex/finger_tip_pad2_l_convex.stla
[1.764s] -- Up-to-date: /home/luka/ws_moveit/install/moveit_resources_pr2_description/share/moveit_resources_pr2_description/urdf/meshes/gripper_v0/convex/finger_tip_pad2_r.xml
[1.765s] -- Up-to-date: /home/luka/ws_moveit/install/moveit_resources_pr2_description/share/moveit_resources_pr2_description/urdf/meshes/gripper_v0/convex/l_floating.dae
[1.765s] -- Up-to-date: /home/luka/ws_moveit/install/moveit_resources_pr2_description/share/moveit_resources_pr2_description/urdf/meshes/gripper_v0/convex/gripper_palm.xml
[1.765s] -- Up-to-date: /home/luka/ws_moveit/install/moveit_resources_pr2_description/share/moveit_resources_pr2_description/urdf/meshes/gripper_v0/convex/finger_tip_l_convex.stla
[1.765s] -- Up-to-date: /home/luka/ws_moveit/install/moveit_resources_pr2_description/share/moveit_resources_pr2_description/urdf/meshes/gripper_v0/convex/gripper_palm.dae
[1.767s] -- Up-to-date: /home/luka/ws_moveit/install/moveit_resources_pr2_description/share/moveit_resources_pr2_description/urdf/meshes/gripper_v0/convex/finger_tip_pad2_l_convex.stlb
[1.767s] -- Up-to-date: /home/luka/ws_moveit/install/moveit_resources_pr2_description/share/moveit_resources_pr2_description/urdf/meshes/gripper_v0/convex/l_floating.xml
[1.768s] -- Up-to-date: /home/luka/ws_moveit/install/moveit_resources_pr2_description/share/moveit_resources_pr2_description/urdf/meshes/gripper_v0/convex/finger_tip_pad2_r_convex.stla
[1.768s] -- Up-to-date: /home/luka/ws_moveit/install/moveit_resources_pr2_description/share/moveit_resources_pr2_description/urdf/meshes/gripper_v0/convex/upper_finger_r_convex.stla
[1.769s] -- Up-to-date: /home/luka/ws_moveit/install/moveit_resources_pr2_description/share/moveit_resources_pr2_description/urdf/meshes/gripper_v0/convex/finger_tip_r.xml
[1.769s] -- Up-to-date: /home/luka/ws_moveit/install/moveit_resources_pr2_description/share/moveit_resources_pr2_description/urdf/meshes/gripper_v0/convex/l_finger_convex.stla
[1.769s] -- Up-to-date: /home/luka/ws_moveit/install/moveit_resources_pr2_description/share/moveit_resources_pr2_description/urdf/meshes/gripper_v0/convex/finger_tip_l_convex.stlb
[1.769s] -- Up-to-date: /home/luka/ws_moveit/install/moveit_resources_pr2_description/share/moveit_resources_pr2_description/urdf/meshes/gripper_v0/l_finger_color.tif
[1.770s] -- Up-to-date: /home/luka/ws_moveit/install/moveit_resources_pr2_description/share/moveit_resources_pr2_description/urdf/meshes/gripper_v0/l_finger.dae
[1.770s] -- Up-to-date: /home/luka/ws_moveit/install/moveit_resources_pr2_description/share/moveit_resources_pr2_description/urdf/meshes/gripper_v0/gripper_palm_color.tif
[1.770s] -- Up-to-date: /home/luka/ws_moveit/install/moveit_resources_pr2_description/share/moveit_resources_pr2_description/urdf/meshes/gripper_v0/l_finger_tip.dae
[1.770s] -- Up-to-date: /home/luka/ws_moveit/install/moveit_resources_pr2_description/share/moveit_resources_pr2_description/urdf/meshes/gripper_v0/float_H_Color_100430.tif
[1.771s] -- Up-to-date: /home/luka/ws_moveit/install/moveit_resources_pr2_description/share/moveit_resources_pr2_description/urdf/meshes/gripper_v0/gripper_palm.stl
[1.773s] -- Up-to-date: /home/luka/ws_moveit/install/moveit_resources_pr2_description/share/moveit_resources_pr2_description/urdf/meshes/gripper_v0/fingertip_H_Color_100430.tif
[1.774s] -- Up-to-date: /home/luka/ws_moveit/install/moveit_resources_pr2_description/share/moveit_resources_pr2_description/urdf/meshes/gripper_v0/finger_tip_l.stl
[1.775s] -- Up-to-date: /home/luka/ws_moveit/install/moveit_resources_pr2_description/share/moveit_resources_pr2_description/urdf/meshes/gripper_v0/finger_tip_H_UV_100430.dae
[1.775s] -- Up-to-date: /home/luka/ws_moveit/install/moveit_resources_pr2_description/share/moveit_resources_pr2_description/urdf/meshes/gripper_v0/l_finger_tip_normals.tif
[1.776s] -- Up-to-date: /home/luka/ws_moveit/install/moveit_resources_pr2_description/share/moveit_resources_pr2_description/urdf/meshes/gripper_v0/l_finger_normals.tif
[1.776s] -- Up-to-date: /home/luka/ws_moveit/install/moveit_resources_pr2_description/share/moveit_resources_pr2_description/urdf/meshes/gripper_v0/float_H_UV_100430.dae
[1.777s] -- Up-to-date: /home/luka/ws_moveit/install/moveit_resources_pr2_description/share/moveit_resources_pr2_description/urdf/meshes/gripper_v0/finger_tip_r.stl
[1.778s] -- Up-to-date: /home/luka/ws_moveit/install/moveit_resources_pr2_description/share/moveit_resources_pr2_description/urdf/meshes/gripper_v0/finger_H_Color_100430.tif
[1.779s] -- Up-to-date: /home/luka/ws_moveit/install/moveit_resources_pr2_description/share/moveit_resources_pr2_description/urdf/meshes/gripper_v0/l_float.dae
[1.779s] -- Up-to-date: /home/luka/ws_moveit/install/moveit_resources_pr2_description/share/moveit_resources_pr2_description/urdf/meshes/gripper_v0/finger_H_UV_100430.dae
[1.779s] -- Up-to-date: /home/luka/ws_moveit/install/moveit_resources_pr2_description/share/moveit_resources_pr2_description/urdf/meshes/gripper_v0/palm_H_UV_100430.dae
[1.779s] -- Up-to-date: /home/luka/ws_moveit/install/moveit_resources_pr2_description/share/moveit_resources_pr2_description/urdf/meshes/gripper_v0/upper_finger_r.stl
[1.780s] -- Up-to-date: /home/luka/ws_moveit/install/moveit_resources_pr2_description/share/moveit_resources_pr2_description/urdf/meshes/gripper_v0/gripper_palm_normals.tif
[1.781s] -- Up-to-date: /home/luka/ws_moveit/install/moveit_resources_pr2_description/share/moveit_resources_pr2_description/urdf/meshes/gripper_v0/l_finger.stl
[1.781s] -- Up-to-date: /home/luka/ws_moveit/install/moveit_resources_pr2_description/share/moveit_resources_pr2_description/urdf/meshes/gripper_v0/l_floating.stl
[1.781s] -- Up-to-date: /home/luka/ws_moveit/install/moveit_resources_pr2_description/share/moveit_resources_pr2_description/urdf/meshes/gripper_v0/l_finger_tip.stl
[1.785s] -- Up-to-date: /home/luka/ws_moveit/install/moveit_resources_pr2_description/share/moveit_resources_pr2_description/urdf/meshes/gripper_v0/finger_tip_pad2_l.stl
[1.786s] -- Up-to-date: /home/luka/ws_moveit/install/moveit_resources_pr2_description/share/moveit_resources_pr2_description/urdf/meshes/gripper_v0/l_float_color.tif
[1.786s] -- Up-to-date: /home/luka/ws_moveit/install/moveit_resources_pr2_description/share/moveit_resources_pr2_description/urdf/meshes/gripper_v0/palm_H_Color_100430.tif
[1.786s] -- Up-to-date: /home/luka/ws_moveit/install/moveit_resources_pr2_description/share/moveit_resources_pr2_description/urdf/meshes/gripper_v0/gripper_palm.dae
[1.786s] -- Up-to-date: /home/luka/ws_moveit/install/moveit_resources_pr2_description/share/moveit_resources_pr2_description/urdf/meshes/gripper_v0/finger_tip_pad2_r.stl
[1.786s] -- Up-to-date: /home/luka/ws_moveit/install/moveit_resources_pr2_description/share/moveit_resources_pr2_description/urdf/meshes/gripper_v0/upper_finger_l.stl
[1.787s] -- Up-to-date: /home/luka/ws_moveit/install/moveit_resources_pr2_description/share/moveit_resources_pr2_description/urdf/meshes/gripper_v0/l_finger_tip_color.tif
[1.788s] -- Up-to-date: /home/luka/ws_moveit/install/moveit_resources_pr2_description/share/moveit_resources_pr2_description/urdf/meshes/gripper_v0/l_float_normals.tif
[1.788s] -- Up-to-date: /home/luka/ws_moveit/install/moveit_resources_pr2_description/share/moveit_resources_pr2_description/urdf/meshes/upper_arm_v0
[1.789s] -- Up-to-date: /home/luka/ws_moveit/install/moveit_resources_pr2_description/share/moveit_resources_pr2_description/urdf/meshes/upper_arm_v0/upper_arm.jpg
[1.789s] -- Up-to-date: /home/luka/ws_moveit/install/moveit_resources_pr2_description/share/moveit_resources_pr2_description/urdf/meshes/upper_arm_v0/convex
[1.791s] -- Up-to-date: /home/luka/ws_moveit/install/moveit_resources_pr2_description/share/moveit_resources_pr2_description/urdf/meshes/upper_arm_v0/convex/forearm_roll_convex.stlb
[1.791s] -- Up-to-date: /home/luka/ws_moveit/install/moveit_resources_pr2_description/share/moveit_resources_pr2_description/urdf/meshes/upper_arm_v0/convex/upper_arm_convex.stla
[1.792s] -- Up-to-date: /home/luka/ws_moveit/install/moveit_resources_pr2_description/share/moveit_resources_pr2_description/urdf/meshes/upper_arm_v0/convex/elbow_flex_convex.stla
[1.793s] -- Up-to-date: /home/luka/ws_moveit/install/moveit_resources_pr2_description/share/moveit_resources_pr2_description/urdf/meshes/upper_arm_v0/convex/elbow_flex.dae
[1.794s] -- Up-to-date: /home/luka/ws_moveit/install/moveit_resources_pr2_description/share/moveit_resources_pr2_description/urdf/meshes/upper_arm_v0/convex/forearm_roll_L_convex.stla
[1.794s] -- Up-to-date: /home/luka/ws_moveit/install/moveit_resources_pr2_description/share/moveit_resources_pr2_description/urdf/meshes/upper_arm_v0/convex/elbow_flex.xml
[1.794s] -- Up-to-date: /home/luka/ws_moveit/install/moveit_resources_pr2_description/share/moveit_resources_pr2_description/urdf/meshes/upper_arm_v0/convex/elbow_flex_convex.stlb
[1.795s] -- Up-to-date: /home/luka/ws_moveit/install/moveit_resources_pr2_description/share/moveit_resources_pr2_description/urdf/meshes/upper_arm_v0/convex/forearm_roll.dae
[1.795s] -- Up-to-date: /home/luka/ws_moveit/install/moveit_resources_pr2_description/share/moveit_resources_pr2_description/urdf/meshes/upper_arm_v0/convex/forearm_roll_L_convex.stlb
[1.795s] -- Up-to-date: /home/luka/ws_moveit/install/moveit_resources_pr2_description/share/moveit_resources_pr2_description/urdf/meshes/upper_arm_v0/convex/forearm_roll_L.xml
[1.796s] -- Up-to-date: /home/luka/ws_moveit/install/moveit_resources_pr2_description/share/moveit_resources_pr2_description/urdf/meshes/upper_arm_v0/convex/upper_arm_convex.stlb
[1.797s] -- Up-to-date: /home/luka/ws_moveit/install/moveit_resources_pr2_description/share/moveit_resources_pr2_description/urdf/meshes/upper_arm_v0/convex/forearm_roll_convex.stla
[1.799s] -- Up-to-date: /home/luka/ws_moveit/install/moveit_resources_pr2_description/share/moveit_resources_pr2_description/urdf/meshes/upper_arm_v0/convex/forearm_roll_L.dae
[1.799s] -- Up-to-date: /home/luka/ws_moveit/install/moveit_resources_pr2_description/share/moveit_resources_pr2_description/urdf/meshes/upper_arm_v0/convex/forearm_roll.xml
[1.799s] -- Up-to-date: /home/luka/ws_moveit/install/moveit_resources_pr2_description/share/moveit_resources_pr2_description/urdf/meshes/upper_arm_v0/convex/upper_arm.xml
[1.800s] -- Up-to-date: /home/luka/ws_moveit/install/moveit_resources_pr2_description/share/moveit_resources_pr2_description/urdf/meshes/upper_arm_v0/convex/upper_arm.dae
[1.800s] -- Up-to-date: /home/luka/ws_moveit/install/moveit_resources_pr2_description/share/moveit_resources_pr2_description/urdf/meshes/upper_arm_v0/elbow_flex.dae
[1.801s] -- Up-to-date: /home/luka/ws_moveit/install/moveit_resources_pr2_description/share/moveit_resources_pr2_description/urdf/meshes/upper_arm_v0/elbow_flex_color.tif
[1.802s] -- Up-to-date: /home/luka/ws_moveit/install/moveit_resources_pr2_description/share/moveit_resources_pr2_description/urdf/meshes/upper_arm_v0/forearm_roll.stl
[1.803s] -- Up-to-date: /home/luka/ws_moveit/install/moveit_resources_pr2_description/share/moveit_resources_pr2_description/urdf/meshes/upper_arm_v0/upper_arm_normals.tif
[1.804s] -- Up-to-date: /home/luka/ws_moveit/install/moveit_resources_pr2_description/share/moveit_resources_pr2_description/urdf/meshes/upper_arm_v0/elbow_flex.stl
[1.804s] -- Up-to-date: /home/luka/ws_moveit/install/moveit_resources_pr2_description/share/moveit_resources_pr2_description/urdf/meshes/upper_arm_v0/elbow_flex_normals.tif
[1.804s] -- Up-to-date: /home/luka/ws_moveit/install/moveit_resources_pr2_description/share/moveit_resources_pr2_description/urdf/meshes/upper_arm_v0/forearm_roll_L.stl
[1.805s] -- Up-to-date: /home/luka/ws_moveit/install/moveit_resources_pr2_description/share/moveit_resources_pr2_description/urdf/meshes/upper_arm_v0/upper_arm_color.tif
[1.805s] -- Up-to-date: /home/luka/ws_moveit/install/moveit_resources_pr2_description/share/moveit_resources_pr2_description/urdf/meshes/upper_arm_v0/upper_arm.dae
[1.806s] -- Up-to-date: /home/luka/ws_moveit/install/moveit_resources_pr2_description/share/moveit_resources_pr2_description/urdf/meshes/upper_arm_v0/upper_arm.stl
[1.808s] -- Up-to-date: /home/luka/ws_moveit/install/moveit_resources_pr2_description/share/moveit_resources_pr2_description/urdf/meshes/tilting_laser_v0
[1.808s] -- Up-to-date: /home/luka/ws_moveit/install/moveit_resources_pr2_description/share/moveit_resources_pr2_description/urdf/meshes/tilting_laser_v0/tilting_hokuyo.dae
[1.808s] -- Up-to-date: /home/luka/ws_moveit/install/moveit_resources_pr2_description/share/moveit_resources_pr2_description/urdf/meshes/tilting_laser_v0/convex
[1.809s] -- Up-to-date: /home/luka/ws_moveit/install/moveit_resources_pr2_description/share/moveit_resources_pr2_description/urdf/meshes/tilting_laser_v0/convex/tilting_hokuyo_convex.stla
[1.810s] -- Up-to-date: /home/luka/ws_moveit/install/moveit_resources_pr2_description/share/moveit_resources_pr2_description/urdf/meshes/tilting_laser_v0/convex/tilting_hokuyo.dae
[1.810s] -- Up-to-date: /home/luka/ws_moveit/install/moveit_resources_pr2_description/share/moveit_resources_pr2_description/urdf/meshes/tilting_laser_v0/convex/tilting_hokuyo_L_convex.stlb
[1.810s] -- Up-to-date: /home/luka/ws_moveit/install/moveit_resources_pr2_description/share/moveit_resources_pr2_description/urdf/meshes/tilting_laser_v0/convex/hok_tilt_convex.stlb
[1.811s] -- Up-to-date: /home/luka/ws_moveit/install/moveit_resources_pr2_description/share/moveit_resources_pr2_description/urdf/meshes/tilting_laser_v0/convex/hok_tilt_convex.stla
[1.811s] -- Up-to-date: /home/luka/ws_moveit/install/moveit_resources_pr2_description/share/moveit_resources_pr2_description/urdf/meshes/tilting_laser_v0/convex/tilting_hokuyo.xml
[1.811s] -- Up-to-date: /home/luka/ws_moveit/install/moveit_resources_pr2_description/share/moveit_resources_pr2_description/urdf/meshes/tilting_laser_v0/convex/tilting_hokuyo_L.xml
[1.814s] -- Up-to-date: /home/luka/ws_moveit/install/moveit_resources_pr2_description/share/moveit_resources_pr2_description/urdf/meshes/tilting_laser_v0/convex/hok_tilt.xml
[1.815s] -- Up-to-date: /home/luka/ws_moveit/install/moveit_resources_pr2_description/share/moveit_resources_pr2_description/urdf/meshes/tilting_laser_v0/convex/tilting_hokuyo_L_convex.stla
[1.815s] -- Up-to-date: /home/luka/ws_moveit/install/moveit_resources_pr2_description/share/moveit_resources_pr2_description/urdf/meshes/tilting_laser_v0/convex/tilting_hokuyo_L.dae
[1.815s] -- Up-to-date: /home/luka/ws_moveit/install/moveit_resources_pr2_description/share/moveit_resources_pr2_description/urdf/meshes/tilting_laser_v0/convex/tilting_hokuyo_convex.stlb
[1.815s] -- Up-to-date: /home/luka/ws_moveit/install/moveit_resources_pr2_description/share/moveit_resources_pr2_description/urdf/meshes/tilting_laser_v0/convex/hok_tilt.dae
[1.815s] -- Up-to-date: /home/luka/ws_moveit/install/moveit_resources_pr2_description/share/moveit_resources_pr2_description/urdf/meshes/tilting_laser_v0/tilting_hokuyo_color.tif
[1.815s] -- Up-to-date: /home/luka/ws_moveit/install/moveit_resources_pr2_description/share/moveit_resources_pr2_description/urdf/meshes/tilting_laser_v0/tilting_hokuyo_L.stl
[1.815s] -- Up-to-date: /home/luka/ws_moveit/install/moveit_resources_pr2_description/share/moveit_resources_pr2_description/urdf/meshes/tilting_laser_v0/tilting_hokuyo.stl
[1.816s] -- Up-to-date: /home/luka/ws_moveit/install/moveit_resources_pr2_description/share/moveit_resources_pr2_description/urdf/meshes/tilting_laser_v0/hok_tilt.stl
[1.817s] -- Up-to-date: /home/luka/ws_moveit/install/moveit_resources_pr2_description/share/moveit_resources_pr2_description/urdf/meshes/tilting_laser_v0/tilting_hokuyo_normals.tif
[1.818s] -- Up-to-date: /home/luka/ws_moveit/install/moveit_resources_pr2_description/share/moveit_resources_pr2_description/urdf/meshes/head_v0
[1.818s] -- Up-to-date: /home/luka/ws_moveit/install/moveit_resources_pr2_description/share/moveit_resources_pr2_description/urdf/meshes/head_v0/convex
[1.818s] -- Up-to-date: /home/luka/ws_moveit/install/moveit_resources_pr2_description/share/moveit_resources_pr2_description/urdf/meshes/head_v0/convex/head_pan_convex.stla
[1.819s] -- Up-to-date: /home/luka/ws_moveit/install/moveit_resources_pr2_description/share/moveit_resources_pr2_description/urdf/meshes/head_v0/convex/head_tilt.dae
[1.820s] -- Up-to-date: /home/luka/ws_moveit/install/moveit_resources_pr2_description/share/moveit_resources_pr2_description/urdf/meshes/head_v0/convex/head_tilt_L_convex.stlb
[1.820s] -- Up-to-date: /home/luka/ws_moveit/install/moveit_resources_pr2_description/share/moveit_resources_pr2_description/urdf/meshes/head_v0/convex/head_pan_L.dae
[1.820s] -- Up-to-date: /home/luka/ws_moveit/install/moveit_resources_pr2_description/share/moveit_resources_pr2_description/urdf/meshes/head_v0/convex/head_tilt_L_convex.stla
[1.820s] -- Up-to-date: /home/luka/ws_moveit/install/moveit_resources_pr2_description/share/moveit_resources_pr2_description/urdf/meshes/head_v0/convex/head_tilt_convex.stla
[1.821s] -- Up-to-date: /home/luka/ws_moveit/install/moveit_resources_pr2_description/share/moveit_resources_pr2_description/urdf/meshes/head_v0/convex/head_tilt.xml
[1.822s] -- Up-to-date: /home/luka/ws_moveit/install/moveit_resources_pr2_description/share/moveit_resources_pr2_description/urdf/meshes/head_v0/convex/head_pan_L.xml
[1.822s] -- Up-to-date: /home/luka/ws_moveit/install/moveit_resources_pr2_description/share/moveit_resources_pr2_description/urdf/meshes/head_v0/convex/head_tilt_L.xml
[1.822s] -- Up-to-date: /home/luka/ws_moveit/install/moveit_resources_pr2_description/share/moveit_resources_pr2_description/urdf/meshes/head_v0/convex/head_pan_L_convex.stla
[1.823s] -- Up-to-date: /home/luka/ws_moveit/install/moveit_resources_pr2_description/share/moveit_resources_pr2_description/urdf/meshes/head_v0/convex/head_tilt_L.dae
[1.823s] -- Up-to-date: /home/luka/ws_moveit/install/moveit_resources_pr2_description/share/moveit_resources_pr2_description/urdf/meshes/head_v0/convex/head_pan_L_convex.stlb
[1.823s] -- Up-to-date: /home/luka/ws_moveit/install/moveit_resources_pr2_description/share/moveit_resources_pr2_description/urdf/meshes/head_v0/convex/head_pan_convex.stlb
[1.824s] -- Up-to-date: /home/luka/ws_moveit/install/moveit_resources_pr2_description/share/moveit_resources_pr2_description/urdf/meshes/head_v0/convex/head_pan.xml
[1.824s] -- Up-to-date: /home/luka/ws_moveit/install/moveit_resources_pr2_description/share/moveit_resources_pr2_description/urdf/meshes/head_v0/convex/head_pan.dae
[1.825s] -- Up-to-date: /home/luka/ws_moveit/install/moveit_resources_pr2_description/share/moveit_resources_pr2_description/urdf/meshes/head_v0/convex/head_tilt_convex.stlb
[1.825s] -- Up-to-date: /home/luka/ws_moveit/install/moveit_resources_pr2_description/share/moveit_resources_pr2_description/urdf/meshes/head_v0/head_tilt_color_red.tif
[1.825s] -- Up-to-date: /home/luka/ws_moveit/install/moveit_resources_pr2_description/share/moveit_resources_pr2_description/urdf/meshes/head_v0/head_tilt.dae
[1.825s] -- Up-to-date: /home/luka/ws_moveit/install/moveit_resources_pr2_description/share/moveit_resources_pr2_description/urdf/meshes/head_v0/head_pan.stl
[1.825s] -- Up-to-date: /home/luka/ws_moveit/install/moveit_resources_pr2_description/share/moveit_resources_pr2_description/urdf/meshes/head_v0/head_tilt_color_yellow.tif
[1.825s] -- Up-to-date: /home/luka/ws_moveit/install/moveit_resources_pr2_description/share/moveit_resources_pr2_description/urdf/meshes/head_v0/head_pan_color.tif
[1.828s] -- Up-to-date: /home/luka/ws_moveit/install/moveit_resources_pr2_description/share/moveit_resources_pr2_description/urdf/meshes/head_v0/head_tilt_normals.tif
[1.828s] -- Up-to-date: /home/luka/ws_moveit/install/moveit_resources_pr2_description/share/moveit_resources_pr2_description/urdf/meshes/head_v0/head_pan_normals.tif
[1.830s] -- Up-to-date: /home/luka/ws_moveit/install/moveit_resources_pr2_description/share/moveit_resources_pr2_description/urdf/meshes/head_v0/head_tilt_L.stl
[1.830s] -- Up-to-date: /home/luka/ws_moveit/install/moveit_resources_pr2_description/share/moveit_resources_pr2_description/urdf/meshes/head_v0/head_tilt_color.tif
[1.830s] -- Up-to-date: /home/luka/ws_moveit/install/moveit_resources_pr2_description/share/moveit_resources_pr2_description/urdf/meshes/head_v0/head_tilt.stl
[1.831s] -- Up-to-date: /home/luka/ws_moveit/install/moveit_resources_pr2_description/share/moveit_resources_pr2_description/urdf/meshes/head_v0/head_tilt_green.tif
[1.831s] -- Up-to-date: /home/luka/ws_moveit/install/moveit_resources_pr2_description/share/moveit_resources_pr2_description/urdf/meshes/head_v0/head_pan.dae
[1.831s] -- Up-to-date: /home/luka/ws_moveit/install/moveit_resources_pr2_description/share/moveit_resources_pr2_description/urdf/meshes/head_v0/head_pan_L.stl
[1.832s] -- Up-to-date: /home/luka/ws_moveit/install/moveit_resources_pr2_description/share/moveit_resources_pr2_description/urdf/meshes/torso_v0
[1.832s] -- Up-to-date: /home/luka/ws_moveit/install/moveit_resources_pr2_description/share/moveit_resources_pr2_description/urdf/meshes/torso_v0/torso_lift_color.tif
[1.832s] -- Up-to-date: /home/luka/ws_moveit/install/moveit_resources_pr2_description/share/moveit_resources_pr2_description/urdf/meshes/torso_v0/torso_lift_L.stl
[1.833s] -- Up-to-date: /home/luka/ws_moveit/install/moveit_resources_pr2_description/share/moveit_resources_pr2_description/urdf/meshes/torso_v0/convex
[1.833s] -- Up-to-date: /home/luka/ws_moveit/install/moveit_resources_pr2_description/share/moveit_resources_pr2_description/urdf/meshes/torso_v0/convex/torso_lift.xml
[1.833s] -- Up-to-date: /home/luka/ws_moveit/install/moveit_resources_pr2_description/share/moveit_resources_pr2_description/urdf/meshes/torso_v0/convex/torso_lift_L_convex.stla
[1.834s] -- Up-to-date: /home/luka/ws_moveit/install/moveit_resources_pr2_description/share/moveit_resources_pr2_description/urdf/meshes/torso_v0/convex/torso.xml
[1.835s] -- Up-to-date: /home/luka/ws_moveit/install/moveit_resources_pr2_description/share/moveit_resources_pr2_description/urdf/meshes/torso_v0/convex/torso_convex.stlb
[1.835s] -- Up-to-date: /home/luka/ws_moveit/install/moveit_resources_pr2_description/share/moveit_resources_pr2_description/urdf/meshes/torso_v0/convex/torso_lift_convex.stlb
[1.835s] -- Up-to-date: /home/luka/ws_moveit/install/moveit_resources_pr2_description/share/moveit_resources_pr2_description/urdf/meshes/torso_v0/convex/torso.dae
[1.836s] -- Up-to-date: /home/luka/ws_moveit/install/moveit_resources_pr2_description/share/moveit_resources_pr2_description/urdf/meshes/torso_v0/convex/torso_lift_L.xml
[1.836s] -- Up-to-date: /home/luka/ws_moveit/install/moveit_resources_pr2_description/share/moveit_resources_pr2_description/urdf/meshes/torso_v0/convex/torso_convex.stla
[1.837s] -- Up-to-date: /home/luka/ws_moveit/install/moveit_resources_pr2_description/share/moveit_resources_pr2_description/urdf/meshes/torso_v0/convex/torso_lift.dae
[1.837s] -- Up-to-date: /home/luka/ws_moveit/install/moveit_resources_pr2_description/share/moveit_resources_pr2_description/urdf/meshes/torso_v0/convex/torso_lift_convex.stla
[1.837s] -- Up-to-date: /home/luka/ws_moveit/install/moveit_resources_pr2_description/share/moveit_resources_pr2_description/urdf/meshes/torso_v0/convex/torso_lift_L.dae
[1.838s] -- Up-to-date: /home/luka/ws_moveit/install/moveit_resources_pr2_description/share/moveit_resources_pr2_description/urdf/meshes/torso_v0/convex/torso_lift_L_convex.stlb
[1.838s] -- Up-to-date: /home/luka/ws_moveit/install/moveit_resources_pr2_description/share/moveit_resources_pr2_description/urdf/meshes/torso_v0/torso_lift.stl
[1.838s] -- Up-to-date: /home/luka/ws_moveit/install/moveit_resources_pr2_description/share/moveit_resources_pr2_description/urdf/meshes/torso_v0/torso_lift_normals.tif
[1.839s] -- Up-to-date: /home/luka/ws_moveit/install/moveit_resources_pr2_description/share/moveit_resources_pr2_description/urdf/meshes/torso_v0/torso_lift.dae
[1.839s] -- Up-to-date: /home/luka/ws_moveit/install/moveit_resources_pr2_description/share/moveit_resources_pr2_description/urdf/meshes/torso_v0/torso.stl
[1.840s] -- Up-to-date: /home/luka/ws_moveit/install/moveit_resources_pr2_description/share/moveit_resources_pr2_description/kinect.dae
[1.843s] Invoked command in '/home/luka/ws_moveit/build/moveit_resources_pr2_description' returned '0': CMAKE_PREFIX_PATH=${CMAKE_PREFIX_PATH}:/home/luka/ws_moveit/install/hello_moveit_py:/home/luka/ws_moveit/install/moveit_configs_utils:/opt/ros/jazzy DEBUGINFOD_URLS=https://debuginfod.ubuntu.com /usr/bin/cmake --install /home/luka/ws_moveit/build/moveit_resources_pr2_description
