[0.050s] Invoking command in '/home/luka/ws_moveit/build/kortex_api': CMAKE_PREFIX_PATH=${CMAKE_PREFIX_PATH}:/opt/ros/jazzy DEBUGINFOD_URLS=https://debuginfod.ubuntu.com /usr/bin/cmake /home/luka/ws_moveit/src/ros2_kortex/kortex_api -DCMAKE_BUILD_TYPE=Release -DCMAKE_INSTALL_PREFIX=/home/luka/ws_moveit/install/kortex_api
[0.163s] [33mCMake Warning (dev) at /usr/share/cmake-3.28/Modules/FetchContent.cmake:1331 (message):
[0.163s]   The DOWNLOAD_EXTRACT_TIMESTAMP option was not given and policy CMP0135 is
[0.164s]   not set.  The policy's OLD behavior will be used.  When using a URL
[0.165s]   download, the timestamps of extracted files should preferably be that of
[0.172s]   the time of extraction, otherwise code that depends on the extracted
[0.173s]   contents might not be rebuilt if the URL changes.  The OLD behavior
[0.174s]   preserves the timestamps from the archive instead, but this is usually not
[0.174s]   what you want.  Update your project to the NEW behavior or specify the
[0.180s]   DOWNLOAD_EXTRACT_TIMESTAMP option with a value of true to avoid this
[0.181s]   robustness issue.
[0.182s] Call Stack (most recent call first):
[0.182s]   CMakeLists.txt:4 (FetchContent_Declare)
[0.187s] This warning is for project developers.  Use -Wno-dev to suppress it.
[0.188s] [0m
[12.180s] -- The C compiler identification is GNU 13.3.0
[12.587s] -- The CXX compiler identification is GNU 13.3.0
[12.699s] -- Detecting C compiler ABI info
[13.359s] -- Detecting C compiler ABI info - done
[13.449s] -- Check for working C compiler: /usr/bin/cc - skipped
[13.449s] -- Detecting C compile features
[13.454s] -- Detecting C compile features - done
[13.514s] -- Detecting CXX compiler ABI info
[14.191s] -- Detecting CXX compiler ABI info - done
[14.314s] -- Check for working CXX compiler: /usr/bin/c++ - skipped
[14.318s] -- Detecting CXX compile features
[14.325s] -- Detecting CXX compile features - done
[14.353s] -- Found ament_cmake: 2.5.4 (/opt/ros/jazzy/share/ament_cmake/cmake)
[15.600s] -- Found Python3: /usr/bin/python3 (found version "3.12.3") found components: Interpreter 
[17.260s] -- Configuring done (17.1s)
[17.278s] -- Generating done (0.0s)
[17.292s] -- Build files have been written to: /home/luka/ws_moveit/build/kortex_api
[17.327s] Invoked command in '/home/luka/ws_moveit/build/kortex_api' returned '0': CMAKE_PREFIX_PATH=${CMAKE_PREFIX_PATH}:/opt/ros/jazzy DEBUGINFOD_URLS=https://debuginfod.ubuntu.com /usr/bin/cmake /home/luka/ws_moveit/src/ros2_kortex/kortex_api -DCMAKE_BUILD_TYPE=Release -DCMAKE_INSTALL_PREFIX=/home/luka/ws_moveit/install/kortex_api
[17.335s] Invoking command in '/home/luka/ws_moveit/build/kortex_api': CMAKE_PREFIX_PATH=${CMAKE_PREFIX_PATH}:/opt/ros/jazzy DEBUGINFOD_URLS=https://debuginfod.ubuntu.com /usr/bin/cmake --build /home/luka/ws_moveit/build/kortex_api -- -j4 -l4
[17.653s] Invoked command in '/home/luka/ws_moveit/build/kortex_api' returned '0': CMAKE_PREFIX_PATH=${CMAKE_PREFIX_PATH}:/opt/ros/jazzy DEBUGINFOD_URLS=https://debuginfod.ubuntu.com /usr/bin/cmake --build /home/luka/ws_moveit/build/kortex_api -- -j4 -l4
[17.658s] Invoking command in '/home/luka/ws_moveit/build/kortex_api': CMAKE_PREFIX_PATH=${CMAKE_PREFIX_PATH}:/opt/ros/jazzy DEBUGINFOD_URLS=https://debuginfod.ubuntu.com /usr/bin/cmake --install /home/luka/ws_moveit/build/kortex_api
[17.717s] -- Install configuration: "Release"
[17.719s] -- Installing: /home/luka/ws_moveit/install/kortex_api/include/kortex_api
[17.722s] -- Installing: /home/luka/ws_moveit/install/kortex_api/include/kortex_api/ITransportClient.h
[17.723s] -- Installing: /home/luka/ws_moveit/install/kortex_api/include/kortex_api/IRouterClient.h
[17.725s] -- Installing: /home/luka/ws_moveit/install/kortex_api/include/kortex_api/NotificationHandler.h
[17.732s] -- Installing: /home/luka/ws_moveit/install/kortex_api/include/kortex_api/FrameHandler.h
[17.733s] -- Installing: /home/luka/ws_moveit/install/kortex_api/include/kortex_api/SessionManager.h
[17.734s] -- Installing: /home/luka/ws_moveit/install/kortex_api/include/kortex_api/RouterClient.h
[17.742s] -- Installing: /home/luka/ws_moveit/install/kortex_api/include/kortex_api/TransportClientUdp.h
[17.743s] -- Installing: /home/luka/ws_moveit/install/kortex_api/include/kortex_api/TransportClientTcp.h
[17.748s] -- Installing: /home/luka/ws_moveit/install/kortex_api/include/kortex_api/version.h
[17.749s] -- Up-to-date: /home/luka/ws_moveit/install/kortex_api/include/kortex_api
[17.750s] -- Installing: /home/luka/ws_moveit/install/kortex_api/include/kortex_api/KinovaTcpUtilities.h
[17.751s] -- Installing: /home/luka/ws_moveit/install/kortex_api/include/kortex_api/KBasicException.h
[17.754s] -- Installing: /home/luka/ws_moveit/install/kortex_api/include/kortex_api/KDetailedException.h
[17.757s] -- Installing: /home/luka/ws_moveit/install/kortex_api/include/kortex_api/KError.h
[17.758s] -- Installing: /home/luka/ws_moveit/install/kortex_api/include/kortex_api/TransportBridgeDummy.h
[17.759s] -- Installing: /home/luka/ws_moveit/install/kortex_api/include/kortex_api/HeaderInfo.h
[17.766s] -- Up-to-date: /home/luka/ws_moveit/install/kortex_api/include/kortex_api/version.h
[17.767s] -- Installing: /home/luka/ws_moveit/install/kortex_api/include/kortex_api/Frame.h
[17.770s] -- Up-to-date: /home/luka/ws_moveit/install/kortex_api/include/kortex_api
[17.773s] -- Installing: /home/luka/ws_moveit/install/kortex_api/include/kortex_api/Errors.pb.h
[17.774s] -- Installing: /home/luka/ws_moveit/install/kortex_api/include/kortex_api/Test.pb.h
[17.774s] -- Installing: /home/luka/ws_moveit/install/kortex_api/include/kortex_api/Common.pb.h
[17.781s] -- Installing: /home/luka/ws_moveit/install/kortex_api/include/kortex_api/InterconnectCyclic.pb.h
[17.781s] -- Installing: /home/luka/ws_moveit/install/kortex_api/include/kortex_api/DeviceConfig.pb.h
[17.786s] -- Installing: /home/luka/ws_moveit/install/kortex_api/include/kortex_api/ActuatorConfig.pb.h
[17.787s] -- Installing: /home/luka/ws_moveit/install/kortex_api/include/kortex_api/InterconnectConfig.pb.h
[17.790s] -- Installing: /home/luka/ws_moveit/install/kortex_api/include/kortex_api/Session.pb.h
[17.791s] -- Installing: /home/luka/ws_moveit/install/kortex_api/include/kortex_api/DeviceManager.pb.h
[17.792s] -- Installing: /home/luka/ws_moveit/install/kortex_api/include/kortex_api/ControlConfig.pb.h
[17.800s] -- Installing: /home/luka/ws_moveit/install/kortex_api/include/kortex_api/Base.pb.h
[17.802s] -- Installing: /home/luka/ws_moveit/install/kortex_api/include/kortex_api/GripperCyclic.pb.h
[17.803s] -- Installing: /home/luka/ws_moveit/install/kortex_api/include/kortex_api/VisionConfig.pb.h
[17.805s] -- Installing: /home/luka/ws_moveit/install/kortex_api/include/kortex_api/GripperCyclicMessage.pb.h
[17.806s] -- Installing: /home/luka/ws_moveit/install/kortex_api/include/kortex_api/InterconnectCyclicMessage.pb.h
[17.810s] -- Installing: /home/luka/ws_moveit/install/kortex_api/include/kortex_api/BaseCyclic.pb.h
[17.813s] -- Installing: /home/luka/ws_moveit/install/kortex_api/include/kortex_api/GripperConfig.pb.h
[17.815s] -- Installing: /home/luka/ws_moveit/install/kortex_api/include/kortex_api/ActuatorCyclic.pb.h
[17.817s] -- Installing: /home/luka/ws_moveit/install/kortex_api/include/kortex_api/ProductConfiguration.pb.h
[17.820s] -- Installing: /home/luka/ws_moveit/install/kortex_api/include/kortex_api/Frame.pb.h
[17.821s] -- Up-to-date: /home/luka/ws_moveit/install/kortex_api/include/kortex_api
[17.821s] -- Installing: /home/luka/ws_moveit/install/kortex_api/include/kortex_api/ControlConfigClientRpc.h
[17.824s] -- Installing: /home/luka/ws_moveit/install/kortex_api/include/kortex_api/SessionClientRpc.h
[17.829s] -- Installing: /home/luka/ws_moveit/install/kortex_api/include/kortex_api/BaseClientRpc.h
[17.833s] -- Installing: /home/luka/ws_moveit/install/kortex_api/include/kortex_api/ActuatorCyclicClientRpc.h
[17.833s] -- Installing: /home/luka/ws_moveit/install/kortex_api/include/kortex_api/GripperCyclicClientRpc.h
[17.834s] -- Installing: /home/luka/ws_moveit/install/kortex_api/include/kortex_api/InterconnectConfigClientRpc.h
[17.837s] -- Installing: /home/luka/ws_moveit/install/kortex_api/include/kortex_api/InterconnectCyclicClientRpc.h
[17.839s] -- Installing: /home/luka/ws_moveit/install/kortex_api/include/kortex_api/TestClientRpc.h
[17.840s] -- Installing: /home/luka/ws_moveit/install/kortex_api/include/kortex_api/ActuatorConfigClientRpc.h
[17.845s] -- Installing: /home/luka/ws_moveit/install/kortex_api/include/kortex_api/DeviceManagerClientRpc.h
[17.852s] -- Installing: /home/luka/ws_moveit/install/kortex_api/include/kortex_api/DeviceConfigClientRpc.h
[17.854s] -- Installing: /home/luka/ws_moveit/install/kortex_api/include/kortex_api/VisionConfigClientRpc.h
[17.857s] -- Installing: /home/luka/ws_moveit/install/kortex_api/include/kortex_api/BaseCyclicClientRpc.h
[17.858s] -- Installing: /home/luka/ws_moveit/install/kortex_api/include/kortex_api/google/protobuf
[17.862s] -- Installing: /home/luka/ws_moveit/install/kortex_api/include/kortex_api/google/protobuf/repeated_field.h
[17.865s] -- Installing: /home/luka/ws_moveit/install/kortex_api/include/kortex_api/google/protobuf/duration.pb.h
[17.867s] -- Installing: /home/luka/ws_moveit/install/kortex_api/include/kortex_api/google/protobuf/reflection_ops.h
[17.869s] -- Installing: /home/luka/ws_moveit/install/kortex_api/include/kortex_api/google/protobuf/metadata_lite.h
[17.871s] -- Installing: /home/luka/ws_moveit/install/kortex_api/include/kortex_api/google/protobuf/map.h
[17.873s] -- Installing: /home/luka/ws_moveit/install/kortex_api/include/kortex_api/google/protobuf/descriptor.h
[17.875s] -- Installing: /home/luka/ws_moveit/install/kortex_api/include/kortex_api/google/protobuf/dynamic_message.h
[17.879s] -- Installing: /home/luka/ws_moveit/install/kortex_api/include/kortex_api/google/protobuf/io
[17.881s] -- Installing: /home/luka/ws_moveit/install/kortex_api/include/kortex_api/google/protobuf/io/strtod.h
[17.883s] -- Installing: /home/luka/ws_moveit/install/kortex_api/include/kortex_api/google/protobuf/io/zero_copy_stream_impl.h
[17.884s] -- Installing: /home/luka/ws_moveit/install/kortex_api/include/kortex_api/google/protobuf/io/coded_stream.h
[17.886s] -- Installing: /home/luka/ws_moveit/install/kortex_api/include/kortex_api/google/protobuf/io/gzip_stream.h
[17.889s] -- Installing: /home/luka/ws_moveit/install/kortex_api/include/kortex_api/google/protobuf/io/tokenizer.h
[17.891s] -- Installing: /home/luka/ws_moveit/install/kortex_api/include/kortex_api/google/protobuf/io/zero_copy_stream.h
[17.892s] -- Installing: /home/luka/ws_moveit/install/kortex_api/include/kortex_api/google/protobuf/io/zero_copy_stream_impl_lite.h
[17.896s] -- Installing: /home/luka/ws_moveit/install/kortex_api/include/kortex_api/google/protobuf/io/printer.h
[17.898s] -- Installing: /home/luka/ws_moveit/install/kortex_api/include/kortex_api/google/protobuf/struct.pb.h
[17.900s] -- Installing: /home/luka/ws_moveit/install/kortex_api/include/kortex_api/google/protobuf/any.pb.h
[17.901s] -- Installing: /home/luka/ws_moveit/install/kortex_api/include/kortex_api/google/protobuf/wire_format_lite.h
[17.902s] -- Installing: /home/luka/ws_moveit/install/kortex_api/include/kortex_api/google/protobuf/extension_set.h
[17.903s] -- Installing: /home/luka/ws_moveit/install/kortex_api/include/kortex_api/google/protobuf/wire_format_lite_inl.h
[17.904s] -- Installing: /home/luka/ws_moveit/install/kortex_api/include/kortex_api/google/protobuf/map_field_inl.h
[17.906s] -- Installing: /home/luka/ws_moveit/install/kortex_api/include/kortex_api/google/protobuf/reflection.h
[17.908s] -- Installing: /home/luka/ws_moveit/install/kortex_api/include/kortex_api/google/protobuf/generated_message_util.h
[17.912s] -- Installing: /home/luka/ws_moveit/install/kortex_api/include/kortex_api/google/protobuf/descriptor.pb.h
[17.913s] -- Installing: /home/luka/ws_moveit/install/kortex_api/include/kortex_api/google/protobuf/metadata.h
[17.914s] -- Installing: /home/luka/ws_moveit/install/kortex_api/include/kortex_api/google/protobuf/has_bits.h
[17.914s] -- Installing: /home/luka/ws_moveit/install/kortex_api/include/kortex_api/google/protobuf/wire_format.h
[17.918s] -- Installing: /home/luka/ws_moveit/install/kortex_api/include/kortex_api/google/protobuf/compiler
[17.919s] -- Installing: /home/luka/ws_moveit/install/kortex_api/include/kortex_api/google/protobuf/compiler/cpp
[17.920s] -- Installing: /home/luka/ws_moveit/install/kortex_api/include/kortex_api/google/protobuf/compiler/cpp/cpp_generator.h
[17.924s] -- Installing: /home/luka/ws_moveit/install/kortex_api/include/kortex_api/google/protobuf/compiler/ruby
[17.925s] -- Installing: /home/luka/ws_moveit/install/kortex_api/include/kortex_api/google/protobuf/compiler/ruby/ruby_generator.h
[17.925s] -- Installing: /home/luka/ws_moveit/install/kortex_api/include/kortex_api/google/protobuf/compiler/java
[17.926s] -- Installing: /home/luka/ws_moveit/install/kortex_api/include/kortex_api/google/protobuf/compiler/java/java_names.h
[17.926s] -- Installing: /home/luka/ws_moveit/install/kortex_api/include/kortex_api/google/protobuf/compiler/java/java_generator.h
[17.927s] -- Installing: /home/luka/ws_moveit/install/kortex_api/include/kortex_api/google/protobuf/compiler/parser.h
[17.929s] -- Installing: /home/luka/ws_moveit/install/kortex_api/include/kortex_api/google/protobuf/compiler/importer.h
[17.942s] -- Installing: /home/luka/ws_moveit/install/kortex_api/include/kortex_api/google/protobuf/compiler/plugin.pb.h
[17.943s] -- Installing: /home/luka/ws_moveit/install/kortex_api/include/kortex_api/google/protobuf/compiler/plugin.h
[17.944s] -- Installing: /home/luka/ws_moveit/install/kortex_api/include/kortex_api/google/protobuf/compiler/objectivec
[17.944s] -- Installing: /home/luka/ws_moveit/install/kortex_api/include/kortex_api/google/protobuf/compiler/objectivec/objectivec_helpers.h
[17.945s] -- Installing: /home/luka/ws_moveit/install/kortex_api/include/kortex_api/google/protobuf/compiler/objectivec/objectivec_generator.h
[17.948s] -- Installing: /home/luka/ws_moveit/install/kortex_api/include/kortex_api/google/protobuf/compiler/code_generator.h
[17.949s] -- Installing: /home/luka/ws_moveit/install/kortex_api/include/kortex_api/google/protobuf/compiler/python
[17.950s] -- Installing: /home/luka/ws_moveit/install/kortex_api/include/kortex_api/google/protobuf/compiler/python/python_generator.h
[17.950s] -- Installing: /home/luka/ws_moveit/install/kortex_api/include/kortex_api/google/protobuf/compiler/javanano
[17.954s] -- Installing: /home/luka/ws_moveit/install/kortex_api/include/kortex_api/google/protobuf/compiler/javanano/javanano_generator.h
[17.955s] -- Installing: /home/luka/ws_moveit/install/kortex_api/include/kortex_api/google/protobuf/compiler/php
[17.956s] -- Installing: /home/luka/ws_moveit/install/kortex_api/include/kortex_api/google/protobuf/compiler/php/php_generator.h
[17.956s] -- Installing: /home/luka/ws_moveit/install/kortex_api/include/kortex_api/google/protobuf/compiler/js
[17.957s] -- Installing: /home/luka/ws_moveit/install/kortex_api/include/kortex_api/google/protobuf/compiler/js/well_known_types_embed.h
[17.960s] -- Installing: /home/luka/ws_moveit/install/kortex_api/include/kortex_api/google/protobuf/compiler/js/js_generator.h
[17.960s] -- Installing: /home/luka/ws_moveit/install/kortex_api/include/kortex_api/google/protobuf/compiler/csharp
[17.961s] -- Installing: /home/luka/ws_moveit/install/kortex_api/include/kortex_api/google/protobuf/compiler/csharp/csharp_names.h
[17.961s] -- Installing: /home/luka/ws_moveit/install/kortex_api/include/kortex_api/google/protobuf/compiler/csharp/csharp_generator.h
[17.965s] -- Installing: /home/luka/ws_moveit/install/kortex_api/include/kortex_api/google/protobuf/compiler/command_line_interface.h
[17.965s] -- Installing: /home/luka/ws_moveit/install/kortex_api/include/kortex_api/google/protobuf/api.pb.h
[17.966s] -- Installing: /home/luka/ws_moveit/install/kortex_api/include/kortex_api/google/protobuf/wrappers.pb.h
[17.966s] -- Installing: /home/luka/ws_moveit/install/kortex_api/include/kortex_api/google/protobuf/generated_message_reflection.h
[17.971s] -- Installing: /home/luka/ws_moveit/install/kortex_api/include/kortex_api/google/protobuf/map_field.h
[17.971s] -- Installing: /home/luka/ws_moveit/install/kortex_api/include/kortex_api/google/protobuf/map_type_handler.h
[17.972s] -- Installing: /home/luka/ws_moveit/install/kortex_api/include/kortex_api/google/protobuf/stubs
[17.972s] -- Installing: /home/luka/ws_moveit/install/kortex_api/include/kortex_api/google/protobuf/stubs/shared_ptr.h
[17.973s] -- Installing: /home/luka/ws_moveit/install/kortex_api/include/kortex_api/google/protobuf/stubs/type_traits.h
[17.976s] -- Installing: /home/luka/ws_moveit/install/kortex_api/include/kortex_api/google/protobuf/stubs/bytestream.h
[17.977s] -- Installing: /home/luka/ws_moveit/install/kortex_api/include/kortex_api/google/protobuf/stubs/status.h
[17.978s] -- Installing: /home/luka/ws_moveit/install/kortex_api/include/kortex_api/google/protobuf/stubs/atomicops_internals_mips_gcc.h
[17.978s] -- Installing: /home/luka/ws_moveit/install/kortex_api/include/kortex_api/google/protobuf/stubs/atomicops_internals_arm_qnx.h
[17.979s] -- Installing: /home/luka/ws_moveit/install/kortex_api/include/kortex_api/google/protobuf/stubs/atomicops.h
[17.983s] -- Installing: /home/luka/ws_moveit/install/kortex_api/include/kortex_api/google/protobuf/stubs/atomicops_internals_generic_c11_atomic.h
[17.983s] -- Installing: /home/luka/ws_moveit/install/kortex_api/include/kortex_api/google/protobuf/stubs/atomicops_internals_generic_gcc.h
[17.984s] -- Installing: /home/luka/ws_moveit/install/kortex_api/include/kortex_api/google/protobuf/stubs/mutex.h
[17.984s] -- Installing: /home/luka/ws_moveit/install/kortex_api/include/kortex_api/google/protobuf/stubs/macros.h
[17.987s] -- Installing: /home/luka/ws_moveit/install/kortex_api/include/kortex_api/google/protobuf/stubs/fastmem.h
[17.991s] -- Installing: /home/luka/ws_moveit/install/kortex_api/include/kortex_api/google/protobuf/stubs/port.h
[17.992s] -- Installing: /home/luka/ws_moveit/install/kortex_api/include/kortex_api/google/protobuf/stubs/logging.h
[17.992s] -- Installing: /home/luka/ws_moveit/install/kortex_api/include/kortex_api/google/protobuf/stubs/casts.h
[17.993s] -- Installing: /home/luka/ws_moveit/install/kortex_api/include/kortex_api/google/protobuf/stubs/atomicops_internals_tsan.h
[17.994s] -- Installing: /home/luka/ws_moveit/install/kortex_api/include/kortex_api/google/protobuf/stubs/atomicops_internals_solaris.h
[17.997s] -- Installing: /home/luka/ws_moveit/install/kortex_api/include/kortex_api/google/protobuf/stubs/platform_macros.h
[17.998s] -- Installing: /home/luka/ws_moveit/install/kortex_api/include/kortex_api/google/protobuf/stubs/stringpiece.h
[17.998s] -- Installing: /home/luka/ws_moveit/install/kortex_api/include/kortex_api/google/protobuf/stubs/hash.h
[17.999s] -- Installing: /home/luka/ws_moveit/install/kortex_api/include/kortex_api/google/protobuf/stubs/atomicops_internals_x86_gcc.h
[18.003s] -- Installing: /home/luka/ws_moveit/install/kortex_api/include/kortex_api/google/protobuf/stubs/stl_util.h
[18.003s] -- Installing: /home/luka/ws_moveit/install/kortex_api/include/kortex_api/google/protobuf/stubs/atomic_sequence_num.h
[18.004s] -- Installing: /home/luka/ws_moveit/install/kortex_api/include/kortex_api/google/protobuf/stubs/atomicops_internals_arm64_gcc.h
[18.004s] -- Installing: /home/luka/ws_moveit/install/kortex_api/include/kortex_api/google/protobuf/stubs/atomicops_internals_x86_msvc.h
[18.008s] -- Installing: /home/luka/ws_moveit/install/kortex_api/include/kortex_api/google/protobuf/stubs/atomicops_internals_arm_gcc.h
[18.009s] -- Installing: /home/luka/ws_moveit/install/kortex_api/include/kortex_api/google/protobuf/stubs/common.h
[18.009s] -- Installing: /home/luka/ws_moveit/install/kortex_api/include/kortex_api/google/protobuf/stubs/once.h
[18.010s] -- Installing: /home/luka/ws_moveit/install/kortex_api/include/kortex_api/google/protobuf/stubs/callback.h
[18.010s] -- Installing: /home/luka/ws_moveit/install/kortex_api/include/kortex_api/google/protobuf/stubs/atomicops_internals_power.h
[18.011s] -- Installing: /home/luka/ws_moveit/install/kortex_api/include/kortex_api/google/protobuf/stubs/singleton.h
[18.012s] -- Installing: /home/luka/ws_moveit/install/kortex_api/include/kortex_api/google/protobuf/stubs/atomicops_internals_ppc_gcc.h
[18.012s] -- Installing: /home/luka/ws_moveit/install/kortex_api/include/kortex_api/google/protobuf/stubs/template_util.h
[18.013s] -- Installing: /home/luka/ws_moveit/install/kortex_api/include/kortex_api/google/protobuf/stubs/scoped_ptr.h
[18.013s] -- Installing: /home/luka/ws_moveit/install/kortex_api/include/kortex_api/google/protobuf/arenastring.h
[18.014s] -- Installing: /home/luka/ws_moveit/install/kortex_api/include/kortex_api/google/protobuf/message_lite.h
[18.021s] -- Installing: /home/luka/ws_moveit/install/kortex_api/include/kortex_api/google/protobuf/field_mask.pb.h
[18.022s] -- Installing: /home/luka/ws_moveit/install/kortex_api/include/kortex_api/google/protobuf/message.h
[18.022s] -- Installing: /home/luka/ws_moveit/install/kortex_api/include/kortex_api/google/protobuf/arena.h
[18.023s] -- Installing: /home/luka/ws_moveit/install/kortex_api/include/kortex_api/google/protobuf/any.h
[18.029s] -- Installing: /home/luka/ws_moveit/install/kortex_api/include/kortex_api/google/protobuf/service.h
[18.029s] -- Installing: /home/luka/ws_moveit/install/kortex_api/include/kortex_api/google/protobuf/timestamp.pb.h
[18.030s] -- Installing: /home/luka/ws_moveit/install/kortex_api/include/kortex_api/google/protobuf/type.pb.h
[18.035s] -- Installing: /home/luka/ws_moveit/install/kortex_api/include/kortex_api/google/protobuf/descriptor_database.h
[18.036s] -- Installing: /home/luka/ws_moveit/install/kortex_api/include/kortex_api/google/protobuf/generated_enum_util.h
[18.036s] -- Installing: /home/luka/ws_moveit/install/kortex_api/include/kortex_api/google/protobuf/empty.pb.h
[18.040s] -- Installing: /home/luka/ws_moveit/install/kortex_api/include/kortex_api/google/protobuf/unknown_field_set.h
[18.041s] -- Installing: /home/luka/ws_moveit/install/kortex_api/include/kortex_api/google/protobuf/map_entry.h
[18.041s] -- Installing: /home/luka/ws_moveit/install/kortex_api/include/kortex_api/google/protobuf/map_field_lite.h
[18.042s] -- Installing: /home/luka/ws_moveit/install/kortex_api/include/kortex_api/google/protobuf/generated_enum_reflection.h
[18.042s] -- Installing: /home/luka/ws_moveit/install/kortex_api/include/kortex_api/google/protobuf/util
[18.047s] -- Installing: /home/luka/ws_moveit/install/kortex_api/include/kortex_api/google/protobuf/util/message_differencer.h
[18.047s] -- Installing: /home/luka/ws_moveit/install/kortex_api/include/kortex_api/google/protobuf/util/field_comparator.h
[18.048s] -- Installing: /home/luka/ws_moveit/install/kortex_api/include/kortex_api/google/protobuf/util/time_util.h
[18.052s] -- Installing: /home/luka/ws_moveit/install/kortex_api/include/kortex_api/google/protobuf/util/field_mask_util.h
[18.053s] -- Installing: /home/luka/ws_moveit/install/kortex_api/include/kortex_api/google/protobuf/util/json_util.h
[18.054s] -- Installing: /home/luka/ws_moveit/install/kortex_api/include/kortex_api/google/protobuf/util/type_resolver_util.h
[18.054s] -- Installing: /home/luka/ws_moveit/install/kortex_api/include/kortex_api/google/protobuf/util/type_resolver.h
[18.058s] -- Installing: /home/luka/ws_moveit/install/kortex_api/include/kortex_api/google/protobuf/util/delimited_message_util.h
[18.059s] -- Installing: /home/luka/ws_moveit/install/kortex_api/include/kortex_api/google/protobuf/generated_message_table_driven.h
[18.059s] -- Installing: /home/luka/ws_moveit/install/kortex_api/include/kortex_api/google/protobuf/source_context.pb.h
[18.060s] -- Installing: /home/luka/ws_moveit/install/kortex_api/include/kortex_api/google/protobuf/map_entry_lite.h
[18.060s] -- Installing: /home/luka/ws_moveit/install/kortex_api/include/kortex_api/google/protobuf/arena_impl.h
[18.064s] -- Installing: /home/luka/ws_moveit/install/kortex_api/include/kortex_api/google/protobuf/text_format.h
[18.065s] -- Installing: /home/luka/ws_moveit/install/kortex_api/share/ament_index/resource_index/package_run_dependencies/kortex_api
[18.065s] -- Installing: /home/luka/ws_moveit/install/kortex_api/share/ament_index/resource_index/parent_prefix_path/kortex_api
[18.066s] -- Installing: /home/luka/ws_moveit/install/kortex_api/share/kortex_api/environment/ament_prefix_path.sh
[18.067s] -- Installing: /home/luka/ws_moveit/install/kortex_api/share/kortex_api/environment/ament_prefix_path.dsv
[18.070s] -- Installing: /home/luka/ws_moveit/install/kortex_api/share/kortex_api/environment/path.sh
[18.071s] -- Installing: /home/luka/ws_moveit/install/kortex_api/share/kortex_api/environment/path.dsv
[18.072s] -- Installing: /home/luka/ws_moveit/install/kortex_api/share/kortex_api/local_setup.bash
[18.072s] -- Installing: /home/luka/ws_moveit/install/kortex_api/share/kortex_api/local_setup.sh
[18.077s] -- Installing: /home/luka/ws_moveit/install/kortex_api/share/kortex_api/local_setup.zsh
[18.078s] -- Installing: /home/luka/ws_moveit/install/kortex_api/share/kortex_api/local_setup.dsv
[18.078s] -- Installing: /home/luka/ws_moveit/install/kortex_api/share/kortex_api/package.dsv
[18.079s] -- Installing: /home/luka/ws_moveit/install/kortex_api/share/ament_index/resource_index/packages/kortex_api
[18.079s] -- Installing: /home/luka/ws_moveit/install/kortex_api/share/kortex_api/cmake/ament_cmake_export_include_directories-extras.cmake
[18.083s] -- Installing: /home/luka/ws_moveit/install/kortex_api/share/kortex_api/cmake/kortex_apiConfig.cmake
[18.092s] -- Installing: /home/luka/ws_moveit/install/kortex_api/share/kortex_api/cmake/kortex_apiConfig-version.cmake
[18.093s] -- Installing: /home/luka/ws_moveit/install/kortex_api/share/kortex_api/package.xml
[18.094s] Invoked command in '/home/luka/ws_moveit/build/kortex_api' returned '0': CMAKE_PREFIX_PATH=${CMAKE_PREFIX_PATH}:/opt/ros/jazzy DEBUGINFOD_URLS=https://debuginfod.ubuntu.com /usr/bin/cmake --install /home/luka/ws_moveit/build/kortex_api
