[0.009s] Invoking command in '/home/luka/ws_moveit/build/kortex_description': AMENT_PREFIX_PATH=/home/luka/ws_moveit/install/robotiq_description:${AMENT_PREFIX_PATH} CMAKE_PREFIX_PATH=/home/luka/ws_moveit/install/robotiq_description:/opt/ros/jazzy/opt/gz_sim_vendor:/opt/ros/jazzy/opt/gz_sensors_vendor:/opt/ros/jazzy/opt/gz_physics_vendor:/opt/ros/jazzy/opt/sdformat_vendor:/opt/ros/jazzy/opt/gz_gui_vendor:/opt/ros/jazzy/opt/gz_transport_vendor:/opt/ros/jazzy/opt/gz_rendering_vendor:/opt/ros/jazzy/opt/gz_plugin_vendor:/opt/ros/jazzy/opt/gz_fuel_tools_vendor:/opt/ros/jazzy/opt/gz_msgs_vendor:/opt/ros/jazzy/opt/gz_common_vendor:/opt/ros/jazzy/opt/gz_math_vendor:/opt/ros/jazzy/opt/gz_utils_vendor:/opt/ros/jazzy/opt/gz_tools_vendor:/opt/ros/jazzy/opt/gz_ogre_next_vendor:/opt/ros/jazzy/opt/gz_dartsim_vendor:/opt/ros/jazzy/opt/gz_cmake_vendor:/opt/ros/jazzy DEBUGINFOD_URLS=https://debuginfod.ubuntu.com /usr/bin/cmake --build /home/luka/ws_moveit/build/kortex_description -- -j4 -l4
[0.059s] Invoked command in '/home/luka/ws_moveit/build/kortex_description' returned '0': AMENT_PREFIX_PATH=/home/luka/ws_moveit/install/robotiq_description:${AMENT_PREFIX_PATH} CMAKE_PREFIX_PATH=/home/luka/ws_moveit/install/robotiq_description:/opt/ros/jazzy/opt/gz_sim_vendor:/opt/ros/jazzy/opt/gz_sensors_vendor:/opt/ros/jazzy/opt/gz_physics_vendor:/opt/ros/jazzy/opt/sdformat_vendor:/opt/ros/jazzy/opt/gz_gui_vendor:/opt/ros/jazzy/opt/gz_transport_vendor:/opt/ros/jazzy/opt/gz_rendering_vendor:/opt/ros/jazzy/opt/gz_plugin_vendor:/opt/ros/jazzy/opt/gz_fuel_tools_vendor:/opt/ros/jazzy/opt/gz_msgs_vendor:/opt/ros/jazzy/opt/gz_common_vendor:/opt/ros/jazzy/opt/gz_math_vendor:/opt/ros/jazzy/opt/gz_utils_vendor:/opt/ros/jazzy/opt/gz_tools_vendor:/opt/ros/jazzy/opt/gz_ogre_next_vendor:/opt/ros/jazzy/opt/gz_dartsim_vendor:/opt/ros/jazzy/opt/gz_cmake_vendor:/opt/ros/jazzy DEBUGINFOD_URLS=https://debuginfod.ubuntu.com /usr/bin/cmake --build /home/luka/ws_moveit/build/kortex_description -- -j4 -l4
[0.060s] Invoking command in '/home/luka/ws_moveit/build/kortex_description': AMENT_PREFIX_PATH=/home/luka/ws_moveit/install/robotiq_description:${AMENT_PREFIX_PATH} CMAKE_PREFIX_PATH=/home/luka/ws_moveit/install/robotiq_description:/opt/ros/jazzy/opt/gz_sim_vendor:/opt/ros/jazzy/opt/gz_sensors_vendor:/opt/ros/jazzy/opt/gz_physics_vendor:/opt/ros/jazzy/opt/sdformat_vendor:/opt/ros/jazzy/opt/gz_gui_vendor:/opt/ros/jazzy/opt/gz_transport_vendor:/opt/ros/jazzy/opt/gz_rendering_vendor:/opt/ros/jazzy/opt/gz_plugin_vendor:/opt/ros/jazzy/opt/gz_fuel_tools_vendor:/opt/ros/jazzy/opt/gz_msgs_vendor:/opt/ros/jazzy/opt/gz_common_vendor:/opt/ros/jazzy/opt/gz_math_vendor:/opt/ros/jazzy/opt/gz_utils_vendor:/opt/ros/jazzy/opt/gz_tools_vendor:/opt/ros/jazzy/opt/gz_ogre_next_vendor:/opt/ros/jazzy/opt/gz_dartsim_vendor:/opt/ros/jazzy/opt/gz_cmake_vendor:/opt/ros/jazzy DEBUGINFOD_URLS=https://debuginfod.ubuntu.com /usr/bin/cmake --install /home/luka/ws_moveit/build/kortex_description
[0.070s] -- Install configuration: "Release"
[0.071s] -- Up-to-date: /home/luka/ws_moveit/install/kortex_description/share/kortex_description/arms
[0.071s] -- Up-to-date: /home/luka/ws_moveit/install/kortex_description/share/kortex_description/arms/gen3
[0.071s] -- Up-to-date: /home/luka/ws_moveit/install/kortex_description/share/kortex_description/arms/gen3/6dof
[0.071s] -- Up-to-date: /home/luka/ws_moveit/install/kortex_description/share/kortex_description/arms/gen3/6dof/urdf
[0.071s] -- Up-to-date: /home/luka/ws_moveit/install/kortex_description/share/kortex_description/arms/gen3/6dof/urdf/gen3_macro.xacro
[0.071s] -- Up-to-date: /home/luka/ws_moveit/install/kortex_description/share/kortex_description/arms/gen3/6dof/urdf/kortex.ros2_control.xacro
[0.072s] -- Up-to-date: /home/luka/ws_moveit/install/kortex_description/share/kortex_description/arms/gen3/6dof/urdf/gen3_transmission_macro.xacro
[0.072s] -- Up-to-date: /home/luka/ws_moveit/install/kortex_description/share/kortex_description/arms/gen3/6dof/meshes
[0.072s] -- Up-to-date: /home/luka/ws_moveit/install/kortex_description/share/kortex_description/arms/gen3/6dof/meshes/bracelet_with_vision_link.STL
[0.072s] -- Up-to-date: /home/luka/ws_moveit/install/kortex_description/share/kortex_description/arms/gen3/6dof/meshes/shoulder_link.STL
[0.072s] -- Up-to-date: /home/luka/ws_moveit/install/kortex_description/share/kortex_description/arms/gen3/6dof/meshes/bicep_link.STL
[0.073s] -- Up-to-date: /home/luka/ws_moveit/install/kortex_description/share/kortex_description/arms/gen3/6dof/meshes/spherical_wrist_2_link.STL
[0.073s] -- Up-to-date: /home/luka/ws_moveit/install/kortex_description/share/kortex_description/arms/gen3/6dof/meshes/base_link.STL
[0.073s] -- Up-to-date: /home/luka/ws_moveit/install/kortex_description/share/kortex_description/arms/gen3/6dof/meshes/spherical_wrist_1_link.STL
[0.074s] -- Up-to-date: /home/luka/ws_moveit/install/kortex_description/share/kortex_description/arms/gen3/6dof/meshes/bracelet_no_vision_link.STL
[0.074s] -- Up-to-date: /home/luka/ws_moveit/install/kortex_description/share/kortex_description/arms/gen3/6dof/meshes/forearm_link.STL
[0.074s] -- Up-to-date: /home/luka/ws_moveit/install/kortex_description/share/kortex_description/arms/gen3/6dof/config
[0.074s] -- Up-to-date: /home/luka/ws_moveit/install/kortex_description/share/kortex_description/arms/gen3/6dof/config/gazebo_initial_joint_positions.yaml
[0.074s] -- Up-to-date: /home/luka/ws_moveit/install/kortex_description/share/kortex_description/arms/gen3/6dof/config/joint_limits.yaml
[0.074s] -- Up-to-date: /home/luka/ws_moveit/install/kortex_description/share/kortex_description/arms/gen3/6dof/config/twist_limits.yaml
[0.074s] -- Up-to-date: /home/luka/ws_moveit/install/kortex_description/share/kortex_description/arms/gen3/6dof/config/ros2_controllers.yaml
[0.075s] -- Up-to-date: /home/luka/ws_moveit/install/kortex_description/share/kortex_description/arms/gen3/7dof
[0.075s] -- Up-to-date: /home/luka/ws_moveit/install/kortex_description/share/kortex_description/arms/gen3/7dof/urdf
[0.075s] -- Up-to-date: /home/luka/ws_moveit/install/kortex_description/share/kortex_description/arms/gen3/7dof/urdf/gen3_macro.xacro
[0.075s] -- Up-to-date: /home/luka/ws_moveit/install/kortex_description/share/kortex_description/arms/gen3/7dof/urdf/kortex.ros2_control.xacro
[0.075s] -- Up-to-date: /home/luka/ws_moveit/install/kortex_description/share/kortex_description/arms/gen3/7dof/urdf/gen3_transmission_macro.xacro
[0.075s] -- Up-to-date: /home/luka/ws_moveit/install/kortex_description/share/kortex_description/arms/gen3/7dof/meshes
[0.076s] -- Up-to-date: /home/luka/ws_moveit/install/kortex_description/share/kortex_description/arms/gen3/7dof/meshes/spherical_wrist_2_link.dae
[0.076s] -- Up-to-date: /home/luka/ws_moveit/install/kortex_description/share/kortex_description/arms/gen3/7dof/meshes/bracelet_no_vision_link.dae
[0.076s] -- Up-to-date: /home/luka/ws_moveit/install/kortex_description/share/kortex_description/arms/gen3/7dof/meshes/half_arm_2_link.dae
[0.076s] -- Up-to-date: /home/luka/ws_moveit/install/kortex_description/share/kortex_description/arms/gen3/7dof/meshes/spherical_wrist_1_link.dae
[0.076s] -- Up-to-date: /home/luka/ws_moveit/install/kortex_description/share/kortex_description/arms/gen3/7dof/meshes/shoulder_link.dae
[0.077s] -- Up-to-date: /home/luka/ws_moveit/install/kortex_description/share/kortex_description/arms/gen3/7dof/meshes/forearm_link.dae
[0.077s] -- Up-to-date: /home/luka/ws_moveit/install/kortex_description/share/kortex_description/arms/gen3/7dof/meshes/half_arm_2_link.STL
[0.077s] -- Up-to-date: /home/luka/ws_moveit/install/kortex_description/share/kortex_description/arms/gen3/7dof/meshes/base_link.dae
[0.077s] -- Up-to-date: /home/luka/ws_moveit/install/kortex_description/share/kortex_description/arms/gen3/7dof/meshes/half_arm_1_link.STL
[0.077s] -- Up-to-date: /home/luka/ws_moveit/install/kortex_description/share/kortex_description/arms/gen3/7dof/meshes/half_arm_1_link.dae
[0.077s] -- Up-to-date: /home/luka/ws_moveit/install/kortex_description/share/kortex_description/arms/gen3/7dof/meshes/bracelet_with_vision_link.STL
[0.078s] -- Up-to-date: /home/luka/ws_moveit/install/kortex_description/share/kortex_description/arms/gen3/7dof/meshes/shoulder_link.STL
[0.078s] -- Up-to-date: /home/luka/ws_moveit/install/kortex_description/share/kortex_description/arms/gen3/7dof/meshes/spherical_wrist_2_link.STL
[0.078s] -- Up-to-date: /home/luka/ws_moveit/install/kortex_description/share/kortex_description/arms/gen3/7dof/meshes/bracelet_with_vision_link.dae
[0.078s] -- Up-to-date: /home/luka/ws_moveit/install/kortex_description/share/kortex_description/arms/gen3/7dof/meshes/base_link.STL
[0.078s] -- Up-to-date: /home/luka/ws_moveit/install/kortex_description/share/kortex_description/arms/gen3/7dof/meshes/spherical_wrist_1_link.STL
[0.078s] -- Up-to-date: /home/luka/ws_moveit/install/kortex_description/share/kortex_description/arms/gen3/7dof/meshes/end_effector_link.STL
[0.078s] -- Up-to-date: /home/luka/ws_moveit/install/kortex_description/share/kortex_description/arms/gen3/7dof/meshes/bracelet_no_vision_link.STL
[0.078s] -- Up-to-date: /home/luka/ws_moveit/install/kortex_description/share/kortex_description/arms/gen3/7dof/meshes/forearm_link.STL
[0.079s] -- Up-to-date: /home/luka/ws_moveit/install/kortex_description/share/kortex_description/arms/gen3/7dof/config
[0.079s] -- Up-to-date: /home/luka/ws_moveit/install/kortex_description/share/kortex_description/arms/gen3/7dof/config/gazebo_initial_joint_positions.yaml
[0.079s] -- Up-to-date: /home/luka/ws_moveit/install/kortex_description/share/kortex_description/arms/gen3/7dof/config/joint_limits.yaml
[0.079s] -- Up-to-date: /home/luka/ws_moveit/install/kortex_description/share/kortex_description/arms/gen3/7dof/config/twist_limits.yaml
[0.079s] -- Up-to-date: /home/luka/ws_moveit/install/kortex_description/share/kortex_description/arms/gen3/7dof/config/ros2_controllers.yaml
[0.079s] -- Up-to-date: /home/luka/ws_moveit/install/kortex_description/share/kortex_description/arms/gen3_lite
[0.079s] -- Up-to-date: /home/luka/ws_moveit/install/kortex_description/share/kortex_description/arms/gen3_lite/6dof
[0.080s] -- Up-to-date: /home/luka/ws_moveit/install/kortex_description/share/kortex_description/arms/gen3_lite/6dof/urdf
[0.080s] -- Up-to-date: /home/luka/ws_moveit/install/kortex_description/share/kortex_description/arms/gen3_lite/6dof/urdf/gen3_lite_macro.xacro
[0.080s] -- Up-to-date: /home/luka/ws_moveit/install/kortex_description/share/kortex_description/arms/gen3_lite/6dof/urdf/kortex.ros2_control.xacro
[0.080s] -- Up-to-date: /home/luka/ws_moveit/install/kortex_description/share/kortex_description/arms/gen3_lite/6dof/urdf/gen3_lite_transmission_macro.xacro
[0.081s] -- Up-to-date: /home/luka/ws_moveit/install/kortex_description/share/kortex_description/arms/gen3_lite/6dof/meshes
[0.081s] -- Up-to-date: /home/luka/ws_moveit/install/kortex_description/share/kortex_description/arms/gen3_lite/6dof/meshes/upper_wrist_link.STL
[0.081s] -- Up-to-date: /home/luka/ws_moveit/install/kortex_description/share/kortex_description/arms/gen3_lite/6dof/meshes/arm_link.STL
[0.081s] -- Up-to-date: /home/luka/ws_moveit/install/kortex_description/share/kortex_description/arms/gen3_lite/6dof/meshes/shoulder_link.STL
[0.082s] -- Up-to-date: /home/luka/ws_moveit/install/kortex_description/share/kortex_description/arms/gen3_lite/6dof/meshes/base_link.STL
[0.083s] -- Up-to-date: /home/luka/ws_moveit/install/kortex_description/share/kortex_description/arms/gen3_lite/6dof/meshes/lower_wrist_link.STL
[0.083s] -- Up-to-date: /home/luka/ws_moveit/install/kortex_description/share/kortex_description/arms/gen3_lite/6dof/meshes/forearm_link.STL
[0.083s] -- Up-to-date: /home/luka/ws_moveit/install/kortex_description/share/kortex_description/arms/gen3_lite/6dof/config
[0.083s] -- Up-to-date: /home/luka/ws_moveit/install/kortex_description/share/kortex_description/arms/gen3_lite/6dof/config/joint_limits.yaml
[0.084s] -- Up-to-date: /home/luka/ws_moveit/install/kortex_description/share/kortex_description/arms/gen3_lite/6dof/config/twist_limits.yaml
[0.084s] -- Up-to-date: /home/luka/ws_moveit/install/kortex_description/share/kortex_description/arms/gen3_lite/6dof/config/ros2_controllers.yaml
[0.084s] -- Up-to-date: /home/luka/ws_moveit/install/kortex_description/share/kortex_description/grippers
[0.084s] -- Up-to-date: /home/luka/ws_moveit/install/kortex_description/share/kortex_description/grippers/robotiq_2f_140
[0.084s] -- Up-to-date: /home/luka/ws_moveit/install/kortex_description/share/kortex_description/grippers/robotiq_2f_140/README.md
[0.084s] -- Up-to-date: /home/luka/ws_moveit/install/kortex_description/share/kortex_description/grippers/robotiq_2f_140/LICENSE
[0.084s] -- Up-to-date: /home/luka/ws_moveit/install/kortex_description/share/kortex_description/grippers/robotiq_2f_140/urdf
[0.085s] -- Up-to-date: /home/luka/ws_moveit/install/kortex_description/share/kortex_description/grippers/robotiq_2f_140/urdf/robotiq_2f_140_macro.xacro
[0.085s] -- Up-to-date: /home/luka/ws_moveit/install/kortex_description/share/kortex_description/grippers/gen3_lite_2f
[0.085s] -- Up-to-date: /home/luka/ws_moveit/install/kortex_description/share/kortex_description/grippers/gen3_lite_2f/urdf
[0.085s] -- Up-to-date: /home/luka/ws_moveit/install/kortex_description/share/kortex_description/grippers/gen3_lite_2f/urdf/gen3_lite_2f.ros2_control.xacro
[0.085s] -- Up-to-date: /home/luka/ws_moveit/install/kortex_description/share/kortex_description/grippers/gen3_lite_2f/urdf/gen3_lite_2f_macro.xacro
[0.085s] -- Up-to-date: /home/luka/ws_moveit/install/kortex_description/share/kortex_description/grippers/gen3_lite_2f/urdf/GEN3-LITE-GRIPPER_URDF_SIMPLIFIED_V2.urdf
[0.085s] -- Up-to-date: /home/luka/ws_moveit/install/kortex_description/share/kortex_description/grippers/gen3_lite_2f/urdf/gen3_lite_2f_transmission_macro.xacro
[0.086s] -- Up-to-date: /home/luka/ws_moveit/install/kortex_description/share/kortex_description/grippers/gen3_lite_2f/meshes
[0.086s] -- Up-to-date: /home/luka/ws_moveit/install/kortex_description/share/kortex_description/grippers/gen3_lite_2f/meshes/left_finger_dist_link.STL
[0.086s] -- Up-to-date: /home/luka/ws_moveit/install/kortex_description/share/kortex_description/grippers/gen3_lite_2f/meshes/gripper_base_link.STL
[0.086s] -- Up-to-date: /home/luka/ws_moveit/install/kortex_description/share/kortex_description/grippers/gen3_lite_2f/meshes/right_finger_prox_link.STL
[0.086s] -- Up-to-date: /home/luka/ws_moveit/install/kortex_description/share/kortex_description/grippers/gen3_lite_2f/meshes/left_finger_prox_link.STL
[0.086s] -- Up-to-date: /home/luka/ws_moveit/install/kortex_description/share/kortex_description/grippers/gen3_lite_2f/meshes/right_finger_dist_link.STL
[0.086s] -- Up-to-date: /home/luka/ws_moveit/install/kortex_description/share/kortex_description/grippers/gen3_lite_2f/config
[0.086s] -- Up-to-date: /home/luka/ws_moveit/install/kortex_description/share/kortex_description/grippers/gen3_lite_2f/config/joint_limits.yaml
[0.086s] -- Up-to-date: /home/luka/ws_moveit/install/kortex_description/share/kortex_description/grippers/robotiq_2f_85
[0.086s] -- Up-to-date: /home/luka/ws_moveit/install/kortex_description/share/kortex_description/grippers/robotiq_2f_85/README.md
[0.087s] -- Up-to-date: /home/luka/ws_moveit/install/kortex_description/share/kortex_description/grippers/robotiq_2f_85/LICENSE
[0.087s] -- Up-to-date: /home/luka/ws_moveit/install/kortex_description/share/kortex_description/grippers/robotiq_2f_85/urdf
[0.087s] -- Up-to-date: /home/luka/ws_moveit/install/kortex_description/share/kortex_description/grippers/robotiq_2f_85/urdf/robotiq_2f_85_macro.xacro
[0.087s] -- Up-to-date: /home/luka/ws_moveit/install/kortex_description/share/kortex_description/launch
[0.087s] -- Up-to-date: /home/luka/ws_moveit/install/kortex_description/share/kortex_description/launch/view_robot.launch.py
[0.087s] -- Up-to-date: /home/luka/ws_moveit/install/kortex_description/share/kortex_description/multiple_robots
[0.088s] -- Up-to-date: /home/luka/ws_moveit/install/kortex_description/share/kortex_description/multiple_robots/kortex_dual_robots.xacro
[0.088s] -- Up-to-date: /home/luka/ws_moveit/install/kortex_description/share/kortex_description/robots
[0.088s] -- Up-to-date: /home/luka/ws_moveit/install/kortex_description/share/kortex_description/robots/gen3_robotiq_2f_140.xacro
[0.088s] -- Up-to-date: /home/luka/ws_moveit/install/kortex_description/share/kortex_description/robots/gen3_robotiq_2f_85.xacro
[0.088s] -- Up-to-date: /home/luka/ws_moveit/install/kortex_description/share/kortex_description/robots/gen3_lite.urdf
[0.088s] -- Up-to-date: /home/luka/ws_moveit/install/kortex_description/share/kortex_description/robots/gen3_lite_gen3_lite_2f.xacro
[0.088s] -- Up-to-date: /home/luka/ws_moveit/install/kortex_description/share/kortex_description/robots/gen3_2f85.urdf
[0.088s] -- Up-to-date: /home/luka/ws_moveit/install/kortex_description/share/kortex_description/robots/kortex_robot.xacro
[0.088s] -- Up-to-date: /home/luka/ws_moveit/install/kortex_description/share/kortex_description/robots/gen3.xacro
[0.089s] -- Up-to-date: /home/luka/ws_moveit/install/kortex_description/share/kortex_description/robots/kinova.urdf.xacro
[0.089s] -- Up-to-date: /home/luka/ws_moveit/install/kortex_description/share/kortex_description/rviz
[0.089s] -- Up-to-date: /home/luka/ws_moveit/install/kortex_description/share/kortex_description/rviz/view_robot.rviz
[0.089s] -- Up-to-date: /home/luka/ws_moveit/install/kortex_description/share/kortex_description/config
[0.089s] -- Up-to-date: /home/luka/ws_moveit/install/kortex_description/share/kortex_description/config/initial_positions.yaml
[0.089s] -- Up-to-date: /home/luka/ws_moveit/install/kortex_description/share/ament_index/resource_index/package_run_dependencies/kortex_description
[0.089s] -- Up-to-date: /home/luka/ws_moveit/install/kortex_description/share/ament_index/resource_index/parent_prefix_path/kortex_description
[0.090s] -- Up-to-date: /home/luka/ws_moveit/install/kortex_description/share/kortex_description/environment/ament_prefix_path.sh
[0.090s] -- Up-to-date: /home/luka/ws_moveit/install/kortex_description/share/kortex_description/environment/ament_prefix_path.dsv
[0.090s] -- Up-to-date: /home/luka/ws_moveit/install/kortex_description/share/kortex_description/environment/path.sh
[0.090s] -- Up-to-date: /home/luka/ws_moveit/install/kortex_description/share/kortex_description/environment/path.dsv
[0.090s] -- Up-to-date: /home/luka/ws_moveit/install/kortex_description/share/kortex_description/local_setup.bash
[0.090s] -- Up-to-date: /home/luka/ws_moveit/install/kortex_description/share/kortex_description/local_setup.sh
[0.090s] -- Up-to-date: /home/luka/ws_moveit/install/kortex_description/share/kortex_description/local_setup.zsh
[0.091s] -- Up-to-date: /home/luka/ws_moveit/install/kortex_description/share/kortex_description/local_setup.dsv
[0.091s] -- Installing: /home/luka/ws_moveit/install/kortex_description/share/kortex_description/package.dsv
[0.091s] -- Up-to-date: /home/luka/ws_moveit/install/kortex_description/share/ament_index/resource_index/packages/kortex_description
[0.091s] -- Up-to-date: /home/luka/ws_moveit/install/kortex_description/share/kortex_description/cmake/kortex_descriptionConfig.cmake
[0.091s] -- Up-to-date: /home/luka/ws_moveit/install/kortex_description/share/kortex_description/cmake/kortex_descriptionConfig-version.cmake
[0.091s] -- Up-to-date: /home/luka/ws_moveit/install/kortex_description/share/kortex_description/package.xml
[0.092s] Invoked command in '/home/luka/ws_moveit/build/kortex_description' returned '0': AMENT_PREFIX_PATH=/home/luka/ws_moveit/install/robotiq_description:${AMENT_PREFIX_PATH} CMAKE_PREFIX_PATH=/home/luka/ws_moveit/install/robotiq_description:/opt/ros/jazzy/opt/gz_sim_vendor:/opt/ros/jazzy/opt/gz_sensors_vendor:/opt/ros/jazzy/opt/gz_physics_vendor:/opt/ros/jazzy/opt/sdformat_vendor:/opt/ros/jazzy/opt/gz_gui_vendor:/opt/ros/jazzy/opt/gz_transport_vendor:/opt/ros/jazzy/opt/gz_rendering_vendor:/opt/ros/jazzy/opt/gz_plugin_vendor:/opt/ros/jazzy/opt/gz_fuel_tools_vendor:/opt/ros/jazzy/opt/gz_msgs_vendor:/opt/ros/jazzy/opt/gz_common_vendor:/opt/ros/jazzy/opt/gz_math_vendor:/opt/ros/jazzy/opt/gz_utils_vendor:/opt/ros/jazzy/opt/gz_tools_vendor:/opt/ros/jazzy/opt/gz_ogre_next_vendor:/opt/ros/jazzy/opt/gz_dartsim_vendor:/opt/ros/jazzy/opt/gz_cmake_vendor:/opt/ros/jazzy DEBUGINFOD_URLS=https://debuginfod.ubuntu.com /usr/bin/cmake --install /home/luka/ws_moveit/build/kortex_description
