[0.087s] Invoking command in '/home/luka/ws_moveit/build/robotiq_controllers': CMAKE_PREFIX_PATH=${CMAKE_PREFIX_PATH}:/home/luka/ws_moveit/install/hello_moveit_py:/home/luka/ws_moveit/install/moveit_configs_utils:/opt/ros/jazzy DEBUGINFOD_URLS=https://debuginfod.ubuntu.com /usr/bin/cmake /home/luka/ws_moveit/src/ros2_robotiq_gripper/robotiq_controllers -DCMAKE_INSTALL_PREFIX=/home/luka/ws_moveit/install/robotiq_controllers
[0.166s] -- Found ament_cmake: 2.5.4 (/opt/ros/jazzy/share/ament_cmake/cmake)
[1.131s] -- Found controller_interface: 4.39.2 (/opt/ros/jazzy/share/controller_interface/cmake)
[1.314s] -- Found rosidl_generator_c: 4.6.6 (/opt/ros/jazzy/share/rosidl_generator_c/cmake)
[1.366s] -- Found rosidl_generator_cpp: 4.6.6 (/opt/ros/jazzy/share/rosidl_generator_cpp/cmake)
[1.450s] -- Using all available rosidl_typesupport_c: rosidl_typesupport_fastrtps_c;rosidl_typesupport_introspection_c
[1.497s] -- Using all available rosidl_typesupport_cpp: rosidl_typesupport_fastrtps_cpp;rosidl_typesupport_introspection_cpp
[2.138s] -- Found TinyXML2 via Config file: /usr/lib/x86_64-linux-gnu/cmake/tinyxml2
[2.265s] -- Found rmw_implementation_cmake: 7.3.2 (/opt/ros/jazzy/share/rmw_implementation_cmake/cmake)
[2.277s] -- Found rmw_fastrtps_cpp: 8.4.3 (/opt/ros/jazzy/share/rmw_fastrtps_cpp/cmake)
[2.384s] -- Found TinyXML2 via Config file: /usr/lib/x86_64-linux-gnu/cmake/tinyxml2
[2.421s] -- Found TinyXML2 via Config file: /usr/lib/x86_64-linux-gnu/cmake/tinyxml2
[2.544s] -- Found TinyXML2 via Config file: /usr/lib/x86_64-linux-gnu/cmake/tinyxml2
[2.594s] -- Found TinyXML2 via Config file: /usr/lib/x86_64-linux-gnu/cmake/tinyxml2
[2.629s] -- Using RMW implementation 'rmw_fastrtps_cpp' as default
[3.081s] -- Found std_srvs: 5.3.6 (/opt/ros/jazzy/share/std_srvs/cmake)
[3.146s] -- Found ament_lint_auto: 0.17.3 (/opt/ros/jazzy/share/ament_lint_auto/cmake)
[3.381s] -- Added test 'cppcheck' to perform static code analysis on C / C++ code
[3.381s] -- Configured cppcheck include dirs: /home/luka/ws_moveit/src/ros2_robotiq_gripper/robotiq_controllers/include
[3.381s] -- Configured cppcheck exclude dirs and/or files: 
[3.381s] -- Added test 'lint_cmake' to check CMake code style
[3.416s] -- Configuring done (3.3s)
[3.538s] -- Generating done (0.1s)
[3.570s] -- Build files have been written to: /home/luka/ws_moveit/build/robotiq_controllers
[3.624s] Invoked command in '/home/luka/ws_moveit/build/robotiq_controllers' returned '0': CMAKE_PREFIX_PATH=${CMAKE_PREFIX_PATH}:/home/luka/ws_moveit/install/hello_moveit_py:/home/luka/ws_moveit/install/moveit_configs_utils:/opt/ros/jazzy DEBUGINFOD_URLS=https://debuginfod.ubuntu.com /usr/bin/cmake /home/luka/ws_moveit/src/ros2_robotiq_gripper/robotiq_controllers -DCMAKE_INSTALL_PREFIX=/home/luka/ws_moveit/install/robotiq_controllers
[3.625s] Invoking command in '/home/luka/ws_moveit/build/robotiq_controllers': CMAKE_PREFIX_PATH=${CMAKE_PREFIX_PATH}:/home/luka/ws_moveit/install/hello_moveit_py:/home/luka/ws_moveit/install/moveit_configs_utils:/opt/ros/jazzy DEBUGINFOD_URLS=https://debuginfod.ubuntu.com /usr/bin/cmake --build /home/luka/ws_moveit/build/robotiq_controllers -- -j4 -l4
[4.034s] [100%] Built target robotiq_controllers
[4.094s] Invoked command in '/home/luka/ws_moveit/build/robotiq_controllers' returned '0': CMAKE_PREFIX_PATH=${CMAKE_PREFIX_PATH}:/home/luka/ws_moveit/install/hello_moveit_py:/home/luka/ws_moveit/install/moveit_configs_utils:/opt/ros/jazzy DEBUGINFOD_URLS=https://debuginfod.ubuntu.com /usr/bin/cmake --build /home/luka/ws_moveit/build/robotiq_controllers -- -j4 -l4
[4.099s] Invoking command in '/home/luka/ws_moveit/build/robotiq_controllers': CMAKE_PREFIX_PATH=${CMAKE_PREFIX_PATH}:/home/luka/ws_moveit/install/hello_moveit_py:/home/luka/ws_moveit/install/moveit_configs_utils:/opt/ros/jazzy DEBUGINFOD_URLS=https://debuginfod.ubuntu.com /usr/bin/cmake --install /home/luka/ws_moveit/build/robotiq_controllers
[4.154s] -- Install configuration: "Release"
[4.155s] -- Up-to-date: /home/luka/ws_moveit/install/robotiq_controllers/share/robotiq_controllers/controller_plugins.xml
[4.157s] -- Up-to-date: /home/luka/ws_moveit/install/robotiq_controllers/lib/librobotiq_controllers.so
[4.157s] -- Up-to-date: /home/luka/ws_moveit/install/robotiq_controllers/include
[4.158s] -- Up-to-date: /home/luka/ws_moveit/install/robotiq_controllers/include/robotiq_controllers
[4.158s] -- Up-to-date: /home/luka/ws_moveit/install/robotiq_controllers/include/robotiq_controllers/robotiq_activation_controller.hpp
[4.158s] -- Up-to-date: /home/luka/ws_moveit/install/robotiq_controllers/share/robotiq_controllers/environment/library_path.sh
[4.158s] -- Up-to-date: /home/luka/ws_moveit/install/robotiq_controllers/share/robotiq_controllers/environment/library_path.dsv
[4.159s] -- Up-to-date: /home/luka/ws_moveit/install/robotiq_controllers/share/ament_index/resource_index/package_run_dependencies/robotiq_controllers
[4.160s] -- Installing: /home/luka/ws_moveit/install/robotiq_controllers/share/ament_index/resource_index/parent_prefix_path/robotiq_controllers
[4.163s] -- Up-to-date: /home/luka/ws_moveit/install/robotiq_controllers/share/robotiq_controllers/environment/ament_prefix_path.sh
[4.163s] -- Up-to-date: /home/luka/ws_moveit/install/robotiq_controllers/share/robotiq_controllers/environment/ament_prefix_path.dsv
[4.164s] -- Up-to-date: /home/luka/ws_moveit/install/robotiq_controllers/share/robotiq_controllers/environment/path.sh
[4.165s] -- Up-to-date: /home/luka/ws_moveit/install/robotiq_controllers/share/robotiq_controllers/environment/path.dsv
[4.165s] -- Up-to-date: /home/luka/ws_moveit/install/robotiq_controllers/share/robotiq_controllers/local_setup.bash
[4.165s] -- Up-to-date: /home/luka/ws_moveit/install/robotiq_controllers/share/robotiq_controllers/local_setup.sh
[4.166s] -- Up-to-date: /home/luka/ws_moveit/install/robotiq_controllers/share/robotiq_controllers/local_setup.zsh
[4.166s] -- Up-to-date: /home/luka/ws_moveit/install/robotiq_controllers/share/robotiq_controllers/local_setup.dsv
[4.166s] -- Installing: /home/luka/ws_moveit/install/robotiq_controllers/share/robotiq_controllers/package.dsv
[4.168s] -- Up-to-date: /home/luka/ws_moveit/install/robotiq_controllers/share/ament_index/resource_index/packages/robotiq_controllers
[4.168s] -- Up-to-date: /home/luka/ws_moveit/install/robotiq_controllers/share/ament_index/resource_index/controller_interface__pluginlib__plugin/robotiq_controllers
[4.170s] -- Up-to-date: /home/luka/ws_moveit/install/robotiq_controllers/share/robotiq_controllers/cmake/export_robotiq_controllersExport.cmake
[4.170s] -- Up-to-date: /home/luka/ws_moveit/install/robotiq_controllers/share/robotiq_controllers/cmake/export_robotiq_controllersExport-release.cmake
[4.170s] -- Up-to-date: /home/luka/ws_moveit/install/robotiq_controllers/share/robotiq_controllers/cmake/ament_cmake_export_include_directories-extras.cmake
[4.171s] -- Up-to-date: /home/luka/ws_moveit/install/robotiq_controllers/share/robotiq_controllers/cmake/ament_cmake_export_libraries-extras.cmake
[4.171s] -- Up-to-date: /home/luka/ws_moveit/install/robotiq_controllers/share/robotiq_controllers/cmake/ament_cmake_export_targets-extras.cmake
[4.172s] -- Up-to-date: /home/luka/ws_moveit/install/robotiq_controllers/share/robotiq_controllers/cmake/ament_cmake_export_dependencies-extras.cmake
[4.173s] -- Up-to-date: /home/luka/ws_moveit/install/robotiq_controllers/share/robotiq_controllers/cmake/robotiq_controllersConfig.cmake
[4.173s] -- Up-to-date: /home/luka/ws_moveit/install/robotiq_controllers/share/robotiq_controllers/cmake/robotiq_controllersConfig-version.cmake
[4.173s] -- Up-to-date: /home/luka/ws_moveit/install/robotiq_controllers/share/robotiq_controllers/package.xml
[4.179s] Invoked command in '/home/luka/ws_moveit/build/robotiq_controllers' returned '0': CMAKE_PREFIX_PATH=${CMAKE_PREFIX_PATH}:/home/luka/ws_moveit/install/hello_moveit_py:/home/luka/ws_moveit/install/moveit_configs_utils:/opt/ros/jazzy DEBUGINFOD_URLS=https://debuginfod.ubuntu.com /usr/bin/cmake --install /home/luka/ws_moveit/build/robotiq_controllers
