[0.037s] Invoking command in '/home/luka/ws_moveit/build/yolov8_obb': CMAKE_PREFIX_PATH=${CMAKE_PREFIX_PATH}:/home/luka/ws_moveit/install/hello_moveit_py:/home/luka/ws_moveit/install/moveit_configs_utils:/opt/ros/jazzy DEBUGINFOD_URLS=https://debuginfod.ubuntu.com /usr/bin/cmake --build /home/luka/ws_moveit/build/yolov8_obb -- -j4 -l4
[0.146s] Invoked command in '/home/luka/ws_moveit/build/yolov8_obb' returned '0': CMAKE_PREFIX_PATH=${CMAKE_PREFIX_PATH}:/home/luka/ws_moveit/install/hello_moveit_py:/home/luka/ws_moveit/install/moveit_configs_utils:/opt/ros/jazzy DEBUGINFOD_URLS=https://debuginfod.ubuntu.com /usr/bin/cmake --build /home/luka/ws_moveit/build/yolov8_obb -- -j4 -l4
[0.148s] Invoking command in '/home/luka/ws_moveit/build/yolov8_obb': CMAKE_PREFIX_PATH=${CMAKE_PREFIX_PATH}:/home/luka/ws_moveit/install/hello_moveit_py:/home/luka/ws_moveit/install/moveit_configs_utils:/opt/ros/jazzy DEBUGINFOD_URLS=https://debuginfod.ubuntu.com /usr/bin/cmake --install /home/luka/ws_moveit/build/yolov8_obb
[0.178s] -- Install configuration: ""
[0.178s] -- Up-to-date: /home/luka/ws_moveit/install/yolov8_obb/share/yolov8_obb//scripts
[0.178s] -- Up-to-date: /home/luka/ws_moveit/install/yolov8_obb/share/yolov8_obb//scripts/yolov8_obb_subscriber.py
[0.178s] -- Up-to-date: /home/luka/ws_moveit/install/yolov8_obb/share/yolov8_obb//scripts/best.pt
[0.178s] -- Up-to-date: /home/luka/ws_moveit/install/yolov8_obb/share/yolov8_obb//scripts/yolov8_obb_publisher.py
[0.179s] -- Up-to-date: /home/luka/ws_moveit/install/yolov8_obb/share/yolov8_obb//launch
[0.179s] -- Up-to-date: /home/luka/ws_moveit/install/yolov8_obb/share/yolov8_obb//launch/yolov8_obb.launch.py
[0.179s] -- Up-to-date: /home/luka/ws_moveit/install/yolov8_obb/lib/yolov8_obb/yolov8_obb_publisher.py
[0.179s] -- Up-to-date: /home/luka/ws_moveit/install/yolov8_obb/lib/yolov8_obb/yolov8_obb_subscriber.py
[0.179s] -- Up-to-date: /home/luka/ws_moveit/install/yolov8_obb/lib/yolov8_obb/yolov8_obb.launch.py
[0.180s] -- Up-to-date: /home/luka/ws_moveit/install/yolov8_obb/share/ament_index/resource_index/package_run_dependencies/yolov8_obb
[0.180s] -- Up-to-date: /home/luka/ws_moveit/install/yolov8_obb/share/ament_index/resource_index/parent_prefix_path/yolov8_obb
[0.180s] -- Up-to-date: /home/luka/ws_moveit/install/yolov8_obb/share/yolov8_obb/environment/ament_prefix_path.sh
[0.180s] -- Up-to-date: /home/luka/ws_moveit/install/yolov8_obb/share/yolov8_obb/environment/ament_prefix_path.dsv
[0.180s] -- Up-to-date: /home/luka/ws_moveit/install/yolov8_obb/share/yolov8_obb/environment/path.sh
[0.180s] -- Up-to-date: /home/luka/ws_moveit/install/yolov8_obb/share/yolov8_obb/environment/path.dsv
[0.181s] -- Up-to-date: /home/luka/ws_moveit/install/yolov8_obb/share/yolov8_obb/local_setup.bash
[0.181s] -- Up-to-date: /home/luka/ws_moveit/install/yolov8_obb/share/yolov8_obb/local_setup.sh
[0.181s] -- Up-to-date: /home/luka/ws_moveit/install/yolov8_obb/share/yolov8_obb/local_setup.zsh
[0.181s] -- Up-to-date: /home/luka/ws_moveit/install/yolov8_obb/share/yolov8_obb/local_setup.dsv
[0.181s] -- Installing: /home/luka/ws_moveit/install/yolov8_obb/share/yolov8_obb/package.dsv
[0.181s] -- Up-to-date: /home/luka/ws_moveit/install/yolov8_obb/share/ament_index/resource_index/packages/yolov8_obb
[0.181s] -- Up-to-date: /home/luka/ws_moveit/install/yolov8_obb/share/yolov8_obb/cmake/yolov8_obbConfig.cmake
[0.182s] -- Up-to-date: /home/luka/ws_moveit/install/yolov8_obb/share/yolov8_obb/cmake/yolov8_obbConfig-version.cmake
[0.182s] -- Up-to-date: /home/luka/ws_moveit/install/yolov8_obb/share/yolov8_obb/package.xml
[0.207s] Invoked command in '/home/luka/ws_moveit/build/yolov8_obb' returned '0': CMAKE_PREFIX_PATH=${CMAKE_PREFIX_PATH}:/home/luka/ws_moveit/install/hello_moveit_py:/home/luka/ws_moveit/install/moveit_configs_utils:/opt/ros/jazzy DEBUGINFOD_URLS=https://debuginfod.ubuntu.com /usr/bin/cmake --install /home/luka/ws_moveit/build/yolov8_obb
