[11.315s] Invoking command in '/home/luka/ws_moveit/src/moveit2/moveit_configs_utils': DEBUGINFOD_URLS=https://debuginfod.ubuntu.com PYTHONPATH=/home/luka/ws_moveit/build/moveit_configs_utils/prefix_override:/usr/lib/python3/dist-packages/colcon_core/task/python/colcon_distutils_commands:/home/luka/ws_moveit/install/moveit_configs_utils/lib/python3.12/site-packages:${PYTHONPATH} /usr/bin/python3 -W ignore:setup.py install is deprecated -W ignore:easy_install command is deprecated setup.py egg_info --egg-base ../../../build/moveit_configs_utils build --build-base /home/luka/ws_moveit/build/moveit_configs_utils/build install --record /home/luka/ws_moveit/build/moveit_configs_utils/install.log --single-version-externally-managed install_data
[15.157s] running egg_info
[15.158s] creating ../../../build/moveit_configs_utils/moveit_configs_utils.egg-info
[15.550s] writing ../../../build/moveit_configs_utils/moveit_configs_utils.egg-info/PKG-INFO
[15.551s] writing dependency_links to ../../../build/moveit_configs_utils/moveit_configs_utils.egg-info/dependency_links.txt
[15.552s] writing requirements to ../../../build/moveit_configs_utils/moveit_configs_utils.egg-info/requires.txt
[15.553s] writing top-level names to ../../../build/moveit_configs_utils/moveit_configs_utils.egg-info/top_level.txt
[15.554s] writing manifest file '../../../build/moveit_configs_utils/moveit_configs_utils.egg-info/SOURCES.txt'
[16.287s] reading manifest file '../../../build/moveit_configs_utils/moveit_configs_utils.egg-info/SOURCES.txt'
[16.292s] writing manifest file '../../../build/moveit_configs_utils/moveit_configs_utils.egg-info/SOURCES.txt'
[16.293s] running build
[16.295s] running build_py
[16.297s] creating /home/luka/ws_moveit/build/moveit_configs_utils/build
[16.299s] creating /home/luka/ws_moveit/build/moveit_configs_utils/build/lib
[16.301s] creating /home/luka/ws_moveit/build/moveit_configs_utils/build/lib/moveit_configs_utils
[16.303s] copying moveit_configs_utils/__init__.py -> /home/luka/ws_moveit/build/moveit_configs_utils/build/lib/moveit_configs_utils
[16.303s] copying moveit_configs_utils/launch_utils.py -> /home/luka/ws_moveit/build/moveit_configs_utils/build/lib/moveit_configs_utils
[16.304s] copying moveit_configs_utils/launches.py -> /home/luka/ws_moveit/build/moveit_configs_utils/build/lib/moveit_configs_utils
[16.304s] copying moveit_configs_utils/moveit_configs_builder.py -> /home/luka/ws_moveit/build/moveit_configs_utils/build/lib/moveit_configs_utils
[16.305s] creating /home/luka/ws_moveit/build/moveit_configs_utils/build/lib/moveit_configs_utils/substitutions
[16.310s] copying moveit_configs_utils/substitutions/__init__.py -> /home/luka/ws_moveit/build/moveit_configs_utils/build/lib/moveit_configs_utils/substitutions
[16.310s] copying moveit_configs_utils/substitutions/xacro.py -> /home/luka/ws_moveit/build/moveit_configs_utils/build/lib/moveit_configs_utils/substitutions
[16.311s] running install
[16.354s] running install_lib
[16.638s] creating /home/luka/ws_moveit/install/moveit_configs_utils/lib/python3.12/site-packages/moveit_configs_utils
[16.640s] copying /home/luka/ws_moveit/build/moveit_configs_utils/build/lib/moveit_configs_utils/__init__.py -> /home/luka/ws_moveit/install/moveit_configs_utils/lib/python3.12/site-packages/moveit_configs_utils
[16.644s] creating /home/luka/ws_moveit/install/moveit_configs_utils/lib/python3.12/site-packages/moveit_configs_utils/substitutions
[16.648s] copying /home/luka/ws_moveit/build/moveit_configs_utils/build/lib/moveit_configs_utils/substitutions/__init__.py -> /home/luka/ws_moveit/install/moveit_configs_utils/lib/python3.12/site-packages/moveit_configs_utils/substitutions
[16.649s] copying /home/luka/ws_moveit/build/moveit_configs_utils/build/lib/moveit_configs_utils/substitutions/xacro.py -> /home/luka/ws_moveit/install/moveit_configs_utils/lib/python3.12/site-packages/moveit_configs_utils/substitutions
[16.651s] copying /home/luka/ws_moveit/build/moveit_configs_utils/build/lib/moveit_configs_utils/launch_utils.py -> /home/luka/ws_moveit/install/moveit_configs_utils/lib/python3.12/site-packages/moveit_configs_utils
[16.652s] copying /home/luka/ws_moveit/build/moveit_configs_utils/build/lib/moveit_configs_utils/launches.py -> /home/luka/ws_moveit/install/moveit_configs_utils/lib/python3.12/site-packages/moveit_configs_utils
[16.658s] copying /home/luka/ws_moveit/build/moveit_configs_utils/build/lib/moveit_configs_utils/moveit_configs_builder.py -> /home/luka/ws_moveit/install/moveit_configs_utils/lib/python3.12/site-packages/moveit_configs_utils
[16.659s] byte-compiling /home/luka/ws_moveit/install/moveit_configs_utils/lib/python3.12/site-packages/moveit_configs_utils/__init__.py to __init__.cpython-312.pyc
[16.662s] byte-compiling /home/luka/ws_moveit/install/moveit_configs_utils/lib/python3.12/site-packages/moveit_configs_utils/substitutions/__init__.py to __init__.cpython-312.pyc
[16.666s] byte-compiling /home/luka/ws_moveit/install/moveit_configs_utils/lib/python3.12/site-packages/moveit_configs_utils/substitutions/xacro.py to xacro.cpython-312.pyc
[16.667s] byte-compiling /home/luka/ws_moveit/install/moveit_configs_utils/lib/python3.12/site-packages/moveit_configs_utils/launch_utils.py to launch_utils.cpython-312.pyc
[16.668s] byte-compiling /home/luka/ws_moveit/install/moveit_configs_utils/lib/python3.12/site-packages/moveit_configs_utils/launches.py to launches.cpython-312.pyc
[16.673s] byte-compiling /home/luka/ws_moveit/install/moveit_configs_utils/lib/python3.12/site-packages/moveit_configs_utils/moveit_configs_builder.py to moveit_configs_builder.cpython-312.pyc
[16.695s] running install_data
[16.697s] creating /home/luka/ws_moveit/install/moveit_configs_utils/share/ament_index
[16.700s] creating /home/luka/ws_moveit/install/moveit_configs_utils/share/ament_index/resource_index
[16.702s] creating /home/luka/ws_moveit/install/moveit_configs_utils/share/ament_index/resource_index/packages
[16.702s] copying resource/moveit_configs_utils -> /home/luka/ws_moveit/install/moveit_configs_utils/share/ament_index/resource_index/packages
[16.703s] copying package.xml -> /home/luka/ws_moveit/install/moveit_configs_utils/share/moveit_configs_utils
[16.707s] creating /home/luka/ws_moveit/install/moveit_configs_utils/share/moveit_configs_utils/default_configs
[16.707s] copying default_configs/chomp_planning.yaml -> /home/luka/ws_moveit/install/moveit_configs_utils/share/moveit_configs_utils/default_configs
[16.708s] copying default_configs/ompl_defaults.yaml -> /home/luka/ws_moveit/install/moveit_configs_utils/share/moveit_configs_utils/default_configs
[16.709s] copying default_configs/ompl_planning.yaml -> /home/luka/ws_moveit/install/moveit_configs_utils/share/moveit_configs_utils/default_configs
[16.712s] copying default_configs/pilz_industrial_motion_planner_planning.yaml -> /home/luka/ws_moveit/install/moveit_configs_utils/share/moveit_configs_utils/default_configs
[16.713s] copying default_configs/stomp_planning.yaml -> /home/luka/ws_moveit/install/moveit_configs_utils/share/moveit_configs_utils/default_configs
[16.714s] running install_egg_info
[17.007s] Copying ../../../build/moveit_configs_utils/moveit_configs_utils.egg-info to /home/luka/ws_moveit/install/moveit_configs_utils/lib/python3.12/site-packages/moveit_configs_utils-2.14.1-py3.12.egg-info
[17.009s] running install_scripts
[19.923s] writing list of installed files to '/home/luka/ws_moveit/build/moveit_configs_utils/install.log'
[20.165s] Invoked command in '/home/luka/ws_moveit/src/moveit2/moveit_configs_utils' returned '0': DEBUGINFOD_URLS=https://debuginfod.ubuntu.com PYTHONPATH=/home/luka/ws_moveit/build/moveit_configs_utils/prefix_override:/usr/lib/python3/dist-packages/colcon_core/task/python/colcon_distutils_commands:/home/luka/ws_moveit/install/moveit_configs_utils/lib/python3.12/site-packages:${PYTHONPATH} /usr/bin/python3 -W ignore:setup.py install is deprecated -W ignore:easy_install command is deprecated setup.py egg_info --egg-base ../../../build/moveit_configs_utils build --build-base /home/luka/ws_moveit/build/moveit_configs_utils/build install --record /home/luka/ws_moveit/build/moveit_configs_utils/install.log --single-version-externally-managed install_data
