[0.017s] Invoking command in '/home/luka/ws_moveit/build/kortex_driver': AMENT_PREFIX_PATH=/home/luka/ws_moveit/install/kortex_api:${AMENT_PREFIX_PATH} CMAKE_PREFIX_PATH=/home/luka/ws_moveit/install/kortex_api:/opt/ros/jazzy/opt/gz_sim_vendor:/opt/ros/jazzy/opt/gz_sensors_vendor:/opt/ros/jazzy/opt/gz_physics_vendor:/opt/ros/jazzy/opt/sdformat_vendor:/opt/ros/jazzy/opt/gz_gui_vendor:/opt/ros/jazzy/opt/gz_transport_vendor:/opt/ros/jazzy/opt/gz_rendering_vendor:/opt/ros/jazzy/opt/gz_plugin_vendor:/opt/ros/jazzy/opt/gz_fuel_tools_vendor:/opt/ros/jazzy/opt/gz_msgs_vendor:/opt/ros/jazzy/opt/gz_common_vendor:/opt/ros/jazzy/opt/gz_math_vendor:/opt/ros/jazzy/opt/gz_utils_vendor:/opt/ros/jazzy/opt/gz_tools_vendor:/opt/ros/jazzy/opt/gz_ogre_next_vendor:/opt/ros/jazzy/opt/gz_dartsim_vendor:/opt/ros/jazzy/opt/gz_cmake_vendor:/opt/ros/jazzy DEBUGINFOD_URLS=https://debuginfod.ubuntu.com /usr/bin/cmake --build /home/luka/ws_moveit/build/kortex_driver -- -j4 -l4
[0.183s] [100%] Built target kortex_driver
[0.212s] Invoked command in '/home/luka/ws_moveit/build/kortex_driver' returned '0': AMENT_PREFIX_PATH=/home/luka/ws_moveit/install/kortex_api:${AMENT_PREFIX_PATH} CMAKE_PREFIX_PATH=/home/luka/ws_moveit/install/kortex_api:/opt/ros/jazzy/opt/gz_sim_vendor:/opt/ros/jazzy/opt/gz_sensors_vendor:/opt/ros/jazzy/opt/gz_physics_vendor:/opt/ros/jazzy/opt/sdformat_vendor:/opt/ros/jazzy/opt/gz_gui_vendor:/opt/ros/jazzy/opt/gz_transport_vendor:/opt/ros/jazzy/opt/gz_rendering_vendor:/opt/ros/jazzy/opt/gz_plugin_vendor:/opt/ros/jazzy/opt/gz_fuel_tools_vendor:/opt/ros/jazzy/opt/gz_msgs_vendor:/opt/ros/jazzy/opt/gz_common_vendor:/opt/ros/jazzy/opt/gz_math_vendor:/opt/ros/jazzy/opt/gz_utils_vendor:/opt/ros/jazzy/opt/gz_tools_vendor:/opt/ros/jazzy/opt/gz_ogre_next_vendor:/opt/ros/jazzy/opt/gz_dartsim_vendor:/opt/ros/jazzy/opt/gz_cmake_vendor:/opt/ros/jazzy DEBUGINFOD_URLS=https://debuginfod.ubuntu.com /usr/bin/cmake --build /home/luka/ws_moveit/build/kortex_driver -- -j4 -l4
[0.218s] Invoking command in '/home/luka/ws_moveit/build/kortex_driver': AMENT_PREFIX_PATH=/home/luka/ws_moveit/install/kortex_api:${AMENT_PREFIX_PATH} CMAKE_PREFIX_PATH=/home/luka/ws_moveit/install/kortex_api:/opt/ros/jazzy/opt/gz_sim_vendor:/opt/ros/jazzy/opt/gz_sensors_vendor:/opt/ros/jazzy/opt/gz_physics_vendor:/opt/ros/jazzy/opt/sdformat_vendor:/opt/ros/jazzy/opt/gz_gui_vendor:/opt/ros/jazzy/opt/gz_transport_vendor:/opt/ros/jazzy/opt/gz_rendering_vendor:/opt/ros/jazzy/opt/gz_plugin_vendor:/opt/ros/jazzy/opt/gz_fuel_tools_vendor:/opt/ros/jazzy/opt/gz_msgs_vendor:/opt/ros/jazzy/opt/gz_common_vendor:/opt/ros/jazzy/opt/gz_math_vendor:/opt/ros/jazzy/opt/gz_utils_vendor:/opt/ros/jazzy/opt/gz_tools_vendor:/opt/ros/jazzy/opt/gz_ogre_next_vendor:/opt/ros/jazzy/opt/gz_dartsim_vendor:/opt/ros/jazzy/opt/gz_cmake_vendor:/opt/ros/jazzy DEBUGINFOD_URLS=https://debuginfod.ubuntu.com /usr/bin/cmake --install /home/luka/ws_moveit/build/kortex_driver
[0.246s] -- Install configuration: "Release"
[0.247s] -- Up-to-date: /home/luka/ws_moveit/install/kortex_driver/share/kortex_driver/hardware_interface_plugin.xml
[0.247s] -- Up-to-date: /home/luka/ws_moveit/install/kortex_driver/lib/libkortex_driver.so
[0.248s] -- Up-to-date: /home/luka/ws_moveit/install/kortex_driver/include
[0.250s] -- Up-to-date: /home/luka/ws_moveit/install/kortex_driver/include/kortex_driver
[0.250s] -- Up-to-date: /home/luka/ws_moveit/install/kortex_driver/include/kortex_driver/visibility_control.h
[0.250s] -- Up-to-date: /home/luka/ws_moveit/install/kortex_driver/include/kortex_driver/hardware_interface.hpp
[0.250s] -- Up-to-date: /home/luka/ws_moveit/install/kortex_driver/include/kortex_driver/kortex_math_util.hpp
[0.250s] -- Up-to-date: /home/luka/ws_moveit/install/kortex_driver/share/kortex_driver/environment/library_path.sh
[0.250s] -- Up-to-date: /home/luka/ws_moveit/install/kortex_driver/share/kortex_driver/environment/library_path.dsv
[0.250s] -- Up-to-date: /home/luka/ws_moveit/install/kortex_driver/share/ament_index/resource_index/package_run_dependencies/kortex_driver
[0.252s] -- Up-to-date: /home/luka/ws_moveit/install/kortex_driver/share/ament_index/resource_index/parent_prefix_path/kortex_driver
[0.252s] -- Up-to-date: /home/luka/ws_moveit/install/kortex_driver/share/kortex_driver/environment/ament_prefix_path.sh
[0.252s] -- Up-to-date: /home/luka/ws_moveit/install/kortex_driver/share/kortex_driver/environment/ament_prefix_path.dsv
[0.252s] -- Up-to-date: /home/luka/ws_moveit/install/kortex_driver/share/kortex_driver/environment/path.sh
[0.252s] -- Up-to-date: /home/luka/ws_moveit/install/kortex_driver/share/kortex_driver/environment/path.dsv
[0.252s] -- Up-to-date: /home/luka/ws_moveit/install/kortex_driver/share/kortex_driver/local_setup.bash
[0.253s] -- Up-to-date: /home/luka/ws_moveit/install/kortex_driver/share/kortex_driver/local_setup.sh
[0.253s] -- Up-to-date: /home/luka/ws_moveit/install/kortex_driver/share/kortex_driver/local_setup.zsh
[0.253s] -- Up-to-date: /home/luka/ws_moveit/install/kortex_driver/share/kortex_driver/local_setup.dsv
[0.253s] -- Installing: /home/luka/ws_moveit/install/kortex_driver/share/kortex_driver/package.dsv
[0.254s] -- Up-to-date: /home/luka/ws_moveit/install/kortex_driver/share/ament_index/resource_index/packages/kortex_driver
[0.254s] -- Up-to-date: /home/luka/ws_moveit/install/kortex_driver/share/ament_index/resource_index/hardware_interface__pluginlib__plugin/kortex_driver
[0.255s] -- Up-to-date: /home/luka/ws_moveit/install/kortex_driver/share/kortex_driver/cmake/ament_cmake_export_include_directories-extras.cmake
[0.256s] -- Up-to-date: /home/luka/ws_moveit/install/kortex_driver/share/kortex_driver/cmake/ament_cmake_export_libraries-extras.cmake
[0.256s] -- Up-to-date: /home/luka/ws_moveit/install/kortex_driver/share/kortex_driver/cmake/ament_cmake_export_dependencies-extras.cmake
[0.256s] -- Up-to-date: /home/luka/ws_moveit/install/kortex_driver/share/kortex_driver/cmake/kortex_driverConfig.cmake
[0.256s] -- Up-to-date: /home/luka/ws_moveit/install/kortex_driver/share/kortex_driver/cmake/kortex_driverConfig-version.cmake
[0.256s] -- Up-to-date: /home/luka/ws_moveit/install/kortex_driver/share/kortex_driver/package.xml
[0.261s] Invoked command in '/home/luka/ws_moveit/build/kortex_driver' returned '0': AMENT_PREFIX_PATH=/home/luka/ws_moveit/install/kortex_api:${AMENT_PREFIX_PATH} CMAKE_PREFIX_PATH=/home/luka/ws_moveit/install/kortex_api:/opt/ros/jazzy/opt/gz_sim_vendor:/opt/ros/jazzy/opt/gz_sensors_vendor:/opt/ros/jazzy/opt/gz_physics_vendor:/opt/ros/jazzy/opt/sdformat_vendor:/opt/ros/jazzy/opt/gz_gui_vendor:/opt/ros/jazzy/opt/gz_transport_vendor:/opt/ros/jazzy/opt/gz_rendering_vendor:/opt/ros/jazzy/opt/gz_plugin_vendor:/opt/ros/jazzy/opt/gz_fuel_tools_vendor:/opt/ros/jazzy/opt/gz_msgs_vendor:/opt/ros/jazzy/opt/gz_common_vendor:/opt/ros/jazzy/opt/gz_math_vendor:/opt/ros/jazzy/opt/gz_utils_vendor:/opt/ros/jazzy/opt/gz_tools_vendor:/opt/ros/jazzy/opt/gz_ogre_next_vendor:/opt/ros/jazzy/opt/gz_dartsim_vendor:/opt/ros/jazzy/opt/gz_cmake_vendor:/opt/ros/jazzy DEBUGINFOD_URLS=https://debuginfod.ubuntu.com /usr/bin/cmake --install /home/luka/ws_moveit/build/kortex_driver
