[0.042s] Invoking command in '/home/luka/ws_moveit/build/moveit_py': AMENT_PREFIX_PATH=/home/luka/ws_moveit/install/moveit_ros_planning_interface:/home/luka/ws_moveit/install/moveit_ros_move_group:/home/luka/ws_moveit/install/moveit_ros_warehouse:/home/luka/ws_moveit/install/moveit_kinematics:/home/luka/ws_moveit/install/moveit_ros_planning:/home/luka/ws_moveit/install/moveit_simple_controller_manager:/home/luka/ws_moveit/install/moveit_ros_occupancy_map_monitor:/home/luka/ws_moveit/install/moveit_core:/home/luka/ws_moveit/install/moveit_resources_panda_moveit_config:/home/luka/ws_moveit/install/moveit_resources_fanuc_moveit_config:/home/luka/ws_moveit/install/moveit_resources_pr2_description:/home/luka/ws_moveit/install/moveit_resources_panda_description:/home/luka/ws_moveit/install/moveit_resources_fanuc_description:/home/luka/ws_moveit/install/moveit_msgs:/home/luka/ws_moveit/install/moveit_configs_utils:/home/luka/ws_moveit/install/moveit_common:${AMENT_PREFIX_PATH} CMAKE_PREFIX_PATH=/home/luka/ws_moveit/install/moveit_ros_planning_interface:/home/luka/ws_moveit/install/moveit_ros_move_group:/home/luka/ws_moveit/install/moveit_ros_warehouse:/home/luka/ws_moveit/install/moveit_kinematics:/home/luka/ws_moveit/install/moveit_ros_planning:/home/luka/ws_moveit/install/moveit_simple_controller_manager:/home/luka/ws_moveit/install/moveit_ros_occupancy_map_monitor:/home/luka/ws_moveit/install/moveit_core:/home/luka/ws_moveit/install/moveit_resources_panda_moveit_config:/home/luka/ws_moveit/install/moveit_resources_fanuc_moveit_config:/home/luka/ws_moveit/install/moveit_resources_pr2_description:/home/luka/ws_moveit/install/moveit_resources_panda_description:/home/luka/ws_moveit/install/moveit_resources_fanuc_description:/home/luka/ws_moveit/install/moveit_msgs:/home/luka/ws_moveit/install/moveit_common:/opt/ros/jazzy/opt/gz_sim_vendor:/opt/ros/jazzy/opt/gz_sensors_vendor:/opt/ros/jazzy/opt/gz_physics_vendor:/opt/ros/jazzy/opt/sdformat_vendor:/opt/ros/jazzy/opt/gz_gui_vendor:/opt/ros/jazzy/opt/gz_transport_vendor:/opt/ros/jazzy/opt/gz_rendering_vendor:/opt/ros/jazzy/opt/gz_plugin_vendor:/opt/ros/jazzy/opt/gz_fuel_tools_vendor:/opt/ros/jazzy/opt/gz_msgs_vendor:/opt/ros/jazzy/opt/gz_common_vendor:/opt/ros/jazzy/opt/gz_math_vendor:/opt/ros/jazzy/opt/gz_utils_vendor:/opt/ros/jazzy/opt/gz_tools_vendor:/opt/ros/jazzy/opt/gz_ogre_next_vendor:/opt/ros/jazzy/opt/gz_dartsim_vendor:/opt/ros/jazzy/opt/gz_cmake_vendor:/opt/ros/jazzy DEBUGINFOD_URLS=https://debuginfod.ubuntu.com LD_LIBRARY_PATH=/home/luka/ws_moveit/install/moveit_ros_planning_interface/lib:/home/luka/ws_moveit/install/moveit_ros_move_group/lib:/home/luka/ws_moveit/install/moveit_ros_warehouse/lib:/home/luka/ws_moveit/install/moveit_kinematics/lib:/home/luka/ws_moveit/install/moveit_ros_planning/lib:/home/luka/ws_moveit/install/moveit_simple_controller_manager/lib:/home/luka/ws_moveit/install/moveit_ros_occupancy_map_monitor/lib:/home/luka/ws_moveit/install/moveit_core/lib:/home/luka/ws_moveit/install/moveit_msgs/lib:${LD_LIBRARY_PATH} PATH=/home/luka/ws_moveit/install/moveit_core/bin:${PATH} PYTHONPATH=/home/luka/ws_moveit/install/moveit_msgs/lib/python3.12/site-packages:/home/luka/ws_moveit/install/moveit_configs_utils/lib/python3.12/site-packages:${PYTHONPATH} /usr/bin/cmake --build /home/luka/ws_moveit/build/moveit_py -- -j4 -l4
[0.142s] [  4%] [32m[1mLinking CXX shared library libmoveit_py_utils.so[0m
[0.144s] [  4%] Built target ament_cmake_python_copy_moveit
[0.573s] running egg_info
[0.647s] writing moveit.egg-info/PKG-INFO
[0.647s] writing dependency_links to moveit.egg-info/dependency_links.txt
[0.647s] writing top-level names to moveit.egg-info/top_level.txt
[0.783s] reading manifest file 'moveit.egg-info/SOURCES.txt'
[0.784s] writing manifest file 'moveit.egg-info/SOURCES.txt'
[0.822s] [  4%] Built target ament_cmake_python_build_moveit_egg
[1.145s] [ 12%] Built target moveit_py_utils
[1.228s] [ 16%] [32m[1mLinking CXX shared module test_moveit/planning.cpython-312-x86_64-linux-gnu.so[0m
[1.236s] [ 20%] [32m[1mLinking CXX shared module test_moveit/core.cpython-312-x86_64-linux-gnu.so[0m
[2.866s] [01m[Klto-wrapper:[m[K [01;35m[Kwarning: [m[Kusing serial compilation of 7 LTRANS jobs
[2.866s] [01m[Klto-wrapper:[m[K [01;36m[Knote: [m[Ksee the ]8;;https://gcc.gnu.org/onlinedocs/gcc/Optimize-Options.html#index-flto‘[01m[K-flto[m[K’ option documentation]8;; for more information
[3.410s] [01m[Klto-wrapper:[m[K [01;35m[Kwarning: [m[Kusing serial compilation of 10 LTRANS jobs
[3.410s] [01m[Klto-wrapper:[m[K [01;36m[Knote: [m[Ksee the ]8;;https://gcc.gnu.org/onlinedocs/gcc/Optimize-Options.html#index-flto‘[01m[K-flto[m[K’ option documentation]8;; for more information
[12.862s] [ 41%] Built target planning
[16.481s] [100%] Built target core
[16.496s] Invoked command in '/home/luka/ws_moveit/build/moveit_py' returned '0': AMENT_PREFIX_PATH=/home/luka/ws_moveit/install/moveit_ros_planning_interface:/home/luka/ws_moveit/install/moveit_ros_move_group:/home/luka/ws_moveit/install/moveit_ros_warehouse:/home/luka/ws_moveit/install/moveit_kinematics:/home/luka/ws_moveit/install/moveit_ros_planning:/home/luka/ws_moveit/install/moveit_simple_controller_manager:/home/luka/ws_moveit/install/moveit_ros_occupancy_map_monitor:/home/luka/ws_moveit/install/moveit_core:/home/luka/ws_moveit/install/moveit_resources_panda_moveit_config:/home/luka/ws_moveit/install/moveit_resources_fanuc_moveit_config:/home/luka/ws_moveit/install/moveit_resources_pr2_description:/home/luka/ws_moveit/install/moveit_resources_panda_description:/home/luka/ws_moveit/install/moveit_resources_fanuc_description:/home/luka/ws_moveit/install/moveit_msgs:/home/luka/ws_moveit/install/moveit_configs_utils:/home/luka/ws_moveit/install/moveit_common:${AMENT_PREFIX_PATH} CMAKE_PREFIX_PATH=/home/luka/ws_moveit/install/moveit_ros_planning_interface:/home/luka/ws_moveit/install/moveit_ros_move_group:/home/luka/ws_moveit/install/moveit_ros_warehouse:/home/luka/ws_moveit/install/moveit_kinematics:/home/luka/ws_moveit/install/moveit_ros_planning:/home/luka/ws_moveit/install/moveit_simple_controller_manager:/home/luka/ws_moveit/install/moveit_ros_occupancy_map_monitor:/home/luka/ws_moveit/install/moveit_core:/home/luka/ws_moveit/install/moveit_resources_panda_moveit_config:/home/luka/ws_moveit/install/moveit_resources_fanuc_moveit_config:/home/luka/ws_moveit/install/moveit_resources_pr2_description:/home/luka/ws_moveit/install/moveit_resources_panda_description:/home/luka/ws_moveit/install/moveit_resources_fanuc_description:/home/luka/ws_moveit/install/moveit_msgs:/home/luka/ws_moveit/install/moveit_common:/opt/ros/jazzy/opt/gz_sim_vendor:/opt/ros/jazzy/opt/gz_sensors_vendor:/opt/ros/jazzy/opt/gz_physics_vendor:/opt/ros/jazzy/opt/sdformat_vendor:/opt/ros/jazzy/opt/gz_gui_vendor:/opt/ros/jazzy/opt/gz_transport_vendor:/opt/ros/jazzy/opt/gz_rendering_vendor:/opt/ros/jazzy/opt/gz_plugin_vendor:/opt/ros/jazzy/opt/gz_fuel_tools_vendor:/opt/ros/jazzy/opt/gz_msgs_vendor:/opt/ros/jazzy/opt/gz_common_vendor:/opt/ros/jazzy/opt/gz_math_vendor:/opt/ros/jazzy/opt/gz_utils_vendor:/opt/ros/jazzy/opt/gz_tools_vendor:/opt/ros/jazzy/opt/gz_ogre_next_vendor:/opt/ros/jazzy/opt/gz_dartsim_vendor:/opt/ros/jazzy/opt/gz_cmake_vendor:/opt/ros/jazzy DEBUGINFOD_URLS=https://debuginfod.ubuntu.com LD_LIBRARY_PATH=/home/luka/ws_moveit/install/moveit_ros_planning_interface/lib:/home/luka/ws_moveit/install/moveit_ros_move_group/lib:/home/luka/ws_moveit/install/moveit_ros_warehouse/lib:/home/luka/ws_moveit/install/moveit_kinematics/lib:/home/luka/ws_moveit/install/moveit_ros_planning/lib:/home/luka/ws_moveit/install/moveit_simple_controller_manager/lib:/home/luka/ws_moveit/install/moveit_ros_occupancy_map_monitor/lib:/home/luka/ws_moveit/install/moveit_core/lib:/home/luka/ws_moveit/install/moveit_msgs/lib:${LD_LIBRARY_PATH} PATH=/home/luka/ws_moveit/install/moveit_core/bin:${PATH} PYTHONPATH=/home/luka/ws_moveit/install/moveit_msgs/lib/python3.12/site-packages:/home/luka/ws_moveit/install/moveit_configs_utils/lib/python3.12/site-packages:${PYTHONPATH} /usr/bin/cmake --build /home/luka/ws_moveit/build/moveit_py -- -j4 -l4
[16.498s] Invoking command in '/home/luka/ws_moveit/build/moveit_py': AMENT_PREFIX_PATH=/home/luka/ws_moveit/install/moveit_ros_planning_interface:/home/luka/ws_moveit/install/moveit_ros_move_group:/home/luka/ws_moveit/install/moveit_ros_warehouse:/home/luka/ws_moveit/install/moveit_kinematics:/home/luka/ws_moveit/install/moveit_ros_planning:/home/luka/ws_moveit/install/moveit_simple_controller_manager:/home/luka/ws_moveit/install/moveit_ros_occupancy_map_monitor:/home/luka/ws_moveit/install/moveit_core:/home/luka/ws_moveit/install/moveit_resources_panda_moveit_config:/home/luka/ws_moveit/install/moveit_resources_fanuc_moveit_config:/home/luka/ws_moveit/install/moveit_resources_pr2_description:/home/luka/ws_moveit/install/moveit_resources_panda_description:/home/luka/ws_moveit/install/moveit_resources_fanuc_description:/home/luka/ws_moveit/install/moveit_msgs:/home/luka/ws_moveit/install/moveit_configs_utils:/home/luka/ws_moveit/install/moveit_common:${AMENT_PREFIX_PATH} CMAKE_PREFIX_PATH=/home/luka/ws_moveit/install/moveit_ros_planning_interface:/home/luka/ws_moveit/install/moveit_ros_move_group:/home/luka/ws_moveit/install/moveit_ros_warehouse:/home/luka/ws_moveit/install/moveit_kinematics:/home/luka/ws_moveit/install/moveit_ros_planning:/home/luka/ws_moveit/install/moveit_simple_controller_manager:/home/luka/ws_moveit/install/moveit_ros_occupancy_map_monitor:/home/luka/ws_moveit/install/moveit_core:/home/luka/ws_moveit/install/moveit_resources_panda_moveit_config:/home/luka/ws_moveit/install/moveit_resources_fanuc_moveit_config:/home/luka/ws_moveit/install/moveit_resources_pr2_description:/home/luka/ws_moveit/install/moveit_resources_panda_description:/home/luka/ws_moveit/install/moveit_resources_fanuc_description:/home/luka/ws_moveit/install/moveit_msgs:/home/luka/ws_moveit/install/moveit_common:/opt/ros/jazzy/opt/gz_sim_vendor:/opt/ros/jazzy/opt/gz_sensors_vendor:/opt/ros/jazzy/opt/gz_physics_vendor:/opt/ros/jazzy/opt/sdformat_vendor:/opt/ros/jazzy/opt/gz_gui_vendor:/opt/ros/jazzy/opt/gz_transport_vendor:/opt/ros/jazzy/opt/gz_rendering_vendor:/opt/ros/jazzy/opt/gz_plugin_vendor:/opt/ros/jazzy/opt/gz_fuel_tools_vendor:/opt/ros/jazzy/opt/gz_msgs_vendor:/opt/ros/jazzy/opt/gz_common_vendor:/opt/ros/jazzy/opt/gz_math_vendor:/opt/ros/jazzy/opt/gz_utils_vendor:/opt/ros/jazzy/opt/gz_tools_vendor:/opt/ros/jazzy/opt/gz_ogre_next_vendor:/opt/ros/jazzy/opt/gz_dartsim_vendor:/opt/ros/jazzy/opt/gz_cmake_vendor:/opt/ros/jazzy DEBUGINFOD_URLS=https://debuginfod.ubuntu.com LD_LIBRARY_PATH=/home/luka/ws_moveit/install/moveit_ros_planning_interface/lib:/home/luka/ws_moveit/install/moveit_ros_move_group/lib:/home/luka/ws_moveit/install/moveit_ros_warehouse/lib:/home/luka/ws_moveit/install/moveit_kinematics/lib:/home/luka/ws_moveit/install/moveit_ros_planning/lib:/home/luka/ws_moveit/install/moveit_simple_controller_manager/lib:/home/luka/ws_moveit/install/moveit_ros_occupancy_map_monitor/lib:/home/luka/ws_moveit/install/moveit_core/lib:/home/luka/ws_moveit/install/moveit_msgs/lib:${LD_LIBRARY_PATH} PATH=/home/luka/ws_moveit/install/moveit_core/bin:${PATH} PYTHONPATH=/home/luka/ws_moveit/install/moveit_msgs/lib/python3.12/site-packages:/home/luka/ws_moveit/install/moveit_configs_utils/lib/python3.12/site-packages:${PYTHONPATH} /usr/bin/cmake --install /home/luka/ws_moveit/build/moveit_py
[16.510s] -- Install configuration: "Release"
[16.511s] -- Installing: /home/luka/ws_moveit/install/moveit_py/lib/libmoveit_py_utils.so.
[16.511s] -- Set non-toolchain portion of runtime path of "/home/luka/ws_moveit/install/moveit_py/lib/libmoveit_py_utils.so." to ""
[16.512s] -- Up-to-date: /home/luka/ws_moveit/install/moveit_py/lib/libmoveit_py_utils.so
[16.512s] -- Up-to-date: /home/luka/ws_moveit/install/moveit_py/include/moveit_py
[16.512s] -- Up-to-date: /home/luka/ws_moveit/install/moveit_py/include/moveit_py/moveit_py
[16.512s] -- Up-to-date: /home/luka/ws_moveit/install/moveit_py/include/moveit_py/moveit_py/moveit_py_utils
[16.512s] -- Up-to-date: /home/luka/ws_moveit/install/moveit_py/include/moveit_py/moveit_py/moveit_py_utils/ros_msg_typecasters.h
[16.512s] -- Up-to-date: /home/luka/ws_moveit/install/moveit_py/include/moveit_py/moveit_py/moveit_py_utils/rclpy_time_typecaster.hpp
[16.513s] -- Up-to-date: /home/luka/ws_moveit/install/moveit_py/include/moveit_py/moveit_py/moveit_py_utils/copy_ros_msg.hpp
[16.513s] -- Up-to-date: /home/luka/ws_moveit/install/moveit_py/include/moveit_py/moveit_py/moveit_py_utils/ros_msg_typecasters.hpp
[16.513s] -- Up-to-date: /home/luka/ws_moveit/install/moveit_py/include/moveit_py/moveit_py/moveit_py_utils/copy_ros_msg.h
[16.513s] -- Up-to-date: /home/luka/ws_moveit/install/moveit_py/share/moveit_py/environment/pythonpath.sh
[16.513s] -- Up-to-date: /home/luka/ws_moveit/install/moveit_py/share/moveit_py/environment/pythonpath.dsv
[16.513s] -- Up-to-date: /home/luka/ws_moveit/install/moveit_py/lib/python3.12/site-packages/moveit-2.14.1-py3.12.egg-info
[16.514s] -- Installing: /home/luka/ws_moveit/install/moveit_py/lib/python3.12/site-packages/moveit-2.14.1-py3.12.egg-info/dependency_links.txt
[16.514s] -- Installing: /home/luka/ws_moveit/install/moveit_py/lib/python3.12/site-packages/moveit-2.14.1-py3.12.egg-info/PKG-INFO
[16.514s] -- Installing: /home/luka/ws_moveit/install/moveit_py/lib/python3.12/site-packages/moveit-2.14.1-py3.12.egg-info/SOURCES.txt
[16.514s] -- Installing: /home/luka/ws_moveit/install/moveit_py/lib/python3.12/site-packages/moveit-2.14.1-py3.12.egg-info/top_level.txt
[16.514s] -- Up-to-date: /home/luka/ws_moveit/install/moveit_py/lib/python3.12/site-packages/moveit
[16.514s] -- Up-to-date: /home/luka/ws_moveit/install/moveit_py/lib/python3.12/site-packages/moveit/__init__.py
[16.515s] -- Up-to-date: /home/luka/ws_moveit/install/moveit_py/lib/python3.12/site-packages/moveit/utils.pyi
[16.515s] -- Up-to-date: /home/luka/ws_moveit/install/moveit_py/lib/python3.12/site-packages/moveit/utils.py
[16.515s] -- Up-to-date: /home/luka/ws_moveit/install/moveit_py/lib/python3.12/site-packages/moveit/README.md
[16.515s] -- Up-to-date: /home/luka/ws_moveit/install/moveit_py/lib/python3.12/site-packages/moveit/servo_client
[16.515s] -- Up-to-date: /home/luka/ws_moveit/install/moveit_py/lib/python3.12/site-packages/moveit/servo_client/__init__.py
[16.515s] -- Up-to-date: /home/luka/ws_moveit/install/moveit_py/lib/python3.12/site-packages/moveit/servo_client/teleop.py
[16.516s] -- Up-to-date: /home/luka/ws_moveit/install/moveit_py/lib/python3.12/site-packages/moveit/servo_client/teleop.pyi
[16.516s] -- Up-to-date: /home/luka/ws_moveit/install/moveit_py/lib/python3.12/site-packages/moveit/servo_client/README.md
[16.516s] -- Up-to-date: /home/luka/ws_moveit/install/moveit_py/lib/python3.12/site-packages/moveit/servo_client/devices
[16.516s] -- Up-to-date: /home/luka/ws_moveit/install/moveit_py/lib/python3.12/site-packages/moveit/servo_client/devices/__init__.py
[16.516s] -- Up-to-date: /home/luka/ws_moveit/install/moveit_py/lib/python3.12/site-packages/moveit/servo_client/devices/ps4_dualshock.py
[16.517s] -- Up-to-date: /home/luka/ws_moveit/install/moveit_py/lib/python3.12/site-packages/moveit/servo_client/devices/__init__.pyi
[16.517s] -- Up-to-date: /home/luka/ws_moveit/install/moveit_py/lib/python3.12/site-packages/moveit/servo_client/devices/ps4_dualshock.pyi
[16.517s] -- Up-to-date: /home/luka/ws_moveit/install/moveit_py/lib/python3.12/site-packages/moveit/servo_client/__init__.pyi
[16.517s] -- Up-to-date: /home/luka/ws_moveit/install/moveit_py/lib/python3.12/site-packages/moveit/planning.pyi
[16.517s] -- Up-to-date: /home/luka/ws_moveit/install/moveit_py/lib/python3.12/site-packages/moveit/py.typed
[16.517s] -- Up-to-date: /home/luka/ws_moveit/install/moveit_py/lib/python3.12/site-packages/moveit/core
[16.517s] -- Up-to-date: /home/luka/ws_moveit/install/moveit_py/lib/python3.12/site-packages/moveit/core/robot_model.pyi
[16.518s] -- Up-to-date: /home/luka/ws_moveit/install/moveit_py/lib/python3.12/site-packages/moveit/core/robot_state.pyi
[16.518s] -- Up-to-date: /home/luka/ws_moveit/install/moveit_py/lib/python3.12/site-packages/moveit/core/__init__.pyi
[16.518s] -- Up-to-date: /home/luka/ws_moveit/install/moveit_py/lib/python3.12/site-packages/moveit/core/planning_scene.pyi
[16.518s] -- Up-to-date: /home/luka/ws_moveit/install/moveit_py/lib/python3.12/site-packages/moveit/core/robot_trajectory.pyi
[16.518s] -- Up-to-date: /home/luka/ws_moveit/install/moveit_py/lib/python3.12/site-packages/moveit/core/planning_interface.pyi
[16.518s] -- Up-to-date: /home/luka/ws_moveit/install/moveit_py/lib/python3.12/site-packages/moveit/core/collision_detection.pyi
[16.518s] -- Up-to-date: /home/luka/ws_moveit/install/moveit_py/lib/python3.12/site-packages/moveit/core/controller_manager.pyi
[16.519s] -- Up-to-date: /home/luka/ws_moveit/install/moveit_py/lib/python3.12/site-packages/moveit/core/kinematic_constraints.pyi
[16.519s] -- Up-to-date: /home/luka/ws_moveit/install/moveit_py/lib/python3.12/site-packages/moveit/policies
[16.519s] -- Up-to-date: /home/luka/ws_moveit/install/moveit_py/lib/python3.12/site-packages/moveit/policies/policy.pyi
[16.519s] -- Up-to-date: /home/luka/ws_moveit/install/moveit_py/lib/python3.12/site-packages/moveit/policies/__init__.py
[16.519s] -- Up-to-date: /home/luka/ws_moveit/install/moveit_py/lib/python3.12/site-packages/moveit/policies/__init__.pyi
[16.519s] -- Up-to-date: /home/luka/ws_moveit/install/moveit_py/lib/python3.12/site-packages/moveit/policies/policy.py
[16.562s] Listing '/home/luka/ws_moveit/install/moveit_py/lib/python3.12/site-packages/moveit'...
[16.562s] Listing '/home/luka/ws_moveit/install/moveit_py/lib/python3.12/site-packages/moveit/core'...
[16.562s] Listing '/home/luka/ws_moveit/install/moveit_py/lib/python3.12/site-packages/moveit/policies'...
[16.562s] Listing '/home/luka/ws_moveit/install/moveit_py/lib/python3.12/site-packages/moveit/servo_client'...
[16.562s] Listing '/home/luka/ws_moveit/install/moveit_py/lib/python3.12/site-packages/moveit/servo_client/devices'...
[16.571s] -- Installing: /home/luka/ws_moveit/install/moveit_py/lib/python3.12/site-packages/moveit/core.cpython-312-x86_64-linux-gnu.so
[16.572s] -- Set non-toolchain portion of runtime path of "/home/luka/ws_moveit/install/moveit_py/lib/python3.12/site-packages/moveit/core.cpython-312-x86_64-linux-gnu.so" to ""
[16.573s] -- Installing: /home/luka/ws_moveit/install/moveit_py/lib/python3.12/site-packages/moveit/planning.cpython-312-x86_64-linux-gnu.so
[16.574s] -- Set non-toolchain portion of runtime path of "/home/luka/ws_moveit/install/moveit_py/lib/python3.12/site-packages/moveit/planning.cpython-312-x86_64-linux-gnu.so" to ""
[16.574s] -- Up-to-date: /home/luka/ws_moveit/install/moveit_py/share/moveit_py/environment/library_path.sh
[16.574s] -- Up-to-date: /home/luka/ws_moveit/install/moveit_py/share/moveit_py/environment/library_path.dsv
[16.574s] -- Up-to-date: /home/luka/ws_moveit/install/moveit_py/share/ament_index/resource_index/package_run_dependencies/moveit_py
[16.574s] -- Up-to-date: /home/luka/ws_moveit/install/moveit_py/share/ament_index/resource_index/parent_prefix_path/moveit_py
[16.575s] -- Up-to-date: /home/luka/ws_moveit/install/moveit_py/share/moveit_py/environment/ament_prefix_path.sh
[16.575s] -- Up-to-date: /home/luka/ws_moveit/install/moveit_py/share/moveit_py/environment/ament_prefix_path.dsv
[16.575s] -- Up-to-date: /home/luka/ws_moveit/install/moveit_py/share/moveit_py/environment/path.sh
[16.575s] -- Up-to-date: /home/luka/ws_moveit/install/moveit_py/share/moveit_py/environment/path.dsv
[16.575s] -- Up-to-date: /home/luka/ws_moveit/install/moveit_py/share/moveit_py/local_setup.bash
[16.575s] -- Up-to-date: /home/luka/ws_moveit/install/moveit_py/share/moveit_py/local_setup.sh
[16.575s] -- Up-to-date: /home/luka/ws_moveit/install/moveit_py/share/moveit_py/local_setup.zsh
[16.576s] -- Up-to-date: /home/luka/ws_moveit/install/moveit_py/share/moveit_py/local_setup.dsv
[16.576s] -- Installing: /home/luka/ws_moveit/install/moveit_py/share/moveit_py/package.dsv
[16.576s] -- Up-to-date: /home/luka/ws_moveit/install/moveit_py/share/ament_index/resource_index/packages/moveit_py
[16.576s] -- Up-to-date: /home/luka/ws_moveit/install/moveit_py/share/moveit_py/cmake/moveit_py_utilsTargetsExport.cmake
[16.576s] -- Up-to-date: /home/luka/ws_moveit/install/moveit_py/share/moveit_py/cmake/moveit_py_utilsTargetsExport-release.cmake
[16.576s] -- Up-to-date: /home/luka/ws_moveit/install/moveit_py/share/moveit_py/cmake/ament_cmake_export_targets-extras.cmake
[16.577s] -- Up-to-date: /home/luka/ws_moveit/install/moveit_py/share/moveit_py/cmake/ament_cmake_export_dependencies-extras.cmake
[16.577s] -- Up-to-date: /home/luka/ws_moveit/install/moveit_py/share/moveit_py/cmake/moveit_pyConfig.cmake
[16.577s] -- Up-to-date: /home/luka/ws_moveit/install/moveit_py/share/moveit_py/cmake/moveit_pyConfig-version.cmake
[16.577s] -- Up-to-date: /home/luka/ws_moveit/install/moveit_py/share/moveit_py/package.xml
[16.579s] Invoked command in '/home/luka/ws_moveit/build/moveit_py' returned '0': AMENT_PREFIX_PATH=/home/luka/ws_moveit/install/moveit_ros_planning_interface:/home/luka/ws_moveit/install/moveit_ros_move_group:/home/luka/ws_moveit/install/moveit_ros_warehouse:/home/luka/ws_moveit/install/moveit_kinematics:/home/luka/ws_moveit/install/moveit_ros_planning:/home/luka/ws_moveit/install/moveit_simple_controller_manager:/home/luka/ws_moveit/install/moveit_ros_occupancy_map_monitor:/home/luka/ws_moveit/install/moveit_core:/home/luka/ws_moveit/install/moveit_resources_panda_moveit_config:/home/luka/ws_moveit/install/moveit_resources_fanuc_moveit_config:/home/luka/ws_moveit/install/moveit_resources_pr2_description:/home/luka/ws_moveit/install/moveit_resources_panda_description:/home/luka/ws_moveit/install/moveit_resources_fanuc_description:/home/luka/ws_moveit/install/moveit_msgs:/home/luka/ws_moveit/install/moveit_configs_utils:/home/luka/ws_moveit/install/moveit_common:${AMENT_PREFIX_PATH} CMAKE_PREFIX_PATH=/home/luka/ws_moveit/install/moveit_ros_planning_interface:/home/luka/ws_moveit/install/moveit_ros_move_group:/home/luka/ws_moveit/install/moveit_ros_warehouse:/home/luka/ws_moveit/install/moveit_kinematics:/home/luka/ws_moveit/install/moveit_ros_planning:/home/luka/ws_moveit/install/moveit_simple_controller_manager:/home/luka/ws_moveit/install/moveit_ros_occupancy_map_monitor:/home/luka/ws_moveit/install/moveit_core:/home/luka/ws_moveit/install/moveit_resources_panda_moveit_config:/home/luka/ws_moveit/install/moveit_resources_fanuc_moveit_config:/home/luka/ws_moveit/install/moveit_resources_pr2_description:/home/luka/ws_moveit/install/moveit_resources_panda_description:/home/luka/ws_moveit/install/moveit_resources_fanuc_description:/home/luka/ws_moveit/install/moveit_msgs:/home/luka/ws_moveit/install/moveit_common:/opt/ros/jazzy/opt/gz_sim_vendor:/opt/ros/jazzy/opt/gz_sensors_vendor:/opt/ros/jazzy/opt/gz_physics_vendor:/opt/ros/jazzy/opt/sdformat_vendor:/opt/ros/jazzy/opt/gz_gui_vendor:/opt/ros/jazzy/opt/gz_transport_vendor:/opt/ros/jazzy/opt/gz_rendering_vendor:/opt/ros/jazzy/opt/gz_plugin_vendor:/opt/ros/jazzy/opt/gz_fuel_tools_vendor:/opt/ros/jazzy/opt/gz_msgs_vendor:/opt/ros/jazzy/opt/gz_common_vendor:/opt/ros/jazzy/opt/gz_math_vendor:/opt/ros/jazzy/opt/gz_utils_vendor:/opt/ros/jazzy/opt/gz_tools_vendor:/opt/ros/jazzy/opt/gz_ogre_next_vendor:/opt/ros/jazzy/opt/gz_dartsim_vendor:/opt/ros/jazzy/opt/gz_cmake_vendor:/opt/ros/jazzy DEBUGINFOD_URLS=https://debuginfod.ubuntu.com LD_LIBRARY_PATH=/home/luka/ws_moveit/install/moveit_ros_planning_interface/lib:/home/luka/ws_moveit/install/moveit_ros_move_group/lib:/home/luka/ws_moveit/install/moveit_ros_warehouse/lib:/home/luka/ws_moveit/install/moveit_kinematics/lib:/home/luka/ws_moveit/install/moveit_ros_planning/lib:/home/luka/ws_moveit/install/moveit_simple_controller_manager/lib:/home/luka/ws_moveit/install/moveit_ros_occupancy_map_monitor/lib:/home/luka/ws_moveit/install/moveit_core/lib:/home/luka/ws_moveit/install/moveit_msgs/lib:${LD_LIBRARY_PATH} PATH=/home/luka/ws_moveit/install/moveit_core/bin:${PATH} PYTHONPATH=/home/luka/ws_moveit/install/moveit_msgs/lib/python3.12/site-packages:/home/luka/ws_moveit/install/moveit_configs_utils/lib/python3.12/site-packages:${PYTHONPATH} /usr/bin/cmake --install /home/luka/ws_moveit/build/moveit_py
