[0.016s] Invoking command in '/home/luka/ws_moveit/build/kortex_bringup': AMENT_PREFIX_PATH=/home/luka/ws_moveit/install/kortex_driver:/home/luka/ws_moveit/install/kortex_description:/home/luka/ws_moveit/install/robotiq_description:/home/luka/ws_moveit/install/kortex_api:${AMENT_PREFIX_PATH} CMAKE_PREFIX_PATH=/home/luka/ws_moveit/install/kortex_driver:/home/luka/ws_moveit/install/kortex_description:/home/luka/ws_moveit/install/robotiq_description:/home/luka/ws_moveit/install/kortex_api:/opt/ros/jazzy/opt/gz_sim_vendor:/opt/ros/jazzy/opt/gz_sensors_vendor:/opt/ros/jazzy/opt/gz_physics_vendor:/opt/ros/jazzy/opt/sdformat_vendor:/opt/ros/jazzy/opt/gz_gui_vendor:/opt/ros/jazzy/opt/gz_transport_vendor:/opt/ros/jazzy/opt/gz_rendering_vendor:/opt/ros/jazzy/opt/gz_plugin_vendor:/opt/ros/jazzy/opt/gz_fuel_tools_vendor:/opt/ros/jazzy/opt/gz_msgs_vendor:/opt/ros/jazzy/opt/gz_common_vendor:/opt/ros/jazzy/opt/gz_math_vendor:/opt/ros/jazzy/opt/gz_utils_vendor:/opt/ros/jazzy/opt/gz_tools_vendor:/opt/ros/jazzy/opt/gz_ogre_next_vendor:/opt/ros/jazzy/opt/gz_dartsim_vendor:/opt/ros/jazzy/opt/gz_cmake_vendor:/opt/ros/jazzy DEBUGINFOD_URLS=https://debuginfod.ubuntu.com LD_LIBRARY_PATH=/home/luka/ws_moveit/install/kortex_driver/lib:${LD_LIBRARY_PATH} /usr/bin/cmake /home/luka/ws_moveit/src/ros2_kortex/kortex_bringup -DCMAKE_BUILD_TYPE=Release -DCMAKE_INSTALL_PREFIX=/home/luka/ws_moveit/install/kortex_bringup
[0.098s] -- The C compiler identification is GNU 13.3.0
[0.171s] -- The CXX compiler identification is GNU 13.3.0
[0.190s] -- Detecting C compiler ABI info
[0.300s] -- Detecting C compiler ABI info - done
[0.311s] -- Check for working C compiler: /usr/bin/cc - skipped
[0.311s] -- Detecting C compile features
[0.312s] -- Detecting C compile features - done
[0.323s] -- Detecting CXX compiler ABI info
[0.441s] -- Detecting CXX compiler ABI info - done
[0.453s] -- Check for working CXX compiler: /usr/bin/c++ - skipped
[0.454s] -- Detecting CXX compile features
[0.454s] -- Detecting CXX compile features - done
[0.460s] -- Found ament_cmake: 2.5.4 (/opt/ros/jazzy/share/ament_cmake/cmake)
[0.668s] -- Found Python3: /usr/bin/python3 (found version "3.12.3") found components: Interpreter 
[0.928s] -- Configuring done (0.9s)
[0.931s] -- Generating done (0.0s)
[0.933s] -- Build files have been written to: /home/luka/ws_moveit/build/kortex_bringup
[0.940s] Invoked command in '/home/luka/ws_moveit/build/kortex_bringup' returned '0': AMENT_PREFIX_PATH=/home/luka/ws_moveit/install/kortex_driver:/home/luka/ws_moveit/install/kortex_description:/home/luka/ws_moveit/install/robotiq_description:/home/luka/ws_moveit/install/kortex_api:${AMENT_PREFIX_PATH} CMAKE_PREFIX_PATH=/home/luka/ws_moveit/install/kortex_driver:/home/luka/ws_moveit/install/kortex_description:/home/luka/ws_moveit/install/robotiq_description:/home/luka/ws_moveit/install/kortex_api:/opt/ros/jazzy/opt/gz_sim_vendor:/opt/ros/jazzy/opt/gz_sensors_vendor:/opt/ros/jazzy/opt/gz_physics_vendor:/opt/ros/jazzy/opt/sdformat_vendor:/opt/ros/jazzy/opt/gz_gui_vendor:/opt/ros/jazzy/opt/gz_transport_vendor:/opt/ros/jazzy/opt/gz_rendering_vendor:/opt/ros/jazzy/opt/gz_plugin_vendor:/opt/ros/jazzy/opt/gz_fuel_tools_vendor:/opt/ros/jazzy/opt/gz_msgs_vendor:/opt/ros/jazzy/opt/gz_common_vendor:/opt/ros/jazzy/opt/gz_math_vendor:/opt/ros/jazzy/opt/gz_utils_vendor:/opt/ros/jazzy/opt/gz_tools_vendor:/opt/ros/jazzy/opt/gz_ogre_next_vendor:/opt/ros/jazzy/opt/gz_dartsim_vendor:/opt/ros/jazzy/opt/gz_cmake_vendor:/opt/ros/jazzy DEBUGINFOD_URLS=https://debuginfod.ubuntu.com LD_LIBRARY_PATH=/home/luka/ws_moveit/install/kortex_driver/lib:${LD_LIBRARY_PATH} /usr/bin/cmake /home/luka/ws_moveit/src/ros2_kortex/kortex_bringup -DCMAKE_BUILD_TYPE=Release -DCMAKE_INSTALL_PREFIX=/home/luka/ws_moveit/install/kortex_bringup
[0.941s] Invoking command in '/home/luka/ws_moveit/build/kortex_bringup': AMENT_PREFIX_PATH=/home/luka/ws_moveit/install/kortex_driver:/home/luka/ws_moveit/install/kortex_description:/home/luka/ws_moveit/install/robotiq_description:/home/luka/ws_moveit/install/kortex_api:${AMENT_PREFIX_PATH} CMAKE_PREFIX_PATH=/home/luka/ws_moveit/install/kortex_driver:/home/luka/ws_moveit/install/kortex_description:/home/luka/ws_moveit/install/robotiq_description:/home/luka/ws_moveit/install/kortex_api:/opt/ros/jazzy/opt/gz_sim_vendor:/opt/ros/jazzy/opt/gz_sensors_vendor:/opt/ros/jazzy/opt/gz_physics_vendor:/opt/ros/jazzy/opt/sdformat_vendor:/opt/ros/jazzy/opt/gz_gui_vendor:/opt/ros/jazzy/opt/gz_transport_vendor:/opt/ros/jazzy/opt/gz_rendering_vendor:/opt/ros/jazzy/opt/gz_plugin_vendor:/opt/ros/jazzy/opt/gz_fuel_tools_vendor:/opt/ros/jazzy/opt/gz_msgs_vendor:/opt/ros/jazzy/opt/gz_common_vendor:/opt/ros/jazzy/opt/gz_math_vendor:/opt/ros/jazzy/opt/gz_utils_vendor:/opt/ros/jazzy/opt/gz_tools_vendor:/opt/ros/jazzy/opt/gz_ogre_next_vendor:/opt/ros/jazzy/opt/gz_dartsim_vendor:/opt/ros/jazzy/opt/gz_cmake_vendor:/opt/ros/jazzy DEBUGINFOD_URLS=https://debuginfod.ubuntu.com LD_LIBRARY_PATH=/home/luka/ws_moveit/install/kortex_driver/lib:${LD_LIBRARY_PATH} /usr/bin/cmake --build /home/luka/ws_moveit/build/kortex_bringup -- -j4 -l4
[0.994s] Invoked command in '/home/luka/ws_moveit/build/kortex_bringup' returned '0': AMENT_PREFIX_PATH=/home/luka/ws_moveit/install/kortex_driver:/home/luka/ws_moveit/install/kortex_description:/home/luka/ws_moveit/install/robotiq_description:/home/luka/ws_moveit/install/kortex_api:${AMENT_PREFIX_PATH} CMAKE_PREFIX_PATH=/home/luka/ws_moveit/install/kortex_driver:/home/luka/ws_moveit/install/kortex_description:/home/luka/ws_moveit/install/robotiq_description:/home/luka/ws_moveit/install/kortex_api:/opt/ros/jazzy/opt/gz_sim_vendor:/opt/ros/jazzy/opt/gz_sensors_vendor:/opt/ros/jazzy/opt/gz_physics_vendor:/opt/ros/jazzy/opt/sdformat_vendor:/opt/ros/jazzy/opt/gz_gui_vendor:/opt/ros/jazzy/opt/gz_transport_vendor:/opt/ros/jazzy/opt/gz_rendering_vendor:/opt/ros/jazzy/opt/gz_plugin_vendor:/opt/ros/jazzy/opt/gz_fuel_tools_vendor:/opt/ros/jazzy/opt/gz_msgs_vendor:/opt/ros/jazzy/opt/gz_common_vendor:/opt/ros/jazzy/opt/gz_math_vendor:/opt/ros/jazzy/opt/gz_utils_vendor:/opt/ros/jazzy/opt/gz_tools_vendor:/opt/ros/jazzy/opt/gz_ogre_next_vendor:/opt/ros/jazzy/opt/gz_dartsim_vendor:/opt/ros/jazzy/opt/gz_cmake_vendor:/opt/ros/jazzy DEBUGINFOD_URLS=https://debuginfod.ubuntu.com LD_LIBRARY_PATH=/home/luka/ws_moveit/install/kortex_driver/lib:${LD_LIBRARY_PATH} /usr/bin/cmake --build /home/luka/ws_moveit/build/kortex_bringup -- -j4 -l4
[0.996s] Invoking command in '/home/luka/ws_moveit/build/kortex_bringup': AMENT_PREFIX_PATH=/home/luka/ws_moveit/install/kortex_driver:/home/luka/ws_moveit/install/kortex_description:/home/luka/ws_moveit/install/robotiq_description:/home/luka/ws_moveit/install/kortex_api:${AMENT_PREFIX_PATH} CMAKE_PREFIX_PATH=/home/luka/ws_moveit/install/kortex_driver:/home/luka/ws_moveit/install/kortex_description:/home/luka/ws_moveit/install/robotiq_description:/home/luka/ws_moveit/install/kortex_api:/opt/ros/jazzy/opt/gz_sim_vendor:/opt/ros/jazzy/opt/gz_sensors_vendor:/opt/ros/jazzy/opt/gz_physics_vendor:/opt/ros/jazzy/opt/sdformat_vendor:/opt/ros/jazzy/opt/gz_gui_vendor:/opt/ros/jazzy/opt/gz_transport_vendor:/opt/ros/jazzy/opt/gz_rendering_vendor:/opt/ros/jazzy/opt/gz_plugin_vendor:/opt/ros/jazzy/opt/gz_fuel_tools_vendor:/opt/ros/jazzy/opt/gz_msgs_vendor:/opt/ros/jazzy/opt/gz_common_vendor:/opt/ros/jazzy/opt/gz_math_vendor:/opt/ros/jazzy/opt/gz_utils_vendor:/opt/ros/jazzy/opt/gz_tools_vendor:/opt/ros/jazzy/opt/gz_ogre_next_vendor:/opt/ros/jazzy/opt/gz_dartsim_vendor:/opt/ros/jazzy/opt/gz_cmake_vendor:/opt/ros/jazzy DEBUGINFOD_URLS=https://debuginfod.ubuntu.com LD_LIBRARY_PATH=/home/luka/ws_moveit/install/kortex_driver/lib:${LD_LIBRARY_PATH} /usr/bin/cmake --install /home/luka/ws_moveit/build/kortex_bringup
[1.005s] -- Install configuration: "Release"
[1.006s] -- Installing: /home/luka/ws_moveit/install/kortex_bringup/lib/kortex_bringup/test_huge_joint_space_jump.py
[1.006s] -- Installing: /home/luka/ws_moveit/install/kortex_bringup/share/kortex_bringup/config
[1.006s] -- Installing: /home/luka/ws_moveit/install/kortex_bringup/share/kortex_bringup/config/test_huge_joint_space_jump_config.yaml
[1.006s] -- Installing: /home/luka/ws_moveit/install/kortex_bringup/share/kortex_bringup/config/servo.yaml
[1.006s] -- Installing: /home/luka/ws_moveit/install/kortex_bringup/share/kortex_bringup/config/test_trajectory_goal_publishers_config.yaml
[1.007s] -- Installing: /home/luka/ws_moveit/install/kortex_bringup/share/kortex_bringup/launch
[1.007s] -- Installing: /home/luka/ws_moveit/install/kortex_bringup/share/kortex_bringup/launch/kortex_control.launch.py
[1.007s] -- Installing: /home/luka/ws_moveit/install/kortex_bringup/share/kortex_bringup/launch/test_joint_trajectory_controller.launch.py
[1.007s] -- Installing: /home/luka/ws_moveit/install/kortex_bringup/share/kortex_bringup/launch/test_huge_joint_space_jump.launch.py
[1.007s] -- Installing: /home/luka/ws_moveit/install/kortex_bringup/share/kortex_bringup/launch/gen3.launch.py
[1.007s] -- Installing: /home/luka/ws_moveit/install/kortex_bringup/share/kortex_bringup/launch/gen3_lite.launch.py
[1.008s] -- Installing: /home/luka/ws_moveit/install/kortex_bringup/share/kortex_bringup/launch/kortex_sim_control.launch.py
[1.008s] -- Installing: /home/luka/ws_moveit/install/kortex_bringup/share/ament_index/resource_index/package_run_dependencies/kortex_bringup
[1.008s] -- Installing: /home/luka/ws_moveit/install/kortex_bringup/share/ament_index/resource_index/parent_prefix_path/kortex_bringup
[1.008s] -- Installing: /home/luka/ws_moveit/install/kortex_bringup/share/kortex_bringup/environment/ament_prefix_path.sh
[1.008s] -- Installing: /home/luka/ws_moveit/install/kortex_bringup/share/kortex_bringup/environment/ament_prefix_path.dsv
[1.009s] -- Installing: /home/luka/ws_moveit/install/kortex_bringup/share/kortex_bringup/environment/path.sh
[1.009s] -- Installing: /home/luka/ws_moveit/install/kortex_bringup/share/kortex_bringup/environment/path.dsv
[1.009s] -- Installing: /home/luka/ws_moveit/install/kortex_bringup/share/kortex_bringup/local_setup.bash
[1.009s] -- Installing: /home/luka/ws_moveit/install/kortex_bringup/share/kortex_bringup/local_setup.sh
[1.009s] -- Installing: /home/luka/ws_moveit/install/kortex_bringup/share/kortex_bringup/local_setup.zsh
[1.009s] -- Installing: /home/luka/ws_moveit/install/kortex_bringup/share/kortex_bringup/local_setup.dsv
[1.010s] -- Installing: /home/luka/ws_moveit/install/kortex_bringup/share/kortex_bringup/package.dsv
[1.010s] -- Installing: /home/luka/ws_moveit/install/kortex_bringup/share/ament_index/resource_index/packages/kortex_bringup
[1.010s] -- Installing: /home/luka/ws_moveit/install/kortex_bringup/share/kortex_bringup/cmake/kortex_bringupConfig.cmake
[1.010s] -- Installing: /home/luka/ws_moveit/install/kortex_bringup/share/kortex_bringup/cmake/kortex_bringupConfig-version.cmake
[1.010s] -- Installing: /home/luka/ws_moveit/install/kortex_bringup/share/kortex_bringup/package.xml
[1.013s] Invoked command in '/home/luka/ws_moveit/build/kortex_bringup' returned '0': AMENT_PREFIX_PATH=/home/luka/ws_moveit/install/kortex_driver:/home/luka/ws_moveit/install/kortex_description:/home/luka/ws_moveit/install/robotiq_description:/home/luka/ws_moveit/install/kortex_api:${AMENT_PREFIX_PATH} CMAKE_PREFIX_PATH=/home/luka/ws_moveit/install/kortex_driver:/home/luka/ws_moveit/install/kortex_description:/home/luka/ws_moveit/install/robotiq_description:/home/luka/ws_moveit/install/kortex_api:/opt/ros/jazzy/opt/gz_sim_vendor:/opt/ros/jazzy/opt/gz_sensors_vendor:/opt/ros/jazzy/opt/gz_physics_vendor:/opt/ros/jazzy/opt/sdformat_vendor:/opt/ros/jazzy/opt/gz_gui_vendor:/opt/ros/jazzy/opt/gz_transport_vendor:/opt/ros/jazzy/opt/gz_rendering_vendor:/opt/ros/jazzy/opt/gz_plugin_vendor:/opt/ros/jazzy/opt/gz_fuel_tools_vendor:/opt/ros/jazzy/opt/gz_msgs_vendor:/opt/ros/jazzy/opt/gz_common_vendor:/opt/ros/jazzy/opt/gz_math_vendor:/opt/ros/jazzy/opt/gz_utils_vendor:/opt/ros/jazzy/opt/gz_tools_vendor:/opt/ros/jazzy/opt/gz_ogre_next_vendor:/opt/ros/jazzy/opt/gz_dartsim_vendor:/opt/ros/jazzy/opt/gz_cmake_vendor:/opt/ros/jazzy DEBUGINFOD_URLS=https://debuginfod.ubuntu.com LD_LIBRARY_PATH=/home/luka/ws_moveit/install/kortex_driver/lib:${LD_LIBRARY_PATH} /usr/bin/cmake --install /home/luka/ws_moveit/build/kortex_bringup
