[0.128s] Invoking command in '/home/luka/ws_moveit/build/kortex_api': CMAKE_PREFIX_PATH=${CMAKE_PREFIX_PATH}:/home/luka/ws_moveit/install/hello_moveit_py:/home/luka/ws_moveit/install/moveit_configs_utils:/opt/ros/jazzy DEBUGINFOD_URLS=https://debuginfod.ubuntu.com /usr/bin/cmake /home/luka/ws_moveit/src/ros2_kortex/kortex_api -DCMAKE_INSTALL_PREFIX=/home/luka/ws_moveit/install/kortex_api
[0.205s] [33mCMake Warning (dev) at /usr/share/cmake-3.28/Modules/FetchContent.cmake:1331 (message):
[0.205s]   The DOWNLOAD_EXTRACT_TIMESTAMP option was not given and policy CMP0135 is
[0.205s]   not set.  The policy's OLD behavior will be used.  When using a URL
[0.205s]   download, the timestamps of extracted files should preferably be that of
[0.205s]   the time of extraction, otherwise code that depends on the extracted
[0.205s]   contents might not be rebuilt if the URL changes.  The OLD behavior
[0.205s]   preserves the timestamps from the archive instead, but this is usually not
[0.205s]   what you want.  Update your project to the NEW behavior or specify the
[0.206s]   DOWNLOAD_EXTRACT_TIMESTAMP option with a value of true to avoid this
[0.206s]   robustness issue.
[0.206s] Call Stack (most recent call first):
[0.206s]   CMakeLists.txt:4 (FetchContent_Declare)
[0.206s] This warning is for project developers.  Use -Wno-dev to suppress it.
[0.206s] [0m
[0.689s] -- Found ament_cmake: 2.5.4 (/opt/ros/jazzy/share/ament_cmake/cmake)
[1.575s] -- Configuring done (1.4s)
[1.597s] -- Generating done (0.0s)
[1.606s] -- Build files have been written to: /home/luka/ws_moveit/build/kortex_api
[1.624s] Invoked command in '/home/luka/ws_moveit/build/kortex_api' returned '0': CMAKE_PREFIX_PATH=${CMAKE_PREFIX_PATH}:/home/luka/ws_moveit/install/hello_moveit_py:/home/luka/ws_moveit/install/moveit_configs_utils:/opt/ros/jazzy DEBUGINFOD_URLS=https://debuginfod.ubuntu.com /usr/bin/cmake /home/luka/ws_moveit/src/ros2_kortex/kortex_api -DCMAKE_INSTALL_PREFIX=/home/luka/ws_moveit/install/kortex_api
[1.628s] Invoking command in '/home/luka/ws_moveit/build/kortex_api': CMAKE_PREFIX_PATH=${CMAKE_PREFIX_PATH}:/home/luka/ws_moveit/install/hello_moveit_py:/home/luka/ws_moveit/install/moveit_configs_utils:/opt/ros/jazzy DEBUGINFOD_URLS=https://debuginfod.ubuntu.com /usr/bin/cmake --build /home/luka/ws_moveit/build/kortex_api -- -j4 -l4
[2.014s] Invoked command in '/home/luka/ws_moveit/build/kortex_api' returned '0': CMAKE_PREFIX_PATH=${CMAKE_PREFIX_PATH}:/home/luka/ws_moveit/install/hello_moveit_py:/home/luka/ws_moveit/install/moveit_configs_utils:/opt/ros/jazzy DEBUGINFOD_URLS=https://debuginfod.ubuntu.com /usr/bin/cmake --build /home/luka/ws_moveit/build/kortex_api -- -j4 -l4
[2.016s] Invoking command in '/home/luka/ws_moveit/build/kortex_api': CMAKE_PREFIX_PATH=${CMAKE_PREFIX_PATH}:/home/luka/ws_moveit/install/hello_moveit_py:/home/luka/ws_moveit/install/moveit_configs_utils:/opt/ros/jazzy DEBUGINFOD_URLS=https://debuginfod.ubuntu.com /usr/bin/cmake --install /home/luka/ws_moveit/build/kortex_api
[2.064s] -- Install configuration: "Release"
[2.065s] -- Up-to-date: /home/luka/ws_moveit/install/kortex_api/include/kortex_api
[2.066s] -- Up-to-date: /home/luka/ws_moveit/install/kortex_api/include/kortex_api/ITransportClient.h
[2.066s] -- Up-to-date: /home/luka/ws_moveit/install/kortex_api/include/kortex_api/IRouterClient.h
[2.067s] -- Up-to-date: /home/luka/ws_moveit/install/kortex_api/include/kortex_api/NotificationHandler.h
[2.067s] -- Up-to-date: /home/luka/ws_moveit/install/kortex_api/include/kortex_api/FrameHandler.h
[2.068s] -- Up-to-date: /home/luka/ws_moveit/install/kortex_api/include/kortex_api/SessionManager.h
[2.069s] -- Up-to-date: /home/luka/ws_moveit/install/kortex_api/include/kortex_api/RouterClient.h
[2.069s] -- Up-to-date: /home/luka/ws_moveit/install/kortex_api/include/kortex_api/TransportClientUdp.h
[2.070s] -- Up-to-date: /home/luka/ws_moveit/install/kortex_api/include/kortex_api/TransportClientTcp.h
[2.071s] -- Up-to-date: /home/luka/ws_moveit/install/kortex_api/include/kortex_api/version.h
[2.071s] -- Up-to-date: /home/luka/ws_moveit/install/kortex_api/include/kortex_api
[2.071s] -- Up-to-date: /home/luka/ws_moveit/install/kortex_api/include/kortex_api/KinovaTcpUtilities.h
[2.072s] -- Up-to-date: /home/luka/ws_moveit/install/kortex_api/include/kortex_api/KBasicException.h
[2.073s] -- Up-to-date: /home/luka/ws_moveit/install/kortex_api/include/kortex_api/KDetailedException.h
[2.075s] -- Up-to-date: /home/luka/ws_moveit/install/kortex_api/include/kortex_api/KError.h
[2.075s] -- Up-to-date: /home/luka/ws_moveit/install/kortex_api/include/kortex_api/TransportBridgeDummy.h
[2.076s] -- Up-to-date: /home/luka/ws_moveit/install/kortex_api/include/kortex_api/HeaderInfo.h
[2.077s] -- Up-to-date: /home/luka/ws_moveit/install/kortex_api/include/kortex_api/version.h
[2.077s] -- Up-to-date: /home/luka/ws_moveit/install/kortex_api/include/kortex_api/Frame.h
[2.077s] -- Up-to-date: /home/luka/ws_moveit/install/kortex_api/include/kortex_api
[2.078s] -- Up-to-date: /home/luka/ws_moveit/install/kortex_api/include/kortex_api/Errors.pb.h
[2.079s] -- Up-to-date: /home/luka/ws_moveit/install/kortex_api/include/kortex_api/Test.pb.h
[2.080s] -- Up-to-date: /home/luka/ws_moveit/install/kortex_api/include/kortex_api/Common.pb.h
[2.081s] -- Up-to-date: /home/luka/ws_moveit/install/kortex_api/include/kortex_api/InterconnectCyclic.pb.h
[2.082s] -- Up-to-date: /home/luka/ws_moveit/install/kortex_api/include/kortex_api/DeviceConfig.pb.h
[2.084s] -- Up-to-date: /home/luka/ws_moveit/install/kortex_api/include/kortex_api/ActuatorConfig.pb.h
[2.084s] -- Up-to-date: /home/luka/ws_moveit/install/kortex_api/include/kortex_api/InterconnectConfig.pb.h
[2.085s] -- Up-to-date: /home/luka/ws_moveit/install/kortex_api/include/kortex_api/Session.pb.h
[2.086s] -- Up-to-date: /home/luka/ws_moveit/install/kortex_api/include/kortex_api/DeviceManager.pb.h
[2.087s] -- Up-to-date: /home/luka/ws_moveit/install/kortex_api/include/kortex_api/ControlConfig.pb.h
[2.087s] -- Up-to-date: /home/luka/ws_moveit/install/kortex_api/include/kortex_api/Base.pb.h
[2.088s] -- Up-to-date: /home/luka/ws_moveit/install/kortex_api/include/kortex_api/GripperCyclic.pb.h
[2.089s] -- Up-to-date: /home/luka/ws_moveit/install/kortex_api/include/kortex_api/VisionConfig.pb.h
[2.090s] -- Up-to-date: /home/luka/ws_moveit/install/kortex_api/include/kortex_api/GripperCyclicMessage.pb.h
[2.090s] -- Up-to-date: /home/luka/ws_moveit/install/kortex_api/include/kortex_api/InterconnectCyclicMessage.pb.h
[2.092s] -- Up-to-date: /home/luka/ws_moveit/install/kortex_api/include/kortex_api/BaseCyclic.pb.h
[2.092s] -- Up-to-date: /home/luka/ws_moveit/install/kortex_api/include/kortex_api/GripperConfig.pb.h
[2.093s] -- Up-to-date: /home/luka/ws_moveit/install/kortex_api/include/kortex_api/ActuatorCyclic.pb.h
[2.094s] -- Up-to-date: /home/luka/ws_moveit/install/kortex_api/include/kortex_api/ProductConfiguration.pb.h
[2.094s] -- Up-to-date: /home/luka/ws_moveit/install/kortex_api/include/kortex_api/Frame.pb.h
[2.094s] -- Up-to-date: /home/luka/ws_moveit/install/kortex_api/include/kortex_api
[2.094s] -- Up-to-date: /home/luka/ws_moveit/install/kortex_api/include/kortex_api/ControlConfigClientRpc.h
[2.095s] -- Up-to-date: /home/luka/ws_moveit/install/kortex_api/include/kortex_api/SessionClientRpc.h
[2.095s] -- Up-to-date: /home/luka/ws_moveit/install/kortex_api/include/kortex_api/BaseClientRpc.h
[2.095s] -- Up-to-date: /home/luka/ws_moveit/install/kortex_api/include/kortex_api/ActuatorCyclicClientRpc.h
[2.095s] -- Up-to-date: /home/luka/ws_moveit/install/kortex_api/include/kortex_api/GripperCyclicClientRpc.h
[2.095s] -- Up-to-date: /home/luka/ws_moveit/install/kortex_api/include/kortex_api/InterconnectConfigClientRpc.h
[2.095s] -- Up-to-date: /home/luka/ws_moveit/install/kortex_api/include/kortex_api/InterconnectCyclicClientRpc.h
[2.095s] -- Up-to-date: /home/luka/ws_moveit/install/kortex_api/include/kortex_api/TestClientRpc.h
[2.096s] -- Up-to-date: /home/luka/ws_moveit/install/kortex_api/include/kortex_api/ActuatorConfigClientRpc.h
[2.096s] -- Up-to-date: /home/luka/ws_moveit/install/kortex_api/include/kortex_api/DeviceManagerClientRpc.h
[2.096s] -- Up-to-date: /home/luka/ws_moveit/install/kortex_api/include/kortex_api/DeviceConfigClientRpc.h
[2.096s] -- Up-to-date: /home/luka/ws_moveit/install/kortex_api/include/kortex_api/VisionConfigClientRpc.h
[2.102s] -- Up-to-date: /home/luka/ws_moveit/install/kortex_api/include/kortex_api/BaseCyclicClientRpc.h
[2.102s] -- Up-to-date: /home/luka/ws_moveit/install/kortex_api/include/kortex_api/google/protobuf
[2.104s] -- Up-to-date: /home/luka/ws_moveit/install/kortex_api/include/kortex_api/google/protobuf/repeated_field.h
[2.105s] -- Up-to-date: /home/luka/ws_moveit/install/kortex_api/include/kortex_api/google/protobuf/duration.pb.h
[2.106s] -- Up-to-date: /home/luka/ws_moveit/install/kortex_api/include/kortex_api/google/protobuf/reflection_ops.h
[2.106s] -- Up-to-date: /home/luka/ws_moveit/install/kortex_api/include/kortex_api/google/protobuf/metadata_lite.h
[2.106s] -- Up-to-date: /home/luka/ws_moveit/install/kortex_api/include/kortex_api/google/protobuf/map.h
[2.107s] -- Up-to-date: /home/luka/ws_moveit/install/kortex_api/include/kortex_api/google/protobuf/descriptor.h
[2.108s] -- Up-to-date: /home/luka/ws_moveit/install/kortex_api/include/kortex_api/google/protobuf/dynamic_message.h
[2.109s] -- Up-to-date: /home/luka/ws_moveit/install/kortex_api/include/kortex_api/google/protobuf/io
[2.109s] -- Up-to-date: /home/luka/ws_moveit/install/kortex_api/include/kortex_api/google/protobuf/io/strtod.h
[2.109s] -- Up-to-date: /home/luka/ws_moveit/install/kortex_api/include/kortex_api/google/protobuf/io/zero_copy_stream_impl.h
[2.111s] -- Up-to-date: /home/luka/ws_moveit/install/kortex_api/include/kortex_api/google/protobuf/io/coded_stream.h
[2.112s] -- Up-to-date: /home/luka/ws_moveit/install/kortex_api/include/kortex_api/google/protobuf/io/gzip_stream.h
[2.112s] -- Up-to-date: /home/luka/ws_moveit/install/kortex_api/include/kortex_api/google/protobuf/io/tokenizer.h
[2.113s] -- Up-to-date: /home/luka/ws_moveit/install/kortex_api/include/kortex_api/google/protobuf/io/zero_copy_stream.h
[2.114s] -- Up-to-date: /home/luka/ws_moveit/install/kortex_api/include/kortex_api/google/protobuf/io/zero_copy_stream_impl_lite.h
[2.116s] -- Up-to-date: /home/luka/ws_moveit/install/kortex_api/include/kortex_api/google/protobuf/io/printer.h
[2.117s] -- Up-to-date: /home/luka/ws_moveit/install/kortex_api/include/kortex_api/google/protobuf/struct.pb.h
[2.117s] -- Up-to-date: /home/luka/ws_moveit/install/kortex_api/include/kortex_api/google/protobuf/any.pb.h
[2.123s] -- Up-to-date: /home/luka/ws_moveit/install/kortex_api/include/kortex_api/google/protobuf/wire_format_lite.h
[2.123s] -- Up-to-date: /home/luka/ws_moveit/install/kortex_api/include/kortex_api/google/protobuf/extension_set.h
[2.123s] -- Up-to-date: /home/luka/ws_moveit/install/kortex_api/include/kortex_api/google/protobuf/wire_format_lite_inl.h
[2.123s] -- Up-to-date: /home/luka/ws_moveit/install/kortex_api/include/kortex_api/google/protobuf/map_field_inl.h
[2.129s] -- Up-to-date: /home/luka/ws_moveit/install/kortex_api/include/kortex_api/google/protobuf/reflection.h
[2.129s] -- Up-to-date: /home/luka/ws_moveit/install/kortex_api/include/kortex_api/google/protobuf/generated_message_util.h
[2.129s] -- Up-to-date: /home/luka/ws_moveit/install/kortex_api/include/kortex_api/google/protobuf/descriptor.pb.h
[2.129s] -- Up-to-date: /home/luka/ws_moveit/install/kortex_api/include/kortex_api/google/protobuf/metadata.h
[2.129s] -- Up-to-date: /home/luka/ws_moveit/install/kortex_api/include/kortex_api/google/protobuf/has_bits.h
[2.130s] -- Up-to-date: /home/luka/ws_moveit/install/kortex_api/include/kortex_api/google/protobuf/wire_format.h
[2.130s] -- Up-to-date: /home/luka/ws_moveit/install/kortex_api/include/kortex_api/google/protobuf/compiler
[2.130s] -- Up-to-date: /home/luka/ws_moveit/install/kortex_api/include/kortex_api/google/protobuf/compiler/cpp
[2.130s] -- Up-to-date: /home/luka/ws_moveit/install/kortex_api/include/kortex_api/google/protobuf/compiler/cpp/cpp_generator.h
[2.130s] -- Up-to-date: /home/luka/ws_moveit/install/kortex_api/include/kortex_api/google/protobuf/compiler/ruby
[2.130s] -- Up-to-date: /home/luka/ws_moveit/install/kortex_api/include/kortex_api/google/protobuf/compiler/ruby/ruby_generator.h
[2.130s] -- Up-to-date: /home/luka/ws_moveit/install/kortex_api/include/kortex_api/google/protobuf/compiler/java
[2.131s] -- Up-to-date: /home/luka/ws_moveit/install/kortex_api/include/kortex_api/google/protobuf/compiler/java/java_names.h
[2.131s] -- Up-to-date: /home/luka/ws_moveit/install/kortex_api/include/kortex_api/google/protobuf/compiler/java/java_generator.h
[2.131s] -- Up-to-date: /home/luka/ws_moveit/install/kortex_api/include/kortex_api/google/protobuf/compiler/parser.h
[2.133s] -- Up-to-date: /home/luka/ws_moveit/install/kortex_api/include/kortex_api/google/protobuf/compiler/importer.h
[2.140s] -- Up-to-date: /home/luka/ws_moveit/install/kortex_api/include/kortex_api/google/protobuf/compiler/plugin.pb.h
[2.140s] -- Up-to-date: /home/luka/ws_moveit/install/kortex_api/include/kortex_api/google/protobuf/compiler/plugin.h
[2.140s] -- Up-to-date: /home/luka/ws_moveit/install/kortex_api/include/kortex_api/google/protobuf/compiler/objectivec
[2.140s] -- Up-to-date: /home/luka/ws_moveit/install/kortex_api/include/kortex_api/google/protobuf/compiler/objectivec/objectivec_helpers.h
[2.141s] -- Up-to-date: /home/luka/ws_moveit/install/kortex_api/include/kortex_api/google/protobuf/compiler/objectivec/objectivec_generator.h
[2.142s] -- Up-to-date: /home/luka/ws_moveit/install/kortex_api/include/kortex_api/google/protobuf/compiler/code_generator.h
[2.142s] -- Up-to-date: /home/luka/ws_moveit/install/kortex_api/include/kortex_api/google/protobuf/compiler/python
[2.143s] -- Up-to-date: /home/luka/ws_moveit/install/kortex_api/include/kortex_api/google/protobuf/compiler/python/python_generator.h
[2.147s] -- Up-to-date: /home/luka/ws_moveit/install/kortex_api/include/kortex_api/google/protobuf/compiler/javanano
[2.147s] -- Up-to-date: /home/luka/ws_moveit/install/kortex_api/include/kortex_api/google/protobuf/compiler/javanano/javanano_generator.h
[2.148s] -- Up-to-date: /home/luka/ws_moveit/install/kortex_api/include/kortex_api/google/protobuf/compiler/php
[2.148s] -- Up-to-date: /home/luka/ws_moveit/install/kortex_api/include/kortex_api/google/protobuf/compiler/php/php_generator.h
[2.149s] -- Up-to-date: /home/luka/ws_moveit/install/kortex_api/include/kortex_api/google/protobuf/compiler/js
[2.153s] -- Up-to-date: /home/luka/ws_moveit/install/kortex_api/include/kortex_api/google/protobuf/compiler/js/well_known_types_embed.h
[2.153s] -- Up-to-date: /home/luka/ws_moveit/install/kortex_api/include/kortex_api/google/protobuf/compiler/js/js_generator.h
[2.153s] -- Up-to-date: /home/luka/ws_moveit/install/kortex_api/include/kortex_api/google/protobuf/compiler/csharp
[2.154s] -- Up-to-date: /home/luka/ws_moveit/install/kortex_api/include/kortex_api/google/protobuf/compiler/csharp/csharp_names.h
[2.155s] -- Up-to-date: /home/luka/ws_moveit/install/kortex_api/include/kortex_api/google/protobuf/compiler/csharp/csharp_generator.h
[2.155s] -- Up-to-date: /home/luka/ws_moveit/install/kortex_api/include/kortex_api/google/protobuf/compiler/command_line_interface.h
[2.156s] -- Up-to-date: /home/luka/ws_moveit/install/kortex_api/include/kortex_api/google/protobuf/api.pb.h
[2.158s] -- Up-to-date: /home/luka/ws_moveit/install/kortex_api/include/kortex_api/google/protobuf/wrappers.pb.h
[2.159s] -- Up-to-date: /home/luka/ws_moveit/install/kortex_api/include/kortex_api/google/protobuf/generated_message_reflection.h
[2.159s] -- Up-to-date: /home/luka/ws_moveit/install/kortex_api/include/kortex_api/google/protobuf/map_field.h
[2.160s] -- Up-to-date: /home/luka/ws_moveit/install/kortex_api/include/kortex_api/google/protobuf/map_type_handler.h
[2.161s] -- Up-to-date: /home/luka/ws_moveit/install/kortex_api/include/kortex_api/google/protobuf/stubs
[2.164s] -- Up-to-date: /home/luka/ws_moveit/install/kortex_api/include/kortex_api/google/protobuf/stubs/shared_ptr.h
[2.164s] -- Up-to-date: /home/luka/ws_moveit/install/kortex_api/include/kortex_api/google/protobuf/stubs/type_traits.h
[2.165s] -- Up-to-date: /home/luka/ws_moveit/install/kortex_api/include/kortex_api/google/protobuf/stubs/bytestream.h
[2.166s] -- Up-to-date: /home/luka/ws_moveit/install/kortex_api/include/kortex_api/google/protobuf/stubs/status.h
[2.166s] -- Up-to-date: /home/luka/ws_moveit/install/kortex_api/include/kortex_api/google/protobuf/stubs/atomicops_internals_mips_gcc.h
[2.169s] -- Up-to-date: /home/luka/ws_moveit/install/kortex_api/include/kortex_api/google/protobuf/stubs/atomicops_internals_arm_qnx.h
[2.169s] -- Up-to-date: /home/luka/ws_moveit/install/kortex_api/include/kortex_api/google/protobuf/stubs/atomicops.h
[2.170s] -- Up-to-date: /home/luka/ws_moveit/install/kortex_api/include/kortex_api/google/protobuf/stubs/atomicops_internals_generic_c11_atomic.h
[2.171s] -- Up-to-date: /home/luka/ws_moveit/install/kortex_api/include/kortex_api/google/protobuf/stubs/atomicops_internals_generic_gcc.h
[2.172s] -- Up-to-date: /home/luka/ws_moveit/install/kortex_api/include/kortex_api/google/protobuf/stubs/mutex.h
[2.173s] -- Up-to-date: /home/luka/ws_moveit/install/kortex_api/include/kortex_api/google/protobuf/stubs/macros.h
[2.173s] -- Up-to-date: /home/luka/ws_moveit/install/kortex_api/include/kortex_api/google/protobuf/stubs/fastmem.h
[2.174s] -- Up-to-date: /home/luka/ws_moveit/install/kortex_api/include/kortex_api/google/protobuf/stubs/port.h
[2.178s] -- Up-to-date: /home/luka/ws_moveit/install/kortex_api/include/kortex_api/google/protobuf/stubs/logging.h
[2.179s] -- Up-to-date: /home/luka/ws_moveit/install/kortex_api/include/kortex_api/google/protobuf/stubs/casts.h
[2.179s] -- Up-to-date: /home/luka/ws_moveit/install/kortex_api/include/kortex_api/google/protobuf/stubs/atomicops_internals_tsan.h
[2.179s] -- Up-to-date: /home/luka/ws_moveit/install/kortex_api/include/kortex_api/google/protobuf/stubs/atomicops_internals_solaris.h
[2.179s] -- Up-to-date: /home/luka/ws_moveit/install/kortex_api/include/kortex_api/google/protobuf/stubs/platform_macros.h
[2.179s] -- Up-to-date: /home/luka/ws_moveit/install/kortex_api/include/kortex_api/google/protobuf/stubs/stringpiece.h
[2.179s] -- Up-to-date: /home/luka/ws_moveit/install/kortex_api/include/kortex_api/google/protobuf/stubs/hash.h
[2.179s] -- Up-to-date: /home/luka/ws_moveit/install/kortex_api/include/kortex_api/google/protobuf/stubs/atomicops_internals_x86_gcc.h
[2.180s] -- Up-to-date: /home/luka/ws_moveit/install/kortex_api/include/kortex_api/google/protobuf/stubs/stl_util.h
[2.180s] -- Up-to-date: /home/luka/ws_moveit/install/kortex_api/include/kortex_api/google/protobuf/stubs/atomic_sequence_num.h
[2.180s] -- Up-to-date: /home/luka/ws_moveit/install/kortex_api/include/kortex_api/google/protobuf/stubs/atomicops_internals_arm64_gcc.h
[2.180s] -- Up-to-date: /home/luka/ws_moveit/install/kortex_api/include/kortex_api/google/protobuf/stubs/atomicops_internals_x86_msvc.h
[2.180s] -- Up-to-date: /home/luka/ws_moveit/install/kortex_api/include/kortex_api/google/protobuf/stubs/atomicops_internals_arm_gcc.h
[2.180s] -- Up-to-date: /home/luka/ws_moveit/install/kortex_api/include/kortex_api/google/protobuf/stubs/common.h
[2.180s] -- Up-to-date: /home/luka/ws_moveit/install/kortex_api/include/kortex_api/google/protobuf/stubs/once.h
[2.181s] -- Up-to-date: /home/luka/ws_moveit/install/kortex_api/include/kortex_api/google/protobuf/stubs/callback.h
[2.181s] -- Up-to-date: /home/luka/ws_moveit/install/kortex_api/include/kortex_api/google/protobuf/stubs/atomicops_internals_power.h
[2.181s] -- Up-to-date: /home/luka/ws_moveit/install/kortex_api/include/kortex_api/google/protobuf/stubs/singleton.h
[2.181s] -- Up-to-date: /home/luka/ws_moveit/install/kortex_api/include/kortex_api/google/protobuf/stubs/atomicops_internals_ppc_gcc.h
[2.187s] -- Up-to-date: /home/luka/ws_moveit/install/kortex_api/include/kortex_api/google/protobuf/stubs/template_util.h
[2.187s] -- Up-to-date: /home/luka/ws_moveit/install/kortex_api/include/kortex_api/google/protobuf/stubs/scoped_ptr.h
[2.188s] -- Up-to-date: /home/luka/ws_moveit/install/kortex_api/include/kortex_api/google/protobuf/arenastring.h
[2.190s] -- Up-to-date: /home/luka/ws_moveit/install/kortex_api/include/kortex_api/google/protobuf/message_lite.h
[2.191s] -- Up-to-date: /home/luka/ws_moveit/install/kortex_api/include/kortex_api/google/protobuf/field_mask.pb.h
[2.191s] -- Up-to-date: /home/luka/ws_moveit/install/kortex_api/include/kortex_api/google/protobuf/message.h
[2.191s] -- Up-to-date: /home/luka/ws_moveit/install/kortex_api/include/kortex_api/google/protobuf/arena.h
[2.192s] -- Up-to-date: /home/luka/ws_moveit/install/kortex_api/include/kortex_api/google/protobuf/any.h
[2.193s] -- Up-to-date: /home/luka/ws_moveit/install/kortex_api/include/kortex_api/google/protobuf/service.h
[2.193s] -- Up-to-date: /home/luka/ws_moveit/install/kortex_api/include/kortex_api/google/protobuf/timestamp.pb.h
[2.193s] -- Up-to-date: /home/luka/ws_moveit/install/kortex_api/include/kortex_api/google/protobuf/type.pb.h
[2.194s] -- Up-to-date: /home/luka/ws_moveit/install/kortex_api/include/kortex_api/google/protobuf/descriptor_database.h
[2.198s] -- Up-to-date: /home/luka/ws_moveit/install/kortex_api/include/kortex_api/google/protobuf/generated_enum_util.h
[2.200s] -- Up-to-date: /home/luka/ws_moveit/install/kortex_api/include/kortex_api/google/protobuf/empty.pb.h
[2.201s] -- Up-to-date: /home/luka/ws_moveit/install/kortex_api/include/kortex_api/google/protobuf/unknown_field_set.h
[2.201s] -- Up-to-date: /home/luka/ws_moveit/install/kortex_api/include/kortex_api/google/protobuf/map_entry.h
[2.201s] -- Up-to-date: /home/luka/ws_moveit/install/kortex_api/include/kortex_api/google/protobuf/map_field_lite.h
[2.202s] -- Up-to-date: /home/luka/ws_moveit/install/kortex_api/include/kortex_api/google/protobuf/generated_enum_reflection.h
[2.203s] -- Up-to-date: /home/luka/ws_moveit/install/kortex_api/include/kortex_api/google/protobuf/util
[2.203s] -- Up-to-date: /home/luka/ws_moveit/install/kortex_api/include/kortex_api/google/protobuf/util/message_differencer.h
[2.204s] -- Up-to-date: /home/luka/ws_moveit/install/kortex_api/include/kortex_api/google/protobuf/util/field_comparator.h
[2.205s] -- Up-to-date: /home/luka/ws_moveit/install/kortex_api/include/kortex_api/google/protobuf/util/time_util.h
[2.207s] -- Up-to-date: /home/luka/ws_moveit/install/kortex_api/include/kortex_api/google/protobuf/util/field_mask_util.h
[2.208s] -- Up-to-date: /home/luka/ws_moveit/install/kortex_api/include/kortex_api/google/protobuf/util/json_util.h
[2.208s] -- Up-to-date: /home/luka/ws_moveit/install/kortex_api/include/kortex_api/google/protobuf/util/type_resolver_util.h
[2.211s] -- Up-to-date: /home/luka/ws_moveit/install/kortex_api/include/kortex_api/google/protobuf/util/type_resolver.h
[2.211s] -- Up-to-date: /home/luka/ws_moveit/install/kortex_api/include/kortex_api/google/protobuf/util/delimited_message_util.h
[2.212s] -- Up-to-date: /home/luka/ws_moveit/install/kortex_api/include/kortex_api/google/protobuf/generated_message_table_driven.h
[2.213s] -- Up-to-date: /home/luka/ws_moveit/install/kortex_api/include/kortex_api/google/protobuf/source_context.pb.h
[2.214s] -- Up-to-date: /home/luka/ws_moveit/install/kortex_api/include/kortex_api/google/protobuf/map_entry_lite.h
[2.214s] -- Up-to-date: /home/luka/ws_moveit/install/kortex_api/include/kortex_api/google/protobuf/arena_impl.h
[2.216s] -- Up-to-date: /home/luka/ws_moveit/install/kortex_api/include/kortex_api/google/protobuf/text_format.h
[2.217s] -- Up-to-date: /home/luka/ws_moveit/install/kortex_api/share/ament_index/resource_index/package_run_dependencies/kortex_api
[2.217s] -- Installing: /home/luka/ws_moveit/install/kortex_api/share/ament_index/resource_index/parent_prefix_path/kortex_api
[2.218s] -- Up-to-date: /home/luka/ws_moveit/install/kortex_api/share/kortex_api/environment/ament_prefix_path.sh
[2.218s] -- Up-to-date: /home/luka/ws_moveit/install/kortex_api/share/kortex_api/environment/ament_prefix_path.dsv
[2.219s] -- Up-to-date: /home/luka/ws_moveit/install/kortex_api/share/kortex_api/environment/path.sh
[2.219s] -- Up-to-date: /home/luka/ws_moveit/install/kortex_api/share/kortex_api/environment/path.dsv
[2.223s] -- Up-to-date: /home/luka/ws_moveit/install/kortex_api/share/kortex_api/local_setup.bash
[2.224s] -- Up-to-date: /home/luka/ws_moveit/install/kortex_api/share/kortex_api/local_setup.sh
[2.224s] -- Up-to-date: /home/luka/ws_moveit/install/kortex_api/share/kortex_api/local_setup.zsh
[2.227s] -- Up-to-date: /home/luka/ws_moveit/install/kortex_api/share/kortex_api/local_setup.dsv
[2.228s] -- Installing: /home/luka/ws_moveit/install/kortex_api/share/kortex_api/package.dsv
[2.228s] -- Up-to-date: /home/luka/ws_moveit/install/kortex_api/share/ament_index/resource_index/packages/kortex_api
[2.229s] -- Up-to-date: /home/luka/ws_moveit/install/kortex_api/share/kortex_api/cmake/ament_cmake_export_include_directories-extras.cmake
[2.229s] -- Up-to-date: /home/luka/ws_moveit/install/kortex_api/share/kortex_api/cmake/kortex_apiConfig.cmake
[2.232s] -- Up-to-date: /home/luka/ws_moveit/install/kortex_api/share/kortex_api/cmake/kortex_apiConfig-version.cmake
[2.232s] -- Up-to-date: /home/luka/ws_moveit/install/kortex_api/share/kortex_api/package.xml
[2.233s] Invoked command in '/home/luka/ws_moveit/build/kortex_api' returned '0': CMAKE_PREFIX_PATH=${CMAKE_PREFIX_PATH}:/home/luka/ws_moveit/install/hello_moveit_py:/home/luka/ws_moveit/install/moveit_configs_utils:/opt/ros/jazzy DEBUGINFOD_URLS=https://debuginfod.ubuntu.com /usr/bin/cmake --install /home/luka/ws_moveit/build/kortex_api
