[0.028s] Invoking command in '/home/luka/ws_moveit/build/moveit_ros_robot_interaction': AMENT_PREFIX_PATH=/home/luka/ws_moveit/install/moveit_ros_planning:/home/luka/ws_moveit/install/moveit_ros_occupancy_map_monitor:/home/luka/ws_moveit/install/moveit_core:/home/luka/ws_moveit/install/moveit_resources_panda_moveit_config:/home/luka/ws_moveit/install/moveit_resources_pr2_description:/home/luka/ws_moveit/install/moveit_resources_panda_description:/home/luka/ws_moveit/install/moveit_msgs:/home/luka/ws_moveit/install/moveit_configs_utils:/home/luka/ws_moveit/install/moveit_common:${AMENT_PREFIX_PATH} CMAKE_PREFIX_PATH=/home/luka/ws_moveit/install/moveit_ros_planning:/home/luka/ws_moveit/install/moveit_ros_occupancy_map_monitor:/home/luka/ws_moveit/install/moveit_core:/home/luka/ws_moveit/install/moveit_resources_panda_moveit_config:/home/luka/ws_moveit/install/moveit_resources_pr2_description:/home/luka/ws_moveit/install/moveit_resources_panda_description:/home/luka/ws_moveit/install/moveit_msgs:/home/luka/ws_moveit/install/moveit_common:/opt/ros/jazzy/opt/gz_sim_vendor:/opt/ros/jazzy/opt/gz_sensors_vendor:/opt/ros/jazzy/opt/gz_physics_vendor:/opt/ros/jazzy/opt/sdformat_vendor:/opt/ros/jazzy/opt/gz_gui_vendor:/opt/ros/jazzy/opt/gz_transport_vendor:/opt/ros/jazzy/opt/gz_rendering_vendor:/opt/ros/jazzy/opt/gz_plugin_vendor:/opt/ros/jazzy/opt/gz_fuel_tools_vendor:/opt/ros/jazzy/opt/gz_msgs_vendor:/opt/ros/jazzy/opt/gz_common_vendor:/opt/ros/jazzy/opt/gz_math_vendor:/opt/ros/jazzy/opt/gz_utils_vendor:/opt/ros/jazzy/opt/gz_tools_vendor:/opt/ros/jazzy/opt/gz_ogre_next_vendor:/opt/ros/jazzy/opt/gz_dartsim_vendor:/opt/ros/jazzy/opt/gz_cmake_vendor:/opt/ros/jazzy DEBUGINFOD_URLS=https://debuginfod.ubuntu.com LD_LIBRARY_PATH=/home/luka/ws_moveit/install/moveit_ros_planning/lib:/home/luka/ws_moveit/install/moveit_ros_occupancy_map_monitor/lib:/home/luka/ws_moveit/install/moveit_core/lib:/home/luka/ws_moveit/install/moveit_msgs/lib:${LD_LIBRARY_PATH} PATH=/home/luka/ws_moveit/install/moveit_core/bin:${PATH} PYTHONPATH=/home/luka/ws_moveit/install/moveit_msgs/lib/python3.12/site-packages:/home/luka/ws_moveit/install/moveit_configs_utils/lib/python3.12/site-packages:${PYTHONPATH} /usr/bin/cmake --build /home/luka/ws_moveit/build/moveit_ros_robot_interaction -- -j4 -l4
[0.112s] [ 15%] Built target gtest_main
[0.140s] [ 23%] [32m[1mLinking CXX shared library libmoveit_robot_interaction.so[0m
[0.150s] [ 38%] Built target gtest
[0.671s] [ 84%] Built target moveit_robot_interaction
[0.713s] [ 92%] [32m[1mLinking CXX executable locked_robot_state_test[0m
[1.162s] [100%] Built target locked_robot_state_test
[1.177s] Invoked command in '/home/luka/ws_moveit/build/moveit_ros_robot_interaction' returned '0': AMENT_PREFIX_PATH=/home/luka/ws_moveit/install/moveit_ros_planning:/home/luka/ws_moveit/install/moveit_ros_occupancy_map_monitor:/home/luka/ws_moveit/install/moveit_core:/home/luka/ws_moveit/install/moveit_resources_panda_moveit_config:/home/luka/ws_moveit/install/moveit_resources_pr2_description:/home/luka/ws_moveit/install/moveit_resources_panda_description:/home/luka/ws_moveit/install/moveit_msgs:/home/luka/ws_moveit/install/moveit_configs_utils:/home/luka/ws_moveit/install/moveit_common:${AMENT_PREFIX_PATH} CMAKE_PREFIX_PATH=/home/luka/ws_moveit/install/moveit_ros_planning:/home/luka/ws_moveit/install/moveit_ros_occupancy_map_monitor:/home/luka/ws_moveit/install/moveit_core:/home/luka/ws_moveit/install/moveit_resources_panda_moveit_config:/home/luka/ws_moveit/install/moveit_resources_pr2_description:/home/luka/ws_moveit/install/moveit_resources_panda_description:/home/luka/ws_moveit/install/moveit_msgs:/home/luka/ws_moveit/install/moveit_common:/opt/ros/jazzy/opt/gz_sim_vendor:/opt/ros/jazzy/opt/gz_sensors_vendor:/opt/ros/jazzy/opt/gz_physics_vendor:/opt/ros/jazzy/opt/sdformat_vendor:/opt/ros/jazzy/opt/gz_gui_vendor:/opt/ros/jazzy/opt/gz_transport_vendor:/opt/ros/jazzy/opt/gz_rendering_vendor:/opt/ros/jazzy/opt/gz_plugin_vendor:/opt/ros/jazzy/opt/gz_fuel_tools_vendor:/opt/ros/jazzy/opt/gz_msgs_vendor:/opt/ros/jazzy/opt/gz_common_vendor:/opt/ros/jazzy/opt/gz_math_vendor:/opt/ros/jazzy/opt/gz_utils_vendor:/opt/ros/jazzy/opt/gz_tools_vendor:/opt/ros/jazzy/opt/gz_ogre_next_vendor:/opt/ros/jazzy/opt/gz_dartsim_vendor:/opt/ros/jazzy/opt/gz_cmake_vendor:/opt/ros/jazzy DEBUGINFOD_URLS=https://debuginfod.ubuntu.com LD_LIBRARY_PATH=/home/luka/ws_moveit/install/moveit_ros_planning/lib:/home/luka/ws_moveit/install/moveit_ros_occupancy_map_monitor/lib:/home/luka/ws_moveit/install/moveit_core/lib:/home/luka/ws_moveit/install/moveit_msgs/lib:${LD_LIBRARY_PATH} PATH=/home/luka/ws_moveit/install/moveit_core/bin:${PATH} PYTHONPATH=/home/luka/ws_moveit/install/moveit_msgs/lib/python3.12/site-packages:/home/luka/ws_moveit/install/moveit_configs_utils/lib/python3.12/site-packages:${PYTHONPATH} /usr/bin/cmake --build /home/luka/ws_moveit/build/moveit_ros_robot_interaction -- -j4 -l4
[1.179s] Invoking command in '/home/luka/ws_moveit/build/moveit_ros_robot_interaction': AMENT_PREFIX_PATH=/home/luka/ws_moveit/install/moveit_ros_planning:/home/luka/ws_moveit/install/moveit_ros_occupancy_map_monitor:/home/luka/ws_moveit/install/moveit_core:/home/luka/ws_moveit/install/moveit_resources_panda_moveit_config:/home/luka/ws_moveit/install/moveit_resources_pr2_description:/home/luka/ws_moveit/install/moveit_resources_panda_description:/home/luka/ws_moveit/install/moveit_msgs:/home/luka/ws_moveit/install/moveit_configs_utils:/home/luka/ws_moveit/install/moveit_common:${AMENT_PREFIX_PATH} CMAKE_PREFIX_PATH=/home/luka/ws_moveit/install/moveit_ros_planning:/home/luka/ws_moveit/install/moveit_ros_occupancy_map_monitor:/home/luka/ws_moveit/install/moveit_core:/home/luka/ws_moveit/install/moveit_resources_panda_moveit_config:/home/luka/ws_moveit/install/moveit_resources_pr2_description:/home/luka/ws_moveit/install/moveit_resources_panda_description:/home/luka/ws_moveit/install/moveit_msgs:/home/luka/ws_moveit/install/moveit_common:/opt/ros/jazzy/opt/gz_sim_vendor:/opt/ros/jazzy/opt/gz_sensors_vendor:/opt/ros/jazzy/opt/gz_physics_vendor:/opt/ros/jazzy/opt/sdformat_vendor:/opt/ros/jazzy/opt/gz_gui_vendor:/opt/ros/jazzy/opt/gz_transport_vendor:/opt/ros/jazzy/opt/gz_rendering_vendor:/opt/ros/jazzy/opt/gz_plugin_vendor:/opt/ros/jazzy/opt/gz_fuel_tools_vendor:/opt/ros/jazzy/opt/gz_msgs_vendor:/opt/ros/jazzy/opt/gz_common_vendor:/opt/ros/jazzy/opt/gz_math_vendor:/opt/ros/jazzy/opt/gz_utils_vendor:/opt/ros/jazzy/opt/gz_tools_vendor:/opt/ros/jazzy/opt/gz_ogre_next_vendor:/opt/ros/jazzy/opt/gz_dartsim_vendor:/opt/ros/jazzy/opt/gz_cmake_vendor:/opt/ros/jazzy DEBUGINFOD_URLS=https://debuginfod.ubuntu.com LD_LIBRARY_PATH=/home/luka/ws_moveit/install/moveit_ros_planning/lib:/home/luka/ws_moveit/install/moveit_ros_occupancy_map_monitor/lib:/home/luka/ws_moveit/install/moveit_core/lib:/home/luka/ws_moveit/install/moveit_msgs/lib:${LD_LIBRARY_PATH} PATH=/home/luka/ws_moveit/install/moveit_core/bin:${PATH} PYTHONPATH=/home/luka/ws_moveit/install/moveit_msgs/lib/python3.12/site-packages:/home/luka/ws_moveit/install/moveit_configs_utils/lib/python3.12/site-packages:${PYTHONPATH} /usr/bin/cmake --install /home/luka/ws_moveit/build/moveit_ros_robot_interaction
[1.190s] -- Install configuration: "Release"
[1.191s] -- Installing: /home/luka/ws_moveit/install/moveit_ros_robot_interaction/lib/libmoveit_robot_interaction.so.2.14.1
[1.192s] -- Set non-toolchain portion of runtime path of "/home/luka/ws_moveit/install/moveit_ros_robot_interaction/lib/libmoveit_robot_interaction.so.2.14.1" to ""
[1.192s] -- Up-to-date: /home/luka/ws_moveit/install/moveit_ros_robot_interaction/lib/libmoveit_robot_interaction.so
[1.192s] -- Up-to-date: /home/luka/ws_moveit/install/moveit_ros_robot_interaction/include/moveit_ros_robot_interaction
[1.193s] -- Up-to-date: /home/luka/ws_moveit/install/moveit_ros_robot_interaction/include/moveit_ros_robot_interaction/moveit
[1.193s] -- Up-to-date: /home/luka/ws_moveit/install/moveit_ros_robot_interaction/include/moveit_ros_robot_interaction/moveit/robot_interaction
[1.193s] -- Up-to-date: /home/luka/ws_moveit/install/moveit_ros_robot_interaction/include/moveit_ros_robot_interaction/moveit/robot_interaction/interactive_marker_helpers.hpp
[1.193s] -- Up-to-date: /home/luka/ws_moveit/install/moveit_ros_robot_interaction/include/moveit_ros_robot_interaction/moveit/robot_interaction/kinematic_options.hpp
[1.194s] -- Up-to-date: /home/luka/ws_moveit/install/moveit_ros_robot_interaction/include/moveit_ros_robot_interaction/moveit/robot_interaction/kinematic_options_map.h
[1.194s] -- Up-to-date: /home/luka/ws_moveit/install/moveit_ros_robot_interaction/include/moveit_ros_robot_interaction/moveit/robot_interaction/kinematic_options.h
[1.194s] -- Up-to-date: /home/luka/ws_moveit/install/moveit_ros_robot_interaction/include/moveit_ros_robot_interaction/moveit/robot_interaction/interaction.hpp
[1.194s] -- Up-to-date: /home/luka/ws_moveit/install/moveit_ros_robot_interaction/include/moveit_ros_robot_interaction/moveit/robot_interaction/interaction_handler.hpp
[1.194s] -- Up-to-date: /home/luka/ws_moveit/install/moveit_ros_robot_interaction/include/moveit_ros_robot_interaction/moveit/robot_interaction/interaction.h
[1.195s] -- Up-to-date: /home/luka/ws_moveit/install/moveit_ros_robot_interaction/include/moveit_ros_robot_interaction/moveit/robot_interaction/kinematic_options_map.hpp
[1.195s] -- Up-to-date: /home/luka/ws_moveit/install/moveit_ros_robot_interaction/include/moveit_ros_robot_interaction/moveit/robot_interaction/robot_interaction.h
[1.195s] -- Up-to-date: /home/luka/ws_moveit/install/moveit_ros_robot_interaction/include/moveit_ros_robot_interaction/moveit/robot_interaction/locked_robot_state.hpp
[1.195s] -- Up-to-date: /home/luka/ws_moveit/install/moveit_ros_robot_interaction/include/moveit_ros_robot_interaction/moveit/robot_interaction/interaction_handler.h
[1.195s] -- Up-to-date: /home/luka/ws_moveit/install/moveit_ros_robot_interaction/include/moveit_ros_robot_interaction/moveit/robot_interaction/robot_interaction.hpp
[1.195s] -- Up-to-date: /home/luka/ws_moveit/install/moveit_ros_robot_interaction/include/moveit_ros_robot_interaction/moveit/robot_interaction/locked_robot_state.h
[1.196s] -- Up-to-date: /home/luka/ws_moveit/install/moveit_ros_robot_interaction/include/moveit_ros_robot_interaction/moveit/robot_interaction/interactive_marker_helpers.h
[1.196s] -- Up-to-date: /home/luka/ws_moveit/install/moveit_ros_robot_interaction/include/moveit_ros_robot_interaction/moveit_robot_interaction_export.h
[1.196s] -- Up-to-date: /home/luka/ws_moveit/install/moveit_ros_robot_interaction/share/moveit_ros_robot_interaction/resources
[1.196s] -- Up-to-date: /home/luka/ws_moveit/install/moveit_ros_robot_interaction/share/moveit_ros_robot_interaction/resources/access-denied.stl
[1.196s] -- Up-to-date: /home/luka/ws_moveit/install/moveit_ros_robot_interaction/share/moveit_ros_robot_interaction/resources/access-denied.dae
[1.197s] -- Up-to-date: /home/luka/ws_moveit/install/moveit_ros_robot_interaction/share/moveit_ros_robot_interaction/environment/library_path.sh
[1.197s] -- Up-to-date: /home/luka/ws_moveit/install/moveit_ros_robot_interaction/share/moveit_ros_robot_interaction/environment/library_path.dsv
[1.197s] -- Up-to-date: /home/luka/ws_moveit/install/moveit_ros_robot_interaction/share/ament_index/resource_index/package_run_dependencies/moveit_ros_robot_interaction
[1.197s] -- Up-to-date: /home/luka/ws_moveit/install/moveit_ros_robot_interaction/share/ament_index/resource_index/parent_prefix_path/moveit_ros_robot_interaction
[1.197s] -- Up-to-date: /home/luka/ws_moveit/install/moveit_ros_robot_interaction/share/moveit_ros_robot_interaction/environment/ament_prefix_path.sh
[1.197s] -- Up-to-date: /home/luka/ws_moveit/install/moveit_ros_robot_interaction/share/moveit_ros_robot_interaction/environment/ament_prefix_path.dsv
[1.198s] -- Up-to-date: /home/luka/ws_moveit/install/moveit_ros_robot_interaction/share/moveit_ros_robot_interaction/environment/path.sh
[1.198s] -- Up-to-date: /home/luka/ws_moveit/install/moveit_ros_robot_interaction/share/moveit_ros_robot_interaction/environment/path.dsv
[1.198s] -- Up-to-date: /home/luka/ws_moveit/install/moveit_ros_robot_interaction/share/moveit_ros_robot_interaction/local_setup.bash
[1.198s] -- Up-to-date: /home/luka/ws_moveit/install/moveit_ros_robot_interaction/share/moveit_ros_robot_interaction/local_setup.sh
[1.198s] -- Up-to-date: /home/luka/ws_moveit/install/moveit_ros_robot_interaction/share/moveit_ros_robot_interaction/local_setup.zsh
[1.198s] -- Up-to-date: /home/luka/ws_moveit/install/moveit_ros_robot_interaction/share/moveit_ros_robot_interaction/local_setup.dsv
[1.198s] -- Installing: /home/luka/ws_moveit/install/moveit_ros_robot_interaction/share/moveit_ros_robot_interaction/package.dsv
[1.199s] -- Up-to-date: /home/luka/ws_moveit/install/moveit_ros_robot_interaction/share/ament_index/resource_index/packages/moveit_ros_robot_interaction
[1.199s] -- Up-to-date: /home/luka/ws_moveit/install/moveit_ros_robot_interaction/share/moveit_ros_robot_interaction/cmake/moveit_ros_robot_interactionTargetsExport.cmake
[1.199s] -- Up-to-date: /home/luka/ws_moveit/install/moveit_ros_robot_interaction/share/moveit_ros_robot_interaction/cmake/moveit_ros_robot_interactionTargetsExport-release.cmake
[1.199s] -- Up-to-date: /home/luka/ws_moveit/install/moveit_ros_robot_interaction/share/moveit_ros_robot_interaction/cmake/ament_cmake_export_targets-extras.cmake
[1.199s] -- Up-to-date: /home/luka/ws_moveit/install/moveit_ros_robot_interaction/share/moveit_ros_robot_interaction/cmake/ament_cmake_export_dependencies-extras.cmake
[1.199s] -- Up-to-date: /home/luka/ws_moveit/install/moveit_ros_robot_interaction/share/moveit_ros_robot_interaction/cmake/moveit_ros_robot_interactionConfig.cmake
[1.199s] -- Up-to-date: /home/luka/ws_moveit/install/moveit_ros_robot_interaction/share/moveit_ros_robot_interaction/cmake/moveit_ros_robot_interactionConfig-version.cmake
[1.200s] -- Up-to-date: /home/luka/ws_moveit/install/moveit_ros_robot_interaction/share/moveit_ros_robot_interaction/package.xml
[1.201s] Invoked command in '/home/luka/ws_moveit/build/moveit_ros_robot_interaction' returned '0': AMENT_PREFIX_PATH=/home/luka/ws_moveit/install/moveit_ros_planning:/home/luka/ws_moveit/install/moveit_ros_occupancy_map_monitor:/home/luka/ws_moveit/install/moveit_core:/home/luka/ws_moveit/install/moveit_resources_panda_moveit_config:/home/luka/ws_moveit/install/moveit_resources_pr2_description:/home/luka/ws_moveit/install/moveit_resources_panda_description:/home/luka/ws_moveit/install/moveit_msgs:/home/luka/ws_moveit/install/moveit_configs_utils:/home/luka/ws_moveit/install/moveit_common:${AMENT_PREFIX_PATH} CMAKE_PREFIX_PATH=/home/luka/ws_moveit/install/moveit_ros_planning:/home/luka/ws_moveit/install/moveit_ros_occupancy_map_monitor:/home/luka/ws_moveit/install/moveit_core:/home/luka/ws_moveit/install/moveit_resources_panda_moveit_config:/home/luka/ws_moveit/install/moveit_resources_pr2_description:/home/luka/ws_moveit/install/moveit_resources_panda_description:/home/luka/ws_moveit/install/moveit_msgs:/home/luka/ws_moveit/install/moveit_common:/opt/ros/jazzy/opt/gz_sim_vendor:/opt/ros/jazzy/opt/gz_sensors_vendor:/opt/ros/jazzy/opt/gz_physics_vendor:/opt/ros/jazzy/opt/sdformat_vendor:/opt/ros/jazzy/opt/gz_gui_vendor:/opt/ros/jazzy/opt/gz_transport_vendor:/opt/ros/jazzy/opt/gz_rendering_vendor:/opt/ros/jazzy/opt/gz_plugin_vendor:/opt/ros/jazzy/opt/gz_fuel_tools_vendor:/opt/ros/jazzy/opt/gz_msgs_vendor:/opt/ros/jazzy/opt/gz_common_vendor:/opt/ros/jazzy/opt/gz_math_vendor:/opt/ros/jazzy/opt/gz_utils_vendor:/opt/ros/jazzy/opt/gz_tools_vendor:/opt/ros/jazzy/opt/gz_ogre_next_vendor:/opt/ros/jazzy/opt/gz_dartsim_vendor:/opt/ros/jazzy/opt/gz_cmake_vendor:/opt/ros/jazzy DEBUGINFOD_URLS=https://debuginfod.ubuntu.com LD_LIBRARY_PATH=/home/luka/ws_moveit/install/moveit_ros_planning/lib:/home/luka/ws_moveit/install/moveit_ros_occupancy_map_monitor/lib:/home/luka/ws_moveit/install/moveit_core/lib:/home/luka/ws_moveit/install/moveit_msgs/lib:${LD_LIBRARY_PATH} PATH=/home/luka/ws_moveit/install/moveit_core/bin:${PATH} PYTHONPATH=/home/luka/ws_moveit/install/moveit_msgs/lib/python3.12/site-packages:/home/luka/ws_moveit/install/moveit_configs_utils/lib/python3.12/site-packages:${PYTHONPATH} /usr/bin/cmake --install /home/luka/ws_moveit/build/moveit_ros_robot_interaction
