[0.052s] Invoking command in '/home/luka/ws_moveit/build/robot_description': CMAKE_PREFIX_PATH=${CMAKE_PREFIX_PATH}:/home/luka/ws_moveit/install/hello_moveit_py:/home/luka/ws_moveit/install/moveit_configs_utils:/opt/ros/jazzy DEBUGINFOD_URLS=https://debuginfod.ubuntu.com /usr/bin/cmake /home/luka/ws_moveit/src/robot_description -DCMAKE_INSTALL_PREFIX=/home/luka/ws_moveit/install/robot_description
[0.175s] -- The C compiler identification is GNU 13.3.0
[0.280s] -- The CXX compiler identification is GNU 13.3.0
[0.317s] -- Detecting C compiler ABI info
[0.511s] -- Detecting C compiler ABI info - done
[0.527s] -- Check for working C compiler: /usr/bin/cc - skipped
[0.528s] -- Detecting C compile features
[0.529s] -- Detecting C compile features - done
[0.550s] -- Detecting CXX compiler ABI info
[0.762s] -- Detecting CXX compiler ABI info - done
[0.784s] -- Check for working CXX compiler: /usr/bin/c++ - skipped
[0.784s] -- Detecting CXX compile features
[0.785s] -- Detecting CXX compile features - done
[0.819s] -- Found ament_cmake: 2.5.4 (/opt/ros/jazzy/share/ament_cmake/cmake)
[1.277s] -- Found Python3: /usr/bin/python3 (found version "3.12.3") found components: Interpreter 
[1.689s] -- Found urdf: 2.10.0 (/opt/ros/jazzy/share/urdf/cmake)
[1.835s] -- Found TinyXML2 via Config file: /usr/lib/x86_64-linux-gnu/cmake/tinyxml2
[2.034s] -- Configuring done (2.0s)
[2.040s] -- Generating done (0.0s)
[2.041s] -- Build files have been written to: /home/luka/ws_moveit/build/robot_description
[2.050s] Invoked command in '/home/luka/ws_moveit/build/robot_description' returned '0': CMAKE_PREFIX_PATH=${CMAKE_PREFIX_PATH}:/home/luka/ws_moveit/install/hello_moveit_py:/home/luka/ws_moveit/install/moveit_configs_utils:/opt/ros/jazzy DEBUGINFOD_URLS=https://debuginfod.ubuntu.com /usr/bin/cmake /home/luka/ws_moveit/src/robot_description -DCMAKE_INSTALL_PREFIX=/home/luka/ws_moveit/install/robot_description
[2.052s] Invoking command in '/home/luka/ws_moveit/build/robot_description': CMAKE_PREFIX_PATH=${CMAKE_PREFIX_PATH}:/home/luka/ws_moveit/install/hello_moveit_py:/home/luka/ws_moveit/install/moveit_configs_utils:/opt/ros/jazzy DEBUGINFOD_URLS=https://debuginfod.ubuntu.com /usr/bin/cmake --build /home/luka/ws_moveit/build/robot_description -- -j4 -l4
[2.137s] Invoked command in '/home/luka/ws_moveit/build/robot_description' returned '0': CMAKE_PREFIX_PATH=${CMAKE_PREFIX_PATH}:/home/luka/ws_moveit/install/hello_moveit_py:/home/luka/ws_moveit/install/moveit_configs_utils:/opt/ros/jazzy DEBUGINFOD_URLS=https://debuginfod.ubuntu.com /usr/bin/cmake --build /home/luka/ws_moveit/build/robot_description -- -j4 -l4
[2.139s] Invoking command in '/home/luka/ws_moveit/build/robot_description': CMAKE_PREFIX_PATH=${CMAKE_PREFIX_PATH}:/home/luka/ws_moveit/install/hello_moveit_py:/home/luka/ws_moveit/install/moveit_configs_utils:/opt/ros/jazzy DEBUGINFOD_URLS=https://debuginfod.ubuntu.com /usr/bin/cmake --install /home/luka/ws_moveit/build/robot_description
[2.161s] -- Install configuration: ""
[2.161s] -- Installing: /home/luka/ws_moveit/install/robot_description/share/robot_description/meshes
[2.161s] -- Installing: /home/luka/ws_moveit/install/robot_description/share/robot_description/meshes/visual
[2.161s] -- Installing: /home/luka/ws_moveit/install/robot_description/share/robot_description/meshes/visual/hand.dae
[2.162s] -- Installing: /home/luka/ws_moveit/install/robot_description/share/robot_description/meshes/visual/link3.dae
[2.163s] -- Installing: /home/luka/ws_moveit/install/robot_description/share/robot_description/meshes/visual/link2.dae
[2.165s] -- Installing: /home/luka/ws_moveit/install/robot_description/share/robot_description/meshes/visual/link5.dae
[2.166s] -- Installing: /home/luka/ws_moveit/install/robot_description/share/robot_description/meshes/visual/link7.dae
[2.168s] -- Installing: /home/luka/ws_moveit/install/robot_description/share/robot_description/meshes/visual/camera.dae
[2.168s] -- Installing: /home/luka/ws_moveit/install/robot_description/share/robot_description/meshes/visual/link4.dae
[2.169s] -- Installing: /home/luka/ws_moveit/install/robot_description/share/robot_description/meshes/visual/finger.dae
[2.169s] -- Installing: /home/luka/ws_moveit/install/robot_description/share/robot_description/meshes/visual/finger_old.dae
[2.170s] -- Installing: /home/luka/ws_moveit/install/robot_description/share/robot_description/meshes/visual/link0.dae
[2.172s] -- Installing: /home/luka/ws_moveit/install/robot_description/share/robot_description/meshes/visual/link6.dae
[2.174s] -- Installing: /home/luka/ws_moveit/install/robot_description/share/robot_description/meshes/visual/link1.dae
[2.175s] -- Installing: /home/luka/ws_moveit/install/robot_description/share/robot_description/meshes/collision
[2.175s] -- Installing: /home/luka/ws_moveit/install/robot_description/share/robot_description/meshes/collision/camera.stl
[2.176s] -- Installing: /home/luka/ws_moveit/install/robot_description/share/robot_description/meshes/collision/link4.stl
[2.176s] -- Installing: /home/luka/ws_moveit/install/robot_description/share/robot_description/meshes/collision/link2.stl
[2.176s] -- Installing: /home/luka/ws_moveit/install/robot_description/share/robot_description/meshes/collision/link1.stl
[2.176s] -- Installing: /home/luka/ws_moveit/install/robot_description/share/robot_description/meshes/collision/link0.stl
[2.176s] -- Installing: /home/luka/ws_moveit/install/robot_description/share/robot_description/meshes/collision/finger.stl
[2.177s] -- Installing: /home/luka/ws_moveit/install/robot_description/share/robot_description/meshes/collision/link6.stl
[2.177s] -- Installing: /home/luka/ws_moveit/install/robot_description/share/robot_description/meshes/collision/link5.stl
[2.177s] -- Installing: /home/luka/ws_moveit/install/robot_description/share/robot_description/meshes/collision/finger_old.stl
[2.177s] -- Installing: /home/luka/ws_moveit/install/robot_description/share/robot_description/meshes/collision/link7.stl
[2.177s] -- Installing: /home/luka/ws_moveit/install/robot_description/share/robot_description/meshes/collision/link3.stl
[2.177s] -- Installing: /home/luka/ws_moveit/install/robot_description/share/robot_description/meshes/collision/hand.stl
[2.178s] -- Installing: /home/luka/ws_moveit/install/robot_description/share/robot_description/urdf
[2.178s] -- Installing: /home/luka/ws_moveit/install/robot_description/share/robot_description/urdf/panda.urdf
[2.178s] -- Installing: /home/luka/ws_moveit/install/robot_description/share/robot_description/urdf/camera
[2.178s] -- Installing: /home/luka/ws_moveit/install/robot_description/share/robot_description/urdf/camera/camera.xacro
[2.178s] -- Installing: /home/luka/ws_moveit/install/robot_description/share/robot_description/urdf/camera/camera.gazebo
[2.178s] -- Installing: /home/luka/ws_moveit/install/robot_description/share/robot_description/config
[2.179s] -- Installing: /home/luka/ws_moveit/install/robot_description/share/robot_description/config/initial_positions.yaml
[2.179s] -- Installing: /home/luka/ws_moveit/install/robot_description/share/ament_index/resource_index/package_run_dependencies/robot_description
[2.179s] -- Installing: /home/luka/ws_moveit/install/robot_description/share/ament_index/resource_index/parent_prefix_path/robot_description
[2.179s] -- Installing: /home/luka/ws_moveit/install/robot_description/share/robot_description/environment/ament_prefix_path.sh
[2.179s] -- Installing: /home/luka/ws_moveit/install/robot_description/share/robot_description/environment/ament_prefix_path.dsv
[2.179s] -- Installing: /home/luka/ws_moveit/install/robot_description/share/robot_description/environment/path.sh
[2.180s] -- Installing: /home/luka/ws_moveit/install/robot_description/share/robot_description/environment/path.dsv
[2.180s] -- Installing: /home/luka/ws_moveit/install/robot_description/share/robot_description/local_setup.bash
[2.180s] -- Installing: /home/luka/ws_moveit/install/robot_description/share/robot_description/local_setup.sh
[2.180s] -- Installing: /home/luka/ws_moveit/install/robot_description/share/robot_description/local_setup.zsh
[2.180s] -- Installing: /home/luka/ws_moveit/install/robot_description/share/robot_description/local_setup.dsv
[2.181s] -- Installing: /home/luka/ws_moveit/install/robot_description/share/robot_description/package.dsv
[2.181s] -- Installing: /home/luka/ws_moveit/install/robot_description/share/ament_index/resource_index/packages/robot_description
[2.181s] -- Installing: /home/luka/ws_moveit/install/robot_description/share/robot_description/cmake/robot_descriptionConfig.cmake
[2.181s] -- Installing: /home/luka/ws_moveit/install/robot_description/share/robot_description/cmake/robot_descriptionConfig-version.cmake
[2.181s] -- Installing: /home/luka/ws_moveit/install/robot_description/share/robot_description/package.xml
[2.185s] Invoked command in '/home/luka/ws_moveit/build/robot_description' returned '0': CMAKE_PREFIX_PATH=${CMAKE_PREFIX_PATH}:/home/luka/ws_moveit/install/hello_moveit_py:/home/luka/ws_moveit/install/moveit_configs_utils:/opt/ros/jazzy DEBUGINFOD_URLS=https://debuginfod.ubuntu.com /usr/bin/cmake --install /home/luka/ws_moveit/build/robot_description
